**** USING NUMBA ****

PyORBIT v10.0.1

Python version in use:
3.9.15 (main, Nov 24 2022, 14:31:59) 
[GCC 11.2.0]
 LaTeX disabled by default
Using orbital model:  circular
Using orbital parametrization:  Eastman2013
Time of inferior conjunction replacing mean longitude as a free parameter:  True

Using orbital model:  keplerian
Using orbital parametrization:  Eastman2013
Time of inferior conjunction replacing mean longitude as a free parameter:  True


emcee version:  3.1.3

 Reference Time Tref: 59200.0

 Dimensions = 29
 Nwalkers = 116

 Steps: 50000


 LN posterior:  -470.117620      -4.983192     3.960928 (15-84 p) 

 Median log_priors     = -125.24389547097933
 Median log_likelihood = -332.3670341476637

 Median BIC  (using likelihood) = 821.8009799592555
 Median AIC  (using likelihood) = 722.7340682953273
 Median AICc (using likelihood) = 731.6571452184043

 Median BIC  (using posterior)  = 1072.2887709012143
 Median AIC  (using posterior)  = 973.221859237286
 Median AICc (using posterior)  = 982.1449361603629

 MAP log_priors     = -126.39364160594039
 MAP log_likelihood = -331.576415002889

 MAP BIC  (using likelihood) = 820.2197416697062
 MAP AIC  (using likelihood) = 721.152830005778
 MAP AICc (using likelihood) = 730.0759069288549

 MAP BIC  (using posterior)  = 1073.0070248815869
 MAP AIC  (using posterior)  = 973.9401132176588
 MAP AICc (using posterior)  = 982.8631901407357

 AICc suggested over AIC because NDATA ( 225 ) < 40 * NDIM ( 29 )

****************************************************************************************************


Computing the autocorrelation time of the chains

***** WARNING ******
The integrated autocorrelation time cannot be reliably estimated
likely the chains are too short, and ACF analysis is not fully reliable
emcee.autocorr.integrated_time tolerance lowered to 20
If you still get a warning, you should drop these results entirely
Chains too short to apply convergence criteria
They should be at least 2100*nthin = 210000


====================================================================================================
     Ids, spaces (s), boundaries (b) and priors (p) of the sampler parameters     
====================================================================================================

----- dataset:  RVdata
jitter_1      id:  11  s:Linear      b:[      0.0120,    1088.3783]   p:Uniform   []
jitter_0      id:  12  s:Linear      b:[      0.0120,    1088.3783]   p:Uniform   []
offset_0      id:  13  s:Linear      b:[ -13430.6237,    6632.5000]   p:Uniform   []
offset_1      id:  14  s:Linear      b:[ -13430.6237,    6632.5000]   p:Uniform   []

----- dataset: RVdata                    ----- model: gp_quasiperiodic_cosine       
Camp          id:  15  s:Linear      b:[      0.0000, 1000000.0000]   p:Uniform   []
Hamp          id:  16  s:Linear      b:[      0.0000,     100.0000]   p:Uniform   []

----- dataset:  BISdata
jitter_1      id:  17  s:Linear      b:[      0.0240,    2176.7566]   p:Uniform   []
jitter_0      id:  18  s:Linear      b:[      0.0240,    2176.7566]   p:Uniform   []
offset_0      id:  19  s:Linear      b:[  -9995.0909,   10059.6000]   p:Uniform   []
offset_1      id:  20  s:Linear      b:[  -9995.0909,   10059.6000]   p:Uniform   []

----- dataset: BISdata                   ----- model: gp_quasiperiodic_cosine       
Camp          id:  21  s:Linear      b:[      0.0000, 1000000.0000]   p:Uniform   []
Hamp          id:  22  s:Linear      b:[      0.0000,     100.0000]   p:Uniform   []

----- dataset:  Sdata
jitter_1      id:  23  s:Linear      b:[      0.0000,       2.7200]   p:Uniform   []
jitter_0      id:  24  s:Linear      b:[      0.0000,       2.7200]   p:Uniform   []
offset_0      id:  25  s:Linear      b:[  -9999.3978,   10001.2170]   p:Uniform   []
offset_1      id:  26  s:Linear      b:[  -9999.3978,   10001.2170]   p:Uniform   []

----- dataset: Sdata                     ----- model: gp_quasiperiodic_cosine       
Camp          id:  27  s:Linear      b:[      0.0000, 1000000.0000]   p:Uniform   []
Hamp          id:  28  s:Linear      b:[      0.0000,     100.0000]   p:Uniform   []

----- common model:  b
Tc            id:   0  s:Linear      b:[  57744.0000,   57744.1000]   p:Gaussian   [5.77440715e+04 1.03000000e-04]
P             id:   1  s:Linear      b:[      0.2750,       0.2850]   p:Gaussian   [2.80324956e-01 6.70000000e-08]
K             id:   2  s:Linear      b:[      0.0010,      20.0000]   p:Uniform   []
e             derived (no id, space, bound)                           p:None   []
omega         derived (no id, space, bound)                           p:None   []

----- common model:  c
Tc            id:   3  s:Linear      b:[  58371.0000,   58371.1000]   p:Gaussian   [5.83710742e+04 6.52000000e-04]
sre_coso      id:   4  s:Linear      b:[     -1.0000,       1.0000]   p:Uniform   []
P             id:   5  s:Linear      b:[      7.7000,       7.8000]   p:Gaussian   [7.7489943e+00 1.4900000e-05]
K             id:   6  s:Linear      b:[      0.0010,      20.0000]   p:Uniform   []
sre_sino      id:   7  s:Linear      b:[     -1.0000,       1.0000]   p:Uniform   []
e             derived (no id, space, bound)                           p:Gaussian   [0.    0.098]
omega         derived (no id, space, bound)                           p:Uniform   [0.0, 360.0]

----- common model:  activity
Oamp          id:   8  s:Log_Base2   b:[     -9.9658,       0.0000]   p:Uniform   []
Prot          id:   9  s:Linear      b:[     10.0000,      20.0000]   p:Uniform   []
Pdec          id:  10  s:Linear      b:[     20.0000,    1000.0000]   p:Uniform   []

----- common model:  star_parameters
mass          derived (no id, space, bound)                           p:Gaussian   [0.708 0.028]
radius        derived (no id, space, bound)                           p:Gaussian   [0.681 0.018]
density       derived (no id, space, bound)                           p:Gaussian   [2.65 0.08]


****************************************************************************************************
****************************************************************************************************

 Confidence intervals (median value, 34.135th percentile from the median on the left and right side)

====================================================================================================
     Statistics on the posterior of the sampler parameters     
====================================================================================================

----- dataset:  RVdata
jitter_1        11          1.17        -0.68         0.72   (15-84 p)   [    0.0120,  1088.3783]
jitter_0        12          0.78        -0.52         0.71   (15-84 p)   [    0.0120,  1088.3783]
offset_0        13       -3409.1         -6.3          6.3   (15-84 p)   [-13430.6237,  6632.5000]
offset_1        14       -3381.2         -6.6          6.5   (15-84 p)   [-13430.6237,  6632.5000]

----- dataset: RVdata                    ----- model: gp_quasiperiodic_cosine       
Camp            15           9.7         -5.7          7.5   (15-84 p)   [    0.0000, 1000000.0000]
Hamp            16          14.3         -4.1          5.6   (15-84 p)   [    0.0000,   100.0000]

----- dataset:  BISdata
jitter_1        17           2.1         -1.3          1.3   (15-84 p)   [    0.0240,  2176.7566]
jitter_0        18          0.93        -0.63         0.93   (15-84 p)   [    0.0240,  2176.7566]
offset_0        19          21.5         -3.7          3.5   (15-84 p)   [-9995.0909, 10059.6000]
offset_1        20          47.7         -4.1          3.7   (15-84 p)   [-9995.0909, 10059.6000]

----- dataset: BISdata                   ----- model: gp_quasiperiodic_cosine       
Camp            21           6.0         -3.1          4.1   (15-84 p)   [    0.0000, 1000000.0000]
Hamp            22           7.1         -2.1          3.1   (15-84 p)   [    0.0000,   100.0000]

----- dataset:  Sdata
jitter_1        23        0.0519      -0.0083        0.011   (15-84 p)   [    0.0000,     2.7200]
jitter_0        24        0.0368      -0.0049       0.0060   (15-84 p)   [    0.0000,     2.7200]
offset_0        25         0.866       -0.021        0.020   (15-84 p)   [-9999.3978, 10001.2170]
offset_1        26         0.905       -0.025        0.024   (15-84 p)   [-9999.3978, 10001.2170]

----- dataset: Sdata                     ----- model: gp_quasiperiodic_cosine       
Camp            27         0.019       -0.013        0.018   (15-84 p)   [    0.0000, 1000000.0000]
Hamp            28         0.042       -0.011        0.016   (15-84 p)   [    0.0000,   100.0000]

----- common model:  b
Tc               0   57744.07151     -0.00010      0.00011   (15-84 p)   [57744.0000, 57744.1000]
P                1   0.280324955 -0.000000067  0.000000068   (15-84 p)   [    0.2750,     0.2850]
K                2          6.24        -0.42         0.42   (15-84 p)   [    0.0010,    20.0000]

----- common model:  c
Tc               3   58371.07415     -0.00065      0.00066   (15-84 p)   [58371.0000, 58371.1000]
sre_coso         4         -0.06        -0.22         0.23   (15-84 p)   [   -1.0000,     1.0000]
P                5      7.748995    -0.000015     0.000015   (15-84 p)   [    7.7000,     7.8000]
K                6           3.1         -2.2          3.5   (15-84 p)   [    0.0010,    20.0000]
sre_sino         7          0.04        -0.21         0.20   (15-84 p)   [   -1.0000,     1.0000]

----- common model:  activity
Oamp             8         -1.19        -0.28         0.30   (15-84 p)   [   -9.9658,     0.0000]
Prot             9         14.53        -0.28         0.24   (15-84 p)   [   10.0000,    20.0000]
Pdec            10          34.9         -4.5          9.7   (15-84 p)   [   20.0000,  1000.0000]

----- common model:  star_parameters

====================================================================================================
     Statistics on the model parameters obtained from the posteriors samples     
====================================================================================================

----- dataset:  RVdata
jitter_1                  1.17        -0.68         0.72    (15-84 p)
jitter_0                  0.78        -0.52         0.71    (15-84 p)
offset_0               -3409.1         -6.3          6.3    (15-84 p)
offset_1               -3381.2         -6.6          6.5    (15-84 p)


----- dataset: RVdata                    ----- model: gp_quasiperiodic_cosine       
Hamp                      14.3         -4.1          5.6    (15-84 p)
Camp                       9.7         -5.7          7.5    (15-84 p)

----- dataset:  BISdata
jitter_1                   2.1         -1.3          1.3    (15-84 p)
jitter_0                  0.93        -0.63         0.93    (15-84 p)
offset_0                  21.5         -3.7          3.5    (15-84 p)
offset_1                  47.7         -4.1          3.7    (15-84 p)


----- dataset: BISdata                   ----- model: gp_quasiperiodic_cosine       
Hamp                       7.1         -2.1          3.1    (15-84 p)
Camp                       6.0         -3.1          4.1    (15-84 p)

----- dataset:  Sdata
jitter_1                0.0519      -0.0083        0.011    (15-84 p)
jitter_0                0.0368      -0.0049       0.0060    (15-84 p)
offset_0                 0.866       -0.021        0.020    (15-84 p)
offset_1                 0.905       -0.025        0.024    (15-84 p)


----- dataset: Sdata                     ----- model: gp_quasiperiodic_cosine       
Hamp                     0.042       -0.011        0.016    (15-84 p)
Camp                     0.019       -0.013        0.018    (15-84 p)

----- common model:  b
Tc                 57744.07151     -0.00010      0.00011    (15-84 p)
e                         0.00                              [fixed]
omega                90.000000                              [fixed]
P                  0.280324955 -0.000000067  0.000000068    (15-84 p)
K                         6.24        -0.42         0.42    (15-84 p)

----- common model:  c
Tc                 58371.07415     -0.00065      0.00066    (15-84 p)
P                     7.748995    -0.000015     0.000015    (15-84 p)
K                          3.1         -2.2          3.5    (15-84 p)
e                        0.073       -0.051        0.077    (15-84 p)
omega                      161          -94          116    (15-84 p)

----- common model:  activity
Oamp                     0.440       -0.078         0.10    (15-84 p)
Prot                     14.53        -0.28         0.24    (15-84 p)
Pdec                      34.9         -4.5          9.7    (15-84 p)

----- common model:  star_parameters

====================================================================================================
     Statistics on the derived parameters obtained from the posteriors samples     
====================================================================================================

----- common model:  b
Inclination fixed to 90 deg!
Computing planetary mass under the approximation M_planet << M_star (threshold at 30.0 Me)
a_Rs                     2.358       -0.068        0.071    (15-84 p)
M_Mj                    0.0160      -0.0011       0.0012    (15-84 p)
M_Me                      5.07        -0.36         0.37    (15-84 p)
mean_long               348.13        -0.47         0.46    (15-84 p)
a_AU_(M)              0.007471    -0.000099     0.000098    (15-84 p)
a_AU_(rho,R)          0.007471    -0.000099     0.000098    (15-84 p)

----- common model:  c
Inclination fixed to 90 deg!
Computing planetary mass under the approximation M_planet << M_star (threshold at 30.0 Me)
a_Rs                     21.56        -0.62         0.66    (15-84 p)
M_Mj                     0.024       -0.017        0.027    (15-84 p)
M_Me                       7.5         -5.3          8.6    (15-84 p)
mean_long                 81.2         -6.0          9.3    (15-84 p)
a_AU_(M)               0.06830     -0.00092      0.00089    (15-84 p)
a_AU_(rho,R)           0.06830     -0.00092      0.00089    (15-84 p)


====================================================================================================
     ------------------------------------------------------------------------------------------     
====================================================================================================



****************************************************************************************************

 Parameters corresponding to the Maximum a Posteriori probability ( -457.9700566088294 )

====================================================================================================
     Statistics on the posterior of the sampler parameters     
====================================================================================================

----- dataset:  RVdata
jitter_1        11      1.314635 [    0.0120,  1088.3783]
jitter_0        12      0.664972 [    0.0120,  1088.3783]
offset_0        13  -3406.347155 [-13430.6237,  6632.5000]
offset_1        14  -3378.554532 [-13430.6237,  6632.5000]

----- dataset: RVdata                    ----- model: gp_quasiperiodic_cosine       
Camp            15      7.143440 [    0.0000, 1000000.0000]
Hamp            16     11.658531 [    0.0000,   100.0000]

----- dataset:  BISdata
jitter_1        17      0.989645 [    0.0240,  2176.7566]
jitter_0        18      0.668206 [    0.0240,  2176.7566]
offset_0        19     24.290773 [-9995.0909, 10059.6000]
offset_1        20     51.429360 [-9995.0909, 10059.6000]

----- dataset: BISdata                   ----- model: gp_quasiperiodic_cosine       
Camp            21      5.136662 [    0.0000, 1000000.0000]
Hamp            22      4.593272 [    0.0000,   100.0000]

----- dataset:  Sdata
jitter_1        23      0.052376 [    0.0000,     2.7200]
jitter_0        24      0.034354 [    0.0000,     2.7200]
offset_0        25      0.881163 [-9999.3978, 10001.2170]
offset_1        26      0.923765 [-9999.3978, 10001.2170]

----- dataset: Sdata                     ----- model: gp_quasiperiodic_cosine       
Camp            27      0.019761 [    0.0000, 1000000.0000]
Hamp            28      0.025469 [    0.0000,   100.0000]

----- common model:  b
Tc               0  57744.071542 [57744.0000, 57744.1000]
P                1      0.280325 [    0.2750,     0.2850]
K                2      6.203614 [    0.0010,    20.0000]

----- common model:  c
Tc               3  58371.073901 [58371.0000, 58371.1000]
sre_coso         4     -0.354151 [   -1.0000,     1.0000]
P                5      7.748990 [    7.7000,     7.8000]
K                6      2.967425 [    0.0010,    20.0000]
sre_sino         7      0.017380 [   -1.0000,     1.0000]

----- common model:  activity
Oamp             8     -1.387789 [   -9.9658,     0.0000]
Prot             9     14.415473 [   10.0000,    20.0000]
Pdec            10     30.041978 [   20.0000,  1000.0000]

----- common model:  star_parameters

====================================================================================================
     Statistics on the model parameters obtained from the posteriors samples     
====================================================================================================

----- dataset:  RVdata
jitter_1              1.314635 
jitter_0              0.664972 
offset_0          -3406.347155 
offset_1          -3378.554532 


----- dataset: RVdata                    ----- model: gp_quasiperiodic_cosine       
Hamp                 11.658531 
Camp                  7.143440 

----- dataset:  BISdata
jitter_1              0.989645 
jitter_0              0.668206 
offset_0             24.290773 
offset_1             51.429360 


----- dataset: BISdata                   ----- model: gp_quasiperiodic_cosine       
Hamp                  4.593272 
Camp                  5.136662 

----- dataset:  Sdata
jitter_1              0.052376 
jitter_0              0.034354 
offset_0              0.881163 
offset_1              0.923765 


----- dataset: Sdata                     ----- model: gp_quasiperiodic_cosine       
Hamp                  0.025469 
Camp                  0.019761 

----- common model:  b
Tc                57744.071542 
e                         0.00 
omega                90.000000 
P                     0.280325 
K                     6.203614 

----- common model:  c
Tc                58371.073901 
P                     7.748990 
K                     2.967425 
e                     0.125725 
omega               177.190446 

----- common model:  activity
Oamp                  0.382150 
Prot                 14.415473 
Pdec                 30.041978 

----- common model:  star_parameters

====================================================================================================
     Statistics on the derived parameters obtained from the posteriors samples     
====================================================================================================

----- common model:  b
Inclination fixed to 90 deg!
a_Rs                  2.362573 
M_Mj                  0.015063 
M_Me                  4.788548 
mean_long           348.329653 
a_AU_(M)              0.007280 
a_AU_(rho,R)          0.007280 

----- common model:  c
Inclination fixed to 90 deg!
a_Rs                 21.536252 
M_Mj                  0.022914 
M_Me                  7.284249 
mean_long            94.259643 
a_AU_(M)              0.068527 
a_AU_(rho,R)          0.068527 


====================================================================================================
     ------------------------------------------------------------------------------------------     
====================================================================================================



****************************************************************************************************

 Parameters corresponding to the sample closest to the median values ( -461.16036948525647 )

====================================================================================================
     Statistics on the posterior of the sampler parameters     
====================================================================================================

----- dataset:  RVdata
jitter_1        11      1.533229 [    0.0120,  1088.3783]
jitter_0        12      0.903855 [    0.0120,  1088.3783]
offset_0        13  -3412.384346 [-13430.6237,  6632.5000]
offset_1        14  -3383.386233 [-13430.6237,  6632.5000]

----- dataset: RVdata                    ----- model: gp_quasiperiodic_cosine       
Camp            15      4.766552 [    0.0000, 1000000.0000]
Hamp            16     10.627720 [    0.0000,   100.0000]

----- dataset:  BISdata
jitter_1        17      2.355911 [    0.0240,  2176.7566]
jitter_0        18      0.843085 [    0.0240,  2176.7566]
offset_0        19     21.758881 [-9995.0909, 10059.6000]
offset_1        20     45.920209 [-9995.0909, 10059.6000]

----- dataset: BISdata                   ----- model: gp_quasiperiodic_cosine       
Camp            21      6.545282 [    0.0000, 1000000.0000]
Hamp            22      8.042424 [    0.0000,   100.0000]

----- dataset:  Sdata
jitter_1        23      0.049798 [    0.0000,     2.7200]
jitter_0        24      0.037734 [    0.0000,     2.7200]
offset_0        25      0.856156 [-9999.3978, 10001.2170]
offset_1        26      0.893181 [-9999.3978, 10001.2170]

----- dataset: Sdata                     ----- model: gp_quasiperiodic_cosine       
Camp            27      0.034982 [    0.0000, 1000000.0000]
Hamp            28      0.026491 [    0.0000,   100.0000]

----- common model:  b
Tc               0  57744.071561 [57744.0000, 57744.1000]
P                1      0.280325 [    0.2750,     0.2850]
K                2      6.587138 [    0.0010,    20.0000]

----- common model:  c
Tc               3  58371.074024 [58371.0000, 58371.1000]
sre_coso         4     -0.018861 [   -1.0000,     1.0000]
P                5      7.748989 [    7.7000,     7.8000]
K                6      3.542303 [    0.0010,    20.0000]
sre_sino         7      0.090187 [   -1.0000,     1.0000]

----- common model:  activity
Oamp             8     -1.253822 [   -9.9658,     0.0000]
Prot             9     14.698372 [   10.0000,    20.0000]
Pdec            10     30.697383 [   20.0000,  1000.0000]

----- common model:  star_parameters

====================================================================================================
     Statistics on the model parameters obtained from the posteriors samples     
====================================================================================================

----- dataset:  RVdata
jitter_1              1.533229 
jitter_0              0.903855 
offset_0          -3412.384346 
offset_1          -3383.386233 


----- dataset: RVdata                    ----- model: gp_quasiperiodic_cosine       
Hamp                 10.627720 
Camp                  4.766552 

----- dataset:  BISdata
jitter_1              2.355911 
jitter_0              0.843085 
offset_0             21.758881 
offset_1             45.920209 


----- dataset: BISdata                   ----- model: gp_quasiperiodic_cosine       
Hamp                  8.042424 
Camp                  6.545282 

----- dataset:  Sdata
jitter_1              0.049798 
jitter_0              0.037734 
offset_0              0.856156 
offset_1              0.893181 


----- dataset: Sdata                     ----- model: gp_quasiperiodic_cosine       
Hamp                  0.026491 
Camp                  0.034982 

----- common model:  b
Tc                57744.071561 
e                         0.00 
omega                90.000000 
P                     0.280325 
K                     6.587138 

----- common model:  c
Tc                58371.074024 
P                     7.748989 
K                     3.542303 
e                     0.008489 
omega               101.812146 

----- common model:  activity
Oamp                  0.419336 
Prot                 14.698372 
Pdec                 30.697383 

----- common model:  star_parameters

====================================================================================================
     Statistics on the derived parameters obtained from the posteriors samples     
====================================================================================================

----- common model:  b
Inclination fixed to 90 deg!
a_Rs                  2.264681 
M_Mj                  0.016615 
M_Me                  5.281882 
mean_long           348.273114 
a_AU_(M)              0.007420 
a_AU_(rho,R)          0.007420 

----- common model:  c
Inclination fixed to 90 deg!
a_Rs                 20.924833 
M_Mj                  0.027100 
M_Me                  8.615042 
mean_long            80.172334 
a_AU_(M)              0.067940 
a_AU_(rho,R)          0.067939 


====================================================================================================
     ------------------------------------------------------------------------------------------     
====================================================================================================



****************************************************************************************************

Inclination fixed to 90 deg!
Inclination fixed to 90 deg!
 Trying to identify the stellar parameters
Note: stellar density derived from its mass and radius

Inclination fixed to 90 deg!
Inclination fixed to 90 deg!
 Trying to identify the stellar parameters
Inclination fixed to 90 deg!
Inclination fixed to 90 deg!
 Trying to identify the stellar parameters
 Plot FLAT chain 

****************************************************************************************************

Plotting full_correlation plot with pygtc

****************************************************************************************************

 Plotting the chains... 

****************************************************************************************************

 Plotting the Gelman-Rubin traces... 

     Gelman-Rubin:    11     1.011810 RVdata_jitter_1 
     Gelman-Rubin:    12     1.054822 RVdata_jitter_0 
     Gelman-Rubin:    13     1.017138 RVdata_offset_0 
     Gelman-Rubin:    14     1.017107 RVdata_offset_1 
     Gelman-Rubin:    15     1.019162 RVdata_gp_quasiperiodic_cosine_Camp 
     Gelman-Rubin:    16     1.019210 RVdata_gp_quasiperiodic_cosine_Hamp 
     Gelman-Rubin:    17     1.012815 BISdata_jitter_1 
     Gelman-Rubin:    18     1.012510 BISdata_jitter_0 
     Gelman-Rubin:    19     1.022062 BISdata_offset_0 
     Gelman-Rubin:    20     1.022158 BISdata_offset_1 
     Gelman-Rubin:    21     1.017411 BISdata_gp_quasiperiodic_cosine_Camp 
     Gelman-Rubin:    22     1.044864 BISdata_gp_quasiperiodic_cosine_Hamp 
     Gelman-Rubin:    23     1.017985 Sdata_jitter_1 
     Gelman-Rubin:    24     1.017314 Sdata_jitter_0 
     Gelman-Rubin:    25     1.018961 Sdata_offset_0 
     Gelman-Rubin:    26     1.016625 Sdata_offset_1 
     Gelman-Rubin:    27     1.019123 Sdata_gp_quasiperiodic_cosine_Camp 
     Gelman-Rubin:    28     1.028366 Sdata_gp_quasiperiodic_cosine_Hamp 
     Gelman-Rubin:     0     1.012341 b_Tc 
     Gelman-Rubin:     1     1.014948 b_P 
     Gelman-Rubin:     2     1.017054 b_K 
     Gelman-Rubin:     3     1.013028 c_Tc 
     Gelman-Rubin:     4     1.016155 c_sre_coso 
     Gelman-Rubin:     5     1.013309 c_P 
     Gelman-Rubin:     6     1.017635 c_K 
     Gelman-Rubin:     7     1.014435 c_sre_sino 
     Gelman-Rubin:     8     1.034103 activity_Oamp 
     Gelman-Rubin:     9     1.038807 activity_Prot 
     Gelman-Rubin:    10     1.061505 activity_Pdec 

****************************************************************************************************

 Plotting the common models corner plots
     Common model:  b
     Common model:  c
     Common model:  activity
     Common model:  star_parameters

****************************************************************************************************

 Dataset + models corner plots 

     Dataset:  RVdata     model:  gp_quasiperiodic_cosine  corner plot  starting 
     Dataset:  RVdata     model:  gp_quasiperiodic_cosine  corner plot  done 
     Dataset:  RVdata     model:  radial_velocities_b  corner plot  starting 
     Dataset:  RVdata     model:  radial_velocities_b  corner plot  done 
     Dataset:  RVdata     model:  radial_velocities_c  corner plot  starting 
     Dataset:  RVdata     model:  radial_velocities_c  corner plot  done 
     Dataset:  BISdata     model:  gp_quasiperiodic_cosine  corner plot  starting 
     Dataset:  BISdata     model:  gp_quasiperiodic_cosine  corner plot  done 
     Dataset:  Sdata     model:  gp_quasiperiodic_cosine  corner plot  starting 
     Dataset:  Sdata     model:  gp_quasiperiodic_cosine  corner plot  done 

****************************************************************************************************

 Saving the planet parameter samplings to files (with plots)

****************************************************************************************************

 Saving all the parameter samplings to files (with plots)

****************************************************************************************************

 Computing the models for plot/data writing 
     Splitting the plot array to allow GP prediction of extended datasets, it may take a while...
     # 76 chunks of 2855 epochs each
     Check the documentation if the code is taking too long or if it crashes...
     Splitting the plot array to allow GP prediction of extended datasets, it may take a while...
     # 76 chunks of 1713 epochs each
     Check the documentation if the code is taking too long or if it crashes...
     Splitting the plot array to allow GP prediction of extended datasets, it may take a while...
     # 76 chunks of 1713 epochs each
     Check the documentation if the code is taking too long or if it crashes...
     Splitting the plot array to allow GP prediction of extended datasets, it may take a while...
     # 76 chunks of 2855 epochs each
     Check the documentation if the code is taking too long or if it crashes...
     Splitting the plot array to allow GP prediction of extended datasets, it may take a while...
     # 76 chunks of 1713 epochs each
     Check the documentation if the code is taking too long or if it crashes...
     Splitting the plot array to allow GP prediction of extended datasets, it may take a while...
     # 76 chunks of 1713 epochs each
     Check the documentation if the code is taking too long or if it crashes...
     Splitting the plot array to allow GP prediction of extended datasets, it may take a while...
     # 76 chunks of 2855 epochs each
     Check the documentation if the code is taking too long or if it crashes...
     Splitting the plot array to allow GP prediction of extended datasets, it may take a while...
     # 76 chunks of 1713 epochs each
     Check the documentation if the code is taking too long or if it crashes...
     Splitting the plot array to allow GP prediction of extended datasets, it may take a while...
     # 76 chunks of 1713 epochs each
     Check the documentation if the code is taking too long or if it crashes...
 Writing the plots 
 Writing the   data files 
 Writing the  MAP_ data files 
 Writing the  sampleMED_ data files 

****************************************************************************************************

