**** USING NUMBA ****

PyORBIT v10.0.1

Python version in use:
3.9.15 (main, Nov 24 2022, 14:31:59) 
[GCC 11.2.0]

reloaded_optimize:  False
reloaded_pyde:  False
reloaded_emcee:  False

number of multiprocessing threads: 128

parameters/safe_reload flag (must be True for tinygp):  False

Opening:  RVdata
Opening:  BISdata
Opening:  Sdata
Adding common model of planet:  b
Adding common model of planet:  c
Using orbital model:  circular
Using orbital parametrization:  Eastman2013
Time of inferior conjunction replacing mean longitude as a free parameter:  True

Using orbital model:  keplerian
Using orbital parametrization:  Eastman2013
Time of inferior conjunction replacing mean longitude as a free parameter:  True


====================================================================================================
     Ids, spaces (s), boundaries (b) and priors (p) of the sampler parameters     
====================================================================================================

----- dataset:  RVdata
jitter_0      id:  11  s:Linear      b:[      0.0120,    1088.3783]   p:Uniform   []
jitter_1      id:  12  s:Linear      b:[      0.0120,    1088.3783]   p:Uniform   []
offset_0      id:  13  s:Linear      b:[ -13430.6237,    6632.5000]   p:Uniform   []
offset_1      id:  14  s:Linear      b:[ -13430.6237,    6632.5000]   p:Uniform   []

----- dataset: RVdata                    ----- model: gp_multidimensional           
con_amp       id:  15  s:Linear      b:[   -100.0000,     100.0000]   p:Uniform   []
rot_amp       id:  16  s:Linear      b:[      0.0000,     100.0000]   p:Uniform   []

----- dataset:  BISdata
jitter_0      id:  17  s:Linear      b:[      0.0240,    2176.7566]   p:Uniform   []
jitter_1      id:  18  s:Linear      b:[      0.0240,    2176.7566]   p:Uniform   []
offset_0      id:  19  s:Linear      b:[  -9995.0909,   10059.6000]   p:Uniform   []
offset_1      id:  20  s:Linear      b:[  -9995.0909,   10059.6000]   p:Uniform   []

----- dataset: BISdata                   ----- model: gp_multidimensional           
con_amp       id:  21  s:Linear      b:[   -100.0000,     100.0000]   p:Uniform   []
rot_amp       id:  22  s:Linear      b:[   -100.0000,     100.0000]   p:Uniform   []

----- dataset:  Sdata
jitter_0      id:  23  s:Linear      b:[      0.0000,       2.7200]   p:Uniform   []
jitter_1      id:  24  s:Linear      b:[      0.0000,       2.7200]   p:Uniform   []
offset_0      id:  25  s:Linear      b:[  -9999.3978,   10001.2170]   p:Uniform   []
offset_1      id:  26  s:Linear      b:[  -9999.3978,   10001.2170]   p:Uniform   []

----- dataset: Sdata                     ----- model: gp_multidimensional           
con_amp       id:  27  s:Linear      b:[     -1.0000,       1.0000]   p:Uniform   []
rot_amp       derived (no id, space, bound)                           p:None   []

----- common model:  b
P             id:   0  s:Linear      b:[      0.2750,       0.2850]   p:Gaussian   [2.80324956e-01 6.70000000e-08]
K             id:   1  s:Linear      b:[      0.0010,      20.0000]   p:Uniform   []
Tc            id:   2  s:Linear      b:[  57744.0000,   57744.1000]   p:Gaussian   [5.77440715e+04 1.03000000e-04]
omega         derived (no id, space, bound)                           p:None   []
e             derived (no id, space, bound)                           p:None   []

----- common model:  c
sre_sino      id:   3  s:Linear      b:[     -1.0000,       1.0000]   p:Uniform   []
sre_coso      id:   4  s:Linear      b:[     -1.0000,       1.0000]   p:Uniform   []
P             id:   5  s:Linear      b:[      7.7000,       7.8000]   p:Gaussian   [7.7489943e+00 1.4900000e-05]
K             id:   6  s:Linear      b:[      0.0010,      20.0000]   p:Uniform   []
Tc            id:   7  s:Linear      b:[  58371.0000,   58371.1000]   p:Gaussian   [5.83710742e+04 6.52000000e-04]
e             derived (no id, space, bound)                           p:Gaussian   [0.    0.098]
omega         derived (no id, space, bound)                           p:Uniform   [0.0, 360.0]

----- common model:  activity
Pdec          id:   8  s:Linear      b:[     20.0000,    1000.0000]   p:Uniform   []
Oamp          id:   9  s:Log_Base2   b:[     -9.9658,       0.0000]   p:Uniform   []
Prot          id:  10  s:Linear      b:[     10.0000,      20.0000]   p:Uniform   []

----- common model:  star_parameters
mass          derived (no id, space, bound)                           p:Gaussian   [0.708 0.028]
radius        derived (no id, space, bound)                           p:Gaussian   [0.681 0.018]
density       derived (no id, space, bound)                           p:Gaussian   [2.65 0.08]

Include priors:  True

Reference Time Tref:  59200.0

Dimensions =  28
Nwalkers =  112

Using threading pool for PyDE: True
PyDE running
Boundaries redefined after PyDE output
PyDE completed, it took        780.0 seconds

====================================================================================================
     Starting point of the sample/optimization routines    
====================================================================================================

----- dataset:  RVdata
jitter_0        11      4.840445 [    0.0120,  1088.3783]
jitter_1        12      0.767558 [    0.0120,  1088.3783]
offset_0        13  -3411.993754 [-13430.6237,  6632.5000]
offset_1        14  -3380.140281 [-13430.6237,  6632.5000]

----- dataset: RVdata                    ----- model: gp_multidimensional           
con_amp         15     -2.119098 [ -100.0000,   100.0000]
rot_amp         16     12.860021 [    0.0000,   100.0000]

----- dataset:  BISdata
jitter_0        17      0.077881 [    0.0240,  2176.7566]
jitter_1        18      2.569752 [    0.0240,  2176.7566]
offset_0        19     24.320049 [-9995.0909, 10059.6000]
offset_1        20     50.889414 [-9995.0909, 10059.6000]

----- dataset: BISdata                   ----- model: gp_multidimensional           
con_amp         21     -0.273514 [ -100.0000,   100.0000]
rot_amp         22    -14.936248 [ -100.0000,   100.0000]

----- dataset:  Sdata
jitter_0        23      0.035396 [    0.0000,     2.7200]
jitter_1        24      0.052693 [    0.0000,     2.7200]
offset_0        25      0.862123 [-9999.3978, 10001.2170]
offset_1        26      0.900049 [-9999.3978, 10001.2170]

----- dataset: Sdata                     ----- model: gp_multidimensional           
con_amp         27     -0.057117 [   -1.0000,     1.0000]

----- common model:  b
P                0      0.280325 [    0.2750,     0.2850]
K                1      6.346860 [    0.0010,    20.0000]
Tc               2  57744.071509 [57744.0000, 57744.1000]

----- common model:  c
sre_sino         3      0.112431 [   -1.0000,     1.0000]
sre_coso         4     -0.471819 [   -1.0000,     1.0000]
P                5      7.748994 [    7.7000,     7.8000]
K                6      4.396349 [    0.0010,    20.0000]
Tc               7  58371.074152 [58371.0000, 58371.1000]

----- common model:  activity
Pdec             8    918.717352 [   20.0000,  1000.0000]
Oamp             9     -1.082500 [   -9.9658,     0.0000]
Prot            10     13.809559 [   10.0000,    20.0000]

----- common model:  star_parameters

====================================================================================================
     Starting point projected onto the model parameter space     
====================================================================================================

----- dataset:  RVdata
jitter_0              4.840445 
jitter_1              0.767558 
offset_0          -3411.993754 
offset_1          -3380.140281 


----- dataset: RVdata                    ----- model: gp_multidimensional           
con_amp              -2.119098 
rot_amp              12.860021 

----- dataset:  BISdata
jitter_0              0.077881 
jitter_1              2.569752 
offset_0             24.320049 
offset_1             50.889414 


----- dataset: BISdata                   ----- model: gp_multidimensional           
con_amp              -0.273514 
rot_amp             -14.936248 

----- dataset:  Sdata
jitter_0              0.035396 
jitter_1              0.052693 
offset_0              0.862123 
offset_1              0.900049 


----- dataset: Sdata                     ----- model: gp_multidimensional           
con_amp              -0.057117 
rot_amp                   0.00 

----- common model:  b
omega                90.000000 
e                         0.00 
P                     0.280325 
K                     6.346860 
Tc                57744.071509 

----- common model:  c
P                     7.748994 
K                     4.396349 
Tc                58371.074152 
e                     0.235254 
omega               166.596765 

----- common model:  activity
Pdec                918.717352 
Oamp                  0.472210 
Prot                 13.809559 

----- common model:  star_parameters

====================================================================================================
     Derived parameters obtained from starting point     
====================================================================================================

----- common model:  b
Inclination fixed to 90 deg!
a_Rs                  2.391548 
M_Mj                  0.016530 
M_Me                  5.254817 
mean_long           348.120362 
a_AU_(M)              0.007539 
a_AU_(rho,R)          0.007539 

----- common model:  c
Inclination fixed to 90 deg!
a_Rs                 21.734298 
M_Mj                  0.033434 
M_Me                 10.628423 
mean_long           104.910812 
a_AU_(M)              0.068707 
a_AU_(rho,R)          0.068706 


====================================================================================================
     Statistics on the log-likelihood     
====================================================================================================

 LN probability:  -425.509691 

====================================================================================================
     ------------------------------------------------------------------------------------------     
====================================================================================================



*************************************************************

Running emcee

emcee version:  3.1.3
Using threading pool for emcee: True

Saving temporary steps


Computing the autocorrelation time of the chains

***** WARNING ******
The integrated autocorrelation time cannot be reliably estimated
likely the chains are too short, and ACF analysis is not fully reliable
emcee.autocorr.integrated_time tolerance lowered to 20
If you still get a warning, you should drop these results entirely
Chains too short to apply convergence criteria
They should be at least 850*nthin = 85000

====================================================================================================
     Statistics on the posterior of the sampler parameters     
====================================================================================================

----- dataset:  RVdata
jitter_0        11          5.26        -0.99          1.2   (15-84 p)   [    0.0120,  1088.3783]
jitter_1        12          1.25        -0.70         0.74   (15-84 p)   [    0.0120,  1088.3783]
offset_0        13       -3413.2         -5.3          3.7   (15-84 p)   [-13430.6237,  6632.5000]
offset_1        14       -3381.2         -5.5          3.7   (15-84 p)   [-13430.6237,  6632.5000]

----- dataset: RVdata                    ----- model: gp_multidimensional           
con_amp         15          -7.2         -7.2          4.4   (15-84 p)   [ -100.0000,   100.0000]
rot_amp         16            43          -17           23   (15-84 p)   [    0.0000,   100.0000]

----- dataset:  BISdata
jitter_0        17          1.09        -0.74          1.1   (15-84 p)   [    0.0240,  2176.7566]
jitter_1        18           3.0         -1.4          1.4   (15-84 p)   [    0.0240,  2176.7566]
offset_0        19          24.4         -3.1          2.7   (15-84 p)   [-9995.0909, 10059.6000]
offset_1        20          50.8         -3.4          2.9   (15-84 p)   [-9995.0909, 10059.6000]

----- dataset: BISdata                   ----- model: gp_multidimensional           
con_amp         21          -0.3         -6.2          5.7   (15-84 p)   [ -100.0000,   100.0000]
rot_amp         22           -49          -24           19   (15-84 p)   [ -100.0000,   100.0000]

----- dataset:  Sdata
jitter_0        23        0.0377      -0.0046       0.0062   (15-84 p)   [    0.0000,     2.7200]
jitter_1        24        0.0567      -0.0096        0.012   (15-84 p)   [    0.0000,     2.7200]
offset_0        25         0.828        -0.11        0.091   (15-84 p)   [-9999.3978, 10001.2170]
offset_1        26         0.867        -0.11        0.091   (15-84 p)   [-9999.3978, 10001.2170]

----- dataset: Sdata                     ----- model: gp_multidimensional           
con_amp         27        -0.178       -0.097        0.073   (15-84 p)   [   -1.0000,     1.0000]

----- common model:  b
P                0   0.280324962 -0.000000062  0.000000067   (15-84 p)   [    0.2750,     0.2850]
K                1          6.25        -0.60         0.56   (15-84 p)   [    0.0010,    20.0000]
Tc               2   57744.07150     -0.00010      0.00010   (15-84 p)   [57744.0000, 57744.1000]

----- common model:  c
sre_sino         3          0.10        -0.19         0.19   (15-84 p)   [   -1.0000,     1.0000]
sre_coso         4         -0.38        -0.11         0.19   (15-84 p)   [   -1.0000,     1.0000]
P                5      7.748994    -0.000014     0.000014   (15-84 p)   [    7.7000,     7.8000]
K                6          4.21        -0.89         0.92   (15-84 p)   [    0.0010,    20.0000]
Tc               7   58371.07412     -0.00064      0.00064   (15-84 p)   [58371.0000, 58371.1000]

----- common model:  activity
Pdec             8           586         -395          299   (15-84 p)   [   20.0000,  1000.0000]
Oamp             9         -0.28        -0.37         0.21   (15-84 p)   [   -9.9658,     0.0000]
Prot            10         13.84        -0.25         0.45   (15-84 p)   [   10.0000,    20.0000]

----- common model:  star_parameters

====================================================================================================
     Statistics on the model parameters obtained from the posteriors samples     
====================================================================================================

----- dataset:  RVdata
jitter_0                  5.26        -0.99          1.2    (15-84 p)
jitter_1                  1.25        -0.70         0.74    (15-84 p)
offset_0               -3413.2         -5.3          3.7    (15-84 p)
offset_1               -3381.2         -5.5          3.7    (15-84 p)


----- dataset: RVdata                    ----- model: gp_multidimensional           
con_amp                   -7.2         -7.2          4.4    (15-84 p)
rot_amp                     43          -17           23    (15-84 p)

----- dataset:  BISdata
jitter_0                  1.09        -0.74          1.1    (15-84 p)
jitter_1                   3.0         -1.4          1.4    (15-84 p)
offset_0                  24.4         -3.1          2.7    (15-84 p)
offset_1                  50.8         -3.4          2.9    (15-84 p)


----- dataset: BISdata                   ----- model: gp_multidimensional           
con_amp                   -0.3         -6.2          5.7    (15-84 p)
rot_amp                    -49          -24           19    (15-84 p)

----- dataset:  Sdata
jitter_0                0.0377      -0.0046       0.0062    (15-84 p)
jitter_1                0.0567      -0.0096        0.012    (15-84 p)
offset_0                 0.828        -0.11        0.091    (15-84 p)
offset_1                 0.867        -0.11        0.091    (15-84 p)


----- dataset: Sdata                     ----- model: gp_multidimensional           
con_amp                 -0.178       -0.097        0.073    (15-84 p)
rot_amp                   0.00                              [fixed]

----- common model:  b
omega                90.000000                              [fixed]
e                         0.00                              [fixed]
P                  0.280324962 -0.000000062  0.000000067    (15-84 p)
K                         6.25        -0.60         0.56    (15-84 p)
Tc                 57744.07150     -0.00010      0.00010    (15-84 p)

----- common model:  c
P                     7.748994    -0.000014     0.000014    (15-84 p)
K                         4.21        -0.89         0.92    (15-84 p)
Tc                 58371.07412     -0.00064      0.00064    (15-84 p)
e                        0.194       -0.093        0.083    (15-84 p)
omega                      136         -301           33    (15-84 p)

----- common model:  activity
Pdec                       586         -395          299    (15-84 p)
Oamp                      0.82        -0.19         0.13    (15-84 p)
Prot                     13.84        -0.25         0.45    (15-84 p)

----- common model:  star_parameters

====================================================================================================
     Statistics on the derived parameters obtained from the posteriors samples     
====================================================================================================

----- common model:  b
Inclination fixed to 90 deg!
Computing planetary mass under the approximation M_planet << M_star (threshold at 30.0 Me)
a_Rs                     2.358       -0.067        0.070    (15-84 p)
M_Mj                    0.0160      -0.0016       0.0015    (15-84 p)
M_Me                      5.07        -0.49         0.49    (15-84 p)
mean_long               348.08        -0.45         0.45    (15-84 p)
a_AU_(M)              0.007475     -0.00010     0.000097    (15-84 p)
a_AU_(rho,R)          0.007474     -0.00010     0.000097    (15-84 p)

----- common model:  c
Inclination fixed to 90 deg!
Computing planetary mass under the approximation M_planet << M_star (threshold at 30.0 Me)
a_Rs                     21.55        -0.60         0.65    (15-84 p)
M_Mj                    0.0318      -0.0068       0.0068    (15-84 p)
M_Me                      10.1         -2.2          2.2    (15-84 p)
mean_long                   98          -11           10    (15-84 p)
a_AU_(M)               0.06828     -0.00089      0.00092    (15-84 p)
a_AU_(rho,R)           0.06828     -0.00089      0.00092    (15-84 p)


====================================================================================================
     ------------------------------------------------------------------------------------------     
====================================================================================================



25000.0   steps completed, average lnprob:,  -443.87062286774074


Computing the autocorrelation time of the chains

***** WARNING ******
The integrated autocorrelation time cannot be reliably estimated
likely the chains are too short, and ACF analysis is not fully reliable
emcee.autocorr.integrated_time tolerance lowered to 20
If you still get a warning, you should drop these results entirely
Chains too short to apply convergence criteria
They should be at least 1300*nthin = 130000

====================================================================================================
     Statistics on the posterior of the sampler parameters     
====================================================================================================

----- dataset:  RVdata
jitter_0        11          5.27        -0.99          1.1   (15-84 p)   [    0.0120,  1088.3783]
jitter_1        12          1.20        -0.69         0.72   (15-84 p)   [    0.0120,  1088.3783]
offset_0        13       -3413.1         -5.8          3.9   (15-84 p)   [-13430.6237,  6632.5000]
offset_1        14       -3381.0         -6.3          3.8   (15-84 p)   [-13430.6237,  6632.5000]

----- dataset: RVdata                    ----- model: gp_multidimensional           
con_amp         15          -7.5         -7.8          4.8   (15-84 p)   [ -100.0000,   100.0000]
rot_amp         16            44          -17           22   (15-84 p)   [    0.0000,   100.0000]

----- dataset:  BISdata
jitter_0        17          1.08        -0.73          1.0   (15-84 p)   [    0.0240,  2176.7566]
jitter_1        18           2.9         -1.4          1.3   (15-84 p)   [    0.0240,  2176.7566]
offset_0        19          24.4         -2.8          2.7   (15-84 p)   [-9995.0909, 10059.6000]
offset_1        20          50.7         -3.0          3.0   (15-84 p)   [-9995.0909, 10059.6000]

----- dataset: BISdata                   ----- model: gp_multidimensional           
con_amp         21          -0.7         -5.8          5.7   (15-84 p)   [ -100.0000,   100.0000]
rot_amp         22           -49          -23           18   (15-84 p)   [ -100.0000,   100.0000]

----- dataset:  Sdata
jitter_0        23        0.0380      -0.0049       0.0056   (15-84 p)   [    0.0000,     2.7200]
jitter_1        24        0.0575      -0.0097        0.012   (15-84 p)   [    0.0000,     2.7200]
offset_0        25         0.832        -0.12        0.099   (15-84 p)   [-9999.3978, 10001.2170]
offset_1        26          0.87        -0.12         0.10   (15-84 p)   [-9999.3978, 10001.2170]

----- dataset: Sdata                     ----- model: gp_multidimensional           
con_amp         27        -0.179       -0.097        0.070   (15-84 p)   [   -1.0000,     1.0000]

----- common model:  b
P                0   0.280324958 -0.000000068  0.000000067   (15-84 p)   [    0.2750,     0.2850]
K                1          6.26        -0.58         0.57   (15-84 p)   [    0.0010,    20.0000]
Tc               2   57744.07151     -0.00010      0.00010   (15-84 p)   [57744.0000, 57744.1000]

----- common model:  c
sre_sino         3          0.11        -0.20         0.17   (15-84 p)   [   -1.0000,     1.0000]
sre_coso         4         -0.38        -0.11         0.18   (15-84 p)   [   -1.0000,     1.0000]
P                5      7.748994    -0.000015     0.000015   (15-84 p)   [    7.7000,     7.8000]
K                6          4.26        -0.91         0.94   (15-84 p)   [    0.0010,    20.0000]
Tc               7   58371.07414     -0.00063      0.00066   (15-84 p)   [58371.0000, 58371.1000]

----- common model:  activity
Pdec             8           603         -401          286   (15-84 p)   [   20.0000,  1000.0000]
Oamp             9         -0.28        -0.36         0.20   (15-84 p)   [   -9.9658,     0.0000]
Prot            10         13.82        -0.25         0.47   (15-84 p)   [   10.0000,    20.0000]

----- common model:  star_parameters

====================================================================================================
     Statistics on the model parameters obtained from the posteriors samples     
====================================================================================================

----- dataset:  RVdata
jitter_0                  5.27        -0.99          1.1    (15-84 p)
jitter_1                  1.20        -0.69         0.72    (15-84 p)
offset_0               -3413.1         -5.8          3.9    (15-84 p)
offset_1               -3381.0         -6.3          3.8    (15-84 p)


----- dataset: RVdata                    ----- model: gp_multidimensional           
con_amp                   -7.5         -7.8          4.8    (15-84 p)
rot_amp                     44          -17           22    (15-84 p)

----- dataset:  BISdata
jitter_0                  1.08        -0.73          1.0    (15-84 p)
jitter_1                   2.9         -1.4          1.3    (15-84 p)
offset_0                  24.4         -2.8          2.7    (15-84 p)
offset_1                  50.7         -3.0          3.0    (15-84 p)


----- dataset: BISdata                   ----- model: gp_multidimensional           
con_amp                   -0.7         -5.8          5.7    (15-84 p)
rot_amp                    -49          -23           18    (15-84 p)

----- dataset:  Sdata
jitter_0                0.0380      -0.0049       0.0056    (15-84 p)
jitter_1                0.0575      -0.0097        0.012    (15-84 p)
offset_0                 0.832        -0.12        0.099    (15-84 p)
offset_1                  0.87        -0.12         0.10    (15-84 p)


----- dataset: Sdata                     ----- model: gp_multidimensional           
con_amp                 -0.179       -0.097        0.070    (15-84 p)
rot_amp                   0.00                              [fixed]

----- common model:  b
omega                90.000000                              [fixed]
e                         0.00                              [fixed]
P                  0.280324958 -0.000000068  0.000000067    (15-84 p)
K                         6.26        -0.58         0.57    (15-84 p)
Tc                 57744.07151     -0.00010      0.00010    (15-84 p)

----- common model:  c
P                     7.748994    -0.000015     0.000015    (15-84 p)
K                         4.26        -0.91         0.94    (15-84 p)
Tc                 58371.07414     -0.00063      0.00066    (15-84 p)
e                        0.191       -0.095        0.084    (15-84 p)
omega                      140         -303           28    (15-84 p)

----- common model:  activity
Pdec                       603         -401          286    (15-84 p)
Oamp                      0.83        -0.18         0.12    (15-84 p)
Prot                     13.82        -0.25         0.47    (15-84 p)

----- common model:  star_parameters

====================================================================================================
     Statistics on the derived parameters obtained from the posteriors samples     
====================================================================================================

----- common model:  b
Inclination fixed to 90 deg!
Computing planetary mass under the approximation M_planet << M_star (threshold at 30.0 Me)
a_Rs                     2.358       -0.068        0.071    (15-84 p)
M_Mj                    0.0160      -0.0015       0.0015    (15-84 p)
M_Me                      5.08        -0.49         0.49    (15-84 p)
mean_long               348.11        -0.47         0.47    (15-84 p)
a_AU_(M)              0.007471    -0.000099     0.000097    (15-84 p)
a_AU_(rho,R)          0.007471    -0.000099     0.000097    (15-84 p)

----- common model:  c
Inclination fixed to 90 deg!
Computing planetary mass under the approximation M_planet << M_star (threshold at 30.0 Me)
a_Rs                     21.55        -0.62         0.66    (15-84 p)
M_Mj                    0.0322      -0.0068       0.0071    (15-84 p)
M_Me                      10.2         -2.2          2.3    (15-84 p)
mean_long                   98          -11           10    (15-84 p)
a_AU_(M)               0.06831     -0.00092      0.00088    (15-84 p)
a_AU_(rho,R)           0.06831     -0.00092      0.00088    (15-84 p)


====================================================================================================
     ------------------------------------------------------------------------------------------     
====================================================================================================



50000.0   steps completed, average lnprob:,  -444.5345472928482


emcee completed

