**** USING NUMBA ****

PyORBIT v10.0.1

Python version in use:
3.9.15 (main, Nov 24 2022, 14:31:59) 
[GCC 11.2.0]

reloaded_optimize:  False
reloaded_pyde:  True
reloaded_emcee:  True

number of multiprocessing threads: 128

parameters/safe_reload flag (must be True for tinygp):  False

Requested steps: 25000.0
Completed: 25000
Total: 50000
Using orbital model:  circular
Using orbital parametrization:  Eastman2013
Time of inferior conjunction replacing mean longitude as a free parameter:  True

Using orbital model:  keplerian
Using orbital parametrization:  Eastman2013
Time of inferior conjunction replacing mean longitude as a free parameter:  True


====================================================================================================
     Ids, spaces (s), boundaries (b) and priors (p) of the sampler parameters     
====================================================================================================

----- dataset:  RVdata
jitter_1      id:  11  s:Linear      b:[      0.0120,    1088.3783]   p:Uniform   []
jitter_0      id:  12  s:Linear      b:[      0.0120,    1088.3783]   p:Uniform   []
offset_0      id:  13  s:Linear      b:[ -13430.6237,    6632.5000]   p:Uniform   []
offset_1      id:  14  s:Linear      b:[ -13430.6237,    6632.5000]   p:Uniform   []

----- dataset: RVdata                    ----- model: gp_quasiperiodic_cosine       
Camp          id:  15  s:Linear      b:[      0.0000, 1000000.0000]   p:Uniform   []
Hamp          id:  16  s:Linear      b:[      0.0000,     100.0000]   p:Uniform   []

----- dataset:  BISdata
jitter_1      id:  17  s:Linear      b:[      0.0240,    2176.7566]   p:Uniform   []
jitter_0      id:  18  s:Linear      b:[      0.0240,    2176.7566]   p:Uniform   []
offset_0      id:  19  s:Linear      b:[  -9995.0909,   10059.6000]   p:Uniform   []
offset_1      id:  20  s:Linear      b:[  -9995.0909,   10059.6000]   p:Uniform   []

----- dataset: BISdata                   ----- model: gp_quasiperiodic_cosine       
Camp          id:  21  s:Linear      b:[      0.0000, 1000000.0000]   p:Uniform   []
Hamp          id:  22  s:Linear      b:[      0.0000,     100.0000]   p:Uniform   []

----- dataset:  Sdata
jitter_1      id:  23  s:Linear      b:[      0.0000,       2.7200]   p:Uniform   []
jitter_0      id:  24  s:Linear      b:[      0.0000,       2.7200]   p:Uniform   []
offset_0      id:  25  s:Linear      b:[  -9999.3978,   10001.2170]   p:Uniform   []
offset_1      id:  26  s:Linear      b:[  -9999.3978,   10001.2170]   p:Uniform   []

----- dataset: Sdata                     ----- model: gp_quasiperiodic_cosine       
Camp          id:  27  s:Linear      b:[      0.0000, 1000000.0000]   p:Uniform   []
Hamp          id:  28  s:Linear      b:[      0.0000,     100.0000]   p:Uniform   []

----- common model:  b
Tc            id:   0  s:Linear      b:[  57744.0000,   57744.1000]   p:Gaussian   [5.77440715e+04 1.03000000e-04]
P             id:   1  s:Linear      b:[      0.2750,       0.2850]   p:Gaussian   [2.80324956e-01 6.70000000e-08]
K             id:   2  s:Linear      b:[      0.0010,      20.0000]   p:Uniform   []
e             derived (no id, space, bound)                           p:None   []
omega         derived (no id, space, bound)                           p:None   []

----- common model:  c
Tc            id:   3  s:Linear      b:[  58371.0000,   58371.1000]   p:Gaussian   [5.83710742e+04 6.52000000e-04]
sre_coso      id:   4  s:Linear      b:[     -1.0000,       1.0000]   p:Uniform   []
P             id:   5  s:Linear      b:[      7.7000,       7.8000]   p:Gaussian   [7.7489943e+00 1.4900000e-05]
K             id:   6  s:Linear      b:[      0.0010,      20.0000]   p:Uniform   []
sre_sino      id:   7  s:Linear      b:[     -1.0000,       1.0000]   p:Uniform   []
e             derived (no id, space, bound)                           p:Gaussian   [0.    0.098]
omega         derived (no id, space, bound)                           p:Uniform   [0.0, 360.0]

----- common model:  activity
Oamp          id:   8  s:Log_Base2   b:[     -9.9658,       0.0000]   p:Uniform   []
Prot          id:   9  s:Linear      b:[     10.0000,      20.0000]   p:Uniform   []
Pdec          id:  10  s:Linear      b:[     20.0000,    1000.0000]   p:Uniform   []

----- common model:  star_parameters
mass          derived (no id, space, bound)                           p:Gaussian   [0.708 0.028]
radius        derived (no id, space, bound)                           p:Gaussian   [0.681 0.018]
density       derived (no id, space, bound)                           p:Gaussian   [2.65 0.08]


Computing the autocorrelation time of the chains

***** WARNING ******
The integrated autocorrelation time cannot be reliably estimated
likely the chains are too short, and ACF analysis is not fully reliable
emcee.autocorr.integrated_time tolerance lowered to 20
If you still get a warning, you should drop these results entirely
Chains too short to apply convergence criteria
They should be at least 1400*nthin = 140000

Resuming from a previous run:
Performed steps =  25000
Final # of steps =  50000
Steps to be performed =  25000

Include priors:  True

Reference Time Tref:  59200.0

Dimensions =  29
Nwalkers =  116

Original starting point of emcee:

====================================================================================================
     Starting point of the sample/optimization routines    
====================================================================================================

----- dataset:  RVdata
jitter_1        11      0.776737 [    0.0120,  1088.3783]
jitter_0        12      3.767286 [    0.0120,  1088.3783]
offset_0        13  -3409.813003 [-13430.6237,  6632.5000]
offset_1        14  -3378.771942 [-13430.6237,  6632.5000]

----- dataset: RVdata                    ----- model: gp_quasiperiodic_cosine       
Camp            15     10.342938 [    0.0000, 1000000.0000]
Hamp            16      4.775843 [    0.0000,   100.0000]

----- dataset:  BISdata
jitter_1        17      3.046442 [    0.0240,  2176.7566]
jitter_0        18      0.066851 [    0.0240,  2176.7566]
offset_0        19     21.646557 [-9995.0909, 10059.6000]
offset_1        20     47.842797 [-9995.0909, 10059.6000]

----- dataset: BISdata                   ----- model: gp_quasiperiodic_cosine       
Camp            21      2.716440 [    0.0000, 1000000.0000]
Hamp            22      5.957238 [    0.0000,   100.0000]

----- dataset:  Sdata
jitter_1        23      0.052817 [    0.0000,     2.7200]
jitter_0        24      0.036640 [    0.0000,     2.7200]
offset_0        25      0.860313 [-9999.3978, 10001.2170]
offset_1        26      0.910756 [-9999.3978, 10001.2170]

----- dataset: Sdata                     ----- model: gp_quasiperiodic_cosine       
Camp            27      0.019910 [    0.0000, 1000000.0000]
Hamp            28      0.030382 [    0.0000,   100.0000]

----- common model:  b
Tc               0  57744.071508 [57744.0000, 57744.1000]
P                1      0.280325 [    0.2750,     0.2850]
K                2      6.303274 [    0.0010,    20.0000]

----- common model:  c
Tc               3  58371.074148 [58371.0000, 58371.1000]
sre_coso         4     -0.489244 [   -1.0000,     1.0000]
P                5      7.748994 [    7.7000,     7.8000]
K                6      3.857087 [    0.0010,    20.0000]
sre_sino         7      0.015362 [   -1.0000,     1.0000]

----- common model:  activity
Oamp             8     -1.540609 [   -9.9658,     0.0000]
Prot             9     13.620452 [   10.0000,    20.0000]
Pdec            10    999.348255 [   20.0000,  1000.0000]

----- common model:  star_parameters

====================================================================================================
     Starting point projected onto the model parameter space     
====================================================================================================

----- dataset:  RVdata
jitter_1              0.776737 
jitter_0              3.767286 
offset_0          -3409.813003 
offset_1          -3378.771942 


----- dataset: RVdata                    ----- model: gp_quasiperiodic_cosine       
Hamp                  4.775843 
Camp                 10.342938 

----- dataset:  BISdata
jitter_1              3.046442 
jitter_0              0.066851 
offset_0             21.646557 
offset_1             47.842797 


----- dataset: BISdata                   ----- model: gp_quasiperiodic_cosine       
Hamp                  5.957238 
Camp                  2.716440 

----- dataset:  Sdata
jitter_1              0.052817 
jitter_0              0.036640 
offset_0              0.860313 
offset_1              0.910756 


----- dataset: Sdata                     ----- model: gp_quasiperiodic_cosine       
Hamp                  0.030382 
Camp                  0.019910 

----- common model:  b
Tc                57744.071508 
e                         0.00 
omega                90.000000 
P                     0.280325 
K                     6.303274 

----- common model:  c
Tc                58371.074148 
P                     7.748994 
K                     3.857087 
e                     0.239595 
omega               178.201541 

----- common model:  activity
Oamp                  0.343740 
Prot                 13.620452 
Pdec                999.348255 

----- common model:  star_parameters

====================================================================================================
     Derived parameters obtained from starting point     
====================================================================================================

----- common model:  b
Inclination fixed to 90 deg!
a_Rs                  2.333817 
M_Mj                  0.015503 
M_Me                  4.928381 
mean_long           348.127202 
a_AU_(M)              0.007327 
a_AU_(rho,R)          0.007327 

----- common model:  c
Inclination fixed to 90 deg!
a_Rs                 21.180075 
M_Mj                  0.029016 
M_Me                  9.223895 
mean_long           106.965510 
a_AU_(M)              0.068372 
a_AU_(rho,R)          0.068371 


====================================================================================================
     Statistics on the log-likelihood     
====================================================================================================

 LN probability:  -470.086559 

====================================================================================================
     ------------------------------------------------------------------------------------------     
====================================================================================================



*************************************************************

Running emcee

emcee version:  3.1.3
Using threading pool for emcee: True

Using reloaded sampler

Saving temporary steps


Computing the autocorrelation time of the chains

***** WARNING ******
The integrated autocorrelation time cannot be reliably estimated
likely the chains are too short, and ACF analysis is not fully reliable
emcee.autocorr.integrated_time tolerance lowered to 20
If you still get a warning, you should drop these results entirely
Chains too short to apply convergence criteria
They should be at least 2100*nthin = 210000

====================================================================================================
     Statistics on the posterior of the sampler parameters     
====================================================================================================

----- dataset:  RVdata
jitter_1        11          1.17        -0.68         0.72   (15-84 p)   [    0.0120,  1088.3783]
jitter_0        12          0.78        -0.52         0.71   (15-84 p)   [    0.0120,  1088.3783]
offset_0        13       -3409.1         -6.3          6.3   (15-84 p)   [-13430.6237,  6632.5000]
offset_1        14       -3381.2         -6.6          6.5   (15-84 p)   [-13430.6237,  6632.5000]

----- dataset: RVdata                    ----- model: gp_quasiperiodic_cosine       
Camp            15           9.7         -5.7          7.5   (15-84 p)   [    0.0000, 1000000.0000]
Hamp            16          14.3         -4.1          5.6   (15-84 p)   [    0.0000,   100.0000]

----- dataset:  BISdata
jitter_1        17           2.1         -1.3          1.3   (15-84 p)   [    0.0240,  2176.7566]
jitter_0        18          0.93        -0.63         0.93   (15-84 p)   [    0.0240,  2176.7566]
offset_0        19          21.5         -3.7          3.5   (15-84 p)   [-9995.0909, 10059.6000]
offset_1        20          47.7         -4.1          3.7   (15-84 p)   [-9995.0909, 10059.6000]

----- dataset: BISdata                   ----- model: gp_quasiperiodic_cosine       
Camp            21           6.0         -3.1          4.1   (15-84 p)   [    0.0000, 1000000.0000]
Hamp            22           7.1         -2.1          3.1   (15-84 p)   [    0.0000,   100.0000]

----- dataset:  Sdata
jitter_1        23        0.0519      -0.0083        0.011   (15-84 p)   [    0.0000,     2.7200]
jitter_0        24        0.0368      -0.0049       0.0060   (15-84 p)   [    0.0000,     2.7200]
offset_0        25         0.866       -0.021        0.020   (15-84 p)   [-9999.3978, 10001.2170]
offset_1        26         0.905       -0.025        0.024   (15-84 p)   [-9999.3978, 10001.2170]

----- dataset: Sdata                     ----- model: gp_quasiperiodic_cosine       
Camp            27         0.019       -0.013        0.018   (15-84 p)   [    0.0000, 1000000.0000]
Hamp            28         0.042       -0.011        0.016   (15-84 p)   [    0.0000,   100.0000]

----- common model:  b
Tc               0   57744.07151     -0.00010      0.00011   (15-84 p)   [57744.0000, 57744.1000]
P                1   0.280324955 -0.000000067  0.000000068   (15-84 p)   [    0.2750,     0.2850]
K                2          6.24        -0.42         0.42   (15-84 p)   [    0.0010,    20.0000]

----- common model:  c
Tc               3   58371.07415     -0.00065      0.00066   (15-84 p)   [58371.0000, 58371.1000]
sre_coso         4         -0.06        -0.22         0.23   (15-84 p)   [   -1.0000,     1.0000]
P                5      7.748995    -0.000015     0.000015   (15-84 p)   [    7.7000,     7.8000]
K                6           3.1         -2.2          3.5   (15-84 p)   [    0.0010,    20.0000]
sre_sino         7          0.04        -0.21         0.20   (15-84 p)   [   -1.0000,     1.0000]

----- common model:  activity
Oamp             8         -1.19        -0.28         0.30   (15-84 p)   [   -9.9658,     0.0000]
Prot             9         14.53        -0.28         0.24   (15-84 p)   [   10.0000,    20.0000]
Pdec            10          34.9         -4.5          9.7   (15-84 p)   [   20.0000,  1000.0000]

----- common model:  star_parameters

====================================================================================================
     Statistics on the model parameters obtained from the posteriors samples     
====================================================================================================

----- dataset:  RVdata
jitter_1                  1.17        -0.68         0.72    (15-84 p)
jitter_0                  0.78        -0.52         0.71    (15-84 p)
offset_0               -3409.1         -6.3          6.3    (15-84 p)
offset_1               -3381.2         -6.6          6.5    (15-84 p)


----- dataset: RVdata                    ----- model: gp_quasiperiodic_cosine       
Hamp                      14.3         -4.1          5.6    (15-84 p)
Camp                       9.7         -5.7          7.5    (15-84 p)

----- dataset:  BISdata
jitter_1                   2.1         -1.3          1.3    (15-84 p)
jitter_0                  0.93        -0.63         0.93    (15-84 p)
offset_0                  21.5         -3.7          3.5    (15-84 p)
offset_1                  47.7         -4.1          3.7    (15-84 p)


----- dataset: BISdata                   ----- model: gp_quasiperiodic_cosine       
Hamp                       7.1         -2.1          3.1    (15-84 p)
Camp                       6.0         -3.1          4.1    (15-84 p)

----- dataset:  Sdata
jitter_1                0.0519      -0.0083        0.011    (15-84 p)
jitter_0                0.0368      -0.0049       0.0060    (15-84 p)
offset_0                 0.866       -0.021        0.020    (15-84 p)
offset_1                 0.905       -0.025        0.024    (15-84 p)


----- dataset: Sdata                     ----- model: gp_quasiperiodic_cosine       
Hamp                     0.042       -0.011        0.016    (15-84 p)
Camp                     0.019       -0.013        0.018    (15-84 p)

----- common model:  b
Tc                 57744.07151     -0.00010      0.00011    (15-84 p)
e                         0.00                              [fixed]
omega                90.000000                              [fixed]
P                  0.280324955 -0.000000067  0.000000068    (15-84 p)
K                         6.24        -0.42         0.42    (15-84 p)

----- common model:  c
Tc                 58371.07415     -0.00065      0.00066    (15-84 p)
P                     7.748995    -0.000015     0.000015    (15-84 p)
K                          3.1         -2.2          3.5    (15-84 p)
e                        0.073       -0.051        0.077    (15-84 p)
omega                       35         -166          108    (15-84 p)

----- common model:  activity
Oamp                     0.440       -0.078         0.10    (15-84 p)
Prot                     14.53        -0.28         0.24    (15-84 p)
Pdec                      34.9         -4.5          9.7    (15-84 p)

----- common model:  star_parameters

====================================================================================================
     Statistics on the derived parameters obtained from the posteriors samples     
====================================================================================================

----- common model:  b
Inclination fixed to 90 deg!
Computing planetary mass under the approximation M_planet << M_star (threshold at 30.0 Me)
a_Rs                     2.358       -0.068        0.071    (15-84 p)
M_Mj                    0.0159      -0.0011       0.0012    (15-84 p)
M_Me                      5.07        -0.36         0.38    (15-84 p)
mean_long               348.13        -0.47         0.46    (15-84 p)
a_AU_(M)              0.007470    -0.000099     0.000097    (15-84 p)
a_AU_(rho,R)          0.007470    -0.000099     0.000097    (15-84 p)

----- common model:  c
Inclination fixed to 90 deg!
Computing planetary mass under the approximation M_planet << M_star (threshold at 30.0 Me)
a_Rs                     21.55        -0.63         0.66    (15-84 p)
M_Mj                     0.024       -0.017        0.027    (15-84 p)
M_Me                       7.5         -5.3          8.7    (15-84 p)
mean_long                 81.2         -6.0          9.3    (15-84 p)
a_AU_(M)               0.06830     -0.00092      0.00090    (15-84 p)
a_AU_(rho,R)           0.06830     -0.00092      0.00090    (15-84 p)


====================================================================================================
     ------------------------------------------------------------------------------------------     
====================================================================================================



50000.0   steps completed, average lnprob:,  -470.5370832187863


emcee completed

