**** USING NUMBA ****

PyORBIT v10.0.1

Python version in use:
3.9.15 (main, Nov 24 2022, 14:31:59) 
[GCC 11.2.0]
 LaTeX disabled by default
Using orbital model:  circular
Using orbital parametrization:  Eastman2013
Time of inferior conjunction replacing mean longitude as a free parameter:  True

Using orbital model:  keplerian
Using orbital parametrization:  Eastman2013
Time of inferior conjunction replacing mean longitude as a free parameter:  True


emcee version:  3.1.3

 Reference Time Tref: 59200.0

 Dimensions = 28
 Nwalkers = 112

 Steps: 50000


 LN posterior:  -443.530616      -4.474330     3.990755 (15-84 p) 

 Median log_priors     = -92.47075831348435
 Median log_likelihood = -338.6097918576905

 Median BIC  (using likelihood) = 828.8703949771048
 Median AIC  (using likelihood) = 733.219583715381
 Median AICc (using likelihood) = 741.5052980010953

 Median BIC  (using posterior)  = 1013.8119116040734
 Median AIC  (using posterior)  = 918.1611003423496
 Median AICc (using posterior)  = 926.446814628064

 MAP log_priors     = -94.84939567376256
 MAP log_likelihood = -335.74573728041145

 MAP BIC  (using likelihood) = 823.1422858225467
 MAP AIC  (using likelihood) = 727.4914745608229
 MAP AICc (using likelihood) = 735.7771888465372

 MAP BIC  (using posterior)  = 1012.8410771700718
 MAP AIC  (using posterior)  = 917.190265908348
 MAP AICc (using posterior)  = 925.4759801940623

 AICc suggested over AIC because NDATA ( 225 ) < 40 * NDIM ( 28 )

****************************************************************************************************


Computing the autocorrelation time of the chains

***** WARNING ******
The integrated autocorrelation time cannot be reliably estimated
likely the chains are too short, and ACF analysis is not fully reliable
emcee.autocorr.integrated_time tolerance lowered to 20
If you still get a warning, you should drop these results entirely
Chains too short to apply convergence criteria
They should be at least 1300*nthin = 130000


====================================================================================================
     Ids, spaces (s), boundaries (b) and priors (p) of the sampler parameters     
====================================================================================================

----- dataset:  RVdata
jitter_0      id:  11  s:Linear      b:[      0.0120,    1088.3783]   p:Uniform   []
jitter_1      id:  12  s:Linear      b:[      0.0120,    1088.3783]   p:Uniform   []
offset_0      id:  13  s:Linear      b:[ -13430.6237,    6632.5000]   p:Uniform   []
offset_1      id:  14  s:Linear      b:[ -13430.6237,    6632.5000]   p:Uniform   []

----- dataset: RVdata                    ----- model: gp_multidimensional           
con_amp       id:  15  s:Linear      b:[   -100.0000,     100.0000]   p:Uniform   []
rot_amp       id:  16  s:Linear      b:[      0.0000,     100.0000]   p:Uniform   []

----- dataset:  BISdata
jitter_0      id:  17  s:Linear      b:[      0.0240,    2176.7566]   p:Uniform   []
jitter_1      id:  18  s:Linear      b:[      0.0240,    2176.7566]   p:Uniform   []
offset_0      id:  19  s:Linear      b:[  -9995.0909,   10059.6000]   p:Uniform   []
offset_1      id:  20  s:Linear      b:[  -9995.0909,   10059.6000]   p:Uniform   []

----- dataset: BISdata                   ----- model: gp_multidimensional           
con_amp       id:  21  s:Linear      b:[   -100.0000,     100.0000]   p:Uniform   []
rot_amp       id:  22  s:Linear      b:[   -100.0000,     100.0000]   p:Uniform   []

----- dataset:  Sdata
jitter_0      id:  23  s:Linear      b:[      0.0000,       2.7200]   p:Uniform   []
jitter_1      id:  24  s:Linear      b:[      0.0000,       2.7200]   p:Uniform   []
offset_0      id:  25  s:Linear      b:[  -9999.3978,   10001.2170]   p:Uniform   []
offset_1      id:  26  s:Linear      b:[  -9999.3978,   10001.2170]   p:Uniform   []

----- dataset: Sdata                     ----- model: gp_multidimensional           
con_amp       id:  27  s:Linear      b:[     -1.0000,       1.0000]   p:Uniform   []
rot_amp       derived (no id, space, bound)                           p:None   []

----- common model:  b
P             id:   0  s:Linear      b:[      0.2750,       0.2850]   p:Gaussian   [2.80324956e-01 6.70000000e-08]
K             id:   1  s:Linear      b:[      0.0010,      20.0000]   p:Uniform   []
Tc            id:   2  s:Linear      b:[  57744.0000,   57744.1000]   p:Gaussian   [5.77440715e+04 1.03000000e-04]
omega         derived (no id, space, bound)                           p:None   []
e             derived (no id, space, bound)                           p:None   []

----- common model:  c
sre_sino      id:   3  s:Linear      b:[     -1.0000,       1.0000]   p:Uniform   []
sre_coso      id:   4  s:Linear      b:[     -1.0000,       1.0000]   p:Uniform   []
P             id:   5  s:Linear      b:[      7.7000,       7.8000]   p:Gaussian   [7.7489943e+00 1.4900000e-05]
K             id:   6  s:Linear      b:[      0.0010,      20.0000]   p:Uniform   []
Tc            id:   7  s:Linear      b:[  58371.0000,   58371.1000]   p:Gaussian   [5.83710742e+04 6.52000000e-04]
e             derived (no id, space, bound)                           p:Gaussian   [0.    0.098]
omega         derived (no id, space, bound)                           p:Uniform   [0.0, 360.0]

----- common model:  activity
Pdec          id:   8  s:Linear      b:[     20.0000,    1000.0000]   p:Uniform   []
Oamp          id:   9  s:Log_Base2   b:[     -9.9658,       0.0000]   p:Uniform   []
Prot          id:  10  s:Linear      b:[     10.0000,      20.0000]   p:Uniform   []

----- common model:  star_parameters
mass          derived (no id, space, bound)                           p:Gaussian   [0.708 0.028]
radius        derived (no id, space, bound)                           p:Gaussian   [0.681 0.018]
density       derived (no id, space, bound)                           p:Gaussian   [2.65 0.08]


****************************************************************************************************
****************************************************************************************************

 Confidence intervals (median value, 34.135th percentile from the median on the left and right side)

====================================================================================================
     Statistics on the posterior of the sampler parameters     
====================================================================================================

----- dataset:  RVdata
jitter_0        11          5.27        -0.99          1.1   (15-84 p)   [    0.0120,  1088.3783]
jitter_1        12          1.20        -0.69         0.72   (15-84 p)   [    0.0120,  1088.3783]
offset_0        13       -3413.1         -5.8          3.9   (15-84 p)   [-13430.6237,  6632.5000]
offset_1        14       -3381.0         -6.3          3.8   (15-84 p)   [-13430.6237,  6632.5000]

----- dataset: RVdata                    ----- model: gp_multidimensional           
con_amp         15          -7.5         -7.8          4.8   (15-84 p)   [ -100.0000,   100.0000]
rot_amp         16            44          -17           22   (15-84 p)   [    0.0000,   100.0000]

----- dataset:  BISdata
jitter_0        17          1.08        -0.73          1.0   (15-84 p)   [    0.0240,  2176.7566]
jitter_1        18           2.9         -1.4          1.3   (15-84 p)   [    0.0240,  2176.7566]
offset_0        19          24.4         -2.8          2.7   (15-84 p)   [-9995.0909, 10059.6000]
offset_1        20          50.7         -3.0          3.0   (15-84 p)   [-9995.0909, 10059.6000]

----- dataset: BISdata                   ----- model: gp_multidimensional           
con_amp         21          -0.7         -5.8          5.7   (15-84 p)   [ -100.0000,   100.0000]
rot_amp         22           -49          -23           18   (15-84 p)   [ -100.0000,   100.0000]

----- dataset:  Sdata
jitter_0        23        0.0380      -0.0049       0.0056   (15-84 p)   [    0.0000,     2.7200]
jitter_1        24        0.0575      -0.0097        0.012   (15-84 p)   [    0.0000,     2.7200]
offset_0        25         0.832        -0.12        0.099   (15-84 p)   [-9999.3978, 10001.2170]
offset_1        26          0.87        -0.12         0.10   (15-84 p)   [-9999.3978, 10001.2170]

----- dataset: Sdata                     ----- model: gp_multidimensional           
con_amp         27        -0.179       -0.097        0.070   (15-84 p)   [   -1.0000,     1.0000]

----- common model:  b
P                0   0.280324958 -0.000000068  0.000000067   (15-84 p)   [    0.2750,     0.2850]
K                1          6.26        -0.58         0.57   (15-84 p)   [    0.0010,    20.0000]
Tc               2   57744.07151     -0.00010      0.00010   (15-84 p)   [57744.0000, 57744.1000]

----- common model:  c
sre_sino         3          0.11        -0.20         0.17   (15-84 p)   [   -1.0000,     1.0000]
sre_coso         4         -0.38        -0.11         0.18   (15-84 p)   [   -1.0000,     1.0000]
P                5      7.748994    -0.000015     0.000015   (15-84 p)   [    7.7000,     7.8000]
K                6          4.26        -0.91         0.94   (15-84 p)   [    0.0010,    20.0000]
Tc               7   58371.07414     -0.00063      0.00066   (15-84 p)   [58371.0000, 58371.1000]

----- common model:  activity
Pdec             8           603         -401          286   (15-84 p)   [   20.0000,  1000.0000]
Oamp             9         -0.28        -0.36         0.20   (15-84 p)   [   -9.9658,     0.0000]
Prot            10         13.82        -0.25         0.47   (15-84 p)   [   10.0000,    20.0000]

----- common model:  star_parameters

====================================================================================================
     Statistics on the model parameters obtained from the posteriors samples     
====================================================================================================

----- dataset:  RVdata
jitter_0                  5.27        -0.99          1.1    (15-84 p)
jitter_1                  1.20        -0.69         0.72    (15-84 p)
offset_0               -3413.1         -5.8          3.9    (15-84 p)
offset_1               -3381.0         -6.3          3.8    (15-84 p)


----- dataset: RVdata                    ----- model: gp_multidimensional           
con_amp                   -7.5         -7.8          4.8    (15-84 p)
rot_amp                     44          -17           22    (15-84 p)

----- dataset:  BISdata
jitter_0                  1.08        -0.73          1.0    (15-84 p)
jitter_1                   2.9         -1.4          1.3    (15-84 p)
offset_0                  24.4         -2.8          2.7    (15-84 p)
offset_1                  50.7         -3.0          3.0    (15-84 p)


----- dataset: BISdata                   ----- model: gp_multidimensional           
con_amp                   -0.7         -5.8          5.7    (15-84 p)
rot_amp                    -49          -23           18    (15-84 p)

----- dataset:  Sdata
jitter_0                0.0380      -0.0049       0.0056    (15-84 p)
jitter_1                0.0575      -0.0097        0.012    (15-84 p)
offset_0                 0.832        -0.12        0.099    (15-84 p)
offset_1                  0.87        -0.12         0.10    (15-84 p)


----- dataset: Sdata                     ----- model: gp_multidimensional           
con_amp                 -0.179       -0.097        0.070    (15-84 p)
rot_amp                   0.00                              [fixed]

----- common model:  b
omega                90.000000                              [fixed]
e                         0.00                              [fixed]
P                  0.280324958 -0.000000068  0.000000067    (15-84 p)
K                         6.26        -0.58         0.57    (15-84 p)
Tc                 57744.07151     -0.00010      0.00010    (15-84 p)

----- common model:  c
P                     7.748994    -0.000015     0.000015    (15-84 p)
K                         4.26        -0.91         0.94    (15-84 p)
Tc                 58371.07414     -0.00063      0.00066    (15-84 p)
e                        0.191       -0.095        0.084    (15-84 p)
omega                      164          -32           28    (15-84 p)

----- common model:  activity
Pdec                       603         -401          286    (15-84 p)
Oamp                      0.83        -0.18         0.12    (15-84 p)
Prot                     13.82        -0.25         0.47    (15-84 p)

----- common model:  star_parameters

====================================================================================================
     Statistics on the derived parameters obtained from the posteriors samples     
====================================================================================================

----- common model:  b
Inclination fixed to 90 deg!
Computing planetary mass under the approximation M_planet << M_star (threshold at 30.0 Me)
a_Rs                     2.358       -0.068        0.072    (15-84 p)
M_Mj                    0.0160      -0.0015       0.0015    (15-84 p)
M_Me                      5.09        -0.49         0.48    (15-84 p)
mean_long               348.11        -0.47         0.47    (15-84 p)
a_AU_(M)              0.007471    -0.000099     0.000098    (15-84 p)
a_AU_(rho,R)          0.007471    -0.000099     0.000098    (15-84 p)

----- common model:  c
Inclination fixed to 90 deg!
Computing planetary mass under the approximation M_planet << M_star (threshold at 30.0 Me)
a_Rs                     21.56        -0.62         0.65    (15-84 p)
M_Mj                    0.0321      -0.0068       0.0071    (15-84 p)
M_Me                      10.2         -2.2          2.3    (15-84 p)
mean_long                   98          -11           10    (15-84 p)
a_AU_(M)               0.06830     -0.00092      0.00088    (15-84 p)
a_AU_(rho,R)           0.06830     -0.00092      0.00088    (15-84 p)


====================================================================================================
     ------------------------------------------------------------------------------------------     
====================================================================================================



****************************************************************************************************

 Parameters corresponding to the Maximum a Posteriori probability ( -430.595132954174 )

====================================================================================================
     Statistics on the posterior of the sampler parameters     
====================================================================================================

----- dataset:  RVdata
jitter_0        11      4.356054 [    0.0120,  1088.3783]
jitter_1        12      0.292814 [    0.0120,  1088.3783]
offset_0        13  -3413.661613 [-13430.6237,  6632.5000]
offset_1        14  -3383.472898 [-13430.6237,  6632.5000]

----- dataset: RVdata                    ----- model: gp_multidimensional           
con_amp         15     -4.633807 [ -100.0000,   100.0000]
rot_amp         16     14.835448 [    0.0000,   100.0000]

----- dataset:  BISdata
jitter_0        17      0.253628 [    0.0240,  2176.7566]
jitter_1        18      3.126121 [    0.0240,  2176.7566]
offset_0        19     23.909741 [-9995.0909, 10059.6000]
offset_1        20     49.308300 [-9995.0909, 10059.6000]

----- dataset: BISdata                   ----- model: gp_multidimensional           
con_amp         21     -1.516063 [ -100.0000,   100.0000]
rot_amp         22    -15.303308 [ -100.0000,   100.0000]

----- dataset:  Sdata
jitter_0        23      0.037801 [    0.0000,     2.7200]
jitter_1        24      0.057746 [    0.0000,     2.7200]
offset_0        25      0.845678 [-9999.3978, 10001.2170]
offset_1        26      0.899819 [-9999.3978, 10001.2170]

----- dataset: Sdata                     ----- model: gp_multidimensional           
con_amp         27     -0.053937 [   -1.0000,     1.0000]

----- common model:  b
P                0      0.280325 [    0.2750,     0.2850]
K                1      6.069237 [    0.0010,    20.0000]
Tc               2  57744.071493 [57744.0000, 57744.1000]

----- common model:  c
sre_sino         3      0.357616 [   -1.0000,     1.0000]
sre_coso         4     -0.333610 [   -1.0000,     1.0000]
P                5      7.749001 [    7.7000,     7.8000]
K                6      4.225932 [    0.0010,    20.0000]
Tc               7  58371.073442 [58371.0000, 58371.1000]

----- common model:  activity
Pdec             8    421.122921 [   20.0000,  1000.0000]
Oamp             9     -1.025946 [   -9.9658,     0.0000]
Prot            10     13.489103 [   10.0000,    20.0000]

----- common model:  star_parameters

====================================================================================================
     Statistics on the model parameters obtained from the posteriors samples     
====================================================================================================

----- dataset:  RVdata
jitter_0              4.356054 
jitter_1              0.292814 
offset_0          -3413.661613 
offset_1          -3383.472898 


----- dataset: RVdata                    ----- model: gp_multidimensional           
con_amp              -4.633807 
rot_amp              14.835448 

----- dataset:  BISdata
jitter_0              0.253628 
jitter_1              3.126121 
offset_0             23.909741 
offset_1             49.308300 


----- dataset: BISdata                   ----- model: gp_multidimensional           
con_amp              -1.516063 
rot_amp             -15.303308 

----- dataset:  Sdata
jitter_0              0.037801 
jitter_1              0.057746 
offset_0              0.845678 
offset_1              0.899819 


----- dataset: Sdata                     ----- model: gp_multidimensional           
con_amp              -0.053937 
rot_amp                   0.00 

----- common model:  b
omega                90.000000 
e                         0.00 
P                     0.280325 
K                     6.069237 
Tc                57744.071493 

----- common model:  c
P                     7.749001 
K                     4.225932 
Tc                58371.073442 
e                     0.239185 
omega               133.010893 

----- common model:  activity
Pdec                421.122921 
Oamp                  0.491088 
Prot                 13.489103 

----- common model:  star_parameters

====================================================================================================
     Statistics on the derived parameters obtained from the posteriors samples     
====================================================================================================

----- common model:  b
Inclination fixed to 90 deg!
a_Rs                  2.297388 
M_Mj                  0.015665 
M_Me                  4.979765 
mean_long           348.086129 
a_AU_(M)              0.007505 
a_AU_(rho,R)          0.007505 

----- common model:  c
Inclination fixed to 90 deg!
a_Rs                 21.042609 
M_Mj                  0.031968 
M_Me                 10.162364 
mean_long            96.363102 
a_AU_(M)              0.068559 
a_AU_(rho,R)          0.068558 


====================================================================================================
     ------------------------------------------------------------------------------------------     
====================================================================================================



****************************************************************************************************

 Parameters corresponding to the sample closest to the median values ( -434.4247862662898 )

====================================================================================================
     Statistics on the posterior of the sampler parameters     
====================================================================================================

----- dataset:  RVdata
jitter_0        11      5.955088 [    0.0120,  1088.3783]
jitter_1        12      0.911358 [    0.0120,  1088.3783]
offset_0        13  -3412.645681 [-13430.6237,  6632.5000]
offset_1        14  -3382.595954 [-13430.6237,  6632.5000]

----- dataset: RVdata                    ----- model: gp_multidimensional           
con_amp         15     -8.708853 [ -100.0000,   100.0000]
rot_amp         16     41.167787 [    0.0000,   100.0000]

----- dataset:  BISdata
jitter_0        17      1.280091 [    0.0240,  2176.7566]
jitter_1        18      2.577108 [    0.0240,  2176.7566]
offset_0        19     23.922577 [-9995.0909, 10059.6000]
offset_1        20     50.262903 [-9995.0909, 10059.6000]

----- dataset: BISdata                   ----- model: gp_multidimensional           
con_amp         21     -0.701642 [ -100.0000,   100.0000]
rot_amp         22    -53.621050 [ -100.0000,   100.0000]

----- dataset:  Sdata
jitter_0        23      0.036834 [    0.0000,     2.7200]
jitter_1        24      0.051360 [    0.0000,     2.7200]
offset_0        25      0.821901 [-9999.3978, 10001.2170]
offset_1        26      0.854643 [-9999.3978, 10001.2170]

----- dataset: Sdata                     ----- model: gp_multidimensional           
con_amp         27     -0.204101 [   -1.0000,     1.0000]

----- common model:  b
P                0      0.280325 [    0.2750,     0.2850]
K                1      5.776021 [    0.0010,    20.0000]
Tc               2  57744.071579 [57744.0000, 57744.1000]

----- common model:  c
sre_sino         3      0.025559 [   -1.0000,     1.0000]
sre_coso         4     -0.381731 [   -1.0000,     1.0000]
P                5      7.748998 [    7.7000,     7.8000]
K                6      3.342654 [    0.0010,    20.0000]
Tc               7  58371.073948 [58371.0000, 58371.1000]

----- common model:  activity
Pdec             8    671.980305 [   20.0000,  1000.0000]
Oamp             9     -0.351197 [   -9.9658,     0.0000]
Prot            10     13.856673 [   10.0000,    20.0000]

----- common model:  star_parameters

====================================================================================================
     Statistics on the model parameters obtained from the posteriors samples     
====================================================================================================

----- dataset:  RVdata
jitter_0              5.955088 
jitter_1              0.911358 
offset_0          -3412.645681 
offset_1          -3382.595954 


----- dataset: RVdata                    ----- model: gp_multidimensional           
con_amp              -8.708853 
rot_amp              41.167787 

----- dataset:  BISdata
jitter_0              1.280091 
jitter_1              2.577108 
offset_0             23.922577 
offset_1             50.262903 


----- dataset: BISdata                   ----- model: gp_multidimensional           
con_amp              -0.701642 
rot_amp             -53.621050 

----- dataset:  Sdata
jitter_0              0.036834 
jitter_1              0.051360 
offset_0              0.821901 
offset_1              0.854643 


----- dataset: Sdata                     ----- model: gp_multidimensional           
con_amp              -0.204101 
rot_amp                   0.00 

----- common model:  b
omega                90.000000 
e                         0.00 
P                     0.280325 
K                     5.776021 
Tc                57744.071579 

----- common model:  c
P                     7.748998 
K                     3.342654 
Tc                58371.073948 
e                     0.146372 
omega               176.169434 

----- common model:  activity
Pdec                671.980305 
Oamp                  0.783934 
Prot                 13.856673 

----- common model:  star_parameters

====================================================================================================
     Statistics on the derived parameters obtained from the posteriors samples     
====================================================================================================

----- common model:  b
Inclination fixed to 90 deg!
a_Rs                  2.321685 
M_Mj                  0.015424 
M_Me                  4.903317 
mean_long           348.012284 
a_AU_(M)              0.007634 
a_AU_(rho,R)          0.007634 

----- common model:  c
Inclination fixed to 90 deg!
a_Rs                 20.699619 
M_Mj                  0.025592 
M_Me                  8.135702 
mean_long            96.486234 
a_AU_(M)              0.068334 
a_AU_(rho,R)          0.068333 


====================================================================================================
     ------------------------------------------------------------------------------------------     
====================================================================================================



****************************************************************************************************

Inclination fixed to 90 deg!
Inclination fixed to 90 deg!
 Trying to identify the stellar parameters
Note: stellar density derived from its mass and radius

Inclination fixed to 90 deg!
Inclination fixed to 90 deg!
 Trying to identify the stellar parameters
Inclination fixed to 90 deg!
Inclination fixed to 90 deg!
 Trying to identify the stellar parameters
 Plot FLAT chain 

****************************************************************************************************

Plotting full_correlation plot with pygtc

****************************************************************************************************

 Plotting the chains... 

****************************************************************************************************

 Plotting the Gelman-Rubin traces... 

     Gelman-Rubin:    11     1.035692 RVdata_jitter_0 
     Gelman-Rubin:    12     1.021984 RVdata_jitter_1 
     Gelman-Rubin:    13     1.063324 RVdata_offset_0 
     Gelman-Rubin:    14     1.060086 RVdata_offset_1 
     Gelman-Rubin:    15     1.039598 RVdata_gp_multidimensional_con_amp 
     Gelman-Rubin:    16     1.037736 RVdata_gp_multidimensional_rot_amp 
     Gelman-Rubin:    17     1.024064 BISdata_jitter_0 
     Gelman-Rubin:    18     1.018062 BISdata_jitter_1 
     Gelman-Rubin:    19     1.049894 BISdata_offset_0 
     Gelman-Rubin:    20     1.048043 BISdata_offset_1 
     Gelman-Rubin:    21     1.049063 BISdata_gp_multidimensional_con_amp 
     Gelman-Rubin:    22     1.035058 BISdata_gp_multidimensional_rot_amp 
     Gelman-Rubin:    23     1.021546 Sdata_jitter_0 
     Gelman-Rubin:    24     1.022879 Sdata_jitter_1 
     Gelman-Rubin:    25     1.067520 Sdata_offset_0 
     Gelman-Rubin:    26     1.067269 Sdata_offset_1 
     Gelman-Rubin:    27     1.037000 Sdata_gp_multidimensional_con_amp 
     Gelman-Rubin:     0     1.017832 b_P 
     Gelman-Rubin:     1     1.017521 b_K 
     Gelman-Rubin:     2     1.022523 b_Tc 
     Gelman-Rubin:     3     1.024353 c_sre_sino 
     Gelman-Rubin:     4     1.036182 c_sre_coso 
     Gelman-Rubin:     5     1.024900 c_P 
     Gelman-Rubin:     6     1.021776 c_K 
     Gelman-Rubin:     7     1.018162 c_Tc 
     Gelman-Rubin:     8     1.032903 activity_Pdec 
     Gelman-Rubin:     9     1.030456 activity_Oamp 
     Gelman-Rubin:    10     1.037716 activity_Prot 

****************************************************************************************************

 Plotting the common models corner plots
     Common model:  b
     Common model:  c
     Common model:  activity
     Common model:  star_parameters

****************************************************************************************************

 Dataset + models corner plots 

     Dataset:  RVdata     model:  gp_multidimensional  corner plot  starting 
     Dataset:  RVdata     model:  gp_multidimensional  corner plot  done 
     Dataset:  RVdata     model:  radial_velocities_b  corner plot  starting 
     Dataset:  RVdata     model:  radial_velocities_b  corner plot  done 
     Dataset:  RVdata     model:  radial_velocities_c  corner plot  starting 
     Dataset:  RVdata     model:  radial_velocities_c  corner plot  done 
     Dataset:  BISdata     model:  gp_multidimensional  corner plot  starting 
     Dataset:  BISdata     model:  gp_multidimensional  corner plot  done 
     Dataset:  Sdata     model:  gp_multidimensional  corner plot  starting 
     Dataset:  Sdata     model:  gp_multidimensional  corner plot  done 

****************************************************************************************************

 Saving the planet parameter samplings to files (with plots)

****************************************************************************************************

 Saving all the parameter samplings to files (with plots)

****************************************************************************************************

 Computing the models for plot/data writing 
     Splitting the plot array to allow GP prediction of extended datasets, it may take a while...
     # 76 chunks of 2855 epochs each
     Check the documentation if the code is taking too long or if it crashes...
     Splitting the plot array to allow GP prediction of extended datasets, it may take a while...
     # 76 chunks of 1713 epochs each
     Check the documentation if the code is taking too long or if it crashes...
     Splitting the plot array to allow GP prediction of extended datasets, it may take a while...
     # 76 chunks of 1713 epochs each
     Check the documentation if the code is taking too long or if it crashes...
     Splitting the plot array to allow GP prediction of extended datasets, it may take a while...
     # 76 chunks of 2855 epochs each
     Check the documentation if the code is taking too long or if it crashes...
     Splitting the plot array to allow GP prediction of extended datasets, it may take a while...
     # 76 chunks of 1713 epochs each
     Check the documentation if the code is taking too long or if it crashes...
     Splitting the plot array to allow GP prediction of extended datasets, it may take a while...
     # 76 chunks of 1713 epochs each
     Check the documentation if the code is taking too long or if it crashes...
     Splitting the plot array to allow GP prediction of extended datasets, it may take a while...
     # 76 chunks of 2855 epochs each
     Check the documentation if the code is taking too long or if it crashes...
     Splitting the plot array to allow GP prediction of extended datasets, it may take a while...
     # 76 chunks of 1713 epochs each
     Check the documentation if the code is taking too long or if it crashes...
     Splitting the plot array to allow GP prediction of extended datasets, it may take a while...
     # 76 chunks of 1713 epochs each
     Check the documentation if the code is taking too long or if it crashes...
 Writing the plots 
 Writing the   data files 
 Writing the  MAP_ data files 
 Writing the  sampleMED_ data files 

****************************************************************************************************

