**** USING NUMBA ****

PyORBIT v10.0.1

Python version in use:
3.9.15 (main, Nov 24 2022, 14:31:59) 
[GCC 11.2.0]
 LaTeX disabled by default
Using orbital model:  circular
Using orbital parametrization:  Eastman2013
Time of inferior conjunction replacing mean longitude as a free parameter:  True

Using orbital model:  keplerian
Using orbital parametrization:  Eastman2013
Time of inferior conjunction replacing mean longitude as a free parameter:  True


emcee version:  3.1.3

 Reference Time Tref: 59200.0

 Dimensions = 28
 Nwalkers = 112

 Steps: 50000


 LN posterior:  -443.325180      -4.690651     3.995643 (15-84 p) 

 Median log_priors     = -92.41540268909057
 Median log_likelihood = -338.34078273930265

 Median BIC  (using likelihood) = 828.3323767403291
 Median AIC  (using likelihood) = 732.6815654786053
 Median AICc (using likelihood) = 740.9672797643196

 Median BIC  (using posterior)  = 1013.1631821185102
 Median AIC  (using posterior)  = 917.5123708567864
 Median AICc (using posterior)  = 925.7980851425008

 MAP log_priors     = -94.44438601304054
 MAP log_likelihood = -335.81564256902357

 MAP BIC  (using likelihood) = 823.2820963997709
 MAP AIC  (using likelihood) = 727.6312851380471
 MAP AICc (using likelihood) = 735.9169994237615

 MAP BIC  (using posterior)  = 1012.1708684258521
 MAP AIC  (using posterior)  = 916.5200571641283
 MAP AICc (using posterior)  = 924.8057714498426

 AICc suggested over AIC because NDATA ( 225 ) < 40 * NDIM ( 28 )

****************************************************************************************************


Computing the autocorrelation time of the chains

***** WARNING ******
The integrated autocorrelation time cannot be reliably estimated
likely the chains are too short, and ACF analysis is not fully reliable
emcee.autocorr.integrated_time tolerance lowered to 20
If you still get a warning, you should drop these results entirely
Chains too short to apply convergence criteria
They should be at least 1300*nthin = 130000


====================================================================================================
     Ids, spaces (s), boundaries (b) and priors (p) of the sampler parameters     
====================================================================================================

----- dataset:  RVdata
jitter_1      id:  11  s:Linear      b:[      0.0120,    1088.3783]   p:Uniform   []
jitter_0      id:  12  s:Linear      b:[      0.0120,    1088.3783]   p:Uniform   []
offset_1      id:  13  s:Linear      b:[ -13430.6237,    6632.5000]   p:Uniform   []
offset_0      id:  14  s:Linear      b:[ -13430.6237,    6632.5000]   p:Uniform   []

----- dataset: RVdata                    ----- model: tinygp_multidimensional       
con_amp       id:  15  s:Linear      b:[   -100.0000,     100.0000]   p:Uniform   []
rot_amp       id:  16  s:Linear      b:[      0.0000,     100.0000]   p:Uniform   []

----- dataset:  BISdata
jitter_1      id:  17  s:Linear      b:[      0.0240,    2176.7566]   p:Uniform   []
jitter_0      id:  18  s:Linear      b:[      0.0240,    2176.7566]   p:Uniform   []
offset_1      id:  19  s:Linear      b:[  -9995.0909,   10059.6000]   p:Uniform   []
offset_0      id:  20  s:Linear      b:[  -9995.0909,   10059.6000]   p:Uniform   []

----- dataset: BISdata                   ----- model: tinygp_multidimensional       
con_amp       id:  21  s:Linear      b:[   -100.0000,     100.0000]   p:Uniform   []
rot_amp       id:  22  s:Linear      b:[   -100.0000,     100.0000]   p:Uniform   []

----- dataset:  Sdata
jitter_1      id:  23  s:Linear      b:[      0.0000,       2.7200]   p:Uniform   []
jitter_0      id:  24  s:Linear      b:[      0.0000,       2.7200]   p:Uniform   []
offset_1      id:  25  s:Linear      b:[  -9999.3978,   10001.2170]   p:Uniform   []
offset_0      id:  26  s:Linear      b:[  -9999.3978,   10001.2170]   p:Uniform   []

----- dataset: Sdata                     ----- model: tinygp_multidimensional       
con_amp       id:  27  s:Linear      b:[     -1.0000,       1.0000]   p:Uniform   []
rot_amp       derived (no id, space, bound)                           p:None   []

----- common model:  b
Tc            id:   0  s:Linear      b:[  57744.0000,   57744.1000]   p:Gaussian   [5.77440715e+04 1.03000000e-04]
K             id:   1  s:Linear      b:[      0.0010,      20.0000]   p:Uniform   []
P             id:   2  s:Linear      b:[      0.2750,       0.2850]   p:Gaussian   [2.80324956e-01 6.70000000e-08]
e             derived (no id, space, bound)                           p:None   []
omega         derived (no id, space, bound)                           p:None   []

----- common model:  c
sre_sino      id:   3  s:Linear      b:[     -1.0000,       1.0000]   p:Uniform   []
Tc            id:   4  s:Linear      b:[  58371.0000,   58371.1000]   p:Gaussian   [5.83710742e+04 6.52000000e-04]
K             id:   5  s:Linear      b:[      0.0010,      20.0000]   p:Uniform   []
P             id:   6  s:Linear      b:[      7.7000,       7.8000]   p:Gaussian   [7.7489943e+00 1.4900000e-05]
sre_coso      id:   7  s:Linear      b:[     -1.0000,       1.0000]   p:Uniform   []
e             derived (no id, space, bound)                           p:Gaussian   [0.    0.098]
omega         derived (no id, space, bound)                           p:Uniform   [0.0, 360.0]

----- common model:  activity
Pdec          id:   8  s:Linear      b:[     20.0000,    1000.0000]   p:Uniform   []
Prot          id:   9  s:Linear      b:[     10.0000,      20.0000]   p:Uniform   []
Oamp          id:  10  s:Log_Base2   b:[     -9.9658,       0.0000]   p:Uniform   []

----- common model:  star_parameters
mass          derived (no id, space, bound)                           p:Gaussian   [0.708 0.028]
radius        derived (no id, space, bound)                           p:Gaussian   [0.681 0.018]
density       derived (no id, space, bound)                           p:Gaussian   [2.65 0.08]


****************************************************************************************************
****************************************************************************************************

 Confidence intervals (median value, 34.135th percentile from the median on the left and right side)

====================================================================================================
     Statistics on the posterior of the sampler parameters     
====================================================================================================

----- dataset:  RVdata
jitter_1        11          1.22        -0.69         0.70   (15-84 p)   [    0.0120,  1088.3783]
jitter_0        12           5.3         -1.0          1.1   (15-84 p)   [    0.0120,  1088.3783]
offset_1        13       -3380.4         -5.9          4.1   (15-84 p)   [-13430.6237,  6632.5000]
offset_0        14       -3412.5         -5.4          4.3   (15-84 p)   [-13430.6237,  6632.5000]

----- dataset: RVdata                    ----- model: tinygp_multidimensional       
con_amp         15           7.2         -4.6          7.7   (15-84 p)   [ -100.0000,   100.0000]
rot_amp         16            42          -17           21   (15-84 p)   [    0.0000,   100.0000]

----- dataset:  BISdata
jitter_1        17           2.9         -1.3          1.3   (15-84 p)   [    0.0240,  2176.7566]
jitter_0        18          1.06        -0.73          1.1   (15-84 p)   [    0.0240,  2176.7566]
offset_1        19          50.7         -2.8          2.9   (15-84 p)   [-9995.0909, 10059.6000]
offset_0        20          24.5         -2.6          2.7   (15-84 p)   [-9995.0909, 10059.6000]

----- dataset: BISdata                   ----- model: tinygp_multidimensional       
con_amp         21           0.3         -5.7          5.4   (15-84 p)   [ -100.0000,   100.0000]
rot_amp         22           -48          -23           18   (15-84 p)   [ -100.0000,   100.0000]

----- dataset:  Sdata
jitter_1        23        0.0569      -0.0095        0.012   (15-84 p)   [    0.0000,     2.7200]
jitter_0        24        0.0382      -0.0049       0.0060   (15-84 p)   [    0.0000,     2.7200]
offset_1        25          0.89        -0.11         0.10   (15-84 p)   [-9999.3978, 10001.2170]
offset_0        26          0.85        -0.11         0.11   (15-84 p)   [-9999.3978, 10001.2170]

----- dataset: Sdata                     ----- model: tinygp_multidimensional       
con_amp         27         0.173       -0.069        0.097   (15-84 p)   [   -1.0000,     1.0000]

----- common model:  b
Tc               0   57744.07151     -0.00010      0.00010   (15-84 p)   [57744.0000, 57744.1000]
K                1          6.23        -0.57         0.56   (15-84 p)   [    0.0010,    20.0000]
P                2   0.280324958 -0.000000067  0.000000065   (15-84 p)   [    0.2750,     0.2850]

----- common model:  c
sre_sino         3          0.10        -0.19         0.18   (15-84 p)   [   -1.0000,     1.0000]
Tc               4   58371.07413     -0.00065      0.00065   (15-84 p)   [58371.0000, 58371.1000]
K                5          4.26        -0.93         0.94   (15-84 p)   [    0.0010,    20.0000]
P                6      7.748994    -0.000015     0.000015   (15-84 p)   [    7.7000,     7.8000]
sre_coso         7         -0.38        -0.11         0.18   (15-84 p)   [   -1.0000,     1.0000]

----- common model:  activity
Pdec             8           619         -416          279   (15-84 p)   [   20.0000,  1000.0000]
Prot             9         13.81        -0.25         0.48   (15-84 p)   [   10.0000,    20.0000]
Oamp            10         -0.29        -0.38         0.21   (15-84 p)   [   -9.9658,     0.0000]

----- common model:  star_parameters

====================================================================================================
     Statistics on the model parameters obtained from the posteriors samples     
====================================================================================================

----- dataset:  RVdata
jitter_1                  1.22        -0.69         0.70    (15-84 p)
jitter_0                   5.3         -1.0          1.1    (15-84 p)
offset_1               -3380.4         -5.9          4.1    (15-84 p)
offset_0               -3412.5         -5.4          4.3    (15-84 p)


----- dataset: RVdata                    ----- model: tinygp_multidimensional       
rot_amp                     42          -17           21    (15-84 p)
con_amp                    7.2         -4.6          7.7    (15-84 p)

----- dataset:  BISdata
jitter_1                   2.9         -1.3          1.3    (15-84 p)
jitter_0                  1.06        -0.73          1.1    (15-84 p)
offset_1                  50.7         -2.8          2.9    (15-84 p)
offset_0                  24.5         -2.6          2.7    (15-84 p)


----- dataset: BISdata                   ----- model: tinygp_multidimensional       
rot_amp                    -48          -23           18    (15-84 p)
con_amp                    0.3         -5.7          5.4    (15-84 p)

----- dataset:  Sdata
jitter_1                0.0569      -0.0095        0.012    (15-84 p)
jitter_0                0.0382      -0.0049       0.0060    (15-84 p)
offset_1                  0.89        -0.11         0.10    (15-84 p)
offset_0                  0.85        -0.11         0.11    (15-84 p)


----- dataset: Sdata                     ----- model: tinygp_multidimensional       
rot_amp                   0.00                              [fixed]
con_amp                  0.173       -0.069        0.097    (15-84 p)

----- common model:  b
Tc                 57744.07151     -0.00010      0.00010    (15-84 p)
K                         6.23        -0.57         0.56    (15-84 p)
e                         0.00                              [fixed]
P                  0.280324958 -0.000000067  0.000000065    (15-84 p)
omega                90.000000                              [fixed]

----- common model:  c
Tc                 58371.07413     -0.00065      0.00065    (15-84 p)
K                         4.26        -0.93         0.94    (15-84 p)
P                     7.748994    -0.000015     0.000015    (15-84 p)
e                        0.190       -0.096        0.084    (15-84 p)
omega                      165          -33           28    (15-84 p)

----- common model:  activity
Pdec                       619         -416          279    (15-84 p)
Prot                     13.81        -0.25         0.48    (15-84 p)
Oamp                      0.82        -0.19         0.13    (15-84 p)

----- common model:  star_parameters

====================================================================================================
     Statistics on the derived parameters obtained from the posteriors samples     
====================================================================================================

----- common model:  b
Inclination fixed to 90 deg!
Computing planetary mass under the approximation M_planet << M_star (threshold at 30.0 Me)
a_Rs                     2.357       -0.068        0.072    (15-84 p)
M_Mj                    0.0159      -0.0015       0.0015    (15-84 p)
M_Me                      5.06        -0.48         0.48    (15-84 p)
mean_long               348.12        -0.47         0.46    (15-84 p)
a_AU_(M)              0.007471    -0.000099     0.000097    (15-84 p)
a_AU_(rho,R)          0.007470    -0.000099     0.000097    (15-84 p)

----- common model:  c
Inclination fixed to 90 deg!
Computing planetary mass under the approximation M_planet << M_star (threshold at 30.0 Me)
a_Rs                     21.55        -0.62         0.65    (15-84 p)
M_Mj                    0.0322      -0.0069       0.0070    (15-84 p)
M_Me                      10.2         -2.2          2.2    (15-84 p)
mean_long                   98          -11           10    (15-84 p)
a_AU_(M)               0.06829     -0.00091      0.00090    (15-84 p)
a_AU_(rho,R)           0.06829     -0.00091      0.00090    (15-84 p)


====================================================================================================
     ------------------------------------------------------------------------------------------     
====================================================================================================



****************************************************************************************************

 Parameters corresponding to the Maximum a Posteriori probability ( -430.26002858206414 )

====================================================================================================
     Statistics on the posterior of the sampler parameters     
====================================================================================================

----- dataset:  RVdata
jitter_1        11      1.579602 [    0.0120,  1088.3783]
jitter_0        12      5.189552 [    0.0120,  1088.3783]
offset_1        13  -3380.495464 [-13430.6237,  6632.5000]
offset_0        14  -3411.722191 [-13430.6237,  6632.5000]

----- dataset: RVdata                    ----- model: tinygp_multidimensional       
con_amp         15      1.399054 [ -100.0000,   100.0000]
rot_amp         16     12.034781 [    0.0000,   100.0000]

----- dataset:  BISdata
jitter_1        17      2.596058 [    0.0240,  2176.7566]
jitter_0        18      0.170932 [    0.0240,  2176.7566]
offset_1        19     50.225500 [-9995.0909, 10059.6000]
offset_0        20     23.520530 [-9995.0909, 10059.6000]

----- dataset: BISdata                   ----- model: tinygp_multidimensional       
con_amp         21      2.171733 [ -100.0000,   100.0000]
rot_amp         22    -15.066834 [ -100.0000,   100.0000]

----- dataset:  Sdata
jitter_1        23      0.054640 [    0.0000,     2.7200]
jitter_0        24      0.037342 [    0.0000,     2.7200]
offset_1        25      0.900286 [-9999.3978, 10001.2170]
offset_0        26      0.849947 [-9999.3978, 10001.2170]

----- dataset: Sdata                     ----- model: tinygp_multidimensional       
con_amp         27      0.050059 [   -1.0000,     1.0000]

----- common model:  b
Tc               0  57744.071544 [57744.0000, 57744.1000]
K                1      6.045089 [    0.0010,    20.0000]
P                2      0.280325 [    0.2750,     0.2850]

----- common model:  c
sre_sino         3      0.301631 [   -1.0000,     1.0000]
Tc               4  58371.074247 [58371.0000, 58371.1000]
K                5      4.875064 [    0.0010,    20.0000]
P                6      7.749004 [    7.7000,     7.8000]
sre_coso         7     -0.342295 [   -1.0000,     1.0000]

----- common model:  activity
Pdec             8     41.342032 [   20.0000,  1000.0000]
Prot             9     13.930067 [   10.0000,    20.0000]
Oamp            10     -1.225260 [   -9.9658,     0.0000]

----- common model:  star_parameters

====================================================================================================
     Statistics on the model parameters obtained from the posteriors samples     
====================================================================================================

----- dataset:  RVdata
jitter_1              1.579602 
jitter_0              5.189552 
offset_1          -3380.495464 
offset_0          -3411.722191 


----- dataset: RVdata                    ----- model: tinygp_multidimensional       
rot_amp              12.034781 
con_amp               1.399054 

----- dataset:  BISdata
jitter_1              2.596058 
jitter_0              0.170932 
offset_1             50.225500 
offset_0             23.520530 


----- dataset: BISdata                   ----- model: tinygp_multidimensional       
rot_amp             -15.066834 
con_amp               2.171733 

----- dataset:  Sdata
jitter_1              0.054640 
jitter_0              0.037342 
offset_1              0.900286 
offset_0              0.849947 


----- dataset: Sdata                     ----- model: tinygp_multidimensional       
rot_amp                   0.00 
con_amp               0.050059 

----- common model:  b
Tc                57744.071544 
K                     6.045089 
e                         0.00 
P                     0.280325 
omega                90.000000 

----- common model:  c
Tc                58371.074247 
K                     4.875064 
P                     7.749004 
e                     0.208147 
omega               138.613415 

----- common model:  activity
Pdec                 41.342032 
Prot                 13.930067 
Oamp                  0.427720 

----- common model:  star_parameters

====================================================================================================
     Statistics on the derived parameters obtained from the posteriors samples     
====================================================================================================

----- common model:  b
Inclination fixed to 90 deg!
a_Rs                  2.252412 
M_Mj                  0.015194 
M_Me                  4.830031 
mean_long           347.539669 
a_AU_(M)              0.007407 
a_AU_(rho,R)          0.007406 

----- common model:  c
Inclination fixed to 90 deg!
a_Rs                 21.207435 
M_Mj                  0.037931 
M_Me                 12.058179 
mean_long            96.022298 
a_AU_(M)              0.069278 
a_AU_(rho,R)          0.069276 


====================================================================================================
     ------------------------------------------------------------------------------------------     
====================================================================================================



****************************************************************************************************

 Parameters corresponding to the sample closest to the median values ( -438.2433968863225 )

====================================================================================================
     Statistics on the posterior of the sampler parameters     
====================================================================================================

----- dataset:  RVdata
jitter_1        11      1.009477 [    0.0120,  1088.3783]
jitter_0        12      5.051814 [    0.0120,  1088.3783]
offset_1        13  -3376.685786 [-13430.6237,  6632.5000]
offset_0        14  -3409.067830 [-13430.6237,  6632.5000]

----- dataset: RVdata                    ----- model: tinygp_multidimensional       
con_amp         15      2.503825 [ -100.0000,   100.0000]
rot_amp         16     33.163284 [    0.0000,   100.0000]

----- dataset:  BISdata
jitter_1        17      2.299378 [    0.0240,  2176.7566]
jitter_0        18      0.526795 [    0.0240,  2176.7566]
offset_1        19     49.759630 [-9995.0909, 10059.6000]
offset_0        20     24.016771 [-9995.0909, 10059.6000]

----- dataset: BISdata                   ----- model: tinygp_multidimensional       
con_amp         21     -0.565038 [ -100.0000,   100.0000]
rot_amp         22    -48.747633 [ -100.0000,   100.0000]

----- dataset:  Sdata
jitter_1        23      0.054238 [    0.0000,     2.7200]
jitter_0        24      0.036878 [    0.0000,     2.7200]
offset_1        25      0.954418 [-9999.3978, 10001.2170]
offset_0        26      0.933139 [-9999.3978, 10001.2170]

----- dataset: Sdata                     ----- model: tinygp_multidimensional       
con_amp         27      0.144411 [   -1.0000,     1.0000]

----- common model:  b
Tc               0  57744.071487 [57744.0000, 57744.1000]
K                1      6.425609 [    0.0010,    20.0000]
P                2      0.280325 [    0.2750,     0.2850]

----- common model:  c
sre_sino         3      0.076927 [   -1.0000,     1.0000]
Tc               4  58371.073692 [58371.0000, 58371.1000]
K                5      4.404502 [    0.0010,    20.0000]
P                6      7.748993 [    7.7000,     7.8000]
sre_coso         7     -0.359659 [   -1.0000,     1.0000]

----- common model:  activity
Pdec             8    577.983273 [   20.0000,  1000.0000]
Prot             9     14.102295 [   10.0000,    20.0000]
Oamp            10     -0.117159 [   -9.9658,     0.0000]

----- common model:  star_parameters

====================================================================================================
     Statistics on the model parameters obtained from the posteriors samples     
====================================================================================================

----- dataset:  RVdata
jitter_1              1.009477 
jitter_0              5.051814 
offset_1          -3376.685786 
offset_0          -3409.067830 


----- dataset: RVdata                    ----- model: tinygp_multidimensional       
rot_amp              33.163284 
con_amp               2.503825 

----- dataset:  BISdata
jitter_1              2.299378 
jitter_0              0.526795 
offset_1             49.759630 
offset_0             24.016771 


----- dataset: BISdata                   ----- model: tinygp_multidimensional       
rot_amp             -48.747633 
con_amp              -0.565038 

----- dataset:  Sdata
jitter_1              0.054238 
jitter_0              0.036878 
offset_1              0.954418 
offset_0              0.933139 


----- dataset: Sdata                     ----- model: tinygp_multidimensional       
rot_amp                   0.00 
con_amp               0.144411 

----- common model:  b
Tc                57744.071487 
K                     6.425609 
e                         0.00 
P                     0.280325 
omega                90.000000 

----- common model:  c
Tc                58371.073692 
K                     4.404502 
P                     7.748993 
e                     0.135272 
omega               167.927018 

----- common model:  activity
Pdec                577.983273 
Prot                 14.102295 
Oamp                  0.922002 

----- common model:  star_parameters

====================================================================================================
     Statistics on the derived parameters obtained from the posteriors samples     
====================================================================================================

----- common model:  b
Inclination fixed to 90 deg!
a_Rs                  2.413866 
M_Mj                  0.017135 
M_Me                  5.447267 
mean_long           347.960158 
a_AU_(M)              0.007629 
a_AU_(rho,R)          0.007629 

----- common model:  c
Inclination fixed to 90 deg!
a_Rs                 20.663020 
M_Mj                  0.033455 
M_Me                 10.635154 
mean_long            94.769053 
a_AU_(M)              0.068008 
a_AU_(rho,R)          0.068007 


====================================================================================================
     ------------------------------------------------------------------------------------------     
====================================================================================================



****************************************************************************************************

Inclination fixed to 90 deg!
Inclination fixed to 90 deg!
 Trying to identify the stellar parameters
Note: stellar density derived from its mass and radius

Inclination fixed to 90 deg!
Inclination fixed to 90 deg!
 Trying to identify the stellar parameters
Inclination fixed to 90 deg!
Inclination fixed to 90 deg!
 Trying to identify the stellar parameters
 Plot FLAT chain 

****************************************************************************************************

Plotting full_correlation plot with pygtc

****************************************************************************************************

 Plotting the chains... 

****************************************************************************************************

 Plotting the Gelman-Rubin traces... 

     Gelman-Rubin:    11     1.021388 RVdata_jitter_1 
     Gelman-Rubin:    12     1.044453 RVdata_jitter_0 
     Gelman-Rubin:    13     1.074986 RVdata_offset_1 
     Gelman-Rubin:    14     1.083841 RVdata_offset_0 
     Gelman-Rubin:    15     1.077860 RVdata_tinygp_multidimensional_con_amp 
     Gelman-Rubin:    16     1.045666 RVdata_tinygp_multidimensional_rot_amp 
     Gelman-Rubin:    17     1.023565 BISdata_jitter_1 
     Gelman-Rubin:    18     1.022772 BISdata_jitter_0 
     Gelman-Rubin:    19     1.042199 BISdata_offset_1 
     Gelman-Rubin:    20     1.043673 BISdata_offset_0 
     Gelman-Rubin:    21     1.064636 BISdata_tinygp_multidimensional_con_amp 
     Gelman-Rubin:    22     1.035740 BISdata_tinygp_multidimensional_rot_amp 
     Gelman-Rubin:    23     1.027966 Sdata_jitter_1 
     Gelman-Rubin:    24     1.021106 Sdata_jitter_0 
     Gelman-Rubin:    25     1.073692 Sdata_offset_1 
     Gelman-Rubin:    26     1.074112 Sdata_offset_0 
     Gelman-Rubin:    27     1.041290 Sdata_tinygp_multidimensional_con_amp 
     Gelman-Rubin:     0     1.018580 b_Tc 
     Gelman-Rubin:     1     1.018726 b_K 
     Gelman-Rubin:     2     1.018471 b_P 
     Gelman-Rubin:     3     1.022203 c_sre_sino 
     Gelman-Rubin:     4     1.020235 c_Tc 
     Gelman-Rubin:     5     1.022025 c_K 
     Gelman-Rubin:     6     1.019905 c_P 
     Gelman-Rubin:     7     1.033168 c_sre_coso 
     Gelman-Rubin:     8     1.029161 activity_Pdec 
     Gelman-Rubin:     9     1.045765 activity_Prot 
     Gelman-Rubin:    10     1.026341 activity_Oamp 

****************************************************************************************************

 Plotting the common models corner plots
     Common model:  b
     Common model:  c
     Common model:  activity
     Common model:  star_parameters

****************************************************************************************************

 Dataset + models corner plots 

     Dataset:  RVdata     model:  tinygp_multidimensional  corner plot  starting 
     Dataset:  RVdata     model:  tinygp_multidimensional  corner plot  done 
     Dataset:  RVdata     model:  radial_velocities_b  corner plot  starting 
     Dataset:  RVdata     model:  radial_velocities_b  corner plot  done 
     Dataset:  RVdata     model:  radial_velocities_c  corner plot  starting 
     Dataset:  RVdata     model:  radial_velocities_c  corner plot  done 
     Dataset:  BISdata     model:  tinygp_multidimensional  corner plot  starting 
     Dataset:  BISdata     model:  tinygp_multidimensional  corner plot  done 
     Dataset:  Sdata     model:  tinygp_multidimensional  corner plot  starting 
     Dataset:  Sdata     model:  tinygp_multidimensional  corner plot  done 

****************************************************************************************************

 Saving the planet parameter samplings to files (with plots)

****************************************************************************************************

 Saving all the parameter samplings to files (with plots)

****************************************************************************************************

 Computing the models for plot/data writing 
     Splitting the plot array to allow GP prediction of extended datasets, it may take a while...
     # 2856 chunks of 75 epochs each
     Check the documentation if the code is taking too long or if it crashes...
     Splitting the plot array to allow GP prediction of extended datasets, it may take a while...
     # 1714 chunks of 75 epochs each
     Check the documentation if the code is taking too long or if it crashes...
     Splitting the plot array to allow GP prediction of extended datasets, it may take a while...
     # 1714 chunks of 75 epochs each
     Check the documentation if the code is taking too long or if it crashes...
     Splitting the plot array to allow GP prediction of extended datasets, it may take a while...
     # 2856 chunks of 75 epochs each
     Check the documentation if the code is taking too long or if it crashes...
     Splitting the plot array to allow GP prediction of extended datasets, it may take a while...
     # 1714 chunks of 75 epochs each
     Check the documentation if the code is taking too long or if it crashes...
     Splitting the plot array to allow GP prediction of extended datasets, it may take a while...
     # 1714 chunks of 75 epochs each
     Check the documentation if the code is taking too long or if it crashes...
     Splitting the plot array to allow GP prediction of extended datasets, it may take a while...
     # 2856 chunks of 75 epochs each
     Check the documentation if the code is taking too long or if it crashes...
     Splitting the plot array to allow GP prediction of extended datasets, it may take a while...
     # 1714 chunks of 75 epochs each
     Check the documentation if the code is taking too long or if it crashes...
     Splitting the plot array to allow GP prediction of extended datasets, it may take a while...
     # 1714 chunks of 75 epochs each
     Check the documentation if the code is taking too long or if it crashes...
 Writing the plots 
 Writing the   data files 
 Writing the  MAP_ data files 
 Writing the  sampleMED_ data files 

****************************************************************************************************

