**** USING NUMBA ****

PyORBIT v10.0.1

Python version in use:
3.9.15 (main, Nov 24 2022, 14:31:59) 
[GCC 11.2.0]

reloaded_optimize:  False
reloaded_pyde:  False
reloaded_emcee:  False

number of multiprocessing threads: 128

parameters/safe_reload flag (must be True for tinygp):  True

Opening:  RVdata
Opening:  BISdata
Opening:  Sdata
Adding common model of planet:  b
Adding common model of planet:  c
Using orbital model:  circular
Using orbital parametrization:  Eastman2013
Time of inferior conjunction replacing mean longitude as a free parameter:  True

Using orbital model:  keplerian
Using orbital parametrization:  Eastman2013
Time of inferior conjunction replacing mean longitude as a free parameter:  True


====================================================================================================
     Ids, spaces (s), boundaries (b) and priors (p) of the sampler parameters     
====================================================================================================

----- dataset:  RVdata
jitter_1      id:  11  s:Linear      b:[      0.0120,    1088.3783]   p:Uniform   []
offset_1      id:  12  s:Linear      b:[ -13430.6237,    6632.5000]   p:Uniform   []
offset_0      id:  13  s:Linear      b:[ -13430.6237,    6632.5000]   p:Uniform   []
jitter_0      id:  14  s:Linear      b:[      0.0120,    1088.3783]   p:Uniform   []

----- dataset: RVdata                    ----- model: tinygp_multidimensional       
con_amp       id:  15  s:Linear      b:[   -100.0000,     100.0000]   p:Uniform   []
rot_amp       id:  16  s:Linear      b:[      0.0000,     100.0000]   p:Uniform   []

----- dataset:  BISdata
jitter_1      id:  17  s:Linear      b:[      0.0240,    2176.7566]   p:Uniform   []
offset_1      id:  18  s:Linear      b:[  -9995.0909,   10059.6000]   p:Uniform   []
offset_0      id:  19  s:Linear      b:[  -9995.0909,   10059.6000]   p:Uniform   []
jitter_0      id:  20  s:Linear      b:[      0.0240,    2176.7566]   p:Uniform   []

----- dataset: BISdata                   ----- model: tinygp_multidimensional       
con_amp       id:  21  s:Linear      b:[   -100.0000,     100.0000]   p:Uniform   []
rot_amp       id:  22  s:Linear      b:[   -100.0000,     100.0000]   p:Uniform   []

----- dataset:  Sdata
jitter_1      id:  23  s:Linear      b:[      0.0000,       2.7200]   p:Uniform   []
offset_1      id:  24  s:Linear      b:[  -9999.3978,   10001.2170]   p:Uniform   []
offset_0      id:  25  s:Linear      b:[  -9999.3978,   10001.2170]   p:Uniform   []
jitter_0      id:  26  s:Linear      b:[      0.0000,       2.7200]   p:Uniform   []

----- dataset: Sdata                     ----- model: tinygp_multidimensional       
con_amp       id:  27  s:Linear      b:[     -1.0000,       1.0000]   p:Uniform   []
rot_amp       derived (no id, space, bound)                           p:None   []

----- common model:  b
P             id:   0  s:Linear      b:[      0.2750,       0.2850]   p:Gaussian   [2.80324956e-01 6.70000000e-08]
K             id:   1  s:Linear      b:[      0.0010,      20.0000]   p:Uniform   []
Tc            id:   2  s:Linear      b:[  57744.0000,   57744.1000]   p:Gaussian   [5.77440715e+04 1.03000000e-04]
e             derived (no id, space, bound)                           p:None   []
omega         derived (no id, space, bound)                           p:None   []

----- common model:  c
P             id:   3  s:Linear      b:[      7.7000,       7.8000]   p:Gaussian   [7.7489943e+00 1.4900000e-05]
K             id:   4  s:Linear      b:[      0.0010,      20.0000]   p:Uniform   []
sre_sino      id:   5  s:Linear      b:[     -1.0000,       1.0000]   p:Uniform   []
sre_coso      id:   6  s:Linear      b:[     -1.0000,       1.0000]   p:Uniform   []
Tc            id:   7  s:Linear      b:[  58371.0000,   58371.1000]   p:Gaussian   [5.83710742e+04 6.52000000e-04]
e             derived (no id, space, bound)                           p:Gaussian   [0.    0.098]
omega         derived (no id, space, bound)                           p:Uniform   [0.0, 360.0]

----- common model:  activity
Oamp          id:   8  s:Log_Base2   b:[     -9.9658,       0.0000]   p:Uniform   []
Pdec          id:   9  s:Linear      b:[     20.0000,    1000.0000]   p:Uniform   []
Prot          id:  10  s:Linear      b:[     10.0000,      20.0000]   p:Uniform   []

----- common model:  star_parameters
mass          derived (no id, space, bound)                           p:Gaussian   [0.708 0.028]
radius        derived (no id, space, bound)                           p:Gaussian   [0.681 0.018]
density       derived (no id, space, bound)                           p:Gaussian   [2.65 0.08]

Include priors:  True

Reference Time Tref:  59200.0

Dimensions =  28
Nwalkers =  112

Using threading pool for PyDE: True
PyDE running
Boundaries redefined after PyDE output
PyDE completed, it took        403.9 seconds

 safe_reload flag on True, the program will now quit 
 You have to relaunch it again in order for emcee to work properly
 No worries, your PyDE results have been saved!
**** USING NUMBA ****

PyORBIT v10.0.1

Python version in use:
3.9.15 (main, Nov 24 2022, 14:31:59) 
[GCC 11.2.0]

reloaded_optimize:  False
reloaded_pyde:  True
reloaded_emcee:  False

number of multiprocessing threads: 128

parameters/safe_reload flag (must be True for tinygp):  True

Opening:  RVdata
Opening:  BISdata
Opening:  Sdata
Adding common model of planet:  b
Adding common model of planet:  c
Using orbital model:  circular
Using orbital parametrization:  Eastman2013
Time of inferior conjunction replacing mean longitude as a free parameter:  True

Using orbital model:  keplerian
Using orbital parametrization:  Eastman2013
Time of inferior conjunction replacing mean longitude as a free parameter:  True


====================================================================================================
     Ids, spaces (s), boundaries (b) and priors (p) of the sampler parameters     
====================================================================================================

----- dataset:  RVdata
jitter_1      id:  11  s:Linear      b:[      0.0120,    1088.3783]   p:Uniform   []
jitter_0      id:  12  s:Linear      b:[      0.0120,    1088.3783]   p:Uniform   []
offset_1      id:  13  s:Linear      b:[ -13430.6237,    6632.5000]   p:Uniform   []
offset_0      id:  14  s:Linear      b:[ -13430.6237,    6632.5000]   p:Uniform   []

----- dataset: RVdata                    ----- model: tinygp_multidimensional       
con_amp       id:  15  s:Linear      b:[   -100.0000,     100.0000]   p:Uniform   []
rot_amp       id:  16  s:Linear      b:[      0.0000,     100.0000]   p:Uniform   []

----- dataset:  BISdata
jitter_1      id:  17  s:Linear      b:[      0.0240,    2176.7566]   p:Uniform   []
jitter_0      id:  18  s:Linear      b:[      0.0240,    2176.7566]   p:Uniform   []
offset_1      id:  19  s:Linear      b:[  -9995.0909,   10059.6000]   p:Uniform   []
offset_0      id:  20  s:Linear      b:[  -9995.0909,   10059.6000]   p:Uniform   []

----- dataset: BISdata                   ----- model: tinygp_multidimensional       
con_amp       id:  21  s:Linear      b:[   -100.0000,     100.0000]   p:Uniform   []
rot_amp       id:  22  s:Linear      b:[   -100.0000,     100.0000]   p:Uniform   []

----- dataset:  Sdata
jitter_1      id:  23  s:Linear      b:[      0.0000,       2.7200]   p:Uniform   []
jitter_0      id:  24  s:Linear      b:[      0.0000,       2.7200]   p:Uniform   []
offset_1      id:  25  s:Linear      b:[  -9999.3978,   10001.2170]   p:Uniform   []
offset_0      id:  26  s:Linear      b:[  -9999.3978,   10001.2170]   p:Uniform   []

----- dataset: Sdata                     ----- model: tinygp_multidimensional       
con_amp       id:  27  s:Linear      b:[     -1.0000,       1.0000]   p:Uniform   []
rot_amp       derived (no id, space, bound)                           p:None   []

----- common model:  b
Tc            id:   0  s:Linear      b:[  57744.0000,   57744.1000]   p:Gaussian   [5.77440715e+04 1.03000000e-04]
K             id:   1  s:Linear      b:[      0.0010,      20.0000]   p:Uniform   []
P             id:   2  s:Linear      b:[      0.2750,       0.2850]   p:Gaussian   [2.80324956e-01 6.70000000e-08]
e             derived (no id, space, bound)                           p:None   []
omega         derived (no id, space, bound)                           p:None   []

----- common model:  c
sre_sino      id:   3  s:Linear      b:[     -1.0000,       1.0000]   p:Uniform   []
Tc            id:   4  s:Linear      b:[  58371.0000,   58371.1000]   p:Gaussian   [5.83710742e+04 6.52000000e-04]
K             id:   5  s:Linear      b:[      0.0010,      20.0000]   p:Uniform   []
P             id:   6  s:Linear      b:[      7.7000,       7.8000]   p:Gaussian   [7.7489943e+00 1.4900000e-05]
sre_coso      id:   7  s:Linear      b:[     -1.0000,       1.0000]   p:Uniform   []
e             derived (no id, space, bound)                           p:Gaussian   [0.    0.098]
omega         derived (no id, space, bound)                           p:Uniform   [0.0, 360.0]

----- common model:  activity
Pdec          id:   8  s:Linear      b:[     20.0000,    1000.0000]   p:Uniform   []
Prot          id:   9  s:Linear      b:[     10.0000,      20.0000]   p:Uniform   []
Oamp          id:  10  s:Log_Base2   b:[     -9.9658,       0.0000]   p:Uniform   []

----- common model:  star_parameters
mass          derived (no id, space, bound)                           p:Gaussian   [0.708 0.028]
radius        derived (no id, space, bound)                           p:Gaussian   [0.681 0.018]
density       derived (no id, space, bound)                           p:Gaussian   [2.65 0.08]

Include priors:  True

Reference Time Tref:  59200.0

Dimensions =  28
Nwalkers =  112

Using previous population as starting point. 

====================================================================================================
     Starting point of the sample/optimization routines    
====================================================================================================

----- dataset:  RVdata
jitter_1        11      0.771857 [    0.0120,  1088.3783]
jitter_0        12      4.812724 [    0.0120,  1088.3783]
offset_1        13  -3380.138312 [-13430.6237,  6632.5000]
offset_0        14  -3411.981511 [-13430.6237,  6632.5000]

----- dataset: RVdata                    ----- model: tinygp_multidimensional       
con_amp         15      2.115195 [ -100.0000,   100.0000]
rot_amp         16     12.735694 [    0.0000,   100.0000]

----- dataset:  BISdata
jitter_1        17      2.575275 [    0.0240,  2176.7566]
jitter_0        18      0.062939 [    0.0240,  2176.7566]
offset_1        19     50.909125 [-9995.0909, 10059.6000]
offset_0        20     24.321119 [-9995.0909, 10059.6000]

----- dataset: BISdata                   ----- model: tinygp_multidimensional       
con_amp         21      0.250084 [ -100.0000,   100.0000]
rot_amp         22    -14.788520 [ -100.0000,   100.0000]

----- dataset:  Sdata
jitter_1        23      0.052752 [    0.0000,     2.7200]
jitter_0        24      0.035388 [    0.0000,     2.7200]
offset_1        25      0.900213 [-9999.3978, 10001.2170]
offset_0        26      0.862331 [-9999.3978, 10001.2170]

----- dataset: Sdata                     ----- model: tinygp_multidimensional       
con_amp         27      0.056614 [   -1.0000,     1.0000]

----- common model:  b
Tc               0  57744.071510 [57744.0000, 57744.1000]
K                1      6.347450 [    0.0010,    20.0000]
P                2      0.280325 [    0.2750,     0.2850]

----- common model:  c
sre_sino         3      0.110202 [   -1.0000,     1.0000]
Tc               4  58371.074144 [58371.0000, 58371.1000]
K                5      4.391837 [    0.0010,    20.0000]
P                6      7.748994 [    7.7000,     7.8000]
sre_coso         7     -0.472738 [   -1.0000,     1.0000]

----- common model:  activity
Pdec             8    913.198444 [   20.0000,  1000.0000]
Prot             9     13.809566 [   10.0000,    20.0000]
Oamp            10     -1.091618 [   -9.9658,     0.0000]

----- common model:  star_parameters

====================================================================================================
     Starting point projected onto the model parameter space     
====================================================================================================

----- dataset:  RVdata
jitter_1              0.771857 
jitter_0              4.812724 
offset_1          -3380.138312 
offset_0          -3411.981511 


----- dataset: RVdata                    ----- model: tinygp_multidimensional       
con_amp               2.115195 
rot_amp              12.735694 

----- dataset:  BISdata
jitter_1              2.575275 
jitter_0              0.062939 
offset_1             50.909125 
offset_0             24.321119 


----- dataset: BISdata                   ----- model: tinygp_multidimensional       
con_amp               0.250084 
rot_amp             -14.788520 

----- dataset:  Sdata
jitter_1              0.052752 
jitter_0              0.035388 
offset_1              0.900213 
offset_0              0.862331 


----- dataset: Sdata                     ----- model: tinygp_multidimensional       
con_amp               0.056614 
rot_amp                   0.00 

----- common model:  b
Tc                57744.071510 
K                     6.347450 
e                         0.00 
P                     0.280325 
omega                90.000000 

----- common model:  c
Tc                58371.074144 
K                     4.391837 
P                     7.748994 
e                     0.235626 
omega               166.877844 

----- common model:  activity
Pdec                913.198444 
Prot                 13.809566 
Oamp                  0.469235 

----- common model:  star_parameters

====================================================================================================
     Derived parameters obtained from starting point     
====================================================================================================

----- common model:  b
Inclination fixed to 90 deg!
a_Rs                  2.433319 
M_Mj                  0.016802 
M_Me                  5.341199 
mean_long           348.122415 
a_AU_(M)              0.007601 
a_AU_(rho,R)          0.007601 

----- common model:  c
Inclination fixed to 90 deg!
a_Rs                 21.369995 
M_Mj                  0.031903 
M_Me                 10.141907 
mean_long           104.997256 
a_AU_(M)              0.067154 
a_AU_(rho,R)          0.067153 


====================================================================================================
     ------------------------------------------------------------------------------------------     
====================================================================================================



*************************************************************

Running emcee

emcee version:  3.1.3
Using threading pool for emcee: True


Computing the autocorrelation time of the chains

***** WARNING ******
The integrated autocorrelation time cannot be reliably estimated
likely the chains are too short, and ACF analysis is not fully reliable
emcee.autocorr.integrated_time tolerance lowered to 20
If you still get a warning, you should drop these results entirely
Chains too short to apply convergence criteria
They should be at least 1300*nthin = 130000

====================================================================================================
     Statistics on the posterior of the sampler parameters     
====================================================================================================

----- dataset:  RVdata
jitter_1        11          1.22        -0.69         0.70   (15-84 p)   [    0.0120,  1088.3783]
jitter_0        12           5.3         -1.0          1.1   (15-84 p)   [    0.0120,  1088.3783]
offset_1        13       -3380.4         -5.9          4.1   (15-84 p)   [-13430.6237,  6632.5000]
offset_0        14       -3412.5         -5.4          4.3   (15-84 p)   [-13430.6237,  6632.5000]

----- dataset: RVdata                    ----- model: tinygp_multidimensional       
con_amp         15           7.2         -4.6          7.7   (15-84 p)   [ -100.0000,   100.0000]
rot_amp         16            42          -17           21   (15-84 p)   [    0.0000,   100.0000]

----- dataset:  BISdata
jitter_1        17           2.9         -1.3          1.3   (15-84 p)   [    0.0240,  2176.7566]
jitter_0        18          1.06        -0.73          1.1   (15-84 p)   [    0.0240,  2176.7566]
offset_1        19          50.7         -2.8          2.9   (15-84 p)   [-9995.0909, 10059.6000]
offset_0        20          24.5         -2.6          2.7   (15-84 p)   [-9995.0909, 10059.6000]

----- dataset: BISdata                   ----- model: tinygp_multidimensional       
con_amp         21           0.3         -5.7          5.4   (15-84 p)   [ -100.0000,   100.0000]
rot_amp         22           -48          -23           18   (15-84 p)   [ -100.0000,   100.0000]

----- dataset:  Sdata
jitter_1        23        0.0569      -0.0095        0.012   (15-84 p)   [    0.0000,     2.7200]
jitter_0        24        0.0382      -0.0049       0.0060   (15-84 p)   [    0.0000,     2.7200]
offset_1        25          0.89        -0.11         0.10   (15-84 p)   [-9999.3978, 10001.2170]
offset_0        26          0.85        -0.11         0.11   (15-84 p)   [-9999.3978, 10001.2170]

----- dataset: Sdata                     ----- model: tinygp_multidimensional       
con_amp         27         0.173       -0.069        0.097   (15-84 p)   [   -1.0000,     1.0000]

----- common model:  b
Tc               0   57744.07151     -0.00010      0.00010   (15-84 p)   [57744.0000, 57744.1000]
K                1          6.23        -0.57         0.56   (15-84 p)   [    0.0010,    20.0000]
P                2   0.280324958 -0.000000067  0.000000065   (15-84 p)   [    0.2750,     0.2850]

----- common model:  c
sre_sino         3          0.10        -0.19         0.18   (15-84 p)   [   -1.0000,     1.0000]
Tc               4   58371.07413     -0.00065      0.00065   (15-84 p)   [58371.0000, 58371.1000]
K                5          4.26        -0.93         0.94   (15-84 p)   [    0.0010,    20.0000]
P                6      7.748994    -0.000015     0.000015   (15-84 p)   [    7.7000,     7.8000]
sre_coso         7         -0.38        -0.11         0.18   (15-84 p)   [   -1.0000,     1.0000]

----- common model:  activity
Pdec             8           619         -416          279   (15-84 p)   [   20.0000,  1000.0000]
Prot             9         13.81        -0.25         0.48   (15-84 p)   [   10.0000,    20.0000]
Oamp            10         -0.29        -0.38         0.21   (15-84 p)   [   -9.9658,     0.0000]

----- common model:  star_parameters

====================================================================================================
     Statistics on the model parameters obtained from the posteriors samples     
====================================================================================================

----- dataset:  RVdata
jitter_1                  1.22        -0.69         0.70    (15-84 p)
jitter_0                   5.3         -1.0          1.1    (15-84 p)
offset_1               -3380.4         -5.9          4.1    (15-84 p)
offset_0               -3412.5         -5.4          4.3    (15-84 p)


----- dataset: RVdata                    ----- model: tinygp_multidimensional       
con_amp                    7.2         -4.6          7.7    (15-84 p)
rot_amp                     42          -17           21    (15-84 p)

----- dataset:  BISdata
jitter_1                   2.9         -1.3          1.3    (15-84 p)
jitter_0                  1.06        -0.73          1.1    (15-84 p)
offset_1                  50.7         -2.8          2.9    (15-84 p)
offset_0                  24.5         -2.6          2.7    (15-84 p)


----- dataset: BISdata                   ----- model: tinygp_multidimensional       
con_amp                    0.3         -5.7          5.4    (15-84 p)
rot_amp                    -48          -23           18    (15-84 p)

----- dataset:  Sdata
jitter_1                0.0569      -0.0095        0.012    (15-84 p)
jitter_0                0.0382      -0.0049       0.0060    (15-84 p)
offset_1                  0.89        -0.11         0.10    (15-84 p)
offset_0                  0.85        -0.11         0.11    (15-84 p)


----- dataset: Sdata                     ----- model: tinygp_multidimensional       
con_amp                  0.173       -0.069        0.097    (15-84 p)
rot_amp                   0.00                              [fixed]

----- common model:  b
Tc                 57744.07151     -0.00010      0.00010    (15-84 p)
K                         6.23        -0.57         0.56    (15-84 p)
e                         0.00                              [fixed]
P                  0.280324958 -0.000000067  0.000000065    (15-84 p)
omega                90.000000                              [fixed]

----- common model:  c
Tc                 58371.07413     -0.00065      0.00065    (15-84 p)
K                         4.26        -0.93         0.94    (15-84 p)
P                     7.748994    -0.000015     0.000015    (15-84 p)
e                        0.190       -0.096        0.084    (15-84 p)
omega                      138         -303           30    (15-84 p)

----- common model:  activity
Pdec                       619         -416          279    (15-84 p)
Prot                     13.81        -0.25         0.48    (15-84 p)
Oamp                      0.82        -0.19         0.13    (15-84 p)

----- common model:  star_parameters

====================================================================================================
     Statistics on the derived parameters obtained from the posteriors samples     
====================================================================================================

----- common model:  b
Inclination fixed to 90 deg!
Computing planetary mass under the approximation M_planet << M_star (threshold at 30.0 Me)
a_Rs                     2.358       -0.069        0.071    (15-84 p)
M_Mj                    0.0159      -0.0015       0.0015    (15-84 p)
M_Me                      5.06        -0.47         0.48    (15-84 p)
mean_long               348.12        -0.47         0.46    (15-84 p)
a_AU_(M)              0.007470     -0.00010     0.000098    (15-84 p)
a_AU_(rho,R)          0.007470     -0.00010     0.000098    (15-84 p)

----- common model:  c
Inclination fixed to 90 deg!
Computing planetary mass under the approximation M_planet << M_star (threshold at 30.0 Me)
a_Rs                     21.56        -0.62         0.65    (15-84 p)
M_Mj                    0.0322      -0.0070       0.0070    (15-84 p)
M_Me                      10.2         -2.2          2.2    (15-84 p)
mean_long                   98          -11           10    (15-84 p)
a_AU_(M)               0.06831     -0.00091      0.00089    (15-84 p)
a_AU_(rho,R)           0.06830     -0.00091      0.00089    (15-84 p)


====================================================================================================
     ------------------------------------------------------------------------------------------     
====================================================================================================



emcee completed

