**** USING NUMBA ****

PyORBIT v10.0.1

Python version in use:
3.9.15 (main, Nov 24 2022, 14:31:59) 
[GCC 11.2.0]

reloaded_optimize:  False
reloaded_pyde:  False
reloaded_emcee:  False

number of multiprocessing threads: 128

parameters/safe_reload flag (must be True for tinygp):  False

Opening:  Bouchy2005_RV01_noRML
Adding common model of planet:  b
Using orbital model:  circular
Using orbital parametrization:  Eastman2013


====================================================================================================
     Ids, spaces (s), boundaries (b) and priors (p) of the sampler parameters     
====================================================================================================

----- dataset:  Bouchy2005_RV01_noRML
offset_0      id:   3  s:Linear      b:[ -12575.0000,    7844.0000]   p:Uniform   []
jitter_0      id:   4  s:Linear      b:[      0.0510,     510.0000]   p:Uniform   []

----- common model:  b
mean_long     id:   0  s:Linear      b:[      0.0000,     360.0000]   p:Uniform   []
K             id:   1  s:Log_Base2   b:[     -6.6439,       8.2288]   p:Uniform   []
P             id:   2  s:Log_Base2   b:[     -1.0000,       2.3219]   p:Uniform   []
omega         derived (no id, space, bound)                           p:None   []
e             derived (no id, space, bound)                           p:None   []

----- common model:  star_parameters
mass          derived (no id, space, bound)                           p:Gaussian   [0.806 0.048]

Include priors:  True

Reference Time Tref:  2453600.0

Dimensions =  5
Nwalkers =  20

Using threading pool for PyDE: True
PyDE running
Boundaries redefined after PyDE output
PyDE completed, it took          1.6 seconds

====================================================================================================
     Starting point of the sample/optimization routines    
====================================================================================================

----- dataset:  Bouchy2005_RV01_noRML
offset_0         3  -2366.424592 [-12575.0000,  7844.0000]
jitter_0         4     56.923272 [    0.0510,   510.0000]

----- common model:  b
mean_long        0    210.351266 [   30.3513,   390.3513]
K                1      7.495299 [   -6.6439,     8.2288]
P                2      0.861515 [   -1.0000,     2.3219]

----- common model:  star_parameters

====================================================================================================
     Starting point projected onto the model parameter space     
====================================================================================================

----- dataset:  Bouchy2005_RV01_noRML
offset_0          -2366.424592 
jitter_0             56.923272 


----- common model:  b
mean_long           210.351266 
K                   180.430418 
omega                90.000000 
e                         0.00 
P                     1.816946 

----- common model:  star_parameters

====================================================================================================
     Derived parameters obtained from starting point     
====================================================================================================

----- common model:  b
Inclination fixed to 90 deg!
M_Mj                  0.932204 
M_Me                296.342295 
Tc              2453601.209524 
a_AU_(M)              0.027035 


====================================================================================================
     Statistics on the log-likelihood     
====================================================================================================

 LN probability:  -111.133324 

====================================================================================================
     ------------------------------------------------------------------------------------------     
====================================================================================================



*************************************************************

Running emcee

emcee version:  3.1.3
Using threading pool for emcee: True


Computing the autocorrelation time of the chains

***** WARNING ******
The integrated autocorrelation time cannot be reliably estimated
likely the chains are too short, and ACF analysis is not fully reliable
emcee.autocorr.integrated_time tolerance lowered to 20
If you still get a warning, you should drop these results entirely
Chains too short to apply convergence criteria
They should be at least 2300*nthin = 230000

====================================================================================================
     Statistics on the posterior of the sampler parameters     
====================================================================================================

----- dataset:  Bouchy2005_RV01_noRML
offset_0         3       -2363.7         -5.9          5.8   (15-84 p)   [-12575.0000,  7844.0000]
jitter_0         4          17.7         -4.0          9.4   (15-84 p)   [    0.0510,   510.0000]

----- common model:  b
mean_long        0         348.2          -13          8.8   (15-84 p)   [   30.3513,   390.3513]
K                1         7.670       -0.087        0.062   (15-84 p)   [   -6.6439,     8.2288]
P                2        1.1469      -0.0033       0.0027   (15-84 p)   [   -1.0000,     2.3219]

----- common model:  star_parameters

====================================================================================================
     Statistics on the model parameters obtained from the posteriors samples     
====================================================================================================

----- dataset:  Bouchy2005_RV01_noRML
offset_0               -2363.7         -5.9          5.8    (15-84 p)
jitter_0                  17.7         -4.0          9.4    (15-84 p)


----- common model:  b
mean_long                348.2          -13          8.8    (15-84 p)
K                        203.6          -12          8.9    (15-84 p)
omega                90.000000                              [fixed]
e                         0.00                              [fixed]
P                       2.2144      -0.0050       0.0041    (15-84 p)

----- common model:  star_parameters

====================================================================================================
     Statistics on the derived parameters obtained from the posteriors samples     
====================================================================================================

----- common model:  b
Inclination fixed to 90 deg!
Computing exact mass of the planet (average approximate mass larger than 30.0 Me)
M_Mj                     1.125       -0.085        0.072    (15-84 p)
M_Me                       358          -27           23    (15-84 p)
Tc                 2453600.625       -0.054        0.076    (15-84 p)
a_AU_(M)               0.03092     -0.00079      0.00068    (15-84 p)


====================================================================================================
     ------------------------------------------------------------------------------------------     
====================================================================================================



emcee completed

