**** USING NUMBA ****

PyORBIT v10.0.1

Python version in use:
3.9.15 (main, Nov 24 2022, 14:31:59) 
[GCC 11.2.0]

reloaded_optimize:  False
reloaded_pyde:  False
reloaded_emcee:  False

number of multiprocessing threads: 128

parameters/safe_reload flag (must be True for tinygp):  False

Opening:  LCdata_TESS
Opening:  LCdata_Bakos2006_LC06
Opening:  LCdata_Bakos2006_LC07
Opening:  LCdata_Bakos2006_LC08
Opening:  LCdata_Bakos2006_LC09
Adding common model of planet:  b
  LC model: lc_model_TESS_b is using limb_darkening_TESS LD parameters
  LC model: lc_model_Ic_Cousins_b is using limb_darkening_Ic_Cousins LD parameters
Using orbital model:  circular
Using orbital parametrization:  Eastman2013
Time of inferior conjunction replacing mean longitude as a free parameter:  True

Using limb darkening coefficient parametrization:  Kipping
Using limb darkening coefficient parametrization:  Standard

====================================================================================================
     Ids, spaces (s), boundaries (b) and priors (p) of the sampler parameters     
====================================================================================================

----- dataset:  LCdata_TESS
jitter_0      id:   9  s:Linear      b:[      0.0000,       0.0222]   p:Uniform   []

----- dataset:  LCdata_Bakos2006_LC06
jitter_0      id:  10  s:Linear      b:[      0.0000,       0.4957]   p:Uniform   []

----- dataset:  LCdata_Bakos2006_LC07
jitter_0      id:  11  s:Linear      b:[      0.0000,       0.1754]   p:Uniform   []

----- dataset:  LCdata_Bakos2006_LC08
jitter_0      id:  12  s:Linear      b:[      0.0000,       0.1939]   p:Uniform   []

----- dataset:  LCdata_Bakos2006_LC09
jitter_0      id:  13  s:Linear      b:[      0.0000,       0.1650]   p:Uniform   []

----- common model:  b
P             id:   0  s:Linear      b:[      2.2186,       2.2186]   p:Uniform   []
Tc            id:   1  s:Linear      b:[2459770.4100, 2459770.4110]   p:Uniform   []
b             id:   2  s:Linear      b:[      0.0000,       2.0000]   p:Uniform   []
R_Rs          id:   3  s:Linear      b:[      0.0000,       0.5000]   p:Uniform   []
e             derived (no id, space, bound)                           p:None   []
omega         derived (no id, space, bound)                           p:None   []

----- common model:  star_parameters
density       id:   6  s:Linear      b:[      0.0000,       5.0000]   p:Gaussian   [1.864 0.175]
mass          derived (no id, space, bound)                           p:Gaussian   [0.806 0.048]
radius        derived (no id, space, bound)                           p:Gaussian   [0.756 0.018]

----- common model:  limb_darkening_TESS
ld_q2         id:   4  s:Linear      b:[      0.0000,       1.0000]   p:Uniform   []
ld_q1         id:   5  s:Linear      b:[      0.0000,       1.0000]   p:Uniform   []
ld_c1         derived (no id, space, bound)                           p:Uniform   [0.0, 1.0]
ld_c2         derived (no id, space, bound)                           p:Uniform   [-1.0, 1.0]

----- common model:  limb_darkening_Ic_Cousins
ld_c2         id:   7  s:Linear      b:[     -1.0000,       1.0000]   p:Gaussian   [0.13 0.05]
ld_c1         id:   8  s:Linear      b:[      0.0000,       1.0000]   p:Gaussian   [0.45 0.05]

Include priors:  True

Reference Time Tref:  2459750.0

Dimensions =  14
Nwalkers =  56

Using threading pool for PyDE: True
PyDE running
Boundaries redefined after PyDE output
PyDE completed, it took        138.8 seconds

====================================================================================================
     Starting point of the sample/optimization routines    
====================================================================================================

----- dataset:  LCdata_TESS
jitter_0         9      0.000336 [    0.0000,     0.0222]

----- dataset:  LCdata_Bakos2006_LC06
jitter_0        10      0.008489 [    0.0000,     0.4957]

----- dataset:  LCdata_Bakos2006_LC07
jitter_0        11      0.007435 [    0.0000,     0.1754]

----- dataset:  LCdata_Bakos2006_LC08
jitter_0        12      0.008162 [    0.0000,     0.1939]

----- dataset:  LCdata_Bakos2006_LC09
jitter_0        13      0.007724 [    0.0000,     0.1650]

----- common model:  b
P                0      2.218575 [    2.2186,     2.2186]
Tc               1  2459770.410436 [2459770.4100, 2459770.4110]
b                2      0.083261 [    0.0000,     2.0000]
R_Rs             3      0.150742 [    0.0000,     0.5000]

----- common model:  star_parameters
density          6      1.917811 [    0.0000,     5.0000]

----- common model:  limb_darkening_TESS
ld_q2            4      0.000568 [    0.0000,     1.0000]
ld_q1            5      0.777776 [    0.0000,     1.0000]

----- common model:  limb_darkening_Ic_Cousins
ld_c2            7      0.128119 [   -1.0000,     1.0000]
ld_c1            8      0.456225 [    0.0000,     1.0000]

====================================================================================================
     Starting point projected onto the model parameter space     
====================================================================================================

----- dataset:  LCdata_TESS
jitter_0              0.000336 


----- dataset:  LCdata_Bakos2006_LC06
jitter_0              0.008489 


----- dataset:  LCdata_Bakos2006_LC07
jitter_0              0.007435 


----- dataset:  LCdata_Bakos2006_LC08
jitter_0              0.008162 


----- dataset:  LCdata_Bakos2006_LC09
jitter_0              0.007724 


----- common model:  b
P                     2.218575 
Tc              2459770.410436 
b                     0.083261 
R_Rs                  0.150742 
e                         0.00 
omega                90.000000 

----- common model:  star_parameters
density               1.917811 

----- common model:  limb_darkening_TESS
ld_c1                 0.001002 
ld_c2                 0.880914 

----- common model:  limb_darkening_Ic_Cousins
ld_c2                 0.128119 
ld_c1                 0.456225 

====================================================================================================
     Derived parameters obtained from starting point     
====================================================================================================

----- common model:  b
a_Rs                  8.889978 
i                    89.463377 
mean_long            18.073253 
R_Rj                  1.051373 
R_Re                 11.784750 
T_41                  0.091431 
T_32                  0.067242 
a_AU_(rho,R)          0.029632 


====================================================================================================
     Statistics on the log-likelihood     
====================================================================================================

 LN probability: 15592.206281 

====================================================================================================
     ------------------------------------------------------------------------------------------     
====================================================================================================



*************************************************************

Running emcee

emcee version:  3.1.3
Using threading pool for emcee: True

Saving temporary steps


Computing the autocorrelation time of the chains

***** WARNING ******
The integrated autocorrelation time cannot be reliably estimated
likely the chains are too short, and ACF analysis is not fully reliable
emcee.autocorr.integrated_time tolerance lowered to 20
If you still get a warning, you should drop these results entirely

Reference thinning used in the analysis: 100
Step length used in the analysis: 2*nthin = 200

Convergence criteria: less than 1% variation in ACF after 20 times the integrated ACF
At least 50*ACF after convergence, 100*ACF would be ideal
Negative values: not converged yet

   sampler parameter              |    ACF   | ACF*nthin | converged at | nsteps/ACF | to 100*ACF
                                  |          |           |              |            | 
   LCdata_TESS_jitter_0           |    1.80  |      180  |     9800     |       1    |   17791 
   LCdata_Bakos2006_LC06_jitter_0 |    1.85  |      185  |     7000     |      16    |   15510 
   LCdata_Bakos2006_LC07_jitter_0 |    1.98  |      198  |     7000     |      15    |   16841 
   LCdata_Bakos2006_LC08_jitter_0 |    1.98  |      198  |     6000     |      20    |   15757 
   LCdata_Bakos2006_LC09_jitter_0 |    2.10  |      210  |     7200     |      13    |   18202 
   b_P                            |    2.10  |      210  |     8200     |       9    |   19214 
   b_Tc                           |    1.74  |      174  |     5800     |      24    |   13160 
   b_b                            |    1.94  |      194  |     6000     |      21    |   15362 
   b_R_Rs                         |    2.40  |      240  |     7200     |      12    |   21179 
   star_parameters_density        |    1.98  |      198  |     6000     |      20    |   15798 
   limb_darkening_TESS_ld_q2      |    2.22  |      222  |     8600     |       6    |   20776 
   limb_darkening_TESS_ld_q1      |    2.39  |      239  |     8800     |       5    |   22690 
   limb_darkening_Ic_Cousins_ld_c2 |    1.79  |      179  |     6000     |      22    |   13909 
   limb_darkening_Ic_Cousins_ld_c1 |    1.79  |      179  |     7800     |      12    |   15709 

All the chains have converged, but PyORBIT should keep running for about:
7261 more steps to reach 50*ACF,
17278 more steps to reach 100*ACF
Suggested value for burnin: 7243

====================================================================================================
     Statistics on the posterior of the sampler parameters     
====================================================================================================

----- dataset:  LCdata_TESS
jitter_0         9     0.0003364   -0.0000072    0.0000074   (15-84 p)   [    0.0000,     0.0222]

----- dataset:  LCdata_Bakos2006_LC06
jitter_0        10       0.00860     -0.00054      0.00061   (15-84 p)   [    0.0000,     0.4957]

----- dataset:  LCdata_Bakos2006_LC07
jitter_0        11       0.00754     -0.00049      0.00057   (15-84 p)   [    0.0000,     0.1754]

----- dataset:  LCdata_Bakos2006_LC08
jitter_0        12       0.00832     -0.00066      0.00069   (15-84 p)   [    0.0000,     0.1939]

----- dataset:  LCdata_Bakos2006_LC09
jitter_0        13       0.00789     -0.00060      0.00070   (15-84 p)   [    0.0000,     0.1650]

----- common model:  b
P                0    2.21857473  -0.00000014   0.00000015   (15-84 p)   [    2.2186,     2.2186]
Tc               1  2459770.410436    -0.000016     0.000016   (15-84 p)   [2459770.4100, 2459770.4110]
b                2       0.08338     -0.00014      0.00015   (15-84 p)   [    0.0000,     2.0000]
R_Rs             3       0.15119     -0.00047      0.00054   (15-84 p)   [    0.0000,     0.5000]

----- common model:  star_parameters
density          6         1.925       -0.015        0.015   (15-84 p)   [    0.0000,     5.0000]

----- common model:  limb_darkening_TESS
ld_q2            4         0.030       -0.022        0.035   (15-84 p)   [    0.0000,     1.0000]
ld_q1            5         0.713       -0.071        0.061   (15-84 p)   [    0.0000,     1.0000]

----- common model:  limb_darkening_Ic_Cousins
ld_c2            7         0.126       -0.048        0.046   (15-84 p)   [   -1.0000,     1.0000]
ld_c1            8         0.451       -0.043        0.042   (15-84 p)   [    0.0000,     1.0000]

====================================================================================================
     Statistics on the model parameters obtained from the posteriors samples     
====================================================================================================

----- dataset:  LCdata_TESS
jitter_0             0.0003364   -0.0000072    0.0000074    (15-84 p)


----- dataset:  LCdata_Bakos2006_LC06
jitter_0               0.00860     -0.00054      0.00061    (15-84 p)


----- dataset:  LCdata_Bakos2006_LC07
jitter_0               0.00754     -0.00049      0.00057    (15-84 p)


----- dataset:  LCdata_Bakos2006_LC08
jitter_0               0.00832     -0.00066      0.00069    (15-84 p)


----- dataset:  LCdata_Bakos2006_LC09
jitter_0               0.00789     -0.00060      0.00070    (15-84 p)


----- common model:  b
P                   2.21857473  -0.00000014   0.00000015    (15-84 p)
Tc              2459770.410436    -0.000016     0.000016    (15-84 p)
b                      0.08338     -0.00014      0.00015    (15-84 p)
R_Rs                   0.15119     -0.00047      0.00054    (15-84 p)
e                         0.00                              [fixed]
omega                90.000000                              [fixed]

----- common model:  star_parameters
density                  1.925       -0.015        0.015    (15-84 p)

----- common model:  limb_darkening_TESS
ld_c1                    0.050       -0.036        0.054    (15-84 p)
ld_c2                    0.796       -0.095        0.065    (15-84 p)

----- common model:  limb_darkening_Ic_Cousins
ld_c2                    0.126       -0.048        0.046    (15-84 p)
ld_c1                    0.451       -0.043        0.042    (15-84 p)

====================================================================================================
     Statistics on the derived parameters obtained from the posteriors samples     
====================================================================================================

----- common model:  b
a_Rs                     8.901       -0.022        0.023    (15-84 p)
i                     89.46323     -0.00065      0.00065    (15-84 p)
mean_long              18.0732      -0.0025       0.0024    (15-84 p)
R_Rj                     1.112       -0.027        0.028    (15-84 p)
R_Re                     12.47        -0.30         0.32    (15-84 p)
T_41                   0.09136     -0.00025      0.00024    (15-84 p)
T_32                   0.06713     -0.00017      0.00016    (15-84 p)
a_AU_(rho,R)           0.03130     -0.00076      0.00077    (15-84 p)


====================================================================================================
     ------------------------------------------------------------------------------------------     
====================================================================================================



10000.0   steps completed, average lnprob:,  15585.915622989158


Computing the autocorrelation time of the chains

The chains are more than 50 times longer than the ACF, the estimate can be trusted

Reference thinning used in the analysis: 100
Step length used in the analysis: 2*nthin = 200

Convergence criteria: less than 1% variation in ACF after 50 times the integrated ACF
At least 50*ACF after convergence, 100*ACF would be ideal
Negative values: not converged yet

   sampler parameter              |    ACF   | ACF*nthin | converged at | nsteps/ACF | to 100*ACF
                                  |          |           |              |            | 
   LCdata_TESS_jitter_0           |    2.10  |      210  |    12000     |      38    |   13046 
   LCdata_Bakos2006_LC06_jitter_0 |    2.18  |      218  |    13200     |      31    |   14955 
   LCdata_Bakos2006_LC07_jitter_0 |    2.03  |      203  |    11600     |      41    |   11910 
   LCdata_Bakos2006_LC08_jitter_0 |    2.14  |      214  |    12200     |      37    |   13555 
   LCdata_Bakos2006_LC09_jitter_0 |    2.21  |      221  |    12600     |      34    |   14653 
   b_P                            |    2.20  |      220  |    12200     |      36    |   14160 
   b_Tc                           |    2.15  |      215  |    12400     |      35    |   13916 
   b_b                            |    2.37  |      237  |    13200     |      29    |   16866 
   b_R_Rs                         |    2.68  |      268  |    14400     |      21    |   21215 
   star_parameters_density        |    2.22  |      222  |    12400     |      34    |   14561 
   limb_darkening_TESS_ld_q2      |    2.72  |      272  |    14800     |      19    |   21965 
   limb_darkening_TESS_ld_q1      |    2.70  |      270  |    14400     |      21    |   21425 
   limb_darkening_Ic_Cousins_ld_c2 |    2.06  |      206  |    12000     |      39    |   12641 
   limb_darkening_Ic_Cousins_ld_c1 |    2.13  |      213  |    12400     |      36    |   13731 

All the chains have converged, but PyORBIT should keep running for about:
4229 more steps to reach 50*ACF,
15614 more steps to reach 100*ACF
Suggested value for burnin: 12843

====================================================================================================
     Statistics on the posterior of the sampler parameters     
====================================================================================================

----- dataset:  LCdata_TESS
jitter_0         9     0.0003365   -0.0000071    0.0000072   (15-84 p)   [    0.0000,     0.0222]

----- dataset:  LCdata_Bakos2006_LC06
jitter_0        10       0.00859     -0.00053      0.00059   (15-84 p)   [    0.0000,     0.4957]

----- dataset:  LCdata_Bakos2006_LC07
jitter_0        11       0.00752     -0.00048      0.00057   (15-84 p)   [    0.0000,     0.1754]

----- dataset:  LCdata_Bakos2006_LC08
jitter_0        12       0.00832     -0.00063      0.00069   (15-84 p)   [    0.0000,     0.1939]

----- dataset:  LCdata_Bakos2006_LC09
jitter_0        13       0.00788     -0.00061      0.00069   (15-84 p)   [    0.0000,     0.1650]

----- common model:  b
P                0    2.21857474  -0.00000014   0.00000015   (15-84 p)   [    2.2186,     2.2186]
Tc               1  2459770.410436    -0.000016     0.000016   (15-84 p)   [2459770.4100, 2459770.4110]
b                2       0.08338     -0.00014      0.00016   (15-84 p)   [    0.0000,     2.0000]
R_Rs             3       0.15117     -0.00044      0.00054   (15-84 p)   [    0.0000,     0.5000]

----- common model:  star_parameters
density          6         1.925       -0.015        0.015   (15-84 p)   [    0.0000,     5.0000]

----- common model:  limb_darkening_TESS
ld_q2            4         0.029       -0.021        0.035   (15-84 p)   [    0.0000,     1.0000]
ld_q1            5         0.715       -0.070        0.059   (15-84 p)   [    0.0000,     1.0000]

----- common model:  limb_darkening_Ic_Cousins
ld_c2            7         0.126       -0.048        0.047   (15-84 p)   [   -1.0000,     1.0000]
ld_c1            8         0.451       -0.043        0.042   (15-84 p)   [    0.0000,     1.0000]

====================================================================================================
     Statistics on the model parameters obtained from the posteriors samples     
====================================================================================================

----- dataset:  LCdata_TESS
jitter_0             0.0003365   -0.0000071    0.0000072    (15-84 p)


----- dataset:  LCdata_Bakos2006_LC06
jitter_0               0.00859     -0.00053      0.00059    (15-84 p)


----- dataset:  LCdata_Bakos2006_LC07
jitter_0               0.00752     -0.00048      0.00057    (15-84 p)


----- dataset:  LCdata_Bakos2006_LC08
jitter_0               0.00832     -0.00063      0.00069    (15-84 p)


----- dataset:  LCdata_Bakos2006_LC09
jitter_0               0.00788     -0.00061      0.00069    (15-84 p)


----- common model:  b
P                   2.21857474  -0.00000014   0.00000015    (15-84 p)
Tc              2459770.410436    -0.000016     0.000016    (15-84 p)
b                      0.08338     -0.00014      0.00016    (15-84 p)
R_Rs                   0.15117     -0.00044      0.00054    (15-84 p)
e                         0.00                              [fixed]
omega                90.000000                              [fixed]

----- common model:  star_parameters
density                  1.925       -0.015        0.015    (15-84 p)

----- common model:  limb_darkening_TESS
ld_c1                    0.049       -0.035        0.054    (15-84 p)
ld_c2                    0.797       -0.093        0.064    (15-84 p)

----- common model:  limb_darkening_Ic_Cousins
ld_c2                    0.126       -0.048        0.047    (15-84 p)
ld_c1                    0.451       -0.043        0.042    (15-84 p)

====================================================================================================
     Statistics on the derived parameters obtained from the posteriors samples     
====================================================================================================

----- common model:  b
a_Rs                     8.901       -0.023        0.023    (15-84 p)
i                     89.46326     -0.00064      0.00065    (15-84 p)
mean_long              18.0733      -0.0025       0.0024    (15-84 p)
R_Rj                     1.113       -0.026        0.027    (15-84 p)
R_Re                     12.47        -0.30         0.30    (15-84 p)
T_41                   0.09135     -0.00025      0.00024    (15-84 p)
T_32                   0.06712     -0.00018      0.00017    (15-84 p)
a_AU_(rho,R)           0.03131     -0.00075      0.00074    (15-84 p)


====================================================================================================
     ------------------------------------------------------------------------------------------     
====================================================================================================



20000.0   steps completed, average lnprob:,  15586.282934650173


Computing the autocorrelation time of the chains

The chains are more than 50 times longer than the ACF, the estimate can be trusted

Reference thinning used in the analysis: 100
Step length used in the analysis: 3*nthin = 300

Convergence criteria: less than 1% variation in ACF after 50 times the integrated ACF
At least 50*ACF after convergence, 100*ACF would be ideal
Negative values: not converged yet

   sampler parameter              |    ACF   | ACF*nthin | converged at | nsteps/ACF | to 100*ACF
                                  |          |           |              |            | 
   LCdata_TESS_jitter_0           |    2.17  |      217  |    14400     |      72    |    6126 
   LCdata_Bakos2006_LC06_jitter_0 |    2.17  |      217  |    15300     |      68    |    6979 
   LCdata_Bakos2006_LC07_jitter_0 |    2.10  |      210  |    12600     |      83    |    3621 
   LCdata_Bakos2006_LC08_jitter_0 |    2.17  |      217  |    13200     |      78    |    4854 
   LCdata_Bakos2006_LC09_jitter_0 |    2.33  |      233  |    13200     |      72    |    6530 
   b_P                            |    2.28  |      228  |    12900     |      75    |    5691 
   b_Tc                           |    2.28  |      228  |    14400     |      68    |    7180 
   b_b                            |    2.54  |      254  |    15300     |      58    |   10662 
   b_R_Rs                         |    3.04  |      304  |    16800     |      43    |   17240 
   star_parameters_density        |    2.33  |      233  |    13500     |      71    |    6762 
   limb_darkening_TESS_ld_q2      |    3.07  |      307  |    18000     |      39    |   18737 
   limb_darkening_TESS_ld_q1      |    3.05  |      305  |    16800     |      43    |   17320 
   limb_darkening_Ic_Cousins_ld_c2 |    2.18  |      218  |    13800     |      74    |    5634 
   limb_darkening_Ic_Cousins_ld_c1 |    2.21  |      221  |    15600     |      65    |    7684 

All the chains have converged, but PyORBIT should keep running for about:
2483 more steps to reach 50*ACF,
8930 more steps to reach 100*ACF
Suggested value for burnin: 14700

====================================================================================================
     Statistics on the posterior of the sampler parameters     
====================================================================================================

----- dataset:  LCdata_TESS
jitter_0         9     0.0003361   -0.0000071    0.0000073   (15-84 p)   [    0.0000,     0.0222]

----- dataset:  LCdata_Bakos2006_LC06
jitter_0        10       0.00859     -0.00055      0.00061   (15-84 p)   [    0.0000,     0.4957]

----- dataset:  LCdata_Bakos2006_LC07
jitter_0        11       0.00754     -0.00051      0.00057   (15-84 p)   [    0.0000,     0.1754]

----- dataset:  LCdata_Bakos2006_LC08
jitter_0        12       0.00831     -0.00062      0.00068   (15-84 p)   [    0.0000,     0.1939]

----- dataset:  LCdata_Bakos2006_LC09
jitter_0        13       0.00784     -0.00058      0.00068   (15-84 p)   [    0.0000,     0.1650]

----- common model:  b
P                0    2.21857473  -0.00000014   0.00000014   (15-84 p)   [    2.2186,     2.2186]
Tc               1  2459770.410436    -0.000016     0.000016   (15-84 p)   [2459770.4100, 2459770.4110]
b                2       0.08338     -0.00014      0.00015   (15-84 p)   [    0.0000,     2.0000]
R_Rs             3       0.15117     -0.00045      0.00058   (15-84 p)   [    0.0000,     0.5000]

----- common model:  star_parameters
density          6         1.925       -0.015        0.014   (15-84 p)   [    0.0000,     5.0000]

----- common model:  limb_darkening_TESS
ld_q2            4         0.029       -0.021        0.037   (15-84 p)   [    0.0000,     1.0000]
ld_q1            5         0.716       -0.076        0.058   (15-84 p)   [    0.0000,     1.0000]

----- common model:  limb_darkening_Ic_Cousins
ld_c2            7         0.126       -0.048        0.049   (15-84 p)   [   -1.0000,     1.0000]
ld_c1            8         0.453       -0.043        0.042   (15-84 p)   [    0.0000,     1.0000]

====================================================================================================
     Statistics on the model parameters obtained from the posteriors samples     
====================================================================================================

----- dataset:  LCdata_TESS
jitter_0             0.0003361   -0.0000071    0.0000073    (15-84 p)


----- dataset:  LCdata_Bakos2006_LC06
jitter_0               0.00859     -0.00055      0.00061    (15-84 p)


----- dataset:  LCdata_Bakos2006_LC07
jitter_0               0.00754     -0.00051      0.00057    (15-84 p)


----- dataset:  LCdata_Bakos2006_LC08
jitter_0               0.00831     -0.00062      0.00068    (15-84 p)


----- dataset:  LCdata_Bakos2006_LC09
jitter_0               0.00784     -0.00058      0.00068    (15-84 p)


----- common model:  b
P                   2.21857473  -0.00000014   0.00000014    (15-84 p)
Tc              2459770.410436    -0.000016     0.000016    (15-84 p)
b                      0.08338     -0.00014      0.00015    (15-84 p)
R_Rs                   0.15117     -0.00045      0.00058    (15-84 p)
e                         0.00                              [fixed]
omega                90.000000                              [fixed]

----- common model:  star_parameters
density                  1.925       -0.015        0.014    (15-84 p)

----- common model:  limb_darkening_TESS
ld_c1                    0.050       -0.035        0.057    (15-84 p)
ld_c2                    0.798        -0.10        0.062    (15-84 p)

----- common model:  limb_darkening_Ic_Cousins
ld_c2                    0.126       -0.048        0.049    (15-84 p)
ld_c1                    0.453       -0.043        0.042    (15-84 p)

====================================================================================================
     Statistics on the derived parameters obtained from the posteriors samples     
====================================================================================================

----- common model:  b
a_Rs                     8.902       -0.022        0.022    (15-84 p)
i                     89.46326     -0.00066      0.00064    (15-84 p)
mean_long              18.0732      -0.0025       0.0025    (15-84 p)
R_Rj                     1.113       -0.026        0.027    (15-84 p)
R_Re                     12.47        -0.30         0.30    (15-84 p)
T_41                   0.09135     -0.00024      0.00024    (15-84 p)
T_32                   0.06712     -0.00017      0.00016    (15-84 p)
a_AU_(rho,R)           0.03131     -0.00074      0.00074    (15-84 p)


====================================================================================================
     ------------------------------------------------------------------------------------------     
====================================================================================================



30000.0   steps completed, average lnprob:,  15585.11353398188


Computing the autocorrelation time of the chains

The chains are more than 50 times longer than the ACF, the estimate can be trusted

Reference thinning used in the analysis: 100
Step length used in the analysis: 3*nthin = 300

Convergence criteria: less than 1% variation in ACF after 50 times the integrated ACF
At least 50*ACF after convergence, 100*ACF would be ideal
Negative values: not converged yet

   sampler parameter              |    ACF   | ACF*nthin | converged at | nsteps/ACF | to 100*ACF
                                  |          |           |              |            | 
   LCdata_TESS_jitter_0           |    2.22  |      222  |    14400     |     115    |       0 
   LCdata_Bakos2006_LC06_jitter_0 |    2.20  |      220  |    15300     |     112    |       0 
   LCdata_Bakos2006_LC07_jitter_0 |    2.17  |      217  |    12900     |     125    |       0 
   LCdata_Bakos2006_LC08_jitter_0 |    2.28  |      228  |    13200     |     117    |       0 
   LCdata_Bakos2006_LC09_jitter_0 |    2.30  |      230  |    13200     |     117    |       0 
   b_P                            |    2.32  |      232  |    13200     |     116    |       0 
   b_Tc                           |    2.30  |      230  |    14400     |     112    |       0 
   b_b                            |    2.58  |      258  |    15600     |      94    |    1429 
   b_R_Rs                         |    3.17  |      317  |    17700     |      70    |    9400 
   star_parameters_density        |    2.33  |      233  |    13500     |     114    |       0 
   limb_darkening_TESS_ld_q2      |    3.23  |      323  |    18300     |      67    |   10585 
   limb_darkening_TESS_ld_q1      |    3.19  |      319  |    18000     |      69    |    9936 
   limb_darkening_Ic_Cousins_ld_c2 |    2.24  |      224  |    14100     |     116    |       0 
   limb_darkening_Ic_Cousins_ld_c1 |    2.22  |      222  |    15600     |     110    |       0 

All the chains are longer than 50*ACF, but some are shorter than 100*ACF
PyORBIT should keep running for about 7838 more steps to reach 100*ACF
Suggested value for burnin: 14957

====================================================================================================
     Statistics on the posterior of the sampler parameters     
====================================================================================================

----- dataset:  LCdata_TESS
jitter_0         9     0.0003363   -0.0000070    0.0000071   (15-84 p)   [    0.0000,     0.0222]

----- dataset:  LCdata_Bakos2006_LC06
jitter_0        10       0.00861     -0.00056      0.00061   (15-84 p)   [    0.0000,     0.4957]

----- dataset:  LCdata_Bakos2006_LC07
jitter_0        11       0.00753     -0.00052      0.00056   (15-84 p)   [    0.0000,     0.1754]

----- dataset:  LCdata_Bakos2006_LC08
jitter_0        12       0.00830     -0.00062      0.00070   (15-84 p)   [    0.0000,     0.1939]

----- dataset:  LCdata_Bakos2006_LC09
jitter_0        13       0.00785     -0.00059      0.00068   (15-84 p)   [    0.0000,     0.1650]

----- common model:  b
P                0    2.21857473  -0.00000014   0.00000014   (15-84 p)   [    2.2186,     2.2186]
Tc               1  2459770.410436    -0.000016     0.000016   (15-84 p)   [2459770.4100, 2459770.4110]
b                2       0.08338     -0.00014      0.00015   (15-84 p)   [    0.0000,     2.0000]
R_Rs             3       0.15117     -0.00045      0.00057   (15-84 p)   [    0.0000,     0.5000]

----- common model:  star_parameters
density          6         1.925       -0.014        0.014   (15-84 p)   [    0.0000,     5.0000]

----- common model:  limb_darkening_TESS
ld_q2            4         0.029       -0.021        0.036   (15-84 p)   [    0.0000,     1.0000]
ld_q1            5         0.716       -0.074        0.059   (15-84 p)   [    0.0000,     1.0000]

----- common model:  limb_darkening_Ic_Cousins
ld_c2            7         0.126       -0.047        0.048   (15-84 p)   [   -1.0000,     1.0000]
ld_c1            8         0.452       -0.042        0.042   (15-84 p)   [    0.0000,     1.0000]

====================================================================================================
     Statistics on the model parameters obtained from the posteriors samples     
====================================================================================================

----- dataset:  LCdata_TESS
jitter_0             0.0003363   -0.0000070    0.0000071    (15-84 p)


----- dataset:  LCdata_Bakos2006_LC06
jitter_0               0.00861     -0.00056      0.00061    (15-84 p)


----- dataset:  LCdata_Bakos2006_LC07
jitter_0               0.00753     -0.00052      0.00056    (15-84 p)


----- dataset:  LCdata_Bakos2006_LC08
jitter_0               0.00830     -0.00062      0.00070    (15-84 p)


----- dataset:  LCdata_Bakos2006_LC09
jitter_0               0.00785     -0.00059      0.00068    (15-84 p)


----- common model:  b
P                   2.21857473  -0.00000014   0.00000014    (15-84 p)
Tc              2459770.410436    -0.000016     0.000016    (15-84 p)
b                      0.08338     -0.00014      0.00015    (15-84 p)
R_Rs                   0.15117     -0.00045      0.00057    (15-84 p)
e                         0.00                              [fixed]
omega                90.000000                              [fixed]

----- common model:  star_parameters
density                  1.925       -0.014        0.014    (15-84 p)

----- common model:  limb_darkening_TESS
ld_c1                    0.050       -0.035        0.056    (15-84 p)
ld_c2                    0.798       -0.099        0.063    (15-84 p)

----- common model:  limb_darkening_Ic_Cousins
ld_c2                    0.126       -0.047        0.048    (15-84 p)
ld_c1                    0.452       -0.042        0.042    (15-84 p)

====================================================================================================
     Statistics on the derived parameters obtained from the posteriors samples     
====================================================================================================

----- common model:  b
a_Rs                     8.902       -0.022        0.022    (15-84 p)
i                     89.46327     -0.00066      0.00064    (15-84 p)
mean_long              18.0732      -0.0025       0.0025    (15-84 p)
R_Rj                     1.113       -0.026        0.027    (15-84 p)
R_Re                     12.47        -0.30         0.30    (15-84 p)
T_41                   0.09135     -0.00024      0.00024    (15-84 p)
T_32                   0.06712     -0.00017      0.00016    (15-84 p)
a_AU_(rho,R)           0.03132     -0.00075      0.00073    (15-84 p)


====================================================================================================
     ------------------------------------------------------------------------------------------     
====================================================================================================



40000.0   steps completed, average lnprob:,  15585.223086454887


Computing the autocorrelation time of the chains

The chains are more than 50 times longer than the ACF, the estimate can be trusted

Reference thinning used in the analysis: 100
Step length used in the analysis: 3*nthin = 300

Convergence criteria: less than 1% variation in ACF after 50 times the integrated ACF
At least 50*ACF after convergence, 100*ACF would be ideal
Negative values: not converged yet

   sampler parameter              |    ACF   | ACF*nthin | converged at | nsteps/ACF | to 100*ACF
                                  |          |           |              |            | 
   LCdata_TESS_jitter_0           |    2.31  |      231  |    14700     |     153    |       0 
   LCdata_Bakos2006_LC06_jitter_0 |    2.26  |      226  |    15600     |     152    |       0 
   LCdata_Bakos2006_LC07_jitter_0 |    2.24  |      224  |    12900     |     165    |       0 
   LCdata_Bakos2006_LC08_jitter_0 |    2.33  |      233  |    13200     |     158    |       0 
   LCdata_Bakos2006_LC09_jitter_0 |    2.29  |      229  |    13200     |     161    |       0 
   b_P                            |    2.35  |      235  |    13500     |     156    |       0 
   b_Tc                           |    2.32  |      232  |    14400     |     154    |       0 
   b_b                            |    2.58  |      258  |    15300     |     135    |       0 
   b_R_Rs                         |    3.24  |      324  |    18000     |      99    |     410 
   star_parameters_density        |    2.29  |      229  |    13500     |     159    |       0 
   limb_darkening_TESS_ld_q2      |    3.29  |      329  |    18300     |      96    |    1218 
   limb_darkening_TESS_ld_q1      |    3.25  |      325  |    18300     |      98    |     810 
   limb_darkening_Ic_Cousins_ld_c2 |    2.26  |      226  |    14100     |     159    |       0 
   limb_darkening_Ic_Cousins_ld_c1 |    2.28  |      228  |    15600     |     151    |       0 

All the chains are longer than 50*ACF, but some are shorter than 100*ACF
PyORBIT should keep running for about 813 more steps to reach 100*ACF
Suggested value for burnin: 15043

====================================================================================================
     Statistics on the posterior of the sampler parameters     
====================================================================================================

----- dataset:  LCdata_TESS
jitter_0         9     0.0003364   -0.0000070    0.0000071   (15-84 p)   [    0.0000,     0.0222]

----- dataset:  LCdata_Bakos2006_LC06
jitter_0        10       0.00860     -0.00056      0.00061   (15-84 p)   [    0.0000,     0.4957]

----- dataset:  LCdata_Bakos2006_LC07
jitter_0        11       0.00754     -0.00052      0.00057   (15-84 p)   [    0.0000,     0.1754]

----- dataset:  LCdata_Bakos2006_LC08
jitter_0        12       0.00829     -0.00062      0.00070   (15-84 p)   [    0.0000,     0.1939]

----- dataset:  LCdata_Bakos2006_LC09
jitter_0        13       0.00785     -0.00059      0.00068   (15-84 p)   [    0.0000,     0.1650]

----- common model:  b
P                0    2.21857473  -0.00000014   0.00000014   (15-84 p)   [    2.2186,     2.2186]
Tc               1  2459770.410436    -0.000016     0.000016   (15-84 p)   [2459770.4100, 2459770.4110]
b                2       0.08338     -0.00014      0.00015   (15-84 p)   [    0.0000,     2.0000]
R_Rs             3       0.15115     -0.00046      0.00056   (15-84 p)   [    0.0000,     0.5000]

----- common model:  star_parameters
density          6         1.925       -0.014        0.014   (15-84 p)   [    0.0000,     5.0000]

----- common model:  limb_darkening_TESS
ld_q2            4         0.028       -0.020        0.036   (15-84 p)   [    0.0000,     1.0000]
ld_q1            5         0.718       -0.073        0.060   (15-84 p)   [    0.0000,     1.0000]

----- common model:  limb_darkening_Ic_Cousins
ld_c2            7         0.126       -0.048        0.047   (15-84 p)   [   -1.0000,     1.0000]
ld_c1            8         0.451       -0.042        0.042   (15-84 p)   [    0.0000,     1.0000]

====================================================================================================
     Statistics on the model parameters obtained from the posteriors samples     
====================================================================================================

----- dataset:  LCdata_TESS
jitter_0             0.0003364   -0.0000070    0.0000071    (15-84 p)


----- dataset:  LCdata_Bakos2006_LC06
jitter_0               0.00860     -0.00056      0.00061    (15-84 p)


----- dataset:  LCdata_Bakos2006_LC07
jitter_0               0.00754     -0.00052      0.00057    (15-84 p)


----- dataset:  LCdata_Bakos2006_LC08
jitter_0               0.00829     -0.00062      0.00070    (15-84 p)


----- dataset:  LCdata_Bakos2006_LC09
jitter_0               0.00785     -0.00059      0.00068    (15-84 p)


----- common model:  b
P                   2.21857473  -0.00000014   0.00000014    (15-84 p)
Tc              2459770.410436    -0.000016     0.000016    (15-84 p)
b                      0.08338     -0.00014      0.00015    (15-84 p)
R_Rs                   0.15115     -0.00046      0.00056    (15-84 p)
e                         0.00                              [fixed]
omega                90.000000                              [fixed]

----- common model:  star_parameters
density                  1.925       -0.014        0.014    (15-84 p)

----- common model:  limb_darkening_TESS
ld_c1                    0.048       -0.034        0.056    (15-84 p)
ld_c2                    0.800       -0.098        0.062    (15-84 p)

----- common model:  limb_darkening_Ic_Cousins
ld_c2                    0.126       -0.048        0.047    (15-84 p)
ld_c1                    0.451       -0.042        0.042    (15-84 p)

====================================================================================================
     Statistics on the derived parameters obtained from the posteriors samples     
====================================================================================================

----- common model:  b
a_Rs                     8.902       -0.022        0.022    (15-84 p)
i                     89.46327     -0.00066      0.00064    (15-84 p)
mean_long              18.0732      -0.0025       0.0025    (15-84 p)
R_Rj                     1.113       -0.027        0.027    (15-84 p)
R_Re                     12.48        -0.30         0.30    (15-84 p)
T_41                   0.09135     -0.00024      0.00024    (15-84 p)
T_32                   0.06712     -0.00017      0.00016    (15-84 p)
a_AU_(rho,R)           0.03132     -0.00074      0.00076    (15-84 p)


====================================================================================================
     ------------------------------------------------------------------------------------------     
====================================================================================================



50000.0   steps completed, average lnprob:,  15585.31497983789


Computing the autocorrelation time of the chains

The chains are more than 50 times longer than the ACF, the estimate can be trusted

Reference thinning used in the analysis: 100
Step length used in the analysis: 3*nthin = 300

Convergence criteria: less than 1% variation in ACF after 50 times the integrated ACF
At least 50*ACF after convergence, 100*ACF would be ideal
Negative values: not converged yet

   sampler parameter              |    ACF   | ACF*nthin | converged at | nsteps/ACF | to 100*ACF
                                  |          |           |              |            | 
   LCdata_TESS_jitter_0           |    2.34  |      234  |    14700     |     193    |       0 
   LCdata_Bakos2006_LC06_jitter_0 |    2.34  |      234  |    15600     |     190    |       0 
   LCdata_Bakos2006_LC07_jitter_0 |    2.34  |      234  |    13500     |     199    |       0 
   LCdata_Bakos2006_LC08_jitter_0 |    2.39  |      239  |    13500     |     194    |       0 
   LCdata_Bakos2006_LC09_jitter_0 |    2.34  |      234  |    13500     |     199    |       0 
   b_P                            |    2.37  |      237  |    13500     |     197    |       0 
   b_Tc                           |    2.30  |      230  |    14400     |     198    |       0 
   b_b                            |    2.64  |      264  |    15900     |     167    |       0 
   b_R_Rs                         |    3.31  |      331  |    18300     |     126    |       0 
   star_parameters_density        |    2.36  |      236  |    14400     |     193    |       0 
   limb_darkening_TESS_ld_q2      |    3.38  |      338  |    18900     |     122    |       0 
   limb_darkening_TESS_ld_q1      |    3.31  |      331  |    18600     |     125    |       0 
   limb_darkening_Ic_Cousins_ld_c2 |    2.25  |      225  |    14100     |     204    |       0 
   limb_darkening_Ic_Cousins_ld_c1 |    2.34  |      234  |    15600     |     190    |       0 

All the chains are longer than 100*ACF 
Suggested value for burnin: 15321

====================================================================================================
     Statistics on the posterior of the sampler parameters     
====================================================================================================

----- dataset:  LCdata_TESS
jitter_0         9     0.0003364   -0.0000070    0.0000071   (15-84 p)   [    0.0000,     0.0222]

----- dataset:  LCdata_Bakos2006_LC06
jitter_0        10       0.00860     -0.00055      0.00060   (15-84 p)   [    0.0000,     0.4957]

----- dataset:  LCdata_Bakos2006_LC07
jitter_0        11       0.00753     -0.00051      0.00057   (15-84 p)   [    0.0000,     0.1754]

----- dataset:  LCdata_Bakos2006_LC08
jitter_0        12       0.00829     -0.00062      0.00070   (15-84 p)   [    0.0000,     0.1939]

----- dataset:  LCdata_Bakos2006_LC09
jitter_0        13       0.00785     -0.00060      0.00068   (15-84 p)   [    0.0000,     0.1650]

----- common model:  b
P                0    2.21857473  -0.00000014   0.00000014   (15-84 p)   [    2.2186,     2.2186]
Tc               1  2459770.410436    -0.000016     0.000016   (15-84 p)   [2459770.4100, 2459770.4110]
b                2       0.08338     -0.00014      0.00015   (15-84 p)   [    0.0000,     2.0000]
R_Rs             3       0.15115     -0.00046      0.00056   (15-84 p)   [    0.0000,     0.5000]

----- common model:  star_parameters
density          6         1.925       -0.014        0.014   (15-84 p)   [    0.0000,     5.0000]

----- common model:  limb_darkening_TESS
ld_q2            4         0.028       -0.020        0.036   (15-84 p)   [    0.0000,     1.0000]
ld_q1            5         0.718       -0.073        0.060   (15-84 p)   [    0.0000,     1.0000]

----- common model:  limb_darkening_Ic_Cousins
ld_c2            7         0.126       -0.048        0.047   (15-84 p)   [   -1.0000,     1.0000]
ld_c1            8         0.451       -0.043        0.043   (15-84 p)   [    0.0000,     1.0000]

====================================================================================================
     Statistics on the model parameters obtained from the posteriors samples     
====================================================================================================

----- dataset:  LCdata_TESS
jitter_0             0.0003364   -0.0000070    0.0000071    (15-84 p)


----- dataset:  LCdata_Bakos2006_LC06
jitter_0               0.00860     -0.00055      0.00060    (15-84 p)


----- dataset:  LCdata_Bakos2006_LC07
jitter_0               0.00753     -0.00051      0.00057    (15-84 p)


----- dataset:  LCdata_Bakos2006_LC08
jitter_0               0.00829     -0.00062      0.00070    (15-84 p)


----- dataset:  LCdata_Bakos2006_LC09
jitter_0               0.00785     -0.00060      0.00068    (15-84 p)


----- common model:  b
P                   2.21857473  -0.00000014   0.00000014    (15-84 p)
Tc              2459770.410436    -0.000016     0.000016    (15-84 p)
b                      0.08338     -0.00014      0.00015    (15-84 p)
R_Rs                   0.15115     -0.00046      0.00056    (15-84 p)
e                         0.00                              [fixed]
omega                90.000000                              [fixed]

----- common model:  star_parameters
density                  1.925       -0.014        0.014    (15-84 p)

----- common model:  limb_darkening_TESS
ld_c1                    0.048       -0.034        0.056    (15-84 p)
ld_c2                    0.801       -0.098        0.062    (15-84 p)

----- common model:  limb_darkening_Ic_Cousins
ld_c2                    0.126       -0.048        0.047    (15-84 p)
ld_c1                    0.451       -0.043        0.043    (15-84 p)

====================================================================================================
     Statistics on the derived parameters obtained from the posteriors samples     
====================================================================================================

----- common model:  b
a_Rs                     8.902       -0.022        0.022    (15-84 p)
i                     89.46327     -0.00065      0.00065    (15-84 p)
mean_long              18.0732      -0.0025       0.0025    (15-84 p)
R_Rj                     1.113       -0.027        0.026    (15-84 p)
R_Re                     12.48        -0.30         0.30    (15-84 p)
T_41                   0.09134     -0.00024      0.00024    (15-84 p)
T_32                   0.06712     -0.00017      0.00016    (15-84 p)
a_AU_(rho,R)           0.03131     -0.00074      0.00074    (15-84 p)


====================================================================================================
     ------------------------------------------------------------------------------------------     
====================================================================================================



60000.0   steps completed, average lnprob:,  15584.705505029702


Computing the autocorrelation time of the chains

The chains are more than 50 times longer than the ACF, the estimate can be trusted

Reference thinning used in the analysis: 100
Step length used in the analysis: 3*nthin = 300

Convergence criteria: less than 1% variation in ACF after 50 times the integrated ACF
At least 50*ACF after convergence, 100*ACF would be ideal
Negative values: not converged yet

   sampler parameter              |    ACF   | ACF*nthin | converged at | nsteps/ACF | to 100*ACF
                                  |          |           |              |            | 
   LCdata_TESS_jitter_0           |    2.37  |      237  |    14700     |     233    |       0 
   LCdata_Bakos2006_LC06_jitter_0 |    2.36  |      236  |    15600     |     231    |       0 
   LCdata_Bakos2006_LC07_jitter_0 |    2.36  |      236  |    13800     |     238    |       0 
   LCdata_Bakos2006_LC08_jitter_0 |    2.41  |      241  |    14400     |     230    |       0 
   LCdata_Bakos2006_LC09_jitter_0 |    2.32  |      232  |    13200     |     245    |       0 
   b_P                            |    2.35  |      235  |    13500     |     240    |       0 
   b_Tc                           |    2.31  |      231  |    14400     |     240    |       0 
   b_b                            |    2.70  |      270  |    16200     |     199    |       0 
   b_R_Rs                         |    3.50  |      350  |    19200     |     145    |       0 
   star_parameters_density        |    2.40  |      240  |    14400     |     232    |       0 
   limb_darkening_TESS_ld_q2      |    3.61  |      361  |    19500     |     140    |       0 
   limb_darkening_TESS_ld_q1      |    3.51  |      351  |    18900     |     146    |       0 
   limb_darkening_Ic_Cousins_ld_c2 |    2.24  |      224  |    14100     |     249    |       0 
   limb_darkening_Ic_Cousins_ld_c1 |    2.33  |      233  |    15600     |     234    |       0 

All the chains are longer than 100*ACF 
Suggested value for burnin: 15536

====================================================================================================
     Statistics on the posterior of the sampler parameters     
====================================================================================================

----- dataset:  LCdata_TESS
jitter_0         9     0.0003364   -0.0000070    0.0000071   (15-84 p)   [    0.0000,     0.0222]

----- dataset:  LCdata_Bakos2006_LC06
jitter_0        10       0.00859     -0.00055      0.00060   (15-84 p)   [    0.0000,     0.4957]

----- dataset:  LCdata_Bakos2006_LC07
jitter_0        11       0.00754     -0.00051      0.00056   (15-84 p)   [    0.0000,     0.1754]

----- dataset:  LCdata_Bakos2006_LC08
jitter_0        12       0.00829     -0.00062      0.00069   (15-84 p)   [    0.0000,     0.1939]

----- dataset:  LCdata_Bakos2006_LC09
jitter_0        13       0.00785     -0.00060      0.00068   (15-84 p)   [    0.0000,     0.1650]

----- common model:  b
P                0    2.21857473  -0.00000014   0.00000014   (15-84 p)   [    2.2186,     2.2186]
Tc               1  2459770.410436    -0.000016     0.000016   (15-84 p)   [2459770.4100, 2459770.4110]
b                2       0.08338     -0.00014      0.00015   (15-84 p)   [    0.0000,     2.0000]
R_Rs             3       0.15115     -0.00046      0.00056   (15-84 p)   [    0.0000,     0.5000]

----- common model:  star_parameters
density          6         1.925       -0.014        0.014   (15-84 p)   [    0.0000,     5.0000]

----- common model:  limb_darkening_TESS
ld_q2            4         0.028       -0.020        0.036   (15-84 p)   [    0.0000,     1.0000]
ld_q1            5         0.717       -0.073        0.061   (15-84 p)   [    0.0000,     1.0000]

----- common model:  limb_darkening_Ic_Cousins
ld_c2            7         0.126       -0.047        0.047   (15-84 p)   [   -1.0000,     1.0000]
ld_c1            8         0.451       -0.043        0.043   (15-84 p)   [    0.0000,     1.0000]

====================================================================================================
     Statistics on the model parameters obtained from the posteriors samples     
====================================================================================================

----- dataset:  LCdata_TESS
jitter_0             0.0003364   -0.0000070    0.0000071    (15-84 p)


----- dataset:  LCdata_Bakos2006_LC06
jitter_0               0.00859     -0.00055      0.00060    (15-84 p)


----- dataset:  LCdata_Bakos2006_LC07
jitter_0               0.00754     -0.00051      0.00056    (15-84 p)


----- dataset:  LCdata_Bakos2006_LC08
jitter_0               0.00829     -0.00062      0.00069    (15-84 p)


----- dataset:  LCdata_Bakos2006_LC09
jitter_0               0.00785     -0.00060      0.00068    (15-84 p)


----- common model:  b
P                   2.21857473  -0.00000014   0.00000014    (15-84 p)
Tc              2459770.410436    -0.000016     0.000016    (15-84 p)
b                      0.08338     -0.00014      0.00015    (15-84 p)
R_Rs                   0.15115     -0.00046      0.00056    (15-84 p)
e                         0.00                              [fixed]
omega                90.000000                              [fixed]

----- common model:  star_parameters
density                  1.925       -0.014        0.014    (15-84 p)

----- common model:  limb_darkening_TESS
ld_c1                    0.048       -0.034        0.056    (15-84 p)
ld_c2                    0.800       -0.098        0.063    (15-84 p)

----- common model:  limb_darkening_Ic_Cousins
ld_c2                    0.126       -0.047        0.047    (15-84 p)
ld_c1                    0.451       -0.043        0.043    (15-84 p)

====================================================================================================
     Statistics on the derived parameters obtained from the posteriors samples     
====================================================================================================

----- common model:  b
a_Rs                     8.902       -0.022        0.022    (15-84 p)
i                     89.46327     -0.00065      0.00065    (15-84 p)
mean_long              18.0732      -0.0025       0.0025    (15-84 p)
R_Rj                     1.113       -0.027        0.026    (15-84 p)
R_Re                     12.47        -0.30         0.30    (15-84 p)
T_41                   0.09134     -0.00024      0.00024    (15-84 p)
T_32                   0.06712     -0.00017      0.00016    (15-84 p)
a_AU_(rho,R)           0.03131     -0.00076      0.00074    (15-84 p)


====================================================================================================
     ------------------------------------------------------------------------------------------     
====================================================================================================



70000.0   steps completed, average lnprob:,  15585.239792964654


Computing the autocorrelation time of the chains

The chains are more than 50 times longer than the ACF, the estimate can be trusted

Reference thinning used in the analysis: 100
Step length used in the analysis: 3*nthin = 300

Convergence criteria: less than 1% variation in ACF after 50 times the integrated ACF
At least 50*ACF after convergence, 100*ACF would be ideal
Negative values: not converged yet

   sampler parameter              |    ACF   | ACF*nthin | converged at | nsteps/ACF | to 100*ACF
                                  |          |           |              |            | 
   LCdata_TESS_jitter_0           |    2.40  |      240  |    14700     |     273    |       0 
   LCdata_Bakos2006_LC06_jitter_0 |    2.32  |      232  |    15600     |     278    |       0 
   LCdata_Bakos2006_LC07_jitter_0 |    2.39  |      239  |    13800     |     277    |       0 
   LCdata_Bakos2006_LC08_jitter_0 |    2.43  |      243  |    14400     |     270    |       0 
   LCdata_Bakos2006_LC09_jitter_0 |    2.31  |      231  |    13200     |     289    |       0 
   b_P                            |    2.38  |      238  |    13500     |     280    |       0 
   b_Tc                           |    2.30  |      230  |    14400     |     285    |       0 
   b_b                            |    2.73  |      273  |    16200     |     234    |       0 
   b_R_Rs                         |    3.46  |      346  |    18600     |     177    |       0 
   star_parameters_density        |    2.44  |      244  |    14400     |     269    |       0 
   limb_darkening_TESS_ld_q2      |    3.60  |      360  |    19200     |     169    |       0 
   limb_darkening_TESS_ld_q1      |    3.46  |      346  |    18900     |     177    |       0 
   limb_darkening_Ic_Cousins_ld_c2 |    2.25  |      225  |    14100     |     293    |       0 
   limb_darkening_Ic_Cousins_ld_c1 |    2.39  |      239  |    15600     |     270    |       0 

All the chains are longer than 100*ACF 
Suggested value for burnin: 15471

====================================================================================================
     Statistics on the posterior of the sampler parameters     
====================================================================================================

----- dataset:  LCdata_TESS
jitter_0         9     0.0003364   -0.0000070    0.0000071   (15-84 p)   [    0.0000,     0.0222]

----- dataset:  LCdata_Bakos2006_LC06
jitter_0        10       0.00859     -0.00055      0.00060   (15-84 p)   [    0.0000,     0.4957]

----- dataset:  LCdata_Bakos2006_LC07
jitter_0        11       0.00753     -0.00051      0.00056   (15-84 p)   [    0.0000,     0.1754]

----- dataset:  LCdata_Bakos2006_LC08
jitter_0        12       0.00828     -0.00061      0.00069   (15-84 p)   [    0.0000,     0.1939]

----- dataset:  LCdata_Bakos2006_LC09
jitter_0        13       0.00785     -0.00061      0.00069   (15-84 p)   [    0.0000,     0.1650]

----- common model:  b
P                0    2.21857473  -0.00000014   0.00000015   (15-84 p)   [    2.2186,     2.2186]
Tc               1  2459770.410436    -0.000016     0.000016   (15-84 p)   [2459770.4100, 2459770.4110]
b                2       0.08338     -0.00014      0.00015   (15-84 p)   [    0.0000,     2.0000]
R_Rs             3       0.15115     -0.00046      0.00056   (15-84 p)   [    0.0000,     0.5000]

----- common model:  star_parameters
density          6         1.925       -0.014        0.014   (15-84 p)   [    0.0000,     5.0000]

----- common model:  limb_darkening_TESS
ld_q2            4         0.028       -0.020        0.036   (15-84 p)   [    0.0000,     1.0000]
ld_q1            5         0.717       -0.073        0.060   (15-84 p)   [    0.0000,     1.0000]

----- common model:  limb_darkening_Ic_Cousins
ld_c2            7         0.126       -0.047        0.047   (15-84 p)   [   -1.0000,     1.0000]
ld_c1            8         0.451       -0.043        0.043   (15-84 p)   [    0.0000,     1.0000]

====================================================================================================
     Statistics on the model parameters obtained from the posteriors samples     
====================================================================================================

----- dataset:  LCdata_TESS
jitter_0             0.0003364   -0.0000070    0.0000071    (15-84 p)


----- dataset:  LCdata_Bakos2006_LC06
jitter_0               0.00859     -0.00055      0.00060    (15-84 p)


----- dataset:  LCdata_Bakos2006_LC07
jitter_0               0.00753     -0.00051      0.00056    (15-84 p)


----- dataset:  LCdata_Bakos2006_LC08
jitter_0               0.00828     -0.00061      0.00069    (15-84 p)


----- dataset:  LCdata_Bakos2006_LC09
jitter_0               0.00785     -0.00061      0.00069    (15-84 p)


----- common model:  b
P                   2.21857473  -0.00000014   0.00000015    (15-84 p)
Tc              2459770.410436    -0.000016     0.000016    (15-84 p)
b                      0.08338     -0.00014      0.00015    (15-84 p)
R_Rs                   0.15115     -0.00046      0.00056    (15-84 p)
e                         0.00                              [fixed]
omega                90.000000                              [fixed]

----- common model:  star_parameters
density                  1.925       -0.014        0.014    (15-84 p)

----- common model:  limb_darkening_TESS
ld_c1                    0.048       -0.034        0.056    (15-84 p)
ld_c2                    0.800       -0.098        0.063    (15-84 p)

----- common model:  limb_darkening_Ic_Cousins
ld_c2                    0.126       -0.047        0.047    (15-84 p)
ld_c1                    0.451       -0.043        0.043    (15-84 p)

====================================================================================================
     Statistics on the derived parameters obtained from the posteriors samples     
====================================================================================================

----- common model:  b
a_Rs                     8.902       -0.022        0.022    (15-84 p)
i                     89.46327     -0.00065      0.00065    (15-84 p)
mean_long              18.0732      -0.0025       0.0025    (15-84 p)
R_Rj                     1.113       -0.027        0.027    (15-84 p)
R_Re                     12.47        -0.30         0.30    (15-84 p)
T_41                   0.09135     -0.00024      0.00024    (15-84 p)
T_32                   0.06712     -0.00017      0.00016    (15-84 p)
a_AU_(rho,R)           0.03131     -0.00074      0.00075    (15-84 p)


====================================================================================================
     ------------------------------------------------------------------------------------------     
====================================================================================================



80000.0   steps completed, average lnprob:,  15585.900691181025


Computing the autocorrelation time of the chains

The chains are more than 50 times longer than the ACF, the estimate can be trusted

Reference thinning used in the analysis: 100
Step length used in the analysis: 3*nthin = 300

Convergence criteria: less than 1% variation in ACF after 50 times the integrated ACF
At least 50*ACF after convergence, 100*ACF would be ideal
Negative values: not converged yet

   sampler parameter              |    ACF   | ACF*nthin | converged at | nsteps/ACF | to 100*ACF
                                  |          |           |              |            | 
   LCdata_TESS_jitter_0           |    2.37  |      237  |    14700     |     318    |       0 
   LCdata_Bakos2006_LC06_jitter_0 |    2.35  |      235  |    15600     |     316    |       0 
   LCdata_Bakos2006_LC07_jitter_0 |    2.37  |      237  |    13800     |     321    |       0 
   LCdata_Bakos2006_LC08_jitter_0 |    2.42  |      242  |    14400     |     312    |       0 
   LCdata_Bakos2006_LC09_jitter_0 |    2.33  |      233  |    13200     |     330    |       0 
   b_P                            |    2.39  |      239  |    13500     |     320    |       0 
   b_Tc                           |    2.32  |      232  |    14400     |     326    |       0 
   b_b                            |    2.70  |      270  |    16200     |     273    |       0 
   b_R_Rs                         |    3.43  |      343  |    18600     |     208    |       0 
   star_parameters_density        |    2.40  |      240  |    14400     |     315    |       0 
   limb_darkening_TESS_ld_q2      |    3.58  |      358  |    19200     |     198    |       0 
   limb_darkening_TESS_ld_q1      |    3.42  |      342  |    18900     |     208    |       0 
   limb_darkening_Ic_Cousins_ld_c2 |    2.29  |      229  |    15300     |     326    |       0 
   limb_darkening_Ic_Cousins_ld_c1 |    2.40  |      240  |    15900     |     308    |       0 

All the chains are longer than 100*ACF 
Suggested value for burnin: 15579

====================================================================================================
     Statistics on the posterior of the sampler parameters     
====================================================================================================

----- dataset:  LCdata_TESS
jitter_0         9     0.0003365   -0.0000070    0.0000071   (15-84 p)   [    0.0000,     0.0222]

----- dataset:  LCdata_Bakos2006_LC06
jitter_0        10       0.00859     -0.00055      0.00060   (15-84 p)   [    0.0000,     0.4957]

----- dataset:  LCdata_Bakos2006_LC07
jitter_0        11       0.00753     -0.00051      0.00056   (15-84 p)   [    0.0000,     0.1754]

----- dataset:  LCdata_Bakos2006_LC08
jitter_0        12       0.00829     -0.00061      0.00069   (15-84 p)   [    0.0000,     0.1939]

----- dataset:  LCdata_Bakos2006_LC09
jitter_0        13       0.00785     -0.00061      0.00069   (15-84 p)   [    0.0000,     0.1650]

----- common model:  b
P                0    2.21857473  -0.00000014   0.00000015   (15-84 p)   [    2.2186,     2.2186]
Tc               1  2459770.410436    -0.000016     0.000016   (15-84 p)   [2459770.4100, 2459770.4110]
b                2       0.08338     -0.00014      0.00015   (15-84 p)   [    0.0000,     2.0000]
R_Rs             3       0.15115     -0.00046      0.00056   (15-84 p)   [    0.0000,     0.5000]

----- common model:  star_parameters
density          6         1.925       -0.014        0.014   (15-84 p)   [    0.0000,     5.0000]

----- common model:  limb_darkening_TESS
ld_q2            4         0.028       -0.020        0.036   (15-84 p)   [    0.0000,     1.0000]
ld_q1            5         0.717       -0.073        0.060   (15-84 p)   [    0.0000,     1.0000]

----- common model:  limb_darkening_Ic_Cousins
ld_c2            7         0.125       -0.047        0.047   (15-84 p)   [   -1.0000,     1.0000]
ld_c1            8         0.451       -0.043        0.043   (15-84 p)   [    0.0000,     1.0000]

====================================================================================================
     Statistics on the model parameters obtained from the posteriors samples     
====================================================================================================

----- dataset:  LCdata_TESS
jitter_0             0.0003365   -0.0000070    0.0000071    (15-84 p)


----- dataset:  LCdata_Bakos2006_LC06
jitter_0               0.00859     -0.00055      0.00060    (15-84 p)


----- dataset:  LCdata_Bakos2006_LC07
jitter_0               0.00753     -0.00051      0.00056    (15-84 p)


----- dataset:  LCdata_Bakos2006_LC08
jitter_0               0.00829     -0.00061      0.00069    (15-84 p)


----- dataset:  LCdata_Bakos2006_LC09
jitter_0               0.00785     -0.00061      0.00069    (15-84 p)


----- common model:  b
P                   2.21857473  -0.00000014   0.00000015    (15-84 p)
Tc              2459770.410436    -0.000016     0.000016    (15-84 p)
b                      0.08338     -0.00014      0.00015    (15-84 p)
R_Rs                   0.15115     -0.00046      0.00056    (15-84 p)
e                         0.00                              [fixed]
omega                90.000000                              [fixed]

----- common model:  star_parameters
density                  1.925       -0.014        0.014    (15-84 p)

----- common model:  limb_darkening_TESS
ld_c1                    0.048       -0.034        0.056    (15-84 p)
ld_c2                    0.800       -0.097        0.063    (15-84 p)

----- common model:  limb_darkening_Ic_Cousins
ld_c2                    0.125       -0.047        0.047    (15-84 p)
ld_c1                    0.451       -0.043        0.043    (15-84 p)

====================================================================================================
     Statistics on the derived parameters obtained from the posteriors samples     
====================================================================================================

----- common model:  b
a_Rs                     8.902       -0.022        0.022    (15-84 p)
i                     89.46327     -0.00064      0.00065    (15-84 p)
mean_long              18.0732      -0.0025       0.0025    (15-84 p)
R_Rj                     1.113       -0.027        0.027    (15-84 p)
R_Re                     12.48        -0.30         0.30    (15-84 p)
T_41                   0.09135     -0.00024      0.00024    (15-84 p)
T_32                   0.06712     -0.00017      0.00016    (15-84 p)
a_AU_(rho,R)           0.03131     -0.00074      0.00076    (15-84 p)


====================================================================================================
     ------------------------------------------------------------------------------------------     
====================================================================================================



90000.0   steps completed, average lnprob:,  15585.374513875435


Computing the autocorrelation time of the chains

The chains are more than 50 times longer than the ACF, the estimate can be trusted

Reference thinning used in the analysis: 100
Step length used in the analysis: 3*nthin = 300

Convergence criteria: less than 1% variation in ACF after 50 times the integrated ACF
At least 50*ACF after convergence, 100*ACF would be ideal
Negative values: not converged yet

   sampler parameter              |    ACF   | ACF*nthin | converged at | nsteps/ACF | to 100*ACF
                                  |          |           |              |            | 
   LCdata_TESS_jitter_0           |    2.33  |      233  |    14700     |     366    |       0 
   LCdata_Bakos2006_LC06_jitter_0 |    2.34  |      234  |    15600     |     361    |       0 
   LCdata_Bakos2006_LC07_jitter_0 |    2.37  |      237  |    13800     |     364    |       0 
   LCdata_Bakos2006_LC08_jitter_0 |    2.41  |      241  |    14400     |     355    |       0 
   LCdata_Bakos2006_LC09_jitter_0 |    2.34  |      234  |    13500     |     369    |       0 
   b_P                            |    2.38  |      238  |    13500     |     364    |       0 
   b_Tc                           |    2.30  |      230  |    14400     |     372    |       0 
   b_b                            |    2.70  |      270  |    15900     |     312    |       0 
   b_R_Rs                         |    3.35  |      335  |    18300     |     244    |       0 
   star_parameters_density        |    2.39  |      239  |    14400     |     358    |       0 
   limb_darkening_TESS_ld_q2      |    3.57  |      357  |    19200     |     227    |       0 
   limb_darkening_TESS_ld_q1      |    3.35  |      335  |    18600     |     243    |       0 
   limb_darkening_Ic_Cousins_ld_c2 |    2.29  |      229  |    15300     |     370    |       0 
   limb_darkening_Ic_Cousins_ld_c1 |    2.42  |      242  |    15900     |     348    |       0 

All the chains are longer than 100*ACF 
Suggested value for burnin: 15536

====================================================================================================
     Statistics on the posterior of the sampler parameters     
====================================================================================================

----- dataset:  LCdata_TESS
jitter_0         9     0.0003364   -0.0000070    0.0000071   (15-84 p)   [    0.0000,     0.0222]

----- dataset:  LCdata_Bakos2006_LC06
jitter_0        10       0.00859     -0.00055      0.00060   (15-84 p)   [    0.0000,     0.4957]

----- dataset:  LCdata_Bakos2006_LC07
jitter_0        11       0.00753     -0.00051      0.00056   (15-84 p)   [    0.0000,     0.1754]

----- dataset:  LCdata_Bakos2006_LC08
jitter_0        12       0.00829     -0.00061      0.00069   (15-84 p)   [    0.0000,     0.1939]

----- dataset:  LCdata_Bakos2006_LC09
jitter_0        13       0.00785     -0.00061      0.00069   (15-84 p)   [    0.0000,     0.1650]

----- common model:  b
P                0    2.21857473  -0.00000014   0.00000015   (15-84 p)   [    2.2186,     2.2186]
Tc               1  2459770.410436    -0.000016     0.000016   (15-84 p)   [2459770.4100, 2459770.4110]
b                2       0.08338     -0.00014      0.00015   (15-84 p)   [    0.0000,     2.0000]
R_Rs             3       0.15116     -0.00046      0.00056   (15-84 p)   [    0.0000,     0.5000]

----- common model:  star_parameters
density          6         1.925       -0.014        0.014   (15-84 p)   [    0.0000,     5.0000]

----- common model:  limb_darkening_TESS
ld_q2            4         0.028       -0.020        0.036   (15-84 p)   [    0.0000,     1.0000]
ld_q1            5         0.717       -0.073        0.061   (15-84 p)   [    0.0000,     1.0000]

----- common model:  limb_darkening_Ic_Cousins
ld_c2            7         0.126       -0.047        0.047   (15-84 p)   [   -1.0000,     1.0000]
ld_c1            8         0.451       -0.042        0.043   (15-84 p)   [    0.0000,     1.0000]

====================================================================================================
     Statistics on the model parameters obtained from the posteriors samples     
====================================================================================================

----- dataset:  LCdata_TESS
jitter_0             0.0003364   -0.0000070    0.0000071    (15-84 p)


----- dataset:  LCdata_Bakos2006_LC06
jitter_0               0.00859     -0.00055      0.00060    (15-84 p)


----- dataset:  LCdata_Bakos2006_LC07
jitter_0               0.00753     -0.00051      0.00056    (15-84 p)


----- dataset:  LCdata_Bakos2006_LC08
jitter_0               0.00829     -0.00061      0.00069    (15-84 p)


----- dataset:  LCdata_Bakos2006_LC09
jitter_0               0.00785     -0.00061      0.00069    (15-84 p)


----- common model:  b
P                   2.21857473  -0.00000014   0.00000015    (15-84 p)
Tc              2459770.410436    -0.000016     0.000016    (15-84 p)
b                      0.08338     -0.00014      0.00015    (15-84 p)
R_Rs                   0.15116     -0.00046      0.00056    (15-84 p)
e                         0.00                              [fixed]
omega                90.000000                              [fixed]

----- common model:  star_parameters
density                  1.925       -0.014        0.014    (15-84 p)

----- common model:  limb_darkening_TESS
ld_c1                    0.048       -0.034        0.056    (15-84 p)
ld_c2                    0.800       -0.098        0.063    (15-84 p)

----- common model:  limb_darkening_Ic_Cousins
ld_c2                    0.126       -0.047        0.047    (15-84 p)
ld_c1                    0.451       -0.042        0.043    (15-84 p)

====================================================================================================
     Statistics on the derived parameters obtained from the posteriors samples     
====================================================================================================

----- common model:  b
a_Rs                     8.902       -0.022        0.022    (15-84 p)
i                     89.46327     -0.00065      0.00065    (15-84 p)
mean_long              18.0732      -0.0025       0.0025    (15-84 p)
R_Rj                     1.113       -0.027        0.027    (15-84 p)
R_Re                     12.47        -0.30         0.30    (15-84 p)
T_41                   0.09135     -0.00024      0.00024    (15-84 p)
T_32                   0.06712     -0.00017      0.00016    (15-84 p)
a_AU_(rho,R)           0.03132     -0.00076      0.00074    (15-84 p)


====================================================================================================
     ------------------------------------------------------------------------------------------     
====================================================================================================



100000.0   steps completed, average lnprob:,  15585.017953391707


emcee completed

