**** USING NUMBA ****

PyORBIT v10.0.1

Python version in use:
3.9.15 (main, Nov 24 2022, 14:31:59) 
[GCC 11.2.0]

reloaded_optimize:  False
reloaded_pyde:  False
reloaded_emcee:  False

number of multiprocessing threads: 128

parameters/safe_reload flag (must be True for tinygp):  False

Opening:  LCdata_TESS
Opening:  Bouchy2005_RV01_noRML
Adding common model of planet:  b
  LC model: lc_model_b is using limb_darkening LD parameters
Using orbital model:  circular
Using orbital parametrization:  Eastman2013
Time of inferior conjunction replacing mean longitude as a free parameter:  True

Using limb darkening coefficient parametrization:  Kipping

====================================================================================================
     Ids, spaces (s), boundaries (b) and priors (p) of the sampler parameters     
====================================================================================================

----- dataset:  LCdata_TESS
jitter_0      id:   8  s:Linear      b:[      0.0000,       0.0222]   p:Uniform   []

----- dataset:  Bouchy2005_RV01_noRML
offset_0      id:   9  s:Linear      b:[ -12575.0000,    7844.0000]   p:Uniform   []
jitter_0      id:  10  s:Linear      b:[      0.0510,     510.0000]   p:Uniform   []

----- common model:  b
P             id:   0  s:Linear      b:[      2.2186,       2.2186]   p:Uniform   []
Tc            id:   1  s:Linear      b:[2459770.4100, 2459770.4110]   p:Uniform   []
K             id:   2  s:Log_Base2   b:[     -6.6439,       8.2288]   p:Uniform   []
b             id:   3  s:Linear      b:[      0.0000,       2.0000]   p:Uniform   []
R_Rs          id:   4  s:Linear      b:[      0.0000,       0.5000]   p:Uniform   []
omega         derived (no id, space, bound)                           p:None   []
e             derived (no id, space, bound)                           p:None   []

----- common model:  star_parameters
density       id:   7  s:Linear      b:[      0.0000,       5.0000]   p:Gaussian   [1.864 0.175]
mass          derived (no id, space, bound)                           p:Gaussian   [0.806 0.048]
radius        derived (no id, space, bound)                           p:Gaussian   [0.756 0.018]

----- common model:  limb_darkening
ld_q1         id:   5  s:Linear      b:[      0.0000,       1.0000]   p:Uniform   []
ld_q2         id:   6  s:Linear      b:[      0.0000,       1.0000]   p:Uniform   []
ld_c1         derived (no id, space, bound)                           p:Uniform   [0.0, 1.0]
ld_c2         derived (no id, space, bound)                           p:Uniform   [-1.0, 1.0]

Include priors:  True

Reference Time Tref:  2459750.0

Dimensions =  11
Nwalkers =  44

Using threading pool for PyDE: True
PyDE running
Boundaries redefined after PyDE output
PyDE completed, it took          3.7 seconds

====================================================================================================
     Starting point of the sample/optimization routines    
====================================================================================================

----- dataset:  LCdata_TESS
jitter_0         8      0.000334 [    0.0000,     0.0222]

----- dataset:  Bouchy2005_RV01_noRML
offset_0         9  -2361.992691 [-12575.0000,  7844.0000]
jitter_0        10     14.782491 [    0.0510,   510.0000]

----- common model:  b
P                0      2.218575 [    2.2186,     2.2186]
Tc               1  2459770.410447 [2459770.4100, 2459770.4110]
K                2      7.678787 [   -6.6439,     8.2288]
b                3      0.660934 [    0.0000,     2.0000]
R_Rs             4      0.153839 [    0.0000,     0.5000]

----- common model:  star_parameters
density          7      1.905103 [    0.0000,     5.0000]

----- common model:  limb_darkening
ld_q1            5      0.424039 [    0.0000,     1.0000]
ld_q2            6      0.219269 [    0.0000,     1.0000]

====================================================================================================
     Starting point projected onto the model parameter space     
====================================================================================================

----- dataset:  LCdata_TESS
jitter_0              0.000334 


----- dataset:  Bouchy2005_RV01_noRML
offset_0          -2361.992691 
jitter_0             14.782491 


----- common model:  b
P                     2.218575 
omega                90.000000 
e                         0.00 
Tc              2459770.410447 
K                   204.901541 
b                     0.660934 
R_Rs                  0.153839 

----- common model:  star_parameters
density               1.905103 

----- common model:  limb_darkening
ld_c1                 0.285568 
ld_c2                 0.365615 

====================================================================================================
     Derived parameters obtained from starting point     
====================================================================================================

----- common model:  b
a_Rs                  8.870299 
i                    85.726877 
M_Mj                  1.136271 
M_Me                361.214005 
mean_long            18.071737 
R_Rj                  1.134244 
R_Re                 12.713644 
T_41                  0.075652 
T_32                  0.042206 
a_AU_(M)              0.030907 
a_AU_(rho,R)          0.031254 


====================================================================================================
     Statistics on the log-likelihood     
====================================================================================================

 LN probability: 14083.825229 

====================================================================================================
     ------------------------------------------------------------------------------------------     
====================================================================================================



*************************************************************

Running emcee

emcee version:  3.1.3
Using threading pool for emcee: True

Saving temporary steps


Computing the autocorrelation time of the chains

***** WARNING ******
The integrated autocorrelation time cannot be reliably estimated
likely the chains are too short, and ACF analysis is not fully reliable
emcee.autocorr.integrated_time tolerance lowered to 20
If you still get a warning, you should drop these results entirely

Reference thinning used in the analysis: 100
Step length used in the analysis: 3*nthin = 300

Convergence criteria: less than 1% variation in ACF after 20 times the integrated ACF
At least 50*ACF after convergence, 100*ACF would be ideal
Negative values: not converged yet

   sampler parameter              |    ACF   | ACF*nthin | converged at | nsteps/ACF | to 100*ACF
                                  |          |           |              |            | 
   LCdata_TESS_jitter_0           |    1.74  |      174  |     8700     |       7    |   16080 
   Bouchy2005_RV01_noRML_offset_0 |    1.71  |      171  |     8700     |       8    |   15782 
   Bouchy2005_RV01_noRML_jitter_0 |    1.67  |      167  |     7500     |      15    |   14225 
   b_P                            |    1.78  |      178  |       -1     |      -1    |   17968 
   b_Tc                           |    1.75  |      175  |     6600     |      19    |   14099 
   b_K                            |    1.64  |      164  |     8100     |      12    |   14527 
   b_b                            |    2.40  |      240  |     8100     |       8    |   22081 
   b_R_Rs                         |    2.98  |      298  |       -1     |      -1    |   30092 
   star_parameters_density        |    1.80  |      180  |     9000     |       6    |   17041 
   limb_darkening_ld_q1           |    3.02  |      302  |     9300     |       2    |   29470 
   limb_darkening_ld_q2           |    2.89  |      289  |       -1     |      -1    |   29194 

     3 chains have not converged yet, keep going 

====================================================================================================
     Statistics on the posterior of the sampler parameters     
====================================================================================================

----- dataset:  LCdata_TESS
jitter_0         8     0.0003345   -0.0000071    0.0000071   (15-84 p)   [    0.0000,     0.0222]

----- dataset:  Bouchy2005_RV01_noRML
offset_0         9       -2361.8         -4.8          4.6   (15-84 p)   [-12575.0000,  7844.0000]
jitter_0        10          17.3         -3.4          4.7   (15-84 p)   [    0.0510,   510.0000]

----- common model:  b
P                0    2.21857489  -0.00000015   0.00000016   (15-84 p)   [    2.2186,     2.2186]
Tc               1  2459770.410447    -0.000017     0.000016   (15-84 p)   [2459770.4100, 2459770.4110]
K                2         7.678       -0.052        0.048   (15-84 p)   [   -6.6439,     8.2288]
b                3        0.6605      -0.0040       0.0037   (15-84 p)   [    0.0000,     2.0000]
R_Rs             4       0.15374     -0.00066      0.00062   (15-84 p)   [    0.0000,     0.5000]

----- common model:  star_parameters
density          7         1.904       -0.014        0.015   (15-84 p)   [    0.0000,     5.0000]

----- common model:  limb_darkening
ld_q1            5         0.434       -0.057        0.068   (15-84 p)   [    0.0000,     1.0000]
ld_q2            6         0.207       -0.075        0.080   (15-84 p)   [    0.0000,     1.0000]

====================================================================================================
     Statistics on the model parameters obtained from the posteriors samples     
====================================================================================================

----- dataset:  LCdata_TESS
jitter_0             0.0003345   -0.0000071    0.0000071    (15-84 p)


----- dataset:  Bouchy2005_RV01_noRML
offset_0               -2361.8         -4.8          4.6    (15-84 p)
jitter_0                  17.3         -3.4          4.7    (15-84 p)


----- common model:  b
P                   2.21857489  -0.00000015   0.00000016    (15-84 p)
omega                90.000000                              [fixed]
e                         0.00                              [fixed]
Tc              2459770.410447    -0.000017     0.000016    (15-84 p)
K                        204.8         -7.3          7.0    (15-84 p)
b                       0.6605      -0.0040       0.0037    (15-84 p)
R_Rs                   0.15374     -0.00066      0.00062    (15-84 p)

----- common model:  star_parameters
density                  1.904       -0.014        0.015    (15-84 p)

----- common model:  limb_darkening
ld_c1                    0.273       -0.087        0.080    (15-84 p)
ld_c2                     0.39        -0.12         0.13    (15-84 p)

====================================================================================================
     Statistics on the derived parameters obtained from the posteriors samples     
====================================================================================================

----- common model:  b
Computing exact mass of the planet (average approximate mass larger than 30.0 Me)
a_Rs                     8.868       -0.023        0.023    (15-84 p)
i                       85.729       -0.029        0.031    (15-84 p)
M_Mj                     1.142       -0.061        0.060    (15-84 p)
M_Me                       363          -19           19    (15-84 p)
mean_long              18.0717      -0.0024       0.0026    (15-84 p)
R_Rj                     1.132       -0.027        0.027    (15-84 p)
R_Re                     12.69        -0.31         0.30    (15-84 p)
T_41                   0.07568     -0.00017      0.00019    (15-84 p)
T_32                   0.04227     -0.00042      0.00044    (15-84 p)
a_AU_(M)               0.03102     -0.00062      0.00059    (15-84 p)
a_AU_(rho,R)           0.03120     -0.00074      0.00073    (15-84 p)


====================================================================================================
     ------------------------------------------------------------------------------------------     
====================================================================================================



10000.0   steps completed, average lnprob:,  14078.530190586629


Computing the autocorrelation time of the chains

The chains are more than 50 times longer than the ACF, the estimate can be trusted

Reference thinning used in the analysis: 100
Step length used in the analysis: 3*nthin = 300

Convergence criteria: less than 1% variation in ACF after 50 times the integrated ACF
At least 50*ACF after convergence, 100*ACF would be ideal
Negative values: not converged yet

   sampler parameter              |    ACF   | ACF*nthin | converged at | nsteps/ACF | to 100*ACF
                                  |          |           |              |            | 
   LCdata_TESS_jitter_0           |    1.88  |      188  |    11700     |      44    |   10463 
   Bouchy2005_RV01_noRML_offset_0 |    1.99  |      199  |    12000     |      40    |   11873 
   Bouchy2005_RV01_noRML_jitter_0 |    1.95  |      195  |    13800     |      32    |   13288 
   b_P                            |    1.78  |      178  |    12600     |      42    |   10405 
   b_Tc                           |    1.78  |      178  |    12000     |      45    |    9778 
   b_K                            |    1.96  |      196  |    11400     |      44    |   11021 
   b_b                            |    2.76  |      276  |    15600     |      16    |   23249 
   b_R_Rs                         |    3.56  |      356  |    19200     |       2    |   34815 
   star_parameters_density        |    1.97  |      197  |    12600     |      38    |   12313 
   limb_darkening_ld_q1           |    3.60  |      360  |       -1     |      -1    |   36395 
   limb_darkening_ld_q2           |    3.54  |      354  |    19200     |       2    |   34633 

     1 chains have not converged yet, keep going 

====================================================================================================
     Statistics on the posterior of the sampler parameters     
====================================================================================================

----- dataset:  LCdata_TESS
jitter_0         8     0.0003346   -0.0000070    0.0000071   (15-84 p)   [    0.0000,     0.0222]

----- dataset:  Bouchy2005_RV01_noRML
offset_0         9       -2361.9         -4.8          4.5   (15-84 p)   [-12575.0000,  7844.0000]
jitter_0        10          17.3         -3.4          4.5   (15-84 p)   [    0.0510,   510.0000]

----- common model:  b
P                0    2.21857489  -0.00000015   0.00000016   (15-84 p)   [    2.2186,     2.2186]
Tc               1  2459770.410447    -0.000016     0.000016   (15-84 p)   [2459770.4100, 2459770.4110]
K                2         7.679       -0.053        0.050   (15-84 p)   [   -6.6439,     8.2288]
b                3        0.6605      -0.0040       0.0037   (15-84 p)   [    0.0000,     2.0000]
R_Rs             4       0.15374     -0.00069      0.00063   (15-84 p)   [    0.0000,     0.5000]

----- common model:  star_parameters
density          7         1.904       -0.014        0.014   (15-84 p)   [    0.0000,     5.0000]

----- common model:  limb_darkening
ld_q1            5         0.434       -0.057        0.071   (15-84 p)   [    0.0000,     1.0000]
ld_q2            6         0.207       -0.076        0.079   (15-84 p)   [    0.0000,     1.0000]

====================================================================================================
     Statistics on the model parameters obtained from the posteriors samples     
====================================================================================================

----- dataset:  LCdata_TESS
jitter_0             0.0003346   -0.0000070    0.0000071    (15-84 p)


----- dataset:  Bouchy2005_RV01_noRML
offset_0               -2361.9         -4.8          4.5    (15-84 p)
jitter_0                  17.3         -3.4          4.5    (15-84 p)


----- common model:  b
P                   2.21857489  -0.00000015   0.00000016    (15-84 p)
omega                90.000000                              [fixed]
e                         0.00                              [fixed]
Tc              2459770.410447    -0.000016     0.000016    (15-84 p)
K                        204.9         -7.4          7.2    (15-84 p)
b                       0.6605      -0.0040       0.0037    (15-84 p)
R_Rs                   0.15374     -0.00069      0.00063    (15-84 p)

----- common model:  star_parameters
density                  1.904       -0.014        0.014    (15-84 p)

----- common model:  limb_darkening
ld_c1                    0.274       -0.088        0.079    (15-84 p)
ld_c2                     0.39        -0.12         0.14    (15-84 p)

====================================================================================================
     Statistics on the derived parameters obtained from the posteriors samples     
====================================================================================================

----- common model:  b
Computing exact mass of the planet (average approximate mass larger than 30.0 Me)
a_Rs                     8.869       -0.022        0.022    (15-84 p)
i                       85.729       -0.029        0.031    (15-84 p)
M_Mj                     1.143       -0.063        0.063    (15-84 p)
M_Me                       363          -20           20    (15-84 p)
mean_long              18.0717      -0.0026       0.0024    (15-84 p)
R_Rj                     1.131       -0.028        0.028    (15-84 p)
R_Re                     12.67        -0.31         0.31    (15-84 p)
T_41                   0.07568     -0.00017      0.00019    (15-84 p)
T_32                   0.04227     -0.00042      0.00046    (15-84 p)
a_AU_(M)               0.03101     -0.00063      0.00061    (15-84 p)
a_AU_(rho,R)           0.03117     -0.00074      0.00074    (15-84 p)


====================================================================================================
     ------------------------------------------------------------------------------------------     
====================================================================================================



20000.0   steps completed, average lnprob:,  14078.55739117882


Computing the autocorrelation time of the chains

The chains are more than 50 times longer than the ACF, the estimate can be trusted

Reference thinning used in the analysis: 100
Step length used in the analysis: 3*nthin = 300

Convergence criteria: less than 1% variation in ACF after 50 times the integrated ACF
At least 50*ACF after convergence, 100*ACF would be ideal
Negative values: not converged yet

   sampler parameter              |    ACF   | ACF*nthin | converged at | nsteps/ACF | to 100*ACF
                                  |          |           |              |            | 
   LCdata_TESS_jitter_0           |    1.94  |      194  |    12600     |      90    |    2027 
   Bouchy2005_RV01_noRML_offset_0 |    2.03  |      203  |    12000     |      89    |    2255 
   Bouchy2005_RV01_noRML_jitter_0 |    2.11  |      211  |    14700     |      73    |    5750 
   b_P                            |    1.84  |      184  |    12600     |      95    |    1004 
   b_Tc                           |    1.84  |      184  |    12600     |      95    |     960 
   b_K                            |    1.94  |      194  |    11400     |      96    |     795 
   b_b                            |    2.98  |      298  |    17100     |      43    |   16882 
   b_R_Rs                         |    3.83  |      383  |    20700     |      24    |   29036 
   star_parameters_density        |    2.10  |      210  |    12600     |      83    |    3638 
   limb_darkening_ld_q1           |    3.91  |      391  |    21000     |      23    |   30128 
   limb_darkening_ld_q2           |    3.76  |      376  |    20400     |      26    |   28007 

All the chains have converged, but PyORBIT should keep running for about:
7907 more steps to reach 50*ACF,
10953 more steps to reach 100*ACF
Suggested value for burnin: 15245

====================================================================================================
     Statistics on the posterior of the sampler parameters     
====================================================================================================

----- dataset:  LCdata_TESS
jitter_0         8     0.0003347   -0.0000069    0.0000069   (15-84 p)   [    0.0000,     0.0222]

----- dataset:  Bouchy2005_RV01_noRML
offset_0         9       -2362.1         -4.6          4.8   (15-84 p)   [-12575.0000,  7844.0000]
jitter_0        10          17.2         -3.3          4.7   (15-84 p)   [    0.0510,   510.0000]

----- common model:  b
P                0    2.21857489  -0.00000016   0.00000016   (15-84 p)   [    2.2186,     2.2186]
Tc               1  2459770.410447    -0.000016     0.000017   (15-84 p)   [2459770.4100, 2459770.4110]
K                2         7.677       -0.052        0.050   (15-84 p)   [   -6.6439,     8.2288]
b                3        0.6605      -0.0039       0.0037   (15-84 p)   [    0.0000,     2.0000]
R_Rs             4       0.15373     -0.00069      0.00062   (15-84 p)   [    0.0000,     0.5000]

----- common model:  star_parameters
density          7         1.904       -0.014        0.014   (15-84 p)   [    0.0000,     5.0000]

----- common model:  limb_darkening
ld_q1            5         0.434       -0.056        0.069   (15-84 p)   [    0.0000,     1.0000]
ld_q2            6         0.206       -0.076        0.077   (15-84 p)   [    0.0000,     1.0000]

====================================================================================================
     Statistics on the model parameters obtained from the posteriors samples     
====================================================================================================

----- dataset:  LCdata_TESS
jitter_0             0.0003347   -0.0000069    0.0000069    (15-84 p)


----- dataset:  Bouchy2005_RV01_noRML
offset_0               -2362.1         -4.6          4.8    (15-84 p)
jitter_0                  17.2         -3.3          4.7    (15-84 p)


----- common model:  b
P                   2.21857489  -0.00000016   0.00000016    (15-84 p)
omega                90.000000                              [fixed]
e                         0.00                              [fixed]
Tc              2459770.410447    -0.000016     0.000017    (15-84 p)
K                        204.6         -7.3          7.2    (15-84 p)
b                       0.6605      -0.0039       0.0037    (15-84 p)
R_Rs                   0.15373     -0.00069      0.00062    (15-84 p)

----- common model:  star_parameters
density                  1.904       -0.014        0.014    (15-84 p)

----- common model:  limb_darkening
ld_c1                    0.272       -0.086        0.078    (15-84 p)
ld_c2                     0.39        -0.12         0.14    (15-84 p)

====================================================================================================
     Statistics on the derived parameters obtained from the posteriors samples     
====================================================================================================

----- common model:  b
Computing exact mass of the planet (average approximate mass larger than 30.0 Me)
a_Rs                     8.868       -0.022        0.022    (15-84 p)
i                       85.729       -0.029        0.031    (15-84 p)
M_Mj                     1.140       -0.061        0.063    (15-84 p)
M_Me                       362          -19           20    (15-84 p)
mean_long              18.0718      -0.0025       0.0026    (15-84 p)
R_Rj                     1.131       -0.027        0.026    (15-84 p)
R_Re                     12.68        -0.30         0.30    (15-84 p)
T_41                   0.07568     -0.00016      0.00019    (15-84 p)
T_32                   0.04226     -0.00040      0.00048    (15-84 p)
a_AU_(M)               0.03099     -0.00061      0.00061    (15-84 p)
a_AU_(rho,R)           0.03119     -0.00075      0.00072    (15-84 p)


====================================================================================================
     ------------------------------------------------------------------------------------------     
====================================================================================================



30000.0   steps completed, average lnprob:,  14078.735804869106


Computing the autocorrelation time of the chains

The chains are more than 50 times longer than the ACF, the estimate can be trusted

Reference thinning used in the analysis: 100
Step length used in the analysis: 3*nthin = 300

Convergence criteria: less than 1% variation in ACF after 50 times the integrated ACF
At least 50*ACF after convergence, 100*ACF would be ideal
Negative values: not converged yet

   sampler parameter              |    ACF   | ACF*nthin | converged at | nsteps/ACF | to 100*ACF
                                  |          |           |              |            | 
   LCdata_TESS_jitter_0           |    1.95  |      195  |    12600     |     140    |       0 
   Bouchy2005_RV01_noRML_offset_0 |    2.10  |      210  |    12000     |     134    |       0 
   Bouchy2005_RV01_noRML_jitter_0 |    2.20  |      220  |    14700     |     115    |       0 
   b_P                            |    1.85  |      185  |    12600     |     148    |       0 
   b_Tc                           |    1.93  |      193  |    13800     |     136    |       0 
   b_K                            |    1.96  |      196  |    11400     |     146    |       0 
   b_b                            |    3.05  |      305  |    17100     |      75    |    7569 
   b_R_Rs                         |    3.95  |      395  |    21300     |      47    |   20800 
   star_parameters_density        |    2.14  |      214  |    12600     |     128    |       0 
   limb_darkening_ld_q1           |    4.00  |      400  |    21300     |      47    |   21276 
   limb_darkening_ld_q2           |    3.86  |      386  |    21000     |      49    |   19586 

All the chains have converged, but PyORBIT should keep running for about:
877 more steps to reach 50*ACF,
17308 more steps to reach 100*ACF
Suggested value for burnin: 15491

====================================================================================================
     Statistics on the posterior of the sampler parameters     
====================================================================================================

----- dataset:  LCdata_TESS
jitter_0         8     0.0003345   -0.0000069    0.0000069   (15-84 p)   [    0.0000,     0.0222]

----- dataset:  Bouchy2005_RV01_noRML
offset_0         9       -2362.0         -4.6          4.7   (15-84 p)   [-12575.0000,  7844.0000]
jitter_0        10          17.2         -3.4          4.7   (15-84 p)   [    0.0510,   510.0000]

----- common model:  b
P                0    2.21857489  -0.00000016   0.00000016   (15-84 p)   [    2.2186,     2.2186]
Tc               1  2459770.410447    -0.000016     0.000016   (15-84 p)   [2459770.4100, 2459770.4110]
K                2         7.678       -0.052        0.050   (15-84 p)   [   -6.6439,     8.2288]
b                3        0.6607      -0.0040       0.0037   (15-84 p)   [    0.0000,     2.0000]
R_Rs             4       0.15375     -0.00068      0.00062   (15-84 p)   [    0.0000,     0.5000]

----- common model:  star_parameters
density          7         1.904       -0.014        0.014   (15-84 p)   [    0.0000,     5.0000]

----- common model:  limb_darkening
ld_q1            5         0.433       -0.056        0.068   (15-84 p)   [    0.0000,     1.0000]
ld_q2            6         0.208       -0.075        0.078   (15-84 p)   [    0.0000,     1.0000]

====================================================================================================
     Statistics on the model parameters obtained from the posteriors samples     
====================================================================================================

----- dataset:  LCdata_TESS
jitter_0             0.0003345   -0.0000069    0.0000069    (15-84 p)


----- dataset:  Bouchy2005_RV01_noRML
offset_0               -2362.0         -4.6          4.7    (15-84 p)
jitter_0                  17.2         -3.4          4.7    (15-84 p)


----- common model:  b
P                   2.21857489  -0.00000016   0.00000016    (15-84 p)
omega                90.000000                              [fixed]
e                         0.00                              [fixed]
Tc              2459770.410447    -0.000016     0.000016    (15-84 p)
K                        204.7         -7.2          7.2    (15-84 p)
b                       0.6607      -0.0040       0.0037    (15-84 p)
R_Rs                   0.15375     -0.00068      0.00062    (15-84 p)

----- common model:  star_parameters
density                  1.904       -0.014        0.014    (15-84 p)

----- common model:  limb_darkening
ld_c1                    0.274       -0.085        0.079    (15-84 p)
ld_c2                     0.38        -0.12         0.13    (15-84 p)

====================================================================================================
     Statistics on the derived parameters obtained from the posteriors samples     
====================================================================================================

----- common model:  b
Computing exact mass of the planet (average approximate mass larger than 30.0 Me)
a_Rs                     8.868       -0.022        0.022    (15-84 p)
i                       85.727       -0.029        0.031    (15-84 p)
M_Mj                     1.141       -0.061        0.063    (15-84 p)
M_Me                       363          -19           20    (15-84 p)
mean_long              18.0718      -0.0025       0.0025    (15-84 p)
R_Rj                     1.132       -0.028        0.027    (15-84 p)
R_Re                     12.68        -0.31         0.30    (15-84 p)
T_41                   0.07568     -0.00017      0.00018    (15-84 p)
T_32                   0.04225     -0.00042      0.00046    (15-84 p)
a_AU_(M)               0.03100     -0.00062      0.00061    (15-84 p)
a_AU_(rho,R)           0.03120     -0.00076      0.00073    (15-84 p)


====================================================================================================
     ------------------------------------------------------------------------------------------     
====================================================================================================



40000.0   steps completed, average lnprob:,  14078.448185425495


Computing the autocorrelation time of the chains

The chains are more than 50 times longer than the ACF, the estimate can be trusted

Reference thinning used in the analysis: 100
Step length used in the analysis: 3*nthin = 300

Convergence criteria: less than 1% variation in ACF after 50 times the integrated ACF
At least 50*ACF after convergence, 100*ACF would be ideal
Negative values: not converged yet

   sampler parameter              |    ACF   | ACF*nthin | converged at | nsteps/ACF | to 100*ACF
                                  |          |           |              |            | 
   LCdata_TESS_jitter_0           |    1.92  |      192  |    12600     |     195    |       0 
   Bouchy2005_RV01_noRML_offset_0 |    2.06  |      206  |    12000     |     185    |       0 
   Bouchy2005_RV01_noRML_jitter_0 |    2.24  |      224  |    15000     |     156    |       0 
   b_P                            |    1.88  |      188  |    12600     |     199    |       0 
   b_Tc                           |    1.90  |      190  |    13500     |     192    |       0 
   b_K                            |    1.96  |      196  |    11400     |     197    |       0 
   b_b                            |    2.96  |      296  |    17100     |     111    |       0 
   b_R_Rs                         |    3.82  |      382  |    20700     |      77    |    8921 
   star_parameters_density        |    2.21  |      221  |    12600     |     169    |       0 
   limb_darkening_ld_q1           |    3.88  |      388  |    21000     |      75    |    9828 
   limb_darkening_ld_q2           |    3.78  |      378  |    20400     |      78    |    8199 

All the chains are longer than 50*ACF, but some are shorter than 100*ACF
PyORBIT should keep running for about 8983 more steps to reach 100*ACF
Suggested value for burnin: 15355

====================================================================================================
     Statistics on the posterior of the sampler parameters     
====================================================================================================

----- dataset:  LCdata_TESS
jitter_0         8     0.0003347   -0.0000070    0.0000069   (15-84 p)   [    0.0000,     0.0222]

----- dataset:  Bouchy2005_RV01_noRML
offset_0         9       -2362.0         -4.7          4.7   (15-84 p)   [-12575.0000,  7844.0000]
jitter_0        10          17.2         -3.3          4.7   (15-84 p)   [    0.0510,   510.0000]

----- common model:  b
P                0    2.21857489  -0.00000015   0.00000016   (15-84 p)   [    2.2186,     2.2186]
Tc               1  2459770.410447    -0.000017     0.000016   (15-84 p)   [2459770.4100, 2459770.4110]
K                2         7.677       -0.051        0.050   (15-84 p)   [   -6.6439,     8.2288]
b                3        0.6607      -0.0040       0.0036   (15-84 p)   [    0.0000,     2.0000]
R_Rs             4       0.15375     -0.00068      0.00062   (15-84 p)   [    0.0000,     0.5000]

----- common model:  star_parameters
density          7         1.904       -0.014        0.014   (15-84 p)   [    0.0000,     5.0000]

----- common model:  limb_darkening
ld_q1            5         0.433       -0.057        0.069   (15-84 p)   [    0.0000,     1.0000]
ld_q2            6         0.208       -0.074        0.079   (15-84 p)   [    0.0000,     1.0000]

====================================================================================================
     Statistics on the model parameters obtained from the posteriors samples     
====================================================================================================

----- dataset:  LCdata_TESS
jitter_0             0.0003347   -0.0000070    0.0000069    (15-84 p)


----- dataset:  Bouchy2005_RV01_noRML
offset_0               -2362.0         -4.7          4.7    (15-84 p)
jitter_0                  17.2         -3.3          4.7    (15-84 p)


----- common model:  b
P                   2.21857489  -0.00000015   0.00000016    (15-84 p)
omega                90.000000                              [fixed]
e                         0.00                              [fixed]
Tc              2459770.410447    -0.000017     0.000016    (15-84 p)
K                        204.7         -7.1          7.1    (15-84 p)
b                       0.6607      -0.0040       0.0036    (15-84 p)
R_Rs                   0.15375     -0.00068      0.00062    (15-84 p)

----- common model:  star_parameters
density                  1.904       -0.014        0.014    (15-84 p)

----- common model:  limb_darkening
ld_c1                    0.274       -0.084        0.080    (15-84 p)
ld_c2                     0.38        -0.12         0.13    (15-84 p)

====================================================================================================
     Statistics on the derived parameters obtained from the posteriors samples     
====================================================================================================

----- common model:  b
Computing exact mass of the planet (average approximate mass larger than 30.0 Me)
a_Rs                     8.868       -0.022        0.022    (15-84 p)
i                       85.728       -0.029        0.031    (15-84 p)
M_Mj                     1.141       -0.060        0.061    (15-84 p)
M_Me                       363          -19           19    (15-84 p)
mean_long              18.0718      -0.0025       0.0025    (15-84 p)
R_Rj                     1.132       -0.027        0.027    (15-84 p)
R_Re                     12.68        -0.31         0.31    (15-84 p)
T_41                   0.07568     -0.00017      0.00018    (15-84 p)
T_32                   0.04225     -0.00041      0.00046    (15-84 p)
a_AU_(M)               0.03100     -0.00062      0.00060    (15-84 p)
a_AU_(rho,R)           0.03120     -0.00075      0.00075    (15-84 p)


====================================================================================================
     ------------------------------------------------------------------------------------------     
====================================================================================================



50000.0   steps completed, average lnprob:,  14078.928744970093


Computing the autocorrelation time of the chains

The chains are more than 50 times longer than the ACF, the estimate can be trusted

Reference thinning used in the analysis: 100
Step length used in the analysis: 3*nthin = 300

Convergence criteria: less than 1% variation in ACF after 50 times the integrated ACF
At least 50*ACF after convergence, 100*ACF would be ideal
Negative values: not converged yet

   sampler parameter              |    ACF   | ACF*nthin | converged at | nsteps/ACF | to 100*ACF
                                  |          |           |              |            | 
   LCdata_TESS_jitter_0           |    1.93  |      193  |    12600     |     246    |       0 
   Bouchy2005_RV01_noRML_offset_0 |    2.06  |      206  |    12000     |     233    |       0 
   Bouchy2005_RV01_noRML_jitter_0 |    2.17  |      217  |    14700     |     209    |       0 
   b_P                            |    1.88  |      188  |    12600     |     252    |       0 
   b_Tc                           |    1.90  |      190  |    13500     |     245    |       0 
   b_K                            |    1.98  |      198  |    11400     |     246    |       0 
   b_b                            |    3.00  |      300  |    17100     |     143    |       0 
   b_R_Rs                         |    3.82  |      382  |    20700     |     103    |       0 
   star_parameters_density        |    2.24  |      224  |    12900     |     211    |       0 
   limb_darkening_ld_q1           |    3.89  |      389  |    21000     |     100    |       0 
   limb_darkening_ld_q2           |    3.77  |      377  |    20400     |     105    |       0 

All the chains are longer than 100*ACF 
Suggested value for burnin: 15355

====================================================================================================
     Statistics on the posterior of the sampler parameters     
====================================================================================================

----- dataset:  LCdata_TESS
jitter_0         8     0.0003347   -0.0000070    0.0000070   (15-84 p)   [    0.0000,     0.0222]

----- dataset:  Bouchy2005_RV01_noRML
offset_0         9       -2361.9         -4.7          4.7   (15-84 p)   [-12575.0000,  7844.0000]
jitter_0        10          17.2         -3.4          4.7   (15-84 p)   [    0.0510,   510.0000]

----- common model:  b
P                0    2.21857489  -0.00000016   0.00000016   (15-84 p)   [    2.2186,     2.2186]
Tc               1  2459770.410447    -0.000017     0.000017   (15-84 p)   [2459770.4100, 2459770.4110]
K                2         7.677       -0.052        0.049   (15-84 p)   [   -6.6439,     8.2288]
b                3        0.6607      -0.0040       0.0036   (15-84 p)   [    0.0000,     2.0000]
R_Rs             4       0.15375     -0.00068      0.00063   (15-84 p)   [    0.0000,     0.5000]

----- common model:  star_parameters
density          7         1.904       -0.014        0.014   (15-84 p)   [    0.0000,     5.0000]

----- common model:  limb_darkening
ld_q1            5         0.433       -0.058        0.068   (15-84 p)   [    0.0000,     1.0000]
ld_q2            6         0.208       -0.074        0.080   (15-84 p)   [    0.0000,     1.0000]

====================================================================================================
     Statistics on the model parameters obtained from the posteriors samples     
====================================================================================================

----- dataset:  LCdata_TESS
jitter_0             0.0003347   -0.0000070    0.0000070    (15-84 p)


----- dataset:  Bouchy2005_RV01_noRML
offset_0               -2361.9         -4.7          4.7    (15-84 p)
jitter_0                  17.2         -3.4          4.7    (15-84 p)


----- common model:  b
P                   2.21857489  -0.00000016   0.00000016    (15-84 p)
omega                90.000000                              [fixed]
e                         0.00                              [fixed]
Tc              2459770.410447    -0.000017     0.000017    (15-84 p)
K                        204.7         -7.2          7.0    (15-84 p)
b                       0.6607      -0.0040       0.0036    (15-84 p)
R_Rs                   0.15375     -0.00068      0.00063    (15-84 p)

----- common model:  star_parameters
density                  1.904       -0.014        0.014    (15-84 p)

----- common model:  limb_darkening
ld_c1                    0.274       -0.084        0.081    (15-84 p)
ld_c2                     0.38        -0.12         0.13    (15-84 p)

====================================================================================================
     Statistics on the derived parameters obtained from the posteriors samples     
====================================================================================================

----- common model:  b
Computing exact mass of the planet (average approximate mass larger than 30.0 Me)
a_Rs                     8.868       -0.022        0.022    (15-84 p)
i                       85.728       -0.029        0.031    (15-84 p)
M_Mj                     1.140       -0.060        0.062    (15-84 p)
M_Me                       362          -19           20    (15-84 p)
mean_long              18.0718      -0.0025       0.0025    (15-84 p)
R_Rj                     1.131       -0.027        0.027    (15-84 p)
R_Re                     12.68        -0.31         0.31    (15-84 p)
T_41                   0.07568     -0.00017      0.00018    (15-84 p)
T_32                   0.04225     -0.00041      0.00046    (15-84 p)
a_AU_(M)               0.03099     -0.00063      0.00060    (15-84 p)
a_AU_(rho,R)           0.03119     -0.00075      0.00075    (15-84 p)


====================================================================================================
     ------------------------------------------------------------------------------------------     
====================================================================================================



60000.0   steps completed, average lnprob:,  14077.896583532041


Computing the autocorrelation time of the chains

The chains are more than 50 times longer than the ACF, the estimate can be trusted

Reference thinning used in the analysis: 100
Step length used in the analysis: 3*nthin = 300

Convergence criteria: less than 1% variation in ACF after 50 times the integrated ACF
At least 50*ACF after convergence, 100*ACF would be ideal
Negative values: not converged yet

   sampler parameter              |    ACF   | ACF*nthin | converged at | nsteps/ACF | to 100*ACF
                                  |          |           |              |            | 
   LCdata_TESS_jitter_0           |    1.98  |      198  |    12600     |     290    |       0 
   Bouchy2005_RV01_noRML_offset_0 |    2.05  |      205  |    12000     |     283    |       0 
   Bouchy2005_RV01_noRML_jitter_0 |    2.24  |      224  |    15000     |     246    |       0 
   b_P                            |    1.86  |      186  |    12600     |     308    |       0 
   b_Tc                           |    1.90  |      190  |    13500     |     298    |       0 
   b_K                            |    1.98  |      198  |    11700     |     294    |       0 
   b_b                            |    3.06  |      306  |    17700     |     171    |       0 
   b_R_Rs                         |    3.94  |      394  |    21300     |     124    |       0 
   star_parameters_density        |    2.20  |      220  |    12600     |     261    |       0 
   limb_darkening_ld_q1           |    3.97  |      397  |    21300     |     123    |       0 
   limb_darkening_ld_q2           |    3.89  |      389  |    21000     |     126    |       0 

All the chains are longer than 100*ACF 
Suggested value for burnin: 15573

====================================================================================================
     Statistics on the posterior of the sampler parameters     
====================================================================================================

----- dataset:  LCdata_TESS
jitter_0         8     0.0003346   -0.0000069    0.0000070   (15-84 p)   [    0.0000,     0.0222]

----- dataset:  Bouchy2005_RV01_noRML
offset_0         9       -2361.9         -4.7          4.7   (15-84 p)   [-12575.0000,  7844.0000]
jitter_0        10          17.2         -3.4          4.7   (15-84 p)   [    0.0510,   510.0000]

----- common model:  b
P                0    2.21857489  -0.00000016   0.00000016   (15-84 p)   [    2.2186,     2.2186]
Tc               1  2459770.410447    -0.000016     0.000017   (15-84 p)   [2459770.4100, 2459770.4110]
K                2         7.677       -0.052        0.050   (15-84 p)   [   -6.6439,     8.2288]
b                3        0.6606      -0.0040       0.0036   (15-84 p)   [    0.0000,     2.0000]
R_Rs             4       0.15375     -0.00068      0.00063   (15-84 p)   [    0.0000,     0.5000]

----- common model:  star_parameters
density          7         1.904       -0.014        0.014   (15-84 p)   [    0.0000,     5.0000]

----- common model:  limb_darkening
ld_q1            5         0.433       -0.058        0.068   (15-84 p)   [    0.0000,     1.0000]
ld_q2            6         0.208       -0.074        0.080   (15-84 p)   [    0.0000,     1.0000]

====================================================================================================
     Statistics on the model parameters obtained from the posteriors samples     
====================================================================================================

----- dataset:  LCdata_TESS
jitter_0             0.0003346   -0.0000069    0.0000070    (15-84 p)


----- dataset:  Bouchy2005_RV01_noRML
offset_0               -2361.9         -4.7          4.7    (15-84 p)
jitter_0                  17.2         -3.4          4.7    (15-84 p)


----- common model:  b
P                   2.21857489  -0.00000016   0.00000016    (15-84 p)
omega                90.000000                              [fixed]
e                         0.00                              [fixed]
Tc              2459770.410447    -0.000016     0.000017    (15-84 p)
K                        204.7         -7.2          7.2    (15-84 p)
b                       0.6606      -0.0040       0.0036    (15-84 p)
R_Rs                   0.15375     -0.00068      0.00063    (15-84 p)

----- common model:  star_parameters
density                  1.904       -0.014        0.014    (15-84 p)

----- common model:  limb_darkening
ld_c1                    0.273       -0.084        0.081    (15-84 p)
ld_c2                     0.38        -0.12         0.13    (15-84 p)

====================================================================================================
     Statistics on the derived parameters obtained from the posteriors samples     
====================================================================================================

----- common model:  b
Computing exact mass of the planet (average approximate mass larger than 30.0 Me)
a_Rs                     8.868       -0.022        0.022    (15-84 p)
i                       85.728       -0.029        0.031    (15-84 p)
M_Mj                     1.140       -0.061        0.061    (15-84 p)
M_Me                       362          -19           19    (15-84 p)
mean_long              18.0718      -0.0025       0.0025    (15-84 p)
R_Rj                     1.131       -0.028        0.028    (15-84 p)
R_Re                     12.68        -0.31         0.31    (15-84 p)
T_41                   0.07568     -0.00017      0.00018    (15-84 p)
T_32                   0.04225     -0.00042      0.00046    (15-84 p)
a_AU_(M)               0.03099     -0.00062      0.00060    (15-84 p)
a_AU_(rho,R)           0.03119     -0.00075      0.00076    (15-84 p)


====================================================================================================
     ------------------------------------------------------------------------------------------     
====================================================================================================



70000.0   steps completed, average lnprob:,  14078.48362146641


Computing the autocorrelation time of the chains

The chains are more than 50 times longer than the ACF, the estimate can be trusted

Reference thinning used in the analysis: 100
Step length used in the analysis: 3*nthin = 300

Convergence criteria: less than 1% variation in ACF after 50 times the integrated ACF
At least 50*ACF after convergence, 100*ACF would be ideal
Negative values: not converged yet

   sampler parameter              |    ACF   | ACF*nthin | converged at | nsteps/ACF | to 100*ACF
                                  |          |           |              |            | 
   LCdata_TESS_jitter_0           |    1.98  |      198  |    12600     |     341    |       0 
   Bouchy2005_RV01_noRML_offset_0 |    2.06  |      206  |    12000     |     330    |       0 
   Bouchy2005_RV01_noRML_jitter_0 |    2.28  |      228  |    15000     |     286    |       0 
   b_P                            |    1.86  |      186  |    12600     |     363    |       0 
   b_Tc                           |    1.88  |      188  |    13500     |     354    |       0 
   b_K                            |    1.99  |      199  |    11700     |     344    |       0 
   b_b                            |    3.10  |      310  |    17700     |     201    |       0 
   b_R_Rs                         |    3.93  |      393  |    21300     |     149    |       0 
   star_parameters_density        |    2.19  |      219  |    12600     |     308    |       0 
   limb_darkening_ld_q1           |    3.96  |      396  |    21000     |     149    |       0 
   limb_darkening_ld_q2           |    3.87  |      387  |    21000     |     152    |       0 

All the chains are longer than 100*ACF 
Suggested value for burnin: 15545

====================================================================================================
     Statistics on the posterior of the sampler parameters     
====================================================================================================

----- dataset:  LCdata_TESS
jitter_0         8     0.0003346   -0.0000069    0.0000070   (15-84 p)   [    0.0000,     0.0222]

----- dataset:  Bouchy2005_RV01_noRML
offset_0         9       -2361.9         -4.7          4.7   (15-84 p)   [-12575.0000,  7844.0000]
jitter_0        10          17.2         -3.4          4.7   (15-84 p)   [    0.0510,   510.0000]

----- common model:  b
P                0    2.21857489  -0.00000016   0.00000016   (15-84 p)   [    2.2186,     2.2186]
Tc               1  2459770.410447    -0.000016     0.000017   (15-84 p)   [2459770.4100, 2459770.4110]
K                2         7.677       -0.052        0.050   (15-84 p)   [   -6.6439,     8.2288]
b                3        0.6606      -0.0040       0.0037   (15-84 p)   [    0.0000,     2.0000]
R_Rs             4       0.15374     -0.00068      0.00063   (15-84 p)   [    0.0000,     0.5000]

----- common model:  star_parameters
density          7         1.904       -0.014        0.014   (15-84 p)   [    0.0000,     5.0000]

----- common model:  limb_darkening
ld_q1            5         0.434       -0.058        0.069   (15-84 p)   [    0.0000,     1.0000]
ld_q2            6         0.207       -0.074        0.080   (15-84 p)   [    0.0000,     1.0000]

====================================================================================================
     Statistics on the model parameters obtained from the posteriors samples     
====================================================================================================

----- dataset:  LCdata_TESS
jitter_0             0.0003346   -0.0000069    0.0000070    (15-84 p)


----- dataset:  Bouchy2005_RV01_noRML
offset_0               -2361.9         -4.7          4.7    (15-84 p)
jitter_0                  17.2         -3.4          4.7    (15-84 p)


----- common model:  b
P                   2.21857489  -0.00000016   0.00000016    (15-84 p)
omega                90.000000                              [fixed]
e                         0.00                              [fixed]
Tc              2459770.410447    -0.000016     0.000017    (15-84 p)
K                        204.7         -7.2          7.2    (15-84 p)
b                       0.6606      -0.0040       0.0037    (15-84 p)
R_Rs                   0.15374     -0.00068      0.00063    (15-84 p)

----- common model:  star_parameters
density                  1.904       -0.014        0.014    (15-84 p)

----- common model:  limb_darkening
ld_c1                    0.273       -0.085        0.081    (15-84 p)
ld_c2                     0.39        -0.12         0.13    (15-84 p)

====================================================================================================
     Statistics on the derived parameters obtained from the posteriors samples     
====================================================================================================

----- common model:  b
Computing exact mass of the planet (average approximate mass larger than 30.0 Me)
a_Rs                     8.868       -0.023        0.022    (15-84 p)
i                       85.728       -0.029        0.031    (15-84 p)
M_Mj                     1.140       -0.060        0.062    (15-84 p)
M_Me                       362          -19           20    (15-84 p)
mean_long              18.0717      -0.0026       0.0025    (15-84 p)
R_Rj                     1.132       -0.027        0.028    (15-84 p)
R_Re                     12.69        -0.31         0.31    (15-84 p)
T_41                   0.07568     -0.00017      0.00018    (15-84 p)
T_32                   0.04226     -0.00042      0.00046    (15-84 p)
a_AU_(M)               0.03099     -0.00063      0.00060    (15-84 p)
a_AU_(rho,R)           0.03121     -0.00075      0.00075    (15-84 p)


====================================================================================================
     ------------------------------------------------------------------------------------------     
====================================================================================================



80000.0   steps completed, average lnprob:,  14078.350947922016


Computing the autocorrelation time of the chains

The chains are more than 50 times longer than the ACF, the estimate can be trusted

Reference thinning used in the analysis: 100
Step length used in the analysis: 3*nthin = 300

Convergence criteria: less than 1% variation in ACF after 50 times the integrated ACF
At least 50*ACF after convergence, 100*ACF would be ideal
Negative values: not converged yet

   sampler parameter              |    ACF   | ACF*nthin | converged at | nsteps/ACF | to 100*ACF
                                  |          |           |              |            | 
   LCdata_TESS_jitter_0           |    1.98  |      198  |    12600     |     391    |       0 
   Bouchy2005_RV01_noRML_offset_0 |    2.10  |      210  |    12000     |     372    |       0 
   Bouchy2005_RV01_noRML_jitter_0 |    2.30  |      230  |    15000     |     326    |       0 
   b_P                            |    1.89  |      189  |    12600     |     409    |       0 
   b_Tc                           |    1.91  |      191  |    13500     |     400    |       0 
   b_K                            |    1.98  |      198  |    11700     |     395    |       0 
   b_b                            |    3.11  |      311  |    17700     |     232    |       0 
   b_R_Rs                         |    3.97  |      397  |    21300     |     173    |       0 
   star_parameters_density        |    2.21  |      221  |    12600     |     350    |       0 
   limb_darkening_ld_q1           |    3.99  |      399  |    21300     |     172    |       0 
   limb_darkening_ld_q2           |    3.94  |      394  |    21300     |     174    |       0 

All the chains are longer than 100*ACF 
Suggested value for burnin: 15600

====================================================================================================
     Statistics on the posterior of the sampler parameters     
====================================================================================================

----- dataset:  LCdata_TESS
jitter_0         8     0.0003346   -0.0000069    0.0000070   (15-84 p)   [    0.0000,     0.0222]

----- dataset:  Bouchy2005_RV01_noRML
offset_0         9       -2362.0         -4.7          4.7   (15-84 p)   [-12575.0000,  7844.0000]
jitter_0        10          17.2         -3.3          4.7   (15-84 p)   [    0.0510,   510.0000]

----- common model:  b
P                0    2.21857489  -0.00000016   0.00000016   (15-84 p)   [    2.2186,     2.2186]
Tc               1  2459770.410447    -0.000016     0.000017   (15-84 p)   [2459770.4100, 2459770.4110]
K                2         7.677       -0.052        0.050   (15-84 p)   [   -6.6439,     8.2288]
b                3        0.6606      -0.0040       0.0037   (15-84 p)   [    0.0000,     2.0000]
R_Rs             4       0.15374     -0.00068      0.00064   (15-84 p)   [    0.0000,     0.5000]

----- common model:  star_parameters
density          7         1.904       -0.015        0.014   (15-84 p)   [    0.0000,     5.0000]

----- common model:  limb_darkening
ld_q1            5         0.434       -0.058        0.069   (15-84 p)   [    0.0000,     1.0000]
ld_q2            6         0.207       -0.075        0.081   (15-84 p)   [    0.0000,     1.0000]

====================================================================================================
     Statistics on the model parameters obtained from the posteriors samples     
====================================================================================================

----- dataset:  LCdata_TESS
jitter_0             0.0003346   -0.0000069    0.0000070    (15-84 p)


----- dataset:  Bouchy2005_RV01_noRML
offset_0               -2362.0         -4.7          4.7    (15-84 p)
jitter_0                  17.2         -3.3          4.7    (15-84 p)


----- common model:  b
P                   2.21857489  -0.00000016   0.00000016    (15-84 p)
omega                90.000000                              [fixed]
e                         0.00                              [fixed]
Tc              2459770.410447    -0.000016     0.000017    (15-84 p)
K                        204.7         -7.2          7.2    (15-84 p)
b                       0.6606      -0.0040       0.0037    (15-84 p)
R_Rs                   0.15374     -0.00068      0.00064    (15-84 p)

----- common model:  star_parameters
density                  1.904       -0.015        0.014    (15-84 p)

----- common model:  limb_darkening
ld_c1                    0.273       -0.086        0.081    (15-84 p)
ld_c2                     0.39        -0.13         0.13    (15-84 p)

====================================================================================================
     Statistics on the derived parameters obtained from the posteriors samples     
====================================================================================================

----- common model:  b
Computing exact mass of the planet (average approximate mass larger than 30.0 Me)
a_Rs                     8.868       -0.023        0.022    (15-84 p)
i                       85.728       -0.029        0.031    (15-84 p)
M_Mj                     1.140       -0.060        0.063    (15-84 p)
M_Me                       363          -19           20    (15-84 p)
mean_long              18.0717      -0.0026       0.0025    (15-84 p)
R_Rj                     1.131       -0.027        0.027    (15-84 p)
R_Re                     12.68        -0.31         0.30    (15-84 p)
T_41                   0.07568     -0.00017      0.00018    (15-84 p)
T_32                   0.04226     -0.00042      0.00046    (15-84 p)
a_AU_(M)               0.03101     -0.00063      0.00060    (15-84 p)
a_AU_(rho,R)           0.03119     -0.00075      0.00074    (15-84 p)


====================================================================================================
     ------------------------------------------------------------------------------------------     
====================================================================================================



90000.0   steps completed, average lnprob:,  14077.64799182332


Computing the autocorrelation time of the chains

The chains are more than 50 times longer than the ACF, the estimate can be trusted

Reference thinning used in the analysis: 100
Step length used in the analysis: 4*nthin = 400

Convergence criteria: less than 1% variation in ACF after 50 times the integrated ACF
At least 50*ACF after convergence, 100*ACF would be ideal
Negative values: not converged yet

   sampler parameter              |    ACF   | ACF*nthin | converged at | nsteps/ACF | to 100*ACF
                                  |          |           |              |            | 
   LCdata_TESS_jitter_0           |    1.97  |      197  |    14400     |     434    |       0 
   Bouchy2005_RV01_noRML_offset_0 |    2.08  |      208  |    13600     |     416    |       0 
   Bouchy2005_RV01_noRML_jitter_0 |    2.29  |      229  |    14400     |     373    |       0 
   b_P                            |    1.90  |      190  |    15200     |     446    |       0 
   b_Tc                           |    1.93  |      193  |    14400     |     443    |       0 
   b_K                            |    1.99  |      199  |    14400     |     431    |       0 
   b_b                            |    3.16  |      316  |    18400     |     258    |       0 
   b_R_Rs                         |    3.98  |      398  |    21600     |     197    |       0 
   star_parameters_density        |    2.20  |      220  |    14000     |     391    |       0 
   limb_darkening_ld_q1           |    4.04  |      404  |    22000     |     193    |       0 
   limb_darkening_ld_q2           |    3.97  |      397  |    21600     |     198    |       0 

All the chains are longer than 100*ACF 
Suggested value for burnin: 16727

====================================================================================================
     Statistics on the posterior of the sampler parameters     
====================================================================================================

----- dataset:  LCdata_TESS
jitter_0         8     0.0003345   -0.0000069    0.0000070   (15-84 p)   [    0.0000,     0.0222]

----- dataset:  Bouchy2005_RV01_noRML
offset_0         9       -2362.0         -4.7          4.7   (15-84 p)   [-12575.0000,  7844.0000]
jitter_0        10          17.2         -3.4          4.7   (15-84 p)   [    0.0510,   510.0000]

----- common model:  b
P                0    2.21857489  -0.00000016   0.00000016   (15-84 p)   [    2.2186,     2.2186]
Tc               1  2459770.410447    -0.000017     0.000017   (15-84 p)   [2459770.4100, 2459770.4110]
K                2         7.677       -0.052        0.050   (15-84 p)   [   -6.6439,     8.2288]
b                3        0.6606      -0.0041       0.0037   (15-84 p)   [    0.0000,     2.0000]
R_Rs             4       0.15374     -0.00068      0.00064   (15-84 p)   [    0.0000,     0.5000]

----- common model:  star_parameters
density          7         1.904       -0.015        0.014   (15-84 p)   [    0.0000,     5.0000]

----- common model:  limb_darkening
ld_q1            5         0.434       -0.058        0.069   (15-84 p)   [    0.0000,     1.0000]
ld_q2            6         0.207       -0.075        0.080   (15-84 p)   [    0.0000,     1.0000]

====================================================================================================
     Statistics on the model parameters obtained from the posteriors samples     
====================================================================================================

----- dataset:  LCdata_TESS
jitter_0             0.0003345   -0.0000069    0.0000070    (15-84 p)


----- dataset:  Bouchy2005_RV01_noRML
offset_0               -2362.0         -4.7          4.7    (15-84 p)
jitter_0                  17.2         -3.4          4.7    (15-84 p)


----- common model:  b
P                   2.21857489  -0.00000016   0.00000016    (15-84 p)
omega                90.000000                              [fixed]
e                         0.00                              [fixed]
Tc              2459770.410447    -0.000017     0.000017    (15-84 p)
K                        204.7         -7.2          7.2    (15-84 p)
b                       0.6606      -0.0041       0.0037    (15-84 p)
R_Rs                   0.15374     -0.00068      0.00064    (15-84 p)

----- common model:  star_parameters
density                  1.904       -0.015        0.014    (15-84 p)

----- common model:  limb_darkening
ld_c1                    0.273       -0.086        0.081    (15-84 p)
ld_c2                     0.39        -0.13         0.13    (15-84 p)

====================================================================================================
     Statistics on the derived parameters obtained from the posteriors samples     
====================================================================================================

----- common model:  b
Computing exact mass of the planet (average approximate mass larger than 30.0 Me)
a_Rs                     8.868       -0.023        0.022    (15-84 p)
i                       85.728       -0.029        0.031    (15-84 p)
M_Mj                     1.141       -0.061        0.061    (15-84 p)
M_Me                       363          -19           20    (15-84 p)
mean_long              18.0717      -0.0026       0.0025    (15-84 p)
R_Rj                     1.132       -0.028        0.027    (15-84 p)
R_Re                     12.68        -0.31         0.31    (15-84 p)
T_41                   0.07568     -0.00017      0.00018    (15-84 p)
T_32                   0.04226     -0.00042      0.00046    (15-84 p)
a_AU_(M)               0.03100     -0.00063      0.00060    (15-84 p)
a_AU_(rho,R)           0.03120     -0.00075      0.00075    (15-84 p)


====================================================================================================
     ------------------------------------------------------------------------------------------     
====================================================================================================



100000.0   steps completed, average lnprob:,  14078.369190171676


emcee completed

