**** USING NUMBA ****

PyORBIT v10.0.1

Python version in use:
3.9.15 (main, Nov 24 2022, 14:31:59) 
[GCC 11.2.0]
 LaTeX disabled by default
Using orbital model:  keplerian
Using orbital parametrization:  Eastman2013
Time of inferior conjunction replacing mean longitude as a free parameter:  True

Using limb darkening coefficient parametrization:  Kipping
Using limb darkening coefficient parametrization:  Standard

emcee version:  3.1.3

 Reference Time Tref: 2459750.0

 Dimensions = 23
 Nwalkers = 92

 Steps: 50000


 LN posterior: 15435.079008      -3.650280     3.021112 (15-84 p) 

 Median log_priors     = -27.03710420928275
 Median log_likelihood = 15472.648546420916

 Median BIC  (using likelihood) = -30763.59950040962
 Median AIC  (using likelihood) = -30899.297092841833
 Median AICc (using likelihood) = -30898.884073762147

 Median BIC  (using posterior)  = -30709.525291991053
 Median AIC  (using posterior)  = -30845.222884423267
 Median AICc (using posterior)  = -30844.80986534358

 MAP log_priors     = -27.28905209531332
 MAP log_likelihood = 15472.167513281871

 MAP BIC  (using likelihood) = -30762.637434131528
 MAP AIC  (using likelihood) = -30898.335026563742
 MAP AICc (using likelihood) = -30897.922007484056

 MAP BIC  (using posterior)  = -30708.0593299409
 MAP AIC  (using posterior)  = -30843.756922373115
 MAP AICc (using posterior)  = -30843.34390329343

 AIC suggested over AICs because NDATA ( 2697 ) > 40 * NDIM ( 23 )

****************************************************************************************************


Computing the autocorrelation time of the chains

***** WARNING ******
The integrated autocorrelation time cannot be reliably estimated
likely the chains are too short, and ACF analysis is not fully reliable
emcee.autocorr.integrated_time tolerance lowered to 20
If you still get a warning, you should drop these results entirely
Chains too short to apply convergence criteria
They should be at least 1600*nthin = 160000


====================================================================================================
     Ids, spaces (s), boundaries (b) and priors (p) of the sampler parameters     
====================================================================================================

----- dataset:  Bouchy2005_RV01_noRML
offset_0      id:  12  s:Linear      b:[ -12575.0000,    7844.0000]   p:Uniform   []
jitter_0      id:  13  s:Linear      b:[      0.0510,     510.0000]   p:Uniform   []

----- dataset:  Winn2006_RV02_noRML
offset_0      id:  14  s:Linear      b:[ -10206.9940,   10186.7170]   p:Uniform   []
jitter_0      id:  15  s:Linear      b:[      0.0072,     160.9000]   p:Uniform   []

----- dataset:  Boisse2009_RV03_noRML
offset_0      id:  16  s:Linear      b:[ -12475.9000,    7932.5000]   p:Uniform   []
jitter_0      id:  17  s:Linear      b:[      0.0330,     420.0000]   p:Uniform   []

----- dataset:  LCdata_TESS
jitter_0      id:  18  s:Linear      b:[      0.0000,       0.0222]   p:Uniform   []

----- dataset:  LCdata_Bakos2006_LC06
jitter_0      id:  19  s:Linear      b:[      0.0000,       0.4957]   p:Uniform   []

----- dataset:  LCdata_Bakos2006_LC07
jitter_0      id:  20  s:Linear      b:[      0.0000,       0.1754]   p:Uniform   []

----- dataset:  LCdata_Bakos2006_LC08
jitter_0      id:  21  s:Linear      b:[      0.0000,       0.1939]   p:Uniform   []

----- dataset:  LCdata_Bakos2006_LC09
jitter_0      id:  22  s:Linear      b:[      0.0000,       0.1650]   p:Uniform   []

----- common model:  b
sre_coso      id:   0  s:Linear      b:[     -1.0000,       1.0000]   p:Uniform   []
Tc            id:   1  s:Linear      b:[2459770.4100, 2459770.4110]   p:Uniform   []
P             id:   2  s:Linear      b:[      2.2186,       2.2186]   p:Uniform   []
sre_sino      id:   3  s:Linear      b:[     -1.0000,       1.0000]   p:Uniform   []
K             id:   4  s:Log_Base2   b:[     -6.6439,       8.2288]   p:Uniform   []
R_Rs          id:   5  s:Linear      b:[      0.0000,       0.5000]   p:Uniform   []
b             id:   6  s:Linear      b:[      0.0000,       2.0000]   p:Uniform   []
e             derived (no id, space, bound)                           p:Uniform   [0.   0.95]
omega         derived (no id, space, bound)                           p:Uniform   [0.0, 360.0]

----- common model:  star_parameters
density       id:   9  s:Linear      b:[      0.0000,       5.0000]   p:Gaussian   [1.864 0.175]
mass          derived (no id, space, bound)                           p:Gaussian   [0.806 0.048]
radius        derived (no id, space, bound)                           p:Gaussian   [0.756 0.018]

----- common model:  limb_darkening_TESS
ld_q2         id:   7  s:Linear      b:[      0.0000,       1.0000]   p:Uniform   []
ld_q1         id:   8  s:Linear      b:[      0.0000,       1.0000]   p:Uniform   []
ld_c1         derived (no id, space, bound)                           p:Uniform   [0.0, 1.0]
ld_c2         derived (no id, space, bound)                           p:Uniform   [-1.0, 1.0]

----- common model:  limb_darkening_Ic_Cousins
ld_c1         id:  10  s:Linear      b:[      0.0000,       1.0000]   p:Gaussian   [0.45 0.05]
ld_c2         id:  11  s:Linear      b:[     -1.0000,       1.0000]   p:Gaussian   [0.13 0.05]


****************************************************************************************************
****************************************************************************************************

 Confidence intervals (median value, 34.135th percentile from the median on the left and right side)

====================================================================================================
     Statistics on the posterior of the sampler parameters     
====================================================================================================

----- dataset:  Bouchy2005_RV01_noRML
offset_0        12       -2362.2         -4.7          4.3   (15-84 p)   [-12575.0000,  7844.0000]
jitter_0        13          16.0         -3.1          4.3   (15-84 p)   [    0.0510,   510.0000]

----- dataset:  Winn2006_RV02_noRML
offset_0        14         -10.1         -2.1          2.3   (15-84 p)   [-10206.9940, 10186.7170]
jitter_0        15          10.3         -1.4          1.7   (15-84 p)   [    0.0072,   160.9000]

----- dataset:  Boisse2009_RV03_noRML
offset_0        16       -2273.7         -1.6          1.7   (15-84 p)   [-12475.9000,  7932.5000]
jitter_0        17           8.5         -1.2          1.4   (15-84 p)   [    0.0330,   420.0000]

----- dataset:  LCdata_TESS
jitter_0        18     0.0003346   -0.0000069    0.0000071   (15-84 p)   [    0.0000,     0.0222]

----- dataset:  LCdata_Bakos2006_LC06
jitter_0        19       0.00600     -0.00038      0.00041   (15-84 p)   [    0.0000,     0.4957]

----- dataset:  LCdata_Bakos2006_LC07
jitter_0        20       0.00490     -0.00035      0.00038   (15-84 p)   [    0.0000,     0.1754]

----- dataset:  LCdata_Bakos2006_LC08
jitter_0        21       0.00549     -0.00042      0.00048   (15-84 p)   [    0.0000,     0.1939]

----- dataset:  LCdata_Bakos2006_LC09
jitter_0        22       0.00389     -0.00032      0.00038   (15-84 p)   [    0.0000,     0.1650]

----- common model:  b
sre_coso         0         0.058       -0.044        0.030   (15-84 p)   [   -1.0000,     1.0000]
Tc               1  2459770.410450    -0.000017     0.000018   (15-84 p)   [2459770.4100, 2459770.4110]
P                2    2.21857479  -0.00000011   0.00000011   (15-84 p)   [    2.2186,     2.2186]
sre_sino         3        -0.011       -0.055        0.061   (15-84 p)   [   -1.0000,     1.0000]
K                4         7.659       -0.013        0.013   (15-84 p)   [   -6.6439,     8.2288]
R_Rs             5       0.15381     -0.00064      0.00063   (15-84 p)   [    0.0000,     0.5000]
b                6       0.08358     -0.00067      0.00078   (15-84 p)   [    0.0000,     2.0000]

----- common model:  star_parameters
density          9         1.911       -0.030        0.033   (15-84 p)   [    0.0000,     5.0000]

----- common model:  limb_darkening_TESS
ld_q2            7         0.217       -0.071        0.079   (15-84 p)   [    0.0000,     1.0000]
ld_q1            8         0.426       -0.056        0.065   (15-84 p)   [    0.0000,     1.0000]

----- common model:  limb_darkening_Ic_Cousins
ld_c1           10         0.438       -0.045        0.045   (15-84 p)   [    0.0000,     1.0000]
ld_c2           11         0.122       -0.048        0.047   (15-84 p)   [   -1.0000,     1.0000]

====================================================================================================
     Statistics on the model parameters obtained from the posteriors samples     
====================================================================================================

----- dataset:  Bouchy2005_RV01_noRML
offset_0               -2362.2         -4.7          4.3    (15-84 p)
jitter_0                  16.0         -3.1          4.3    (15-84 p)


----- dataset:  Winn2006_RV02_noRML
offset_0                 -10.1         -2.1          2.3    (15-84 p)
jitter_0                  10.3         -1.4          1.7    (15-84 p)


----- dataset:  Boisse2009_RV03_noRML
offset_0               -2273.7         -1.6          1.7    (15-84 p)
jitter_0                   8.5         -1.2          1.4    (15-84 p)


----- dataset:  LCdata_TESS
jitter_0             0.0003346   -0.0000069    0.0000071    (15-84 p)


----- dataset:  LCdata_Bakos2006_LC06
jitter_0               0.00600     -0.00038      0.00041    (15-84 p)


----- dataset:  LCdata_Bakos2006_LC07
jitter_0               0.00490     -0.00035      0.00038    (15-84 p)


----- dataset:  LCdata_Bakos2006_LC08
jitter_0               0.00549     -0.00042      0.00048    (15-84 p)


----- dataset:  LCdata_Bakos2006_LC09
jitter_0               0.00389     -0.00032      0.00038    (15-84 p)


----- common model:  b
Tc              2459770.410450    -0.000017     0.000018    (15-84 p)
P                   2.21857479  -0.00000011   0.00000011    (15-84 p)
K                        202.2         -1.8          1.9    (15-84 p)
e                       0.0066      -0.0042       0.0049    (15-84 p)
omega                      -12          -46           62    (15-84 p)
R_Rs                   0.15381     -0.00064      0.00063    (15-84 p)
b                      0.08358     -0.00067      0.00078    (15-84 p)

----- common model:  star_parameters
density                  1.911       -0.030        0.033    (15-84 p)

----- common model:  limb_darkening_TESS
ld_c1                    0.283       -0.079        0.078    (15-84 p)
ld_c2                     0.37        -0.12         0.13    (15-84 p)

----- common model:  limb_darkening_Ic_Cousins
ld_c1                    0.438       -0.045        0.045    (15-84 p)
ld_c2                    0.122       -0.048        0.047    (15-84 p)

====================================================================================================
     Statistics on the derived parameters obtained from the posteriors samples     
====================================================================================================

----- common model:  b
Computing exact mass of the planet (average approximate mass larger than 30.0 Me)
a_Rs                     8.879       -0.047        0.050    (15-84 p)
i                     89.46097     -0.00089      0.00096    (15-84 p)
M_Mj                     1.125       -0.046        0.046    (15-84 p)
M_Me                       358          -15           15    (15-84 p)
mean_long                17.55        -0.52         0.46    (15-84 p)
R_Rj                     1.132       -0.027        0.027    (15-84 p)
R_Re                     12.69        -0.31         0.30    (15-84 p)
T_41                   0.09179     -0.00053      0.00049    (15-84 p)
T_32                   0.06708     -0.00039      0.00037    (15-84 p)
a_AU_(M)               0.03100     -0.00063      0.00061    (15-84 p)
a_AU_(rho,R)           0.03124     -0.00076      0.00075    (15-84 p)


====================================================================================================
     ------------------------------------------------------------------------------------------     
====================================================================================================



****************************************************************************************************

 Parameters corresponding to the Maximum a Posteriori probability ( 15444.878461186558 )

====================================================================================================
     Statistics on the posterior of the sampler parameters     
====================================================================================================

----- dataset:  Bouchy2005_RV01_noRML
offset_0        12  -2362.765519 [-12575.0000,  7844.0000]
jitter_0        13     14.475042 [    0.0510,   510.0000]

----- dataset:  Winn2006_RV02_noRML
offset_0        14    -10.500238 [-10206.9940, 10186.7170]
jitter_0        15     10.198506 [    0.0072,   160.9000]

----- dataset:  Boisse2009_RV03_noRML
offset_0        16  -2273.215636 [-12475.9000,  7932.5000]
jitter_0        17      7.756502 [    0.0330,   420.0000]

----- dataset:  LCdata_TESS
jitter_0        18      0.000333 [    0.0000,     0.0222]

----- dataset:  LCdata_Bakos2006_LC06
jitter_0        19      0.005818 [    0.0000,     0.4957]

----- dataset:  LCdata_Bakos2006_LC07
jitter_0        20      0.004653 [    0.0000,     0.1754]

----- dataset:  LCdata_Bakos2006_LC08
jitter_0        21      0.005282 [    0.0000,     0.1939]

----- dataset:  LCdata_Bakos2006_LC09
jitter_0        22      0.003728 [    0.0000,     0.1650]

----- common model:  b
sre_coso         0      0.075015 [   -1.0000,     1.0000]
Tc               1  2459770.410459 [2459770.4100, 2459770.4110]
P                2      2.218575 [    2.2186,     2.2186]
sre_sino         3     -0.032602 [   -1.0000,     1.0000]
K                4      7.660390 [   -6.6439,     8.2288]
R_Rs             5      0.154138 [    0.0000,     0.5000]
b                6      0.083872 [    0.0000,     2.0000]

----- common model:  star_parameters
density          9      1.919521 [    0.0000,     5.0000]

----- common model:  limb_darkening_TESS
ld_q2            7      0.263394 [    0.0000,     1.0000]
ld_q1            8      0.394092 [    0.0000,     1.0000]

----- common model:  limb_darkening_Ic_Cousins
ld_c1           10      0.420467 [    0.0000,     1.0000]
ld_c2           11      0.107159 [   -1.0000,     1.0000]

====================================================================================================
     Statistics on the model parameters obtained from the posteriors samples     
====================================================================================================

----- dataset:  Bouchy2005_RV01_noRML
offset_0          -2362.765519 
jitter_0             14.475042 


----- dataset:  Winn2006_RV02_noRML
offset_0            -10.500238 
jitter_0             10.198506 


----- dataset:  Boisse2009_RV03_noRML
offset_0          -2273.215636 
jitter_0              7.756502 


----- dataset:  LCdata_TESS
jitter_0              0.000333 


----- dataset:  LCdata_Bakos2006_LC06
jitter_0              0.005818 


----- dataset:  LCdata_Bakos2006_LC07
jitter_0              0.004653 


----- dataset:  LCdata_Bakos2006_LC08
jitter_0              0.005282 


----- dataset:  LCdata_Bakos2006_LC09
jitter_0              0.003728 


----- common model:  b
Tc              2459770.410459 
P                     2.218575 
K                   202.305256 
e                     0.006690 
omega               -23.490026 
R_Rs                  0.154138 
b                     0.083872 

----- common model:  star_parameters
density               1.919521 

----- common model:  limb_darkening_TESS
ld_c1                 0.330700 
ld_c2                 0.297067 

----- common model:  limb_darkening_Ic_Cousins
ld_c1                 0.420467 
ld_c2                 0.107159 

====================================================================================================
     Statistics on the derived parameters obtained from the posteriors samples     
====================================================================================================

----- common model:  b
a_Rs                  8.892620 
i                    89.461016 
M_Mj                  1.085796 
M_Me                345.168263 
mean_long            17.365114 
R_Rj                  1.128079 
R_Re                 12.644544 
T_41                  0.091673 
T_32                  0.066945 
a_AU_(M)              0.030448 
a_AU_(rho,R)          0.031102 


====================================================================================================
     ------------------------------------------------------------------------------------------     
====================================================================================================



****************************************************************************************************

 Parameters corresponding to the sample closest to the median values ( 15442.965882041839 )

====================================================================================================
     Statistics on the posterior of the sampler parameters     
====================================================================================================

----- dataset:  Bouchy2005_RV01_noRML
offset_0        12  -2366.264774 [-12575.0000,  7844.0000]
jitter_0        13     15.041307 [    0.0510,   510.0000]

----- dataset:  Winn2006_RV02_noRML
offset_0        14     -9.703037 [-10206.9940, 10186.7170]
jitter_0        15      9.863549 [    0.0072,   160.9000]

----- dataset:  Boisse2009_RV03_noRML
offset_0        16  -2273.876976 [-12475.9000,  7932.5000]
jitter_0        17      7.986591 [    0.0330,   420.0000]

----- dataset:  LCdata_TESS
jitter_0        18      0.000332 [    0.0000,     0.0222]

----- dataset:  LCdata_Bakos2006_LC06
jitter_0        19      0.006196 [    0.0000,     0.4957]

----- dataset:  LCdata_Bakos2006_LC07
jitter_0        20      0.004950 [    0.0000,     0.1754]

----- dataset:  LCdata_Bakos2006_LC08
jitter_0        21      0.005031 [    0.0000,     0.1939]

----- dataset:  LCdata_Bakos2006_LC09
jitter_0        22      0.003834 [    0.0000,     0.1650]

----- common model:  b
sre_coso         0      0.057490 [   -1.0000,     1.0000]
Tc               1  2459770.410450 [2459770.4100, 2459770.4110]
P                2      2.218575 [    2.2186,     2.2186]
sre_sino         3     -0.002345 [   -1.0000,     1.0000]
K                4      7.654430 [   -6.6439,     8.2288]
R_Rs             5      0.154115 [    0.0000,     0.5000]
b                6      0.083389 [    0.0000,     2.0000]

----- common model:  star_parameters
density          9      1.893770 [    0.0000,     5.0000]

----- common model:  limb_darkening_TESS
ld_q2            7      0.241100 [    0.0000,     1.0000]
ld_q1            8      0.401745 [    0.0000,     1.0000]

----- common model:  limb_darkening_Ic_Cousins
ld_c1           10      0.442945 [    0.0000,     1.0000]
ld_c2           11      0.139060 [   -1.0000,     1.0000]

====================================================================================================
     Statistics on the model parameters obtained from the posteriors samples     
====================================================================================================

----- dataset:  Bouchy2005_RV01_noRML
offset_0          -2366.264774 
jitter_0             15.041307 


----- dataset:  Winn2006_RV02_noRML
offset_0             -9.703037 
jitter_0              9.863549 


----- dataset:  Boisse2009_RV03_noRML
offset_0          -2273.876976 
jitter_0              7.986591 


----- dataset:  LCdata_TESS
jitter_0              0.000332 


----- dataset:  LCdata_Bakos2006_LC06
jitter_0              0.006196 


----- dataset:  LCdata_Bakos2006_LC07
jitter_0              0.004950 


----- dataset:  LCdata_Bakos2006_LC08
jitter_0              0.005031 


----- dataset:  LCdata_Bakos2006_LC09
jitter_0              0.003834 


----- common model:  b
Tc              2459770.410450 
P                     2.218575 
K                   201.471224 
e                     0.003311 
omega                -2.335391 
R_Rs                  0.154115 
b                     0.083389 

----- common model:  star_parameters
density               1.893770 

----- common model:  limb_darkening_TESS
ld_c1                 0.305635 
ld_c2                 0.328199 

----- common model:  limb_darkening_Ic_Cousins
ld_c1                 0.442945 
ld_c2                 0.139060 

====================================================================================================
     Statistics on the derived parameters obtained from the posteriors samples     
====================================================================================================

----- common model:  b
a_Rs                  8.852675 
i                    89.460355 
M_Mj                  1.075607 
M_Me                341.929121 
mean_long            17.691952 
R_Rj                  1.152260 
R_Re                 12.915581 
T_41                  0.092090 
T_32                  0.067254 
a_AU_(M)              0.030367 
a_AU_(rho,R)          0.031631 


====================================================================================================
     ------------------------------------------------------------------------------------------     
====================================================================================================



****************************************************************************************************

 Trying to identify the stellar parameters
Note: priors on stellar mass and radius provided independently from the measured density, no check for consistency is performed

 Trying to identify the stellar parameters
 Trying to identify the stellar parameters
 Plot FLAT chain 

****************************************************************************************************

Plotting full_correlation plot with pygtc

****************************************************************************************************

 Plotting the chains... 

****************************************************************************************************

 Plotting the Gelman-Rubin traces... 

     Gelman-Rubin:    12     1.025847 Bouchy2005_RV01_noRML_offset_0 
     Gelman-Rubin:    13     1.026985 Bouchy2005_RV01_noRML_jitter_0 
     Gelman-Rubin:    14     1.025199 Winn2006_RV02_noRML_offset_0 
     Gelman-Rubin:    15     1.018403 Winn2006_RV02_noRML_jitter_0 
     Gelman-Rubin:    16     1.023100 Boisse2009_RV03_noRML_offset_0 
     Gelman-Rubin:    17     1.028981 Boisse2009_RV03_noRML_jitter_0 
     Gelman-Rubin:    18     1.024097 LCdata_TESS_jitter_0 
     Gelman-Rubin:    19     1.018645 LCdata_Bakos2006_LC06_jitter_0 
     Gelman-Rubin:    20     1.021039 LCdata_Bakos2006_LC07_jitter_0 
     Gelman-Rubin:    21     1.024497 LCdata_Bakos2006_LC08_jitter_0 
     Gelman-Rubin:    22     1.026696 LCdata_Bakos2006_LC09_jitter_0 
     Gelman-Rubin:     0     1.043009 b_sre_coso 
     Gelman-Rubin:     1     1.020433 b_Tc 
     Gelman-Rubin:     2     1.022030 b_P 
     Gelman-Rubin:     3     1.086840 b_sre_sino 
     Gelman-Rubin:     4     1.026039 b_K 
     Gelman-Rubin:     5     1.024976 b_R_Rs 
     Gelman-Rubin:     6     1.093181 b_b 
     Gelman-Rubin:     9     1.079095 star_parameters_density 
     Gelman-Rubin:     7     1.027346 limb_darkening_TESS_ld_q2 
     Gelman-Rubin:     8     1.023013 limb_darkening_TESS_ld_q1 
     Gelman-Rubin:    10     1.018503 limb_darkening_Ic_Cousins_ld_c1 
     Gelman-Rubin:    11     1.019330 limb_darkening_Ic_Cousins_ld_c2 

****************************************************************************************************

 Plotting the common models corner plots
     Common model:  b
     Common model:  star_parameters
     Common model:  limb_darkening_TESS
     Common model:  limb_darkening_Ic_Cousins

****************************************************************************************************

 Dataset + models corner plots 

     Dataset:  Bouchy2005_RV01_noRML     model:  radial_velocities_b  corner plot  starting 
     Dataset:  Bouchy2005_RV01_noRML     model:  radial_velocities_b  corner plot  done 
     Dataset:  Winn2006_RV02_noRML     model:  radial_velocities_b  corner plot  starting 
     Dataset:  Winn2006_RV02_noRML     model:  radial_velocities_b  corner plot  done 
     Dataset:  Boisse2009_RV03_noRML     model:  radial_velocities_b  corner plot  starting 
     Dataset:  Boisse2009_RV03_noRML     model:  radial_velocities_b  corner plot  done 
     Dataset:  LCdata_TESS     model:  lc_model_TESS_b  corner plot  starting 
     Dataset:  LCdata_TESS     model:  lc_model_TESS_b  corner plot  done 
     Dataset:  LCdata_Bakos2006_LC06     model:  lc_model_Ic_Cousins_b  corner plot  starting 
     Dataset:  LCdata_Bakos2006_LC06     model:  lc_model_Ic_Cousins_b  corner plot  done 
     Dataset:  LCdata_Bakos2006_LC07     model:  lc_model_Ic_Cousins_b  corner plot  starting 
     Dataset:  LCdata_Bakos2006_LC07     model:  lc_model_Ic_Cousins_b  corner plot  done 
     Dataset:  LCdata_Bakos2006_LC08     model:  lc_model_Ic_Cousins_b  corner plot  starting 
     Dataset:  LCdata_Bakos2006_LC08     model:  lc_model_Ic_Cousins_b  corner plot  done 
     Dataset:  LCdata_Bakos2006_LC09     model:  lc_model_Ic_Cousins_b  corner plot  starting 
     Dataset:  LCdata_Bakos2006_LC09     model:  lc_model_Ic_Cousins_b  corner plot  done 

****************************************************************************************************

 Saving the planet parameter samplings to files (with plots)

****************************************************************************************************

 Saving all the parameter samplings to files (with plots)

****************************************************************************************************

 Computing the models for plot/data writing 
 Writing the plots 
 Writing the   data files 
 Writing the  MAP_ data files 
 Writing the  sampleMED_ data files 

****************************************************************************************************

