**** USING NUMBA ****

PyORBIT v10.0.1

Python version in use:
3.9.15 (main, Nov 24 2022, 14:31:59) 
[GCC 11.2.0]
 LaTeX disabled by default
Using orbital model:  circular
Using orbital parametrization:  Eastman2013
Time of inferior conjunction replacing mean longitude as a free parameter:  True

Using limb darkening coefficient parametrization:  Kipping

emcee version:  3.1.3

 Reference Time Tref: 2459750.0

 Dimensions = 8
 Nwalkers = 32

 Steps: 100000


 LN posterior: 14164.548895      -2.273894     1.632746 (15-84 p) 

 Median log_priors     = 21.64016810055602
 Median log_likelihood = 14146.592215229768

 Median BIC  (using likelihood) = -28231.603827685118
 Median AIC  (using likelihood) = -28277.184430459536
 Median AICc (using likelihood) = -28277.118796913503

 Median BIC  (using posterior)  = -28274.88416388623
 Median AIC  (using posterior)  = -28320.464766660647
 Median AICc (using posterior)  = -28320.399133114614

 MAP log_priors     = 21.64228449138408
 MAP log_likelihood = 14146.36747876919

 MAP BIC  (using likelihood) = -28231.154354763963
 MAP AIC  (using likelihood) = -28276.73495753838
 MAP AICc (using likelihood) = -28276.669323992348

 MAP BIC  (using posterior)  = -28274.43892374673
 MAP AIC  (using posterior)  = -28320.019526521148
 MAP AICc (using posterior)  = -28319.953892975114

 AIC suggested over AICs because NDATA ( 2203 ) > 40 * NDIM ( 8 )

****************************************************************************************************


Computing the autocorrelation time of the chains

The chains are more than 50 times longer than the ACF, the estimate can be trusted

Reference thinning used in the analysis: 100
Step length used in the analysis: 2*nthin = 200

Convergence criteria: less than 1% variation in ACF after 50 times the integrated ACF
At least 50*ACF after convergence, 100*ACF would be ideal
Negative values: not converged yet

   sampler parameter              |    ACF   | ACF*nthin | converged at | nsteps/ACF | to 100*ACF
                                  |          |           |              |            | 
   LCdata_TESS_jitter_0           |    1.44  |      144  |     9000     |     632    |       0 
   b_R_Rs                         |    2.96  |      296  |    15800     |     285    |       0 
   b_Tc                           |    1.50  |      150  |     9400     |     604    |       0 
   b_b                            |    2.34  |      234  |    12600     |     374    |       0 
   b_P                            |    1.47  |      147  |     8600     |     620    |       0 
   star_parameters_density        |    1.71  |      171  |     9600     |     530    |       0 
   limb_darkening_ld_q2           |    2.90  |      290  |    15600     |     291    |       0 
   limb_darkening_ld_q1           |    3.00  |      300  |    15800     |     281    |       0 

All the chains are longer than 100*ACF 
Suggested value for burnin: 12050

 Plotting the ACF... 


====================================================================================================
     Ids, spaces (s), boundaries (b) and priors (p) of the sampler parameters     
====================================================================================================

----- dataset:  LCdata_TESS
jitter_0      id:   7  s:Linear      b:[      0.0000,       0.0222]   p:Uniform   []

----- common model:  b
R_Rs          id:   0  s:Linear      b:[      0.0000,       0.5000]   p:Uniform   []
Tc            id:   1  s:Linear      b:[2459770.4100, 2459770.4110]   p:Uniform   []
b             id:   2  s:Linear      b:[      0.0000,       2.0000]   p:Uniform   []
P             id:   3  s:Linear      b:[      2.2186,       2.2186]   p:Uniform   []
omega         derived (no id, space, bound)                           p:None   []
e             derived (no id, space, bound)                           p:None   []

----- common model:  star_parameters
density       id:   6  s:Linear      b:[      0.0000,       5.0000]   p:Gaussian   [1.864 0.175]
mass          derived (no id, space, bound)                           p:Gaussian   [0.806 0.048]
radius        derived (no id, space, bound)                           p:Gaussian   [0.756 0.018]

----- common model:  limb_darkening
ld_q2         id:   4  s:Linear      b:[      0.0000,       1.0000]   p:Uniform   []
ld_q1         id:   5  s:Linear      b:[      0.0000,       1.0000]   p:Uniform   []
ld_c1         derived (no id, space, bound)                           p:Uniform   [0.0, 1.0]
ld_c2         derived (no id, space, bound)                           p:Uniform   [-1.0, 1.0]


****************************************************************************************************
****************************************************************************************************

 Confidence intervals (median value, 34.135th percentile from the median on the left and right side)

====================================================================================================
     Statistics on the posterior of the sampler parameters     
====================================================================================================

----- dataset:  LCdata_TESS
jitter_0         7     0.0003346   -0.0000069    0.0000071   (15-84 p)   [    0.0000,     0.0222]

----- common model:  b
R_Rs             0       0.15375     -0.00067      0.00064   (15-84 p)   [    0.0000,     0.5000]
Tc               1  2459770.410448    -0.000017     0.000016   (15-84 p)   [2459770.4100, 2459770.4110]
b                2        0.6607      -0.0041       0.0037   (15-84 p)   [    0.0000,     2.0000]
P                3    2.21857489  -0.00000016   0.00000016   (15-84 p)   [    2.2186,     2.2186]

----- common model:  star_parameters
density          6         1.904       -0.015        0.014   (15-84 p)   [    0.0000,     5.0000]

----- common model:  limb_darkening
ld_q2            4         0.208       -0.074        0.082   (15-84 p)   [    0.0000,     1.0000]
ld_q1            5         0.432       -0.059        0.069   (15-84 p)   [    0.0000,     1.0000]

====================================================================================================
     Statistics on the model parameters obtained from the posteriors samples     
====================================================================================================

----- dataset:  LCdata_TESS
jitter_0             0.0003346   -0.0000069    0.0000071    (15-84 p)


----- common model:  b
R_Rs                   0.15375     -0.00067      0.00064    (15-84 p)
Tc              2459770.410448    -0.000017     0.000016    (15-84 p)
omega                90.000000                              [fixed]
b                       0.6607      -0.0041       0.0037    (15-84 p)
P                   2.21857489  -0.00000016   0.00000016    (15-84 p)
e                         0.00                              [fixed]

----- common model:  star_parameters
density                  1.904       -0.015        0.014    (15-84 p)

----- common model:  limb_darkening
ld_c1                    0.274       -0.085        0.081    (15-84 p)
ld_c2                     0.38        -0.13         0.13    (15-84 p)

====================================================================================================
     Statistics on the derived parameters obtained from the posteriors samples     
====================================================================================================

----- common model:  b
a_Rs                     8.868       -0.023        0.022    (15-84 p)
i                       85.728       -0.030        0.032    (15-84 p)
mean_long              18.0716      -0.0025       0.0025    (15-84 p)
R_Rj                     1.132       -0.027        0.027    (15-84 p)
R_Re                     12.68        -0.31         0.31    (15-84 p)
T_41                   0.07567     -0.00017      0.00018    (15-84 p)
T_32                   0.04225     -0.00042      0.00046    (15-84 p)
a_AU_(rho,R)           0.03119     -0.00074      0.00075    (15-84 p)


====================================================================================================
     ------------------------------------------------------------------------------------------     
====================================================================================================



****************************************************************************************************

 Parameters corresponding to the Maximum a Posteriori probability ( 14168.009763260574 )

====================================================================================================
     Statistics on the posterior of the sampler parameters     
====================================================================================================

----- dataset:  LCdata_TESS
jitter_0         7      0.000334 [    0.0000,     0.0222]

----- common model:  b
R_Rs             0      0.153926 [    0.0000,     0.5000]
Tc               1  2459770.410446 [2459770.4100, 2459770.4110]
b                2      0.661756 [    0.0000,     2.0000]
P                3      2.218575 [    2.2186,     2.2186]

----- common model:  star_parameters
density          6      1.902266 [    0.0000,     5.0000]

----- common model:  limb_darkening
ld_q2            4      0.224131 [    0.0000,     1.0000]
ld_q1            5      0.421309 [    0.0000,     1.0000]

====================================================================================================
     Statistics on the model parameters obtained from the posteriors samples     
====================================================================================================

----- dataset:  LCdata_TESS
jitter_0              0.000334 


----- common model:  b
R_Rs                  0.153926 
Tc              2459770.410446 
omega                90.000000 
b                     0.661756 
P                     2.218575 
e                         0.00 

----- common model:  star_parameters
density               1.902266 

----- common model:  limb_darkening
ld_c1                 0.290959 
ld_c2                 0.358125 

====================================================================================================
     Statistics on the derived parameters obtained from the posteriors samples     
====================================================================================================

----- common model:  b
a_Rs                  8.865894 
i                    85.719423 
mean_long            18.071917 
R_Rj                  1.113313 
R_Re                 12.479036 
T_41                  0.075652 
T_32                  0.042134 
a_AU_(rho,R)          0.030645 


====================================================================================================
     ------------------------------------------------------------------------------------------     
====================================================================================================



****************************************************************************************************

 Parameters corresponding to the sample closest to the median values ( 14167.873185504508 )

====================================================================================================
     Statistics on the posterior of the sampler parameters     
====================================================================================================

----- dataset:  LCdata_TESS
jitter_0         7      0.000334 [    0.0000,     0.0222]

----- common model:  b
R_Rs             0      0.153834 [    0.0000,     0.5000]
Tc               1  2459770.410447 [2459770.4100, 2459770.4110]
b                2      0.660962 [    0.0000,     2.0000]
P                3      2.218575 [    2.2186,     2.2186]

----- common model:  star_parameters
density          6      1.903130 [    0.0000,     5.0000]

----- common model:  limb_darkening
ld_q2            4      0.216065 [    0.0000,     1.0000]
ld_q1            5      0.425451 [    0.0000,     1.0000]

====================================================================================================
     Statistics on the model parameters obtained from the posteriors samples     
====================================================================================================

----- dataset:  LCdata_TESS
jitter_0              0.000334 


----- common model:  b
R_Rs                  0.153834 
Tc              2459770.410447 
omega                90.000000 
b                     0.660962 
P                     2.218575 
e                         0.00 

----- common model:  star_parameters
density               1.903130 

----- common model:  limb_darkening
ld_c1                 0.281864 
ld_c2                 0.370402 

====================================================================================================
     Statistics on the derived parameters obtained from the posteriors samples     
====================================================================================================

----- common model:  b
a_Rs                  8.867236 
i                    85.725220 
mean_long            18.071666 
R_Rj                  1.152458 
R_Re                 12.917809 
T_41                  0.075676 
T_32                  0.042219 
a_AU_(rho,R)          0.031746 


====================================================================================================
     ------------------------------------------------------------------------------------------     
====================================================================================================



****************************************************************************************************

 Trying to identify the stellar parameters
Note: priors on stellar mass and radius provided independently from the measured density, no check for consistency is performed

 Trying to identify the stellar parameters
 Trying to identify the stellar parameters
 Plot FLAT chain 

****************************************************************************************************

Plotting full_correlation plot with pygtc

****************************************************************************************************

 Plotting the chains... 

****************************************************************************************************

 Plotting the Gelman-Rubin traces... 

     Gelman-Rubin:     7     1.000188 LCdata_TESS_jitter_0 
     Gelman-Rubin:     0     1.000897 b_R_Rs 
     Gelman-Rubin:     1     1.000119 b_Tc 
     Gelman-Rubin:     2     1.000560 b_b 
     Gelman-Rubin:     3     1.000047 b_P 
     Gelman-Rubin:     6     0.999979 star_parameters_density 
     Gelman-Rubin:     4     1.000874 limb_darkening_ld_q2 
     Gelman-Rubin:     5     1.000763 limb_darkening_ld_q1 

****************************************************************************************************

 Plotting the common models corner plots
     Common model:  b
     Common model:  star_parameters
     Common model:  limb_darkening

****************************************************************************************************

 Dataset + models corner plots 

     Dataset:  LCdata_TESS     model:  lc_model_b  corner plot  starting 
     Dataset:  LCdata_TESS     model:  lc_model_b  corner plot  done 

****************************************************************************************************

 Saving the planet parameter samplings to files (with plots)

****************************************************************************************************

 Saving all the parameter samplings to files (with plots)

****************************************************************************************************

 Computing the models for plot/data writing 
 Writing the plots 
 Writing the   data files 
 Writing the  MAP_ data files 
 Writing the  sampleMED_ data files 

****************************************************************************************************

