**** USING NUMBA ****

PyORBIT v10.0.1

Python version in use:
3.9.15 (main, Nov 24 2022, 14:31:59) 
[GCC 11.2.0]
 LaTeX disabled by default
Using orbital model:  circular
Using orbital parametrization:  Eastman2013
Time of inferior conjunction replacing mean longitude as a free parameter:  True

Using limb darkening coefficient parametrization:  Kipping
Using limb darkening coefficient parametrization:  Standard

emcee version:  3.1.3

 Reference Time Tref: 2459750.0

 Dimensions = 14
 Nwalkers = 56

 Steps: 100000


 LN posterior: 15585.372821      -2.927023     2.277655 (15-84 p) 

 Median log_priors     = 31.639140205088207
 Median log_likelihood = 15559.874913984046

 Median BIC  (using likelihood) = -31009.540792249954
 Median AIC  (using likelihood) = -31091.74982796809
 Median AICc (using likelihood) = -31091.588785023305

 Median BIC  (using posterior)  = -31072.81907266013
 Median AIC  (using posterior)  = -31155.02810837827
 Median AICc (using posterior)  = -31154.867065433482

 MAP log_priors     = 31.36418273294142
 MAP log_likelihood = 15560.097510864107

 MAP BIC  (using likelihood) = -31009.985986010077
 MAP AIC  (using likelihood) = -31092.195021728214
 MAP AICc (using likelihood) = -31092.033978783427

 MAP BIC  (using posterior)  = -31072.71435147596
 MAP AIC  (using posterior)  = -31154.923387194096
 MAP AICc (using posterior)  = -31154.76234424931

 AIC suggested over AICs because NDATA ( 2623 ) > 40 * NDIM ( 14 )

****************************************************************************************************


Computing the autocorrelation time of the chains

The chains are more than 50 times longer than the ACF, the estimate can be trusted

Reference thinning used in the analysis: 100
Step length used in the analysis: 3*nthin = 300

Convergence criteria: less than 1% variation in ACF after 50 times the integrated ACF
At least 50*ACF after convergence, 100*ACF would be ideal
Negative values: not converged yet

   sampler parameter              |    ACF   | ACF*nthin | converged at | nsteps/ACF | to 100*ACF
                                  |          |           |              |            | 
   LCdata_TESS_jitter_0           |    2.33  |      233  |    14700     |     366    |       0 
   LCdata_Bakos2006_LC06_jitter_0 |    2.34  |      234  |    15600     |     361    |       0 
   LCdata_Bakos2006_LC07_jitter_0 |    2.37  |      237  |    13800     |     364    |       0 
   LCdata_Bakos2006_LC08_jitter_0 |    2.41  |      241  |    14400     |     355    |       0 
   LCdata_Bakos2006_LC09_jitter_0 |    2.34  |      234  |    13500     |     369    |       0 
   b_P                            |    2.38  |      238  |    13500     |     364    |       0 
   b_Tc                           |    2.30  |      230  |    14400     |     372    |       0 
   b_b                            |    2.70  |      270  |    15900     |     312    |       0 
   b_R_Rs                         |    3.35  |      335  |    18300     |     244    |       0 
   star_parameters_density        |    2.39  |      239  |    14400     |     358    |       0 
   limb_darkening_TESS_ld_q2      |    3.57  |      357  |    19200     |     227    |       0 
   limb_darkening_TESS_ld_q1      |    3.35  |      335  |    18600     |     243    |       0 
   limb_darkening_Ic_Cousins_ld_c2 |    2.29  |      229  |    15300     |     370    |       0 
   limb_darkening_Ic_Cousins_ld_c1 |    2.42  |      242  |    15900     |     348    |       0 

All the chains are longer than 100*ACF 
Suggested value for burnin: 15536

 Plotting the ACF... 


====================================================================================================
     Ids, spaces (s), boundaries (b) and priors (p) of the sampler parameters     
====================================================================================================

----- dataset:  LCdata_TESS
jitter_0      id:   9  s:Linear      b:[      0.0000,       0.0222]   p:Uniform   []

----- dataset:  LCdata_Bakos2006_LC06
jitter_0      id:  10  s:Linear      b:[      0.0000,       0.4957]   p:Uniform   []

----- dataset:  LCdata_Bakos2006_LC07
jitter_0      id:  11  s:Linear      b:[      0.0000,       0.1754]   p:Uniform   []

----- dataset:  LCdata_Bakos2006_LC08
jitter_0      id:  12  s:Linear      b:[      0.0000,       0.1939]   p:Uniform   []

----- dataset:  LCdata_Bakos2006_LC09
jitter_0      id:  13  s:Linear      b:[      0.0000,       0.1650]   p:Uniform   []

----- common model:  b
P             id:   0  s:Linear      b:[      2.2186,       2.2186]   p:Uniform   []
Tc            id:   1  s:Linear      b:[2459770.4100, 2459770.4110]   p:Uniform   []
b             id:   2  s:Linear      b:[      0.0000,       2.0000]   p:Uniform   []
R_Rs          id:   3  s:Linear      b:[      0.0000,       0.5000]   p:Uniform   []
e             derived (no id, space, bound)                           p:None   []
omega         derived (no id, space, bound)                           p:None   []

----- common model:  star_parameters
density       id:   6  s:Linear      b:[      0.0000,       5.0000]   p:Gaussian   [1.864 0.175]
mass          derived (no id, space, bound)                           p:Gaussian   [0.806 0.048]
radius        derived (no id, space, bound)                           p:Gaussian   [0.756 0.018]

----- common model:  limb_darkening_TESS
ld_q2         id:   4  s:Linear      b:[      0.0000,       1.0000]   p:Uniform   []
ld_q1         id:   5  s:Linear      b:[      0.0000,       1.0000]   p:Uniform   []
ld_c1         derived (no id, space, bound)                           p:Uniform   [0.0, 1.0]
ld_c2         derived (no id, space, bound)                           p:Uniform   [-1.0, 1.0]

----- common model:  limb_darkening_Ic_Cousins
ld_c2         id:   7  s:Linear      b:[     -1.0000,       1.0000]   p:Gaussian   [0.13 0.05]
ld_c1         id:   8  s:Linear      b:[      0.0000,       1.0000]   p:Gaussian   [0.45 0.05]


****************************************************************************************************
****************************************************************************************************

 Confidence intervals (median value, 34.135th percentile from the median on the left and right side)

====================================================================================================
     Statistics on the posterior of the sampler parameters     
====================================================================================================

----- dataset:  LCdata_TESS
jitter_0         9     0.0003364   -0.0000070    0.0000071   (15-84 p)   [    0.0000,     0.0222]

----- dataset:  LCdata_Bakos2006_LC06
jitter_0        10       0.00859     -0.00055      0.00060   (15-84 p)   [    0.0000,     0.4957]

----- dataset:  LCdata_Bakos2006_LC07
jitter_0        11       0.00753     -0.00051      0.00056   (15-84 p)   [    0.0000,     0.1754]

----- dataset:  LCdata_Bakos2006_LC08
jitter_0        12       0.00829     -0.00061      0.00069   (15-84 p)   [    0.0000,     0.1939]

----- dataset:  LCdata_Bakos2006_LC09
jitter_0        13       0.00785     -0.00061      0.00069   (15-84 p)   [    0.0000,     0.1650]

----- common model:  b
P                0    2.21857473  -0.00000014   0.00000015   (15-84 p)   [    2.2186,     2.2186]
Tc               1  2459770.410436    -0.000016     0.000016   (15-84 p)   [2459770.4100, 2459770.4110]
b                2       0.08338     -0.00014      0.00015   (15-84 p)   [    0.0000,     2.0000]
R_Rs             3       0.15116     -0.00046      0.00056   (15-84 p)   [    0.0000,     0.5000]

----- common model:  star_parameters
density          6         1.925       -0.014        0.014   (15-84 p)   [    0.0000,     5.0000]

----- common model:  limb_darkening_TESS
ld_q2            4         0.028       -0.020        0.036   (15-84 p)   [    0.0000,     1.0000]
ld_q1            5         0.717       -0.073        0.061   (15-84 p)   [    0.0000,     1.0000]

----- common model:  limb_darkening_Ic_Cousins
ld_c2            7         0.126       -0.047        0.047   (15-84 p)   [   -1.0000,     1.0000]
ld_c1            8         0.451       -0.042        0.043   (15-84 p)   [    0.0000,     1.0000]

====================================================================================================
     Statistics on the model parameters obtained from the posteriors samples     
====================================================================================================

----- dataset:  LCdata_TESS
jitter_0             0.0003364   -0.0000070    0.0000071    (15-84 p)


----- dataset:  LCdata_Bakos2006_LC06
jitter_0               0.00859     -0.00055      0.00060    (15-84 p)


----- dataset:  LCdata_Bakos2006_LC07
jitter_0               0.00753     -0.00051      0.00056    (15-84 p)


----- dataset:  LCdata_Bakos2006_LC08
jitter_0               0.00829     -0.00061      0.00069    (15-84 p)


----- dataset:  LCdata_Bakos2006_LC09
jitter_0               0.00785     -0.00061      0.00069    (15-84 p)


----- common model:  b
P                   2.21857473  -0.00000014   0.00000015    (15-84 p)
Tc              2459770.410436    -0.000016     0.000016    (15-84 p)
b                      0.08338     -0.00014      0.00015    (15-84 p)
R_Rs                   0.15116     -0.00046      0.00056    (15-84 p)
e                         0.00                              [fixed]
omega                90.000000                              [fixed]

----- common model:  star_parameters
density                  1.925       -0.014        0.014    (15-84 p)

----- common model:  limb_darkening_TESS
ld_c1                    0.048       -0.034        0.056    (15-84 p)
ld_c2                    0.800       -0.098        0.063    (15-84 p)

----- common model:  limb_darkening_Ic_Cousins
ld_c2                    0.126       -0.047        0.047    (15-84 p)
ld_c1                    0.451       -0.042        0.043    (15-84 p)

====================================================================================================
     Statistics on the derived parameters obtained from the posteriors samples     
====================================================================================================

----- common model:  b
a_Rs                     8.902       -0.022        0.022    (15-84 p)
i                     89.46327     -0.00065      0.00065    (15-84 p)
mean_long              18.0732      -0.0025       0.0025    (15-84 p)
R_Rj                     1.113       -0.027        0.027    (15-84 p)
R_Re                     12.47        -0.30         0.30    (15-84 p)
T_41                   0.09135     -0.00024      0.00024    (15-84 p)
T_32                   0.06712     -0.00017      0.00016    (15-84 p)
a_AU_(rho,R)           0.03131     -0.00075      0.00075    (15-84 p)


====================================================================================================
     ------------------------------------------------------------------------------------------     
====================================================================================================



****************************************************************************************************

 Parameters corresponding to the Maximum a Posteriori probability ( 15591.461693597048 )

====================================================================================================
     Statistics on the posterior of the sampler parameters     
====================================================================================================

----- dataset:  LCdata_TESS
jitter_0         9      0.000333 [    0.0000,     0.0222]

----- dataset:  LCdata_Bakos2006_LC06
jitter_0        10      0.008434 [    0.0000,     0.4957]

----- dataset:  LCdata_Bakos2006_LC07
jitter_0        11      0.007617 [    0.0000,     0.1754]

----- dataset:  LCdata_Bakos2006_LC08
jitter_0        12      0.008173 [    0.0000,     0.1939]

----- dataset:  LCdata_Bakos2006_LC09
jitter_0        13      0.007753 [    0.0000,     0.1650]

----- common model:  b
P                0      2.218575 [    2.2186,     2.2186]
Tc               1  2459770.410435 [2459770.4100, 2459770.4110]
b                2      0.083316 [    0.0000,     2.0000]
R_Rs             3      0.150590 [    0.0000,     0.5000]

----- common model:  star_parameters
density          6      1.925719 [    0.0000,     5.0000]

----- common model:  limb_darkening_TESS
ld_q2            4      0.002743 [    0.0000,     1.0000]
ld_q1            5      0.796984 [    0.0000,     1.0000]

----- common model:  limb_darkening_Ic_Cousins
ld_c2            7      0.109368 [   -1.0000,     1.0000]
ld_c1            8      0.481084 [    0.0000,     1.0000]

====================================================================================================
     Statistics on the model parameters obtained from the posteriors samples     
====================================================================================================

----- dataset:  LCdata_TESS
jitter_0              0.000333 


----- dataset:  LCdata_Bakos2006_LC06
jitter_0              0.008434 


----- dataset:  LCdata_Bakos2006_LC07
jitter_0              0.007617 


----- dataset:  LCdata_Bakos2006_LC08
jitter_0              0.008173 


----- dataset:  LCdata_Bakos2006_LC09
jitter_0              0.007753 


----- common model:  b
P                     2.218575 
Tc              2459770.410435 
b                     0.083316 
R_Rs                  0.150590 
e                         0.00 
omega                90.000000 

----- common model:  star_parameters
density               1.925719 

----- common model:  limb_darkening_TESS
ld_c1                 0.004898 
ld_c2                 0.887842 

----- common model:  limb_darkening_Ic_Cousins
ld_c2                 0.109368 
ld_c1                 0.481084 

====================================================================================================
     Statistics on the derived parameters obtained from the posteriors samples     
====================================================================================================

----- common model:  b
a_Rs                  8.902181 
i                    89.463756 
mean_long            18.073342 
R_Rj                  1.100383 
R_Re                 12.334099 
T_41                  0.091293 
T_32                  0.067161 
a_AU_(rho,R)          0.031087 


====================================================================================================
     ------------------------------------------------------------------------------------------     
====================================================================================================



****************************************************************************************************

 Parameters corresponding to the sample closest to the median values ( 15588.701385137614 )

====================================================================================================
     Statistics on the posterior of the sampler parameters     
====================================================================================================

----- dataset:  LCdata_TESS
jitter_0         9      0.000336 [    0.0000,     0.0222]

----- dataset:  LCdata_Bakos2006_LC06
jitter_0        10      0.008724 [    0.0000,     0.4957]

----- dataset:  LCdata_Bakos2006_LC07
jitter_0        11      0.007515 [    0.0000,     0.1754]

----- dataset:  LCdata_Bakos2006_LC08
jitter_0        12      0.007954 [    0.0000,     0.1939]

----- dataset:  LCdata_Bakos2006_LC09
jitter_0        13      0.007859 [    0.0000,     0.1650]

----- common model:  b
P                0      2.218575 [    2.2186,     2.2186]
Tc               1  2459770.410439 [2459770.4100, 2459770.4110]
b                2      0.083379 [    0.0000,     2.0000]
R_Rs             3      0.150980 [    0.0000,     0.5000]

----- common model:  star_parameters
density          6      1.924828 [    0.0000,     5.0000]

----- common model:  limb_darkening_TESS
ld_q2            4      0.009239 [    0.0000,     1.0000]
ld_q1            5      0.720601 [    0.0000,     1.0000]

----- common model:  limb_darkening_Ic_Cousins
ld_c2            7      0.122082 [   -1.0000,     1.0000]
ld_c1            8      0.451556 [    0.0000,     1.0000]

====================================================================================================
     Statistics on the model parameters obtained from the posteriors samples     
====================================================================================================

----- dataset:  LCdata_TESS
jitter_0              0.000336 


----- dataset:  LCdata_Bakos2006_LC06
jitter_0              0.008724 


----- dataset:  LCdata_Bakos2006_LC07
jitter_0              0.007515 


----- dataset:  LCdata_Bakos2006_LC08
jitter_0              0.007954 


----- dataset:  LCdata_Bakos2006_LC09
jitter_0              0.007859 


----- common model:  b
P                     2.218575 
Tc              2459770.410439 
b                     0.083379 
R_Rs                  0.150980 
e                         0.00 
omega                90.000000 

----- common model:  star_parameters
density               1.924828 

----- common model:  limb_darkening_TESS
ld_c1                 0.015686 
ld_c2                 0.833196 

----- common model:  limb_darkening_Ic_Cousins
ld_c2                 0.122082 
ld_c1                 0.451556 

====================================================================================================
     Statistics on the derived parameters obtained from the posteriors samples     
====================================================================================================

----- common model:  b
a_Rs                  8.900808 
i                    89.463267 
mean_long            18.072728 
R_Rj                  1.132377 
R_Re                 12.692719 
T_41                  0.091338 
T_32                  0.067140 
a_AU_(rho,R)          0.031903 


====================================================================================================
     ------------------------------------------------------------------------------------------     
====================================================================================================



****************************************************************************************************

 Trying to identify the stellar parameters
Note: priors on stellar mass and radius provided independently from the measured density, no check for consistency is performed

 Trying to identify the stellar parameters
 Trying to identify the stellar parameters
 Plot FLAT chain 

****************************************************************************************************

Plotting full_correlation plot with pygtc

****************************************************************************************************

 Plotting the chains... 

****************************************************************************************************

 Plotting the Gelman-Rubin traces... 

     Gelman-Rubin:     9     1.001126 LCdata_TESS_jitter_0 
     Gelman-Rubin:    10     1.000543 LCdata_Bakos2006_LC06_jitter_0 
     Gelman-Rubin:    11     1.001089 LCdata_Bakos2006_LC07_jitter_0 
     Gelman-Rubin:    12     1.000685 LCdata_Bakos2006_LC08_jitter_0 
     Gelman-Rubin:    13     1.000421 LCdata_Bakos2006_LC09_jitter_0 
     Gelman-Rubin:     0     1.000529 b_P 
     Gelman-Rubin:     1     1.000557 b_Tc 
     Gelman-Rubin:     2     1.001115 b_b 
     Gelman-Rubin:     3     1.001084 b_R_Rs 
     Gelman-Rubin:     6     1.000846 star_parameters_density 
     Gelman-Rubin:     4     1.001070 limb_darkening_TESS_ld_q2 
     Gelman-Rubin:     5     1.001182 limb_darkening_TESS_ld_q1 
     Gelman-Rubin:     7     1.000685 limb_darkening_Ic_Cousins_ld_c2 
     Gelman-Rubin:     8     1.000644 limb_darkening_Ic_Cousins_ld_c1 

****************************************************************************************************

 Plotting the common models corner plots
     Common model:  b
     Common model:  star_parameters
     Common model:  limb_darkening_TESS
     Common model:  limb_darkening_Ic_Cousins

****************************************************************************************************

 Dataset + models corner plots 

     Dataset:  LCdata_TESS     model:  lc_model_TESS_b  corner plot  starting 
     Dataset:  LCdata_TESS     model:  lc_model_TESS_b  corner plot  done 
     Dataset:  LCdata_Bakos2006_LC06     model:  lc_model_Ic_Cousins_b  corner plot  starting 
     Dataset:  LCdata_Bakos2006_LC06     model:  lc_model_Ic_Cousins_b  corner plot  done 
     Dataset:  LCdata_Bakos2006_LC07     model:  lc_model_Ic_Cousins_b  corner plot  starting 
     Dataset:  LCdata_Bakos2006_LC07     model:  lc_model_Ic_Cousins_b  corner plot  done 
     Dataset:  LCdata_Bakos2006_LC08     model:  lc_model_Ic_Cousins_b  corner plot  starting 
     Dataset:  LCdata_Bakos2006_LC08     model:  lc_model_Ic_Cousins_b  corner plot  done 
     Dataset:  LCdata_Bakos2006_LC09     model:  lc_model_Ic_Cousins_b  corner plot  starting 
     Dataset:  LCdata_Bakos2006_LC09     model:  lc_model_Ic_Cousins_b  corner plot  done 

****************************************************************************************************

 Saving the planet parameter samplings to files (with plots)

****************************************************************************************************

 Saving all the parameter samplings to files (with plots)

****************************************************************************************************

 Computing the models for plot/data writing 
 Writing the plots 
 Writing the   data files 
 Writing the  MAP_ data files 
 Writing the  sampleMED_ data files 

****************************************************************************************************

