**** USING NUMBA ****

PyORBIT v10.0.1

Python version in use:
3.9.15 (main, Nov 24 2022, 14:31:59) 
[GCC 11.2.0]

reloaded_optimize:  False
reloaded_pyde:  False
reloaded_emcee:  False

number of multiprocessing threads: 128

parameters/safe_reload flag (must be True for tinygp):  False

Opening:  Bouchy2005_RV01_noRML
Opening:  Winn2006_RV02_noRML
Opening:  Boisse2009_RV03_noRML
Opening:  LCdata_TESS
Opening:  LCdata_Bakos2006_LC06
Opening:  LCdata_Bakos2006_LC07
Opening:  LCdata_Bakos2006_LC08
Opening:  LCdata_Bakos2006_LC09
Adding common model of planet:  b
  LC model: lc_model_TESS_b is using limb_darkening_TESS LD parameters
  LC model: lc_model_Ic_Cousins_b is using limb_darkening_Ic_Cousins LD parameters
Using orbital model:  keplerian
Using orbital parametrization:  Eastman2013
Time of inferior conjunction replacing mean longitude as a free parameter:  True

Using limb darkening coefficient parametrization:  Kipping
Using limb darkening coefficient parametrization:  Standard

====================================================================================================
     Ids, spaces (s), boundaries (b) and priors (p) of the sampler parameters     
====================================================================================================

----- dataset:  Bouchy2005_RV01_noRML
offset_0      id:  12  s:Linear      b:[ -12575.0000,    7844.0000]   p:Uniform   []
jitter_0      id:  13  s:Linear      b:[      0.0510,     510.0000]   p:Uniform   []

----- dataset:  Winn2006_RV02_noRML
offset_0      id:  14  s:Linear      b:[ -10206.9940,   10186.7170]   p:Uniform   []
jitter_0      id:  15  s:Linear      b:[      0.0072,     160.9000]   p:Uniform   []

----- dataset:  Boisse2009_RV03_noRML
offset_0      id:  16  s:Linear      b:[ -12475.9000,    7932.5000]   p:Uniform   []
jitter_0      id:  17  s:Linear      b:[      0.0330,     420.0000]   p:Uniform   []

----- dataset:  LCdata_TESS
jitter_0      id:  18  s:Linear      b:[      0.0000,       0.0222]   p:Uniform   []

----- dataset:  LCdata_Bakos2006_LC06
jitter_0      id:  19  s:Linear      b:[      0.0000,       0.4957]   p:Uniform   []

----- dataset:  LCdata_Bakos2006_LC07
jitter_0      id:  20  s:Linear      b:[      0.0000,       0.1754]   p:Uniform   []

----- dataset:  LCdata_Bakos2006_LC08
jitter_0      id:  21  s:Linear      b:[      0.0000,       0.1939]   p:Uniform   []

----- dataset:  LCdata_Bakos2006_LC09
jitter_0      id:  22  s:Linear      b:[      0.0000,       0.1650]   p:Uniform   []

----- common model:  b
sre_coso      id:   0  s:Linear      b:[     -1.0000,       1.0000]   p:Uniform   []
Tc            id:   1  s:Linear      b:[2459770.4100, 2459770.4110]   p:Uniform   []
P             id:   2  s:Linear      b:[      2.2186,       2.2186]   p:Uniform   []
sre_sino      id:   3  s:Linear      b:[     -1.0000,       1.0000]   p:Uniform   []
K             id:   4  s:Log_Base2   b:[     -6.6439,       8.2288]   p:Uniform   []
R_Rs          id:   5  s:Linear      b:[      0.0000,       0.5000]   p:Uniform   []
b             id:   6  s:Linear      b:[      0.0000,       2.0000]   p:Uniform   []
e             derived (no id, space, bound)                           p:Uniform   [0.   0.95]
omega         derived (no id, space, bound)                           p:Uniform   [0.0, 360.0]

----- common model:  star_parameters
density       id:   9  s:Linear      b:[      0.0000,       5.0000]   p:Gaussian   [1.864 0.175]
mass          derived (no id, space, bound)                           p:Gaussian   [0.806 0.048]
radius        derived (no id, space, bound)                           p:Gaussian   [0.756 0.018]

----- common model:  limb_darkening_TESS
ld_q2         id:   7  s:Linear      b:[      0.0000,       1.0000]   p:Uniform   []
ld_q1         id:   8  s:Linear      b:[      0.0000,       1.0000]   p:Uniform   []
ld_c1         derived (no id, space, bound)                           p:Uniform   [0.0, 1.0]
ld_c2         derived (no id, space, bound)                           p:Uniform   [-1.0, 1.0]

----- common model:  limb_darkening_Ic_Cousins
ld_c1         id:  10  s:Linear      b:[      0.0000,       1.0000]   p:Gaussian   [0.45 0.05]
ld_c2         id:  11  s:Linear      b:[     -1.0000,       1.0000]   p:Gaussian   [0.13 0.05]

Include priors:  True

Reference Time Tref:  2459750.0

Dimensions =  23
Nwalkers =  92

Using threading pool for PyDE: True
PyDE running
Boundaries redefined after PyDE output
PyDE completed, it took       1713.7 seconds

====================================================================================================
     Starting point of the sample/optimization routines    
====================================================================================================

----- dataset:  Bouchy2005_RV01_noRML
offset_0        12  -2362.458047 [-12575.0000,  7844.0000]
jitter_0        13     14.351329 [    0.0510,   510.0000]

----- dataset:  Winn2006_RV02_noRML
offset_0        14    -10.342773 [-10206.9940, 10186.7170]
jitter_0        15      9.598190 [    0.0072,   160.9000]

----- dataset:  Boisse2009_RV03_noRML
offset_0        16  -2273.921244 [-12475.9000,  7932.5000]
jitter_0        17      7.912448 [    0.0330,   420.0000]

----- dataset:  LCdata_TESS
jitter_0        18      0.000334 [    0.0000,     0.0222]

----- dataset:  LCdata_Bakos2006_LC06
jitter_0        19      0.005952 [    0.0000,     0.4957]

----- dataset:  LCdata_Bakos2006_LC07
jitter_0        20      0.004842 [    0.0000,     0.1754]

----- dataset:  LCdata_Bakos2006_LC08
jitter_0        21      0.005438 [    0.0000,     0.1939]

----- dataset:  LCdata_Bakos2006_LC09
jitter_0        22      0.003853 [    0.0000,     0.1650]

----- common model:  b
sre_coso         0      0.074434 [   -1.0000,     1.0000]
Tc               1  2459770.410453 [2459770.4100, 2459770.4110]
P                2      2.218575 [    2.2186,     2.2186]
sre_sino         3     -0.048316 [   -1.0000,     1.0000]
K                4      7.661858 [   -6.6439,     8.2288]
R_Rs             5      0.154096 [    0.0000,     0.5000]
b                6      0.084122 [    0.0000,     2.0000]

----- common model:  star_parameters
density          9      1.930553 [    0.0000,     5.0000]

----- common model:  limb_darkening_TESS
ld_q2            7      0.248675 [    0.0000,     1.0000]
ld_q1            8      0.400233 [    0.0000,     1.0000]

----- common model:  limb_darkening_Ic_Cousins
ld_c1           10      0.436425 [    0.0000,     1.0000]
ld_c2           11      0.121434 [   -1.0000,     1.0000]

====================================================================================================
     Starting point projected onto the model parameter space     
====================================================================================================

----- dataset:  Bouchy2005_RV01_noRML
offset_0          -2362.458047 
jitter_0             14.351329 


----- dataset:  Winn2006_RV02_noRML
offset_0            -10.342773 
jitter_0              9.598190 


----- dataset:  Boisse2009_RV03_noRML
offset_0          -2273.921244 
jitter_0              7.912448 


----- dataset:  LCdata_TESS
jitter_0              0.000334 


----- dataset:  LCdata_Bakos2006_LC06
jitter_0              0.005952 


----- dataset:  LCdata_Bakos2006_LC07
jitter_0              0.004842 


----- dataset:  LCdata_Bakos2006_LC08
jitter_0              0.005438 


----- dataset:  LCdata_Bakos2006_LC09
jitter_0              0.003853 


----- common model:  b
Tc              2459770.410453 
P                     2.218575 
K                   202.511160 
e                     0.007875 
omega               -32.988016 
R_Rs                  0.154096 
b                     0.084122 

----- common model:  star_parameters
density               1.930553 

----- common model:  limb_darkening_TESS
ld_c1                 0.314643 
ld_c2                 0.317997 

----- common model:  limb_darkening_Ic_Cousins
ld_c1                 0.436425 
ld_c2                 0.121434 

====================================================================================================
     Derived parameters obtained from starting point     
====================================================================================================

----- common model:  b
a_Rs                  8.909623 
i                    89.461310 
M_Mj                  1.181169 
M_Me                375.486621 
mean_long            17.311183 
R_Rj                  1.173794 
R_Re                 13.156959 
T_41                  0.091492 
T_32                  0.066818 
a_AU_(M)              0.031741 
a_AU_(rho,R)          0.032433 


====================================================================================================
     Statistics on the log-likelihood     
====================================================================================================

 LN probability: 15446.369090 

====================================================================================================
     ------------------------------------------------------------------------------------------     
====================================================================================================



*************************************************************

Running emcee

emcee version:  3.1.3
Using threading pool for emcee: True

Saving temporary steps


Computing the autocorrelation time of the chains

***** WARNING ******
The integrated autocorrelation time cannot be reliably estimated
likely the chains are too short, and ACF analysis is not fully reliable
emcee.autocorr.integrated_time tolerance lowered to 20
If you still get a warning, you should drop these results entirely
Chains too short to apply convergence criteria
They should be at least 900*nthin = 90000

====================================================================================================
     Statistics on the posterior of the sampler parameters     
====================================================================================================

----- dataset:  Bouchy2005_RV01_noRML
offset_0        12       -2362.0         -4.8          4.5   (15-84 p)   [-12575.0000,  7844.0000]
jitter_0        13          16.2         -3.0          4.1   (15-84 p)   [    0.0510,   510.0000]

----- dataset:  Winn2006_RV02_noRML
offset_0        14         -10.3         -2.2          2.3   (15-84 p)   [-10206.9940, 10186.7170]
jitter_0        15          10.2         -1.3          1.7   (15-84 p)   [    0.0072,   160.9000]

----- dataset:  Boisse2009_RV03_noRML
offset_0        16       -2273.5         -1.6          1.7   (15-84 p)   [-12475.9000,  7932.5000]
jitter_0        17           8.5         -1.1          1.4   (15-84 p)   [    0.0330,   420.0000]

----- dataset:  LCdata_TESS
jitter_0        18     0.0003346   -0.0000068    0.0000074   (15-84 p)   [    0.0000,     0.0222]

----- dataset:  LCdata_Bakos2006_LC06
jitter_0        19       0.00601     -0.00041      0.00045   (15-84 p)   [    0.0000,     0.4957]

----- dataset:  LCdata_Bakos2006_LC07
jitter_0        20       0.00492     -0.00034      0.00038   (15-84 p)   [    0.0000,     0.1754]

----- dataset:  LCdata_Bakos2006_LC08
jitter_0        21       0.00544     -0.00040      0.00048   (15-84 p)   [    0.0000,     0.1939]

----- dataset:  LCdata_Bakos2006_LC09
jitter_0        22       0.00387     -0.00034      0.00040   (15-84 p)   [    0.0000,     0.1650]

----- common model:  b
sre_coso         0         0.057       -0.045        0.031   (15-84 p)   [   -1.0000,     1.0000]
Tc               1  2459770.410450    -0.000018     0.000017   (15-84 p)   [2459770.4100, 2459770.4110]
P                2    2.21857480  -0.00000012   0.00000011   (15-84 p)   [    2.2186,     2.2186]
sre_sino         3        -0.019       -0.046        0.060   (15-84 p)   [   -1.0000,     1.0000]
K                4         7.658       -0.013        0.014   (15-84 p)   [   -6.6439,     8.2288]
R_Rs             5       0.15376     -0.00058      0.00062   (15-84 p)   [    0.0000,     0.5000]
b                6       0.08362     -0.00062      0.00069   (15-84 p)   [    0.0000,     2.0000]

----- common model:  star_parameters
density          9         1.912       -0.029        0.028   (15-84 p)   [    0.0000,     5.0000]

----- common model:  limb_darkening_TESS
ld_q2            7         0.209       -0.065        0.075   (15-84 p)   [    0.0000,     1.0000]
ld_q1            8         0.432       -0.056        0.060   (15-84 p)   [    0.0000,     1.0000]

----- common model:  limb_darkening_Ic_Cousins
ld_c1           10         0.437       -0.043        0.046   (15-84 p)   [    0.0000,     1.0000]
ld_c2           11         0.123       -0.046        0.046   (15-84 p)   [   -1.0000,     1.0000]

====================================================================================================
     Statistics on the model parameters obtained from the posteriors samples     
====================================================================================================

----- dataset:  Bouchy2005_RV01_noRML
offset_0               -2362.0         -4.8          4.5    (15-84 p)
jitter_0                  16.2         -3.0          4.1    (15-84 p)


----- dataset:  Winn2006_RV02_noRML
offset_0                 -10.3         -2.2          2.3    (15-84 p)
jitter_0                  10.2         -1.3          1.7    (15-84 p)


----- dataset:  Boisse2009_RV03_noRML
offset_0               -2273.5         -1.6          1.7    (15-84 p)
jitter_0                   8.5         -1.1          1.4    (15-84 p)


----- dataset:  LCdata_TESS
jitter_0             0.0003346   -0.0000068    0.0000074    (15-84 p)


----- dataset:  LCdata_Bakos2006_LC06
jitter_0               0.00601     -0.00041      0.00045    (15-84 p)


----- dataset:  LCdata_Bakos2006_LC07
jitter_0               0.00492     -0.00034      0.00038    (15-84 p)


----- dataset:  LCdata_Bakos2006_LC08
jitter_0               0.00544     -0.00040      0.00048    (15-84 p)


----- dataset:  LCdata_Bakos2006_LC09
jitter_0               0.00387     -0.00034      0.00040    (15-84 p)


----- common model:  b
Tc              2459770.410450    -0.000018     0.000017    (15-84 p)
P                   2.21857480  -0.00000012   0.00000011    (15-84 p)
K                        201.9         -1.8          1.9    (15-84 p)
e                       0.0060      -0.0041       0.0050    (15-84 p)
omega                      -19          -38           67    (15-84 p)
R_Rs                   0.15376     -0.00058      0.00062    (15-84 p)
b                      0.08362     -0.00062      0.00069    (15-84 p)

----- common model:  star_parameters
density                  1.912       -0.029        0.028    (15-84 p)

----- common model:  limb_darkening_TESS
ld_c1                    0.275       -0.074        0.073    (15-84 p)
ld_c2                     0.38        -0.12         0.11    (15-84 p)

----- common model:  limb_darkening_Ic_Cousins
ld_c1                    0.437       -0.043        0.046    (15-84 p)
ld_c2                    0.123       -0.046        0.046    (15-84 p)

====================================================================================================
     Statistics on the derived parameters obtained from the posteriors samples     
====================================================================================================

----- common model:  b
Computing exact mass of the planet (average approximate mass larger than 30.0 Me)
a_Rs                     8.880       -0.045        0.043    (15-84 p)
i                     89.46102     -0.00085      0.00082    (15-84 p)
M_Mj                     1.124       -0.046        0.046    (15-84 p)
M_Me                       357          -15           15    (15-84 p)
mean_long                17.57        -0.55         0.45    (15-84 p)
R_Rj                     1.132       -0.027        0.027    (15-84 p)
R_Re                     12.69        -0.30         0.30    (15-84 p)
T_41                   0.09177     -0.00045      0.00047    (15-84 p)
T_32                   0.06707     -0.00034      0.00035    (15-84 p)
a_AU_(M)               0.03102     -0.00064      0.00061    (15-84 p)
a_AU_(rho,R)           0.03123     -0.00074      0.00076    (15-84 p)


====================================================================================================
     ------------------------------------------------------------------------------------------     
====================================================================================================



25000.0   steps completed, average lnprob:,  15434.11988081063


Computing the autocorrelation time of the chains

***** WARNING ******
The integrated autocorrelation time cannot be reliably estimated
likely the chains are too short, and ACF analysis is not fully reliable
emcee.autocorr.integrated_time tolerance lowered to 20
If you still get a warning, you should drop these results entirely
Chains too short to apply convergence criteria
They should be at least 1600*nthin = 160000

====================================================================================================
     Statistics on the posterior of the sampler parameters     
====================================================================================================

----- dataset:  Bouchy2005_RV01_noRML
offset_0        12       -2362.2         -4.7          4.3   (15-84 p)   [-12575.0000,  7844.0000]
jitter_0        13          16.0         -3.1          4.3   (15-84 p)   [    0.0510,   510.0000]

----- dataset:  Winn2006_RV02_noRML
offset_0        14         -10.1         -2.1          2.3   (15-84 p)   [-10206.9940, 10186.7170]
jitter_0        15          10.3         -1.4          1.7   (15-84 p)   [    0.0072,   160.9000]

----- dataset:  Boisse2009_RV03_noRML
offset_0        16       -2273.7         -1.6          1.7   (15-84 p)   [-12475.9000,  7932.5000]
jitter_0        17           8.5         -1.2          1.4   (15-84 p)   [    0.0330,   420.0000]

----- dataset:  LCdata_TESS
jitter_0        18     0.0003346   -0.0000069    0.0000071   (15-84 p)   [    0.0000,     0.0222]

----- dataset:  LCdata_Bakos2006_LC06
jitter_0        19       0.00600     -0.00038      0.00041   (15-84 p)   [    0.0000,     0.4957]

----- dataset:  LCdata_Bakos2006_LC07
jitter_0        20       0.00490     -0.00035      0.00038   (15-84 p)   [    0.0000,     0.1754]

----- dataset:  LCdata_Bakos2006_LC08
jitter_0        21       0.00549     -0.00042      0.00048   (15-84 p)   [    0.0000,     0.1939]

----- dataset:  LCdata_Bakos2006_LC09
jitter_0        22       0.00389     -0.00032      0.00038   (15-84 p)   [    0.0000,     0.1650]

----- common model:  b
sre_coso         0         0.058       -0.044        0.030   (15-84 p)   [   -1.0000,     1.0000]
Tc               1  2459770.410450    -0.000017     0.000018   (15-84 p)   [2459770.4100, 2459770.4110]
P                2    2.21857479  -0.00000011   0.00000011   (15-84 p)   [    2.2186,     2.2186]
sre_sino         3        -0.011       -0.055        0.061   (15-84 p)   [   -1.0000,     1.0000]
K                4         7.659       -0.013        0.013   (15-84 p)   [   -6.6439,     8.2288]
R_Rs             5       0.15381     -0.00064      0.00063   (15-84 p)   [    0.0000,     0.5000]
b                6       0.08358     -0.00067      0.00078   (15-84 p)   [    0.0000,     2.0000]

----- common model:  star_parameters
density          9         1.911       -0.030        0.033   (15-84 p)   [    0.0000,     5.0000]

----- common model:  limb_darkening_TESS
ld_q2            7         0.217       -0.071        0.079   (15-84 p)   [    0.0000,     1.0000]
ld_q1            8         0.426       -0.056        0.065   (15-84 p)   [    0.0000,     1.0000]

----- common model:  limb_darkening_Ic_Cousins
ld_c1           10         0.438       -0.045        0.045   (15-84 p)   [    0.0000,     1.0000]
ld_c2           11         0.122       -0.048        0.047   (15-84 p)   [   -1.0000,     1.0000]

====================================================================================================
     Statistics on the model parameters obtained from the posteriors samples     
====================================================================================================

----- dataset:  Bouchy2005_RV01_noRML
offset_0               -2362.2         -4.7          4.3    (15-84 p)
jitter_0                  16.0         -3.1          4.3    (15-84 p)


----- dataset:  Winn2006_RV02_noRML
offset_0                 -10.1         -2.1          2.3    (15-84 p)
jitter_0                  10.3         -1.4          1.7    (15-84 p)


----- dataset:  Boisse2009_RV03_noRML
offset_0               -2273.7         -1.6          1.7    (15-84 p)
jitter_0                   8.5         -1.2          1.4    (15-84 p)


----- dataset:  LCdata_TESS
jitter_0             0.0003346   -0.0000069    0.0000071    (15-84 p)


----- dataset:  LCdata_Bakos2006_LC06
jitter_0               0.00600     -0.00038      0.00041    (15-84 p)


----- dataset:  LCdata_Bakos2006_LC07
jitter_0               0.00490     -0.00035      0.00038    (15-84 p)


----- dataset:  LCdata_Bakos2006_LC08
jitter_0               0.00549     -0.00042      0.00048    (15-84 p)


----- dataset:  LCdata_Bakos2006_LC09
jitter_0               0.00389     -0.00032      0.00038    (15-84 p)


----- common model:  b
Tc              2459770.410450    -0.000017     0.000018    (15-84 p)
P                   2.21857479  -0.00000011   0.00000011    (15-84 p)
K                        202.2         -1.8          1.9    (15-84 p)
e                       0.0066      -0.0042       0.0049    (15-84 p)
omega                      -10          -46           63    (15-84 p)
R_Rs                   0.15381     -0.00064      0.00063    (15-84 p)
b                      0.08358     -0.00067      0.00078    (15-84 p)

----- common model:  star_parameters
density                  1.911       -0.030        0.033    (15-84 p)

----- common model:  limb_darkening_TESS
ld_c1                    0.283       -0.079        0.078    (15-84 p)
ld_c2                     0.37        -0.12         0.13    (15-84 p)

----- common model:  limb_darkening_Ic_Cousins
ld_c1                    0.438       -0.045        0.045    (15-84 p)
ld_c2                    0.122       -0.048        0.047    (15-84 p)

====================================================================================================
     Statistics on the derived parameters obtained from the posteriors samples     
====================================================================================================

----- common model:  b
Computing exact mass of the planet (average approximate mass larger than 30.0 Me)
a_Rs                     8.879       -0.047        0.050    (15-84 p)
i                     89.46097     -0.00089      0.00096    (15-84 p)
M_Mj                     1.124       -0.045        0.046    (15-84 p)
M_Me                       357          -14           15    (15-84 p)
mean_long                17.55        -0.52         0.46    (15-84 p)
R_Rj                     1.132       -0.027        0.027    (15-84 p)
R_Re                     12.69        -0.30         0.30    (15-84 p)
T_41                   0.09179     -0.00053      0.00049    (15-84 p)
T_32                   0.06708     -0.00039      0.00037    (15-84 p)
a_AU_(M)               0.03099     -0.00061      0.00061    (15-84 p)
a_AU_(rho,R)           0.03124     -0.00076      0.00076    (15-84 p)


====================================================================================================
     ------------------------------------------------------------------------------------------     
====================================================================================================



50000.0   steps completed, average lnprob:,  15435.156379842087


emcee completed

