**** USING NUMBA ****

PyORBIT v10.0.1

Python version in use:
3.9.15 (main, Nov 24 2022, 14:31:59) 
[GCC 11.2.0]
 LaTeX disabled by default
Using orbital model:  circular
Using orbital parametrization:  Eastman2013
Time of inferior conjunction replacing mean longitude as a free parameter:  True

Using limb darkening coefficient parametrization:  Kipping

emcee version:  3.1.3

 Reference Time Tref: 2459750.0

 Dimensions = 11
 Nwalkers = 44

 Steps: 100000


 LN posterior: 14078.370850      -2.722010     2.055667 (15-84 p) 

 Median log_priors     = -0.22192583506384267
 Median log_likelihood = 14083.778428214673

 Median BIC  (using likelihood) = -28082.808883582333
 Median AIC  (using likelihood) = -28145.556856429346
 Median AICc (using likelihood) = -28145.43718281194

 Median BIC  (using posterior)  = -28082.365031912206
 Median AIC  (using posterior)  = -28145.11300475922
 Median AICc (using posterior)  = -28144.993331141814

 MAP log_priors     = -0.214307128642524
 MAP log_likelihood = 14083.739809446963

 MAP BIC  (using likelihood) = -28082.731646046912
 MAP AIC  (using likelihood) = -28145.479618893925
 MAP AICc (using likelihood) = -28145.35994527652

 MAP BIC  (using posterior)  = -28082.303031789626
 MAP AIC  (using posterior)  = -28145.05100463664
 MAP AICc (using posterior)  = -28144.931331019234

 AIC suggested over AICs because NDATA ( 2218 ) > 40 * NDIM ( 11 )

****************************************************************************************************


Computing the autocorrelation time of the chains

The chains are more than 50 times longer than the ACF, the estimate can be trusted

Reference thinning used in the analysis: 100
Step length used in the analysis: 4*nthin = 400

Convergence criteria: less than 1% variation in ACF after 50 times the integrated ACF
At least 50*ACF after convergence, 100*ACF would be ideal
Negative values: not converged yet

   sampler parameter              |    ACF   | ACF*nthin | converged at | nsteps/ACF | to 100*ACF
                                  |          |           |              |            | 
   LCdata_TESS_jitter_0           |    1.97  |      197  |    14400     |     434    |       0 
   Bouchy2005_RV01_noRML_offset_0 |    2.08  |      208  |    13600     |     416    |       0 
   Bouchy2005_RV01_noRML_jitter_0 |    2.29  |      229  |    14400     |     373    |       0 
   b_P                            |    1.90  |      190  |    15200     |     446    |       0 
   b_Tc                           |    1.93  |      193  |    14400     |     443    |       0 
   b_K                            |    1.99  |      199  |    14400     |     431    |       0 
   b_b                            |    3.16  |      316  |    18400     |     258    |       0 
   b_R_Rs                         |    3.98  |      398  |    21600     |     197    |       0 
   star_parameters_density        |    2.20  |      220  |    14000     |     391    |       0 
   limb_darkening_ld_q1           |    4.04  |      404  |    22000     |     193    |       0 
   limb_darkening_ld_q2           |    3.97  |      397  |    21600     |     198    |       0 

All the chains are longer than 100*ACF 
Suggested value for burnin: 16727

 Plotting the ACF... 


====================================================================================================
     Ids, spaces (s), boundaries (b) and priors (p) of the sampler parameters     
====================================================================================================

----- dataset:  LCdata_TESS
jitter_0      id:   8  s:Linear      b:[      0.0000,       0.0222]   p:Uniform   []

----- dataset:  Bouchy2005_RV01_noRML
offset_0      id:   9  s:Linear      b:[ -12575.0000,    7844.0000]   p:Uniform   []
jitter_0      id:  10  s:Linear      b:[      0.0510,     510.0000]   p:Uniform   []

----- common model:  b
P             id:   0  s:Linear      b:[      2.2186,       2.2186]   p:Uniform   []
Tc            id:   1  s:Linear      b:[2459770.4100, 2459770.4110]   p:Uniform   []
K             id:   2  s:Log_Base2   b:[     -6.6439,       8.2288]   p:Uniform   []
b             id:   3  s:Linear      b:[      0.0000,       2.0000]   p:Uniform   []
R_Rs          id:   4  s:Linear      b:[      0.0000,       0.5000]   p:Uniform   []
omega         derived (no id, space, bound)                           p:None   []
e             derived (no id, space, bound)                           p:None   []

----- common model:  star_parameters
density       id:   7  s:Linear      b:[      0.0000,       5.0000]   p:Gaussian   [1.864 0.175]
mass          derived (no id, space, bound)                           p:Gaussian   [0.806 0.048]
radius        derived (no id, space, bound)                           p:Gaussian   [0.756 0.018]

----- common model:  limb_darkening
ld_q1         id:   5  s:Linear      b:[      0.0000,       1.0000]   p:Uniform   []
ld_q2         id:   6  s:Linear      b:[      0.0000,       1.0000]   p:Uniform   []
ld_c1         derived (no id, space, bound)                           p:Uniform   [0.0, 1.0]
ld_c2         derived (no id, space, bound)                           p:Uniform   [-1.0, 1.0]


****************************************************************************************************
****************************************************************************************************

 Confidence intervals (median value, 34.135th percentile from the median on the left and right side)

====================================================================================================
     Statistics on the posterior of the sampler parameters     
====================================================================================================

----- dataset:  LCdata_TESS
jitter_0         8     0.0003345   -0.0000069    0.0000070   (15-84 p)   [    0.0000,     0.0222]

----- dataset:  Bouchy2005_RV01_noRML
offset_0         9       -2362.0         -4.7          4.7   (15-84 p)   [-12575.0000,  7844.0000]
jitter_0        10          17.2         -3.4          4.7   (15-84 p)   [    0.0510,   510.0000]

----- common model:  b
P                0    2.21857489  -0.00000016   0.00000016   (15-84 p)   [    2.2186,     2.2186]
Tc               1  2459770.410447    -0.000017     0.000017   (15-84 p)   [2459770.4100, 2459770.4110]
K                2         7.677       -0.052        0.050   (15-84 p)   [   -6.6439,     8.2288]
b                3        0.6606      -0.0041       0.0037   (15-84 p)   [    0.0000,     2.0000]
R_Rs             4       0.15374     -0.00068      0.00064   (15-84 p)   [    0.0000,     0.5000]

----- common model:  star_parameters
density          7         1.904       -0.015        0.014   (15-84 p)   [    0.0000,     5.0000]

----- common model:  limb_darkening
ld_q1            5         0.434       -0.058        0.069   (15-84 p)   [    0.0000,     1.0000]
ld_q2            6         0.207       -0.075        0.080   (15-84 p)   [    0.0000,     1.0000]

====================================================================================================
     Statistics on the model parameters obtained from the posteriors samples     
====================================================================================================

----- dataset:  LCdata_TESS
jitter_0             0.0003345   -0.0000069    0.0000070    (15-84 p)


----- dataset:  Bouchy2005_RV01_noRML
offset_0               -2362.0         -4.7          4.7    (15-84 p)
jitter_0                  17.2         -3.4          4.7    (15-84 p)


----- common model:  b
P                   2.21857489  -0.00000016   0.00000016    (15-84 p)
omega                90.000000                              [fixed]
e                         0.00                              [fixed]
Tc              2459770.410447    -0.000017     0.000017    (15-84 p)
K                        204.7         -7.2          7.2    (15-84 p)
b                       0.6606      -0.0041       0.0037    (15-84 p)
R_Rs                   0.15374     -0.00068      0.00064    (15-84 p)

----- common model:  star_parameters
density                  1.904       -0.015        0.014    (15-84 p)

----- common model:  limb_darkening
ld_c1                    0.273       -0.086        0.081    (15-84 p)
ld_c2                     0.39        -0.13         0.13    (15-84 p)

====================================================================================================
     Statistics on the derived parameters obtained from the posteriors samples     
====================================================================================================

----- common model:  b
Computing exact mass of the planet (average approximate mass larger than 30.0 Me)
a_Rs                     8.868       -0.023        0.022    (15-84 p)
i                       85.728       -0.029        0.031    (15-84 p)
M_Mj                     1.140       -0.060        0.061    (15-84 p)
M_Me                       363          -19           19    (15-84 p)
mean_long              18.0717      -0.0026       0.0025    (15-84 p)
R_Rj                     1.131       -0.028        0.028    (15-84 p)
R_Re                     12.68        -0.31         0.31    (15-84 p)
T_41                   0.07568     -0.00017      0.00018    (15-84 p)
T_32                   0.04226     -0.00042      0.00046    (15-84 p)
a_AU_(M)               0.03100     -0.00063      0.00060    (15-84 p)
a_AU_(rho,R)           0.03119     -0.00076      0.00075    (15-84 p)


====================================================================================================
     ------------------------------------------------------------------------------------------     
====================================================================================================



****************************************************************************************************

 Parameters corresponding to the Maximum a Posteriori probability ( 14083.52550231832 )

====================================================================================================
     Statistics on the posterior of the sampler parameters     
====================================================================================================

----- dataset:  LCdata_TESS
jitter_0         8      0.000334 [    0.0000,     0.0222]

----- dataset:  Bouchy2005_RV01_noRML
offset_0         9  -2362.982197 [-12575.0000,  7844.0000]
jitter_0        10     14.715741 [    0.0510,   510.0000]

----- common model:  b
P                0      2.218575 [    2.2186,     2.2186]
Tc               1  2459770.410447 [2459770.4100, 2459770.4110]
K                2      7.676848 [   -6.6439,     8.2288]
b                3      0.661639 [    0.0000,     2.0000]
R_Rs             4      0.153774 [    0.0000,     0.5000]

----- common model:  star_parameters
density          7      1.897404 [    0.0000,     5.0000]

----- common model:  limb_darkening
ld_q1            5      0.435886 [    0.0000,     1.0000]
ld_q2            6      0.202073 [    0.0000,     1.0000]

====================================================================================================
     Statistics on the model parameters obtained from the posteriors samples     
====================================================================================================

----- dataset:  LCdata_TESS
jitter_0              0.000334 


----- dataset:  Bouchy2005_RV01_noRML
offset_0          -2362.982197 
jitter_0             14.715741 


----- common model:  b
P                     2.218575 
omega                90.000000 
e                         0.00 
Tc              2459770.410447 
K                   204.626305 
b                     0.661639 
R_Rs                  0.153774 

----- common model:  star_parameters
density               1.897404 

----- common model:  limb_darkening
ld_c1                 0.266824 
ld_c2                 0.393393 

====================================================================================================
     Statistics on the derived parameters obtained from the posteriors samples     
====================================================================================================

----- common model:  b
a_Rs                  8.858334 
i                    85.716527 
M_Mj                  1.158868 
M_Me                368.397303 
mean_long            18.071666 
R_Rj                  1.146196 
R_Re                 12.847616 
T_41                  0.075709 
T_32                  0.042202 
a_AU_(M)              0.031233 
a_AU_(rho,R)          0.031555 


====================================================================================================
     ------------------------------------------------------------------------------------------     
====================================================================================================



****************************************************************************************************

 Parameters corresponding to the sample closest to the median values ( 14081.923806611177 )

====================================================================================================
     Statistics on the posterior of the sampler parameters     
====================================================================================================

----- dataset:  LCdata_TESS
jitter_0         8      0.000335 [    0.0000,     0.0222]

----- dataset:  Bouchy2005_RV01_noRML
offset_0         9  -2362.885048 [-12575.0000,  7844.0000]
jitter_0        10     17.200969 [    0.0510,   510.0000]

----- common model:  b
P                0      2.218575 [    2.2186,     2.2186]
Tc               1  2459770.410447 [2459770.4100, 2459770.4110]
K                2      7.682675 [   -6.6439,     8.2288]
b                3      0.661138 [    0.0000,     2.0000]
R_Rs             4      0.153788 [    0.0000,     0.5000]

----- common model:  star_parameters
density          7      1.904576 [    0.0000,     5.0000]

----- common model:  limb_darkening
ld_q1            5      0.418130 [    0.0000,     1.0000]
ld_q2            6      0.212441 [    0.0000,     1.0000]

====================================================================================================
     Statistics on the model parameters obtained from the posteriors samples     
====================================================================================================

----- dataset:  LCdata_TESS
jitter_0              0.000335 


----- dataset:  Bouchy2005_RV01_noRML
offset_0          -2362.885048 
jitter_0             17.200969 


----- common model:  b
P                     2.218575 
omega                90.000000 
e                         0.00 
Tc              2459770.410447 
K                   205.454478 
b                     0.661138 
R_Rs                  0.153788 

----- common model:  star_parameters
density               1.904576 

----- common model:  limb_darkening
ld_c1                 0.274741 
ld_c2                 0.371888 

====================================================================================================
     Statistics on the derived parameters obtained from the posteriors samples     
====================================================================================================

----- common model:  b
a_Rs                  8.869482 
i                    85.725163 
M_Mj                  1.226951 
M_Me                390.040647 
mean_long            18.071700 
R_Rj                  1.100857 
R_Re                 12.339417 
T_41                  0.075642 
T_32                  0.042196 
a_AU_(M)              0.032073 
a_AU_(rho,R)          0.030342 


====================================================================================================
     ------------------------------------------------------------------------------------------     
====================================================================================================



****************************************************************************************************

 Trying to identify the stellar parameters
Note: priors on stellar mass and radius provided independently from the measured density, no check for consistency is performed

 Trying to identify the stellar parameters
 Trying to identify the stellar parameters
 Plot FLAT chain 

****************************************************************************************************

Plotting full_correlation plot with pygtc

****************************************************************************************************

 Plotting the chains... 

****************************************************************************************************

 Plotting the Gelman-Rubin traces... 

     Gelman-Rubin:     8     1.000177 LCdata_TESS_jitter_0 
     Gelman-Rubin:     9     1.000610 Bouchy2005_RV01_noRML_offset_0 
     Gelman-Rubin:    10     1.000796 Bouchy2005_RV01_noRML_jitter_0 
     Gelman-Rubin:     0     1.000573 b_P 
     Gelman-Rubin:     1     1.000850 b_Tc 
     Gelman-Rubin:     2     1.000280 b_K 
     Gelman-Rubin:     3     1.001143 b_b 
     Gelman-Rubin:     4     1.001279 b_R_Rs 
     Gelman-Rubin:     7     1.000569 star_parameters_density 
     Gelman-Rubin:     5     1.001297 limb_darkening_ld_q1 
     Gelman-Rubin:     6     1.001171 limb_darkening_ld_q2 

****************************************************************************************************

 Plotting the common models corner plots
     Common model:  b
     Common model:  star_parameters
     Common model:  limb_darkening

****************************************************************************************************

 Dataset + models corner plots 

     Dataset:  LCdata_TESS     model:  lc_model_b  corner plot  starting 
     Dataset:  LCdata_TESS     model:  lc_model_b  corner plot  done 
     Dataset:  Bouchy2005_RV01_noRML     model:  radial_velocities_b  corner plot  starting 
     Dataset:  Bouchy2005_RV01_noRML     model:  radial_velocities_b  corner plot  done 

****************************************************************************************************

 Saving the planet parameter samplings to files (with plots)

****************************************************************************************************

 Saving all the parameter samplings to files (with plots)

****************************************************************************************************

 Computing the models for plot/data writing 
 Writing the plots 
 Writing the   data files 
 Writing the  MAP_ data files 
 Writing the  sampleMED_ data files 

****************************************************************************************************

