**** USING NUMBA ****

PyORBIT v10.0.1

Python version in use:
3.9.15 (main, Nov 24 2022, 14:31:59) 
[GCC 11.2.0]
 LaTeX disabled by default
Using orbital model:  circular
Using orbital parametrization:  Eastman2013


emcee version:  3.1.3

 Reference Time Tref: 2453600.0

 Dimensions = 9
 Nwalkers = 36

 Steps: 20000


 LN posterior:  -340.618632      -2.705683     1.824786 (15-84 p) 

 Median log_priors     = -60.22006086864443
 Median log_likelihood = -276.2605473106847

 Median BIC  (using likelihood) = 591.2576804602069
 Median AIC  (using likelihood) = 570.5210946213693
 Median AICc (using likelihood) = 573.3335946213693

 Median BIC  (using posterior)  = 711.6978021974958
 Median AIC  (using posterior)  = 690.9612163586582
 Median AICc (using posterior)  = 693.7737163586582

 MAP log_priors     = -60.22006086864443
 MAP log_likelihood = -276.20436243393505

 MAP BIC  (using likelihood) = 591.1453107067076
 MAP AIC  (using likelihood) = 570.4087248678701
 MAP AICc (using likelihood) = 573.2212248678701

 MAP BIC  (using posterior)  = 711.5854324439965
 MAP AIC  (using posterior)  = 690.848846605159
 MAP AICc (using posterior)  = 693.661346605159

 AICc suggested over AIC because NDATA ( 74 ) < 40 * NDIM ( 9 )

****************************************************************************************************


Computing the autocorrelation time of the chains

The chains are more than 50 times longer than the ACF, the estimate can be trusted

Reference thinning used in the analysis: 100
Step length used in the analysis: 1*nthin = 100

Convergence criteria: less than 1% variation in ACF after 50 times the integrated ACF
At least 50*ACF after convergence, 100*ACF would be ideal
Negative values: not converged yet

   sampler parameter              |    ACF   | ACF*nthin | converged at | nsteps/ACF | to 100*ACF
                                  |          |           |              |            | 
   Bouchy2005_RV01_noRML_offset_0 |    1.36  |      136  |     7300     |      93    |     910 
   Bouchy2005_RV01_noRML_jitter_0 |    1.47  |      147  |     8100     |      81    |    2839 
   Winn2006_RV02_noRML_offset_0   |    1.67  |      167  |     9000     |      66    |    5749 
   Winn2006_RV02_noRML_jitter_0   |    1.39  |      139  |     7500     |      90    |    1399 
   Boisse2009_RV03_noRML_offset_0 |    1.39  |      139  |     7500     |      90    |    1379 
   Boisse2009_RV03_noRML_jitter_0 |    1.44  |      144  |     8700     |      78    |    3134 
   b_P                            |    1.43  |      143  |     7900     |      85    |    2216 
   b_mean_long                    |    1.45  |      145  |     7800     |      84    |    2312 
   b_K                            |    1.40  |      140  |     7600     |      89    |    1610 

All the chains are longer than 50*ACF, but some are shorter than 100*ACF
PyORBIT should keep running for about 2394 more steps to reach 100*ACF
Suggested value for burnin: 7933

 Plotting the ACF... 


====================================================================================================
     Ids, spaces (s), boundaries (b) and priors (p) of the sampler parameters     
====================================================================================================

----- dataset:  Bouchy2005_RV01_noRML
offset_0      id:   3  s:Linear      b:[ -12575.0000,    7844.0000]   p:Uniform   []
jitter_0      id:   4  s:Linear      b:[      0.0510,     510.0000]   p:Uniform   []

----- dataset:  Winn2006_RV02_noRML
offset_0      id:   5  s:Linear      b:[ -10206.9940,   10186.7170]   p:Uniform   []
jitter_0      id:   6  s:Linear      b:[      0.0072,     160.9000]   p:Uniform   []

----- dataset:  Boisse2009_RV03_noRML
offset_0      id:   7  s:Linear      b:[ -12475.9000,    7932.5000]   p:Uniform   []
jitter_0      id:   8  s:Linear      b:[      0.0330,     420.0000]   p:Uniform   []

----- common model:  b
P             id:   0  s:Log_Base2   b:[     -1.0000,       2.3219]   p:Uniform   []
mean_long     id:   1  s:Linear      b:[    178.5919,     538.5919]   p:Uniform   []
K             id:   2  s:Log_Base2   b:[     -6.6439,       8.2288]   p:Uniform   []
e             derived (no id, space, bound)                           p:None   []
omega         derived (no id, space, bound)                           p:None   []

----- common model:  star_parameters
mass          derived (no id, space, bound)                           p:Gaussian   [0.806 0.048]


****************************************************************************************************
****************************************************************************************************

 Confidence intervals (median value, 34.135th percentile from the median on the left and right side)

====================================================================================================
     Statistics on the posterior of the sampler parameters     
====================================================================================================

----- dataset:  Bouchy2005_RV01_noRML
offset_0         3       -2362.9         -4.5          4.3   (15-84 p)   [-12575.0000,  7844.0000]
jitter_0         4          16.1         -3.0          4.4   (15-84 p)   [    0.0510,   510.0000]

----- dataset:  Winn2006_RV02_noRML
offset_0         5         -11.1         -2.1          2.2   (15-84 p)   [-10206.9940, 10186.7170]
jitter_0         6          10.2         -1.4          1.8   (15-84 p)   [    0.0072,   160.9000]

----- dataset:  Boisse2009_RV03_noRML
offset_0         7       -2273.6         -1.6          1.6   (15-84 p)   [-12475.9000,  7932.5000]
jitter_0         8           8.6         -1.2          1.4   (15-84 p)   [    0.0330,   420.0000]

----- common model:  b
P                0      1.149618    -0.000015     0.000014   (15-84 p)   [   -1.0000,     2.3219]
mean_long        1        358.63        -0.93         0.94   (15-84 p)   [  178.5919,   538.5919]
K                2         7.658       -0.013        0.013   (15-84 p)   [   -6.6439,     8.2288]

----- common model:  star_parameters

====================================================================================================
     Statistics on the model parameters obtained from the posteriors samples     
====================================================================================================

----- dataset:  Bouchy2005_RV01_noRML
offset_0               -2362.9         -4.5          4.3    (15-84 p)
jitter_0                  16.1         -3.0          4.4    (15-84 p)


----- dataset:  Winn2006_RV02_noRML
offset_0                 -11.1         -2.1          2.2    (15-84 p)
jitter_0                  10.2         -1.4          1.8    (15-84 p)


----- dataset:  Boisse2009_RV03_noRML
offset_0               -2273.6         -1.6          1.6    (15-84 p)
jitter_0                   8.6         -1.2          1.4    (15-84 p)


----- common model:  b
P                     2.218551    -0.000023     0.000022    (15-84 p)
mean_long               358.63        -0.93         0.94    (15-84 p)
e                         0.00                              [fixed]
omega                90.000000                              [fixed]
K                        202.0         -1.9          1.9    (15-84 p)

----- common model:  star_parameters

====================================================================================================
     Statistics on the derived parameters obtained from the posteriors samples     
====================================================================================================

----- common model:  b
Inclination fixed to 90 deg!
Computing exact mass of the planet (average approximate mass larger than 30.0 Me)
M_Mj                     1.124       -0.048        0.045    (15-84 p)
M_Me                       357          -15           14    (15-84 p)
Tc                2453600.5631      -0.0058       0.0057    (15-84 p)
a_AU_(M)               0.03100     -0.00065      0.00059    (15-84 p)


====================================================================================================
     ------------------------------------------------------------------------------------------     
====================================================================================================



****************************************************************************************************

 Parameters corresponding to the Maximum a Posteriori probability ( -336.4244233025795 )

====================================================================================================
     Statistics on the posterior of the sampler parameters     
====================================================================================================

----- dataset:  Bouchy2005_RV01_noRML
offset_0         3  -2364.772807 [-12575.0000,  7844.0000]
jitter_0         4     13.688798 [    0.0510,   510.0000]

----- dataset:  Winn2006_RV02_noRML
offset_0         5    -11.326185 [-10206.9940, 10186.7170]
jitter_0         6      9.885021 [    0.0072,   160.9000]

----- dataset:  Boisse2009_RV03_noRML
offset_0         7  -2273.435654 [-12475.9000,  7932.5000]
jitter_0         8      8.464676 [    0.0330,   420.0000]

----- common model:  b
P                0      1.149612 [   -1.0000,     2.3219]
mean_long        1    358.246275 [  178.5919,   538.5919]
K                2      7.660518 [   -6.6439,     8.2288]

----- common model:  star_parameters

====================================================================================================
     Statistics on the model parameters obtained from the posteriors samples     
====================================================================================================

----- dataset:  Bouchy2005_RV01_noRML
offset_0          -2364.772807 
jitter_0             13.688798 


----- dataset:  Winn2006_RV02_noRML
offset_0            -11.326185 
jitter_0              9.885021 


----- dataset:  Boisse2009_RV03_noRML
offset_0          -2273.435654 
jitter_0              8.464676 


----- common model:  b
P                     2.218542 
mean_long           358.246275 
e                         0.00 
omega                90.000000 
K                   202.323211 

----- common model:  star_parameters

====================================================================================================
     Statistics on the derived parameters obtained from the posteriors samples     
====================================================================================================

----- common model:  b
Inclination fixed to 90 deg!
M_Mj                  1.105772 
M_Me                351.518653 
Tc              2453600.565443 
a_AU_(M)              0.030725 


====================================================================================================
     ------------------------------------------------------------------------------------------     
====================================================================================================



****************************************************************************************************

 Parameters corresponding to the sample closest to the median values ( -337.2322352202471 )

====================================================================================================
     Statistics on the posterior of the sampler parameters     
====================================================================================================

----- dataset:  Bouchy2005_RV01_noRML
offset_0         3  -2361.752048 [-12575.0000,  7844.0000]
jitter_0         4     15.891948 [    0.0510,   510.0000]

----- dataset:  Winn2006_RV02_noRML
offset_0         5    -10.791079 [-10206.9940, 10186.7170]
jitter_0         6     10.361411 [    0.0072,   160.9000]

----- dataset:  Boisse2009_RV03_noRML
offset_0         7  -2273.768318 [-12475.9000,  7932.5000]
jitter_0         8      8.814956 [    0.0330,   420.0000]

----- common model:  b
P                0      1.149610 [   -1.0000,     2.3219]
mean_long        1    358.678060 [  178.5919,   538.5919]
K                2      7.660058 [   -6.6439,     8.2288]

----- common model:  star_parameters

====================================================================================================
     Statistics on the model parameters obtained from the posteriors samples     
====================================================================================================

----- dataset:  Bouchy2005_RV01_noRML
offset_0          -2361.752048 
jitter_0             15.891948 


----- dataset:  Winn2006_RV02_noRML
offset_0            -10.791079 
jitter_0             10.361411 


----- dataset:  Boisse2009_RV03_noRML
offset_0          -2273.768318 
jitter_0              8.814956 


----- common model:  b
P                     2.218538 
mean_long           358.678060 
e                         0.00 
omega                90.000000 
K                   202.258766 

----- common model:  star_parameters

====================================================================================================
     Statistics on the derived parameters obtained from the posteriors samples     
====================================================================================================

----- common model:  b
Inclination fixed to 90 deg!
M_Mj                  1.078088 
M_Me                342.717759 
Tc              2453600.562781 
a_AU_(M)              0.030343 


====================================================================================================
     ------------------------------------------------------------------------------------------     
====================================================================================================



****************************************************************************************************

Inclination fixed to 90 deg!
 Trying to identify the stellar parameters
 *** Please provide a prior on stellar mass, radius or density *** 

Inclination fixed to 90 deg!
 Trying to identify the stellar parameters
Inclination fixed to 90 deg!
 Trying to identify the stellar parameters
 Plot FLAT chain 

****************************************************************************************************

Plotting full_correlation plot with pygtc

****************************************************************************************************

 Plotting the chains... 

****************************************************************************************************

 Plotting the Gelman-Rubin traces... 

     Gelman-Rubin:     3     1.000863 Bouchy2005_RV01_noRML_offset_0 
     Gelman-Rubin:     4     1.000885 Bouchy2005_RV01_noRML_jitter_0 
     Gelman-Rubin:     5     1.000823 Winn2006_RV02_noRML_offset_0 
     Gelman-Rubin:     6     1.001546 Winn2006_RV02_noRML_jitter_0 
     Gelman-Rubin:     7     0.999351 Boisse2009_RV03_noRML_offset_0 
     Gelman-Rubin:     8     1.001423 Boisse2009_RV03_noRML_jitter_0 
     Gelman-Rubin:     0     1.001182 b_P 
     Gelman-Rubin:     1     1.000924 b_mean_long 
     Gelman-Rubin:     2     0.999814 b_K 

****************************************************************************************************

 Plotting the common models corner plots
     Common model:  b
     Common model:  star_parameters

****************************************************************************************************

 Dataset + models corner plots 

     Dataset:  Bouchy2005_RV01_noRML     model:  radial_velocities_b  corner plot  starting 
     Dataset:  Bouchy2005_RV01_noRML     model:  radial_velocities_b  corner plot  done 
     Dataset:  Winn2006_RV02_noRML     model:  radial_velocities_b  corner plot  starting 
     Dataset:  Winn2006_RV02_noRML     model:  radial_velocities_b  corner plot  done 
     Dataset:  Boisse2009_RV03_noRML     model:  radial_velocities_b  corner plot  starting 
     Dataset:  Boisse2009_RV03_noRML     model:  radial_velocities_b  corner plot  done 

****************************************************************************************************

 Saving the planet parameter samplings to files (with plots)

****************************************************************************************************

 Saving all the parameter samplings to files (with plots)

****************************************************************************************************

 Computing the models for plot/data writing 
 Writing the plots 
 Writing the   data files 
 Writing the  MAP_ data files 
 Writing the  sampleMED_ data files 

****************************************************************************************************

