**** USING NUMBA ****

PyORBIT v10.0.1

Python version in use:
3.9.15 (main, Nov 24 2022, 14:31:59) 
[GCC 11.2.0]

reloaded_optimize:  False
reloaded_pyde:  False
reloaded_emcee:  False

number of multiprocessing threads: 128

parameters/safe_reload flag (must be True for tinygp):  False

Opening:  Bouchy2005_RV01_noRML
Opening:  Winn2006_RV02_noRML
Opening:  Boisse2009_RV03_noRML
Adding common model of planet:  b
Using orbital model:  circular
Using orbital parametrization:  Eastman2013


====================================================================================================
     Ids, spaces (s), boundaries (b) and priors (p) of the sampler parameters     
====================================================================================================

----- dataset:  Bouchy2005_RV01_noRML
offset_0      id:   3  s:Linear      b:[ -12575.0000,    7844.0000]   p:Uniform   []
jitter_0      id:   4  s:Linear      b:[      0.0510,     510.0000]   p:Uniform   []

----- dataset:  Winn2006_RV02_noRML
offset_0      id:   5  s:Linear      b:[ -10206.9940,   10186.7170]   p:Uniform   []
jitter_0      id:   6  s:Linear      b:[      0.0072,     160.9000]   p:Uniform   []

----- dataset:  Boisse2009_RV03_noRML
offset_0      id:   7  s:Linear      b:[ -12475.9000,    7932.5000]   p:Uniform   []
jitter_0      id:   8  s:Linear      b:[      0.0330,     420.0000]   p:Uniform   []

----- common model:  b
P             id:   0  s:Log_Base2   b:[     -1.0000,       2.3219]   p:Uniform   []
mean_long     id:   1  s:Linear      b:[      0.0000,     360.0000]   p:Uniform   []
K             id:   2  s:Log_Base2   b:[     -6.6439,       8.2288]   p:Uniform   []
e             derived (no id, space, bound)                           p:None   []
omega         derived (no id, space, bound)                           p:None   []

----- common model:  star_parameters
mass          derived (no id, space, bound)                           p:Gaussian   [0.806 0.048]

Include priors:  True

Reference Time Tref:  2453600.0

Dimensions =  9
Nwalkers =  36

Using threading pool for PyDE: True
PyDE running
Boundaries redefined after PyDE output
PyDE completed, it took         44.1 seconds

====================================================================================================
     Starting point of the sample/optimization routines    
====================================================================================================

----- dataset:  Bouchy2005_RV01_noRML
offset_0         3  -2362.832945 [-12575.0000,  7844.0000]
jitter_0         4     14.358520 [    0.0510,   510.0000]

----- dataset:  Winn2006_RV02_noRML
offset_0         5    -11.018411 [-10206.9940, 10186.7170]
jitter_0         6      9.418947 [    0.0072,   160.9000]

----- dataset:  Boisse2009_RV03_noRML
offset_0         7  -2273.630067 [-12475.9000,  7932.5000]
jitter_0         8      8.016676 [    0.0330,   420.0000]

----- common model:  b
P                0      1.149617 [   -1.0000,     2.3219]
mean_long        1    358.591911 [  178.5919,   538.5919]
K                2      7.658418 [   -6.6439,     8.2288]

----- common model:  star_parameters

====================================================================================================
     Starting point projected onto the model parameter space     
====================================================================================================

----- dataset:  Bouchy2005_RV01_noRML
offset_0          -2362.832945 
jitter_0             14.358520 


----- dataset:  Winn2006_RV02_noRML
offset_0            -11.018411 
jitter_0              9.418947 


----- dataset:  Boisse2009_RV03_noRML
offset_0          -2273.630067 
jitter_0              8.016676 


----- common model:  b
P                     2.218550 
mean_long           358.591911 
e                         0.00 
omega                90.000000 
K                   202.028857 

----- common model:  star_parameters

====================================================================================================
     Derived parameters obtained from starting point     
====================================================================================================

----- common model:  b
Inclination fixed to 90 deg!
M_Mj                  1.168507 
M_Me                371.461470 
Tc              2453600.563315 
a_AU_(M)              0.031608 


====================================================================================================
     Statistics on the log-likelihood     
====================================================================================================

 LN probability:  -336.068425 

====================================================================================================
     ------------------------------------------------------------------------------------------     
====================================================================================================



*************************************************************

Running emcee

emcee version:  3.1.3
Using threading pool for emcee: True


Computing the autocorrelation time of the chains

The chains are more than 50 times longer than the ACF, the estimate can be trusted

Reference thinning used in the analysis: 100
Step length used in the analysis: 1*nthin = 100

Convergence criteria: less than 1% variation in ACF after 50 times the integrated ACF
At least 50*ACF after convergence, 100*ACF would be ideal
Negative values: not converged yet

   sampler parameter              |    ACF   | ACF*nthin | converged at | nsteps/ACF | to 100*ACF
                                  |          |           |              |            | 
   Bouchy2005_RV01_noRML_offset_0 |    1.36  |      136  |     7300     |      93    |     910 
   Bouchy2005_RV01_noRML_jitter_0 |    1.47  |      147  |     8100     |      81    |    2839 
   Winn2006_RV02_noRML_offset_0   |    1.67  |      167  |     9000     |      66    |    5749 
   Winn2006_RV02_noRML_jitter_0   |    1.39  |      139  |     7500     |      90    |    1399 
   Boisse2009_RV03_noRML_offset_0 |    1.39  |      139  |     7500     |      90    |    1379 
   Boisse2009_RV03_noRML_jitter_0 |    1.44  |      144  |     8700     |      78    |    3134 
   b_P                            |    1.43  |      143  |     7900     |      85    |    2216 
   b_mean_long                    |    1.45  |      145  |     7800     |      84    |    2312 
   b_K                            |    1.40  |      140  |     7600     |      89    |    1610 

All the chains are longer than 50*ACF, but some are shorter than 100*ACF
PyORBIT should keep running for about 2394 more steps to reach 100*ACF
Suggested value for burnin: 7933

====================================================================================================
     Statistics on the posterior of the sampler parameters     
====================================================================================================

----- dataset:  Bouchy2005_RV01_noRML
offset_0         3       -2362.9         -4.5          4.3   (15-84 p)   [-12575.0000,  7844.0000]
jitter_0         4          16.1         -3.0          4.4   (15-84 p)   [    0.0510,   510.0000]

----- dataset:  Winn2006_RV02_noRML
offset_0         5         -11.1         -2.1          2.2   (15-84 p)   [-10206.9940, 10186.7170]
jitter_0         6          10.2         -1.4          1.8   (15-84 p)   [    0.0072,   160.9000]

----- dataset:  Boisse2009_RV03_noRML
offset_0         7       -2273.6         -1.6          1.6   (15-84 p)   [-12475.9000,  7932.5000]
jitter_0         8           8.6         -1.2          1.4   (15-84 p)   [    0.0330,   420.0000]

----- common model:  b
P                0      1.149618    -0.000015     0.000014   (15-84 p)   [   -1.0000,     2.3219]
mean_long        1        358.63        -0.93         0.94   (15-84 p)   [  178.5919,   538.5919]
K                2         7.658       -0.013        0.013   (15-84 p)   [   -6.6439,     8.2288]

----- common model:  star_parameters

====================================================================================================
     Statistics on the model parameters obtained from the posteriors samples     
====================================================================================================

----- dataset:  Bouchy2005_RV01_noRML
offset_0               -2362.9         -4.5          4.3    (15-84 p)
jitter_0                  16.1         -3.0          4.4    (15-84 p)


----- dataset:  Winn2006_RV02_noRML
offset_0                 -11.1         -2.1          2.2    (15-84 p)
jitter_0                  10.2         -1.4          1.8    (15-84 p)


----- dataset:  Boisse2009_RV03_noRML
offset_0               -2273.6         -1.6          1.6    (15-84 p)
jitter_0                   8.6         -1.2          1.4    (15-84 p)


----- common model:  b
P                     2.218551    -0.000023     0.000022    (15-84 p)
mean_long               358.63        -0.93         0.94    (15-84 p)
e                         0.00                              [fixed]
omega                90.000000                              [fixed]
K                        202.0         -1.9          1.9    (15-84 p)

----- common model:  star_parameters

====================================================================================================
     Statistics on the derived parameters obtained from the posteriors samples     
====================================================================================================

----- common model:  b
Inclination fixed to 90 deg!
Computing exact mass of the planet (average approximate mass larger than 30.0 Me)
M_Mj                     1.123       -0.043        0.046    (15-84 p)
M_Me                       357          -14           15    (15-84 p)
Tc                2453600.5631      -0.0058       0.0057    (15-84 p)
a_AU_(M)               0.03098     -0.00059      0.00060    (15-84 p)


====================================================================================================
     ------------------------------------------------------------------------------------------     
====================================================================================================



emcee completed

