**** USING NUMBA ****

PyORBIT v10.0.1

Python version in use:
3.9.15 (main, Nov 24 2022, 14:31:59) 
[GCC 11.2.0]
 LaTeX disabled by default
Using orbital model:  circular
Using orbital parametrization:  Eastman2013


emcee version:  3.1.3

 Reference Time Tref: 2453600.0

 Dimensions = 5
 Nwalkers = 20

 Steps: 50000


 LN posterior:   -93.378284      -4.410910     1.755258 (15-84 p) 

 Median log_priors     = -29.252462408634802
 Median log_likelihood = -62.012816270692696

 Median BIC  (using likelihood) = 137.56588354689643
 Median AIC  (using likelihood) = 134.0256325413854
 Median AICc (using likelihood) = 140.69229920805205

 Median BIC  (using posterior)  = 196.07080836416603
 Median AIC  (using posterior)  = 192.530557358655
 Median AICc (using posterior)  = 199.19722402532165

 MAP log_priors     = -29.252462408634802
 MAP log_likelihood = -60.97366477697892

 MAP BIC  (using likelihood) = 135.48758055946888
 MAP AIC  (using likelihood) = 131.94732955395784
 MAP AICc (using likelihood) = 138.6139962206245

 MAP BIC  (using posterior)  = 193.99250537673848
 MAP AIC  (using posterior)  = 190.45225437122744
 MAP AICc (using posterior)  = 197.1189210378941

 AICc suggested over AIC because NDATA ( 15 ) < 40 * NDIM ( 5 )

****************************************************************************************************


Computing the autocorrelation time of the chains

***** WARNING ******
The integrated autocorrelation time cannot be reliably estimated
likely the chains are too short, and ACF analysis is not fully reliable
emcee.autocorr.integrated_time tolerance lowered to 20
If you still get a warning, you should drop these results entirely
Chains too short to apply convergence criteria
They should be at least 2300*nthin = 230000


====================================================================================================
     Ids, spaces (s), boundaries (b) and priors (p) of the sampler parameters     
====================================================================================================

----- dataset:  Bouchy2005_RV01_noRML
offset_0      id:   3  s:Linear      b:[ -12575.0000,    7844.0000]   p:Uniform   []
jitter_0      id:   4  s:Linear      b:[      0.0510,     510.0000]   p:Uniform   []

----- common model:  b
mean_long     id:   0  s:Linear      b:[     30.3513,     390.3513]   p:Uniform   []
K             id:   1  s:Log_Base2   b:[     -6.6439,       8.2288]   p:Uniform   []
P             id:   2  s:Log_Base2   b:[     -1.0000,       2.3219]   p:Uniform   []
omega         derived (no id, space, bound)                           p:None   []
e             derived (no id, space, bound)                           p:None   []

----- common model:  star_parameters
mass          derived (no id, space, bound)                           p:Gaussian   [0.806 0.048]


****************************************************************************************************
****************************************************************************************************

 Confidence intervals (median value, 34.135th percentile from the median on the left and right side)

====================================================================================================
     Statistics on the posterior of the sampler parameters     
====================================================================================================

----- dataset:  Bouchy2005_RV01_noRML
offset_0         3       -2363.7         -5.9          5.8   (15-84 p)   [-12575.0000,  7844.0000]
jitter_0         4          17.7         -4.0          9.4   (15-84 p)   [    0.0510,   510.0000]

----- common model:  b
mean_long        0         348.2          -13          8.8   (15-84 p)   [   30.3513,   390.3513]
K                1         7.670       -0.087        0.062   (15-84 p)   [   -6.6439,     8.2288]
P                2        1.1469      -0.0033       0.0027   (15-84 p)   [   -1.0000,     2.3219]

----- common model:  star_parameters

====================================================================================================
     Statistics on the model parameters obtained from the posteriors samples     
====================================================================================================

----- dataset:  Bouchy2005_RV01_noRML
offset_0               -2363.7         -5.9          5.8    (15-84 p)
jitter_0                  17.7         -4.0          9.4    (15-84 p)


----- common model:  b
mean_long                348.7          -12          9.2    (15-84 p)
K                        203.6          -12          8.9    (15-84 p)
omega                90.000000                              [fixed]
e                         0.00                              [fixed]
P                       2.2144      -0.0050       0.0041    (15-84 p)

----- common model:  star_parameters

====================================================================================================
     Statistics on the derived parameters obtained from the posteriors samples     
====================================================================================================

----- common model:  b
Inclination fixed to 90 deg!
Computing exact mass of the planet (average approximate mass larger than 30.0 Me)
M_Mj                     1.126       -0.085        0.069    (15-84 p)
M_Me                       358          -27           22    (15-84 p)
Tc                 2453600.625       -0.054        0.076    (15-84 p)
a_AU_(M)               0.03092     -0.00077      0.00067    (15-84 p)


====================================================================================================
     ------------------------------------------------------------------------------------------     
====================================================================================================



****************************************************************************************************

 Parameters corresponding to the Maximum a Posteriori probability ( -90.22612718561372 )

====================================================================================================
     Statistics on the posterior of the sampler parameters     
====================================================================================================

----- dataset:  Bouchy2005_RV01_noRML
offset_0         3  -2364.306685 [-12575.0000,  7844.0000]
jitter_0         4     13.195031 [    0.0510,   510.0000]

----- common model:  b
mean_long        0    351.371430 [   30.3513,   390.3513]
K                1      7.680140 [   -6.6439,     8.2288]
P                2      1.147560 [   -1.0000,     2.3219]

----- common model:  star_parameters

====================================================================================================
     Statistics on the model parameters obtained from the posteriors samples     
====================================================================================================

----- dataset:  Bouchy2005_RV01_noRML
offset_0          -2364.306685 
jitter_0             13.195031 


----- common model:  b
mean_long           351.371430 
K                   205.093799 
omega                90.000000 
e                         0.00 
P                     2.215389 

----- common model:  star_parameters

====================================================================================================
     Statistics on the derived parameters obtained from the posteriors samples     
====================================================================================================

----- common model:  b
Inclination fixed to 90 deg!
M_Mj                  1.196951 
M_Me                380.503825 
Tc              2453600.606946 
a_AU_(M)              0.031728 


====================================================================================================
     ------------------------------------------------------------------------------------------     
====================================================================================================



****************************************************************************************************

 Parameters corresponding to the sample closest to the median values ( -91.06937854886574 )

====================================================================================================
     Statistics on the posterior of the sampler parameters     
====================================================================================================

----- dataset:  Bouchy2005_RV01_noRML
offset_0         3  -2363.777858 [-12575.0000,  7844.0000]
jitter_0         4     17.363015 [    0.0510,   510.0000]

----- common model:  b
mean_long        0    347.809860 [   30.3513,   390.3513]
K                1      7.670132 [   -6.6439,     8.2288]
P                2      1.146678 [   -1.0000,     2.3219]

----- common model:  star_parameters

====================================================================================================
     Statistics on the model parameters obtained from the posteriors samples     
====================================================================================================

----- dataset:  Bouchy2005_RV01_noRML
offset_0          -2363.777858 
jitter_0             17.363015 


----- common model:  b
mean_long           347.809860 
K                   203.676041 
omega                90.000000 
e                         0.00 
P                     2.214035 

----- common model:  star_parameters

====================================================================================================
     Statistics on the derived parameters obtained from the posteriors samples     
====================================================================================================

----- common model:  b
Inclination fixed to 90 deg!
M_Mj                  1.088027 
M_Me                345.877522 
Tc              2453600.628479 
a_AU_(M)              0.030345 


====================================================================================================
     ------------------------------------------------------------------------------------------     
====================================================================================================



****************************************************************************************************

Inclination fixed to 90 deg!
 Trying to identify the stellar parameters
 *** Please provide a prior on stellar mass, radius or density *** 

Inclination fixed to 90 deg!
 Trying to identify the stellar parameters
Inclination fixed to 90 deg!
 Trying to identify the stellar parameters
 Plot FLAT chain 

****************************************************************************************************

Plotting full_correlation plot with pygtc

****************************************************************************************************

 Plotting the chains... 

****************************************************************************************************

 Plotting the Gelman-Rubin traces... 

     Gelman-Rubin:     3     1.068467 Bouchy2005_RV01_noRML_offset_0 
     Gelman-Rubin:     4     1.269035 Bouchy2005_RV01_noRML_jitter_0 
     Gelman-Rubin:     0     1.211816 b_mean_long 
     Gelman-Rubin:     1     1.438737 b_K 
     Gelman-Rubin:     2     1.030674 b_P 

****************************************************************************************************

 Plotting the common models corner plots
     Common model:  b
     Common model:  star_parameters

****************************************************************************************************

 Dataset + models corner plots 

     Dataset:  Bouchy2005_RV01_noRML     model:  radial_velocities_b  corner plot  starting 
     Dataset:  Bouchy2005_RV01_noRML     model:  radial_velocities_b  corner plot  done 

****************************************************************************************************

 Saving the planet parameter samplings to files (with plots)

****************************************************************************************************

 Saving all the parameter samplings to files (with plots)

****************************************************************************************************

 Computing the models for plot/data writing 
 Writing the plots 
 Writing the   data files 
 Writing the  MAP_ data files 
 Writing the  sampleMED_ data files 

****************************************************************************************************

