**** USING NUMBA ****

PyORBIT v10.0.1

Python version in use:
3.9.15 (main, Nov 24 2022, 14:31:59) 
[GCC 11.2.0]

reloaded_optimize:  False
reloaded_pyde:  False
reloaded_emcee:  False

number of multiprocessing threads: 128

parameters/safe_reload flag (must be True for tinygp):  False

Opening:  LCdata_TESS
Adding common model of planet:  b
  LC model: lc_model_b is using limb_darkening LD parameters
Using orbital model:  circular
Using orbital parametrization:  Eastman2013
Time of inferior conjunction replacing mean longitude as a free parameter:  True

Using limb darkening coefficient parametrization:  Kipping

====================================================================================================
     Ids, spaces (s), boundaries (b) and priors (p) of the sampler parameters     
====================================================================================================

----- dataset:  LCdata_TESS
jitter_0      id:   7  s:Linear      b:[      0.0000,       0.0222]   p:Uniform   []

----- common model:  b
R_Rs          id:   0  s:Linear      b:[      0.0000,       0.5000]   p:Uniform   []
Tc            id:   1  s:Linear      b:[2459770.4100, 2459770.4110]   p:Uniform   []
b             id:   2  s:Linear      b:[      0.0000,       2.0000]   p:Uniform   []
P             id:   3  s:Linear      b:[      2.2186,       2.2186]   p:Uniform   []
omega         derived (no id, space, bound)                           p:None   []
e             derived (no id, space, bound)                           p:None   []

----- common model:  star_parameters
density       id:   6  s:Linear      b:[      0.0000,       5.0000]   p:Gaussian   [1.864 0.175]
mass          derived (no id, space, bound)                           p:Gaussian   [0.806 0.048]
radius        derived (no id, space, bound)                           p:Gaussian   [0.756 0.018]

----- common model:  limb_darkening
ld_q2         id:   4  s:Linear      b:[      0.0000,       1.0000]   p:Uniform   []
ld_q1         id:   5  s:Linear      b:[      0.0000,       1.0000]   p:Uniform   []
ld_c1         derived (no id, space, bound)                           p:Uniform   [0.0, 1.0]
ld_c2         derived (no id, space, bound)                           p:Uniform   [-1.0, 1.0]

Include priors:  True

Reference Time Tref:  2459750.0

Dimensions =  8
Nwalkers =  32

Using threading pool for PyDE: True
PyDE running
Boundaries redefined after PyDE output
PyDE completed, it took         26.6 seconds

====================================================================================================
     Starting point of the sample/optimization routines    
====================================================================================================

----- dataset:  LCdata_TESS
jitter_0         7      0.000334 [    0.0000,     0.0222]

----- common model:  b
R_Rs             0      0.153800 [    0.0000,     0.5000]
Tc               1  2459770.410447 [2459770.4100, 2459770.4110]
b                2      0.660837 [    0.0000,     2.0000]
P                3      2.218575 [    2.2186,     2.2186]

----- common model:  star_parameters
density          6      1.904659 [    0.0000,     5.0000]

----- common model:  limb_darkening
ld_q2            4      0.214261 [    0.0000,     1.0000]
ld_q1            5      0.428005 [    0.0000,     1.0000]

====================================================================================================
     Starting point projected onto the model parameter space     
====================================================================================================

----- dataset:  LCdata_TESS
jitter_0              0.000334 


----- common model:  b
R_Rs                  0.153800 
Tc              2459770.410447 
omega                90.000000 
b                     0.660837 
P                     2.218575 
e                         0.00 

----- common model:  star_parameters
density               1.904659 

----- common model:  limb_darkening
ld_c1                 0.280347 
ld_c2                 0.373873 

====================================================================================================
     Derived parameters obtained from starting point     
====================================================================================================

----- common model:  b
a_Rs                  8.869610 
i                    85.727175 
mean_long            18.071656 
R_Rj                  1.109059 
R_Re                 12.431346 
T_41                  0.075659 
T_32                  0.042224 
a_AU_(rho,R)          0.030566 


====================================================================================================
     Statistics on the log-likelihood     
====================================================================================================

 LN probability: 14168.249124 

====================================================================================================
     ------------------------------------------------------------------------------------------     
====================================================================================================



*************************************************************

Running emcee

emcee version:  3.1.3
Using threading pool for emcee: True

Saving temporary steps


Computing the autocorrelation time of the chains

***** WARNING ******
The integrated autocorrelation time cannot be reliably estimated
likely the chains are too short, and ACF analysis is not fully reliable
emcee.autocorr.integrated_time tolerance lowered to 20
If you still get a warning, you should drop these results entirely

Reference thinning used in the analysis: 100
Step length used in the analysis: 2*nthin = 200

Convergence criteria: less than 1% variation in ACF after 20 times the integrated ACF
At least 50*ACF after convergence, 100*ACF would be ideal
Negative values: not converged yet

   sampler parameter              |    ACF   | ACF*nthin | converged at | nsteps/ACF | to 100*ACF
                                  |          |           |              |            | 
   LCdata_TESS_jitter_0           |    1.42  |      142  |     8800     |       8    |   13018 
   b_R_Rs                         |    2.55  |      255  |     8200     |       7    |   23737 
   b_Tc                           |    1.35  |      135  |     6600     |      25    |   10069 
   b_b                            |    2.13  |      213  |     6200     |      18    |   17489 
   b_P                            |    1.37  |      137  |     6800     |      23    |   10549 
   star_parameters_density        |    1.55  |      155  |     5400     |      30    |   10937 
   limb_darkening_ld_q2           |    2.52  |      252  |     7000     |      12    |   22220 
   limb_darkening_ld_q1           |    2.56  |      256  |     8400     |       6    |   23959 

All the chains have converged, but PyORBIT should keep running for about:
6836 more steps to reach 50*ACF,
16497 more steps to reach 100*ACF
Suggested value for burnin: 7175

====================================================================================================
     Statistics on the posterior of the sampler parameters     
====================================================================================================

----- dataset:  LCdata_TESS
jitter_0         7     0.0003343   -0.0000070    0.0000070   (15-84 p)   [    0.0000,     0.0222]

----- common model:  b
R_Rs             0       0.15372     -0.00068      0.00063   (15-84 p)   [    0.0000,     0.5000]
Tc               1  2459770.410448    -0.000016     0.000016   (15-84 p)   [2459770.4100, 2459770.4110]
b                2        0.6606      -0.0042       0.0037   (15-84 p)   [    0.0000,     2.0000]
P                3    2.21857490  -0.00000016   0.00000015   (15-84 p)   [    2.2186,     2.2186]

----- common model:  star_parameters
density          6         1.904       -0.014        0.014   (15-84 p)   [    0.0000,     5.0000]

----- common model:  limb_darkening
ld_q2            4         0.204       -0.071        0.080   (15-84 p)   [    0.0000,     1.0000]
ld_q1            5         0.435       -0.057        0.070   (15-84 p)   [    0.0000,     1.0000]

====================================================================================================
     Statistics on the model parameters obtained from the posteriors samples     
====================================================================================================

----- dataset:  LCdata_TESS
jitter_0             0.0003343   -0.0000070    0.0000070    (15-84 p)


----- common model:  b
R_Rs                   0.15372     -0.00068      0.00063    (15-84 p)
Tc              2459770.410448    -0.000016     0.000016    (15-84 p)
omega                90.000000                              [fixed]
b                       0.6606      -0.0042       0.0037    (15-84 p)
P                   2.21857490  -0.00000016   0.00000015    (15-84 p)
e                         0.00                              [fixed]

----- common model:  star_parameters
density                  1.904       -0.014        0.014    (15-84 p)

----- common model:  limb_darkening
ld_c1                    0.270       -0.082        0.079    (15-84 p)
ld_c2                     0.39        -0.12         0.13    (15-84 p)

====================================================================================================
     Statistics on the derived parameters obtained from the posteriors samples     
====================================================================================================

----- common model:  b
a_Rs                     8.868       -0.022        0.022    (15-84 p)
i                       85.729       -0.031        0.031    (15-84 p)
mean_long              18.0716      -0.0025       0.0024    (15-84 p)
R_Rj                     1.131       -0.027        0.028    (15-84 p)
R_Re                     12.67        -0.30         0.31    (15-84 p)
T_41                   0.07568     -0.00017      0.00019    (15-84 p)
T_32                   0.04227     -0.00043      0.00047    (15-84 p)
a_AU_(rho,R)           0.03118     -0.00073      0.00076    (15-84 p)


====================================================================================================
     ------------------------------------------------------------------------------------------     
====================================================================================================



10000.0   steps completed, average lnprob:,  14164.428651676964


Computing the autocorrelation time of the chains

The chains are more than 50 times longer than the ACF, the estimate can be trusted

Reference thinning used in the analysis: 100
Step length used in the analysis: 2*nthin = 200

Convergence criteria: less than 1% variation in ACF after 50 times the integrated ACF
At least 50*ACF after convergence, 100*ACF would be ideal
Negative values: not converged yet

   sampler parameter              |    ACF   | ACF*nthin | converged at | nsteps/ACF | to 100*ACF
                                  |          |           |              |            | 
   LCdata_TESS_jitter_0           |    1.43  |      143  |     9000     |      77    |    3299 
   b_R_Rs                         |    2.45  |      245  |    13400     |      27    |   17896 
   b_Tc                           |    1.47  |      147  |     9200     |      74    |    3882 
   b_b                            |    2.09  |      209  |    12000     |      38    |   12866 
   b_P                            |    1.39  |      139  |     8000     |      86    |    1942 
   star_parameters_density        |    1.59  |      159  |     9600     |      65    |    5516 
   limb_darkening_ld_q2           |    2.39  |      239  |    13000     |      29    |   16919 
   limb_darkening_ld_q1           |    2.47  |      247  |    13400     |      27    |   18071 

All the chains have converged, but PyORBIT should keep running for about:
4694 more steps to reach 50*ACF,
10049 more steps to reach 100*ACF
Suggested value for burnin: 10950

====================================================================================================
     Statistics on the posterior of the sampler parameters     
====================================================================================================

----- dataset:  LCdata_TESS
jitter_0         7     0.0003344   -0.0000068    0.0000073   (15-84 p)   [    0.0000,     0.0222]

----- common model:  b
R_Rs             0       0.15371     -0.00069      0.00063   (15-84 p)   [    0.0000,     0.5000]
Tc               1  2459770.410448    -0.000016     0.000016   (15-84 p)   [2459770.4100, 2459770.4110]
b                2        0.6606      -0.0040       0.0037   (15-84 p)   [    0.0000,     2.0000]
P                3    2.21857489  -0.00000015   0.00000016   (15-84 p)   [    2.2186,     2.2186]

----- common model:  star_parameters
density          6         1.903       -0.015        0.014   (15-84 p)   [    0.0000,     5.0000]

----- common model:  limb_darkening
ld_q2            4         0.204       -0.074        0.078   (15-84 p)   [    0.0000,     1.0000]
ld_q1            5         0.436       -0.057        0.071   (15-84 p)   [    0.0000,     1.0000]

====================================================================================================
     Statistics on the model parameters obtained from the posteriors samples     
====================================================================================================

----- dataset:  LCdata_TESS
jitter_0             0.0003344   -0.0000068    0.0000073    (15-84 p)


----- common model:  b
R_Rs                   0.15371     -0.00069      0.00063    (15-84 p)
Tc              2459770.410448    -0.000016     0.000016    (15-84 p)
omega                90.000000                              [fixed]
b                       0.6606      -0.0040       0.0037    (15-84 p)
P                   2.21857489  -0.00000015   0.00000016    (15-84 p)
e                         0.00                              [fixed]

----- common model:  star_parameters
density                  1.903       -0.015        0.014    (15-84 p)

----- common model:  limb_darkening
ld_c1                    0.269       -0.086        0.079    (15-84 p)
ld_c2                     0.39        -0.12         0.14    (15-84 p)

====================================================================================================
     Statistics on the derived parameters obtained from the posteriors samples     
====================================================================================================

----- common model:  b
a_Rs                     8.867       -0.023        0.022    (15-84 p)
i                       85.727       -0.030        0.031    (15-84 p)
mean_long              18.0716      -0.0024       0.0025    (15-84 p)
R_Rj                     1.131       -0.027        0.028    (15-84 p)
R_Re                     12.68        -0.30         0.31    (15-84 p)
T_41                   0.07568     -0.00016      0.00019    (15-84 p)
T_32                   0.04227     -0.00043      0.00047    (15-84 p)
a_AU_(rho,R)           0.03118     -0.00072      0.00075    (15-84 p)


====================================================================================================
     ------------------------------------------------------------------------------------------     
====================================================================================================



20000.0   steps completed, average lnprob:,  14165.028764115264


Computing the autocorrelation time of the chains

The chains are more than 50 times longer than the ACF, the estimate can be trusted

Reference thinning used in the analysis: 100
Step length used in the analysis: 2*nthin = 200

Convergence criteria: less than 1% variation in ACF after 50 times the integrated ACF
At least 50*ACF after convergence, 100*ACF would be ideal
Negative values: not converged yet

   sampler parameter              |    ACF   | ACF*nthin | converged at | nsteps/ACF | to 100*ACF
                                  |          |           |              |            | 
   LCdata_TESS_jitter_0           |    1.49  |      149  |     9400     |     139    |       0 
   b_R_Rs                         |    2.76  |      276  |    15200     |      54    |   12848 
   b_Tc                           |    1.49  |      149  |     9400     |     138    |       0 
   b_b                            |    2.17  |      217  |    12400     |      81    |    4147 
   b_P                            |    1.44  |      144  |     8200     |     152    |       0 
   star_parameters_density        |    1.72  |      172  |     9800     |     117    |       0 
   limb_darkening_ld_q2           |    2.80  |      280  |    15000     |      54    |   12983 
   limb_darkening_ld_q1           |    2.86  |      286  |    15600     |      50    |   14248 

All the chains are longer than 50*ACF, but some are shorter than 100*ACF
PyORBIT should keep running for about 11056 more steps to reach 100*ACF
Suggested value for burnin: 11875

====================================================================================================
     Statistics on the posterior of the sampler parameters     
====================================================================================================

----- dataset:  LCdata_TESS
jitter_0         7     0.0003344   -0.0000066    0.0000071   (15-84 p)   [    0.0000,     0.0222]

----- common model:  b
R_Rs             0       0.15378     -0.00070      0.00063   (15-84 p)   [    0.0000,     0.5000]
Tc               1  2459770.410448    -0.000017     0.000016   (15-84 p)   [2459770.4100, 2459770.4110]
b                2        0.6607      -0.0041       0.0036   (15-84 p)   [    0.0000,     2.0000]
P                3    2.21857490  -0.00000015   0.00000015   (15-84 p)   [    2.2186,     2.2186]

----- common model:  star_parameters
density          6         1.904       -0.015        0.014   (15-84 p)   [    0.0000,     5.0000]

----- common model:  limb_darkening
ld_q2            4         0.214       -0.077        0.077   (15-84 p)   [    0.0000,     1.0000]
ld_q1            5         0.430       -0.056        0.070   (15-84 p)   [    0.0000,     1.0000]

====================================================================================================
     Statistics on the model parameters obtained from the posteriors samples     
====================================================================================================

----- dataset:  LCdata_TESS
jitter_0             0.0003344   -0.0000066    0.0000071    (15-84 p)


----- common model:  b
R_Rs                   0.15378     -0.00070      0.00063    (15-84 p)
Tc              2459770.410448    -0.000017     0.000016    (15-84 p)
omega                90.000000                              [fixed]
b                       0.6607      -0.0041       0.0036    (15-84 p)
P                   2.21857490  -0.00000015   0.00000015    (15-84 p)
e                         0.00                              [fixed]

----- common model:  star_parameters
density                  1.904       -0.015        0.014    (15-84 p)

----- common model:  limb_darkening
ld_c1                    0.281       -0.090        0.075    (15-84 p)
ld_c2                     0.38        -0.12         0.14    (15-84 p)

====================================================================================================
     Statistics on the derived parameters obtained from the posteriors samples     
====================================================================================================

----- common model:  b
a_Rs                     8.869       -0.024        0.022    (15-84 p)
i                       85.728       -0.030        0.031    (15-84 p)
mean_long              18.0716      -0.0025       0.0026    (15-84 p)
R_Rj                     1.132       -0.028        0.027    (15-84 p)
R_Re                     12.69        -0.32         0.30    (15-84 p)
T_41                   0.07566     -0.00017      0.00019    (15-84 p)
T_32                   0.04223     -0.00041      0.00047    (15-84 p)
a_AU_(rho,R)           0.03120     -0.00078      0.00075    (15-84 p)


====================================================================================================
     ------------------------------------------------------------------------------------------     
====================================================================================================



30000.0   steps completed, average lnprob:,  14164.405020531687


Computing the autocorrelation time of the chains

The chains are more than 50 times longer than the ACF, the estimate can be trusted

Reference thinning used in the analysis: 100
Step length used in the analysis: 2*nthin = 200

Convergence criteria: less than 1% variation in ACF after 50 times the integrated ACF
At least 50*ACF after convergence, 100*ACF would be ideal
Negative values: not converged yet

   sampler parameter              |    ACF   | ACF*nthin | converged at | nsteps/ACF | to 100*ACF
                                  |          |           |              |            | 
   LCdata_TESS_jitter_0           |    1.48  |      148  |     9400     |     206    |       0 
   b_R_Rs                         |    2.79  |      279  |    15200     |      89    |    3089 
   b_Tc                           |    1.48  |      148  |     9200     |     209    |       0 
   b_b                            |    2.23  |      223  |    12600     |     123    |       0 
   b_P                            |    1.40  |      140  |     8000     |     229    |       0 
   star_parameters_density        |    1.74  |      174  |     9800     |     174    |       0 
   limb_darkening_ld_q2           |    2.82  |      282  |    15200     |      88    |    3370 
   limb_darkening_ld_q1           |    2.88  |      288  |    15600     |      85    |    4395 

All the chains are longer than 50*ACF, but some are shorter than 100*ACF
PyORBIT should keep running for about 3618 more steps to reach 100*ACF
Suggested value for burnin: 11875

====================================================================================================
     Statistics on the posterior of the sampler parameters     
====================================================================================================

----- dataset:  LCdata_TESS
jitter_0         7     0.0003346   -0.0000067    0.0000072   (15-84 p)   [    0.0000,     0.0222]

----- common model:  b
R_Rs             0       0.15377     -0.00068      0.00064   (15-84 p)   [    0.0000,     0.5000]
Tc               1  2459770.410448    -0.000017     0.000016   (15-84 p)   [2459770.4100, 2459770.4110]
b                2        0.6607      -0.0040       0.0036   (15-84 p)   [    0.0000,     2.0000]
P                3    2.21857489  -0.00000015   0.00000015   (15-84 p)   [    2.2186,     2.2186]

----- common model:  star_parameters
density          6         1.904       -0.015        0.014   (15-84 p)   [    0.0000,     5.0000]

----- common model:  limb_darkening
ld_q2            4         0.211       -0.076        0.080   (15-84 p)   [    0.0000,     1.0000]
ld_q1            5         0.431       -0.058        0.069   (15-84 p)   [    0.0000,     1.0000]

====================================================================================================
     Statistics on the model parameters obtained from the posteriors samples     
====================================================================================================

----- dataset:  LCdata_TESS
jitter_0             0.0003346   -0.0000067    0.0000072    (15-84 p)


----- common model:  b
R_Rs                   0.15377     -0.00068      0.00064    (15-84 p)
Tc              2459770.410448    -0.000017     0.000016    (15-84 p)
omega                90.000000                              [fixed]
b                       0.6607      -0.0040       0.0036    (15-84 p)
P                   2.21857489  -0.00000015   0.00000015    (15-84 p)
e                         0.00                              [fixed]

----- common model:  star_parameters
density                  1.904       -0.015        0.014    (15-84 p)

----- common model:  limb_darkening
ld_c1                    0.276       -0.086        0.080    (15-84 p)
ld_c2                     0.38        -0.12         0.14    (15-84 p)

====================================================================================================
     Statistics on the derived parameters obtained from the posteriors samples     
====================================================================================================

----- common model:  b
a_Rs                     8.869       -0.023        0.022    (15-84 p)
i                       85.728       -0.030        0.031    (15-84 p)
mean_long              18.0716      -0.0025       0.0025    (15-84 p)
R_Rj                     1.132       -0.027        0.027    (15-84 p)
R_Re                     12.69        -0.30         0.31    (15-84 p)
T_41                   0.07567     -0.00017      0.00019    (15-84 p)
T_32                   0.04224     -0.00042      0.00046    (15-84 p)
a_AU_(rho,R)           0.03120     -0.00073      0.00075    (15-84 p)


====================================================================================================
     ------------------------------------------------------------------------------------------     
====================================================================================================



40000.0   steps completed, average lnprob:,  14164.309878847243


Computing the autocorrelation time of the chains

The chains are more than 50 times longer than the ACF, the estimate can be trusted

Reference thinning used in the analysis: 100
Step length used in the analysis: 3*nthin = 300

Convergence criteria: less than 1% variation in ACF after 50 times the integrated ACF
At least 50*ACF after convergence, 100*ACF would be ideal
Negative values: not converged yet

   sampler parameter              |    ACF   | ACF*nthin | converged at | nsteps/ACF | to 100*ACF
                                  |          |           |              |            | 
   LCdata_TESS_jitter_0           |    1.45  |      145  |     9600     |     279    |       0 
   b_R_Rs                         |    2.99  |      299  |    16800     |     111    |       0 
   b_Tc                           |    1.48  |      148  |    11400     |     261    |       0 
   b_b                            |    2.34  |      234  |    14100     |     154    |       0 
   b_P                            |    1.41  |      141  |    11100     |     276    |       0 
   star_parameters_density        |    1.78  |      178  |    10800     |     220    |       0 
   limb_darkening_ld_q2           |    2.98  |      298  |    16500     |     113    |       0 
   limb_darkening_ld_q1           |    3.08  |      308  |    17100     |     107    |       0 

All the chains are longer than 100*ACF 
Suggested value for burnin: 13425

====================================================================================================
     Statistics on the posterior of the sampler parameters     
====================================================================================================

----- dataset:  LCdata_TESS
jitter_0         7     0.0003346   -0.0000068    0.0000072   (15-84 p)   [    0.0000,     0.0222]

----- common model:  b
R_Rs             0       0.15376     -0.00068      0.00064   (15-84 p)   [    0.0000,     0.5000]
Tc               1  2459770.410447    -0.000016     0.000016   (15-84 p)   [2459770.4100, 2459770.4110]
b                2        0.6607      -0.0041       0.0036   (15-84 p)   [    0.0000,     2.0000]
P                3    2.21857489  -0.00000015   0.00000015   (15-84 p)   [    2.2186,     2.2186]

----- common model:  star_parameters
density          6         1.904       -0.015        0.014   (15-84 p)   [    0.0000,     5.0000]

----- common model:  limb_darkening
ld_q2            4         0.209       -0.076        0.082   (15-84 p)   [    0.0000,     1.0000]
ld_q1            5         0.432       -0.058        0.070   (15-84 p)   [    0.0000,     1.0000]

====================================================================================================
     Statistics on the model parameters obtained from the posteriors samples     
====================================================================================================

----- dataset:  LCdata_TESS
jitter_0             0.0003346   -0.0000068    0.0000072    (15-84 p)


----- common model:  b
R_Rs                   0.15376     -0.00068      0.00064    (15-84 p)
Tc              2459770.410447    -0.000016     0.000016    (15-84 p)
omega                90.000000                              [fixed]
b                       0.6607      -0.0041       0.0036    (15-84 p)
P                   2.21857489  -0.00000015   0.00000015    (15-84 p)
e                         0.00                              [fixed]

----- common model:  star_parameters
density                  1.904       -0.015        0.014    (15-84 p)

----- common model:  limb_darkening
ld_c1                    0.275       -0.086        0.081    (15-84 p)
ld_c2                     0.38        -0.13         0.13    (15-84 p)

====================================================================================================
     Statistics on the derived parameters obtained from the posteriors samples     
====================================================================================================

----- common model:  b
a_Rs                     8.868       -0.023        0.022    (15-84 p)
i                       85.728       -0.030        0.031    (15-84 p)
mean_long              18.0716      -0.0025       0.0025    (15-84 p)
R_Rj                     1.132       -0.027        0.028    (15-84 p)
R_Re                     12.69        -0.31         0.31    (15-84 p)
T_41                   0.07567     -0.00017      0.00019    (15-84 p)
T_32                   0.04224     -0.00042      0.00046    (15-84 p)
a_AU_(rho,R)           0.03120     -0.00075      0.00076    (15-84 p)


====================================================================================================
     ------------------------------------------------------------------------------------------     
====================================================================================================



50000.0   steps completed, average lnprob:,  14165.134694594966


Computing the autocorrelation time of the chains

The chains are more than 50 times longer than the ACF, the estimate can be trusted

Reference thinning used in the analysis: 100
Step length used in the analysis: 3*nthin = 300

Convergence criteria: less than 1% variation in ACF after 50 times the integrated ACF
At least 50*ACF after convergence, 100*ACF would be ideal
Negative values: not converged yet

   sampler parameter              |    ACF   | ACF*nthin | converged at | nsteps/ACF | to 100*ACF
                                  |          |           |              |            | 
   LCdata_TESS_jitter_0           |    1.44  |      144  |     9600     |     351    |       0 
   b_R_Rs                         |    2.98  |      298  |    16800     |     145    |       0 
   b_Tc                           |    1.51  |      151  |    11400     |     321    |       0 
   b_b                            |    2.31  |      231  |    14100     |     199    |       0 
   b_P                            |    1.42  |      142  |    11100     |     344    |       0 
   star_parameters_density        |    1.75  |      175  |    10800     |     281    |       0 
   limb_darkening_ld_q2           |    2.96  |      296  |    16500     |     147    |       0 
   limb_darkening_ld_q1           |    3.07  |      307  |    17100     |     140    |       0 

All the chains are longer than 100*ACF 
Suggested value for burnin: 13425

====================================================================================================
     Statistics on the posterior of the sampler parameters     
====================================================================================================

----- dataset:  LCdata_TESS
jitter_0         7     0.0003346   -0.0000068    0.0000071   (15-84 p)   [    0.0000,     0.0222]

----- common model:  b
R_Rs             0       0.15376     -0.00068      0.00064   (15-84 p)   [    0.0000,     0.5000]
Tc               1  2459770.410447    -0.000016     0.000016   (15-84 p)   [2459770.4100, 2459770.4110]
b                2        0.6607      -0.0040       0.0036   (15-84 p)   [    0.0000,     2.0000]
P                3    2.21857489  -0.00000016   0.00000016   (15-84 p)   [    2.2186,     2.2186]

----- common model:  star_parameters
density          6         1.904       -0.015        0.014   (15-84 p)   [    0.0000,     5.0000]

----- common model:  limb_darkening
ld_q2            4         0.209       -0.075        0.082   (15-84 p)   [    0.0000,     1.0000]
ld_q1            5         0.432       -0.058        0.069   (15-84 p)   [    0.0000,     1.0000]

====================================================================================================
     Statistics on the model parameters obtained from the posteriors samples     
====================================================================================================

----- dataset:  LCdata_TESS
jitter_0             0.0003346   -0.0000068    0.0000071    (15-84 p)


----- common model:  b
R_Rs                   0.15376     -0.00068      0.00064    (15-84 p)
Tc              2459770.410447    -0.000016     0.000016    (15-84 p)
omega                90.000000                              [fixed]
b                       0.6607      -0.0040       0.0036    (15-84 p)
P                   2.21857489  -0.00000016   0.00000016    (15-84 p)
e                         0.00                              [fixed]

----- common model:  star_parameters
density                  1.904       -0.015        0.014    (15-84 p)

----- common model:  limb_darkening
ld_c1                    0.275       -0.085        0.082    (15-84 p)
ld_c2                     0.38        -0.13         0.13    (15-84 p)

====================================================================================================
     Statistics on the derived parameters obtained from the posteriors samples     
====================================================================================================

----- common model:  b
a_Rs                     8.868       -0.023        0.022    (15-84 p)
i                       85.727       -0.029        0.031    (15-84 p)
mean_long              18.0717      -0.0025       0.0025    (15-84 p)
R_Rj                     1.131       -0.027        0.028    (15-84 p)
R_Re                     12.68        -0.30         0.31    (15-84 p)
T_41                   0.07567     -0.00017      0.00019    (15-84 p)
T_32                   0.04224     -0.00042      0.00046    (15-84 p)
a_AU_(rho,R)           0.03119     -0.00075      0.00076    (15-84 p)


====================================================================================================
     ------------------------------------------------------------------------------------------     
====================================================================================================



60000.0   steps completed, average lnprob:,  14164.343068663014


Computing the autocorrelation time of the chains

The chains are more than 50 times longer than the ACF, the estimate can be trusted

Reference thinning used in the analysis: 100
Step length used in the analysis: 2*nthin = 200

Convergence criteria: less than 1% variation in ACF after 50 times the integrated ACF
At least 50*ACF after convergence, 100*ACF would be ideal
Negative values: not converged yet

   sampler parameter              |    ACF   | ACF*nthin | converged at | nsteps/ACF | to 100*ACF
                                  |          |           |              |            | 
   LCdata_TESS_jitter_0           |    1.43  |      143  |     9000     |     428    |       0 
   b_R_Rs                         |    2.93  |      293  |    15800     |     185    |       0 
   b_Tc                           |    1.52  |      152  |     9400     |     398    |       0 
   b_b                            |    2.30  |      230  |    12600     |     249    |       0 
   b_P                            |    1.45  |      145  |     8600     |     424    |       0 
   star_parameters_density        |    1.71  |      171  |     9600     |     353    |       0 
   limb_darkening_ld_q2           |    2.90  |      290  |    15600     |     188    |       0 
   limb_darkening_ld_q1           |    2.99  |      299  |    15800     |     181    |       0 

All the chains are longer than 100*ACF 
Suggested value for burnin: 12050

====================================================================================================
     Statistics on the posterior of the sampler parameters     
====================================================================================================

----- dataset:  LCdata_TESS
jitter_0         7     0.0003347   -0.0000069    0.0000071   (15-84 p)   [    0.0000,     0.0222]

----- common model:  b
R_Rs             0       0.15376     -0.00069      0.00064   (15-84 p)   [    0.0000,     0.5000]
Tc               1  2459770.410448    -0.000016     0.000016   (15-84 p)   [2459770.4100, 2459770.4110]
b                2        0.6607      -0.0041       0.0036   (15-84 p)   [    0.0000,     2.0000]
P                3    2.21857489  -0.00000016   0.00000016   (15-84 p)   [    2.2186,     2.2186]

----- common model:  star_parameters
density          6         1.904       -0.015        0.014   (15-84 p)   [    0.0000,     5.0000]

----- common model:  limb_darkening
ld_q2            4         0.209       -0.075        0.082   (15-84 p)   [    0.0000,     1.0000]
ld_q1            5         0.432       -0.058        0.070   (15-84 p)   [    0.0000,     1.0000]

====================================================================================================
     Statistics on the model parameters obtained from the posteriors samples     
====================================================================================================

----- dataset:  LCdata_TESS
jitter_0             0.0003347   -0.0000069    0.0000071    (15-84 p)


----- common model:  b
R_Rs                   0.15376     -0.00069      0.00064    (15-84 p)
Tc              2459770.410448    -0.000016     0.000016    (15-84 p)
omega                90.000000                              [fixed]
b                       0.6607      -0.0041       0.0036    (15-84 p)
P                   2.21857489  -0.00000016   0.00000016    (15-84 p)
e                         0.00                              [fixed]

----- common model:  star_parameters
density                  1.904       -0.015        0.014    (15-84 p)

----- common model:  limb_darkening
ld_c1                    0.275       -0.086        0.081    (15-84 p)
ld_c2                     0.38        -0.13         0.14    (15-84 p)

====================================================================================================
     Statistics on the derived parameters obtained from the posteriors samples     
====================================================================================================

----- common model:  b
a_Rs                     8.868       -0.023        0.022    (15-84 p)
i                       85.728       -0.030        0.031    (15-84 p)
mean_long              18.0716      -0.0025       0.0025    (15-84 p)
R_Rj                     1.132       -0.027        0.027    (15-84 p)
R_Re                     12.68        -0.31         0.31    (15-84 p)
T_41                   0.07567     -0.00017      0.00019    (15-84 p)
T_32                   0.04224     -0.00042      0.00047    (15-84 p)
a_AU_(rho,R)           0.03119     -0.00075      0.00075    (15-84 p)


====================================================================================================
     ------------------------------------------------------------------------------------------     
====================================================================================================



70000.0   steps completed, average lnprob:,  14164.07019456051


Computing the autocorrelation time of the chains

The chains are more than 50 times longer than the ACF, the estimate can be trusted

Reference thinning used in the analysis: 100
Step length used in the analysis: 3*nthin = 300

Convergence criteria: less than 1% variation in ACF after 50 times the integrated ACF
At least 50*ACF after convergence, 100*ACF would be ideal
Negative values: not converged yet

   sampler parameter              |    ACF   | ACF*nthin | converged at | nsteps/ACF | to 100*ACF
                                  |          |           |              |            | 
   LCdata_TESS_jitter_0           |    1.44  |      144  |     9600     |     489    |       0 
   b_R_Rs                         |    2.95  |      295  |    16800     |     214    |       0 
   b_Tc                           |    1.53  |      153  |    11400     |     447    |       0 
   b_b                            |    2.32  |      232  |    14100     |     284    |       0 
   b_P                            |    1.49  |      149  |    11100     |     463    |       0 
   star_parameters_density        |    1.68  |      168  |    10800     |     412    |       0 
   limb_darkening_ld_q2           |    2.91  |      291  |    16500     |     218    |       0 
   limb_darkening_ld_q1           |    3.00  |      300  |    17100     |     209    |       0 

All the chains are longer than 100*ACF 
Suggested value for burnin: 13425

====================================================================================================
     Statistics on the posterior of the sampler parameters     
====================================================================================================

----- dataset:  LCdata_TESS
jitter_0         7     0.0003346   -0.0000069    0.0000071   (15-84 p)   [    0.0000,     0.0222]

----- common model:  b
R_Rs             0       0.15376     -0.00068      0.00064   (15-84 p)   [    0.0000,     0.5000]
Tc               1  2459770.410448    -0.000017     0.000016   (15-84 p)   [2459770.4100, 2459770.4110]
b                2        0.6607      -0.0041       0.0037   (15-84 p)   [    0.0000,     2.0000]
P                3    2.21857489  -0.00000016   0.00000016   (15-84 p)   [    2.2186,     2.2186]

----- common model:  star_parameters
density          6         1.904       -0.015        0.014   (15-84 p)   [    0.0000,     5.0000]

----- common model:  limb_darkening
ld_q2            4         0.209       -0.075        0.082   (15-84 p)   [    0.0000,     1.0000]
ld_q1            5         0.432       -0.059        0.070   (15-84 p)   [    0.0000,     1.0000]

====================================================================================================
     Statistics on the model parameters obtained from the posteriors samples     
====================================================================================================

----- dataset:  LCdata_TESS
jitter_0             0.0003346   -0.0000069    0.0000071    (15-84 p)


----- common model:  b
R_Rs                   0.15376     -0.00068      0.00064    (15-84 p)
Tc              2459770.410448    -0.000017     0.000016    (15-84 p)
omega                90.000000                              [fixed]
b                       0.6607      -0.0041       0.0037    (15-84 p)
P                   2.21857489  -0.00000016   0.00000016    (15-84 p)
e                         0.00                              [fixed]

----- common model:  star_parameters
density                  1.904       -0.015        0.014    (15-84 p)

----- common model:  limb_darkening
ld_c1                    0.275       -0.086        0.081    (15-84 p)
ld_c2                     0.38        -0.13         0.13    (15-84 p)

====================================================================================================
     Statistics on the derived parameters obtained from the posteriors samples     
====================================================================================================

----- common model:  b
a_Rs                     8.869       -0.023        0.022    (15-84 p)
i                       85.728       -0.030        0.031    (15-84 p)
mean_long              18.0716      -0.0025       0.0025    (15-84 p)
R_Rj                     1.132       -0.028        0.028    (15-84 p)
R_Re                     12.69        -0.31         0.31    (15-84 p)
T_41                   0.07567     -0.00017      0.00019    (15-84 p)
T_32                   0.04224     -0.00042      0.00046    (15-84 p)
a_AU_(rho,R)           0.03121     -0.00076      0.00075    (15-84 p)


====================================================================================================
     ------------------------------------------------------------------------------------------     
====================================================================================================



80000.0   steps completed, average lnprob:,  14164.875924792788


Computing the autocorrelation time of the chains

The chains are more than 50 times longer than the ACF, the estimate can be trusted

Reference thinning used in the analysis: 100
Step length used in the analysis: 2*nthin = 200

Convergence criteria: less than 1% variation in ACF after 50 times the integrated ACF
At least 50*ACF after convergence, 100*ACF would be ideal
Negative values: not converged yet

   sampler parameter              |    ACF   | ACF*nthin | converged at | nsteps/ACF | to 100*ACF
                                  |          |           |              |            | 
   LCdata_TESS_jitter_0           |    1.44  |      144  |     9000     |     564    |       0 
   b_R_Rs                         |    2.95  |      295  |    15800     |     252    |       0 
   b_Tc                           |    1.51  |      151  |     9400     |     534    |       0 
   b_b                            |    2.32  |      232  |    12600     |     334    |       0 
   b_P                            |    1.46  |      146  |     8600     |     557    |       0 
   star_parameters_density        |    1.70  |      170  |     9600     |     473    |       0 
   limb_darkening_ld_q2           |    2.90  |      290  |    15600     |     257    |       0 
   limb_darkening_ld_q1           |    3.00  |      300  |    15800     |     247    |       0 

All the chains are longer than 100*ACF 
Suggested value for burnin: 12050

====================================================================================================
     Statistics on the posterior of the sampler parameters     
====================================================================================================

----- dataset:  LCdata_TESS
jitter_0         7     0.0003346   -0.0000069    0.0000070   (15-84 p)   [    0.0000,     0.0222]

----- common model:  b
R_Rs             0       0.15375     -0.00068      0.00064   (15-84 p)   [    0.0000,     0.5000]
Tc               1  2459770.410448    -0.000017     0.000016   (15-84 p)   [2459770.4100, 2459770.4110]
b                2        0.6607      -0.0041       0.0037   (15-84 p)   [    0.0000,     2.0000]
P                3    2.21857489  -0.00000016   0.00000016   (15-84 p)   [    2.2186,     2.2186]

----- common model:  star_parameters
density          6         1.904       -0.015        0.014   (15-84 p)   [    0.0000,     5.0000]

----- common model:  limb_darkening
ld_q2            4         0.209       -0.075        0.081   (15-84 p)   [    0.0000,     1.0000]
ld_q1            5         0.432       -0.058        0.070   (15-84 p)   [    0.0000,     1.0000]

====================================================================================================
     Statistics on the model parameters obtained from the posteriors samples     
====================================================================================================

----- dataset:  LCdata_TESS
jitter_0             0.0003346   -0.0000069    0.0000070    (15-84 p)


----- common model:  b
R_Rs                   0.15375     -0.00068      0.00064    (15-84 p)
Tc              2459770.410448    -0.000017     0.000016    (15-84 p)
omega                90.000000                              [fixed]
b                       0.6607      -0.0041       0.0037    (15-84 p)
P                   2.21857489  -0.00000016   0.00000016    (15-84 p)
e                         0.00                              [fixed]

----- common model:  star_parameters
density                  1.904       -0.015        0.014    (15-84 p)

----- common model:  limb_darkening
ld_c1                    0.274       -0.086        0.081    (15-84 p)
ld_c2                     0.38        -0.13         0.13    (15-84 p)

====================================================================================================
     Statistics on the derived parameters obtained from the posteriors samples     
====================================================================================================

----- common model:  b
a_Rs                     8.869       -0.023        0.022    (15-84 p)
i                       85.728       -0.030        0.032    (15-84 p)
mean_long              18.0716      -0.0025       0.0025    (15-84 p)
R_Rj                     1.132       -0.028        0.027    (15-84 p)
R_Re                     12.69        -0.31         0.31    (15-84 p)
T_41                   0.07567     -0.00017      0.00019    (15-84 p)
T_32                   0.04225     -0.00042      0.00046    (15-84 p)
a_AU_(rho,R)           0.03120     -0.00076      0.00075    (15-84 p)


====================================================================================================
     ------------------------------------------------------------------------------------------     
====================================================================================================



90000.0   steps completed, average lnprob:,  14164.990768528553


Computing the autocorrelation time of the chains

The chains are more than 50 times longer than the ACF, the estimate can be trusted

Reference thinning used in the analysis: 100
Step length used in the analysis: 2*nthin = 200

Convergence criteria: less than 1% variation in ACF after 50 times the integrated ACF
At least 50*ACF after convergence, 100*ACF would be ideal
Negative values: not converged yet

   sampler parameter              |    ACF   | ACF*nthin | converged at | nsteps/ACF | to 100*ACF
                                  |          |           |              |            | 
   LCdata_TESS_jitter_0           |    1.44  |      144  |     9000     |     632    |       0 
   b_R_Rs                         |    2.96  |      296  |    15800     |     285    |       0 
   b_Tc                           |    1.50  |      150  |     9400     |     604    |       0 
   b_b                            |    2.34  |      234  |    12600     |     374    |       0 
   b_P                            |    1.47  |      147  |     8600     |     620    |       0 
   star_parameters_density        |    1.71  |      171  |     9600     |     530    |       0 
   limb_darkening_ld_q2           |    2.90  |      290  |    15600     |     291    |       0 
   limb_darkening_ld_q1           |    3.00  |      300  |    15800     |     281    |       0 

All the chains are longer than 100*ACF 
Suggested value for burnin: 12050

====================================================================================================
     Statistics on the posterior of the sampler parameters     
====================================================================================================

----- dataset:  LCdata_TESS
jitter_0         7     0.0003346   -0.0000069    0.0000071   (15-84 p)   [    0.0000,     0.0222]

----- common model:  b
R_Rs             0       0.15375     -0.00067      0.00064   (15-84 p)   [    0.0000,     0.5000]
Tc               1  2459770.410448    -0.000017     0.000016   (15-84 p)   [2459770.4100, 2459770.4110]
b                2        0.6607      -0.0041       0.0037   (15-84 p)   [    0.0000,     2.0000]
P                3    2.21857489  -0.00000016   0.00000016   (15-84 p)   [    2.2186,     2.2186]

----- common model:  star_parameters
density          6         1.904       -0.015        0.014   (15-84 p)   [    0.0000,     5.0000]

----- common model:  limb_darkening
ld_q2            4         0.208       -0.074        0.082   (15-84 p)   [    0.0000,     1.0000]
ld_q1            5         0.432       -0.059        0.069   (15-84 p)   [    0.0000,     1.0000]

====================================================================================================
     Statistics on the model parameters obtained from the posteriors samples     
====================================================================================================

----- dataset:  LCdata_TESS
jitter_0             0.0003346   -0.0000069    0.0000071    (15-84 p)


----- common model:  b
R_Rs                   0.15375     -0.00067      0.00064    (15-84 p)
Tc              2459770.410448    -0.000017     0.000016    (15-84 p)
omega                90.000000                              [fixed]
b                       0.6607      -0.0041       0.0037    (15-84 p)
P                   2.21857489  -0.00000016   0.00000016    (15-84 p)
e                         0.00                              [fixed]

----- common model:  star_parameters
density                  1.904       -0.015        0.014    (15-84 p)

----- common model:  limb_darkening
ld_c1                    0.274       -0.085        0.081    (15-84 p)
ld_c2                     0.38        -0.13         0.13    (15-84 p)

====================================================================================================
     Statistics on the derived parameters obtained from the posteriors samples     
====================================================================================================

----- common model:  b
a_Rs                     8.868       -0.023        0.022    (15-84 p)
i                       85.728       -0.030        0.032    (15-84 p)
mean_long              18.0716      -0.0025       0.0025    (15-84 p)
R_Rj                     1.132       -0.027        0.027    (15-84 p)
R_Re                     12.68        -0.31         0.31    (15-84 p)
T_41                   0.07567     -0.00017      0.00018    (15-84 p)
T_32                   0.04225     -0.00042      0.00046    (15-84 p)
a_AU_(rho,R)           0.03120     -0.00075      0.00074    (15-84 p)


====================================================================================================
     ------------------------------------------------------------------------------------------     
====================================================================================================



100000.0   steps completed, average lnprob:,  14164.224624404102


emcee completed

