
PyORBIT v10.6.0

Python version in use:
3.10.14 (main, May  6 2024, 19:42:50) [GCC 11.2.0]
 LaTeX disabled by default
Using orbital model:  circular
Using orbital parametrization:  Eastman2013
Time of inferior conjunction replacing mean longitude as a free parameter:  True

Using limb darkening coefficient parametrization:  Standard
Using RoadRunner Model from PyTransit

emcee version:  3.1.6

 Reference Time Tref: 0.0

 Dimensions = 17
 Nwalkers = 68

 Steps: 50000


 LN posterior: 193992.743498      -3.031126     2.426203 (15-84 p) 

 Median log_priors     = 27.583802365099544
 Median log_likelihood = 193972.43327180913

 Median BIC  (using likelihood) = -387768.8465510041
 Median AIC  (using likelihood) = -387910.86654361826
 Median AICc (using likelihood) = -387910.84703328926

 Median BIC  (using posterior)  = -387824.0141557343
 Median AIC  (using posterior)  = -387966.03414834844
 Median AICc (using posterior)  = -387966.01463801943

 MAP log_priors     = 27.57136037930582
 MAP log_likelihood = 193971.57177182805

 MAP BIC  (using likelihood) = -387767.12355104194
 MAP AIC  (using likelihood) = -387909.1435436561
 MAP AICc (using likelihood) = -387909.1240333271

 MAP BIC  (using posterior)  = -387822.26627180056
 MAP AIC  (using posterior)  = -387964.2862644147
 MAP AICc (using posterior)  = -387964.2667540857

 AIC suggested over AICs because NDATA ( 31386 ) > 40 * NDIM ( 17 )

****************************************************************************************************


Computing the autocorrelation time of the chains

***** WARNING ******
The integrated autocorrelation time cannot be reliably estimated
likely the chains are too short, and ACF analysis is not fully reliable
emcee.autocorr.integrated_time tolerance lowered to 20
If you still get a warning, you should drop these results entirely

Reference thinning used in the analysis: 100
Step length used in the analysis: 10*nthin = 1000

Convergence criteria: less than 1% variation in ACF after 20 times the integrated ACF
At least 50*ACF after convergence, 100*ACF would be ideal
Negative values: not converged yet

   sampler parameter              |    ACF   | ACF*nthin | converged at | nsteps/ACF | to 100*ACF
                                  |          |           |              |            | 
   LCdata_inst00_jitter_0         |    4.68  |      468  |    22000     |      60    |   18824 
   LCdata_inst01_jitter_0         |    4.88  |      488  |    24000     |      53    |   22843 
   b_P                            |    4.36  |      436  |    25000     |      57    |   18615 
   b_R_Rs                         |    9.08  |      908  |    44000     |       7    |   84790 
   b_b                            |   10.90  |     1090  |    45000     |       5    |  103965 
   b_Tc_0                         |    4.34  |      434  |    23000     |      62    |   16422 
   b_Tc_1                         |    4.30  |      430  |    29000     |      49    |   21981 
   b_Tc_2                         |    4.22  |      422  |    19000     |      73    |   11217 
   b_Tc_3                         |    4.35  |      435  |    25000     |      57    |   18549 
   b_Tc_4                         |    4.55  |      455  |    23000     |      59    |   18539 
   b_Tc_5                         |    4.30  |      430  |    25000     |      58    |   18021 
   b_Tc_6                         |    4.43  |      443  |    22000     |      63    |   16295 
   b_Tc_7                         |    4.41  |      441  |    23000     |      61    |   17116 
   b_Tc_8                         |    4.46  |      446  |    24000     |      58    |   18577 
   star_parameters_density        |   10.66  |     1066  |    43000     |       7    |   99563 
   limb_darkening_ld_c1           |    4.74  |      474  |    24000     |      55    |   21433 
   limb_darkening_ld_c2           |    5.15  |      515  |    23000     |      52    |   24454 

All the chains have converged, but PyORBIT should keep running for about:
33912 more steps to reach 50*ACF,
32424 more steps to reach 100*ACF
Suggested value for burnin: 27235

 Plotting the ACF... 


====================================================================================================
     Ids, spaces (s), boundaries (b) and priors (p) of the sampler parameters     
====================================================================================================

----- dataset:  LCdata_inst00
jitter_0      id:  15  s:Linear      b:[      0.0000,       0.0500]   p:Uniform   []

----- dataset:  LCdata_inst01
jitter_0      id:  16  s:Linear      b:[      0.0000,       0.0500]   p:Uniform   []

----- common model:  b
P             id:   0  s:Linear      b:[      4.1550,       4.1650]   p:Gaussian   [4.159151e+00 2.000000e-05]
R_Rs          id:   1  s:Linear      b:[      0.0000,       0.5000]   p:Uniform   []
b             id:   2  s:Linear      b:[      0.0000,       2.0000]   p:Uniform   []
Tc_0          id:   3  s:Linear      b:[      1.9214,       2.4200]   p:Uniform   []
Tc_1          id:   4  s:Linear      b:[      6.0797,       6.5783]   p:Uniform   []
Tc_2          id:   5  s:Linear      b:[     10.2394,      10.7381]   p:Uniform   []
Tc_3          id:   6  s:Linear      b:[     14.3988,      14.8975]   p:Uniform   []
Tc_4          id:   7  s:Linear      b:[     18.5572,      19.0558]   p:Uniform   []
Tc_5          id:   8  s:Linear      b:[     22.7169,      23.2155]   p:Uniform   []
Tc_6          id:   9  s:Linear      b:[     26.8752,      27.3738]   p:Uniform   []
Tc_7          id:  10  s:Linear      b:[     31.0350,      31.5336]   p:Uniform   []
Tc_8          id:  11  s:Linear      b:[     35.1933,      35.6919]   p:Uniform   []
e             derived (no id, space, bound)                           p:None   []
omega         derived (no id, space, bound)                           p:None   []

----- common model:  star_parameters
density       id:  14  s:Linear      b:[      0.0000,       5.0000]   p:Gaussian   [0.7 0.1]
mass          derived (no id, space, bound)                           p:Gaussian   [1.05 0.04]
radius        derived (no id, space, bound)                           p:Gaussian   [1.15 0.04]

----- common model:  limb_darkening
ld_c1         id:  12  s:Linear      b:[      0.0000,       1.0000]   p:Gaussian   [0.5  0.05]
ld_c2         id:  13  s:Linear      b:[     -1.0000,       1.0000]   p:Gaussian   [0.1  0.05]


****************************************************************************************************
****************************************************************************************************

 Confidence intervals (median value, 34.135th percentile from the median on the left and right side)

====================================================================================================
     Statistics on the posterior of the sampler parameters     
====================================================================================================

----- dataset:  LCdata_inst00
jitter_0        15      0.000049    -0.000027     0.000023   (15-84 p)   [    0.0000,     0.0500]

----- dataset:  LCdata_inst01
jitter_0        16      0.000028    -0.000016     0.000022   (15-84 p)   [    0.0000,     0.0500]

----- common model:  b
P                0      4.159150    -0.000020     0.000020   (15-84 p)   [    4.1550,     4.1650]
R_Rs             1       0.09979     -0.00025      0.00036   (15-84 p)   [    0.0000,     0.5000]
b                2         0.112       -0.074        0.072   (15-84 p)   [    0.0000,     2.0000]
Tc_0             3       2.17023     -0.00018      0.00018   (15-84 p)   [    1.9214,     2.4200]
Tc_1             4       6.32958     -0.00017      0.00018   (15-84 p)   [    6.0797,     6.5783]
Tc_2             5      10.48904     -0.00018      0.00018   (15-84 p)   [   10.2394,    10.7381]
Tc_3             6      14.64791     -0.00012      0.00012   (15-84 p)   [   14.3988,    14.8975]
Tc_4             7      18.80635     -0.00013      0.00013   (15-84 p)   [   18.5572,    19.0558]
Tc_5             8      22.96512     -0.00012      0.00012   (15-84 p)   [   22.7169,    23.2155]
Tc_6             9      27.12369     -0.00018      0.00017   (15-84 p)   [   26.8752,    27.3738]
Tc_7            10      31.28309     -0.00018      0.00017   (15-84 p)   [   31.0350,    31.5336]
Tc_8            11      35.44280     -0.00017      0.00017   (15-84 p)   [   35.1933,    35.6919]

----- common model:  star_parameters
density         14         0.723       -0.021        0.011   (15-84 p)   [    0.0000,     5.0000]

----- common model:  limb_darkening
ld_c1           12         0.492       -0.017        0.017   (15-84 p)   [    0.0000,     1.0000]
ld_c2           13         0.119       -0.035        0.035   (15-84 p)   [   -1.0000,     1.0000]

====================================================================================================
     Statistics on the model parameters obtained from the posteriors samples     
====================================================================================================

----- dataset:  LCdata_inst00
jitter_0              0.000049    -0.000027     0.000023    (15-84 p)


----- dataset:  LCdata_inst01
jitter_0              0.000028    -0.000016     0.000022    (15-84 p)


----- common model:  b
P                     4.159150    -0.000020     0.000020    (15-84 p)
e                         0.00                              [fixed]
omega                90.000000                              [fixed]
R_Rs                   0.09979     -0.00025      0.00036    (15-84 p)
b                        0.112       -0.074        0.072    (15-84 p)
Tc_0                   2.17023     -0.00018      0.00018    (15-84 p)
Tc_1                   6.32958     -0.00017      0.00018    (15-84 p)
Tc_2                  10.48904     -0.00018      0.00018    (15-84 p)
Tc_3                  14.64791     -0.00012      0.00012    (15-84 p)
Tc_4                  18.80635     -0.00013      0.00013    (15-84 p)
Tc_5                  22.96512     -0.00012      0.00012    (15-84 p)
Tc_6                  27.12369     -0.00018      0.00017    (15-84 p)
Tc_7                  31.28309     -0.00018      0.00017    (15-84 p)
Tc_8                  35.44280     -0.00017      0.00017    (15-84 p)

----- common model:  star_parameters
density                  0.723       -0.021        0.011    (15-84 p)

----- common model:  limb_darkening
ld_c1                    0.492       -0.017        0.017    (15-84 p)
ld_c2                    0.119       -0.035        0.035    (15-84 p)

====================================================================================================
     Statistics on the derived parameters obtained from the posteriors samples     
====================================================================================================

----- common model:  b
a_Rs                     9.765       -0.096        0.050    (15-84 p)
i                        89.34        -0.43         0.43    (15-84 p)
R_Rj                     1.118       -0.039        0.039    (15-84 p)
R_Re                     12.53        -0.43         0.44    (15-84 p)
T_41                   0.14866     -0.00026      0.00027    (15-84 p)
T_32                   0.12122     -0.00049      0.00034    (15-84 p)
a_AU_(rho,R)            0.0522      -0.0018       0.0019    (15-84 p)


====================================================================================================
     ------------------------------------------------------------------------------------------     
====================================================================================================



****************************************************************************************************

 Parameters corresponding to the Maximum a Posteriori probability ( 193999.14313220736 )

====================================================================================================
     Statistics on the posterior of the sampler parameters     
====================================================================================================

----- dataset:  LCdata_inst00
jitter_0        15      0.000047 [    0.0000,     0.0500]

----- dataset:  LCdata_inst01
jitter_0        16      0.000038 [    0.0000,     0.0500]

----- common model:  b
P                0      4.159150 [    4.1550,     4.1650]
R_Rs             1      0.099917 [    0.0000,     0.5000]
b                2      0.150220 [    0.0000,     2.0000]
Tc_0             3      2.170291 [    1.9214,     2.4200]
Tc_1             4      6.329600 [    6.0797,     6.5783]
Tc_2             5     10.489003 [   10.2394,    10.7381]
Tc_3             6     14.647967 [   14.3988,    14.8975]
Tc_4             7     18.806338 [   18.5572,    19.0558]
Tc_5             8     22.965208 [   22.7169,    23.2155]
Tc_6             9     27.123711 [   26.8752,    27.3738]
Tc_7            10     31.282987 [   31.0350,    31.5336]
Tc_8            11     35.442834 [   35.1933,    35.6919]

----- common model:  star_parameters
density         14      0.713870 [    0.0000,     5.0000]

----- common model:  limb_darkening
ld_c1           12      0.489653 [    0.0000,     1.0000]
ld_c2           13      0.121009 [   -1.0000,     1.0000]

====================================================================================================
     Statistics on the model parameters obtained from the posteriors samples     
====================================================================================================

----- dataset:  LCdata_inst00
jitter_0              0.000047 


----- dataset:  LCdata_inst01
jitter_0              0.000038 


----- common model:  b
P                     4.159150 
e                         0.00 
omega                90.000000 
R_Rs                  0.099917 
b                     0.150220 
Tc_0                  2.170291 
Tc_1                  6.329600 
Tc_2                 10.489003 
Tc_3                 14.647967 
Tc_4                 18.806338 
Tc_5                 22.965208 
Tc_6                 27.123711 
Tc_7                 31.282987 
Tc_8                 35.442834 

----- common model:  star_parameters
density               0.713870 

----- common model:  limb_darkening
ld_c1                 0.489653 
ld_c2                 0.121009 

====================================================================================================
     Statistics on the derived parameters obtained from the posteriors samples     
====================================================================================================

----- common model:  b
a_Rs                  9.722817 
i                    89.114730 
R_Rj                  1.078180 
R_Re                 12.085234 
T_41                  0.148696 
T_32                  0.121023 
a_AU_(rho,R)          0.050139 


====================================================================================================
     ------------------------------------------------------------------------------------------     
====================================================================================================



****************************************************************************************************

 Parameters corresponding to the sample closest to the median values ( 193997.68352170335 )

====================================================================================================
     Statistics on the posterior of the sampler parameters     
====================================================================================================

----- dataset:  LCdata_inst00
jitter_0        15      0.000054 [    0.0000,     0.0500]

----- dataset:  LCdata_inst01
jitter_0        16      0.000021 [    0.0000,     0.0500]

----- common model:  b
P                0      4.159137 [    4.1550,     4.1650]
R_Rs             1      0.099921 [    0.0000,     0.5000]
b                2      0.120188 [    0.0000,     2.0000]
Tc_0             3      2.170241 [    1.9214,     2.4200]
Tc_1             4      6.329452 [    6.0797,     6.5783]
Tc_2             5     10.488983 [   10.2394,    10.7381]
Tc_3             6     14.647945 [   14.3988,    14.8975]
Tc_4             7     18.806365 [   18.5572,    19.0558]
Tc_5             8     22.965129 [   22.7169,    23.2155]
Tc_6             9     27.123649 [   26.8752,    27.3738]
Tc_7            10     31.283069 [   31.0350,    31.5336]
Tc_8            11     35.442895 [   35.1933,    35.6919]

----- common model:  star_parameters
density         14      0.722218 [    0.0000,     5.0000]

----- common model:  limb_darkening
ld_c1           12      0.504324 [    0.0000,     1.0000]
ld_c2           13      0.083580 [   -1.0000,     1.0000]

====================================================================================================
     Statistics on the model parameters obtained from the posteriors samples     
====================================================================================================

----- dataset:  LCdata_inst00
jitter_0              0.000054 


----- dataset:  LCdata_inst01
jitter_0              0.000021 


----- common model:  b
P                     4.159137 
e                         0.00 
omega                90.000000 
R_Rs                  0.099921 
b                     0.120188 
Tc_0                  2.170241 
Tc_1                  6.329452 
Tc_2                 10.488983 
Tc_3                 14.647945 
Tc_4                 18.806365 
Tc_5                 22.965129 
Tc_6                 27.123649 
Tc_7                 31.283069 
Tc_8                 35.442895 

----- common model:  star_parameters
density               0.722218 

----- common model:  limb_darkening
ld_c1                 0.504324 
ld_c2                 0.083580 

====================================================================================================
     Statistics on the derived parameters obtained from the posteriors samples     
====================================================================================================

----- common model:  b
a_Rs                  9.760552 
i                    89.294465 
R_Rj                  1.124136 
R_Re                 12.600347 
T_41                  0.148620 
T_32                  0.121169 
a_AU_(rho,R)          0.052477 


====================================================================================================
     ------------------------------------------------------------------------------------------     
====================================================================================================



****************************************************************************************************

Note: priors on stellar mass and radius provided independently from the measured density, no check for consistency is performed

 Plot FLAT chain 

****************************************************************************************************

Plotting full_correlation plot with pygtc

****************************************************************************************************

 Plotting the chains... 

****************************************************************************************************

 Plotting the Gelman-Rubin traces... 

     Gelman-Rubin:    15     1.004838 LCdata_inst00_jitter_0 
     Gelman-Rubin:    16     1.002953 LCdata_inst01_jitter_0 
     Gelman-Rubin:     0     1.003881 b_P 
     Gelman-Rubin:     1     1.011463 b_R_Rs 
     Gelman-Rubin:     2     1.012281 b_b 
     Gelman-Rubin:     3     1.003951 b_Tc_0 
     Gelman-Rubin:     4     1.003145 b_Tc_1 
     Gelman-Rubin:     5     1.003840 b_Tc_2 
     Gelman-Rubin:     6     1.003396 b_Tc_3 
     Gelman-Rubin:     7     1.003990 b_Tc_4 
     Gelman-Rubin:     8     1.003273 b_Tc_5 
     Gelman-Rubin:     9     1.003427 b_Tc_6 
     Gelman-Rubin:    10     1.003840 b_Tc_7 
     Gelman-Rubin:    11     1.002924 b_Tc_8 
     Gelman-Rubin:    14     1.012720 star_parameters_density 
     Gelman-Rubin:    12     1.004833 limb_darkening_ld_c1 
     Gelman-Rubin:    13     1.005456 limb_darkening_ld_c2 

****************************************************************************************************

 Plotting the common models corner plots
     Common model:  b
     Common model:  star_parameters
     Common model:  limb_darkening

****************************************************************************************************

 Dataset + models corner plots 

     Dataset:  LCdata_inst00     model:  lc_model_b  corner plot  starting 
     Dataset:  LCdata_inst00     model:  lc_model_b  corner plot  done 
     Dataset:  LCdata_inst01     model:  lc_model_b  corner plot  starting 
     Dataset:  LCdata_inst01     model:  lc_model_b  corner plot  done 

****************************************************************************************************

 Saving the planet parameter samplings to files (with plots)

****************************************************************************************************

 Saving all the parameter samplings to files (with plots)

****************************************************************************************************

 Computing the models for plot/data writing 
 Writing the plots 
 Writing the   data files 
