
PyORBIT v10.6.0

Python version in use:
3.10.14 (main, May  6 2024, 19:42:50) [GCC 11.2.0]

reloaded_optimize:  False
reloaded_pyde:  False
reloaded_emcee:  False

number of multiprocessing threads: 16
multiprocessing method (should be fork):  fork

parameters/safe_reload flag (must be True for tinygp):  False

Opening:  LCdata_inst00
Opening:  LCdata_inst01
Adding common model of planet:  b
  LC model: lc_model_inst00_b is using limb_darkening LD parameters
  LC model: lc_model_inst01_b is using limb_darkening LD parameters
Using orbital model:  circular
Using orbital parametrization:  Eastman2013
Time of inferior conjunction replacing mean longitude as a free parameter:  True
Dataset flag of times of inferior conjuctions:  id_transit_b

Using limb darkening coefficient parametrization:  Standard

====================================================================================================
     Ids, spaces (s), boundaries (b) and priors (p) of the sampler parameters     
====================================================================================================

----- dataset:  LCdata_inst00
jitter_0      id:   6  s:Linear      b:[      0.0000,       0.0500]   p:Uniform   []

----- dataset: LCdata_inst00             ----- model: lc_model_inst00_b             
Tc_0          id:   7  s:Linear      b:[      1.9214,       2.4200]   p:Uniform   []
Tc_1          id:   8  s:Linear      b:[      6.0797,       6.5783]   p:Uniform   []
Tc_2          id:   9  s:Linear      b:[     10.2394,      10.7381]   p:Uniform   []
Tc_3          id:  10  s:Linear      b:[     14.3978,      14.8964]   p:Uniform   []
Tc_4          id:  11  s:Linear      b:[     18.5575,      19.0561]   p:Uniform   []
Tc_5          id:  12  s:Linear      b:[     22.7158,      23.2144]   p:Uniform   []

----- dataset:  LCdata_inst01
jitter_0      id:  13  s:Linear      b:[      0.0000,       0.0500]   p:Uniform   []

----- dataset: LCdata_inst01             ----- model: lc_model_inst01_b             
Tc_3          id:  14  s:Linear      b:[     14.3988,      14.8975]   p:Uniform   []
Tc_4          id:  15  s:Linear      b:[     18.5572,      19.0558]   p:Uniform   []
Tc_5          id:  16  s:Linear      b:[     22.7169,      23.2155]   p:Uniform   []
Tc_6          id:  17  s:Linear      b:[     26.8752,      27.3738]   p:Uniform   []
Tc_7          id:  18  s:Linear      b:[     31.0350,      31.5336]   p:Uniform   []
Tc_8          id:  19  s:Linear      b:[     35.1933,      35.6919]   p:Uniform   []

----- common model:  b
P             id:   0  s:Linear      b:[      4.1550,       4.1650]   p:Gaussian   [4.159151e+00 2.000000e-05]
R_Rs          id:   1  s:Linear      b:[      0.0000,       0.5000]   p:Uniform   []
b             id:   2  s:Linear      b:[      0.0000,       2.0000]   p:Uniform   []
e             derived (no id, space, bound)                           p:None   []
omega         derived (no id, space, bound)                           p:None   []

----- common model:  star_parameters
density       id:   5  s:Linear      b:[      0.0000,       5.0000]   p:Gaussian   [0.7 0.1]
mass          derived (no id, space, bound)                           p:Gaussian   [1.05 0.04]
radius        derived (no id, space, bound)                           p:Gaussian   [1.15 0.04]

----- common model:  limb_darkening
ld_c1         id:   3  s:Linear      b:[      0.0000,       1.0000]   p:Gaussian   [0.5  0.05]
ld_c2         id:   4  s:Linear      b:[     -1.0000,       1.0000]   p:Gaussian   [0.1  0.05]

Include priors:  True

Reference Time Tref:  0.0

Dimensions =  20
Nwalkers =  80

Using threading pool for PyDE: True
PyDE running
Boundaries redefined after PyDE output
PyDE completed, it took          9.5 seconds

====================================================================================================
     Starting point of the sample/optimization routines    
====================================================================================================

----- dataset:  LCdata_inst00
jitter_0         6      0.000007 [    0.0000,     0.0500]

----- dataset: LCdata_inst00             ----- model: lc_model_inst00_b             
Tc_0             7      2.169979 [    1.9214,     2.4200]
Tc_1             8      6.329629 [    6.0797,     6.5783]
Tc_2             9     10.489213 [   10.2394,    10.7381]
Tc_3            10     14.647874 [   14.3978,    14.8964]
Tc_4            11     18.805738 [   18.5575,    19.0561]
Tc_5            12     22.965010 [   22.7158,    23.2144]

----- dataset:  LCdata_inst01
jitter_0        13      0.000006 [    0.0000,     0.0500]

----- dataset: LCdata_inst01             ----- model: lc_model_inst01_b             
Tc_3            14     14.648036 [   14.3988,    14.8975]
Tc_4            15     18.805907 [   18.5572,    19.0558]
Tc_5            16     22.964854 [   22.7169,    23.2155]
Tc_6            17     27.123130 [   26.8752,    27.3738]
Tc_7            18     31.283221 [   31.0350,    31.5336]
Tc_8            19     35.442964 [   35.1933,    35.6919]

----- common model:  b
P                0      4.159151 [    4.1550,     4.1650]
R_Rs             1      0.100063 [    0.0000,     0.5000]
b                2      0.095779 [    0.0000,     2.0000]

----- common model:  star_parameters
density          5      0.735826 [    0.0000,     5.0000]

----- common model:  limb_darkening
ld_c1            3      0.473376 [    0.0000,     1.0000]
ld_c2            4      0.108522 [   -1.0000,     1.0000]

====================================================================================================
     Starting point projected onto the model parameter space     
====================================================================================================

----- dataset:  LCdata_inst00
jitter_0              0.000007 


----- dataset: LCdata_inst00             ----- model: lc_model_inst00_b             
Tc_0                  2.169979 
Tc_1                  6.329629 
Tc_2                 10.489213 
Tc_3                 14.647874 
Tc_4                 18.805738 
Tc_5                 22.965010 

----- dataset:  LCdata_inst01
jitter_0              0.000006 


----- dataset: LCdata_inst01             ----- model: lc_model_inst01_b             
Tc_3                 14.648036 
Tc_4                 18.805907 
Tc_5                 22.964854 
Tc_6                 27.123130 
Tc_7                 31.283221 
Tc_8                 35.442964 

----- common model:  b
P                     4.159151 
e                         0.00 
omega                90.000000 
R_Rs                  0.100063 
b                     0.095779 

----- common model:  star_parameters
density               0.735826 

----- common model:  limb_darkening
ld_c1                 0.473376 
ld_c2                 0.108522 

====================================================================================================
     Derived parameters obtained from starting point     
====================================================================================================

----- common model:  b
a_Rs                  9.821493 
i                    89.441242 
R_Rj                  1.154437 
R_Re                 12.939989 
T_41                  0.148036 
T_32                  0.120792 
a_AU_(rho,R)          0.054151 


====================================================================================================
     Statistics on the log-likelihood     
====================================================================================================

 LN probability: 194124.510792 

====================================================================================================
     ------------------------------------------------------------------------------------------     
====================================================================================================



*************************************************************

Running emcee

emcee version:  3.1.6
Using threading pool for emcee: True


Computing the autocorrelation time of the chains

***** WARNING ******
The integrated autocorrelation time cannot be reliably estimated
likely the chains are too short, and ACF analysis is not fully reliable
emcee.autocorr.integrated_time tolerance lowered to 20
If you still get a warning, you should drop these results entirely

Reference thinning used in the analysis: 100
Step length used in the analysis: 12*nthin = 1200

Convergence criteria: less than 1% variation in ACF after 20 times the integrated ACF
At least 50*ACF after convergence, 100*ACF would be ideal
Negative values: not converged yet

   sampler parameter              |    ACF   | ACF*nthin | converged at | nsteps/ACF | to 100*ACF
                                  |          |           |              |            | 
   LCdata_inst00_jitter_0         |    5.60  |      560  |    26400     |      42    |   32392 
   LCdata_inst00_lc_model_inst00_b_Tc_0 |    5.09  |      509  |    30000     |      39    |   30885 
   LCdata_inst00_lc_model_inst00_b_Tc_1 |    5.02  |      502  |    30000     |      40    |   30173 
   LCdata_inst00_lc_model_inst00_b_Tc_2 |    4.99  |      499  |    33600     |      33    |   33506 
   LCdata_inst00_lc_model_inst00_b_Tc_3 |    5.20  |      520  |    26400     |      45    |   28350 
   LCdata_inst00_lc_model_inst00_b_Tc_4 |    5.29  |      529  |    27600     |      42    |   30457 
   LCdata_inst00_lc_model_inst00_b_Tc_5 |    5.10  |      510  |    25200     |      49    |   26163 
   LCdata_inst01_jitter_0         |    5.38  |      538  |    24000     |      48    |   27836 
   LCdata_inst01_lc_model_inst01_b_Tc_3 |    4.86  |      486  |    31200     |      39    |   29789 
   LCdata_inst01_lc_model_inst01_b_Tc_4 |    5.38  |      538  |    30000     |      37    |   33834 
   LCdata_inst01_lc_model_inst01_b_Tc_5 |    5.10  |      510  |    28800     |      42    |   29766 
   LCdata_inst01_lc_model_inst01_b_Tc_6 |    5.07  |      507  |    24000     |      51    |   24695 
   LCdata_inst01_lc_model_inst01_b_Tc_7 |    5.20  |      520  |    36000     |      27    |   37959 
   LCdata_inst01_lc_model_inst01_b_Tc_8 |    5.25  |      525  |    26400     |      45    |   28890 
   b_P                            |    4.90  |      490  |    24000     |      53    |   22992 
   b_R_Rs                         |   10.80  |     1080  |    39600     |      10    |   97571 
   b_b                            |   12.36  |     1236  |    39600     |       8    |  113220 
   star_parameters_density        |   12.45  |     1245  |    43200     |       5    |  117715 
   limb_darkening_ld_c1           |    5.43  |      543  |    22800     |      50    |   27128 
   limb_darkening_ld_c2           |    5.62  |      562  |    34800     |      27    |   41039 

All the chains have converged, but PyORBIT should keep running for about:
13304 more steps to reach 50*ACF,
42218 more steps to reach 100*ACF
Suggested value for burnin: 30180

====================================================================================================
     Statistics on the posterior of the sampler parameters     
====================================================================================================

----- dataset:  LCdata_inst00
jitter_0         6      0.000032    -0.000019     0.000023   (15-84 p)   [    0.0000,     0.0500]

----- dataset: LCdata_inst00             ----- model: lc_model_inst00_b             
Tc_0             7       2.16998     -0.00017      0.00017   (15-84 p)   [    1.9214,     2.4200]
Tc_1             8       6.32964     -0.00018      0.00017   (15-84 p)   [    6.0797,     6.5783]
Tc_2             9      10.48922     -0.00017      0.00017   (15-84 p)   [   10.2394,    10.7381]
Tc_3            10      14.64788     -0.00017      0.00017   (15-84 p)   [   14.3978,    14.8964]
Tc_4            11      18.80573     -0.00018      0.00017   (15-84 p)   [   18.5575,    19.0561]
Tc_5            12      22.96501     -0.00017      0.00017   (15-84 p)   [   22.7158,    23.2144]

----- dataset:  LCdata_inst01
jitter_0        13      0.000026    -0.000015     0.000020   (15-84 p)   [    0.0000,     0.0500]

----- dataset: LCdata_inst01             ----- model: lc_model_inst01_b             
Tc_3            14      14.64803     -0.00018      0.00017   (15-84 p)   [   14.3988,    14.8975]
Tc_4            15      18.80591     -0.00017      0.00017   (15-84 p)   [   18.5572,    19.0558]
Tc_5            16      22.96484     -0.00017      0.00017   (15-84 p)   [   22.7169,    23.2155]
Tc_6            17      27.12313     -0.00018      0.00017   (15-84 p)   [   26.8752,    27.3738]
Tc_7            18      31.28322     -0.00017      0.00018   (15-84 p)   [   31.0350,    31.5336]
Tc_8            19      35.44296     -0.00017      0.00017   (15-84 p)   [   35.1933,    35.6919]

----- common model:  b
P                0      4.159151    -0.000020     0.000020   (15-84 p)   [    4.1550,     4.1650]
R_Rs             1       0.10010     -0.00022      0.00029   (15-84 p)   [    0.0000,     0.5000]
b                2         0.099       -0.066        0.068   (15-84 p)   [    0.0000,     2.0000]

----- common model:  star_parameters
density          5        0.7349       -0.018       0.0092   (15-84 p)   [    0.0000,     5.0000]

----- common model:  limb_darkening
ld_c1            3         0.474       -0.017        0.018   (15-84 p)   [    0.0000,     1.0000]
ld_c2            4         0.106       -0.035        0.035   (15-84 p)   [   -1.0000,     1.0000]

====================================================================================================
     Statistics on the model parameters obtained from the posteriors samples     
====================================================================================================

----- dataset:  LCdata_inst00
jitter_0              0.000032    -0.000019     0.000023    (15-84 p)


----- dataset: LCdata_inst00             ----- model: lc_model_inst00_b             
Tc_0                   2.16998     -0.00017      0.00017    (15-84 p)
Tc_1                   6.32964     -0.00018      0.00017    (15-84 p)
Tc_2                  10.48922     -0.00017      0.00017    (15-84 p)
Tc_3                  14.64788     -0.00017      0.00017    (15-84 p)
Tc_4                  18.80573     -0.00018      0.00017    (15-84 p)
Tc_5                  22.96501     -0.00017      0.00017    (15-84 p)

----- dataset:  LCdata_inst01
jitter_0              0.000026    -0.000015     0.000020    (15-84 p)


----- dataset: LCdata_inst01             ----- model: lc_model_inst01_b             
Tc_3                  14.64803     -0.00018      0.00017    (15-84 p)
Tc_4                  18.80591     -0.00017      0.00017    (15-84 p)
Tc_5                  22.96484     -0.00017      0.00017    (15-84 p)
Tc_6                  27.12313     -0.00018      0.00017    (15-84 p)
Tc_7                  31.28322     -0.00017      0.00018    (15-84 p)
Tc_8                  35.44296     -0.00017      0.00017    (15-84 p)

----- common model:  b
P                     4.159151    -0.000020     0.000020    (15-84 p)
e                         0.00                              [fixed]
omega                90.000000                              [fixed]
R_Rs                   0.10010     -0.00022      0.00029    (15-84 p)
b                        0.099       -0.066        0.068    (15-84 p)

----- common model:  star_parameters
density                 0.7349       -0.018       0.0092    (15-84 p)

----- common model:  limb_darkening
ld_c1                    0.474       -0.017        0.018    (15-84 p)
ld_c2                    0.106       -0.035        0.035    (15-84 p)

====================================================================================================
     Statistics on the derived parameters obtained from the posteriors samples     
====================================================================================================

----- common model:  b
a_Rs                     9.817       -0.082        0.041    (15-84 p)
i                        89.42        -0.41         0.39    (15-84 p)
R_Rj                     1.122       -0.039        0.039    (15-84 p)
R_Re                     12.57        -0.44         0.43    (15-84 p)
T_41                   0.14807     -0.00023      0.00026    (15-84 p)
T_32                   0.12074     -0.00040      0.00029    (15-84 p)
a_AU_(rho,R)            0.0524      -0.0018       0.0019    (15-84 p)


====================================================================================================
     ------------------------------------------------------------------------------------------     
====================================================================================================



emcee completed

