
PyORBIT v10.6.0

Python version in use:
3.10.14 (main, May  6 2024, 19:42:50) [GCC 11.2.0]
 LaTeX disabled by default
Using orbital model:  circular
Using orbital parametrization:  Eastman2013
Time of inferior conjunction replacing mean longitude as a free parameter:  True

Using limb darkening coefficient parametrization:  Standard
Using RoadRunner Model from PyTransit

emcee version:  3.1.6

 Reference Time Tref: 0.0

 Dimensions = 13
 Nwalkers = 52

 Steps: 50000


 LN posterior: 96936.990915      -2.738518     2.005061 (15-84 p) 

 Median log_priors     = 22.40638478497256
 Median log_likelihood = 96920.06140875541

 Median BIC  (using likelihood) = -193714.53020709433
 Median AIC  (using likelihood) = -193814.12281751083
 Median AICc (using likelihood) = -193814.09960174453

 Median BIC  (using posterior)  = -193759.34297666428
 Median AIC  (using posterior)  = -193858.93558708078
 Median AICc (using posterior)  = -193858.91237131448

 MAP log_priors     = 22.497895384044163
 MAP log_likelihood = 96919.4528581086

 MAP BIC  (using likelihood) = -193713.3131058007
 MAP AIC  (using likelihood) = -193812.9057162172
 MAP AICc (using likelihood) = -193812.8825004509

 MAP BIC  (using posterior)  = -193758.3088965688
 MAP AIC  (using posterior)  = -193857.9015069853
 MAP AICc (using posterior)  = -193857.878291219

 AIC suggested over AICs because NDATA ( 15693 ) > 40 * NDIM ( 13 )

****************************************************************************************************


Computing the autocorrelation time of the chains

The chains are more than 50 times longer than the ACF, the estimate can be trusted

Reference thinning used in the analysis: 100
Step length used in the analysis: 6*nthin = 600

Convergence criteria: less than 1% variation in ACF after 50 times the integrated ACF
At least 50*ACF after convergence, 100*ACF would be ideal
Negative values: not converged yet

   sampler parameter              |    ACF   | ACF*nthin | converged at | nsteps/ACF | to 100*ACF
                                  |          |           |              |            | 
   LCdata_jitter_0                |    3.19  |      319  |    22800     |      85    |    4716 
   LCdata_lc_model_b_Tc_0         |    2.90  |      290  |    18000     |     110    |       0 
   LCdata_lc_model_b_Tc_1         |    2.87  |      287  |    19800     |     105    |       0 
   LCdata_lc_model_b_Tc_2         |    2.68  |      268  |    20400     |     110    |       0 
   LCdata_lc_model_b_Tc_3         |    2.95  |      295  |    20400     |     100    |       0 
   LCdata_lc_model_b_Tc_4         |    2.73  |      273  |    16200     |     124    |       0 
   LCdata_lc_model_b_Tc_5         |    2.87  |      287  |    18000     |     111    |       0 
   b_P                            |    3.07  |      307  |    19200     |     100    |       0 
   b_R_Rs                         |    5.89  |      589  |    33000     |      29    |   41921 
   b_b                            |    6.71  |      671  |    37200     |      19    |   54300 
   star_parameters_density        |    6.66  |      666  |    37200     |      19    |   53832 
   limb_darkening_ld_c1           |    3.05  |      305  |    22800     |      89    |    3264 
   limb_darkening_ld_c2           |    3.10  |      310  |    24000     |      84    |    4953 

All the chains have converged, but PyORBIT should keep running for about:
17909 more steps to reach 50*ACF,
27164 more steps to reach 100*ACF
Suggested value for burnin: 23769

 Plotting the ACF... 


====================================================================================================
     Ids, spaces (s), boundaries (b) and priors (p) of the sampler parameters     
====================================================================================================

----- dataset:  LCdata
jitter_0      id:   6  s:Linear      b:[      0.0000,       0.0500]   p:Uniform   []

----- dataset: LCdata                    ----- model: lc_model_b                    
Tc_0          id:   7  s:Linear      b:[      1.9214,       2.4200]   p:Uniform   []
Tc_1          id:   8  s:Linear      b:[      6.0797,       6.5783]   p:Uniform   []
Tc_2          id:   9  s:Linear      b:[     10.2394,      10.7381]   p:Uniform   []
Tc_3          id:  10  s:Linear      b:[     14.3978,      14.8964]   p:Uniform   []
Tc_4          id:  11  s:Linear      b:[     18.5575,      19.0561]   p:Uniform   []
Tc_5          id:  12  s:Linear      b:[     22.7158,      23.2144]   p:Uniform   []

----- common model:  b
P             id:   0  s:Linear      b:[      4.1550,       4.1650]   p:Gaussian   [4.159151e+00 2.000000e-05]
R_Rs          id:   1  s:Linear      b:[      0.0000,       0.5000]   p:Uniform   []
b             id:   2  s:Linear      b:[      0.0000,       2.0000]   p:Uniform   []
e             derived (no id, space, bound)                           p:None   []
omega         derived (no id, space, bound)                           p:None   []

----- common model:  star_parameters
density       id:   5  s:Linear      b:[      0.0000,       5.0000]   p:Gaussian   [0.7 0.1]
mass          derived (no id, space, bound)                           p:Gaussian   [1.05 0.04]
radius        derived (no id, space, bound)                           p:Gaussian   [1.15 0.04]

----- common model:  limb_darkening
ld_c1         id:   3  s:Linear      b:[      0.0000,       1.0000]   p:Gaussian   [0.5  0.05]
ld_c2         id:   4  s:Linear      b:[     -1.0000,       1.0000]   p:Gaussian   [0.1  0.05]


****************************************************************************************************
****************************************************************************************************

 Confidence intervals (median value, 34.135th percentile from the median on the left and right side)

====================================================================================================
     Statistics on the posterior of the sampler parameters     
====================================================================================================

----- dataset:  LCdata
jitter_0         6      0.000050    -0.000027     0.000023   (15-84 p)   [    0.0000,     0.0500]

----- dataset: LCdata                    ----- model: lc_model_b                    
Tc_0             7       2.17023     -0.00018      0.00018   (15-84 p)   [    1.9214,     2.4200]
Tc_1             8       6.32957     -0.00017      0.00017   (15-84 p)   [    6.0797,     6.5783]
Tc_2             9      10.48905     -0.00018      0.00018   (15-84 p)   [   10.2394,    10.7381]
Tc_3            10      14.64771     -0.00018      0.00017   (15-84 p)   [   14.3978,    14.8964]
Tc_4            11      18.80613     -0.00018      0.00018   (15-84 p)   [   18.5575,    19.0561]
Tc_5            12      22.96500     -0.00018      0.00017   (15-84 p)   [   22.7158,    23.2144]

----- common model:  b
P                0      4.159151    -0.000020     0.000020   (15-84 p)   [    4.1550,     4.1650]
R_Rs             1       0.09966     -0.00032      0.00043   (15-84 p)   [    0.0000,     0.5000]
b                2         0.119       -0.079        0.080   (15-84 p)   [    0.0000,     2.0000]

----- common model:  star_parameters
density          5         0.721       -0.025        0.013   (15-84 p)   [    0.0000,     5.0000]

----- common model:  limb_darkening
ld_c1            3         0.521       -0.020        0.020   (15-84 p)   [    0.0000,     1.0000]
ld_c2            4         0.078       -0.040        0.040   (15-84 p)   [   -1.0000,     1.0000]

====================================================================================================
     Statistics on the model parameters obtained from the posteriors samples     
====================================================================================================

----- dataset:  LCdata
jitter_0              0.000050    -0.000027     0.000023    (15-84 p)


----- dataset: LCdata                    ----- model: lc_model_b                    
Tc_0                   2.17023     -0.00018      0.00018    (15-84 p)
Tc_1                   6.32957     -0.00017      0.00017    (15-84 p)
Tc_2                  10.48905     -0.00018      0.00018    (15-84 p)
Tc_3                  14.64771     -0.00018      0.00017    (15-84 p)
Tc_4                  18.80613     -0.00018      0.00018    (15-84 p)
Tc_5                  22.96500     -0.00018      0.00017    (15-84 p)

----- common model:  b
P                     4.159151    -0.000020     0.000020    (15-84 p)
e                         0.00                              [fixed]
omega                90.000000                              [fixed]
R_Rs                   0.09966     -0.00032      0.00043    (15-84 p)
b                        0.119       -0.079        0.080    (15-84 p)

----- common model:  star_parameters
density                  0.721       -0.025        0.013    (15-84 p)

----- common model:  limb_darkening
ld_c1                    0.521       -0.020        0.020    (15-84 p)
ld_c2                    0.078       -0.040        0.040    (15-84 p)

====================================================================================================
     Statistics on the derived parameters obtained from the posteriors samples     
====================================================================================================

----- common model:  b
a_Rs                     9.756        -0.12        0.058    (15-84 p)
i                        89.30        -0.48         0.47    (15-84 p)
R_Rj                     1.117       -0.040        0.038    (15-84 p)
R_Re                     12.52        -0.45         0.42    (15-84 p)
T_41                   0.14868     -0.00033      0.00035    (15-84 p)
T_32                   0.12120     -0.00059      0.00042    (15-84 p)
a_AU_(rho,R)            0.0521      -0.0019       0.0018    (15-84 p)


====================================================================================================
     ------------------------------------------------------------------------------------------     
====================================================================================================



****************************************************************************************************

 Parameters corresponding to the Maximum a Posteriori probability ( 96941.95075349265 )

====================================================================================================
     Statistics on the posterior of the sampler parameters     
====================================================================================================

----- dataset:  LCdata
jitter_0         6      0.000054 [    0.0000,     0.0500]

----- dataset: LCdata                    ----- model: lc_model_b                    
Tc_0             7      2.170122 [    1.9214,     2.4200]
Tc_1             8      6.329638 [    6.0797,     6.5783]
Tc_2             9     10.489081 [   10.2394,    10.7381]
Tc_3            10     14.647739 [   14.3978,    14.8964]
Tc_4            11     18.806175 [   18.5575,    19.0561]
Tc_5            12     22.965011 [   22.7158,    23.2144]

----- common model:  b
P                0      4.159146 [    4.1550,     4.1650]
R_Rs             1      0.099429 [    0.0000,     0.5000]
b                2      0.020751 [    0.0000,     2.0000]

----- common model:  star_parameters
density          5      0.734626 [    0.0000,     5.0000]

----- common model:  limb_darkening
ld_c1            3      0.511133 [    0.0000,     1.0000]
ld_c2            4      0.098397 [   -1.0000,     1.0000]

====================================================================================================
     Statistics on the model parameters obtained from the posteriors samples     
====================================================================================================

----- dataset:  LCdata
jitter_0              0.000054 


----- dataset: LCdata                    ----- model: lc_model_b                    
Tc_0                  2.170122 
Tc_1                  6.329638 
Tc_2                 10.489081 
Tc_3                 14.647739 
Tc_4                 18.806175 
Tc_5                 22.965011 

----- common model:  b
P                     4.159146 
e                         0.00 
omega                90.000000 
R_Rs                  0.099429 
b                     0.020751 

----- common model:  star_parameters
density               0.734626 

----- common model:  limb_darkening
ld_c1                 0.511133 
ld_c2                 0.098397 

====================================================================================================
     Statistics on the derived parameters obtained from the posteriors samples     
====================================================================================================

----- common model:  b
a_Rs                  9.816143 
i                    89.878880 
R_Rj                  1.120595 
R_Re                 12.560652 
T_41                  0.148565 
T_32                  0.121598 
a_AU_(rho,R)          0.052870 


====================================================================================================
     ------------------------------------------------------------------------------------------     
====================================================================================================



****************************************************************************************************

 Parameters corresponding to the sample closest to the median values ( 96941.4562701266 )

====================================================================================================
     Statistics on the posterior of the sampler parameters     
====================================================================================================

----- dataset:  LCdata
jitter_0         6      0.000049 [    0.0000,     0.0500]

----- dataset: LCdata                    ----- model: lc_model_b                    
Tc_0             7      2.170187 [    1.9214,     2.4200]
Tc_1             8      6.329516 [    6.0797,     6.5783]
Tc_2             9     10.489009 [   10.2394,    10.7381]
Tc_3            10     14.647733 [   14.3978,    14.8964]
Tc_4            11     18.806235 [   18.5575,    19.0561]
Tc_5            12     22.965033 [   22.7158,    23.2144]

----- common model:  b
P                0      4.159156 [    4.1550,     4.1650]
R_Rs             1      0.099706 [    0.0000,     0.5000]
b                2      0.152126 [    0.0000,     2.0000]

----- common model:  star_parameters
density          5      0.714035 [    0.0000,     5.0000]

----- common model:  limb_darkening
ld_c1            3      0.513138 [    0.0000,     1.0000]
ld_c2            4      0.096285 [   -1.0000,     1.0000]

====================================================================================================
     Statistics on the model parameters obtained from the posteriors samples     
====================================================================================================

----- dataset:  LCdata
jitter_0              0.000049 


----- dataset: LCdata                    ----- model: lc_model_b                    
Tc_0                  2.170187 
Tc_1                  6.329516 
Tc_2                 10.489009 
Tc_3                 14.647733 
Tc_4                 18.806235 
Tc_5                 22.965033 

----- common model:  b
P                     4.159156 
e                         0.00 
omega                90.000000 
R_Rs                  0.099706 
b                     0.152126 

----- common model:  star_parameters
density               0.714035 

----- common model:  limb_darkening
ld_c1                 0.513138 
ld_c2                 0.096285 

====================================================================================================
     Statistics on the derived parameters obtained from the posteriors samples     
====================================================================================================

----- common model:  b
a_Rs                  9.723575 
i                    89.103566 
R_Rj                  1.085366 
R_Re                 12.165772 
T_41                  0.148620 
T_32                  0.120999 
a_AU_(rho,R)          0.050584 


====================================================================================================
     ------------------------------------------------------------------------------------------     
====================================================================================================



****************************************************************************************************

Note: priors on stellar mass and radius provided independently from the measured density, no check for consistency is performed

 Plot FLAT chain 

****************************************************************************************************

Plotting full_correlation plot with pygtc

****************************************************************************************************

 Plotting the chains... 

****************************************************************************************************

 Plotting the Gelman-Rubin traces... 

     Gelman-Rubin:     6     1.002186 LCdata_jitter_0 
     Gelman-Rubin:     7     1.002175 LCdata_lc_model_b_Tc_0 
     Gelman-Rubin:     8     1.002167 LCdata_lc_model_b_Tc_1 
     Gelman-Rubin:     9     1.002458 LCdata_lc_model_b_Tc_2 
     Gelman-Rubin:    10     1.002615 LCdata_lc_model_b_Tc_3 
     Gelman-Rubin:    11     1.001987 LCdata_lc_model_b_Tc_4 
     Gelman-Rubin:    12     1.002059 LCdata_lc_model_b_Tc_5 
     Gelman-Rubin:     0     1.003050 b_P 
     Gelman-Rubin:     1     1.007486 b_R_Rs 
     Gelman-Rubin:     2     1.008757 b_b 
     Gelman-Rubin:     5     1.008157 star_parameters_density 
     Gelman-Rubin:     3     1.003212 limb_darkening_ld_c1 
     Gelman-Rubin:     4     1.003214 limb_darkening_ld_c2 

****************************************************************************************************

 Plotting the common models corner plots
     Common model:  b
     Common model:  star_parameters
     Common model:  limb_darkening

****************************************************************************************************

 Dataset + models corner plots 

     Dataset:  LCdata     model:  lc_model_b  corner plot  starting 
     Dataset:  LCdata     model:  lc_model_b  corner plot  done 

****************************************************************************************************

 Saving the planet parameter samplings to files (with plots)

****************************************************************************************************

 Saving all the parameter samplings to files (with plots)

****************************************************************************************************

 Computing the models for plot/data writing 
 Writing the plots 
 Writing the   data files 
 Writing the  MAP_ data files 
 Writing the  sampleMED_ data files 

****************************************************************************************************

