**** USING NUMBA ****

PyORBIT v10.1.0b

Python version in use:
3.11.3 (main, Apr 19 2023, 23:54:32) [GCC 11.2.0]
 LaTeX disabled by default
Using orbital model:  circular
Using orbital parametrization:  Eastman2013
Time of inferior conjunction replacing mean longitude as a free parameter:  True

Using limb darkening coefficient parametrization:  Standard

emcee version:  3.1.4

 Reference Time Tref: 0.0

 Dimensions = 18
 Nwalkers = 72

 Steps: 50000


 LN posterior: 13341.452943      -2.970000     2.207865 (15-84 p) 

 Median log_priors     = 37.22559947115977
 Median log_likelihood = 13311.212719472816

 Median BIC  (using likelihood) = -26484.223895933425
 Median AIC  (using likelihood) = -26586.425438945633
 Median AICc (using likelihood) = -26586.10596206567

 Median BIC  (using posterior)  = -26558.675094875744
 Median AIC  (using posterior)  = -26660.87663788795
 Median AICc (using posterior)  = -26660.55716100799

 MAP log_priors     = 36.99911889214586
 MAP log_likelihood = 13310.284204630461

 MAP BIC  (using likelihood) = -26482.366866248714
 MAP AIC  (using likelihood) = -26584.568409260923
 MAP AICc (using likelihood) = -26584.24893238096

 MAP BIC  (using posterior)  = -26556.365104033008
 MAP AIC  (using posterior)  = -26658.566647045216
 MAP AICc (using posterior)  = -26658.247170165254

 AIC suggested over AICs because NDATA ( 2160 ) > 40 * NDIM ( 18 )

****************************************************************************************************


Computing the autocorrelation time of the chains

***** WARNING ******
The integrated autocorrelation time cannot be reliably estimated
likely the chains are too short, and ACF analysis is not fully reliable
emcee.autocorr.integrated_time tolerance lowered to 20
If you still get a warning, you should drop these results entirely

Reference thinning used in the analysis: 100
Step length used in the analysis: 15*nthin = 1500

Convergence criteria: less than 1% variation in ACF after 20 times the integrated ACF
At least 50*ACF after convergence, 100*ACF would be ideal
Negative values: not converged yet

   sampler parameter              |    ACF   | ACF*nthin | converged at | nsteps/ACF | to 100*ACF
                                  |          |           |              |            | 
   LCdata_transit00_jitter_0      |    6.02  |      602  |    34500     |      26    |   44677 
   LCdata_transit00_lc_model_b_Tc |    6.17  |      617  |    36000     |      23    |   47673 
   LCdata_transit01_jitter_0      |    6.43  |      643  |    45000     |       8    |   59297 
   LCdata_transit01_lc_model_b_Tc |    6.14  |      614  |    39000     |      18    |   50389 
   LCdata_transit02_jitter_0      |    6.88  |      688  |    36000     |      20    |   54795 
   LCdata_transit02_lc_model_b_Tc |    6.07  |      607  |    31500     |      30    |   42242 
   LCdata_transit03_jitter_0      |    6.63  |      663  |    40500     |      14    |   56791 
   LCdata_transit03_lc_model_b_Tc |    6.38  |      638  |    36000     |      22    |   49800 
   LCdata_transit04_jitter_0      |    7.01  |      701  |    36000     |      20    |   56073 
   LCdata_transit04_lc_model_b_Tc |    6.37  |      637  |    33000     |      27    |   46731 
   LCdata_transit05_jitter_0      |    6.67  |      667  |    39000     |      16    |   55739 
   LCdata_transit05_lc_model_b_Tc |    6.21  |      621  |    36000     |      23    |   48067 
   b_P                            |    6.17  |      617  |    33000     |      28    |   44706 
   b_b                            |   15.55  |     1555  |    48000     |       1    |  153537 
   b_R_Rs                         |   13.68  |     1368  |    49500     |       0    |  136256 
   star_parameters_density        |   14.12  |     1412  |    48000     |       1    |  139196 
   limb_darkening_ld_c2           |    6.73  |      673  |    40500     |      14    |   57847 
   limb_darkening_ld_c1           |    5.80  |      580  |    36000     |      24    |   43958 

All the chains have converged, but PyORBIT should keep running for about:
27369 more steps to reach 50*ACF,
65987 more steps to reach 100*ACF
Suggested value for burnin: 38750

 Plotting the ACF... 


====================================================================================================
     Ids, spaces (s), boundaries (b) and priors (p) of the sampler parameters     
====================================================================================================

----- dataset:  LCdata_transit00
jitter_0      id:   6  s:Linear      b:[      0.0000,       0.0500]   p:Uniform   []

----- dataset: LCdata_transit00          ----- model: lc_model_b                    
Tc            id:   7  s:Linear      b:[      1.9200,       2.4186]   p:Uniform   [0. 0.]

----- dataset:  LCdata_transit01
jitter_0      id:   8  s:Linear      b:[      0.0000,       0.0500]   p:Uniform   []

----- dataset: LCdata_transit01          ----- model: lc_model_b                    
Tc            id:   9  s:Linear      b:[      6.0792,       6.5778]   p:Uniform   [0. 0.]

----- dataset:  LCdata_transit02
jitter_0      id:  10  s:Linear      b:[      0.0000,       0.0500]   p:Uniform   []

----- dataset: LCdata_transit02          ----- model: lc_model_b                    
Tc            id:  11  s:Linear      b:[     10.2383,      10.7369]   p:Uniform   [0. 0.]

----- dataset:  LCdata_transit03
jitter_0      id:  12  s:Linear      b:[      0.0000,       0.0500]   p:Uniform   []

----- dataset: LCdata_transit03          ----- model: lc_model_b                    
Tc            id:  13  s:Linear      b:[     14.3975,      14.8961]   p:Uniform   [0. 0.]

----- dataset:  LCdata_transit04
jitter_0      id:  14  s:Linear      b:[      0.0000,       0.0500]   p:Uniform   []

----- dataset: LCdata_transit04          ----- model: lc_model_b                    
Tc            id:  15  s:Linear      b:[     18.5566,      19.0552]   p:Uniform   [0. 0.]

----- dataset:  LCdata_transit05
jitter_0      id:  16  s:Linear      b:[      0.0000,       0.0500]   p:Uniform   []

----- dataset: LCdata_transit05          ----- model: lc_model_b                    
Tc            id:  17  s:Linear      b:[     22.7158,      23.2144]   p:Uniform   [0. 0.]

----- common model:  b
P             id:   0  s:Linear      b:[      4.1550,       4.1650]   p:Gaussian   [4.159151e+00 2.000000e-05]
b             id:   1  s:Linear      b:[      0.0000,       2.0000]   p:Uniform   []
R_Rs          id:   2  s:Linear      b:[      0.0000,       0.5000]   p:Uniform   []
omega         derived (no id, space, bound)                           p:None   []
e             derived (no id, space, bound)                           p:None   []

----- common model:  star_parameters
density       id:   5  s:Linear      b:[      0.0000,       5.0000]   p:Gaussian   [0.7 0.1]
mass          derived (no id, space, bound)                           p:Gaussian   [1.05 0.04]
radius        derived (no id, space, bound)                           p:Gaussian   [1.15 0.04]

----- common model:  limb_darkening
ld_c2         id:   3  s:Linear      b:[     -1.0000,       1.0000]   p:Gaussian   [0.1  0.05]
ld_c1         id:   4  s:Linear      b:[      0.0000,       1.0000]   p:Gaussian   [0.5  0.05]


****************************************************************************************************
****************************************************************************************************

 Confidence intervals (median value, 34.135th percentile from the median on the left and right side)

====================================================================================================
     Statistics on the posterior of the sampler parameters     
====================================================================================================

----- dataset:  LCdata_transit00
jitter_0         6      0.000126    -0.000076     0.000067   (15-84 p)   [    0.0000,     0.0500]

----- dataset: LCdata_transit00          ----- model: lc_model_b                    
Tc               7       2.17009     -0.00018      0.00018   (15-84 p)   [    1.9200,     2.4186]

----- dataset:  LCdata_transit01
jitter_0         8      0.000135    -0.000076     0.000063   (15-84 p)   [    0.0000,     0.0500]

----- dataset: LCdata_transit01          ----- model: lc_model_b                    
Tc               9       6.32986     -0.00018      0.00018   (15-84 p)   [    6.0792,     6.5778]

----- dataset:  LCdata_transit02
jitter_0        10      0.000084    -0.000055     0.000063   (15-84 p)   [    0.0000,     0.0500]

----- dataset: LCdata_transit02          ----- model: lc_model_b                    
Tc              11      10.48920     -0.00018      0.00018   (15-84 p)   [   10.2383,    10.7369]

----- dataset:  LCdata_transit03
jitter_0        12      0.000089    -0.000057     0.000067   (15-84 p)   [    0.0000,     0.0500]

----- dataset: LCdata_transit03          ----- model: lc_model_b                    
Tc              13      14.64770     -0.00018      0.00018   (15-84 p)   [   14.3975,    14.8961]

----- dataset:  LCdata_transit04
jitter_0        14      0.000102    -0.000063     0.000070   (15-84 p)   [    0.0000,     0.0500]

----- dataset: LCdata_transit04          ----- model: lc_model_b                    
Tc              15      18.80613     -0.00018      0.00018   (15-84 p)   [   18.5566,    19.0552]

----- dataset:  LCdata_transit05
jitter_0        16      0.000086    -0.000055     0.000064   (15-84 p)   [    0.0000,     0.0500]

----- dataset: LCdata_transit05          ----- model: lc_model_b                    
Tc              17      22.96484     -0.00018      0.00018   (15-84 p)   [   22.7158,    23.2144]

----- common model:  b
P                0      4.159151    -0.000020     0.000020   (15-84 p)   [    4.1550,     4.1650]
b                1         0.161        -0.10        0.077   (15-84 p)   [    0.0000,     2.0000]
R_Rs             2       0.10007     -0.00038      0.00051   (15-84 p)   [    0.0000,     0.5000]

----- common model:  star_parameters
density          5         0.710       -0.031        0.022   (15-84 p)   [    0.0000,     5.0000]

----- common model:  limb_darkening
ld_c2            3         0.131       -0.040        0.039   (15-84 p)   [   -1.0000,     1.0000]
ld_c1            4         0.471       -0.020        0.021   (15-84 p)   [    0.0000,     1.0000]

====================================================================================================
     Statistics on the model parameters obtained from the posteriors samples     
====================================================================================================

----- dataset:  LCdata_transit00
jitter_0              0.000126    -0.000076     0.000067    (15-84 p)


----- dataset: LCdata_transit00          ----- model: lc_model_b                    
Tc                     2.17009     -0.00018      0.00018    (15-84 p)

----- dataset:  LCdata_transit01
jitter_0              0.000135    -0.000076     0.000063    (15-84 p)


----- dataset: LCdata_transit01          ----- model: lc_model_b                    
Tc                     6.32986     -0.00018      0.00018    (15-84 p)

----- dataset:  LCdata_transit02
jitter_0              0.000084    -0.000055     0.000063    (15-84 p)


----- dataset: LCdata_transit02          ----- model: lc_model_b                    
Tc                    10.48920     -0.00018      0.00018    (15-84 p)

----- dataset:  LCdata_transit03
jitter_0              0.000089    -0.000057     0.000067    (15-84 p)


----- dataset: LCdata_transit03          ----- model: lc_model_b                    
Tc                    14.64770     -0.00018      0.00018    (15-84 p)

----- dataset:  LCdata_transit04
jitter_0              0.000102    -0.000063     0.000070    (15-84 p)


----- dataset: LCdata_transit04          ----- model: lc_model_b                    
Tc                    18.80613     -0.00018      0.00018    (15-84 p)

----- dataset:  LCdata_transit05
jitter_0              0.000086    -0.000055     0.000064    (15-84 p)


----- dataset: LCdata_transit05          ----- model: lc_model_b                    
Tc                    22.96484     -0.00018      0.00018    (15-84 p)

----- common model:  b
P                     4.159151    -0.000020     0.000020    (15-84 p)
omega                90.000000                              [fixed]
b                        0.161        -0.10        0.077    (15-84 p)
R_Rs                   0.10007     -0.00038      0.00051    (15-84 p)
e                         0.00                              [fixed]

----- common model:  star_parameters
density                  0.710       -0.031        0.022    (15-84 p)

----- common model:  limb_darkening
ld_c2                    0.131       -0.040        0.039    (15-84 p)
ld_c1                    0.471       -0.020        0.021    (15-84 p)

====================================================================================================
     Statistics on the derived parameters obtained from the posteriors samples     
====================================================================================================

----- common model:  b
a_Rs                     9.705        -0.14        0.099    (15-84 p)
i                        89.05        -0.47         0.59    (15-84 p)
R_Rj                     1.121       -0.039        0.039    (15-84 p)
R_Re                     12.57        -0.44         0.44    (15-84 p)
T_41                   0.14879     -0.00036      0.00041    (15-84 p)
T_32                   0.12093     -0.00073      0.00053    (15-84 p)
a_AU_(rho,R)            0.0518      -0.0019       0.0019    (15-84 p)


====================================================================================================
     ------------------------------------------------------------------------------------------     
====================================================================================================



****************************************************************************************************

 Parameters corresponding to the Maximum a Posteriori probability ( 13347.283323522608 )

====================================================================================================
     Statistics on the posterior of the sampler parameters     
====================================================================================================

----- dataset:  LCdata_transit00
jitter_0         6      0.000144 [    0.0000,     0.0500]

----- dataset: LCdata_transit00          ----- model: lc_model_b                    
Tc               7      2.170007 [    1.9200,     2.4186]

----- dataset:  LCdata_transit01
jitter_0         8      0.000099 [    0.0000,     0.0500]

----- dataset: LCdata_transit01          ----- model: lc_model_b                    
Tc               9      6.329739 [    6.0792,     6.5778]

----- dataset:  LCdata_transit02
jitter_0        10      0.000052 [    0.0000,     0.0500]

----- dataset: LCdata_transit02          ----- model: lc_model_b                    
Tc              11     10.489295 [   10.2383,    10.7369]

----- dataset:  LCdata_transit03
jitter_0        12      0.000058 [    0.0000,     0.0500]

----- dataset: LCdata_transit03          ----- model: lc_model_b                    
Tc              13     14.647641 [   14.3975,    14.8961]

----- dataset:  LCdata_transit04
jitter_0        14      0.000024 [    0.0000,     0.0500]

----- dataset: LCdata_transit04          ----- model: lc_model_b                    
Tc              15     18.806149 [   18.5566,    19.0552]

----- dataset:  LCdata_transit05
jitter_0        16      0.000078 [    0.0000,     0.0500]

----- dataset: LCdata_transit05          ----- model: lc_model_b                    
Tc              17     22.964816 [   22.7158,    23.2144]

----- common model:  b
P                0      4.159135 [    4.1550,     4.1650]
b                1      0.173688 [    0.0000,     2.0000]
R_Rs             2      0.100144 [    0.0000,     0.5000]

----- common model:  star_parameters
density          5      0.707454 [    0.0000,     5.0000]

----- common model:  limb_darkening
ld_c2            3      0.123564 [   -1.0000,     1.0000]
ld_c1            4      0.473903 [    0.0000,     1.0000]

====================================================================================================
     Statistics on the model parameters obtained from the posteriors samples     
====================================================================================================

----- dataset:  LCdata_transit00
jitter_0              0.000144 


----- dataset: LCdata_transit00          ----- model: lc_model_b                    
Tc                    2.170007 

----- dataset:  LCdata_transit01
jitter_0              0.000099 


----- dataset: LCdata_transit01          ----- model: lc_model_b                    
Tc                    6.329739 

----- dataset:  LCdata_transit02
jitter_0              0.000052 


----- dataset: LCdata_transit02          ----- model: lc_model_b                    
Tc                   10.489295 

----- dataset:  LCdata_transit03
jitter_0              0.000058 


----- dataset: LCdata_transit03          ----- model: lc_model_b                    
Tc                   14.647641 

----- dataset:  LCdata_transit04
jitter_0              0.000024 


----- dataset: LCdata_transit04          ----- model: lc_model_b                    
Tc                   18.806149 

----- dataset:  LCdata_transit05
jitter_0              0.000078 


----- dataset: LCdata_transit05          ----- model: lc_model_b                    
Tc                   22.964816 

----- common model:  b
P                     4.159135 
omega                90.000000 
b                     0.173688 
R_Rs                  0.100144 
e                         0.00 

----- common model:  star_parameters
density               0.707454 

----- common model:  limb_darkening
ld_c2                 0.123564 
ld_c1                 0.473903 

====================================================================================================
     Statistics on the derived parameters obtained from the posteriors samples     
====================================================================================================

----- common model:  b
a_Rs                  9.693578 
i                    88.973329 
R_Rj                  1.134934 
R_Re                 12.721381 
T_41                  0.148703 
T_32                  0.120773 
a_AU_(rho,R)          0.052501 


====================================================================================================
     ------------------------------------------------------------------------------------------     
====================================================================================================



****************************************************************************************************

 Parameters corresponding to the sample closest to the median values ( 13345.061704593714 )

====================================================================================================
     Statistics on the posterior of the sampler parameters     
====================================================================================================

----- dataset:  LCdata_transit00
jitter_0         6      0.000147 [    0.0000,     0.0500]

----- dataset: LCdata_transit00          ----- model: lc_model_b                    
Tc               7      2.169935 [    1.9200,     2.4186]

----- dataset:  LCdata_transit01
jitter_0         8      0.000153 [    0.0000,     0.0500]

----- dataset: LCdata_transit01          ----- model: lc_model_b                    
Tc               9      6.330001 [    6.0792,     6.5778]

----- dataset:  LCdata_transit02
jitter_0        10      0.000107 [    0.0000,     0.0500]

----- dataset: LCdata_transit02          ----- model: lc_model_b                    
Tc              11     10.489289 [   10.2383,    10.7369]

----- dataset:  LCdata_transit03
jitter_0        12      0.000092 [    0.0000,     0.0500]

----- dataset: LCdata_transit03          ----- model: lc_model_b                    
Tc              13     14.647783 [   14.3975,    14.8961]

----- dataset:  LCdata_transit04
jitter_0        14      0.000093 [    0.0000,     0.0500]

----- dataset: LCdata_transit04          ----- model: lc_model_b                    
Tc              15     18.806180 [   18.5566,    19.0552]

----- dataset:  LCdata_transit05
jitter_0        16      0.000089 [    0.0000,     0.0500]

----- dataset: LCdata_transit05          ----- model: lc_model_b                    
Tc              17     22.964820 [   22.7158,    23.2144]

----- common model:  b
P                0      4.159165 [    4.1550,     4.1650]
b                1      0.158999 [    0.0000,     2.0000]
R_Rs             2      0.099850 [    0.0000,     0.5000]

----- common model:  star_parameters
density          5      0.706853 [    0.0000,     5.0000]

----- common model:  limb_darkening
ld_c2            3      0.136043 [   -1.0000,     1.0000]
ld_c1            4      0.491180 [    0.0000,     1.0000]

====================================================================================================
     Statistics on the model parameters obtained from the posteriors samples     
====================================================================================================

----- dataset:  LCdata_transit00
jitter_0              0.000147 


----- dataset: LCdata_transit00          ----- model: lc_model_b                    
Tc                    2.169935 

----- dataset:  LCdata_transit01
jitter_0              0.000153 


----- dataset: LCdata_transit01          ----- model: lc_model_b                    
Tc                    6.330001 

----- dataset:  LCdata_transit02
jitter_0              0.000107 


----- dataset: LCdata_transit02          ----- model: lc_model_b                    
Tc                   10.489289 

----- dataset:  LCdata_transit03
jitter_0              0.000092 


----- dataset: LCdata_transit03          ----- model: lc_model_b                    
Tc                   14.647783 

----- dataset:  LCdata_transit04
jitter_0              0.000093 


----- dataset: LCdata_transit04          ----- model: lc_model_b                    
Tc                   18.806180 

----- dataset:  LCdata_transit05
jitter_0              0.000089 


----- dataset: LCdata_transit05          ----- model: lc_model_b                    
Tc                   22.964820 

----- common model:  b
P                     4.159165 
omega                90.000000 
b                     0.158999 
R_Rs                  0.099850 
e                         0.00 

----- common model:  star_parameters
density               0.706853 

----- common model:  limb_darkening
ld_c2                 0.136043 
ld_c1                 0.491180 

====================================================================================================
     Statistics on the derived parameters obtained from the posteriors samples     
====================================================================================================

----- common model:  b
a_Rs                  9.690878 
i                    89.059900 
R_Rj                  1.147998 
R_Re                 12.867812 
T_41                  0.149010 
T_32                  0.121224 
a_AU_(rho,R)          0.053246 


====================================================================================================
     ------------------------------------------------------------------------------------------     
====================================================================================================



****************************************************************************************************

Note: priors on stellar mass and radius provided independently from the measured density, no check for consistency is performed

 Plot FLAT chain 

****************************************************************************************************

Plotting full_correlation plot with pygtc

****************************************************************************************************

 Plotting the chains... 

****************************************************************************************************

 Plotting the Gelman-Rubin traces... 

     Gelman-Rubin:     6     1.008512 LCdata_transit00_jitter_0 
     Gelman-Rubin:     7     1.004233 LCdata_transit00_lc_model_b_Tc 
     Gelman-Rubin:     8     1.007130 LCdata_transit01_jitter_0 
     Gelman-Rubin:     9     1.004378 LCdata_transit01_lc_model_b_Tc 
     Gelman-Rubin:    10     1.006801 LCdata_transit02_jitter_0 
     Gelman-Rubin:    11     1.005996 LCdata_transit02_lc_model_b_Tc 
     Gelman-Rubin:    12     1.006717 LCdata_transit03_jitter_0 
     Gelman-Rubin:    13     1.007731 LCdata_transit03_lc_model_b_Tc 
     Gelman-Rubin:    14     1.006247 LCdata_transit04_jitter_0 
     Gelman-Rubin:    15     1.006118 LCdata_transit04_lc_model_b_Tc 
     Gelman-Rubin:    16     1.007738 LCdata_transit05_jitter_0 
     Gelman-Rubin:    17     1.006630 LCdata_transit05_lc_model_b_Tc 
     Gelman-Rubin:     0     1.007886 b_P 
     Gelman-Rubin:     1     1.024853 b_b 
     Gelman-Rubin:     2     1.019671 b_R_Rs 
     Gelman-Rubin:     5     1.024191 star_parameters_density 
     Gelman-Rubin:     3     1.010691 limb_darkening_ld_c2 
     Gelman-Rubin:     4     1.006223 limb_darkening_ld_c1 

****************************************************************************************************

 Plotting the common models corner plots
     Common model:  b
     Common model:  star_parameters
     Common model:  limb_darkening

****************************************************************************************************

 Dataset + models corner plots 

     Dataset:  LCdata_transit00     model:  lc_model_b  corner plot  starting 
     Dataset:  LCdata_transit00     model:  lc_model_b  corner plot  done 
     Dataset:  LCdata_transit01     model:  lc_model_b  corner plot  starting 
     Dataset:  LCdata_transit01     model:  lc_model_b  corner plot  done 
     Dataset:  LCdata_transit02     model:  lc_model_b  corner plot  starting 
     Dataset:  LCdata_transit02     model:  lc_model_b  corner plot  done 
     Dataset:  LCdata_transit03     model:  lc_model_b  corner plot  starting 
     Dataset:  LCdata_transit03     model:  lc_model_b  corner plot  done 
     Dataset:  LCdata_transit04     model:  lc_model_b  corner plot  starting 
     Dataset:  LCdata_transit04     model:  lc_model_b  corner plot  done 
     Dataset:  LCdata_transit05     model:  lc_model_b  corner plot  starting 
     Dataset:  LCdata_transit05     model:  lc_model_b  corner plot  done 

****************************************************************************************************

 Saving the planet parameter samplings to files (with plots)

****************************************************************************************************

 Saving all the parameter samplings to files (with plots)

****************************************************************************************************

 Computing the models for plot/data writing 
 Writing the plots 
 Writing the   data files 
 Writing the  MAP_ data files 
 Writing the  sampleMED_ data files 

****************************************************************************************************

