
PyORBIT v10.6.0

Python version in use:
3.10.14 (main, May  6 2024, 19:42:50) [GCC 11.2.0]
 LaTeX disabled by default
Using orbital model:  circular
Using orbital parametrization:  Eastman2013
Time of inferior conjunction replacing mean longitude as a free parameter:  True
Dataset flag of times of inferior conjuctions:  id_transit_b

Using orbital model:  circular
Using orbital parametrization:  Eastman2013
Time of inferior conjunction replacing mean longitude as a free parameter:  True
Dataset flag of times of inferior conjuctions:  id_transit_c

Using limb darkening coefficient parametrization:  Standard
Using RoadRunner Model from PyTransit
Using RoadRunner Model from PyTransit
Using RoadRunner Model from PyTransit
Using RoadRunner Model from PyTransit

emcee version:  3.1.6

 Reference Time Tref: 0.0

 Dimensions = 28
 Nwalkers = 112

 Steps: 50000


 LN posterior: 194072.588633      -3.888460     3.353861 (15-84 p) 

 Median log_priors     = 43.13934782187746
 Median log_likelihood = 194042.29694029776

 Median BIC  (using likelihood) = -387794.67859864276
 Median AIC  (using likelihood) = -388028.5938805955
 Median AICc (using likelihood) = -388028.5420899268

 Median BIC  (using posterior)  = -387880.9572942865
 Median AIC  (using posterior)  = -388114.8725762393
 Median AICc (using posterior)  = -388114.82078557054

 MAP log_priors     = 42.82219298834034
 MAP log_likelihood = 194040.60536545247

 MAP BIC  (using likelihood) = -387791.2954489522
 MAP AIC  (using likelihood) = -388025.21073090495
 MAP AICc (using likelihood) = -388025.1589402362

 MAP BIC  (using posterior)  = -387876.93983492884
 MAP AIC  (using posterior)  = -388110.8551168816
 MAP AICc (using posterior)  = -388110.80332621286

 AIC suggested over AICs because NDATA ( 31386 ) > 40 * NDIM ( 28 )

****************************************************************************************************


Computing the autocorrelation time of the chains

***** WARNING ******
The integrated autocorrelation time cannot be reliably estimated
likely the chains are too short, and ACF analysis is not fully reliable
emcee.autocorr.integrated_time tolerance lowered to 20
If you still get a warning, you should drop these results entirely

Reference thinning used in the analysis: 100
Step length used in the analysis: 17*nthin = 1700

Convergence criteria: less than 1% variation in ACF after 20 times the integrated ACF
At least 50*ACF after convergence, 100*ACF would be ideal
Negative values: not converged yet

   sampler parameter              |    ACF   | ACF*nthin | converged at | nsteps/ACF | to 100*ACF
                                  |          |           |              |            | 
   LCdata_inst00_jitter_0         |    8.50  |      850  |    45900     |       5    |   80914 
   LCdata_inst00_lc_model_inst00_b_Tc_0 |    7.24  |      724  |    25500     |      34    |   47884 
   LCdata_inst00_lc_model_inst00_b_Tc_1 |    7.68  |      768  |    45900     |       5    |   72698 
   LCdata_inst00_lc_model_inst00_b_Tc_2 |    7.93  |      793  |    42500     |       9    |   71789 
   LCdata_inst00_lc_model_inst00_b_Tc_3 |    7.86  |      786  |       -1     |      -1    |   79423 
   LCdata_inst00_lc_model_inst00_b_Tc_4 |    7.22  |      722  |    34000     |      22    |   56249 
   LCdata_inst00_lc_model_inst00_b_Tc_5 |    7.78  |      778  |    49300     |       1    |   77134 
   LCdata_inst00_lc_model_inst00_c_Tc_0 |    7.82  |      782  |    44200     |       7    |   72371 
   LCdata_inst00_lc_model_inst00_c_Tc_1 |    7.69  |      769  |    45900     |       5    |   72785 
   LCdata_inst00_lc_model_inst00_c_Tc_2 |    7.16  |      716  |    39100     |      15    |   60694 
   LCdata_inst01_jitter_0         |    7.57  |      757  |    37400     |      17    |   63095 
   LCdata_inst01_lc_model_inst01_b_Tc_3 |    7.87  |      787  |       -1     |      -1    |   79487 
   LCdata_inst01_lc_model_inst01_b_Tc_4 |    7.54  |      754  |    39100     |      14    |   64546 
   LCdata_inst01_lc_model_inst01_b_Tc_5 |    7.44  |      744  |    40800     |      12    |   65215 
   LCdata_inst01_lc_model_inst01_b_Tc_6 |    7.45  |      745  |    42500     |      10    |   66974 
   LCdata_inst01_lc_model_inst01_b_Tc_7 |    7.52  |      752  |    32300     |      24    |   57489 
   LCdata_inst01_lc_model_inst01_b_Tc_8 |    7.76  |      776  |    37400     |      16    |   64975 
   LCdata_inst01_lc_model_inst01_c_Tc_2 |    7.37  |      737  |    34000     |      22    |   57690 
   LCdata_inst01_lc_model_inst01_c_Tc_3 |    7.98  |      798  |    35700     |      18    |   65498 
   b_P                            |    7.30  |      730  |    39100     |      15    |   62113 
   b_R_Rs                         |   15.49  |     1549  |    49300     |       0    |  154208 
   b_b                            |   17.75  |     1775  |    49300     |       0    |  176827 
   c_P                            |    7.63  |      763  |    37400     |      17    |   63664 
   c_R_Rs                         |   10.45  |     1045  |    45900     |       4    |  100370 
   c_b                            |   16.22  |     1622  |    49300     |       0    |  161523 
   star_parameters_density        |   16.45  |     1645  |    49300     |       0    |  163781 
   limb_darkening_ld_c1           |    7.62  |      762  |    45900     |       5    |   72114 
   limb_darkening_ld_c2           |    8.37  |      837  |    44200     |       7    |   77899 

     2 chains have not converged yet, keep going 

 Plotting the ACF... 


====================================================================================================
     Ids, spaces (s), boundaries (b) and priors (p) of the sampler parameters     
====================================================================================================

----- dataset:  LCdata_inst00
jitter_0      id:   9  s:Linear      b:[      0.0000,       0.0500]   p:Uniform   []

----- dataset: LCdata_inst00             ----- model: lc_model_inst00_b             
Tc_0          id:  10  s:Linear      b:[      1.9214,       2.4200]   p:Uniform   []
Tc_1          id:  11  s:Linear      b:[      6.0797,       6.5783]   p:Uniform   []
Tc_2          id:  12  s:Linear      b:[     10.2394,      10.7381]   p:Uniform   []
Tc_3          id:  13  s:Linear      b:[     14.3978,      14.8964]   p:Uniform   []
Tc_4          id:  14  s:Linear      b:[     18.5575,      19.0561]   p:Uniform   []
Tc_5          id:  15  s:Linear      b:[     22.7158,      23.2144]   p:Uniform   []

----- dataset: LCdata_inst00             ----- model: lc_model_inst00_c             
Tc_0          id:  16  s:Linear      b:[      1.7214,       2.2200]   p:Uniform   []
Tc_1          id:  17  s:Linear      b:[     10.7506,      11.2492]   p:Uniform   []
Tc_2          id:  18  s:Linear      b:[     19.7811,      20.2797]   p:Uniform   []

----- dataset:  LCdata_inst01
jitter_0      id:  19  s:Linear      b:[      0.0000,       0.0500]   p:Uniform   []

----- dataset: LCdata_inst01             ----- model: lc_model_inst01_b             
Tc_3          id:  20  s:Linear      b:[     14.3988,      14.8975]   p:Uniform   []
Tc_4          id:  21  s:Linear      b:[     18.5572,      19.0558]   p:Uniform   []
Tc_5          id:  22  s:Linear      b:[     22.7169,      23.2155]   p:Uniform   []
Tc_6          id:  23  s:Linear      b:[     26.8752,      27.3738]   p:Uniform   []
Tc_7          id:  24  s:Linear      b:[     31.0350,      31.5336]   p:Uniform   []
Tc_8          id:  25  s:Linear      b:[     35.1933,      35.6919]   p:Uniform   []

----- dataset: LCdata_inst01             ----- model: lc_model_inst01_c             
Tc_2          id:  26  s:Linear      b:[     19.7822,      20.2808]   p:Uniform   []
Tc_3          id:  27  s:Linear      b:[     28.8127,      29.3113]   p:Uniform   []

----- common model:  b
P             id:   0  s:Linear      b:[      4.1550,       4.1650]   p:Gaussian   [4.159151e+00 2.000000e-05]
R_Rs          id:   1  s:Linear      b:[      0.0000,       0.5000]   p:Uniform   []
b             id:   2  s:Linear      b:[      0.0000,       2.0000]   p:Uniform   []
e             derived (no id, space, bound)                           p:None   []
omega         derived (no id, space, bound)                           p:None   []

----- common model:  c
P             id:   6  s:Linear      b:[      9.0200,       9.0400]   p:Gaussian   [9.030501e+00 2.000000e-05]
R_Rs          id:   7  s:Linear      b:[      0.0000,       0.5000]   p:Uniform   []
b             id:   8  s:Linear      b:[      0.0000,       2.0000]   p:Uniform   []
e             derived (no id, space, bound)                           p:None   []
omega         derived (no id, space, bound)                           p:None   []

----- common model:  star_parameters
density       id:   5  s:Linear      b:[      0.0000,       5.0000]   p:Gaussian   [0.7 0.1]
mass          derived (no id, space, bound)                           p:Gaussian   [1.05 0.04]
radius        derived (no id, space, bound)                           p:Gaussian   [1.15 0.04]

----- common model:  limb_darkening
ld_c1         id:   3  s:Linear      b:[      0.0000,       1.0000]   p:Gaussian   [0.5  0.05]
ld_c2         id:   4  s:Linear      b:[     -1.0000,       1.0000]   p:Gaussian   [0.1  0.05]


****************************************************************************************************
****************************************************************************************************

 Confidence intervals (median value, 34.135th percentile from the median on the left and right side)

====================================================================================================
     Statistics on the posterior of the sampler parameters     
====================================================================================================

----- dataset:  LCdata_inst00
jitter_0         9      0.000030    -0.000018     0.000022   (15-84 p)   [    0.0000,     0.0500]

----- dataset: LCdata_inst00             ----- model: lc_model_inst00_b             
Tc_0            10       2.16991     -0.00017      0.00017   (15-84 p)   [    1.9214,     2.4200]
Tc_1            11       6.33004     -0.00018      0.00018   (15-84 p)   [    6.0797,     6.5783]
Tc_2            12      10.48916     -0.00018      0.00017   (15-84 p)   [   10.2394,    10.7381]
Tc_3            13      14.64802     -0.00018      0.00018   (15-84 p)   [   14.3978,    14.8964]
Tc_4            14      18.80620     -0.00017      0.00017   (15-84 p)   [   18.5575,    19.0561]
Tc_5            15      22.96524     -0.00018      0.00018   (15-84 p)   [   22.7158,    23.2144]

----- dataset: LCdata_inst00             ----- model: lc_model_inst00_c             
Tc_0            16       1.96943     -0.00055      0.00056   (15-84 p)   [    1.7214,     2.2200]
Tc_1            17      11.00101     -0.00062      0.00064   (15-84 p)   [   10.7506,    11.2492]
Tc_2            18      20.03180     -0.00063      0.00062   (15-84 p)   [   19.7811,    20.2797]

----- dataset:  LCdata_inst01
jitter_0        19      0.000035    -0.000020     0.000023   (15-84 p)   [    0.0000,     0.0500]

----- dataset: LCdata_inst01             ----- model: lc_model_inst01_b             
Tc_3            20      14.64799     -0.00018      0.00017   (15-84 p)   [   14.3988,    14.8975]
Tc_4            21      18.80621     -0.00017      0.00017   (15-84 p)   [   18.5572,    19.0558]
Tc_5            22      22.96504     -0.00017      0.00017   (15-84 p)   [   22.7169,    23.2155]
Tc_6            23      27.12360     -0.00017      0.00018   (15-84 p)   [   26.8752,    27.3738]
Tc_7            24      31.28307     -0.00017      0.00017   (15-84 p)   [   31.0350,    31.5336]
Tc_8            25      35.44299     -0.00018      0.00018   (15-84 p)   [   35.1933,    35.6919]

----- dataset: LCdata_inst01             ----- model: lc_model_inst01_c             
Tc_2            26      20.03087     -0.00077      0.00078   (15-84 p)   [   19.7822,    20.2808]
Tc_3            27      29.06218     -0.00061      0.00059   (15-84 p)   [   28.8127,    29.3113]

----- common model:  b
P                0      4.159151    -0.000020     0.000020   (15-84 p)   [    4.1550,     4.1650]
R_Rs             1       0.09986     -0.00028      0.00037   (15-84 p)   [    0.0000,     0.5000]
b                2         0.138       -0.078        0.063   (15-84 p)   [    0.0000,     2.0000]

----- common model:  c
P                6      9.030501    -0.000020     0.000019   (15-84 p)   [    9.0200,     9.0400]
R_Rs             7       0.05000     -0.00025      0.00026   (15-84 p)   [    0.0000,     0.5000]
b                8         0.263       -0.031        0.037   (15-84 p)   [    0.0000,     2.0000]

----- common model:  star_parameters
density          5         0.718       -0.022        0.016   (15-84 p)   [    0.0000,     5.0000]

----- common model:  limb_darkening
ld_c1            3         0.504       -0.017        0.017   (15-84 p)   [    0.0000,     1.0000]
ld_c2            4         0.096       -0.034        0.035   (15-84 p)   [   -1.0000,     1.0000]

====================================================================================================
     Statistics on the model parameters obtained from the posteriors samples     
====================================================================================================

----- dataset:  LCdata_inst00
jitter_0              0.000030    -0.000018     0.000022    (15-84 p)


----- dataset: LCdata_inst00             ----- model: lc_model_inst00_b             
Tc_0                   2.16991     -0.00017      0.00017    (15-84 p)
Tc_1                   6.33004     -0.00018      0.00018    (15-84 p)
Tc_2                  10.48916     -0.00018      0.00017    (15-84 p)
Tc_3                  14.64802     -0.00018      0.00018    (15-84 p)
Tc_4                  18.80620     -0.00017      0.00017    (15-84 p)
Tc_5                  22.96524     -0.00018      0.00018    (15-84 p)

----- dataset: LCdata_inst00             ----- model: lc_model_inst00_c             
Tc_0                   1.96943     -0.00055      0.00056    (15-84 p)
Tc_1                  11.00101     -0.00062      0.00064    (15-84 p)
Tc_2                  20.03180     -0.00063      0.00062    (15-84 p)

----- dataset:  LCdata_inst01
jitter_0              0.000035    -0.000020     0.000023    (15-84 p)


----- dataset: LCdata_inst01             ----- model: lc_model_inst01_b             
Tc_3                  14.64799     -0.00018      0.00017    (15-84 p)
Tc_4                  18.80621     -0.00017      0.00017    (15-84 p)
Tc_5                  22.96504     -0.00017      0.00017    (15-84 p)
Tc_6                  27.12360     -0.00017      0.00018    (15-84 p)
Tc_7                  31.28307     -0.00017      0.00017    (15-84 p)
Tc_8                  35.44299     -0.00018      0.00018    (15-84 p)

----- dataset: LCdata_inst01             ----- model: lc_model_inst01_c             
Tc_2                  20.03087     -0.00077      0.00078    (15-84 p)
Tc_3                  29.06218     -0.00061      0.00059    (15-84 p)

----- common model:  b
P                     4.159151    -0.000020     0.000020    (15-84 p)
e                         0.00                              [fixed]
omega                90.000000                              [fixed]
R_Rs                   0.09986     -0.00028      0.00037    (15-84 p)
b                        0.138       -0.078        0.063    (15-84 p)

----- common model:  c
P                     9.030501    -0.000020     0.000019    (15-84 p)
e                         0.00                              [fixed]
omega                90.000000                              [fixed]
R_Rs                   0.05000     -0.00025      0.00026    (15-84 p)
b                        0.263       -0.031        0.037    (15-84 p)

----- common model:  star_parameters
density                  0.718       -0.022        0.016    (15-84 p)

----- common model:  limb_darkening
ld_c1                    0.504       -0.017        0.017    (15-84 p)
ld_c2                    0.096       -0.034        0.035    (15-84 p)

====================================================================================================
     Statistics on the derived parameters obtained from the posteriors samples     
====================================================================================================

----- common model:  b
a_Rs                     9.740       -0.099        0.070    (15-84 p)
i                        89.19        -0.38         0.46    (15-84 p)
R_Rj                     1.119       -0.039        0.039    (15-84 p)
R_Re                     12.54        -0.44         0.44    (15-84 p)
T_41                   0.14865     -0.00026      0.00029    (15-84 p)
T_32                   0.12106     -0.00051      0.00037    (15-84 p)
a_AU_(rho,R)            0.0521      -0.0019       0.0019    (15-84 p)

----- common model:  c
a_Rs                     16.33        -0.17         0.12    (15-84 p)
i                        89.08        -0.14         0.12    (15-84 p)
R_Rj                     0.560       -0.020        0.020    (15-84 p)
R_Re                      6.28        -0.22         0.22    (15-84 p)
T_41                   0.17910     -0.00061      0.00061    (15-84 p)
T_32                   0.16078     -0.00076      0.00075    (15-84 p)
a_AU_(rho,R)            0.0873      -0.0031       0.0031    (15-84 p)


====================================================================================================
     ------------------------------------------------------------------------------------------     
====================================================================================================



****************************************************************************************************

 Parameters corresponding to the Maximum a Posteriori probability ( 194083.4275584408 )

====================================================================================================
     Statistics on the posterior of the sampler parameters     
====================================================================================================

----- dataset:  LCdata_inst00
jitter_0         9      0.000027 [    0.0000,     0.0500]

----- dataset: LCdata_inst00             ----- model: lc_model_inst00_b             
Tc_0            10      2.169913 [    1.9214,     2.4200]
Tc_1            11      6.329926 [    6.0797,     6.5783]
Tc_2            12     10.489030 [   10.2394,    10.7381]
Tc_3            13     14.647965 [   14.3978,    14.8964]
Tc_4            14     18.806277 [   18.5575,    19.0561]
Tc_5            15     22.965128 [   22.7158,    23.2144]

----- dataset: LCdata_inst00             ----- model: lc_model_inst00_c             
Tc_0            16      1.969542 [    1.7214,     2.2200]
Tc_1            17     11.000874 [   10.7506,    11.2492]
Tc_2            18     20.031666 [   19.7811,    20.2797]

----- dataset:  LCdata_inst01
jitter_0        19      0.000023 [    0.0000,     0.0500]

----- dataset: LCdata_inst01             ----- model: lc_model_inst01_b             
Tc_3            20     14.648014 [   14.3988,    14.8975]
Tc_4            21     18.806252 [   18.5572,    19.0558]
Tc_5            22     22.965074 [   22.7169,    23.2155]
Tc_6            23     27.123661 [   26.8752,    27.3738]
Tc_7            24     31.283135 [   31.0350,    31.5336]
Tc_8            25     35.443024 [   35.1933,    35.6919]

----- dataset: LCdata_inst01             ----- model: lc_model_inst01_c             
Tc_2            26     20.030924 [   19.7822,    20.2808]
Tc_3            27     29.061869 [   28.8127,    29.3113]

----- common model:  b
P                0      4.159145 [    4.1550,     4.1650]
R_Rs             1      0.099958 [    0.0000,     0.5000]
b                2      0.181991 [    0.0000,     2.0000]

----- common model:  c
P                6      9.030516 [    9.0200,     9.0400]
R_Rs             7      0.050209 [    0.0000,     0.5000]
b                8      0.287133 [    0.0000,     2.0000]

----- common model:  star_parameters
density          5      0.702211 [    0.0000,     5.0000]

----- common model:  limb_darkening
ld_c1            3      0.502826 [    0.0000,     1.0000]
ld_c2            4      0.101302 [   -1.0000,     1.0000]

====================================================================================================
     Statistics on the model parameters obtained from the posteriors samples     
====================================================================================================

----- dataset:  LCdata_inst00
jitter_0              0.000027 


----- dataset: LCdata_inst00             ----- model: lc_model_inst00_b             
Tc_0                  2.169913 
Tc_1                  6.329926 
Tc_2                 10.489030 
Tc_3                 14.647965 
Tc_4                 18.806277 
Tc_5                 22.965128 

----- dataset: LCdata_inst00             ----- model: lc_model_inst00_c             
Tc_0                  1.969542 
Tc_1                 11.000874 
Tc_2                 20.031666 

----- dataset:  LCdata_inst01
jitter_0              0.000023 


----- dataset: LCdata_inst01             ----- model: lc_model_inst01_b             
Tc_3                 14.648014 
Tc_4                 18.806252 
Tc_5                 22.965074 
Tc_6                 27.123661 
Tc_7                 31.283135 
Tc_8                 35.443024 

----- dataset: LCdata_inst01             ----- model: lc_model_inst01_c             
Tc_2                 20.030924 
Tc_3                 29.061869 

----- common model:  b
P                     4.159145 
e                         0.00 
omega                90.000000 
R_Rs                  0.099958 
b                     0.181991 

----- common model:  c
P                     9.030516 
e                         0.00 
omega                90.000000 
R_Rs                  0.050209 
b                     0.287133 

----- common model:  star_parameters
density               0.702211 

----- common model:  limb_darkening
ld_c1                 0.502826 
ld_c2                 0.101302 

====================================================================================================
     Statistics on the derived parameters obtained from the posteriors samples     
====================================================================================================

----- common model:  b
a_Rs                  9.669587 
i                    88.921575 
R_Rj                  1.118895 
R_Re                 12.541596 
T_41                  0.148863 
T_32                  0.120872 
a_AU_(rho,R)          0.051726 

----- common model:  c
a_Rs                 16.213630 
i                    88.985275 
R_Rj                  0.593998 
R_Re                  6.658073 
T_41                  0.179241 
T_32                  0.160617 
a_AU_(rho,R)          0.091667 


====================================================================================================
     ------------------------------------------------------------------------------------------     
====================================================================================================



****************************************************************************************************

 Parameters corresponding to the sample closest to the median values ( 194080.77200639577 )

====================================================================================================
     Statistics on the posterior of the sampler parameters     
====================================================================================================

----- dataset:  LCdata_inst00
jitter_0         9      0.000027 [    0.0000,     0.0500]

----- dataset: LCdata_inst00             ----- model: lc_model_inst00_b             
Tc_0            10      2.170032 [    1.9214,     2.4200]
Tc_1            11      6.330208 [    6.0797,     6.5783]
Tc_2            12     10.489210 [   10.2394,    10.7381]
Tc_3            13     14.648047 [   14.3978,    14.8964]
Tc_4            14     18.806269 [   18.5575,    19.0561]
Tc_5            15     22.965232 [   22.7158,    23.2144]

----- dataset: LCdata_inst00             ----- model: lc_model_inst00_c             
Tc_0            16      1.969298 [    1.7214,     2.2200]
Tc_1            17     11.000716 [   10.7506,    11.2492]
Tc_2            18     20.032167 [   19.7811,    20.2797]

----- dataset:  LCdata_inst01
jitter_0        19      0.000032 [    0.0000,     0.0500]

----- dataset: LCdata_inst01             ----- model: lc_model_inst01_b             
Tc_3            20     14.648008 [   14.3988,    14.8975]
Tc_4            21     18.806218 [   18.5572,    19.0558]
Tc_5            22     22.964906 [   22.7169,    23.2155]
Tc_6            23     27.123570 [   26.8752,    27.3738]
Tc_7            24     31.283113 [   31.0350,    31.5336]
Tc_8            25     35.442862 [   35.1933,    35.6919]

----- dataset: LCdata_inst01             ----- model: lc_model_inst01_c             
Tc_2            26     20.031246 [   19.7822,    20.2808]
Tc_3            27     29.062466 [   28.8127,    29.3113]

----- common model:  b
P                0      4.159147 [    4.1550,     4.1650]
R_Rs             1      0.099738 [    0.0000,     0.5000]
b                2      0.145156 [    0.0000,     2.0000]

----- common model:  c
P                6      9.030509 [    9.0200,     9.0400]
R_Rs             7      0.049802 [    0.0000,     0.5000]
b                8      0.266894 [    0.0000,     2.0000]

----- common model:  star_parameters
density          5      0.716607 [    0.0000,     5.0000]

----- common model:  limb_darkening
ld_c1            3      0.507224 [    0.0000,     1.0000]
ld_c2            4      0.094125 [   -1.0000,     1.0000]

====================================================================================================
     Statistics on the model parameters obtained from the posteriors samples     
====================================================================================================

----- dataset:  LCdata_inst00
jitter_0              0.000027 


----- dataset: LCdata_inst00             ----- model: lc_model_inst00_b             
Tc_0                  2.170032 
Tc_1                  6.330208 
Tc_2                 10.489210 
Tc_3                 14.648047 
Tc_4                 18.806269 
Tc_5                 22.965232 

----- dataset: LCdata_inst00             ----- model: lc_model_inst00_c             
Tc_0                  1.969298 
Tc_1                 11.000716 
Tc_2                 20.032167 

----- dataset:  LCdata_inst01
jitter_0              0.000032 


----- dataset: LCdata_inst01             ----- model: lc_model_inst01_b             
Tc_3                 14.648008 
Tc_4                 18.806218 
Tc_5                 22.964906 
Tc_6                 27.123570 
Tc_7                 31.283113 
Tc_8                 35.442862 

----- dataset: LCdata_inst01             ----- model: lc_model_inst01_c             
Tc_2                 20.031246 
Tc_3                 29.062466 

----- common model:  b
P                     4.159147 
e                         0.00 
omega                90.000000 
R_Rs                  0.099738 
b                     0.145156 

----- common model:  c
P                     9.030509 
e                         0.00 
omega                90.000000 
R_Rs                  0.049802 
b                     0.266894 

----- common model:  star_parameters
density               0.716607 

----- common model:  limb_darkening
ld_c1                 0.507224 
ld_c2                 0.094125 

====================================================================================================
     Statistics on the derived parameters obtained from the posteriors samples     
====================================================================================================

----- common model:  b
a_Rs                  9.735223 
i                    89.145667 
R_Rj                  1.144994 
R_Re                 12.834148 
T_41                  0.148574 
T_32                  0.121007 
a_AU_(rho,R)          0.053410 

----- common model:  c
a_Rs                 16.323671 
i                    89.063166 
R_Rj                  0.572965 
R_Re                  6.422313 
T_41                  0.178929 
T_32                  0.160693 
a_AU_(rho,R)          0.089749 


====================================================================================================
     ------------------------------------------------------------------------------------------     
====================================================================================================



****************************************************************************************************

Note: priors on stellar mass and radius provided independently from the measured density, no check for consistency is performed

 Plot FLAT chain 

****************************************************************************************************

Plotting full_correlation plot with pygtc

****************************************************************************************************

 Plotting the chains... 

****************************************************************************************************

 Plotting the Gelman-Rubin traces... 

     Gelman-Rubin:     9     1.010033 LCdata_inst00_jitter_0 
     Gelman-Rubin:    10     1.007591 LCdata_inst00_lc_model_inst00_b_Tc_0 
     Gelman-Rubin:    11     1.006901 LCdata_inst00_lc_model_inst00_b_Tc_1 
     Gelman-Rubin:    12     1.008151 LCdata_inst00_lc_model_inst00_b_Tc_2 
     Gelman-Rubin:    13     1.008345 LCdata_inst00_lc_model_inst00_b_Tc_3 
     Gelman-Rubin:    14     1.007538 LCdata_inst00_lc_model_inst00_b_Tc_4 
     Gelman-Rubin:    15     1.007531 LCdata_inst00_lc_model_inst00_b_Tc_5 
     Gelman-Rubin:    16     1.010961 LCdata_inst00_lc_model_inst00_c_Tc_0 
     Gelman-Rubin:    17     1.008547 LCdata_inst00_lc_model_inst00_c_Tc_1 
     Gelman-Rubin:    18     1.008271 LCdata_inst00_lc_model_inst00_c_Tc_2 
     Gelman-Rubin:    19     1.006825 LCdata_inst01_jitter_0 
     Gelman-Rubin:    20     1.008264 LCdata_inst01_lc_model_inst01_b_Tc_3 
     Gelman-Rubin:    21     1.008299 LCdata_inst01_lc_model_inst01_b_Tc_4 
     Gelman-Rubin:    22     1.008360 LCdata_inst01_lc_model_inst01_b_Tc_5 
     Gelman-Rubin:    23     1.007064 LCdata_inst01_lc_model_inst01_b_Tc_6 
     Gelman-Rubin:    24     1.007179 LCdata_inst01_lc_model_inst01_b_Tc_7 
     Gelman-Rubin:    25     1.008403 LCdata_inst01_lc_model_inst01_b_Tc_8 
     Gelman-Rubin:    26     1.007544 LCdata_inst01_lc_model_inst01_c_Tc_2 
     Gelman-Rubin:    27     1.009762 LCdata_inst01_lc_model_inst01_c_Tc_3 
     Gelman-Rubin:     0     1.007349 b_P 
     Gelman-Rubin:     1     1.017869 b_R_Rs 
     Gelman-Rubin:     2     1.023708 b_b 
     Gelman-Rubin:     6     1.008679 c_P 
     Gelman-Rubin:     7     1.010846 c_R_Rs 
     Gelman-Rubin:     8     1.017404 c_b 
     Gelman-Rubin:     5     1.021048 star_parameters_density 
     Gelman-Rubin:     3     1.007057 limb_darkening_ld_c1 
     Gelman-Rubin:     4     1.008596 limb_darkening_ld_c2 

****************************************************************************************************

 Plotting the common models corner plots
     Common model:  b
     Common model:  c
     Common model:  star_parameters
     Common model:  limb_darkening

****************************************************************************************************

 Dataset + models corner plots 

     Dataset:  LCdata_inst00     model:  lc_model_inst00_b  corner plot  starting 
     Dataset:  LCdata_inst00     model:  lc_model_inst00_b  corner plot  done 
     Dataset:  LCdata_inst00     model:  lc_model_inst00_c  corner plot  starting 
     Dataset:  LCdata_inst00     model:  lc_model_inst00_c  corner plot  done 
     Dataset:  LCdata_inst01     model:  lc_model_inst01_b  corner plot  starting 
     Dataset:  LCdata_inst01     model:  lc_model_inst01_b  corner plot  done 
     Dataset:  LCdata_inst01     model:  lc_model_inst01_c  corner plot  starting 
     Dataset:  LCdata_inst01     model:  lc_model_inst01_c  corner plot  done 

****************************************************************************************************

 Saving the planet parameter samplings to files (with plots)

****************************************************************************************************

 Saving all the parameter samplings to files (with plots)

****************************************************************************************************

 Computing the models for plot/data writing 
 Writing the plots 
 Writing the   data files 
 Writing the  MAP_ data files 
 Writing the  sampleMED_ data files 

****************************************************************************************************

