
PyORBIT v10.6.0

Python version in use:
3.10.14 (main, May  6 2024, 19:42:50) [GCC 11.2.0]
 LaTeX disabled by default
Using orbital model:  circular
Using orbital parametrization:  Eastman2013
Time of inferior conjunction replacing mean longitude as a free parameter:  True
Dataset flag of times of inferior conjuctions:  id_transit_b

Using orbital model:  circular
Using orbital parametrization:  Eastman2013
Time of inferior conjunction replacing mean longitude as a free parameter:  True
Dataset flag of times of inferior conjuctions:  id_transit_c

Using limb darkening coefficient parametrization:  Standard
Using RoadRunner Model from PyTransit
Using RoadRunner Model from PyTransit

emcee version:  3.1.6

 Reference Time Tref: 0.0

 Dimensions = 19
 Nwalkers = 76

 Steps: 50000


 LN posterior: 97069.773289      -3.222099     2.613561 (15-84 p) 

 Median log_priors     = 34.54437261440311
 Median log_likelihood = 97043.73278448147

 Median BIC  (using likelihood) = -193903.9071383542
 Median AIC  (using likelihood) = -194049.46556896294
 Median AICc (using likelihood) = -194049.4170779274

 Median BIC  (using posterior)  = -193972.995883583
 Median AIC  (using posterior)  = -194118.55431419174
 Median AICc (using posterior)  = -194118.5058231562

 MAP log_priors     = 34.4662626875176
 MAP log_likelihood = 97042.57448711182

 MAP BIC  (using likelihood) = -193901.5905436149
 MAP AIC  (using likelihood) = -194047.14897422364
 MAP AICc (using likelihood) = -194047.10048318811

 MAP BIC  (using posterior)  = -193970.52306898995
 MAP AIC  (using posterior)  = -194116.0814995987
 MAP AICc (using posterior)  = -194116.03300856316

 AIC suggested over AICs because NDATA ( 15693 ) > 40 * NDIM ( 19 )

****************************************************************************************************


Computing the autocorrelation time of the chains

***** WARNING ******
The integrated autocorrelation time cannot be reliably estimated
likely the chains are too short, and ACF analysis is not fully reliable
emcee.autocorr.integrated_time tolerance lowered to 20
If you still get a warning, you should drop these results entirely

Reference thinning used in the analysis: 100
Step length used in the analysis: 10*nthin = 1000

Convergence criteria: less than 1% variation in ACF after 20 times the integrated ACF
At least 50*ACF after convergence, 100*ACF would be ideal
Negative values: not converged yet

   sampler parameter              |    ACF   | ACF*nthin | converged at | nsteps/ACF | to 100*ACF
                                  |          |           |              |            | 
   LCdata_inst00_jitter_0         |    4.76  |      476  |    22000     |      59    |   19618 
   LCdata_inst00_lc_model_b_Tc_0  |    4.42  |      442  |    24000     |      59    |   18233 
   LCdata_inst00_lc_model_b_Tc_1  |    4.53  |      453  |    31000     |      42    |   26316 
   LCdata_inst00_lc_model_b_Tc_2  |    4.36  |      436  |    25000     |      57    |   18631 
   LCdata_inst00_lc_model_b_Tc_3  |    4.33  |      433  |    20000     |      69    |   13295 
   LCdata_inst00_lc_model_b_Tc_4  |    4.24  |      424  |    21000     |      68    |   13407 
   LCdata_inst00_lc_model_b_Tc_5  |    4.28  |      428  |    21000     |      68    |   13752 
   LCdata_inst00_lc_model_c_Tc_0  |    4.32  |      432  |    29000     |      49    |   22206 
   LCdata_inst00_lc_model_c_Tc_1  |    4.39  |      439  |    18000     |      73    |   11872 
   LCdata_inst00_lc_model_c_Tc_2  |    4.50  |      450  |    20000     |      67    |   14983 
   b_P                            |    4.31  |      431  |    24000     |      60    |   17109 
   b_R_Rs                         |    8.35  |      835  |    34000     |      19    |   67483 
   b_b                            |   10.42  |     1042  |    38000     |      12    |   92193 
   c_P                            |    4.49  |      449  |    29000     |      47    |   23881 
   c_R_Rs                         |    5.79  |      579  |    32000     |      31    |   39884 
   c_b                            |    9.13  |      913  |    38000     |      13    |   79324 
   star_parameters_density        |    9.96  |      996  |    41000     |       9    |   90637 
   limb_darkening_ld_c1           |    4.53  |      453  |    23000     |      60    |   18260 
   limb_darkening_ld_c2           |    4.87  |      487  |    23000     |      55    |   21707 

All the chains have converged, but PyORBIT should keep running for about:
19620 more steps to reach 50*ACF,
32778 more steps to reach 100*ACF
Suggested value for burnin: 27000

 Plotting the ACF... 


====================================================================================================
     Ids, spaces (s), boundaries (b) and priors (p) of the sampler parameters     
====================================================================================================

----- dataset:  LCdata_inst00
jitter_0      id:   9  s:Linear      b:[      0.0000,       0.0500]   p:Uniform   []

----- dataset: LCdata_inst00             ----- model: lc_model_b                    
Tc_0          id:  10  s:Linear      b:[      1.9214,       2.4200]   p:Uniform   []
Tc_1          id:  11  s:Linear      b:[      6.0797,       6.5783]   p:Uniform   []
Tc_2          id:  12  s:Linear      b:[     10.2394,      10.7381]   p:Uniform   []
Tc_3          id:  13  s:Linear      b:[     14.3978,      14.8964]   p:Uniform   []
Tc_4          id:  14  s:Linear      b:[     18.5575,      19.0561]   p:Uniform   []
Tc_5          id:  15  s:Linear      b:[     22.7158,      23.2144]   p:Uniform   []

----- dataset: LCdata_inst00             ----- model: lc_model_c                    
Tc_0          id:  16  s:Linear      b:[      1.7214,       2.2200]   p:Uniform   []
Tc_1          id:  17  s:Linear      b:[     10.7506,      11.2492]   p:Uniform   []
Tc_2          id:  18  s:Linear      b:[     19.7811,      20.2797]   p:Uniform   []

----- common model:  b
P             id:   0  s:Linear      b:[      4.1550,       4.1650]   p:Gaussian   [4.159151e+00 2.000000e-05]
R_Rs          id:   1  s:Linear      b:[      0.0000,       0.5000]   p:Uniform   []
b             id:   2  s:Linear      b:[      0.0000,       2.0000]   p:Uniform   []
e             derived (no id, space, bound)                           p:None   []
omega         derived (no id, space, bound)                           p:None   []

----- common model:  c
P             id:   6  s:Linear      b:[      9.0200,       9.0400]   p:Gaussian   [9.030501e+00 2.000000e-05]
R_Rs          id:   7  s:Linear      b:[      0.0000,       0.5000]   p:Uniform   []
b             id:   8  s:Linear      b:[      0.0000,       2.0000]   p:Uniform   []
e             derived (no id, space, bound)                           p:None   []
omega         derived (no id, space, bound)                           p:None   []

----- common model:  star_parameters
density       id:   5  s:Linear      b:[      0.0000,       5.0000]   p:Gaussian   [0.7 0.1]
mass          derived (no id, space, bound)                           p:Gaussian   [1.05 0.04]
radius        derived (no id, space, bound)                           p:Gaussian   [1.15 0.04]

----- common model:  limb_darkening
ld_c1         id:   3  s:Linear      b:[      0.0000,       1.0000]   p:Gaussian   [0.5  0.05]
ld_c2         id:   4  s:Linear      b:[     -1.0000,       1.0000]   p:Gaussian   [0.1  0.05]


****************************************************************************************************
****************************************************************************************************

 Confidence intervals (median value, 34.135th percentile from the median on the left and right side)

====================================================================================================
     Statistics on the posterior of the sampler parameters     
====================================================================================================

----- dataset:  LCdata_inst00
jitter_0         9      0.000029    -0.000017     0.000021   (15-84 p)   [    0.0000,     0.0500]

----- dataset: LCdata_inst00             ----- model: lc_model_b                    
Tc_0            10       2.16990     -0.00017      0.00017   (15-84 p)   [    1.9214,     2.4200]
Tc_1            11       6.33004     -0.00018      0.00017   (15-84 p)   [    6.0797,     6.5783]
Tc_2            12      10.48916     -0.00017      0.00017   (15-84 p)   [   10.2394,    10.7381]
Tc_3            13      14.64802     -0.00018      0.00017   (15-84 p)   [   14.3978,    14.8964]
Tc_4            14      18.80620     -0.00017      0.00017   (15-84 p)   [   18.5575,    19.0561]
Tc_5            15      22.96523     -0.00018      0.00018   (15-84 p)   [   22.7158,    23.2144]

----- dataset: LCdata_inst00             ----- model: lc_model_c                    
Tc_0            16       1.96943     -0.00058      0.00058   (15-84 p)   [    1.7214,     2.2200]
Tc_1            17      11.00102     -0.00063      0.00065   (15-84 p)   [   10.7506,    11.2492]
Tc_2            18      20.03178     -0.00063      0.00061   (15-84 p)   [   19.7811,    20.2797]

----- common model:  b
P                0      4.159151    -0.000020     0.000021   (15-84 p)   [    4.1550,     4.1650]
R_Rs             1       0.09996     -0.00031      0.00042   (15-84 p)   [    0.0000,     0.5000]
b                2         0.126       -0.082        0.078   (15-84 p)   [    0.0000,     2.0000]

----- common model:  c
P                6      9.030501    -0.000020     0.000020   (15-84 p)   [    9.0200,     9.0400]
R_Rs             7       0.04993     -0.00030      0.00032   (15-84 p)   [    0.0000,     0.5000]
b                8         0.255       -0.033        0.044   (15-84 p)   [    0.0000,     2.0000]

----- common model:  star_parameters
density          5         0.721       -0.026        0.014   (15-84 p)   [    0.0000,     5.0000]

----- common model:  limb_darkening
ld_c1            3         0.493       -0.020        0.020   (15-84 p)   [    0.0000,     1.0000]
ld_c2            4         0.111       -0.038        0.040   (15-84 p)   [   -1.0000,     1.0000]

====================================================================================================
     Statistics on the model parameters obtained from the posteriors samples     
====================================================================================================

----- dataset:  LCdata_inst00
jitter_0              0.000029    -0.000017     0.000021    (15-84 p)


----- dataset: LCdata_inst00             ----- model: lc_model_b                    
Tc_0                   2.16990     -0.00017      0.00017    (15-84 p)
Tc_1                   6.33004     -0.00018      0.00017    (15-84 p)
Tc_2                  10.48916     -0.00017      0.00017    (15-84 p)
Tc_3                  14.64802     -0.00018      0.00017    (15-84 p)
Tc_4                  18.80620     -0.00017      0.00017    (15-84 p)
Tc_5                  22.96523     -0.00018      0.00018    (15-84 p)

----- dataset: LCdata_inst00             ----- model: lc_model_c                    
Tc_0                   1.96943     -0.00058      0.00058    (15-84 p)
Tc_1                  11.00102     -0.00063      0.00065    (15-84 p)
Tc_2                  20.03178     -0.00063      0.00061    (15-84 p)

----- common model:  b
P                     4.159151    -0.000020     0.000021    (15-84 p)
e                         0.00                              [fixed]
omega                90.000000                              [fixed]
R_Rs                   0.09996     -0.00031      0.00042    (15-84 p)
b                        0.126       -0.082        0.078    (15-84 p)

----- common model:  c
P                     9.030501    -0.000020     0.000020    (15-84 p)
e                         0.00                              [fixed]
omega                90.000000                              [fixed]
R_Rs                   0.04993     -0.00030      0.00032    (15-84 p)
b                        0.255       -0.033        0.044    (15-84 p)

----- common model:  star_parameters
density                  0.721       -0.026        0.014    (15-84 p)

----- common model:  limb_darkening
ld_c1                    0.493       -0.020        0.020    (15-84 p)
ld_c2                    0.111       -0.038        0.040    (15-84 p)

====================================================================================================
     Statistics on the derived parameters obtained from the posteriors samples     
====================================================================================================

----- common model:  b
a_Rs                     9.754        -0.12        0.065    (15-84 p)
i                        89.26        -0.47         0.49    (15-84 p)
R_Rj                     1.119       -0.038        0.040    (15-84 p)
R_Re                     12.54        -0.43         0.44    (15-84 p)
T_41                   0.14864     -0.00033      0.00036    (15-84 p)
T_32                   0.12107     -0.00058      0.00041    (15-84 p)
a_AU_(rho,R)            0.0520      -0.0019       0.0019    (15-84 p)

----- common model:  c
a_Rs                     16.35        -0.20         0.11    (15-84 p)
i                        89.11        -0.17         0.12    (15-84 p)
R_Rj                     0.559       -0.020        0.019    (15-84 p)
R_Re                      6.27        -0.22         0.22    (15-84 p)
T_41                   0.17925     -0.00073      0.00076    (15-84 p)
T_32                   0.16099     -0.00091      0.00091    (15-84 p)
a_AU_(rho,R)            0.0873      -0.0031       0.0031    (15-84 p)


====================================================================================================
     ------------------------------------------------------------------------------------------     
====================================================================================================



****************************************************************************************************

 Parameters corresponding to the Maximum a Posteriori probability ( 97077.04074979934 )

====================================================================================================
     Statistics on the posterior of the sampler parameters     
====================================================================================================

----- dataset:  LCdata_inst00
jitter_0         9      0.000015 [    0.0000,     0.0500]

----- dataset: LCdata_inst00             ----- model: lc_model_b                    
Tc_0            10      2.169873 [    1.9214,     2.4200]
Tc_1            11      6.330052 [    6.0797,     6.5783]
Tc_2            12     10.489112 [   10.2394,    10.7381]
Tc_3            13     14.648069 [   14.3978,    14.8964]
Tc_4            14     18.806313 [   18.5575,    19.0561]
Tc_5            15     22.965295 [   22.7158,    23.2144]

----- dataset: LCdata_inst00             ----- model: lc_model_c                    
Tc_0            16      1.969348 [    1.7214,     2.2200]
Tc_1            17     11.000843 [   10.7506,    11.2492]
Tc_2            18     20.031323 [   19.7811,    20.2797]

----- common model:  b
P                0      4.159147 [    4.1550,     4.1650]
R_Rs             1      0.100001 [    0.0000,     0.5000]
b                2      0.132937 [    0.0000,     2.0000]

----- common model:  c
P                6      9.030505 [    9.0200,     9.0400]
R_Rs             7      0.050178 [    0.0000,     0.5000]
b                8      0.273838 [    0.0000,     2.0000]

----- common model:  star_parameters
density          5      0.719947 [    0.0000,     5.0000]

----- common model:  limb_darkening
ld_c1            3      0.488194 [    0.0000,     1.0000]
ld_c2            4      0.115445 [   -1.0000,     1.0000]

====================================================================================================
     Statistics on the model parameters obtained from the posteriors samples     
====================================================================================================

----- dataset:  LCdata_inst00
jitter_0              0.000015 


----- dataset: LCdata_inst00             ----- model: lc_model_b                    
Tc_0                  2.169873 
Tc_1                  6.330052 
Tc_2                 10.489112 
Tc_3                 14.648069 
Tc_4                 18.806313 
Tc_5                 22.965295 

----- dataset: LCdata_inst00             ----- model: lc_model_c                    
Tc_0                  1.969348 
Tc_1                 11.000843 
Tc_2                 20.031323 

----- common model:  b
P                     4.159147 
e                         0.00 
omega                90.000000 
R_Rs                  0.100001 
b                     0.132937 

----- common model:  c
P                     9.030505 
e                         0.00 
omega                90.000000 
R_Rs                  0.050178 
b                     0.273838 

----- common model:  star_parameters
density               0.719947 

----- common model:  limb_darkening
ld_c1                 0.488194 
ld_c2                 0.115445 

====================================================================================================
     Statistics on the derived parameters obtained from the posteriors samples     
====================================================================================================

----- common model:  b
a_Rs                  9.750324 
i                    89.218798 
R_Rj                  1.135693 
R_Re                 12.729893 
T_41                  0.148589 
T_32                  0.121041 
a_AU_(rho,R)          0.052919 

----- common model:  c
a_Rs                 16.348988 
i                    89.040276 
R_Rj                  0.562876 
R_Re                  6.309230 
T_41                  0.178395 
T_32                  0.160013 
a_AU_(rho,R)          0.087644 


====================================================================================================
     ------------------------------------------------------------------------------------------     
====================================================================================================



****************************************************************************************************

 Parameters corresponding to the sample closest to the median values ( 97073.21077344385 )

====================================================================================================
     Statistics on the posterior of the sampler parameters     
====================================================================================================

----- dataset:  LCdata_inst00
jitter_0         9      0.000023 [    0.0000,     0.0500]

----- dataset: LCdata_inst00             ----- model: lc_model_b                    
Tc_0            10      2.169934 [    1.9214,     2.4200]
Tc_1            11      6.330093 [    6.0797,     6.5783]
Tc_2            12     10.489144 [   10.2394,    10.7381]
Tc_3            13     14.647982 [   14.3978,    14.8964]
Tc_4            14     18.806290 [   18.5575,    19.0561]
Tc_5            15     22.965278 [   22.7158,    23.2144]

----- dataset: LCdata_inst00             ----- model: lc_model_c                    
Tc_0            16      1.968843 [    1.7214,     2.2200]
Tc_1            17     11.000906 [   10.7506,    11.2492]
Tc_2            18     20.031556 [   19.7811,    20.2797]

----- common model:  b
P                0      4.159143 [    4.1550,     4.1650]
R_Rs             1      0.099946 [    0.0000,     0.5000]
b                2      0.129431 [    0.0000,     2.0000]

----- common model:  c
P                6      9.030519 [    9.0200,     9.0400]
R_Rs             7      0.049800 [    0.0000,     0.5000]
b                8      0.249513 [    0.0000,     2.0000]

----- common model:  star_parameters
density          5      0.727599 [    0.0000,     5.0000]

----- common model:  limb_darkening
ld_c1            3      0.494564 [    0.0000,     1.0000]
ld_c2            4      0.100622 [   -1.0000,     1.0000]

====================================================================================================
     Statistics on the model parameters obtained from the posteriors samples     
====================================================================================================

----- dataset:  LCdata_inst00
jitter_0              0.000023 


----- dataset: LCdata_inst00             ----- model: lc_model_b                    
Tc_0                  2.169934 
Tc_1                  6.330093 
Tc_2                 10.489144 
Tc_3                 14.647982 
Tc_4                 18.806290 
Tc_5                 22.965278 

----- dataset: LCdata_inst00             ----- model: lc_model_c                    
Tc_0                  1.968843 
Tc_1                 11.000906 
Tc_2                 20.031556 

----- common model:  b
P                     4.159143 
e                         0.00 
omega                90.000000 
R_Rs                  0.099946 
b                     0.129431 

----- common model:  c
P                     9.030519 
e                         0.00 
omega                90.000000 
R_Rs                  0.049800 
b                     0.249513 

----- common model:  star_parameters
density               0.727599 

----- common model:  limb_darkening
ld_c1                 0.494564 
ld_c2                 0.100622 

====================================================================================================
     Statistics on the derived parameters obtained from the posteriors samples     
====================================================================================================

----- common model:  b
a_Rs                  9.784741 
i                    89.242079 
R_Rj                  1.112356 
R_Re                 12.468301 
T_41                  0.148113 
T_32                  0.120691 
a_AU_(rho,R)          0.052042 

----- common model:  c
a_Rs                 16.406727 
i                    89.128613 
R_Rj                  0.552435 
R_Re                  6.192201 
T_41                  0.178793 
T_32                  0.160738 
a_AU_(rho,R)          0.086978 


====================================================================================================
     ------------------------------------------------------------------------------------------     
====================================================================================================



****************************************************************************************************

Note: priors on stellar mass and radius provided independently from the measured density, no check for consistency is performed

 Plot FLAT chain 

****************************************************************************************************

Plotting full_correlation plot with pygtc

****************************************************************************************************

 Plotting the chains... 

****************************************************************************************************

 Plotting the Gelman-Rubin traces... 

     Gelman-Rubin:     9     1.005452 LCdata_inst00_jitter_0 
     Gelman-Rubin:    10     1.003299 LCdata_inst00_lc_model_b_Tc_0 
     Gelman-Rubin:    11     1.004905 LCdata_inst00_lc_model_b_Tc_1 
     Gelman-Rubin:    12     1.002927 LCdata_inst00_lc_model_b_Tc_2 
     Gelman-Rubin:    13     1.004295 LCdata_inst00_lc_model_b_Tc_3 
     Gelman-Rubin:    14     1.002672 LCdata_inst00_lc_model_b_Tc_4 
     Gelman-Rubin:    15     1.004977 LCdata_inst00_lc_model_b_Tc_5 
     Gelman-Rubin:    16     1.004618 LCdata_inst00_lc_model_c_Tc_0 
     Gelman-Rubin:    17     1.003906 LCdata_inst00_lc_model_c_Tc_1 
     Gelman-Rubin:    18     1.003703 LCdata_inst00_lc_model_c_Tc_2 
     Gelman-Rubin:     0     1.003151 b_P 
     Gelman-Rubin:     1     1.009503 b_R_Rs 
     Gelman-Rubin:     2     1.011307 b_b 
     Gelman-Rubin:     6     1.003296 c_P 
     Gelman-Rubin:     7     1.005314 c_R_Rs 
     Gelman-Rubin:     8     1.008906 c_b 
     Gelman-Rubin:     5     1.010990 star_parameters_density 
     Gelman-Rubin:     3     1.003954 limb_darkening_ld_c1 
     Gelman-Rubin:     4     1.003464 limb_darkening_ld_c2 

****************************************************************************************************

 Plotting the common models corner plots
     Common model:  b
     Common model:  c
     Common model:  star_parameters
     Common model:  limb_darkening

****************************************************************************************************

 Dataset + models corner plots 

     Dataset:  LCdata_inst00     model:  lc_model_b  corner plot  starting 
     Dataset:  LCdata_inst00     model:  lc_model_b  corner plot  done 
     Dataset:  LCdata_inst00     model:  lc_model_c  corner plot  starting 
     Dataset:  LCdata_inst00     model:  lc_model_c  corner plot  done 

****************************************************************************************************

 Saving the planet parameter samplings to files (with plots)

****************************************************************************************************

 Saving all the parameter samplings to files (with plots)

****************************************************************************************************

 Computing the models for plot/data writing 
 Writing the plots 
 Writing the   data files 
 Writing the  MAP_ data files 
 Writing the  sampleMED_ data files 

****************************************************************************************************

