
PyORBIT v10.6.0

Python version in use:
3.10.14 (main, May  6 2024, 19:42:50) [GCC 11.2.0]
 LaTeX disabled by default
Using orbital model:  circular
Using orbital parametrization:  Eastman2013
Time of inferior conjunction replacing mean longitude as a free parameter:  True
List of times of inferior conjuctions:  twoplanets_transits/WASP47_simulated_planetb_tclist.dat

Using orbital model:  circular
Using orbital parametrization:  Eastman2013
Time of inferior conjunction replacing mean longitude as a free parameter:  True
List of times of inferior conjuctions:  twoplanets_transits/WASP47_simulated_planetc_tclist.dat

Using limb darkening coefficient parametrization:  Standard

emcee version:  3.1.6

 Reference Time Tref: 0.0

 Dimensions = 28
 Nwalkers = 112

 Steps: 50000


 LN posterior: 194072.591361      -3.974857     3.281519 (15-84 p) 

 Median log_priors     = 43.146103484496884
 Median log_likelihood = 194042.25223137272

 Median BIC  (using likelihood) = -387794.5891807927
 Median AIC  (using likelihood) = -388028.50446274545
 Median AICc (using likelihood) = -388028.4526720767

 Median BIC  (using posterior)  = -387880.8813877617
 Median AIC  (using posterior)  = -388114.79666971444
 Median AICc (using posterior)  = -388114.7448790457

 MAP log_priors     = 42.93280124285504
 MAP log_likelihood = 194039.74783570852

 MAP BIC  (using likelihood) = -387789.5803894643
 MAP AIC  (using likelihood) = -388023.49567141704
 MAP AICc (using likelihood) = -388023.4438807483

 MAP BIC  (using posterior)  = -387875.44599195
 MAP AIC  (using posterior)  = -388109.36127390276
 MAP AICc (using posterior)  = -388109.309483234

 AIC suggested over AICs because NDATA ( 31386 ) > 40 * NDIM ( 28 )

****************************************************************************************************


Computing the autocorrelation time of the chains

***** WARNING ******
The integrated autocorrelation time cannot be reliably estimated
likely the chains are too short, and ACF analysis is not fully reliable
emcee.autocorr.integrated_time tolerance lowered to 20
If you still get a warning, you should drop these results entirely

Reference thinning used in the analysis: 100
Step length used in the analysis: 16*nthin = 1600

Convergence criteria: less than 1% variation in ACF after 20 times the integrated ACF
At least 50*ACF after convergence, 100*ACF would be ideal
Negative values: not converged yet

   sampler parameter              |    ACF   | ACF*nthin | converged at | nsteps/ACF | to 100*ACF
                                  |          |           |              |            | 
   LCdata_inst00_jitter_0         |    8.86  |      886  |    49600     |       0    |   88214 
   LCdata_inst00_lc_model_inst00_b_Tc_0 |    8.34  |      834  |    35200     |      18    |   68552 
   LCdata_inst00_lc_model_inst00_b_Tc_1 |    7.92  |      792  |    49600     |       1    |   78800 
   LCdata_inst00_lc_model_inst00_b_Tc_2 |    7.47  |      747  |    36800     |      18    |   61497 
   LCdata_inst00_lc_model_inst00_b_Tc_3 |    7.69  |      769  |       -1     |      -1    |   77642 
   LCdata_inst00_lc_model_inst00_b_Tc_4 |    7.86  |      786  |    36800     |      17    |   65369 
   LCdata_inst00_lc_model_inst00_b_Tc_5 |    7.67  |      767  |    36800     |      17    |   63510 
   LCdata_inst00_lc_model_inst00_c_Tc_3 |    7.98  |      798  |    40000     |      13    |   69782 
   LCdata_inst00_lc_model_inst00_c_Tc_4 |    7.82  |      782  |    35200     |      19    |   63376 
   LCdata_inst00_lc_model_inst00_c_Tc_5 |    7.67  |      767  |    38400     |      15    |   65075 
   LCdata_inst01_jitter_0         |    8.25  |      825  |    38400     |      14    |   70930 
   LCdata_inst01_lc_model_inst01_b_Tc_3 |    7.37  |      737  |    43200     |       9    |   66920 
   LCdata_inst01_lc_model_inst01_b_Tc_4 |    7.75  |      775  |    38400     |      15    |   65938 
   LCdata_inst01_lc_model_inst01_b_Tc_5 |    7.49  |      749  |    33600     |      22    |   58495 
   LCdata_inst01_lc_model_inst01_b_Tc_6 |    7.87  |      787  |    36800     |      17    |   65504 
   LCdata_inst01_lc_model_inst01_b_Tc_7 |    8.14  |      814  |    44800     |       6    |   76166 
   LCdata_inst01_lc_model_inst01_b_Tc_8 |    7.99  |      799  |    36800     |      17    |   66655 
   LCdata_inst01_lc_model_inst01_c_Tc_5 |    7.62  |      762  |    40000     |      13    |   66158 
   LCdata_inst01_lc_model_inst01_c_Tc_6 |    8.05  |      805  |    38400     |      14    |   68937 
   b_P                            |    7.02  |      702  |    38400     |      17    |   58604 
   b_R_Rs                         |   14.46  |     1446  |       -1     |      -1    |  146072 
   b_b                            |   16.75  |     1675  |       -1     |      -1    |  169151 
   c_P                            |    7.71  |      771  |    43200     |       9    |   70315 
   c_R_Rs                         |   10.35  |     1035  |       -1     |      -1    |  104531 
   c_b                            |   14.59  |     1459  |       -1     |      -1    |  147326 
   star_parameters_density        |   15.76  |     1576  |       -1     |      -1    |  159179 
   limb_darkening_ld_c1           |    7.68  |      768  |    35200     |      19    |   61991 
   limb_darkening_ld_c2           |    8.56  |      856  |    44800     |       6    |   80422 

     6 chains have not converged yet, keep going 

 Plotting the ACF... 


====================================================================================================
     Ids, spaces (s), boundaries (b) and priors (p) of the sampler parameters     
====================================================================================================

----- dataset:  LCdata_inst00
jitter_0      id:   9  s:Linear      b:[      0.0000,       0.0500]   p:Uniform   []

----- dataset: LCdata_inst00             ----- model: lc_model_inst00_b             
Tc_0          id:  10  s:Linear      b:[      1.9214,       2.4186]   p:Uniform   []
Tc_1          id:  11  s:Linear      b:[      6.0797,       6.5783]   p:Uniform   []
Tc_2          id:  12  s:Linear      b:[     10.2394,      10.7381]   p:Uniform   []
Tc_3          id:  13  s:Linear      b:[     14.3978,      14.8964]   p:Uniform   []
Tc_4          id:  14  s:Linear      b:[     18.5575,      19.0561]   p:Uniform   []
Tc_5          id:  15  s:Linear      b:[     22.7158,      23.2144]   p:Uniform   []

----- dataset: LCdata_inst00             ----- model: lc_model_inst00_c             
Tc_3          id:  16  s:Linear      b:[      1.7214,       2.2186]   p:Uniform   []
Tc_4          id:  17  s:Linear      b:[     10.7506,      11.2492]   p:Uniform   []
Tc_5          id:  18  s:Linear      b:[     19.7811,      20.2797]   p:Uniform   []

----- dataset:  LCdata_inst01
jitter_0      id:  19  s:Linear      b:[      0.0000,       0.0500]   p:Uniform   []

----- dataset: LCdata_inst01             ----- model: lc_model_inst01_b             
Tc_3          id:  20  s:Linear      b:[     14.3988,      14.8961]   p:Uniform   []
Tc_4          id:  21  s:Linear      b:[     18.5572,      19.0558]   p:Uniform   []
Tc_5          id:  22  s:Linear      b:[     22.7169,      23.2155]   p:Uniform   []
Tc_6          id:  23  s:Linear      b:[     26.8752,      27.3738]   p:Uniform   []
Tc_7          id:  24  s:Linear      b:[     31.0350,      31.5336]   p:Uniform   []
Tc_8          id:  25  s:Linear      b:[     35.1933,      35.6919]   p:Uniform   []

----- dataset: LCdata_inst01             ----- model: lc_model_inst01_c             
Tc_5          id:  26  s:Linear      b:[     19.7822,      20.2808]   p:Uniform   []
Tc_6          id:  27  s:Linear      b:[     28.8127,      29.3113]   p:Uniform   []

----- common model:  b
P             id:   0  s:Linear      b:[      4.1550,       4.1650]   p:Gaussian   [4.159151e+00 2.000000e-05]
R_Rs          id:   1  s:Linear      b:[      0.0000,       0.5000]   p:Uniform   []
b             id:   2  s:Linear      b:[      0.0000,       2.0000]   p:Uniform   []
e             derived (no id, space, bound)                           p:None   []
omega         derived (no id, space, bound)                           p:None   []

----- common model:  c
P             id:   6  s:Linear      b:[      9.0200,       9.0400]   p:Gaussian   [9.030501e+00 2.000000e-05]
R_Rs          id:   7  s:Linear      b:[      0.0000,       0.5000]   p:Uniform   []
b             id:   8  s:Linear      b:[      0.0000,       2.0000]   p:Uniform   []
e             derived (no id, space, bound)                           p:None   []
omega         derived (no id, space, bound)                           p:None   []

----- common model:  star_parameters
density       id:   5  s:Linear      b:[      0.0000,       5.0000]   p:Gaussian   [0.7 0.1]
mass          derived (no id, space, bound)                           p:Gaussian   [1.05 0.04]
radius        derived (no id, space, bound)                           p:Gaussian   [1.15 0.04]

----- common model:  limb_darkening
ld_c1         id:   3  s:Linear      b:[      0.0000,       1.0000]   p:Gaussian   [0.5  0.05]
ld_c2         id:   4  s:Linear      b:[     -1.0000,       1.0000]   p:Gaussian   [0.1  0.05]


****************************************************************************************************
****************************************************************************************************

 Confidence intervals (median value, 34.135th percentile from the median on the left and right side)

====================================================================================================
     Statistics on the posterior of the sampler parameters     
====================================================================================================

----- dataset:  LCdata_inst00
jitter_0         9      0.000029    -0.000017     0.000022   (15-84 p)   [    0.0000,     0.0500]

----- dataset: LCdata_inst00             ----- model: lc_model_inst00_b             
Tc_0            10       2.16991     -0.00017      0.00017   (15-84 p)   [    1.9214,     2.4186]
Tc_1            11       6.33003     -0.00018      0.00018   (15-84 p)   [    6.0797,     6.5783]
Tc_2            12      10.48916     -0.00017      0.00017   (15-84 p)   [   10.2394,    10.7381]
Tc_3            13      14.64803     -0.00018      0.00017   (15-84 p)   [   14.3978,    14.8964]
Tc_4            14      18.80620     -0.00017      0.00018   (15-84 p)   [   18.5575,    19.0561]
Tc_5            15      22.96524     -0.00018      0.00018   (15-84 p)   [   22.7158,    23.2144]

----- dataset: LCdata_inst00             ----- model: lc_model_inst00_c             
Tc_3            16       1.96944     -0.00058      0.00058   (15-84 p)   [    1.7214,     2.2186]
Tc_4            17      11.00103     -0.00062      0.00063   (15-84 p)   [   10.7506,    11.2492]
Tc_5            18      20.03178     -0.00063      0.00063   (15-84 p)   [   19.7811,    20.2797]

----- dataset:  LCdata_inst01
jitter_0        19      0.000034    -0.000020     0.000024   (15-84 p)   [    0.0000,     0.0500]

----- dataset: LCdata_inst01             ----- model: lc_model_inst01_b             
Tc_3            20      14.64800     -0.00017      0.00017   (15-84 p)   [   14.3988,    14.8961]
Tc_4            21      18.80621     -0.00017      0.00017   (15-84 p)   [   18.5572,    19.0558]
Tc_5            22      22.96504     -0.00017      0.00018   (15-84 p)   [   22.7169,    23.2155]
Tc_6            23      27.12361     -0.00017      0.00017   (15-84 p)   [   26.8752,    27.3738]
Tc_7            24      31.28306     -0.00018      0.00018   (15-84 p)   [   31.0350,    31.5336]
Tc_8            25      35.44298     -0.00018      0.00018   (15-84 p)   [   35.1933,    35.6919]

----- dataset: LCdata_inst01             ----- model: lc_model_inst01_c             
Tc_5            26      20.03089     -0.00080      0.00075   (15-84 p)   [   19.7822,    20.2808]
Tc_6            27      29.06216     -0.00059      0.00059   (15-84 p)   [   28.8127,    29.3113]

----- common model:  b
P                0      4.159152    -0.000020     0.000019   (15-84 p)   [    4.1550,     4.1650]
R_Rs             1       0.09984     -0.00029      0.00038   (15-84 p)   [    0.0000,     0.5000]
b                2         0.133       -0.082        0.067   (15-84 p)   [    0.0000,     2.0000]

----- common model:  c
P                6      9.030501    -0.000020     0.000020   (15-84 p)   [    9.0200,     9.0400]
R_Rs             7       0.05000     -0.00025      0.00026   (15-84 p)   [    0.0000,     0.5000]
b                8         0.261       -0.031        0.038   (15-84 p)   [    0.0000,     2.0000]

----- common model:  star_parameters
density          5         0.719       -0.022        0.015   (15-84 p)   [    0.0000,     5.0000]

----- common model:  limb_darkening
ld_c1            3         0.504       -0.016        0.017   (15-84 p)   [    0.0000,     1.0000]
ld_c2            4         0.097       -0.035        0.034   (15-84 p)   [   -1.0000,     1.0000]

====================================================================================================
     Statistics on the model parameters obtained from the posteriors samples     
====================================================================================================

----- dataset:  LCdata_inst00
jitter_0              0.000029    -0.000017     0.000022    (15-84 p)


----- dataset: LCdata_inst00             ----- model: lc_model_inst00_b             
Tc_0                   2.16991     -0.00017      0.00017    (15-84 p)
Tc_1                   6.33003     -0.00018      0.00018    (15-84 p)
Tc_2                  10.48916     -0.00017      0.00017    (15-84 p)
Tc_3                  14.64803     -0.00018      0.00017    (15-84 p)
Tc_4                  18.80620     -0.00017      0.00018    (15-84 p)
Tc_5                  22.96524     -0.00018      0.00018    (15-84 p)

----- dataset: LCdata_inst00             ----- model: lc_model_inst00_c             
Tc_3                   1.96944     -0.00058      0.00058    (15-84 p)
Tc_4                  11.00103     -0.00062      0.00063    (15-84 p)
Tc_5                  20.03178     -0.00063      0.00063    (15-84 p)

----- dataset:  LCdata_inst01
jitter_0              0.000034    -0.000020     0.000024    (15-84 p)


----- dataset: LCdata_inst01             ----- model: lc_model_inst01_b             
Tc_3                  14.64800     -0.00017      0.00017    (15-84 p)
Tc_4                  18.80621     -0.00017      0.00017    (15-84 p)
Tc_5                  22.96504     -0.00017      0.00018    (15-84 p)
Tc_6                  27.12361     -0.00017      0.00017    (15-84 p)
Tc_7                  31.28306     -0.00018      0.00018    (15-84 p)
Tc_8                  35.44298     -0.00018      0.00018    (15-84 p)

----- dataset: LCdata_inst01             ----- model: lc_model_inst01_c             
Tc_5                  20.03089     -0.00080      0.00075    (15-84 p)
Tc_6                  29.06216     -0.00059      0.00059    (15-84 p)

----- common model:  b
P                     4.159152    -0.000020     0.000019    (15-84 p)
e                         0.00                              [fixed]
omega                90.000000                              [fixed]
R_Rs                   0.09984     -0.00029      0.00038    (15-84 p)
b                        0.133       -0.082        0.067    (15-84 p)

----- common model:  c
P                     9.030501    -0.000020     0.000020    (15-84 p)
e                         0.00                              [fixed]
omega                90.000000                              [fixed]
R_Rs                   0.05000     -0.00025      0.00026    (15-84 p)
b                        0.261       -0.031        0.038    (15-84 p)

----- common model:  star_parameters
density                  0.719       -0.022        0.015    (15-84 p)

----- common model:  limb_darkening
ld_c1                    0.504       -0.016        0.017    (15-84 p)
ld_c2                    0.097       -0.035        0.034    (15-84 p)

====================================================================================================
     Statistics on the derived parameters obtained from the posteriors samples     
====================================================================================================

----- common model:  b
a_Rs                     9.746        -0.10        0.066    (15-84 p)
i                        89.22        -0.41         0.48    (15-84 p)
R_Rj                     1.118       -0.039        0.039    (15-84 p)
R_Re                     12.53        -0.44         0.44    (15-84 p)
T_41                   0.14865     -0.00026      0.00029    (15-84 p)
T_32                   0.12109     -0.00051      0.00038    (15-84 p)
a_AU_(rho,R)            0.0521      -0.0019       0.0018    (15-84 p)

----- common model:  c
a_Rs                     16.34        -0.17         0.11    (15-84 p)
i                        89.09        -0.14         0.11    (15-84 p)
R_Rj                     0.560       -0.020        0.019    (15-84 p)
R_Re                      6.27        -0.22         0.22    (15-84 p)
T_41                   0.17909     -0.00059      0.00062    (15-84 p)
T_32                   0.16079     -0.00075      0.00075    (15-84 p)
a_AU_(rho,R)            0.0873      -0.0032       0.0031    (15-84 p)


====================================================================================================
     ------------------------------------------------------------------------------------------     
====================================================================================================



****************************************************************************************************

 Parameters corresponding to the Maximum a Posteriori probability ( 194082.68063695138 )

====================================================================================================
     Statistics on the posterior of the sampler parameters     
====================================================================================================

----- dataset:  LCdata_inst00
jitter_0         9      0.000036 [    0.0000,     0.0500]

----- dataset: LCdata_inst00             ----- model: lc_model_inst00_b             
Tc_0            10      2.169916 [    1.9214,     2.4186]
Tc_1            11      6.330047 [    6.0797,     6.5783]
Tc_2            12     10.489118 [   10.2394,    10.7381]
Tc_3            13     14.648116 [   14.3978,    14.8964]
Tc_4            14     18.806220 [   18.5575,    19.0561]
Tc_5            15     22.965209 [   22.7158,    23.2144]

----- dataset: LCdata_inst00             ----- model: lc_model_inst00_c             
Tc_3            16      1.969942 [    1.7214,     2.2186]
Tc_4            17     11.001203 [   10.7506,    11.2492]
Tc_5            18     20.031521 [   19.7811,    20.2797]

----- dataset:  LCdata_inst01
jitter_0        19      0.000006 [    0.0000,     0.0500]

----- dataset: LCdata_inst01             ----- model: lc_model_inst01_b             
Tc_3            20     14.647916 [   14.3988,    14.8961]
Tc_4            21     18.806201 [   18.5572,    19.0558]
Tc_5            22     22.964964 [   22.7169,    23.2155]
Tc_6            23     27.123747 [   26.8752,    27.3738]
Tc_7            24     31.283001 [   31.0350,    31.5336]
Tc_8            25     35.443103 [   35.1933,    35.6919]

----- dataset: LCdata_inst01             ----- model: lc_model_inst01_c             
Tc_5            26     20.030996 [   19.7822,    20.2808]
Tc_6            27     29.061858 [   28.8127,    29.3113]

----- common model:  b
P                0      4.159157 [    4.1550,     4.1650]
R_Rs             1      0.099911 [    0.0000,     0.5000]
b                2      0.163003 [    0.0000,     2.0000]

----- common model:  c
P                6      9.030492 [    9.0200,     9.0400]
R_Rs             7      0.049999 [    0.0000,     0.5000]
b                8      0.265487 [    0.0000,     2.0000]

----- common model:  star_parameters
density          5      0.710181 [    0.0000,     5.0000]

----- common model:  limb_darkening
ld_c1            3      0.491023 [    0.0000,     1.0000]
ld_c2            4      0.119513 [   -1.0000,     1.0000]

====================================================================================================
     Statistics on the model parameters obtained from the posteriors samples     
====================================================================================================

----- dataset:  LCdata_inst00
jitter_0              0.000036 


----- dataset: LCdata_inst00             ----- model: lc_model_inst00_b             
Tc_0                  2.169916 
Tc_1                  6.330047 
Tc_2                 10.489118 
Tc_3                 14.648116 
Tc_4                 18.806220 
Tc_5                 22.965209 

----- dataset: LCdata_inst00             ----- model: lc_model_inst00_c             
Tc_3                  1.969942 
Tc_4                 11.001203 
Tc_5                 20.031521 

----- dataset:  LCdata_inst01
jitter_0              0.000006 


----- dataset: LCdata_inst01             ----- model: lc_model_inst01_b             
Tc_3                 14.647916 
Tc_4                 18.806201 
Tc_5                 22.964964 
Tc_6                 27.123747 
Tc_7                 31.283001 
Tc_8                 35.443103 

----- dataset: LCdata_inst01             ----- model: lc_model_inst01_c             
Tc_5                 20.030996 
Tc_6                 29.061858 

----- common model:  b
P                     4.159157 
e                         0.00 
omega                90.000000 
R_Rs                  0.099911 
b                     0.163003 

----- common model:  c
P                     9.030492 
e                         0.00 
omega                90.000000 
R_Rs                  0.049999 
b                     0.265487 

----- common model:  star_parameters
density               0.710181 

----- common model:  limb_darkening
ld_c1                 0.491023 
ld_c2                 0.119513 

====================================================================================================
     Statistics on the derived parameters obtained from the posteriors samples     
====================================================================================================

----- common model:  b
a_Rs                  9.706054 
i                    89.037730 
R_Rj                  1.135935 
R_Re                 12.732597 
T_41                  0.148704 
T_32                  0.120927 
a_AU_(rho,R)          0.052737 

----- common model:  c
a_Rs                 16.274717 
i                    89.065302 
R_Rj                  0.547742 
R_Re                  6.139598 
T_41                  0.179569 
T_32                  0.161213 
a_AU_(rho,R)          0.085204 


====================================================================================================
     ------------------------------------------------------------------------------------------     
====================================================================================================



****************************************************************************************************

 Parameters corresponding to the sample closest to the median values ( 194082.46259430074 )

====================================================================================================
     Statistics on the posterior of the sampler parameters     
====================================================================================================

----- dataset:  LCdata_inst00
jitter_0         9      0.000009 [    0.0000,     0.0500]

----- dataset: LCdata_inst00             ----- model: lc_model_inst00_b             
Tc_0            10      2.169983 [    1.9214,     2.4186]
Tc_1            11      6.330070 [    6.0797,     6.5783]
Tc_2            12     10.489267 [   10.2394,    10.7381]
Tc_3            13     14.647995 [   14.3978,    14.8964]
Tc_4            14     18.806054 [   18.5575,    19.0561]
Tc_5            15     22.965269 [   22.7158,    23.2144]

----- dataset: LCdata_inst00             ----- model: lc_model_inst00_c             
Tc_3            16      1.969725 [    1.7214,     2.2186]
Tc_4            17     11.001251 [   10.7506,    11.2492]
Tc_5            18     20.031588 [   19.7811,    20.2797]

----- dataset:  LCdata_inst01
jitter_0        19      0.000033 [    0.0000,     0.0500]

----- dataset: LCdata_inst01             ----- model: lc_model_inst01_b             
Tc_3            20     14.647947 [   14.3988,    14.8961]
Tc_4            21     18.806185 [   18.5572,    19.0558]
Tc_5            22     22.965073 [   22.7169,    23.2155]
Tc_6            23     27.123657 [   26.8752,    27.3738]
Tc_7            24     31.283023 [   31.0350,    31.5336]
Tc_8            25     35.443073 [   35.1933,    35.6919]

----- dataset: LCdata_inst01             ----- model: lc_model_inst01_c             
Tc_5            26     20.030991 [   19.7822,    20.2808]
Tc_6            27     29.061928 [   28.8127,    29.3113]

----- common model:  b
P                0      4.159164 [    4.1550,     4.1650]
R_Rs             1      0.099963 [    0.0000,     0.5000]
b                2      0.146509 [    0.0000,     2.0000]

----- common model:  c
P                6      9.030500 [    9.0200,     9.0400]
R_Rs             7      0.049856 [    0.0000,     0.5000]
b                8      0.255219 [    0.0000,     2.0000]

----- common model:  star_parameters
density          5      0.718324 [    0.0000,     5.0000]

----- common model:  limb_darkening
ld_c1            3      0.511515 [    0.0000,     1.0000]
ld_c2            4      0.083104 [   -1.0000,     1.0000]

====================================================================================================
     Statistics on the model parameters obtained from the posteriors samples     
====================================================================================================

----- dataset:  LCdata_inst00
jitter_0              0.000009 


----- dataset: LCdata_inst00             ----- model: lc_model_inst00_b             
Tc_0                  2.169983 
Tc_1                  6.330070 
Tc_2                 10.489267 
Tc_3                 14.647995 
Tc_4                 18.806054 
Tc_5                 22.965269 

----- dataset: LCdata_inst00             ----- model: lc_model_inst00_c             
Tc_3                  1.969725 
Tc_4                 11.001251 
Tc_5                 20.031588 

----- dataset:  LCdata_inst01
jitter_0              0.000033 


----- dataset: LCdata_inst01             ----- model: lc_model_inst01_b             
Tc_3                 14.647947 
Tc_4                 18.806185 
Tc_5                 22.965073 
Tc_6                 27.123657 
Tc_7                 31.283023 
Tc_8                 35.443073 

----- dataset: LCdata_inst01             ----- model: lc_model_inst01_c             
Tc_5                 20.030991 
Tc_6                 29.061928 

----- common model:  b
P                     4.159164 
e                         0.00 
omega                90.000000 
R_Rs                  0.099963 
b                     0.146509 

----- common model:  c
P                     9.030500 
e                         0.00 
omega                90.000000 
R_Rs                  0.049856 
b                     0.255219 

----- common model:  star_parameters
density               0.718324 

----- common model:  limb_darkening
ld_c1                 0.511515 
ld_c2                 0.083104 

====================================================================================================
     Statistics on the derived parameters obtained from the posteriors samples     
====================================================================================================

----- common model:  b
a_Rs                  9.743020 
i                    89.138392 
R_Rj                  1.139365 
R_Re                 12.771045 
T_41                  0.148461 
T_32                  0.120849 
a_AU_(rho,R)          0.053070 

----- common model:  c
a_Rs                 16.336690 
i                    89.104863 
R_Rj                  0.552613 
R_Re                  6.194195 
T_41                  0.179322 
T_32                  0.161141 
a_AU_(rho,R)          0.086537 


====================================================================================================
     ------------------------------------------------------------------------------------------     
====================================================================================================



****************************************************************************************************

Note: priors on stellar mass and radius provided independently from the measured density, no check for consistency is performed

 Plot FLAT chain 

****************************************************************************************************

Plotting full_correlation plot with pygtc

****************************************************************************************************

 Plotting the chains... 

****************************************************************************************************

 Plotting the Gelman-Rubin traces... 

     Gelman-Rubin:     9     1.009477 LCdata_inst00_jitter_0 
     Gelman-Rubin:    10     1.009085 LCdata_inst00_lc_model_inst00_b_Tc_0 
     Gelman-Rubin:    11     1.008927 LCdata_inst00_lc_model_inst00_b_Tc_1 
     Gelman-Rubin:    12     1.007821 LCdata_inst00_lc_model_inst00_b_Tc_2 
     Gelman-Rubin:    13     1.006811 LCdata_inst00_lc_model_inst00_b_Tc_3 
     Gelman-Rubin:    14     1.005905 LCdata_inst00_lc_model_inst00_b_Tc_4 
     Gelman-Rubin:    15     1.006241 LCdata_inst00_lc_model_inst00_b_Tc_5 
     Gelman-Rubin:    16     1.009914 LCdata_inst00_lc_model_inst00_c_Tc_3 
     Gelman-Rubin:    17     1.007964 LCdata_inst00_lc_model_inst00_c_Tc_4 
     Gelman-Rubin:    18     1.009710 LCdata_inst00_lc_model_inst00_c_Tc_5 
     Gelman-Rubin:    19     1.005983 LCdata_inst01_jitter_0 
     Gelman-Rubin:    20     1.008655 LCdata_inst01_lc_model_inst01_b_Tc_3 
     Gelman-Rubin:    21     1.009082 LCdata_inst01_lc_model_inst01_b_Tc_4 
     Gelman-Rubin:    22     1.010898 LCdata_inst01_lc_model_inst01_b_Tc_5 
     Gelman-Rubin:    23     1.009567 LCdata_inst01_lc_model_inst01_b_Tc_6 
     Gelman-Rubin:    24     1.008572 LCdata_inst01_lc_model_inst01_b_Tc_7 
     Gelman-Rubin:    25     1.010763 LCdata_inst01_lc_model_inst01_b_Tc_8 
     Gelman-Rubin:    26     1.007054 LCdata_inst01_lc_model_inst01_c_Tc_5 
     Gelman-Rubin:    27     1.007687 LCdata_inst01_lc_model_inst01_c_Tc_6 
     Gelman-Rubin:     0     1.007002 b_P 
     Gelman-Rubin:     1     1.017946 b_R_Rs 
     Gelman-Rubin:     2     1.021983 b_b 
     Gelman-Rubin:     6     1.008563 c_P 
     Gelman-Rubin:     7     1.009701 c_R_Rs 
     Gelman-Rubin:     8     1.019523 c_b 
     Gelman-Rubin:     5     1.020649 star_parameters_density 
     Gelman-Rubin:     3     1.008940 limb_darkening_ld_c1 
     Gelman-Rubin:     4     1.010824 limb_darkening_ld_c2 

****************************************************************************************************

 Plotting the common models corner plots
     Common model:  b
     Common model:  c
     Common model:  star_parameters
     Common model:  limb_darkening

****************************************************************************************************

 Dataset + models corner plots 

     Dataset:  LCdata_inst00     model:  lc_model_inst00_b  corner plot  starting 
     Dataset:  LCdata_inst00     model:  lc_model_inst00_b  corner plot  done 
     Dataset:  LCdata_inst00     model:  lc_model_inst00_c  corner plot  starting 
     Dataset:  LCdata_inst00     model:  lc_model_inst00_c  corner plot  done 
     Dataset:  LCdata_inst01     model:  lc_model_inst01_b  corner plot  starting 
     Dataset:  LCdata_inst01     model:  lc_model_inst01_b  corner plot  done 
     Dataset:  LCdata_inst01     model:  lc_model_inst01_c  corner plot  starting 
     Dataset:  LCdata_inst01     model:  lc_model_inst01_c  corner plot  done 

****************************************************************************************************

 Saving the planet parameter samplings to files (with plots)

****************************************************************************************************

 Saving all the parameter samplings to files (with plots)

****************************************************************************************************

 Computing the models for plot/data writing 
 Writing the plots 
 Writing the   data files 
 Writing the  MAP_ data files 
 Writing the  sampleMED_ data files 

****************************************************************************************************

