
PyORBIT v10.6.0

Python version in use:
3.10.14 (main, May  6 2024, 19:42:50) [GCC 11.2.0]
 LaTeX disabled by default
Using orbital model:  circular
Using orbital parametrization:  Eastman2013
Time of inferior conjunction replacing mean longitude as a free parameter:  True

Using limb darkening coefficient parametrization:  Standard

emcee version:  3.1.6

 Reference Time Tref: 0.0

 Dimensions = 13
 Nwalkers = 52

 Steps: 50000


 LN posterior: 96936.937568      -2.675977     2.057261 (15-84 p) 

 Median log_priors     = 22.41101269203628
 Median log_likelihood = 96920.15153150554

 Median BIC  (using likelihood) = -193714.7104525946
 Median AIC  (using likelihood) = -193814.3030630111
 Median AICc (using likelihood) = -193814.2798472448

 Median BIC  (using posterior)  = -193759.53247797868
 Median AIC  (using posterior)  = -193859.12508839517
 Median AICc (using posterior)  = -193859.10187262887

 MAP log_priors     = 22.27951701393698
 MAP log_likelihood = 96919.52844383882

 MAP BIC  (using likelihood) = -193713.46427726114
 MAP AIC  (using likelihood) = -193813.05688767764
 MAP AICc (using likelihood) = -193813.03367191134

 MAP BIC  (using posterior)  = -193758.02331128903
 MAP AIC  (using posterior)  = -193857.61592170552
 MAP AICc (using posterior)  = -193857.59270593923

 AIC suggested over AICs because NDATA ( 15693 ) > 40 * NDIM ( 13 )

****************************************************************************************************


Computing the autocorrelation time of the chains

The chains are more than 50 times longer than the ACF, the estimate can be trusted

Reference thinning used in the analysis: 100
Step length used in the analysis: 7*nthin = 700

Convergence criteria: less than 1% variation in ACF after 50 times the integrated ACF
At least 50*ACF after convergence, 100*ACF would be ideal
Negative values: not converged yet

   sampler parameter              |    ACF   | ACF*nthin | converged at | nsteps/ACF | to 100*ACF
                                  |          |           |              |            | 
   LCdata_jitter_0                |    2.99  |      299  |    22400     |      92    |    2285 
   LCdata_lc_model_b_Tc_0         |    2.94  |      294  |    23100     |      91    |    2511 
   LCdata_lc_model_b_Tc_1         |    2.72  |      272  |    22400     |     101    |       0 
   LCdata_lc_model_b_Tc_2         |    2.83  |      283  |    21000     |     103    |       0 
   LCdata_lc_model_b_Tc_3         |    2.90  |      290  |    28000     |      76    |    6986 
   LCdata_lc_model_b_Tc_4         |    2.90  |      290  |    20300     |     102    |       0 
   LCdata_lc_model_b_Tc_5         |    3.02  |      302  |    26600     |      77    |    6821 
   b_P                            |    3.02  |      302  |    23100     |      89    |    3345 
   b_R_Rs                         |    5.91  |      591  |    34300     |      27    |   43419 
   b_b                            |    7.59  |      759  |    46200     |       5    |   72051 
   star_parameters_density        |    7.38  |      738  |    44100     |       8    |   67924 
   limb_darkening_ld_c1           |    3.02  |      302  |    24500     |      84    |    4736 
   limb_darkening_ld_c2           |    3.33  |      333  |    23800     |      79    |    7095 

All the chains have converged, but PyORBIT should keep running for about:
26332 more steps to reach 50*ACF,
21717 more steps to reach 100*ACF
Suggested value for burnin: 27677

 Plotting the ACF... 


====================================================================================================
     Ids, spaces (s), boundaries (b) and priors (p) of the sampler parameters     
====================================================================================================

----- dataset:  LCdata
jitter_0      id:   6  s:Linear      b:[      0.0000,       0.0500]   p:Uniform   []

----- dataset: LCdata                    ----- model: lc_model_b                    
Tc_0          id:   7  s:Linear      b:[      1.9214,       2.4200]   p:Uniform   []
Tc_1          id:   8  s:Linear      b:[      6.0797,       6.5783]   p:Uniform   []
Tc_2          id:   9  s:Linear      b:[     10.2394,      10.7381]   p:Uniform   []
Tc_3          id:  10  s:Linear      b:[     14.3978,      14.8964]   p:Uniform   []
Tc_4          id:  11  s:Linear      b:[     18.5575,      19.0561]   p:Uniform   []
Tc_5          id:  12  s:Linear      b:[     22.7158,      23.2144]   p:Uniform   []

----- common model:  b
P             id:   0  s:Linear      b:[      4.1550,       4.1650]   p:Gaussian   [4.159151e+00 2.000000e-05]
R_Rs          id:   1  s:Linear      b:[      0.0000,       0.5000]   p:Uniform   []
b             id:   2  s:Linear      b:[      0.0000,       2.0000]   p:Uniform   []
e             derived (no id, space, bound)                           p:None   []
omega         derived (no id, space, bound)                           p:None   []

----- common model:  star_parameters
density       id:   5  s:Linear      b:[      0.0000,       5.0000]   p:Gaussian   [0.7 0.1]
mass          derived (no id, space, bound)                           p:Gaussian   [1.05 0.04]
radius        derived (no id, space, bound)                           p:Gaussian   [1.15 0.04]

----- common model:  limb_darkening
ld_c1         id:   3  s:Linear      b:[      0.0000,       1.0000]   p:Gaussian   [0.5  0.05]
ld_c2         id:   4  s:Linear      b:[     -1.0000,       1.0000]   p:Gaussian   [0.1  0.05]


****************************************************************************************************
****************************************************************************************************

 Confidence intervals (median value, 34.135th percentile from the median on the left and right side)

====================================================================================================
     Statistics on the posterior of the sampler parameters     
====================================================================================================

----- dataset:  LCdata
jitter_0         6      0.000049    -0.000027     0.000023   (15-84 p)   [    0.0000,     0.0500]

----- dataset: LCdata                    ----- model: lc_model_b                    
Tc_0             7       2.17024     -0.00018      0.00018   (15-84 p)   [    1.9214,     2.4200]
Tc_1             8       6.32957     -0.00017      0.00018   (15-84 p)   [    6.0797,     6.5783]
Tc_2             9      10.48905     -0.00018      0.00018   (15-84 p)   [   10.2394,    10.7381]
Tc_3            10      14.64770     -0.00017      0.00018   (15-84 p)   [   14.3978,    14.8964]
Tc_4            11      18.80614     -0.00018      0.00017   (15-84 p)   [   18.5575,    19.0561]
Tc_5            12      22.96500     -0.00018      0.00018   (15-84 p)   [   22.7158,    23.2144]

----- common model:  b
P                0      4.159151    -0.000021     0.000020   (15-84 p)   [    4.1550,     4.1650]
R_Rs             1       0.09966     -0.00033      0.00044   (15-84 p)   [    0.0000,     0.5000]
b                2         0.122       -0.081        0.082   (15-84 p)   [    0.0000,     2.0000]

----- common model:  star_parameters
density          5         0.721       -0.027        0.013   (15-84 p)   [    0.0000,     5.0000]

----- common model:  limb_darkening
ld_c1            3         0.520       -0.020        0.020   (15-84 p)   [    0.0000,     1.0000]
ld_c2            4         0.078       -0.039        0.039   (15-84 p)   [   -1.0000,     1.0000]

====================================================================================================
     Statistics on the model parameters obtained from the posteriors samples     
====================================================================================================

----- dataset:  LCdata
jitter_0              0.000049    -0.000027     0.000023    (15-84 p)


----- dataset: LCdata                    ----- model: lc_model_b                    
Tc_0                   2.17024     -0.00018      0.00018    (15-84 p)
Tc_1                   6.32957     -0.00017      0.00018    (15-84 p)
Tc_2                  10.48905     -0.00018      0.00018    (15-84 p)
Tc_3                  14.64770     -0.00017      0.00018    (15-84 p)
Tc_4                  18.80614     -0.00018      0.00017    (15-84 p)
Tc_5                  22.96500     -0.00018      0.00018    (15-84 p)

----- common model:  b
P                     4.159151    -0.000021     0.000020    (15-84 p)
e                         0.00                              [fixed]
omega                90.000000                              [fixed]
R_Rs                   0.09966     -0.00033      0.00044    (15-84 p)
b                        0.122       -0.081        0.082    (15-84 p)

----- common model:  star_parameters
density                  0.721       -0.027        0.013    (15-84 p)

----- common model:  limb_darkening
ld_c1                    0.520       -0.020        0.020    (15-84 p)
ld_c2                    0.078       -0.039        0.039    (15-84 p)

====================================================================================================
     Statistics on the derived parameters obtained from the posteriors samples     
====================================================================================================

----- common model:  b
a_Rs                     9.753        -0.12        0.060    (15-84 p)
i                        89.28        -0.50         0.48    (15-84 p)
R_Rj                     1.117       -0.038        0.039    (15-84 p)
R_Re                     12.52        -0.43         0.44    (15-84 p)
T_41                   0.14869     -0.00033      0.00036    (15-84 p)
T_32                   0.12120     -0.00061      0.00042    (15-84 p)
a_AU_(rho,R)            0.0521      -0.0019       0.0019    (15-84 p)


====================================================================================================
     ------------------------------------------------------------------------------------------     
====================================================================================================



****************************************************************************************************

 Parameters corresponding to the Maximum a Posteriori probability ( 96941.80796085276 )

====================================================================================================
     Statistics on the posterior of the sampler parameters     
====================================================================================================

----- dataset:  LCdata
jitter_0         6      0.000055 [    0.0000,     0.0500]

----- dataset: LCdata                    ----- model: lc_model_b                    
Tc_0             7      2.170104 [    1.9214,     2.4200]
Tc_1             8      6.329520 [    6.0797,     6.5783]
Tc_2             9     10.488945 [   10.2394,    10.7381]
Tc_3            10     14.647692 [   14.3978,    14.8964]
Tc_4            11     18.806124 [   18.5575,    19.0561]
Tc_5            12     22.965009 [   22.7158,    23.2144]

----- common model:  b
P                0      4.159150 [    4.1550,     4.1650]
R_Rs             1      0.099556 [    0.0000,     0.5000]
b                2      0.078307 [    0.0000,     2.0000]

----- common model:  star_parameters
density          5      0.732397 [    0.0000,     5.0000]

----- common model:  limb_darkening
ld_c1            3      0.520429 [    0.0000,     1.0000]
ld_c2            4      0.068993 [   -1.0000,     1.0000]

====================================================================================================
     Statistics on the model parameters obtained from the posteriors samples     
====================================================================================================

----- dataset:  LCdata
jitter_0              0.000055 


----- dataset: LCdata                    ----- model: lc_model_b                    
Tc_0                  2.170104 
Tc_1                  6.329520 
Tc_2                 10.488945 
Tc_3                 14.647692 
Tc_4                 18.806124 
Tc_5                 22.965009 

----- common model:  b
P                     4.159150 
e                         0.00 
omega                90.000000 
R_Rs                  0.099556 
b                     0.078307 

----- common model:  star_parameters
density               0.732397 

----- common model:  limb_darkening
ld_c1                 0.520429 
ld_c2                 0.068993 

====================================================================================================
     Statistics on the derived parameters obtained from the posteriors samples     
====================================================================================================

----- common model:  b
a_Rs                  9.806211 
i                    89.542465 
R_Rj                  1.113320 
R_Re                 12.479111 
T_41                  0.148385 
T_32                  0.121278 
a_AU_(rho,R)          0.052407 


====================================================================================================
     ------------------------------------------------------------------------------------------     
====================================================================================================



****************************************************************************************************

 Parameters corresponding to the sample closest to the median values ( 96940.98135071767 )

====================================================================================================
     Statistics on the posterior of the sampler parameters     
====================================================================================================

----- dataset:  LCdata
jitter_0         6      0.000054 [    0.0000,     0.0500]

----- dataset: LCdata                    ----- model: lc_model_b                    
Tc_0             7      2.170182 [    1.9214,     2.4200]
Tc_1             8      6.329594 [    6.0797,     6.5783]
Tc_2             9     10.489154 [   10.2394,    10.7381]
Tc_3            10     14.647769 [   14.3978,    14.8964]
Tc_4            11     18.806125 [   18.5575,    19.0561]
Tc_5            12     22.964946 [   22.7158,    23.2144]

----- common model:  b
P                0      4.159163 [    4.1550,     4.1650]
R_Rs             1      0.099602 [    0.0000,     0.5000]
b                2      0.106428 [    0.0000,     2.0000]

----- common model:  star_parameters
density          5      0.728749 [    0.0000,     5.0000]

----- common model:  limb_darkening
ld_c1            3      0.517773 [    0.0000,     1.0000]
ld_c2            4      0.080669 [   -1.0000,     1.0000]

====================================================================================================
     Statistics on the model parameters obtained from the posteriors samples     
====================================================================================================

----- dataset:  LCdata
jitter_0              0.000054 


----- dataset: LCdata                    ----- model: lc_model_b                    
Tc_0                  2.170182 
Tc_1                  6.329594 
Tc_2                 10.489154 
Tc_3                 14.647769 
Tc_4                 18.806125 
Tc_5                 22.964946 

----- common model:  b
P                     4.159163 
e                         0.00 
omega                90.000000 
R_Rs                  0.099602 
b                     0.106428 

----- common model:  star_parameters
density               0.728749 

----- common model:  limb_darkening
ld_c1                 0.517773 
ld_c2                 0.080669 

====================================================================================================
     Statistics on the derived parameters obtained from the posteriors samples     
====================================================================================================

----- common model:  b
a_Rs                  9.789926 
i                    89.377116 
R_Rj                  1.116702 
R_Re                 12.517017 
T_41                  0.148321 
T_32                  0.121084 
a_AU_(rho,R)          0.052454 


====================================================================================================
     ------------------------------------------------------------------------------------------     
====================================================================================================



****************************************************************************************************

Note: priors on stellar mass and radius provided independently from the measured density, no check for consistency is performed

 Plot FLAT chain 

****************************************************************************************************

Plotting full_correlation plot with pygtc

****************************************************************************************************

 Plotting the chains... 

****************************************************************************************************

 Plotting the Gelman-Rubin traces... 

     Gelman-Rubin:     6     1.003413 LCdata_jitter_0 
     Gelman-Rubin:     7     1.002054 LCdata_lc_model_b_Tc_0 
     Gelman-Rubin:     8     1.001328 LCdata_lc_model_b_Tc_1 
     Gelman-Rubin:     9     1.002084 LCdata_lc_model_b_Tc_2 
     Gelman-Rubin:    10     1.002242 LCdata_lc_model_b_Tc_3 
     Gelman-Rubin:    11     1.001527 LCdata_lc_model_b_Tc_4 
     Gelman-Rubin:    12     1.001405 LCdata_lc_model_b_Tc_5 
     Gelman-Rubin:     0     1.002349 b_P 
     Gelman-Rubin:     1     1.006643 b_R_Rs 
     Gelman-Rubin:     2     1.008319 b_b 
     Gelman-Rubin:     5     1.008705 star_parameters_density 
     Gelman-Rubin:     3     1.000927 limb_darkening_ld_c1 
     Gelman-Rubin:     4     1.001641 limb_darkening_ld_c2 

****************************************************************************************************

 Plotting the common models corner plots
     Common model:  b
     Common model:  star_parameters
     Common model:  limb_darkening

****************************************************************************************************

 Dataset + models corner plots 

     Dataset:  LCdata     model:  lc_model_b  corner plot  starting 
     Dataset:  LCdata     model:  lc_model_b  corner plot  done 

****************************************************************************************************

 Saving the planet parameter samplings to files (with plots)

****************************************************************************************************

 Saving all the parameter samplings to files (with plots)

****************************************************************************************************

 Computing the models for plot/data writing 
 Writing the plots 
 Writing the   data files 
 Writing the  MAP_ data files 
 Writing the  sampleMED_ data files 

****************************************************************************************************

