
PyORBIT v10.6.0

Python version in use:
3.10.14 (main, May  6 2024, 19:42:50) [GCC 11.2.0]

reloaded_optimize:  False
reloaded_pyde:  False
reloaded_emcee:  False

number of multiprocessing threads: 16
multiprocessing method (should be fork):  fork

parameters/safe_reload flag (must be True for tinygp):  False

Opening:  LCdata_inst00
Opening:  LCdata_inst01
Adding common model of planet:  b
  LC model: lc_model_inst0_b is using limb_darkening LD parameters
  LC model: lc_model_inst1_b is using limb_darkening LD parameters
Using orbital model:  circular
Using orbital parametrization:  Eastman2013
Time of inferior conjunction replacing mean longitude as a free parameter:  True

Using limb darkening coefficient parametrization:  Standard

====================================================================================================
     Ids, spaces (s), boundaries (b) and priors (p) of the sampler parameters     
====================================================================================================

----- dataset:  LCdata_inst00
jitter_0      id:   6  s:Linear      b:[      0.0000,       0.0500]   p:Uniform   []

----- dataset: LCdata_inst00             ----- model: lc_model_inst0_b              
Tc_0          id:   7  s:Linear      b:[      1.9214,       2.4200]   p:Uniform   []
Tc_1          id:   8  s:Linear      b:[      6.0797,       6.5783]   p:Uniform   []
Tc_2          id:   9  s:Linear      b:[     10.2394,      10.7381]   p:Uniform   []
Tc_3          id:  10  s:Linear      b:[     14.3978,      14.8964]   p:Uniform   []
Tc_4          id:  11  s:Linear      b:[     18.5575,      19.0561]   p:Uniform   []
Tc_5          id:  12  s:Linear      b:[     22.7158,      23.2144]   p:Uniform   []

----- dataset:  LCdata_inst01
jitter_0      id:  13  s:Linear      b:[      0.0000,       0.0500]   p:Uniform   []

----- dataset: LCdata_inst01             ----- model: lc_model_inst1_b              
Tc_3          id:  14  s:Linear      b:[     14.3988,      14.8975]   p:Uniform   []
Tc_4          id:  15  s:Linear      b:[     18.5572,      19.0558]   p:Uniform   []
Tc_5          id:  16  s:Linear      b:[     22.7169,      23.2155]   p:Uniform   []
Tc_6          id:  17  s:Linear      b:[     26.8752,      27.3738]   p:Uniform   []
Tc_7          id:  18  s:Linear      b:[     31.0350,      31.5336]   p:Uniform   []
Tc_8          id:  19  s:Linear      b:[     35.1933,      35.6919]   p:Uniform   []

----- common model:  b
P             id:   0  s:Linear      b:[      4.1550,       4.1650]   p:Gaussian   [4.159151e+00 2.000000e-05]
R_Rs          id:   1  s:Linear      b:[      0.0000,       0.5000]   p:Uniform   []
b             id:   2  s:Linear      b:[      0.0000,       2.0000]   p:Uniform   []
e             derived (no id, space, bound)                           p:None   []
omega         derived (no id, space, bound)                           p:None   []

----- common model:  star_parameters
density       id:   5  s:Linear      b:[      0.0000,       5.0000]   p:Gaussian   [0.7 0.1]
mass          derived (no id, space, bound)                           p:Gaussian   [1.05 0.04]
radius        derived (no id, space, bound)                           p:Gaussian   [1.15 0.04]

----- common model:  limb_darkening
ld_c1         id:   3  s:Linear      b:[      0.0000,       1.0000]   p:Gaussian   [0.5  0.05]
ld_c2         id:   4  s:Linear      b:[     -1.0000,       1.0000]   p:Gaussian   [0.1  0.05]

Include priors:  True

Reference Time Tref:  0.0

Dimensions =  20
Nwalkers =  80

Using threading pool for PyDE: True
PyDE running
Boundaries redefined after PyDE output
PyDE completed, it took          7.8 seconds

====================================================================================================
     Starting point of the sample/optimization routines    
====================================================================================================

----- dataset:  LCdata_inst00
jitter_0         6      0.000055 [    0.0000,     0.0500]

----- dataset: LCdata_inst00             ----- model: lc_model_inst0_b              
Tc_0             7      2.170233 [    1.9214,     2.4200]
Tc_1             8      6.329575 [    6.0797,     6.5783]
Tc_2             9     10.489046 [   10.2394,    10.7381]
Tc_3            10     14.647699 [   14.3978,    14.8964]
Tc_4            11     18.806132 [   18.5575,    19.0561]
Tc_5            12     22.965004 [   22.7158,    23.2144]

----- dataset:  LCdata_inst01
jitter_0        13      0.000005 [    0.0000,     0.0500]

----- dataset: LCdata_inst01             ----- model: lc_model_inst1_b              
Tc_3            14     14.648108 [   14.3988,    14.8975]
Tc_4            15     18.806578 [   18.5572,    19.0558]
Tc_5            16     22.965255 [   22.7169,    23.2155]
Tc_6            17     27.123683 [   26.8752,    27.3738]
Tc_7            18     31.283083 [   31.0350,    31.5336]
Tc_8            19     35.442799 [   35.1933,    35.6919]

----- common model:  b
P                0      4.159151 [    4.1550,     4.1650]
R_Rs             1      0.099758 [    0.0000,     0.5000]
b                2      0.110169 [    0.0000,     2.0000]

----- common model:  star_parameters
density          5      0.723905 [    0.0000,     5.0000]

----- common model:  limb_darkening
ld_c1            3      0.492130 [    0.0000,     1.0000]
ld_c2            4      0.119027 [   -1.0000,     1.0000]

====================================================================================================
     Starting point projected onto the model parameter space     
====================================================================================================

----- dataset:  LCdata_inst00
jitter_0              0.000055 


----- dataset: LCdata_inst00             ----- model: lc_model_inst0_b              
Tc_0                  2.170233 
Tc_1                  6.329575 
Tc_2                 10.489046 
Tc_3                 14.647699 
Tc_4                 18.806132 
Tc_5                 22.965004 

----- dataset:  LCdata_inst01
jitter_0              0.000005 


----- dataset: LCdata_inst01             ----- model: lc_model_inst1_b              
Tc_3                 14.648108 
Tc_4                 18.806578 
Tc_5                 22.965255 
Tc_6                 27.123683 
Tc_7                 31.283083 
Tc_8                 35.442799 

----- common model:  b
P                     4.159151 
e                         0.00 
omega                90.000000 
R_Rs                  0.099758 
b                     0.110169 

----- common model:  star_parameters
density               0.723905 

----- common model:  limb_darkening
ld_c1                 0.492130 
ld_c2                 0.119027 

====================================================================================================
     Derived parameters obtained from starting point     
====================================================================================================

----- common model:  b
a_Rs                  9.768165 
i                    89.353785 
R_Rj                  1.130898 
R_Re                 12.676137 
T_41                  0.148624 
T_32                  0.121272 
a_AU_(rho,R)          0.052920 


====================================================================================================
     Statistics on the log-likelihood     
====================================================================================================

 LN probability: 194005.925029 

====================================================================================================
     ------------------------------------------------------------------------------------------     
====================================================================================================



*************************************************************

Running emcee

emcee version:  3.1.6
Using threading pool for emcee: True


Computing the autocorrelation time of the chains

***** WARNING ******
The integrated autocorrelation time cannot be reliably estimated
likely the chains are too short, and ACF analysis is not fully reliable
emcee.autocorr.integrated_time tolerance lowered to 20
If you still get a warning, you should drop these results entirely

Reference thinning used in the analysis: 100
Step length used in the analysis: 12*nthin = 1200

Convergence criteria: less than 1% variation in ACF after 20 times the integrated ACF
At least 50*ACF after convergence, 100*ACF would be ideal
Negative values: not converged yet

   sampler parameter              |    ACF   | ACF*nthin | converged at | nsteps/ACF | to 100*ACF
                                  |          |           |              |            | 
   LCdata_inst00_jitter_0         |    5.35  |      535  |    24000     |      49    |   27455 
   LCdata_inst00_lc_model_inst0_b_Tc_0 |    5.12  |      512  |    32400     |      34    |   33556 
   LCdata_inst00_lc_model_inst0_b_Tc_1 |    5.39  |      539  |    22800     |      50    |   26692 
   LCdata_inst00_lc_model_inst0_b_Tc_2 |    5.35  |      535  |    26400     |      44    |   29882 
   LCdata_inst00_lc_model_inst0_b_Tc_3 |    4.94  |      494  |    30000     |      41    |   29370 
   LCdata_inst00_lc_model_inst0_b_Tc_4 |    5.13  |      513  |    24000     |      51    |   25261 
   LCdata_inst00_lc_model_inst0_b_Tc_5 |    4.83  |      483  |    24000     |      54    |   22300 
   LCdata_inst01_jitter_0         |    5.36  |      536  |    36000     |      26    |   39645 
   LCdata_inst01_lc_model_inst1_b_Tc_3 |    5.18  |      518  |    27600     |      43    |   29418 
   LCdata_inst01_lc_model_inst1_b_Tc_4 |    5.36  |      536  |    34800     |      28    |   38402 
   LCdata_inst01_lc_model_inst1_b_Tc_5 |    5.17  |      517  |    28800     |      41    |   30495 
   LCdata_inst01_lc_model_inst1_b_Tc_6 |    5.18  |      518  |    28800     |      41    |   30606 
   LCdata_inst01_lc_model_inst1_b_Tc_7 |    5.19  |      519  |    24000     |      50    |   25866 
   LCdata_inst01_lc_model_inst1_b_Tc_8 |    4.79  |      479  |    26400     |      49    |   24276 
   b_P                            |    5.29  |      529  |    34800     |      29    |   37717 
   b_R_Rs                         |   10.12  |     1012  |    33600     |      16    |   84819 
   b_b                            |   12.03  |     1203  |    39600     |       9    |  109913 
   star_parameters_density        |   11.67  |     1167  |    39600     |       9    |  106338 
   limb_darkening_ld_c1           |    5.33  |      533  |    34800     |      28    |   38136 
   limb_darkening_ld_c2           |    5.66  |      566  |    22800     |      48    |   29409 

All the chains have converged, but PyORBIT should keep running for about:
13120 more steps to reach 50*ACF,
40978 more steps to reach 100*ACF
Suggested value for burnin: 29760

====================================================================================================
     Statistics on the posterior of the sampler parameters     
====================================================================================================

----- dataset:  LCdata_inst00
jitter_0         6      0.000049    -0.000027     0.000024   (15-84 p)   [    0.0000,     0.0500]

----- dataset: LCdata_inst00             ----- model: lc_model_inst0_b              
Tc_0             7       2.17024     -0.00018      0.00018   (15-84 p)   [    1.9214,     2.4200]
Tc_1             8       6.32957     -0.00017      0.00017   (15-84 p)   [    6.0797,     6.5783]
Tc_2             9      10.48905     -0.00019      0.00018   (15-84 p)   [   10.2394,    10.7381]
Tc_3            10      14.64770     -0.00017      0.00018   (15-84 p)   [   14.3978,    14.8964]
Tc_4            11      18.80614     -0.00017      0.00017   (15-84 p)   [   18.5575,    19.0561]
Tc_5            12      22.96500     -0.00017      0.00018   (15-84 p)   [   22.7158,    23.2144]

----- dataset:  LCdata_inst01
jitter_0        13      0.000027    -0.000015     0.000021   (15-84 p)   [    0.0000,     0.0500]

----- dataset: LCdata_inst01             ----- model: lc_model_inst1_b              
Tc_3            14      14.64811     -0.00018      0.00017   (15-84 p)   [   14.3988,    14.8975]
Tc_4            15      18.80657     -0.00018      0.00018   (15-84 p)   [   18.5572,    19.0558]
Tc_5            16      22.96526     -0.00018      0.00018   (15-84 p)   [   22.7169,    23.2155]
Tc_6            17      27.12368     -0.00017      0.00018   (15-84 p)   [   26.8752,    27.3738]
Tc_7            18      31.28309     -0.00017      0.00017   (15-84 p)   [   31.0350,    31.5336]
Tc_8            19      35.44280     -0.00017      0.00017   (15-84 p)   [   35.1933,    35.6919]

----- common model:  b
P                0      4.159151    -0.000020     0.000020   (15-84 p)   [    4.1550,     4.1650]
R_Rs             1       0.09977     -0.00024      0.00032   (15-84 p)   [    0.0000,     0.5000]
b                2         0.105       -0.069        0.068   (15-84 p)   [    0.0000,     2.0000]

----- common model:  star_parameters
density          5        0.7249       -0.019       0.0097   (15-84 p)   [    0.0000,     5.0000]

----- common model:  limb_darkening
ld_c1            3         0.492       -0.017        0.017   (15-84 p)   [    0.0000,     1.0000]
ld_c2            4         0.117       -0.034        0.035   (15-84 p)   [   -1.0000,     1.0000]

====================================================================================================
     Statistics on the model parameters obtained from the posteriors samples     
====================================================================================================

----- dataset:  LCdata_inst00
jitter_0              0.000049    -0.000027     0.000024    (15-84 p)


----- dataset: LCdata_inst00             ----- model: lc_model_inst0_b              
Tc_0                   2.17024     -0.00018      0.00018    (15-84 p)
Tc_1                   6.32957     -0.00017      0.00017    (15-84 p)
Tc_2                  10.48905     -0.00019      0.00018    (15-84 p)
Tc_3                  14.64770     -0.00017      0.00018    (15-84 p)
Tc_4                  18.80614     -0.00017      0.00017    (15-84 p)
Tc_5                  22.96500     -0.00017      0.00018    (15-84 p)

----- dataset:  LCdata_inst01
jitter_0              0.000027    -0.000015     0.000021    (15-84 p)


----- dataset: LCdata_inst01             ----- model: lc_model_inst1_b              
Tc_3                  14.64811     -0.00018      0.00017    (15-84 p)
Tc_4                  18.80657     -0.00018      0.00018    (15-84 p)
Tc_5                  22.96526     -0.00018      0.00018    (15-84 p)
Tc_6                  27.12368     -0.00017      0.00018    (15-84 p)
Tc_7                  31.28309     -0.00017      0.00017    (15-84 p)
Tc_8                  35.44280     -0.00017      0.00017    (15-84 p)

----- common model:  b
P                     4.159151    -0.000020     0.000020    (15-84 p)
e                         0.00                              [fixed]
omega                90.000000                              [fixed]
R_Rs                   0.09977     -0.00024      0.00032    (15-84 p)
b                        0.105       -0.069        0.068    (15-84 p)

----- common model:  star_parameters
density                 0.7249       -0.019       0.0097    (15-84 p)

----- common model:  limb_darkening
ld_c1                    0.492       -0.017        0.017    (15-84 p)
ld_c2                    0.117       -0.034        0.035    (15-84 p)

====================================================================================================
     Statistics on the derived parameters obtained from the posteriors samples     
====================================================================================================

----- common model:  b
a_Rs                     9.773       -0.086        0.043    (15-84 p)
i                        89.38        -0.41         0.40    (15-84 p)
R_Rj                     1.117       -0.039        0.039    (15-84 p)
R_Re                     12.52        -0.44         0.44    (15-84 p)
T_41                   0.14864     -0.00025      0.00026    (15-84 p)
T_32                   0.12125     -0.00045      0.00032    (15-84 p)
a_AU_(rho,R)            0.0522      -0.0019       0.0019    (15-84 p)


====================================================================================================
     ------------------------------------------------------------------------------------------     
====================================================================================================



emcee completed

