
PyORBIT v10.6.0

Python version in use:
3.10.14 (main, May  6 2024, 19:42:50) [GCC 11.2.0]

reloaded_optimize:  False
reloaded_pyde:  False
reloaded_emcee:  False

number of multiprocessing threads: 16
multiprocessing method (should be fork):  fork

parameters/safe_reload flag (must be True for tinygp):  False

Opening:  LCdata_inst00
Opening:  LCdata_inst01
Adding common model of planet:  b
Adding common model of planet:  c
  LC model: lc_model_inst00_b is using limb_darkening LD parameters
  LC model: lc_model_inst00_c is using limb_darkening LD parameters
  LC model: lc_model_inst01_b is using limb_darkening LD parameters
  LC model: lc_model_inst01_c is using limb_darkening LD parameters
Using orbital model:  circular
Using orbital parametrization:  Eastman2013
Time of inferior conjunction replacing mean longitude as a free parameter:  True
Dataset flag of times of inferior conjuctions:  id_transit_b

Using orbital model:  circular
Using orbital parametrization:  Eastman2013
Time of inferior conjunction replacing mean longitude as a free parameter:  True
Dataset flag of times of inferior conjuctions:  id_transit_c

Using limb darkening coefficient parametrization:  Standard
Using RoadRunner Model from PyTransit
Using RoadRunner Model from PyTransit
Using RoadRunner Model from PyTransit
Using RoadRunner Model from PyTransit

====================================================================================================
     Ids, spaces (s), boundaries (b) and priors (p) of the sampler parameters     
====================================================================================================

----- dataset:  LCdata_inst00
jitter_0      id:   9  s:Linear      b:[      0.0000,       0.0500]   p:Uniform   []

----- dataset: LCdata_inst00             ----- model: lc_model_inst00_b             
Tc_0          id:  10  s:Linear      b:[      1.9214,       2.4200]   p:Uniform   []
Tc_1          id:  11  s:Linear      b:[      6.0797,       6.5783]   p:Uniform   []
Tc_2          id:  12  s:Linear      b:[     10.2394,      10.7381]   p:Uniform   []
Tc_3          id:  13  s:Linear      b:[     14.3978,      14.8964]   p:Uniform   []
Tc_4          id:  14  s:Linear      b:[     18.5575,      19.0561]   p:Uniform   []
Tc_5          id:  15  s:Linear      b:[     22.7158,      23.2144]   p:Uniform   []

----- dataset: LCdata_inst00             ----- model: lc_model_inst00_c             
Tc_0          id:  16  s:Linear      b:[      1.7214,       2.2200]   p:Uniform   []
Tc_1          id:  17  s:Linear      b:[     10.7506,      11.2492]   p:Uniform   []
Tc_2          id:  18  s:Linear      b:[     19.7811,      20.2797]   p:Uniform   []

----- dataset:  LCdata_inst01
jitter_0      id:  19  s:Linear      b:[      0.0000,       0.0500]   p:Uniform   []

----- dataset: LCdata_inst01             ----- model: lc_model_inst01_b             
Tc_3          id:  20  s:Linear      b:[     14.3988,      14.8975]   p:Uniform   []
Tc_4          id:  21  s:Linear      b:[     18.5572,      19.0558]   p:Uniform   []
Tc_5          id:  22  s:Linear      b:[     22.7169,      23.2155]   p:Uniform   []
Tc_6          id:  23  s:Linear      b:[     26.8752,      27.3738]   p:Uniform   []
Tc_7          id:  24  s:Linear      b:[     31.0350,      31.5336]   p:Uniform   []
Tc_8          id:  25  s:Linear      b:[     35.1933,      35.6919]   p:Uniform   []

----- dataset: LCdata_inst01             ----- model: lc_model_inst01_c             
Tc_2          id:  26  s:Linear      b:[     19.7822,      20.2808]   p:Uniform   []
Tc_3          id:  27  s:Linear      b:[     28.8127,      29.3113]   p:Uniform   []

----- common model:  b
P             id:   0  s:Linear      b:[      4.1550,       4.1650]   p:Gaussian   [4.159151e+00 2.000000e-05]
R_Rs          id:   1  s:Linear      b:[      0.0000,       0.5000]   p:Uniform   []
b             id:   2  s:Linear      b:[      0.0000,       2.0000]   p:Uniform   []
e             derived (no id, space, bound)                           p:None   []
omega         derived (no id, space, bound)                           p:None   []

----- common model:  c
P             id:   6  s:Linear      b:[      9.0200,       9.0400]   p:Gaussian   [9.030501e+00 2.000000e-05]
R_Rs          id:   7  s:Linear      b:[      0.0000,       0.5000]   p:Uniform   []
b             id:   8  s:Linear      b:[      0.0000,       2.0000]   p:Uniform   []
e             derived (no id, space, bound)                           p:None   []
omega         derived (no id, space, bound)                           p:None   []

----- common model:  star_parameters
density       id:   5  s:Linear      b:[      0.0000,       5.0000]   p:Gaussian   [0.7 0.1]
mass          derived (no id, space, bound)                           p:Gaussian   [1.05 0.04]
radius        derived (no id, space, bound)                           p:Gaussian   [1.15 0.04]

----- common model:  limb_darkening
ld_c1         id:   3  s:Linear      b:[      0.0000,       1.0000]   p:Gaussian   [0.5  0.05]
ld_c2         id:   4  s:Linear      b:[     -1.0000,       1.0000]   p:Gaussian   [0.1  0.05]

Include priors:  True

Reference Time Tref:  0.0

Dimensions =  28
Nwalkers =  112

Using threading pool for PyDE: True
PyDE running
Boundaries redefined after PyDE output
PyDE completed, it took        231.5 seconds

====================================================================================================
     Starting point of the sample/optimization routines    
====================================================================================================

----- dataset:  LCdata_inst00
jitter_0         9      0.000006 [    0.0000,     0.0500]

----- dataset: LCdata_inst00             ----- model: lc_model_inst00_b             
Tc_0            10      2.169911 [    1.9214,     2.4200]
Tc_1            11      6.330031 [    6.0797,     6.5783]
Tc_2            12     10.489161 [   10.2394,    10.7381]
Tc_3            13     14.648019 [   14.3978,    14.8964]
Tc_4            14     18.806206 [   18.5575,    19.0561]
Tc_5            15     22.965239 [   22.7158,    23.2144]

----- dataset: LCdata_inst00             ----- model: lc_model_inst00_c             
Tc_0            16      1.969431 [    1.7214,     2.2200]
Tc_1            17     11.000967 [   10.7506,    11.2492]
Tc_2            18     20.031786 [   19.7811,    20.2797]

----- dataset:  LCdata_inst01
jitter_0        19      0.000021 [    0.0000,     0.0500]

----- dataset: LCdata_inst01             ----- model: lc_model_inst01_b             
Tc_3            20     14.647995 [   14.3988,    14.8975]
Tc_4            21     18.806204 [   18.5572,    19.0558]
Tc_5            22     22.965044 [   22.7169,    23.2155]
Tc_6            23     27.123603 [   26.8752,    27.3738]
Tc_7            24     31.283068 [   31.0350,    31.5336]
Tc_8            25     35.442986 [   35.1933,    35.6919]

----- dataset: LCdata_inst01             ----- model: lc_model_inst01_c             
Tc_2            26     20.030896 [   19.7822,    20.2808]
Tc_3            27     29.062198 [   28.8127,    29.3113]

----- common model:  b
P                0      4.159151 [    4.1550,     4.1650]
R_Rs             1      0.100069 [    0.0000,     0.5000]
b                2      0.178806 [    0.0000,     2.0000]

----- common model:  c
P                6      9.030501 [    9.0200,     9.0400]
R_Rs             7      0.050111 [    0.0000,     0.5000]
b                8      0.286755 [    0.0000,     2.0000]

----- common model:  star_parameters
density          5      0.705183 [    0.0000,     5.0000]

----- common model:  limb_darkening
ld_c1            3      0.506246 [    0.0000,     1.0000]
ld_c2            4      0.087952 [   -1.0000,     1.0000]

====================================================================================================
     Starting point projected onto the model parameter space     
====================================================================================================

----- dataset:  LCdata_inst00
jitter_0              0.000006 


----- dataset: LCdata_inst00             ----- model: lc_model_inst00_b             
Tc_0                  2.169911 
Tc_1                  6.330031 
Tc_2                 10.489161 
Tc_3                 14.648019 
Tc_4                 18.806206 
Tc_5                 22.965239 

----- dataset: LCdata_inst00             ----- model: lc_model_inst00_c             
Tc_0                  1.969431 
Tc_1                 11.000967 
Tc_2                 20.031786 

----- dataset:  LCdata_inst01
jitter_0              0.000021 


----- dataset: LCdata_inst01             ----- model: lc_model_inst01_b             
Tc_3                 14.647995 
Tc_4                 18.806204 
Tc_5                 22.965044 
Tc_6                 27.123603 
Tc_7                 31.283068 
Tc_8                 35.442986 

----- dataset: LCdata_inst01             ----- model: lc_model_inst01_c             
Tc_2                 20.030896 
Tc_3                 29.062198 

----- common model:  b
P                     4.159151 
e                         0.00 
omega                90.000000 
R_Rs                  0.100069 
b                     0.178806 

----- common model:  c
P                     9.030501 
e                         0.00 
omega                90.000000 
R_Rs                  0.050111 
b                     0.286755 

----- common model:  star_parameters
density               0.705183 

----- common model:  limb_darkening
ld_c1                 0.506246 
ld_c2                 0.087952 

====================================================================================================
     Derived parameters obtained from starting point     
====================================================================================================

----- common model:  b
a_Rs                  9.683219 
i                    88.941940 
R_Rj                  1.179623 
R_Re                 13.222295 
T_41                  0.148740 
T_32                  0.120774 
a_AU_(rho,R)          0.054550 

----- common model:  c
a_Rs                 16.236455 
i                    88.988035 
R_Rj                  0.562333 
R_Re                  6.303141 
T_41                  0.178989 
T_32                  0.160430 
a_AU_(rho,R)          0.087073 


====================================================================================================
     Statistics on the log-likelihood     
====================================================================================================

 LN probability: 194085.842263 

====================================================================================================
     ------------------------------------------------------------------------------------------     
====================================================================================================



*************************************************************

Running emcee

emcee version:  3.1.6
Using threading pool for emcee: True


Computing the autocorrelation time of the chains

***** WARNING ******
The integrated autocorrelation time cannot be reliably estimated
likely the chains are too short, and ACF analysis is not fully reliable
emcee.autocorr.integrated_time tolerance lowered to 20
If you still get a warning, you should drop these results entirely

Reference thinning used in the analysis: 100
Step length used in the analysis: 17*nthin = 1700

Convergence criteria: less than 1% variation in ACF after 20 times the integrated ACF
At least 50*ACF after convergence, 100*ACF would be ideal
Negative values: not converged yet

   sampler parameter              |    ACF   | ACF*nthin | converged at | nsteps/ACF | to 100*ACF
                                  |          |           |              |            | 
   LCdata_inst00_jitter_0         |    8.50  |      850  |    45900     |       5    |   80914 
   LCdata_inst00_lc_model_inst00_b_Tc_0 |    7.24  |      724  |    25500     |      34    |   47884 
   LCdata_inst00_lc_model_inst00_b_Tc_1 |    7.68  |      768  |    45900     |       5    |   72698 
   LCdata_inst00_lc_model_inst00_b_Tc_2 |    7.93  |      793  |    42500     |       9    |   71789 
   LCdata_inst00_lc_model_inst00_b_Tc_3 |    7.86  |      786  |       -1     |      -1    |   79423 
   LCdata_inst00_lc_model_inst00_b_Tc_4 |    7.22  |      722  |    34000     |      22    |   56249 
   LCdata_inst00_lc_model_inst00_b_Tc_5 |    7.78  |      778  |    49300     |       1    |   77134 
   LCdata_inst00_lc_model_inst00_c_Tc_0 |    7.82  |      782  |    44200     |       7    |   72371 
   LCdata_inst00_lc_model_inst00_c_Tc_1 |    7.69  |      769  |    45900     |       5    |   72785 
   LCdata_inst00_lc_model_inst00_c_Tc_2 |    7.16  |      716  |    39100     |      15    |   60694 
   LCdata_inst01_jitter_0         |    7.57  |      757  |    37400     |      17    |   63095 
   LCdata_inst01_lc_model_inst01_b_Tc_3 |    7.87  |      787  |       -1     |      -1    |   79487 
   LCdata_inst01_lc_model_inst01_b_Tc_4 |    7.54  |      754  |    39100     |      14    |   64546 
   LCdata_inst01_lc_model_inst01_b_Tc_5 |    7.44  |      744  |    40800     |      12    |   65215 
   LCdata_inst01_lc_model_inst01_b_Tc_6 |    7.45  |      745  |    42500     |      10    |   66974 
   LCdata_inst01_lc_model_inst01_b_Tc_7 |    7.52  |      752  |    32300     |      24    |   57489 
   LCdata_inst01_lc_model_inst01_b_Tc_8 |    7.76  |      776  |    37400     |      16    |   64975 
   LCdata_inst01_lc_model_inst01_c_Tc_2 |    7.37  |      737  |    34000     |      22    |   57690 
   LCdata_inst01_lc_model_inst01_c_Tc_3 |    7.98  |      798  |    35700     |      18    |   65498 
   b_P                            |    7.30  |      730  |    39100     |      15    |   62113 
   b_R_Rs                         |   15.49  |     1549  |    49300     |       0    |  154208 
   b_b                            |   17.75  |     1775  |    49300     |       0    |  176827 
   c_P                            |    7.63  |      763  |    37400     |      17    |   63664 
   c_R_Rs                         |   10.45  |     1045  |    45900     |       4    |  100370 
   c_b                            |   16.22  |     1622  |    49300     |       0    |  161523 
   star_parameters_density        |   16.45  |     1645  |    49300     |       0    |  163781 
   limb_darkening_ld_c1           |    7.62  |      762  |    45900     |       5    |   72114 
   limb_darkening_ld_c2           |    8.37  |      837  |    44200     |       7    |   77899 

     2 chains have not converged yet, keep going 

====================================================================================================
     Statistics on the posterior of the sampler parameters     
====================================================================================================

----- dataset:  LCdata_inst00
jitter_0         9      0.000030    -0.000018     0.000022   (15-84 p)   [    0.0000,     0.0500]

----- dataset: LCdata_inst00             ----- model: lc_model_inst00_b             
Tc_0            10       2.16991     -0.00017      0.00017   (15-84 p)   [    1.9214,     2.4200]
Tc_1            11       6.33004     -0.00018      0.00018   (15-84 p)   [    6.0797,     6.5783]
Tc_2            12      10.48916     -0.00018      0.00017   (15-84 p)   [   10.2394,    10.7381]
Tc_3            13      14.64802     -0.00018      0.00018   (15-84 p)   [   14.3978,    14.8964]
Tc_4            14      18.80620     -0.00017      0.00017   (15-84 p)   [   18.5575,    19.0561]
Tc_5            15      22.96524     -0.00018      0.00018   (15-84 p)   [   22.7158,    23.2144]

----- dataset: LCdata_inst00             ----- model: lc_model_inst00_c             
Tc_0            16       1.96943     -0.00055      0.00056   (15-84 p)   [    1.7214,     2.2200]
Tc_1            17      11.00101     -0.00062      0.00064   (15-84 p)   [   10.7506,    11.2492]
Tc_2            18      20.03180     -0.00063      0.00062   (15-84 p)   [   19.7811,    20.2797]

----- dataset:  LCdata_inst01
jitter_0        19      0.000035    -0.000020     0.000023   (15-84 p)   [    0.0000,     0.0500]

----- dataset: LCdata_inst01             ----- model: lc_model_inst01_b             
Tc_3            20      14.64799     -0.00018      0.00017   (15-84 p)   [   14.3988,    14.8975]
Tc_4            21      18.80621     -0.00017      0.00017   (15-84 p)   [   18.5572,    19.0558]
Tc_5            22      22.96504     -0.00017      0.00017   (15-84 p)   [   22.7169,    23.2155]
Tc_6            23      27.12360     -0.00017      0.00018   (15-84 p)   [   26.8752,    27.3738]
Tc_7            24      31.28307     -0.00017      0.00017   (15-84 p)   [   31.0350,    31.5336]
Tc_8            25      35.44299     -0.00018      0.00018   (15-84 p)   [   35.1933,    35.6919]

----- dataset: LCdata_inst01             ----- model: lc_model_inst01_c             
Tc_2            26      20.03087     -0.00077      0.00078   (15-84 p)   [   19.7822,    20.2808]
Tc_3            27      29.06218     -0.00061      0.00059   (15-84 p)   [   28.8127,    29.3113]

----- common model:  b
P                0      4.159151    -0.000020     0.000020   (15-84 p)   [    4.1550,     4.1650]
R_Rs             1       0.09986     -0.00028      0.00037   (15-84 p)   [    0.0000,     0.5000]
b                2         0.138       -0.078        0.063   (15-84 p)   [    0.0000,     2.0000]

----- common model:  c
P                6      9.030501    -0.000020     0.000019   (15-84 p)   [    9.0200,     9.0400]
R_Rs             7       0.05000     -0.00025      0.00026   (15-84 p)   [    0.0000,     0.5000]
b                8         0.263       -0.031        0.037   (15-84 p)   [    0.0000,     2.0000]

----- common model:  star_parameters
density          5         0.718       -0.022        0.016   (15-84 p)   [    0.0000,     5.0000]

----- common model:  limb_darkening
ld_c1            3         0.504       -0.017        0.017   (15-84 p)   [    0.0000,     1.0000]
ld_c2            4         0.096       -0.034        0.035   (15-84 p)   [   -1.0000,     1.0000]

====================================================================================================
     Statistics on the model parameters obtained from the posteriors samples     
====================================================================================================

----- dataset:  LCdata_inst00
jitter_0              0.000030    -0.000018     0.000022    (15-84 p)


----- dataset: LCdata_inst00             ----- model: lc_model_inst00_b             
Tc_0                   2.16991     -0.00017      0.00017    (15-84 p)
Tc_1                   6.33004     -0.00018      0.00018    (15-84 p)
Tc_2                  10.48916     -0.00018      0.00017    (15-84 p)
Tc_3                  14.64802     -0.00018      0.00018    (15-84 p)
Tc_4                  18.80620     -0.00017      0.00017    (15-84 p)
Tc_5                  22.96524     -0.00018      0.00018    (15-84 p)

----- dataset: LCdata_inst00             ----- model: lc_model_inst00_c             
Tc_0                   1.96943     -0.00055      0.00056    (15-84 p)
Tc_1                  11.00101     -0.00062      0.00064    (15-84 p)
Tc_2                  20.03180     -0.00063      0.00062    (15-84 p)

----- dataset:  LCdata_inst01
jitter_0              0.000035    -0.000020     0.000023    (15-84 p)


----- dataset: LCdata_inst01             ----- model: lc_model_inst01_b             
Tc_3                  14.64799     -0.00018      0.00017    (15-84 p)
Tc_4                  18.80621     -0.00017      0.00017    (15-84 p)
Tc_5                  22.96504     -0.00017      0.00017    (15-84 p)
Tc_6                  27.12360     -0.00017      0.00018    (15-84 p)
Tc_7                  31.28307     -0.00017      0.00017    (15-84 p)
Tc_8                  35.44299     -0.00018      0.00018    (15-84 p)

----- dataset: LCdata_inst01             ----- model: lc_model_inst01_c             
Tc_2                  20.03087     -0.00077      0.00078    (15-84 p)
Tc_3                  29.06218     -0.00061      0.00059    (15-84 p)

----- common model:  b
P                     4.159151    -0.000020     0.000020    (15-84 p)
e                         0.00                              [fixed]
omega                90.000000                              [fixed]
R_Rs                   0.09986     -0.00028      0.00037    (15-84 p)
b                        0.138       -0.078        0.063    (15-84 p)

----- common model:  c
P                     9.030501    -0.000020     0.000019    (15-84 p)
e                         0.00                              [fixed]
omega                90.000000                              [fixed]
R_Rs                   0.05000     -0.00025      0.00026    (15-84 p)
b                        0.263       -0.031        0.037    (15-84 p)

----- common model:  star_parameters
density                  0.718       -0.022        0.016    (15-84 p)

----- common model:  limb_darkening
ld_c1                    0.504       -0.017        0.017    (15-84 p)
ld_c2                    0.096       -0.034        0.035    (15-84 p)

====================================================================================================
     Statistics on the derived parameters obtained from the posteriors samples     
====================================================================================================

----- common model:  b
a_Rs                     9.740       -0.099        0.070    (15-84 p)
i                        89.19        -0.38         0.46    (15-84 p)
R_Rj                     1.119       -0.039        0.039    (15-84 p)
R_Re                     12.54        -0.44         0.44    (15-84 p)
T_41                   0.14865     -0.00026      0.00029    (15-84 p)
T_32                   0.12106     -0.00051      0.00037    (15-84 p)
a_AU_(rho,R)            0.0521      -0.0019       0.0018    (15-84 p)

----- common model:  c
a_Rs                     16.33        -0.17         0.12    (15-84 p)
i                        89.08        -0.14         0.12    (15-84 p)
R_Rj                     0.560       -0.020        0.020    (15-84 p)
R_Re                      6.28        -0.22         0.22    (15-84 p)
T_41                   0.17910     -0.00061      0.00061    (15-84 p)
T_32                   0.16078     -0.00076      0.00075    (15-84 p)
a_AU_(rho,R)            0.0873      -0.0031       0.0031    (15-84 p)


====================================================================================================
     ------------------------------------------------------------------------------------------     
====================================================================================================



emcee completed

