
PyORBIT v10.6.0

Python version in use:
3.10.14 (main, May  6 2024, 19:42:50) [GCC 11.2.0]
 LaTeX disabled by default
Using orbital model:  circular
Using orbital parametrization:  Eastman2013
Time of inferior conjunction replacing mean longitude as a free parameter:  True

Using limb darkening coefficient parametrization:  Standard
Using RoadRunner Model from PyTransit
Using RoadRunner Model from PyTransit

emcee version:  3.1.6

 Reference Time Tref: 0.0

 Dimensions = 20
 Nwalkers = 80

 Steps: 50000


 LN posterior: 193996.861032      -3.234263     2.632365 (15-84 p) 

 Median log_priors     = 29.670817649441577
 Median log_likelihood = 193975.94381909055

 Median BIC  (using likelihood) = -387744.8052939291
 Median AIC  (using likelihood) = -387911.8876381811
 Median AICc (using likelihood) = -387911.86085673684

 Median BIC  (using posterior)  = -387804.146929228
 Median AIC  (using posterior)  = -387971.22927347996
 Median AICc (using posterior)  = -387971.2024920357

 MAP log_priors     = 29.23535991818188
 MAP log_likelihood = 193974.59663289785

 MAP BIC  (using likelihood) = -387742.11092154373
 MAP AIC  (using likelihood) = -387909.1932657957
 MAP AICc (using likelihood) = -387909.16648435144

 MAP BIC  (using posterior)  = -387800.5816413801
 MAP AIC  (using posterior)  = -387967.66398563207
 MAP AICc (using posterior)  = -387967.6372041878

 AIC suggested over AICs because NDATA ( 31386 ) > 40 * NDIM ( 20 )

****************************************************************************************************


Computing the autocorrelation time of the chains

***** WARNING ******
The integrated autocorrelation time cannot be reliably estimated
likely the chains are too short, and ACF analysis is not fully reliable
emcee.autocorr.integrated_time tolerance lowered to 20
If you still get a warning, you should drop these results entirely

Reference thinning used in the analysis: 100
Step length used in the analysis: 12*nthin = 1200

Convergence criteria: less than 1% variation in ACF after 20 times the integrated ACF
At least 50*ACF after convergence, 100*ACF would be ideal
Negative values: not converged yet

   sampler parameter              |    ACF   | ACF*nthin | converged at | nsteps/ACF | to 100*ACF
                                  |          |           |              |            | 
   LCdata_inst00_jitter_0         |    5.79  |      579  |    28800     |      37    |   36663 
   LCdata_inst00_lc_model_inst0_b_Tc_0 |    5.12  |      512  |    25200     |      48    |   26358 
   LCdata_inst00_lc_model_inst0_b_Tc_1 |    5.40  |      540  |    24000     |      48    |   27963 
   LCdata_inst00_lc_model_inst0_b_Tc_2 |    5.19  |      519  |    24000     |      50    |   25898 
   LCdata_inst00_lc_model_inst0_b_Tc_3 |    4.87  |      487  |    25200     |      51    |   23873 
   LCdata_inst00_lc_model_inst0_b_Tc_4 |    4.93  |      493  |    31200     |      38    |   30550 
   LCdata_inst00_lc_model_inst0_b_Tc_5 |    5.18  |      518  |    28800     |      41    |   30622 
   LCdata_inst01_jitter_0         |    5.34  |      534  |    24000     |      49    |   27412 
   LCdata_inst01_lc_model_inst1_b_Tc_3 |    5.22  |      522  |    25200     |      47    |   27442 
   LCdata_inst01_lc_model_inst1_b_Tc_4 |    4.93  |      493  |    28800     |      43    |   28088 
   LCdata_inst01_lc_model_inst1_b_Tc_5 |    5.43  |      543  |    28800     |      39    |   33129 
   LCdata_inst01_lc_model_inst1_b_Tc_6 |    5.08  |      508  |    30000     |      39    |   30836 
   LCdata_inst01_lc_model_inst1_b_Tc_7 |    5.42  |      542  |    28800     |      39    |   32979 
   LCdata_inst01_lc_model_inst1_b_Tc_8 |    5.39  |      539  |    27600     |      42    |   31485 
   b_P                            |    5.47  |      547  |    36000     |      26    |   40703 
   b_R_Rs                         |   10.16  |     1016  |    36000     |      14    |   87617 
   b_b                            |   12.47  |     1247  |    34800     |      12    |  109549 
   star_parameters_density        |   12.18  |     1218  |    42000     |       7    |  113792 
   limb_darkening_ld_c1           |    5.35  |      535  |    31200     |      35    |   34732 
   limb_darkening_ld_c2           |    5.73  |      573  |    33600     |      29    |   40928 

All the chains have converged, but PyORBIT should keep running for about:
12101 more steps to reach 50*ACF,
42031 more steps to reach 100*ACF
Suggested value for burnin: 29700

 Plotting the ACF... 


====================================================================================================
     Ids, spaces (s), boundaries (b) and priors (p) of the sampler parameters     
====================================================================================================

----- dataset:  LCdata_inst00
jitter_0      id:   6  s:Linear      b:[      0.0000,       0.0500]   p:Uniform   []

----- dataset: LCdata_inst00             ----- model: lc_model_inst0_b              
Tc_0          id:   7  s:Linear      b:[      1.9214,       2.4200]   p:Uniform   []
Tc_1          id:   8  s:Linear      b:[      6.0797,       6.5783]   p:Uniform   []
Tc_2          id:   9  s:Linear      b:[     10.2394,      10.7381]   p:Uniform   []
Tc_3          id:  10  s:Linear      b:[     14.3978,      14.8964]   p:Uniform   []
Tc_4          id:  11  s:Linear      b:[     18.5575,      19.0561]   p:Uniform   []
Tc_5          id:  12  s:Linear      b:[     22.7158,      23.2144]   p:Uniform   []

----- dataset:  LCdata_inst01
jitter_0      id:  13  s:Linear      b:[      0.0000,       0.0500]   p:Uniform   []

----- dataset: LCdata_inst01             ----- model: lc_model_inst1_b              
Tc_3          id:  14  s:Linear      b:[     14.3988,      14.8975]   p:Uniform   []
Tc_4          id:  15  s:Linear      b:[     18.5572,      19.0558]   p:Uniform   []
Tc_5          id:  16  s:Linear      b:[     22.7169,      23.2155]   p:Uniform   []
Tc_6          id:  17  s:Linear      b:[     26.8752,      27.3738]   p:Uniform   []
Tc_7          id:  18  s:Linear      b:[     31.0350,      31.5336]   p:Uniform   []
Tc_8          id:  19  s:Linear      b:[     35.1933,      35.6919]   p:Uniform   []

----- common model:  b
P             id:   0  s:Linear      b:[      4.1550,       4.1650]   p:Gaussian   [4.159151e+00 2.000000e-05]
R_Rs          id:   1  s:Linear      b:[      0.0000,       0.5000]   p:Uniform   []
b             id:   2  s:Linear      b:[      0.0000,       2.0000]   p:Uniform   []
e             derived (no id, space, bound)                           p:None   []
omega         derived (no id, space, bound)                           p:None   []

----- common model:  star_parameters
density       id:   5  s:Linear      b:[      0.0000,       5.0000]   p:Gaussian   [0.7 0.1]
mass          derived (no id, space, bound)                           p:Gaussian   [1.05 0.04]
radius        derived (no id, space, bound)                           p:Gaussian   [1.15 0.04]

----- common model:  limb_darkening
ld_c1         id:   3  s:Linear      b:[      0.0000,       1.0000]   p:Gaussian   [0.5  0.05]
ld_c2         id:   4  s:Linear      b:[     -1.0000,       1.0000]   p:Gaussian   [0.1  0.05]


****************************************************************************************************
****************************************************************************************************

 Confidence intervals (median value, 34.135th percentile from the median on the left and right side)

====================================================================================================
     Statistics on the posterior of the sampler parameters     
====================================================================================================

----- dataset:  LCdata_inst00
jitter_0         6      0.000050    -0.000027     0.000023   (15-84 p)   [    0.0000,     0.0500]

----- dataset: LCdata_inst00             ----- model: lc_model_inst0_b              
Tc_0             7       2.17023     -0.00018      0.00018   (15-84 p)   [    1.9214,     2.4200]
Tc_1             8       6.32957     -0.00017      0.00017   (15-84 p)   [    6.0797,     6.5783]
Tc_2             9      10.48904     -0.00018      0.00018   (15-84 p)   [   10.2394,    10.7381]
Tc_3            10      14.64770     -0.00018      0.00018   (15-84 p)   [   14.3978,    14.8964]
Tc_4            11      18.80613     -0.00017      0.00018   (15-84 p)   [   18.5575,    19.0561]
Tc_5            12      22.96500     -0.00017      0.00018   (15-84 p)   [   22.7158,    23.2144]

----- dataset:  LCdata_inst01
jitter_0        13      0.000027    -0.000016     0.000021   (15-84 p)   [    0.0000,     0.0500]

----- dataset: LCdata_inst01             ----- model: lc_model_inst1_b              
Tc_3            14      14.64810     -0.00017      0.00017   (15-84 p)   [   14.3988,    14.8975]
Tc_4            15      18.80657     -0.00018      0.00018   (15-84 p)   [   18.5572,    19.0558]
Tc_5            16      22.96526     -0.00018      0.00017   (15-84 p)   [   22.7169,    23.2155]
Tc_6            17      27.12368     -0.00018      0.00018   (15-84 p)   [   26.8752,    27.3738]
Tc_7            18      31.28308     -0.00017      0.00018   (15-84 p)   [   31.0350,    31.5336]
Tc_8            19      35.44279     -0.00017      0.00017   (15-84 p)   [   35.1933,    35.6919]

----- common model:  b
P                0      4.159151    -0.000020     0.000020   (15-84 p)   [    4.1550,     4.1650]
R_Rs             1       0.09978     -0.00024      0.00033   (15-84 p)   [    0.0000,     0.5000]
b                2         0.106       -0.071        0.069   (15-84 p)   [    0.0000,     2.0000]

----- common model:  star_parameters
density          5         0.725       -0.019        0.010   (15-84 p)   [    0.0000,     5.0000]

----- common model:  limb_darkening
ld_c1            3         0.492       -0.017        0.017   (15-84 p)   [    0.0000,     1.0000]
ld_c2            4         0.118       -0.035        0.034   (15-84 p)   [   -1.0000,     1.0000]

====================================================================================================
     Statistics on the model parameters obtained from the posteriors samples     
====================================================================================================

----- dataset:  LCdata_inst00
jitter_0              0.000050    -0.000027     0.000023    (15-84 p)


----- dataset: LCdata_inst00             ----- model: lc_model_inst0_b              
Tc_0                   2.17023     -0.00018      0.00018    (15-84 p)
Tc_1                   6.32957     -0.00017      0.00017    (15-84 p)
Tc_2                  10.48904     -0.00018      0.00018    (15-84 p)
Tc_3                  14.64770     -0.00018      0.00018    (15-84 p)
Tc_4                  18.80613     -0.00017      0.00018    (15-84 p)
Tc_5                  22.96500     -0.00017      0.00018    (15-84 p)

----- dataset:  LCdata_inst01
jitter_0              0.000027    -0.000016     0.000021    (15-84 p)


----- dataset: LCdata_inst01             ----- model: lc_model_inst1_b              
Tc_3                  14.64810     -0.00017      0.00017    (15-84 p)
Tc_4                  18.80657     -0.00018      0.00018    (15-84 p)
Tc_5                  22.96526     -0.00018      0.00017    (15-84 p)
Tc_6                  27.12368     -0.00018      0.00018    (15-84 p)
Tc_7                  31.28308     -0.00017      0.00018    (15-84 p)
Tc_8                  35.44279     -0.00017      0.00017    (15-84 p)

----- common model:  b
P                     4.159151    -0.000020     0.000020    (15-84 p)
e                         0.00                              [fixed]
omega                90.000000                              [fixed]
R_Rs                   0.09978     -0.00024      0.00033    (15-84 p)
b                        0.106       -0.071        0.069    (15-84 p)

----- common model:  star_parameters
density                  0.725       -0.019        0.010    (15-84 p)

----- common model:  limb_darkening
ld_c1                    0.492       -0.017        0.017    (15-84 p)
ld_c2                    0.118       -0.035        0.034    (15-84 p)

====================================================================================================
     Statistics on the derived parameters obtained from the posteriors samples     
====================================================================================================

----- common model:  b
a_Rs                     9.771       -0.085        0.046    (15-84 p)
i                        89.38        -0.41         0.42    (15-84 p)
R_Rj                     1.118       -0.038        0.039    (15-84 p)
R_Re                     12.53        -0.43         0.44    (15-84 p)
T_41                   0.14863     -0.00025      0.00026    (15-84 p)
T_32                   0.12124     -0.00045      0.00032    (15-84 p)
a_AU_(rho,R)            0.0522      -0.0018       0.0019    (15-84 p)


====================================================================================================
     ------------------------------------------------------------------------------------------     
====================================================================================================



****************************************************************************************************

 Parameters corresponding to the Maximum a Posteriori probability ( 194003.83199281603 )

====================================================================================================
     Statistics on the posterior of the sampler parameters     
====================================================================================================

----- dataset:  LCdata_inst00
jitter_0         6      0.000036 [    0.0000,     0.0500]

----- dataset: LCdata_inst00             ----- model: lc_model_inst0_b              
Tc_0             7      2.170207 [    1.9214,     2.4200]
Tc_1             8      6.329559 [    6.0797,     6.5783]
Tc_2             9     10.488978 [   10.2394,    10.7381]
Tc_3            10     14.647693 [   14.3978,    14.8964]
Tc_4            11     18.806046 [   18.5575,    19.0561]
Tc_5            12     22.964939 [   22.7158,    23.2144]

----- dataset:  LCdata_inst01
jitter_0        13      0.000027 [    0.0000,     0.0500]

----- dataset: LCdata_inst01             ----- model: lc_model_inst1_b              
Tc_3            14     14.648193 [   14.3988,    14.8975]
Tc_4            15     18.806439 [   18.5572,    19.0558]
Tc_5            16     22.965223 [   22.7169,    23.2155]
Tc_6            17     27.123603 [   26.8752,    27.3738]
Tc_7            18     31.283136 [   31.0350,    31.5336]
Tc_8            19     35.442960 [   35.1933,    35.6919]

----- common model:  b
P                0      4.159154 [    4.1550,     4.1650]
R_Rs             1      0.099664 [    0.0000,     0.5000]
b                2      0.077060 [    0.0000,     2.0000]

----- common model:  star_parameters
density          5      0.728849 [    0.0000,     5.0000]

----- common model:  limb_darkening
ld_c1            3      0.479203 [    0.0000,     1.0000]
ld_c2            4      0.145150 [   -1.0000,     1.0000]

====================================================================================================
     Statistics on the model parameters obtained from the posteriors samples     
====================================================================================================

----- dataset:  LCdata_inst00
jitter_0              0.000036 


----- dataset: LCdata_inst00             ----- model: lc_model_inst0_b              
Tc_0                  2.170207 
Tc_1                  6.329559 
Tc_2                 10.488978 
Tc_3                 14.647693 
Tc_4                 18.806046 
Tc_5                 22.964939 

----- dataset:  LCdata_inst01
jitter_0              0.000027 


----- dataset: LCdata_inst01             ----- model: lc_model_inst1_b              
Tc_3                 14.648193 
Tc_4                 18.806439 
Tc_5                 22.965223 
Tc_6                 27.123603 
Tc_7                 31.283136 
Tc_8                 35.442960 

----- common model:  b
P                     4.159154 
e                         0.00 
omega                90.000000 
R_Rs                  0.099664 
b                     0.077060 

----- common model:  star_parameters
density               0.728849 

----- common model:  limb_darkening
ld_c1                 0.479203 
ld_c2                 0.145150 

====================================================================================================
     Statistics on the derived parameters obtained from the posteriors samples     
====================================================================================================

----- common model:  b
a_Rs                  9.790356 
i                    89.549021 
R_Rj                  1.125552 
R_Re                 12.616214 
T_41                  0.148653 
T_32                  0.121475 
a_AU_(rho,R)          0.052839 


====================================================================================================
     ------------------------------------------------------------------------------------------     
====================================================================================================



****************************************************************************************************

 Parameters corresponding to the sample closest to the median values ( 194003.41086171704 )

====================================================================================================
     Statistics on the posterior of the sampler parameters     
====================================================================================================

----- dataset:  LCdata_inst00
jitter_0         6      0.000051 [    0.0000,     0.0500]

----- dataset: LCdata_inst00             ----- model: lc_model_inst0_b              
Tc_0             7      2.170342 [    1.9214,     2.4200]
Tc_1             8      6.329519 [    6.0797,     6.5783]
Tc_2             9     10.488979 [   10.2394,    10.7381]
Tc_3            10     14.647806 [   14.3978,    14.8964]
Tc_4            11     18.805975 [   18.5575,    19.0561]
Tc_5            12     22.965136 [   22.7158,    23.2144]

----- dataset:  LCdata_inst01
jitter_0        13      0.000022 [    0.0000,     0.0500]

----- dataset: LCdata_inst01             ----- model: lc_model_inst1_b              
Tc_3            14     14.648106 [   14.3988,    14.8975]
Tc_4            15     18.806717 [   18.5572,    19.0558]
Tc_5            16     22.965174 [   22.7169,    23.2155]
Tc_6            17     27.123705 [   26.8752,    27.3738]
Tc_7            18     31.283158 [   31.0350,    31.5336]
Tc_8            19     35.442863 [   35.1933,    35.6919]

----- common model:  b
P                0      4.159144 [    4.1550,     4.1650]
R_Rs             1      0.099789 [    0.0000,     0.5000]
b                2      0.129231 [    0.0000,     2.0000]

----- common model:  star_parameters
density          5      0.718647 [    0.0000,     5.0000]

----- common model:  limb_darkening
ld_c1            3      0.500154 [    0.0000,     1.0000]
ld_c2            4      0.104443 [   -1.0000,     1.0000]

====================================================================================================
     Statistics on the model parameters obtained from the posteriors samples     
====================================================================================================

----- dataset:  LCdata_inst00
jitter_0              0.000051 


----- dataset: LCdata_inst00             ----- model: lc_model_inst0_b              
Tc_0                  2.170342 
Tc_1                  6.329519 
Tc_2                 10.488979 
Tc_3                 14.647806 
Tc_4                 18.805975 
Tc_5                 22.965136 

----- dataset:  LCdata_inst01
jitter_0              0.000022 


----- dataset: LCdata_inst01             ----- model: lc_model_inst1_b              
Tc_3                 14.648106 
Tc_4                 18.806717 
Tc_5                 22.965174 
Tc_6                 27.123705 
Tc_7                 31.283158 
Tc_8                 35.442863 

----- common model:  b
P                     4.159144 
e                         0.00 
omega                90.000000 
R_Rs                  0.099789 
b                     0.129231 

----- common model:  star_parameters
density               0.718647 

----- common model:  limb_darkening
ld_c1                 0.500154 
ld_c2                 0.104443 

====================================================================================================
     Statistics on the derived parameters obtained from the posteriors samples     
====================================================================================================

----- common model:  b
a_Rs                  9.744449 
i                    89.240122 
R_Rj                  1.115064 
R_Re                 12.498654 
T_41                  0.148710 
T_32                  0.121217 
a_AU_(rho,R)          0.052036 


====================================================================================================
     ------------------------------------------------------------------------------------------     
====================================================================================================



****************************************************************************************************

Note: priors on stellar mass and radius provided independently from the measured density, no check for consistency is performed

 Plot FLAT chain 

****************************************************************************************************

Plotting full_correlation plot with pygtc

****************************************************************************************************

 Plotting the chains... 

****************************************************************************************************

 Plotting the Gelman-Rubin traces... 

     Gelman-Rubin:     6     1.005685 LCdata_inst00_jitter_0 
     Gelman-Rubin:     7     1.004669 LCdata_inst00_lc_model_inst0_b_Tc_0 
     Gelman-Rubin:     8     1.006270 LCdata_inst00_lc_model_inst0_b_Tc_1 
     Gelman-Rubin:     9     1.005018 LCdata_inst00_lc_model_inst0_b_Tc_2 
     Gelman-Rubin:    10     1.005743 LCdata_inst00_lc_model_inst0_b_Tc_3 
     Gelman-Rubin:    11     1.004225 LCdata_inst00_lc_model_inst0_b_Tc_4 
     Gelman-Rubin:    12     1.003177 LCdata_inst00_lc_model_inst0_b_Tc_5 
     Gelman-Rubin:    13     1.005230 LCdata_inst01_jitter_0 
     Gelman-Rubin:    14     1.004214 LCdata_inst01_lc_model_inst1_b_Tc_3 
     Gelman-Rubin:    15     1.003238 LCdata_inst01_lc_model_inst1_b_Tc_4 
     Gelman-Rubin:    16     1.005282 LCdata_inst01_lc_model_inst1_b_Tc_5 
     Gelman-Rubin:    17     1.005065 LCdata_inst01_lc_model_inst1_b_Tc_6 
     Gelman-Rubin:    18     1.004068 LCdata_inst01_lc_model_inst1_b_Tc_7 
     Gelman-Rubin:    19     1.004228 LCdata_inst01_lc_model_inst1_b_Tc_8 
     Gelman-Rubin:     0     1.004656 b_P 
     Gelman-Rubin:     1     1.013658 b_R_Rs 
     Gelman-Rubin:     2     1.015160 b_b 
     Gelman-Rubin:     5     1.015077 star_parameters_density 
     Gelman-Rubin:     3     1.005581 limb_darkening_ld_c1 
     Gelman-Rubin:     4     1.007233 limb_darkening_ld_c2 

****************************************************************************************************

 Plotting the common models corner plots
     Common model:  b
     Common model:  star_parameters
     Common model:  limb_darkening

****************************************************************************************************

 Dataset + models corner plots 

     Dataset:  LCdata_inst00     model:  lc_model_inst0_b  corner plot  starting 
     Dataset:  LCdata_inst00     model:  lc_model_inst0_b  corner plot  done 
     Dataset:  LCdata_inst01     model:  lc_model_inst1_b  corner plot  starting 
     Dataset:  LCdata_inst01     model:  lc_model_inst1_b  corner plot  done 

****************************************************************************************************

 Saving the planet parameter samplings to files (with plots)

****************************************************************************************************

 Saving all the parameter samplings to files (with plots)

****************************************************************************************************

 Computing the models for plot/data writing 
 Writing the plots 
 Writing the   data files 
 Writing the  MAP_ data files 
 Writing the  sampleMED_ data files 

****************************************************************************************************

