
PyORBIT v10.6.0

Python version in use:
3.10.14 (main, May  6 2024, 19:42:50) [GCC 11.2.0]

reloaded_optimize:  False
reloaded_pyde:  False
reloaded_emcee:  False

number of multiprocessing threads: 16
multiprocessing method (should be fork):  fork

parameters/safe_reload flag (must be True for tinygp):  False

Opening:  LCdata_transit00
Opening:  LCdata_transit01
Opening:  LCdata_transit02
Opening:  LCdata_transit03
Opening:  LCdata_transit04
Opening:  LCdata_transit05
Adding common model of planet:  b
  LC model: lc_model_b is using limb_darkening LD parameters
Using orbital model:  circular
Using orbital parametrization:  Eastman2013
Time of inferior conjunction replacing mean longitude as a free parameter:  True

Using limb darkening coefficient parametrization:  Standard
Using RoadRunner Model from PyTransit

====================================================================================================
     Ids, spaces (s), boundaries (b) and priors (p) of the sampler parameters     
====================================================================================================

----- dataset:  LCdata_transit00
jitter_0      id:   6  s:Linear      b:[      0.0000,       0.0500]   p:Uniform   []

----- dataset: LCdata_transit00          ----- model: lc_model_b                    
Tc            id:   7  s:Linear      b:[      1.9200,       2.4186]   p:Uniform   [0. 0.]

----- dataset:  LCdata_transit01
jitter_0      id:   8  s:Linear      b:[      0.0000,       0.0500]   p:Uniform   []

----- dataset: LCdata_transit01          ----- model: lc_model_b                    
Tc            id:   9  s:Linear      b:[      6.0792,       6.5778]   p:Uniform   [0. 0.]

----- dataset:  LCdata_transit02
jitter_0      id:  10  s:Linear      b:[      0.0000,       0.0500]   p:Uniform   []

----- dataset: LCdata_transit02          ----- model: lc_model_b                    
Tc            id:  11  s:Linear      b:[     10.2383,      10.7369]   p:Uniform   [0. 0.]

----- dataset:  LCdata_transit03
jitter_0      id:  12  s:Linear      b:[      0.0000,       0.0500]   p:Uniform   []

----- dataset: LCdata_transit03          ----- model: lc_model_b                    
Tc            id:  13  s:Linear      b:[     14.3975,      14.8961]   p:Uniform   [0. 0.]

----- dataset:  LCdata_transit04
jitter_0      id:  14  s:Linear      b:[      0.0000,       0.0500]   p:Uniform   []

----- dataset: LCdata_transit04          ----- model: lc_model_b                    
Tc            id:  15  s:Linear      b:[     18.5566,      19.0552]   p:Uniform   [0. 0.]

----- dataset:  LCdata_transit05
jitter_0      id:  16  s:Linear      b:[      0.0000,       0.0500]   p:Uniform   []

----- dataset: LCdata_transit05          ----- model: lc_model_b                    
Tc            id:  17  s:Linear      b:[     22.7158,      23.2144]   p:Uniform   [0. 0.]

----- common model:  b
P             id:   0  s:Linear      b:[      4.1550,       4.1650]   p:Gaussian   [4.159151e+00 2.000000e-05]
R_Rs          id:   1  s:Linear      b:[      0.0000,       0.5000]   p:Uniform   []
b             id:   2  s:Linear      b:[      0.0000,       2.0000]   p:Uniform   []
e             derived (no id, space, bound)                           p:None   []
omega         derived (no id, space, bound)                           p:None   []

----- common model:  star_parameters
density       id:   5  s:Linear      b:[      0.0000,       5.0000]   p:Gaussian   [0.7 0.1]
mass          derived (no id, space, bound)                           p:Gaussian   [1.05 0.04]
radius        derived (no id, space, bound)                           p:Gaussian   [1.15 0.04]

----- common model:  limb_darkening
ld_c1         id:   3  s:Linear      b:[      0.0000,       1.0000]   p:Gaussian   [0.5  0.05]
ld_c2         id:   4  s:Linear      b:[     -1.0000,       1.0000]   p:Gaussian   [0.1  0.05]

Include priors:  True

Reference Time Tref:  0.0

Dimensions =  18
Nwalkers =  72

Using threading pool for PyDE: True
PyDE running
Boundaries redefined after PyDE output
PyDE completed, it took         69.4 seconds

====================================================================================================
     Starting point of the sample/optimization routines    
====================================================================================================

----- dataset:  LCdata_transit00
jitter_0         6      0.000138 [    0.0000,     0.0500]

----- dataset: LCdata_transit00          ----- model: lc_model_b                    
Tc               7      2.170096 [    1.9200,     2.4186]

----- dataset:  LCdata_transit01
jitter_0         8      0.000148 [    0.0000,     0.0500]

----- dataset: LCdata_transit01          ----- model: lc_model_b                    
Tc               9      6.329857 [    6.0792,     6.5778]

----- dataset:  LCdata_transit02
jitter_0        10      0.000021 [    0.0000,     0.0500]

----- dataset: LCdata_transit02          ----- model: lc_model_b                    
Tc              11     10.489208 [   10.2383,    10.7369]

----- dataset:  LCdata_transit03
jitter_0        12      0.000072 [    0.0000,     0.0500]

----- dataset: LCdata_transit03          ----- model: lc_model_b                    
Tc              13     14.647694 [   14.3975,    14.8961]

----- dataset:  LCdata_transit04
jitter_0        14      0.000108 [    0.0000,     0.0500]

----- dataset: LCdata_transit04          ----- model: lc_model_b                    
Tc              15     18.806133 [   18.5566,    19.0552]

----- dataset:  LCdata_transit05
jitter_0        16      0.000040 [    0.0000,     0.0500]

----- dataset: LCdata_transit05          ----- model: lc_model_b                    
Tc              17     22.964838 [   22.7158,    23.2144]

----- common model:  b
P                0      4.159151 [    4.1550,     4.1650]
R_Rs             1      0.100300 [    0.0000,     0.5000]
b                2      0.202239 [    0.0000,     2.0000]

----- common model:  star_parameters
density          5      0.695391 [    0.0000,     5.0000]

----- common model:  limb_darkening
ld_c1            3      0.470863 [    0.0000,     1.0000]
ld_c2            4      0.127291 [   -1.0000,     1.0000]

====================================================================================================
     Starting point projected onto the model parameter space     
====================================================================================================

----- dataset:  LCdata_transit00
jitter_0              0.000138 


----- dataset: LCdata_transit00          ----- model: lc_model_b                    
Tc                    2.170096 

----- dataset:  LCdata_transit01
jitter_0              0.000148 


----- dataset: LCdata_transit01          ----- model: lc_model_b                    
Tc                    6.329857 

----- dataset:  LCdata_transit02
jitter_0              0.000021 


----- dataset: LCdata_transit02          ----- model: lc_model_b                    
Tc                   10.489208 

----- dataset:  LCdata_transit03
jitter_0              0.000072 


----- dataset: LCdata_transit03          ----- model: lc_model_b                    
Tc                   14.647694 

----- dataset:  LCdata_transit04
jitter_0              0.000108 


----- dataset: LCdata_transit04          ----- model: lc_model_b                    
Tc                   18.806133 

----- dataset:  LCdata_transit05
jitter_0              0.000040 


----- dataset: LCdata_transit05          ----- model: lc_model_b                    
Tc                   22.964838 

----- common model:  b
P                     4.159151 
e                         0.00 
omega                90.000000 
R_Rs                  0.100300 
b                     0.202239 

----- common model:  star_parameters
density               0.695391 

----- common model:  limb_darkening
ld_c1                 0.470863 
ld_c2                 0.127291 

====================================================================================================
     Derived parameters obtained from starting point     
====================================================================================================

----- common model:  b
a_Rs                  9.638192 
i                    88.797670 
R_Rj                  1.130251 
R_Re                 12.668891 
T_41                  0.148908 
T_32                  0.120613 
a_AU_(rho,R)          0.051904 


====================================================================================================
     Statistics on the log-likelihood     
====================================================================================================

 LN probability: 13348.682094 

====================================================================================================
     ------------------------------------------------------------------------------------------     
====================================================================================================



*************************************************************

Running emcee

emcee version:  3.1.6
Using threading pool for emcee: True


Computing the autocorrelation time of the chains

***** WARNING ******
The integrated autocorrelation time cannot be reliably estimated
likely the chains are too short, and ACF analysis is not fully reliable
emcee.autocorr.integrated_time tolerance lowered to 20
If you still get a warning, you should drop these results entirely

Reference thinning used in the analysis: 100
Step length used in the analysis: 14*nthin = 1400

Convergence criteria: less than 1% variation in ACF after 20 times the integrated ACF
At least 50*ACF after convergence, 100*ACF would be ideal
Negative values: not converged yet

   sampler parameter              |    ACF   | ACF*nthin | converged at | nsteps/ACF | to 100*ACF
                                  |          |           |              |            | 
   LCdata_transit00_jitter_0      |    6.76  |      676  |    40600     |      14    |   58204 
   LCdata_transit00_lc_model_b_Tc |    6.25  |      625  |    33600     |      26    |   46116 
   LCdata_transit01_jitter_0      |    6.65  |      665  |    30800     |      29    |   47253 
   LCdata_transit01_lc_model_b_Tc |    6.75  |      675  |    26600     |      35    |   44143 
   LCdata_transit02_jitter_0      |    6.98  |      698  |    33600     |      23    |   53414 
   LCdata_transit02_lc_model_b_Tc |    6.18  |      618  |    33600     |      27    |   45423 
   LCdata_transit03_jitter_0      |    6.38  |      638  |    35000     |      24    |   48813 
   LCdata_transit03_lc_model_b_Tc |    6.12  |      612  |    29400     |      34    |   40605 
   LCdata_transit04_jitter_0      |    7.41  |      741  |    37800     |      16    |   61893 
   LCdata_transit04_lc_model_b_Tc |    6.33  |      633  |    30800     |      30    |   44087 
   LCdata_transit05_jitter_0      |    6.79  |      679  |    28000     |      32    |   45937 
   LCdata_transit05_lc_model_b_Tc |    6.73  |      673  |    39200     |      16    |   56490 
   b_P                            |    6.43  |      643  |    32200     |      28    |   46450 
   b_R_Rs                         |   11.59  |     1159  |    39200     |       9    |  105069 
   b_b                            |   14.51  |     1451  |    47600     |       2    |  142725 
   star_parameters_density        |   13.76  |     1376  |    42000     |       6    |  129574 
   limb_darkening_ld_c1           |    6.61  |      661  |    30800     |      29    |   46898 
   limb_darkening_ld_c2           |    7.04  |      704  |    32200     |      25    |   52643 

All the chains have converged, but PyORBIT should keep running for about:
23298 more steps to reach 50*ACF,
61985 more steps to reach 100*ACF
Suggested value for burnin: 34611

====================================================================================================
     Statistics on the posterior of the sampler parameters     
====================================================================================================

----- dataset:  LCdata_transit00
jitter_0         6      0.000126    -0.000075     0.000065   (15-84 p)   [    0.0000,     0.0500]

----- dataset: LCdata_transit00          ----- model: lc_model_b                    
Tc               7       2.17010     -0.00018      0.00018   (15-84 p)   [    1.9200,     2.4186]

----- dataset:  LCdata_transit01
jitter_0         8      0.000134    -0.000076     0.000066   (15-84 p)   [    0.0000,     0.0500]

----- dataset: LCdata_transit01          ----- model: lc_model_b                    
Tc               9       6.32985     -0.00018      0.00019   (15-84 p)   [    6.0792,     6.5778]

----- dataset:  LCdata_transit02
jitter_0        10      0.000083    -0.000053     0.000064   (15-84 p)   [    0.0000,     0.0500]

----- dataset: LCdata_transit02          ----- model: lc_model_b                    
Tc              11      10.48920     -0.00017      0.00018   (15-84 p)   [   10.2383,    10.7369]

----- dataset:  LCdata_transit03
jitter_0        12      0.000090    -0.000058     0.000066   (15-84 p)   [    0.0000,     0.0500]

----- dataset: LCdata_transit03          ----- model: lc_model_b                    
Tc              13      14.64770     -0.00018      0.00018   (15-84 p)   [   14.3975,    14.8961]

----- dataset:  LCdata_transit04
jitter_0        14      0.000103    -0.000064     0.000068   (15-84 p)   [    0.0000,     0.0500]

----- dataset: LCdata_transit04          ----- model: lc_model_b                    
Tc              15      18.80612     -0.00018      0.00018   (15-84 p)   [   18.5566,    19.0552]

----- dataset:  LCdata_transit05
jitter_0        16      0.000087    -0.000056     0.000065   (15-84 p)   [    0.0000,     0.0500]

----- dataset: LCdata_transit05          ----- model: lc_model_b                    
Tc              17      22.96484     -0.00018      0.00018   (15-84 p)   [   22.7158,    23.2144]

----- common model:  b
P                0      4.159152    -0.000020     0.000020   (15-84 p)   [    4.1550,     4.1650]
R_Rs             1       0.10009     -0.00038      0.00052   (15-84 p)   [    0.0000,     0.5000]
b                2         0.164       -0.097        0.077   (15-84 p)   [    0.0000,     2.0000]

----- common model:  star_parameters
density          5         0.709       -0.031        0.022   (15-84 p)   [    0.0000,     5.0000]

----- common model:  limb_darkening
ld_c1            3         0.471       -0.020        0.021   (15-84 p)   [    0.0000,     1.0000]
ld_c2            4         0.130       -0.040        0.040   (15-84 p)   [   -1.0000,     1.0000]

====================================================================================================
     Statistics on the model parameters obtained from the posteriors samples     
====================================================================================================

----- dataset:  LCdata_transit00
jitter_0              0.000126    -0.000075     0.000065    (15-84 p)


----- dataset: LCdata_transit00          ----- model: lc_model_b                    
Tc                     2.17010     -0.00018      0.00018    (15-84 p)

----- dataset:  LCdata_transit01
jitter_0              0.000134    -0.000076     0.000066    (15-84 p)


----- dataset: LCdata_transit01          ----- model: lc_model_b                    
Tc                     6.32985     -0.00018      0.00019    (15-84 p)

----- dataset:  LCdata_transit02
jitter_0              0.000083    -0.000053     0.000064    (15-84 p)


----- dataset: LCdata_transit02          ----- model: lc_model_b                    
Tc                    10.48920     -0.00017      0.00018    (15-84 p)

----- dataset:  LCdata_transit03
jitter_0              0.000090    -0.000058     0.000066    (15-84 p)


----- dataset: LCdata_transit03          ----- model: lc_model_b                    
Tc                    14.64770     -0.00018      0.00018    (15-84 p)

----- dataset:  LCdata_transit04
jitter_0              0.000103    -0.000064     0.000068    (15-84 p)


----- dataset: LCdata_transit04          ----- model: lc_model_b                    
Tc                    18.80612     -0.00018      0.00018    (15-84 p)

----- dataset:  LCdata_transit05
jitter_0              0.000087    -0.000056     0.000065    (15-84 p)


----- dataset: LCdata_transit05          ----- model: lc_model_b                    
Tc                    22.96484     -0.00018      0.00018    (15-84 p)

----- common model:  b
P                     4.159152    -0.000020     0.000020    (15-84 p)
e                         0.00                              [fixed]
omega                90.000000                              [fixed]
R_Rs                   0.10009     -0.00038      0.00052    (15-84 p)
b                        0.164       -0.097        0.077    (15-84 p)

----- common model:  star_parameters
density                  0.709       -0.031        0.022    (15-84 p)

----- common model:  limb_darkening
ld_c1                    0.471       -0.020        0.021    (15-84 p)
ld_c2                    0.130       -0.040        0.040    (15-84 p)

====================================================================================================
     Statistics on the derived parameters obtained from the posteriors samples     
====================================================================================================

----- common model:  b
a_Rs                     9.703        -0.14        0.100    (15-84 p)
i                        89.03        -0.48         0.58    (15-84 p)
R_Rj                     1.120       -0.039        0.040    (15-84 p)
R_Re                     12.56        -0.44         0.45    (15-84 p)
T_41                   0.14879     -0.00038      0.00042    (15-84 p)
T_32                   0.12091     -0.00074      0.00052    (15-84 p)
a_AU_(rho,R)            0.0518      -0.0019       0.0019    (15-84 p)


====================================================================================================
     ------------------------------------------------------------------------------------------     
====================================================================================================



emcee completed

