
PyORBIT v10.6.0

Python version in use:
3.10.14 (main, May  6 2024, 19:42:50) [GCC 11.2.0]
 LaTeX disabled by default
Using orbital model:  circular
Using orbital parametrization:  Eastman2013
Time of inferior conjunction replacing mean longitude as a free parameter:  True
List of times of inferior conjuctions:  twoplanets_transits/WASP47_simulated_planetb_tclist.dat

Using orbital model:  circular
Using orbital parametrization:  Eastman2013
Time of inferior conjunction replacing mean longitude as a free parameter:  True
List of times of inferior conjuctions:  twoplanets_transits/WASP47_simulated_planetc_tclist.dat

Using limb darkening coefficient parametrization:  Standard

emcee version:  3.1.6

 Reference Time Tref: 0.0

 Dimensions = 19
 Nwalkers = 76

 Steps: 50000


 LN posterior: 97069.681427      -3.288631     2.631279 (15-84 p) 

 Median log_priors     = 34.55116751605993
 Median log_likelihood = 97043.7102625447

 Median BIC  (using likelihood) = -193903.86209448066
 Median AIC  (using likelihood) = -194049.4205250894
 Median AICc (using likelihood) = -194049.37203405387

 Median BIC  (using posterior)  = -193972.9644295128
 Median AIC  (using posterior)  = -194118.52286012153
 Median AICc (using posterior)  = -194118.474369086

 MAP log_priors     = 34.265884514303785
 MAP log_likelihood = 97042.51811867605

 MAP BIC  (using likelihood) = -193901.47780674335
 MAP AIC  (using likelihood) = -194047.0362373521
 MAP AICc (using likelihood) = -194046.98774631656

 MAP BIC  (using posterior)  = -193970.00957577195
 MAP AIC  (using posterior)  = -194115.5680063807
 MAP AICc (using posterior)  = -194115.51951534516

 AIC suggested over AICs because NDATA ( 15693 ) > 40 * NDIM ( 19 )

****************************************************************************************************


Computing the autocorrelation time of the chains

***** WARNING ******
The integrated autocorrelation time cannot be reliably estimated
likely the chains are too short, and ACF analysis is not fully reliable
emcee.autocorr.integrated_time tolerance lowered to 20
If you still get a warning, you should drop these results entirely

Reference thinning used in the analysis: 100
Step length used in the analysis: 11*nthin = 1100

Convergence criteria: less than 1% variation in ACF after 20 times the integrated ACF
At least 50*ACF after convergence, 100*ACF would be ideal
Negative values: not converged yet

   sampler parameter              |    ACF   | ACF*nthin | converged at | nsteps/ACF | to 100*ACF
                                  |          |           |              |            | 
   LCdata_inst00_jitter_0         |    4.66  |      466  |    20900     |      62    |   17521 
   LCdata_inst00_lc_model_b_Tc_0  |    4.52  |      452  |    27500     |      50    |   22699 
   LCdata_inst00_lc_model_b_Tc_1  |    4.56  |      456  |    31900     |      40    |   27495 
   LCdata_inst00_lc_model_b_Tc_2  |    4.27  |      427  |    26400     |      55    |   19091 
   LCdata_inst00_lc_model_b_Tc_3  |    4.34  |      434  |    25300     |      57    |   18671 
   LCdata_inst00_lc_model_b_Tc_4  |    4.51  |      451  |    28600     |      47    |   23664 
   LCdata_inst00_lc_model_b_Tc_5  |    4.48  |      448  |    24200     |      58    |   19002 
   LCdata_inst00_lc_model_c_Tc_3  |    4.78  |      478  |    30800     |      40    |   28633 
   LCdata_inst00_lc_model_c_Tc_4  |    4.15  |      415  |    20900     |      70    |   12379 
   LCdata_inst00_lc_model_c_Tc_5  |    4.48  |      448  |    23100     |      60    |   17928 
   b_P                            |    4.56  |      456  |    20900     |      64    |   16531 
   b_R_Rs                         |    9.20  |      920  |    33000     |      18    |   74997 
   b_b                            |   11.00  |     1100  |    33000     |      15    |   93041 
   c_P                            |    4.53  |      453  |    17600     |      72    |   12898 
   c_R_Rs                         |    6.43  |      643  |    29700     |      32    |   43971 
   c_b                            |   10.22  |     1022  |    36300     |      13    |   88478 
   star_parameters_density        |   11.22  |     1122  |    35200     |      13    |   97417 
   limb_darkening_ld_c1           |    4.86  |      486  |    29700     |      42    |   28283 
   limb_darkening_ld_c2           |    5.04  |      504  |    24200     |      51    |   24637 

All the chains have converged, but PyORBIT should keep running for about:
17219 more steps to reach 50*ACF,
36176 more steps to reach 100*ACF
Suggested value for burnin: 27326

 Plotting the ACF... 


====================================================================================================
     Ids, spaces (s), boundaries (b) and priors (p) of the sampler parameters     
====================================================================================================

----- dataset:  LCdata_inst00
jitter_0      id:   9  s:Linear      b:[      0.0000,       0.0500]   p:Uniform   []

----- dataset: LCdata_inst00             ----- model: lc_model_b                    
Tc_0          id:  10  s:Linear      b:[      1.9214,       2.4186]   p:Uniform   []
Tc_1          id:  11  s:Linear      b:[      6.0797,       6.5783]   p:Uniform   []
Tc_2          id:  12  s:Linear      b:[     10.2394,      10.7381]   p:Uniform   []
Tc_3          id:  13  s:Linear      b:[     14.3978,      14.8964]   p:Uniform   []
Tc_4          id:  14  s:Linear      b:[     18.5575,      19.0561]   p:Uniform   []
Tc_5          id:  15  s:Linear      b:[     22.7158,      23.2144]   p:Uniform   []

----- dataset: LCdata_inst00             ----- model: lc_model_c                    
Tc_3          id:  16  s:Linear      b:[      1.7214,       2.2186]   p:Uniform   []
Tc_4          id:  17  s:Linear      b:[     10.7506,      11.2492]   p:Uniform   []
Tc_5          id:  18  s:Linear      b:[     19.7811,      20.2797]   p:Uniform   []

----- common model:  b
P             id:   0  s:Linear      b:[      4.1550,       4.1650]   p:Gaussian   [4.159151e+00 2.000000e-05]
R_Rs          id:   1  s:Linear      b:[      0.0000,       0.5000]   p:Uniform   []
b             id:   2  s:Linear      b:[      0.0000,       2.0000]   p:Uniform   []
e             derived (no id, space, bound)                           p:None   []
omega         derived (no id, space, bound)                           p:None   []

----- common model:  c
P             id:   6  s:Linear      b:[      9.0200,       9.0400]   p:Gaussian   [9.030501e+00 2.000000e-05]
R_Rs          id:   7  s:Linear      b:[      0.0000,       0.5000]   p:Uniform   []
b             id:   8  s:Linear      b:[      0.0000,       2.0000]   p:Uniform   []
e             derived (no id, space, bound)                           p:None   []
omega         derived (no id, space, bound)                           p:None   []

----- common model:  star_parameters
density       id:   5  s:Linear      b:[      0.0000,       5.0000]   p:Gaussian   [0.7 0.1]
mass          derived (no id, space, bound)                           p:Gaussian   [1.05 0.04]
radius        derived (no id, space, bound)                           p:Gaussian   [1.15 0.04]

----- common model:  limb_darkening
ld_c1         id:   3  s:Linear      b:[      0.0000,       1.0000]   p:Gaussian   [0.5  0.05]
ld_c2         id:   4  s:Linear      b:[     -1.0000,       1.0000]   p:Gaussian   [0.1  0.05]


****************************************************************************************************
****************************************************************************************************

 Confidence intervals (median value, 34.135th percentile from the median on the left and right side)

====================================================================================================
     Statistics on the posterior of the sampler parameters     
====================================================================================================

----- dataset:  LCdata_inst00
jitter_0         9      0.000029    -0.000016     0.000022   (15-84 p)   [    0.0000,     0.0500]

----- dataset: LCdata_inst00             ----- model: lc_model_b                    
Tc_0            10       2.16991     -0.00017      0.00017   (15-84 p)   [    1.9214,     2.4186]
Tc_1            11       6.33004     -0.00018      0.00017   (15-84 p)   [    6.0797,     6.5783]
Tc_2            12      10.48916     -0.00017      0.00017   (15-84 p)   [   10.2394,    10.7381]
Tc_3            13      14.64802     -0.00018      0.00017   (15-84 p)   [   14.3978,    14.8964]
Tc_4            14      18.80620     -0.00017      0.00018   (15-84 p)   [   18.5575,    19.0561]
Tc_5            15      22.96524     -0.00018      0.00017   (15-84 p)   [   22.7158,    23.2144]

----- dataset: LCdata_inst00             ----- model: lc_model_c                    
Tc_3            16       1.96944     -0.00059      0.00058   (15-84 p)   [    1.7214,     2.2186]
Tc_4            17      11.00103     -0.00064      0.00065   (15-84 p)   [   10.7506,    11.2492]
Tc_5            18      20.03180     -0.00064      0.00063   (15-84 p)   [   19.7811,    20.2797]

----- common model:  b
P                0      4.159150    -0.000020     0.000021   (15-84 p)   [    4.1550,     4.1650]
R_Rs             1       0.09995     -0.00032      0.00042   (15-84 p)   [    0.0000,     0.5000]
b                2         0.127       -0.083        0.078   (15-84 p)   [    0.0000,     2.0000]

----- common model:  c
P                6      9.030501    -0.000020     0.000020   (15-84 p)   [    9.0200,     9.0400]
R_Rs             7       0.04993     -0.00031      0.00031   (15-84 p)   [    0.0000,     0.5000]
b                8         0.255       -0.033        0.045   (15-84 p)   [    0.0000,     2.0000]

----- common model:  star_parameters
density          5         0.721       -0.026        0.014   (15-84 p)   [    0.0000,     5.0000]

----- common model:  limb_darkening
ld_c1            3         0.494       -0.020        0.020   (15-84 p)   [    0.0000,     1.0000]
ld_c2            4         0.111       -0.039        0.039   (15-84 p)   [   -1.0000,     1.0000]

====================================================================================================
     Statistics on the model parameters obtained from the posteriors samples     
====================================================================================================

----- dataset:  LCdata_inst00
jitter_0              0.000029    -0.000016     0.000022    (15-84 p)


----- dataset: LCdata_inst00             ----- model: lc_model_b                    
Tc_0                   2.16991     -0.00017      0.00017    (15-84 p)
Tc_1                   6.33004     -0.00018      0.00017    (15-84 p)
Tc_2                  10.48916     -0.00017      0.00017    (15-84 p)
Tc_3                  14.64802     -0.00018      0.00017    (15-84 p)
Tc_4                  18.80620     -0.00017      0.00018    (15-84 p)
Tc_5                  22.96524     -0.00018      0.00017    (15-84 p)

----- dataset: LCdata_inst00             ----- model: lc_model_c                    
Tc_3                   1.96944     -0.00059      0.00058    (15-84 p)
Tc_4                  11.00103     -0.00064      0.00065    (15-84 p)
Tc_5                  20.03180     -0.00064      0.00063    (15-84 p)

----- common model:  b
P                     4.159150    -0.000020     0.000021    (15-84 p)
e                         0.00                              [fixed]
omega                90.000000                              [fixed]
R_Rs                   0.09995     -0.00032      0.00042    (15-84 p)
b                        0.127       -0.083        0.078    (15-84 p)

----- common model:  c
P                     9.030501    -0.000020     0.000020    (15-84 p)
e                         0.00                              [fixed]
omega                90.000000                              [fixed]
R_Rs                   0.04993     -0.00031      0.00031    (15-84 p)
b                        0.255       -0.033        0.045    (15-84 p)

----- common model:  star_parameters
density                  0.721       -0.026        0.014    (15-84 p)

----- common model:  limb_darkening
ld_c1                    0.494       -0.020        0.020    (15-84 p)
ld_c2                    0.111       -0.039        0.039    (15-84 p)

====================================================================================================
     Statistics on the derived parameters obtained from the posteriors samples     
====================================================================================================

----- common model:  b
a_Rs                     9.753        -0.12        0.065    (15-84 p)
i                        89.26        -0.47         0.49    (15-84 p)
R_Rj                     1.120       -0.039        0.040    (15-84 p)
R_Re                     12.55        -0.44         0.45    (15-84 p)
T_41                   0.14866     -0.00033      0.00037    (15-84 p)
T_32                   0.12107     -0.00057      0.00042    (15-84 p)
a_AU_(rho,R)            0.0521      -0.0019       0.0019    (15-84 p)

----- common model:  c
a_Rs                     16.35        -0.20         0.11    (15-84 p)
i                        89.11        -0.17         0.12    (15-84 p)
R_Rj                     0.559       -0.020        0.020    (15-84 p)
R_Re                      6.27        -0.22         0.22    (15-84 p)
T_41                   0.17925     -0.00072      0.00075    (15-84 p)
T_32                   0.16100     -0.00090      0.00088    (15-84 p)
a_AU_(rho,R)            0.0873      -0.0031       0.0031    (15-84 p)


====================================================================================================
     ------------------------------------------------------------------------------------------     
====================================================================================================



****************************************************************************************************

 Parameters corresponding to the Maximum a Posteriori probability ( 97076.78400319035 )

====================================================================================================
     Statistics on the posterior of the sampler parameters     
====================================================================================================

----- dataset:  LCdata_inst00
jitter_0         9      0.000015 [    0.0000,     0.0500]

----- dataset: LCdata_inst00             ----- model: lc_model_b                    
Tc_0            10      2.169921 [    1.9214,     2.4186]
Tc_1            11      6.329835 [    6.0797,     6.5783]
Tc_2            12     10.489125 [   10.2394,    10.7381]
Tc_3            13     14.647985 [   14.3978,    14.8964]
Tc_4            14     18.806346 [   18.5575,    19.0561]
Tc_5            15     22.965252 [   22.7158,    23.2144]

----- dataset: LCdata_inst00             ----- model: lc_model_c                    
Tc_3            16      1.969452 [    1.7214,     2.2186]
Tc_4            17     11.001342 [   10.7506,    11.2492]
Tc_5            18     20.031999 [   19.7811,    20.2797]

----- common model:  b
P                0      4.159153 [    4.1550,     4.1650]
R_Rs             1      0.099873 [    0.0000,     0.5000]
b                2      0.139427 [    0.0000,     2.0000]

----- common model:  c
P                6      9.030516 [    9.0200,     9.0400]
R_Rs             7      0.049910 [    0.0000,     0.5000]
b                8      0.261116 [    0.0000,     2.0000]

----- common model:  star_parameters
density          5      0.715458 [    0.0000,     5.0000]

----- common model:  limb_darkening
ld_c1            3      0.497993 [    0.0000,     1.0000]
ld_c2            4      0.113969 [   -1.0000,     1.0000]

====================================================================================================
     Statistics on the model parameters obtained from the posteriors samples     
====================================================================================================

----- dataset:  LCdata_inst00
jitter_0              0.000015 


----- dataset: LCdata_inst00             ----- model: lc_model_b                    
Tc_0                  2.169921 
Tc_1                  6.329835 
Tc_2                 10.489125 
Tc_3                 14.647985 
Tc_4                 18.806346 
Tc_5                 22.965252 

----- dataset: LCdata_inst00             ----- model: lc_model_c                    
Tc_3                  1.969452 
Tc_4                 11.001342 
Tc_5                 20.031999 

----- common model:  b
P                     4.159153 
e                         0.00 
omega                90.000000 
R_Rs                  0.099873 
b                     0.139427 

----- common model:  c
P                     9.030516 
e                         0.00 
omega                90.000000 
R_Rs                  0.049910 
b                     0.261116 

----- common model:  star_parameters
density               0.715458 

----- common model:  limb_darkening
ld_c1                 0.497993 
ld_c2                 0.113969 

====================================================================================================
     Statistics on the derived parameters obtained from the posteriors samples     
====================================================================================================

----- common model:  b
a_Rs                  9.730027 
i                    89.178947 
R_Rj                  1.139086 
R_Re                 12.767923 
T_41                  0.148773 
T_32                  0.121178 
a_AU_(rho,R)          0.053034 

----- common model:  c
a_Rs                 16.314953 
i                    89.082959 
R_Rj                  0.555085 
R_Re                  6.221904 
T_41                  0.179309 
T_32                  0.161054 
a_AU_(rho,R)          0.086714 


====================================================================================================
     ------------------------------------------------------------------------------------------     
====================================================================================================



****************************************************************************************************

 Parameters corresponding to the sample closest to the median values ( 97076.5567119815 )

====================================================================================================
     Statistics on the posterior of the sampler parameters     
====================================================================================================

----- dataset:  LCdata_inst00
jitter_0         9      0.000015 [    0.0000,     0.0500]

----- dataset: LCdata_inst00             ----- model: lc_model_b                    
Tc_0            10      2.169940 [    1.9214,     2.4186]
Tc_1            11      6.330036 [    6.0797,     6.5783]
Tc_2            12     10.489292 [   10.2394,    10.7381]
Tc_3            13     14.648018 [   14.3978,    14.8964]
Tc_4            14     18.806168 [   18.5575,    19.0561]
Tc_5            15     22.965199 [   22.7158,    23.2144]

----- dataset: LCdata_inst00             ----- model: lc_model_c                    
Tc_3            16      1.969136 [    1.7214,     2.2186]
Tc_4            17     11.001302 [   10.7506,    11.2492]
Tc_5            18     20.032091 [   19.7811,    20.2797]

----- common model:  b
P                0      4.159146 [    4.1550,     4.1650]
R_Rs             1      0.099971 [    0.0000,     0.5000]
b                2      0.140279 [    0.0000,     2.0000]

----- common model:  c
P                6      9.030504 [    9.0200,     9.0400]
R_Rs             7      0.049948 [    0.0000,     0.5000]
b                8      0.255824 [    0.0000,     2.0000]

----- common model:  star_parameters
density          5      0.713959 [    0.0000,     5.0000]

----- common model:  limb_darkening
ld_c1            3      0.494420 [    0.0000,     1.0000]
ld_c2            4      0.120159 [   -1.0000,     1.0000]

====================================================================================================
     Statistics on the model parameters obtained from the posteriors samples     
====================================================================================================

----- dataset:  LCdata_inst00
jitter_0              0.000015 


----- dataset: LCdata_inst00             ----- model: lc_model_b                    
Tc_0                  2.169940 
Tc_1                  6.330036 
Tc_2                 10.489292 
Tc_3                 14.648018 
Tc_4                 18.806168 
Tc_5                 22.965199 

----- dataset: LCdata_inst00             ----- model: lc_model_c                    
Tc_3                  1.969136 
Tc_4                 11.001302 
Tc_5                 20.032091 

----- common model:  b
P                     4.159146 
e                         0.00 
omega                90.000000 
R_Rs                  0.099971 
b                     0.140279 

----- common model:  c
P                     9.030504 
e                         0.00 
omega                90.000000 
R_Rs                  0.049948 
b                     0.255824 

----- common model:  star_parameters
density               0.713959 

----- common model:  limb_darkening
ld_c1                 0.494420 
ld_c2                 0.120159 

====================================================================================================
     Statistics on the derived parameters obtained from the posteriors samples     
====================================================================================================

----- common model:  b
a_Rs                  9.723217 
i                    89.173355 
R_Rj                  1.091160 
R_Re                 12.230718 
T_41                  0.148876 
T_32                  0.121231 
a_AU_(rho,R)          0.050717 

----- common model:  c
a_Rs                 16.303539 
i                    89.100915 
R_Rj                  0.549666 
R_Re                  6.161158 
T_41                  0.179678 
T_32                  0.161423 
a_AU_(rho,R)          0.085742 


====================================================================================================
     ------------------------------------------------------------------------------------------     
====================================================================================================



****************************************************************************************************

Note: priors on stellar mass and radius provided independently from the measured density, no check for consistency is performed

 Plot FLAT chain 

****************************************************************************************************

Plotting full_correlation plot with pygtc

****************************************************************************************************

 Plotting the chains... 

****************************************************************************************************

 Plotting the Gelman-Rubin traces... 

     Gelman-Rubin:     9     1.003581 LCdata_inst00_jitter_0 
     Gelman-Rubin:    10     1.002857 LCdata_inst00_lc_model_b_Tc_0 
     Gelman-Rubin:    11     1.002824 LCdata_inst00_lc_model_b_Tc_1 
     Gelman-Rubin:    12     1.002858 LCdata_inst00_lc_model_b_Tc_2 
     Gelman-Rubin:    13     1.004534 LCdata_inst00_lc_model_b_Tc_3 
     Gelman-Rubin:    14     1.003579 LCdata_inst00_lc_model_b_Tc_4 
     Gelman-Rubin:    15     1.004018 LCdata_inst00_lc_model_b_Tc_5 
     Gelman-Rubin:    16     1.003009 LCdata_inst00_lc_model_c_Tc_3 
     Gelman-Rubin:    17     1.003734 LCdata_inst00_lc_model_c_Tc_4 
     Gelman-Rubin:    18     1.004268 LCdata_inst00_lc_model_c_Tc_5 
     Gelman-Rubin:     0     1.003976 b_P 
     Gelman-Rubin:     1     1.009586 b_R_Rs 
     Gelman-Rubin:     2     1.012316 b_b 
     Gelman-Rubin:     6     1.004444 c_P 
     Gelman-Rubin:     7     1.004937 c_R_Rs 
     Gelman-Rubin:     8     1.009533 c_b 
     Gelman-Rubin:     5     1.011630 star_parameters_density 
     Gelman-Rubin:     3     1.004039 limb_darkening_ld_c1 
     Gelman-Rubin:     4     1.005336 limb_darkening_ld_c2 

****************************************************************************************************

 Plotting the common models corner plots
     Common model:  b
     Common model:  c
     Common model:  star_parameters
     Common model:  limb_darkening

****************************************************************************************************

 Dataset + models corner plots 

     Dataset:  LCdata_inst00     model:  lc_model_b  corner plot  starting 
     Dataset:  LCdata_inst00     model:  lc_model_b  corner plot  done 
     Dataset:  LCdata_inst00     model:  lc_model_c  corner plot  starting 
     Dataset:  LCdata_inst00     model:  lc_model_c  corner plot  done 

****************************************************************************************************

 Saving the planet parameter samplings to files (with plots)

****************************************************************************************************

 Saving all the parameter samplings to files (with plots)

****************************************************************************************************

 Computing the models for plot/data writing 
 Writing the plots 
 Writing the   data files 
 Writing the  MAP_ data files 
 Writing the  sampleMED_ data files 

****************************************************************************************************

