
PyORBIT v10.6.0

Python version in use:
3.10.14 (main, May  6 2024, 19:42:50) [GCC 11.2.0]

reloaded_optimize:  False
reloaded_pyde:  False
reloaded_emcee:  False

number of multiprocessing threads: 16
multiprocessing method (should be fork):  fork

parameters/safe_reload flag (must be True for tinygp):  False

Opening:  LCdata_inst00
Opening:  LCdata_inst01
Adding common model of planet:  b
  LC model: lc_model_inst0_b is using limb_darkening LD parameters
  LC model: lc_model_inst1_b is using limb_darkening LD parameters
Using orbital model:  circular
Using orbital parametrization:  Eastman2013
Time of inferior conjunction replacing mean longitude as a free parameter:  True

Using limb darkening coefficient parametrization:  Standard
Using RoadRunner Model from PyTransit
Using RoadRunner Model from PyTransit

====================================================================================================
     Ids, spaces (s), boundaries (b) and priors (p) of the sampler parameters     
====================================================================================================

----- dataset:  LCdata_inst00
jitter_0      id:   6  s:Linear      b:[      0.0000,       0.0500]   p:Uniform   []

----- dataset: LCdata_inst00             ----- model: lc_model_inst0_b              
Tc_0          id:   7  s:Linear      b:[      1.9214,       2.4200]   p:Uniform   []
Tc_1          id:   8  s:Linear      b:[      6.0797,       6.5783]   p:Uniform   []
Tc_2          id:   9  s:Linear      b:[     10.2394,      10.7381]   p:Uniform   []
Tc_3          id:  10  s:Linear      b:[     14.3978,      14.8964]   p:Uniform   []
Tc_4          id:  11  s:Linear      b:[     18.5575,      19.0561]   p:Uniform   []
Tc_5          id:  12  s:Linear      b:[     22.7158,      23.2144]   p:Uniform   []

----- dataset:  LCdata_inst01
jitter_0      id:  13  s:Linear      b:[      0.0000,       0.0500]   p:Uniform   []

----- dataset: LCdata_inst01             ----- model: lc_model_inst1_b              
Tc_3          id:  14  s:Linear      b:[     14.3988,      14.8975]   p:Uniform   []
Tc_4          id:  15  s:Linear      b:[     18.5572,      19.0558]   p:Uniform   []
Tc_5          id:  16  s:Linear      b:[     22.7169,      23.2155]   p:Uniform   []
Tc_6          id:  17  s:Linear      b:[     26.8752,      27.3738]   p:Uniform   []
Tc_7          id:  18  s:Linear      b:[     31.0350,      31.5336]   p:Uniform   []
Tc_8          id:  19  s:Linear      b:[     35.1933,      35.6919]   p:Uniform   []

----- common model:  b
P             id:   0  s:Linear      b:[      4.1550,       4.1650]   p:Gaussian   [4.159151e+00 2.000000e-05]
R_Rs          id:   1  s:Linear      b:[      0.0000,       0.5000]   p:Uniform   []
b             id:   2  s:Linear      b:[      0.0000,       2.0000]   p:Uniform   []
e             derived (no id, space, bound)                           p:None   []
omega         derived (no id, space, bound)                           p:None   []

----- common model:  star_parameters
density       id:   5  s:Linear      b:[      0.0000,       5.0000]   p:Gaussian   [0.7 0.1]
mass          derived (no id, space, bound)                           p:Gaussian   [1.05 0.04]
radius        derived (no id, space, bound)                           p:Gaussian   [1.15 0.04]

----- common model:  limb_darkening
ld_c1         id:   3  s:Linear      b:[      0.0000,       1.0000]   p:Gaussian   [0.5  0.05]
ld_c2         id:   4  s:Linear      b:[     -1.0000,       1.0000]   p:Gaussian   [0.1  0.05]

Include priors:  True

Reference Time Tref:  0.0

Dimensions =  20
Nwalkers =  80

Using threading pool for PyDE: True
PyDE running
Boundaries redefined after PyDE output
PyDE completed, it took        209.6 seconds

====================================================================================================
     Starting point of the sample/optimization routines    
====================================================================================================

----- dataset:  LCdata_inst00
jitter_0         6      0.000056 [    0.0000,     0.0500]

----- dataset: LCdata_inst00             ----- model: lc_model_inst0_b              
Tc_0             7      2.170229 [    1.9214,     2.4200]
Tc_1             8      6.329573 [    6.0797,     6.5783]
Tc_2             9     10.489044 [   10.2394,    10.7381]
Tc_3            10     14.647705 [   14.3978,    14.8964]
Tc_4            11     18.806133 [   18.5575,    19.0561]
Tc_5            12     22.965003 [   22.7158,    23.2144]

----- dataset:  LCdata_inst01
jitter_0        13      0.000006 [    0.0000,     0.0500]

----- dataset: LCdata_inst01             ----- model: lc_model_inst1_b              
Tc_3            14     14.648109 [   14.3988,    14.8975]
Tc_4            15     18.806583 [   18.5572,    19.0558]
Tc_5            16     22.965258 [   22.7169,    23.2155]
Tc_6            17     27.123680 [   26.8752,    27.3738]
Tc_7            18     31.283083 [   31.0350,    31.5336]
Tc_8            19     35.442799 [   35.1933,    35.6919]

----- common model:  b
P                0      4.159151 [    4.1550,     4.1650]
R_Rs             1      0.099846 [    0.0000,     0.5000]
b                2      0.127259 [    0.0000,     2.0000]

----- common model:  star_parameters
density          5      0.720369 [    0.0000,     5.0000]

----- common model:  limb_darkening
ld_c1            3      0.493015 [    0.0000,     1.0000]
ld_c2            4      0.114567 [   -1.0000,     1.0000]

====================================================================================================
     Starting point projected onto the model parameter space     
====================================================================================================

----- dataset:  LCdata_inst00
jitter_0              0.000056 


----- dataset: LCdata_inst00             ----- model: lc_model_inst0_b              
Tc_0                  2.170229 
Tc_1                  6.329573 
Tc_2                 10.489044 
Tc_3                 14.647705 
Tc_4                 18.806133 
Tc_5                 22.965003 

----- dataset:  LCdata_inst01
jitter_0              0.000006 


----- dataset: LCdata_inst01             ----- model: lc_model_inst1_b              
Tc_3                 14.648109 
Tc_4                 18.806583 
Tc_5                 22.965258 
Tc_6                 27.123680 
Tc_7                 31.283083 
Tc_8                 35.442799 

----- common model:  b
P                     4.159151 
e                         0.00 
omega                90.000000 
R_Rs                  0.099846 
b                     0.127259 

----- common model:  star_parameters
density               0.720369 

----- common model:  limb_darkening
ld_c1                 0.493015 
ld_c2                 0.114567 

====================================================================================================
     Derived parameters obtained from starting point     
====================================================================================================

----- common model:  b
a_Rs                  9.752238 
i                    89.252315 
R_Rj                  1.058067 
R_Re                 11.859789 
T_41                  0.148630 
T_32                  0.121151 
a_AU_(rho,R)          0.049388 


====================================================================================================
     Statistics on the log-likelihood     
====================================================================================================

 LN probability: 194005.905411 

====================================================================================================
     ------------------------------------------------------------------------------------------     
====================================================================================================



*************************************************************

Running emcee

emcee version:  3.1.6
Using threading pool for emcee: True


Computing the autocorrelation time of the chains

***** WARNING ******
The integrated autocorrelation time cannot be reliably estimated
likely the chains are too short, and ACF analysis is not fully reliable
emcee.autocorr.integrated_time tolerance lowered to 20
If you still get a warning, you should drop these results entirely

Reference thinning used in the analysis: 100
Step length used in the analysis: 12*nthin = 1200

Convergence criteria: less than 1% variation in ACF after 20 times the integrated ACF
At least 50*ACF after convergence, 100*ACF would be ideal
Negative values: not converged yet

   sampler parameter              |    ACF   | ACF*nthin | converged at | nsteps/ACF | to 100*ACF
                                  |          |           |              |            | 
   LCdata_inst00_jitter_0         |    5.79  |      579  |    28800     |      37    |   36663 
   LCdata_inst00_lc_model_inst0_b_Tc_0 |    5.12  |      512  |    25200     |      48    |   26358 
   LCdata_inst00_lc_model_inst0_b_Tc_1 |    5.40  |      540  |    24000     |      48    |   27963 
   LCdata_inst00_lc_model_inst0_b_Tc_2 |    5.19  |      519  |    24000     |      50    |   25898 
   LCdata_inst00_lc_model_inst0_b_Tc_3 |    4.87  |      487  |    25200     |      51    |   23873 
   LCdata_inst00_lc_model_inst0_b_Tc_4 |    4.93  |      493  |    31200     |      38    |   30550 
   LCdata_inst00_lc_model_inst0_b_Tc_5 |    5.18  |      518  |    28800     |      41    |   30622 
   LCdata_inst01_jitter_0         |    5.34  |      534  |    24000     |      49    |   27412 
   LCdata_inst01_lc_model_inst1_b_Tc_3 |    5.22  |      522  |    25200     |      47    |   27442 
   LCdata_inst01_lc_model_inst1_b_Tc_4 |    4.93  |      493  |    28800     |      43    |   28088 
   LCdata_inst01_lc_model_inst1_b_Tc_5 |    5.43  |      543  |    28800     |      39    |   33129 
   LCdata_inst01_lc_model_inst1_b_Tc_6 |    5.08  |      508  |    30000     |      39    |   30836 
   LCdata_inst01_lc_model_inst1_b_Tc_7 |    5.42  |      542  |    28800     |      39    |   32979 
   LCdata_inst01_lc_model_inst1_b_Tc_8 |    5.39  |      539  |    27600     |      42    |   31485 
   b_P                            |    5.47  |      547  |    36000     |      26    |   40703 
   b_R_Rs                         |   10.16  |     1016  |    36000     |      14    |   87617 
   b_b                            |   12.47  |     1247  |    34800     |      12    |  109549 
   star_parameters_density        |   12.18  |     1218  |    42000     |       7    |  113792 
   limb_darkening_ld_c1           |    5.35  |      535  |    31200     |      35    |   34732 
   limb_darkening_ld_c2           |    5.73  |      573  |    33600     |      29    |   40928 

All the chains have converged, but PyORBIT should keep running for about:
12101 more steps to reach 50*ACF,
42031 more steps to reach 100*ACF
Suggested value for burnin: 29700

====================================================================================================
     Statistics on the posterior of the sampler parameters     
====================================================================================================

----- dataset:  LCdata_inst00
jitter_0         6      0.000050    -0.000027     0.000023   (15-84 p)   [    0.0000,     0.0500]

----- dataset: LCdata_inst00             ----- model: lc_model_inst0_b              
Tc_0             7       2.17023     -0.00018      0.00018   (15-84 p)   [    1.9214,     2.4200]
Tc_1             8       6.32957     -0.00017      0.00017   (15-84 p)   [    6.0797,     6.5783]
Tc_2             9      10.48904     -0.00018      0.00018   (15-84 p)   [   10.2394,    10.7381]
Tc_3            10      14.64770     -0.00018      0.00018   (15-84 p)   [   14.3978,    14.8964]
Tc_4            11      18.80613     -0.00017      0.00018   (15-84 p)   [   18.5575,    19.0561]
Tc_5            12      22.96500     -0.00017      0.00018   (15-84 p)   [   22.7158,    23.2144]

----- dataset:  LCdata_inst01
jitter_0        13      0.000027    -0.000016     0.000021   (15-84 p)   [    0.0000,     0.0500]

----- dataset: LCdata_inst01             ----- model: lc_model_inst1_b              
Tc_3            14      14.64810     -0.00017      0.00017   (15-84 p)   [   14.3988,    14.8975]
Tc_4            15      18.80657     -0.00018      0.00018   (15-84 p)   [   18.5572,    19.0558]
Tc_5            16      22.96526     -0.00018      0.00017   (15-84 p)   [   22.7169,    23.2155]
Tc_6            17      27.12368     -0.00018      0.00018   (15-84 p)   [   26.8752,    27.3738]
Tc_7            18      31.28308     -0.00017      0.00018   (15-84 p)   [   31.0350,    31.5336]
Tc_8            19      35.44279     -0.00017      0.00017   (15-84 p)   [   35.1933,    35.6919]

----- common model:  b
P                0      4.159151    -0.000020     0.000020   (15-84 p)   [    4.1550,     4.1650]
R_Rs             1       0.09978     -0.00024      0.00033   (15-84 p)   [    0.0000,     0.5000]
b                2         0.106       -0.071        0.069   (15-84 p)   [    0.0000,     2.0000]

----- common model:  star_parameters
density          5         0.725       -0.019        0.010   (15-84 p)   [    0.0000,     5.0000]

----- common model:  limb_darkening
ld_c1            3         0.492       -0.017        0.017   (15-84 p)   [    0.0000,     1.0000]
ld_c2            4         0.118       -0.035        0.034   (15-84 p)   [   -1.0000,     1.0000]

====================================================================================================
     Statistics on the model parameters obtained from the posteriors samples     
====================================================================================================

----- dataset:  LCdata_inst00
jitter_0              0.000050    -0.000027     0.000023    (15-84 p)


----- dataset: LCdata_inst00             ----- model: lc_model_inst0_b              
Tc_0                   2.17023     -0.00018      0.00018    (15-84 p)
Tc_1                   6.32957     -0.00017      0.00017    (15-84 p)
Tc_2                  10.48904     -0.00018      0.00018    (15-84 p)
Tc_3                  14.64770     -0.00018      0.00018    (15-84 p)
Tc_4                  18.80613     -0.00017      0.00018    (15-84 p)
Tc_5                  22.96500     -0.00017      0.00018    (15-84 p)

----- dataset:  LCdata_inst01
jitter_0              0.000027    -0.000016     0.000021    (15-84 p)


----- dataset: LCdata_inst01             ----- model: lc_model_inst1_b              
Tc_3                  14.64810     -0.00017      0.00017    (15-84 p)
Tc_4                  18.80657     -0.00018      0.00018    (15-84 p)
Tc_5                  22.96526     -0.00018      0.00017    (15-84 p)
Tc_6                  27.12368     -0.00018      0.00018    (15-84 p)
Tc_7                  31.28308     -0.00017      0.00018    (15-84 p)
Tc_8                  35.44279     -0.00017      0.00017    (15-84 p)

----- common model:  b
P                     4.159151    -0.000020     0.000020    (15-84 p)
e                         0.00                              [fixed]
omega                90.000000                              [fixed]
R_Rs                   0.09978     -0.00024      0.00033    (15-84 p)
b                        0.106       -0.071        0.069    (15-84 p)

----- common model:  star_parameters
density                  0.725       -0.019        0.010    (15-84 p)

----- common model:  limb_darkening
ld_c1                    0.492       -0.017        0.017    (15-84 p)
ld_c2                    0.118       -0.035        0.034    (15-84 p)

====================================================================================================
     Statistics on the derived parameters obtained from the posteriors samples     
====================================================================================================

----- common model:  b
a_Rs                     9.771       -0.085        0.046    (15-84 p)
i                        89.38        -0.41         0.42    (15-84 p)
R_Rj                     1.118       -0.039        0.039    (15-84 p)
R_Re                     12.53        -0.44         0.43    (15-84 p)
T_41                   0.14863     -0.00025      0.00026    (15-84 p)
T_32                   0.12124     -0.00045      0.00032    (15-84 p)
a_AU_(rho,R)            0.0522      -0.0018       0.0018    (15-84 p)


====================================================================================================
     ------------------------------------------------------------------------------------------     
====================================================================================================



emcee completed

