
PyORBIT v10.6.0

Python version in use:
3.10.14 (main, May  6 2024, 19:42:50) [GCC 11.2.0]

reloaded_optimize:  False
reloaded_pyde:  False
reloaded_emcee:  False

number of multiprocessing threads: 16
multiprocessing method (should be fork):  fork

parameters/safe_reload flag (must be True for tinygp):  False

Opening:  LCdata_inst00
Opening:  LCdata_inst01
Adding common model of planet:  b
Adding common model of planet:  c
  LC model: lc_model_inst00_b is using limb_darkening LD parameters
  LC model: lc_model_inst00_c is using limb_darkening LD parameters
  LC model: lc_model_inst01_b is using limb_darkening LD parameters
  LC model: lc_model_inst01_c is using limb_darkening LD parameters
Using orbital model:  circular
Using orbital parametrization:  Eastman2013
Time of inferior conjunction replacing mean longitude as a free parameter:  True
Dataset flag of times of inferior conjuctions:  id_transit_b

Using orbital model:  circular
Using orbital parametrization:  Eastman2013
Time of inferior conjunction replacing mean longitude as a free parameter:  True
Dataset flag of times of inferior conjuctions:  id_transit_c

Using limb darkening coefficient parametrization:  Standard

====================================================================================================
     Ids, spaces (s), boundaries (b) and priors (p) of the sampler parameters     
====================================================================================================

----- dataset:  LCdata_inst00
jitter_0      id:   9  s:Linear      b:[      0.0000,       0.0500]   p:Uniform   []

----- dataset: LCdata_inst00             ----- model: lc_model_inst00_b             
Tc_0          id:  10  s:Linear      b:[      1.9214,       2.4200]   p:Uniform   []
Tc_1          id:  11  s:Linear      b:[      6.0797,       6.5783]   p:Uniform   []
Tc_2          id:  12  s:Linear      b:[     10.2394,      10.7381]   p:Uniform   []
Tc_3          id:  13  s:Linear      b:[     14.3978,      14.8964]   p:Uniform   []
Tc_4          id:  14  s:Linear      b:[     18.5575,      19.0561]   p:Uniform   []
Tc_5          id:  15  s:Linear      b:[     22.7158,      23.2144]   p:Uniform   []

----- dataset: LCdata_inst00             ----- model: lc_model_inst00_c             
Tc_0          id:  16  s:Linear      b:[      1.7214,       2.2200]   p:Uniform   []
Tc_1          id:  17  s:Linear      b:[     10.7506,      11.2492]   p:Uniform   []
Tc_2          id:  18  s:Linear      b:[     19.7811,      20.2797]   p:Uniform   []

----- dataset:  LCdata_inst01
jitter_0      id:  19  s:Linear      b:[      0.0000,       0.0500]   p:Uniform   []

----- dataset: LCdata_inst01             ----- model: lc_model_inst01_b             
Tc_3          id:  20  s:Linear      b:[     14.3988,      14.8975]   p:Uniform   []
Tc_4          id:  21  s:Linear      b:[     18.5572,      19.0558]   p:Uniform   []
Tc_5          id:  22  s:Linear      b:[     22.7169,      23.2155]   p:Uniform   []
Tc_6          id:  23  s:Linear      b:[     26.8752,      27.3738]   p:Uniform   []
Tc_7          id:  24  s:Linear      b:[     31.0350,      31.5336]   p:Uniform   []
Tc_8          id:  25  s:Linear      b:[     35.1933,      35.6919]   p:Uniform   []

----- dataset: LCdata_inst01             ----- model: lc_model_inst01_c             
Tc_2          id:  26  s:Linear      b:[     19.7822,      20.2808]   p:Uniform   []
Tc_3          id:  27  s:Linear      b:[     28.8127,      29.3113]   p:Uniform   []

----- common model:  b
P             id:   0  s:Linear      b:[      4.1550,       4.1650]   p:Gaussian   [4.159151e+00 2.000000e-05]
R_Rs          id:   1  s:Linear      b:[      0.0000,       0.5000]   p:Uniform   []
b             id:   2  s:Linear      b:[      0.0000,       2.0000]   p:Uniform   []
e             derived (no id, space, bound)                           p:None   []
omega         derived (no id, space, bound)                           p:None   []

----- common model:  c
P             id:   6  s:Linear      b:[      9.0200,       9.0400]   p:Gaussian   [9.030501e+00 2.000000e-05]
R_Rs          id:   7  s:Linear      b:[      0.0000,       0.5000]   p:Uniform   []
b             id:   8  s:Linear      b:[      0.0000,       2.0000]   p:Uniform   []
e             derived (no id, space, bound)                           p:None   []
omega         derived (no id, space, bound)                           p:None   []

----- common model:  star_parameters
density       id:   5  s:Linear      b:[      0.0000,       5.0000]   p:Gaussian   [0.7 0.1]
mass          derived (no id, space, bound)                           p:Gaussian   [1.05 0.04]
radius        derived (no id, space, bound)                           p:Gaussian   [1.15 0.04]

----- common model:  limb_darkening
ld_c1         id:   3  s:Linear      b:[      0.0000,       1.0000]   p:Gaussian   [0.5  0.05]
ld_c2         id:   4  s:Linear      b:[     -1.0000,       1.0000]   p:Gaussian   [0.1  0.05]

Include priors:  True

Reference Time Tref:  0.0

Dimensions =  28
Nwalkers =  112

Using threading pool for PyDE: True
PyDE running
Boundaries redefined after PyDE output
PyDE completed, it took         22.0 seconds

====================================================================================================
     Starting point of the sample/optimization routines    
====================================================================================================

----- dataset:  LCdata_inst00
jitter_0         9      0.000006 [    0.0000,     0.0500]

----- dataset: LCdata_inst00             ----- model: lc_model_inst00_b             
Tc_0            10      2.169909 [    1.9214,     2.4200]
Tc_1            11      6.330031 [    6.0797,     6.5783]
Tc_2            12     10.489162 [   10.2394,    10.7381]
Tc_3            13     14.648018 [   14.3978,    14.8964]
Tc_4            14     18.806204 [   18.5575,    19.0561]
Tc_5            15     22.965240 [   22.7158,    23.2144]

----- dataset: LCdata_inst00             ----- model: lc_model_inst00_c             
Tc_0            16      1.969423 [    1.7214,     2.2200]
Tc_1            17     11.000975 [   10.7506,    11.2492]
Tc_2            18     20.031771 [   19.7811,    20.2797]

----- dataset:  LCdata_inst01
jitter_0        19      0.000022 [    0.0000,     0.0500]

----- dataset: LCdata_inst01             ----- model: lc_model_inst01_b             
Tc_3            20     14.647993 [   14.3988,    14.8975]
Tc_4            21     18.806205 [   18.5572,    19.0558]
Tc_5            22     22.965042 [   22.7169,    23.2155]
Tc_6            23     27.123604 [   26.8752,    27.3738]
Tc_7            24     31.283068 [   31.0350,    31.5336]
Tc_8            25     35.442986 [   35.1933,    35.6919]

----- dataset: LCdata_inst01             ----- model: lc_model_inst01_c             
Tc_2            26     20.030937 [   19.7822,    20.2808]
Tc_3            27     29.062194 [   28.8127,    29.3113]

----- common model:  b
P                0      4.159151 [    4.1550,     4.1650]
R_Rs             1      0.100016 [    0.0000,     0.5000]
b                2      0.171140 [    0.0000,     2.0000]

----- common model:  c
P                6      9.030501 [    9.0200,     9.0400]
R_Rs             7      0.050082 [    0.0000,     0.5000]
b                8      0.281846 [    0.0000,     2.0000]

----- common model:  star_parameters
density          5      0.707661 [    0.0000,     5.0000]

----- common model:  limb_darkening
ld_c1            3      0.506119 [    0.0000,     1.0000]
ld_c2            4      0.089391 [   -1.0000,     1.0000]

====================================================================================================
     Starting point projected onto the model parameter space     
====================================================================================================

----- dataset:  LCdata_inst00
jitter_0              0.000006 


----- dataset: LCdata_inst00             ----- model: lc_model_inst00_b             
Tc_0                  2.169909 
Tc_1                  6.330031 
Tc_2                 10.489162 
Tc_3                 14.648018 
Tc_4                 18.806204 
Tc_5                 22.965240 

----- dataset: LCdata_inst00             ----- model: lc_model_inst00_c             
Tc_0                  1.969423 
Tc_1                 11.000975 
Tc_2                 20.031771 

----- dataset:  LCdata_inst01
jitter_0              0.000022 


----- dataset: LCdata_inst01             ----- model: lc_model_inst01_b             
Tc_3                 14.647993 
Tc_4                 18.806205 
Tc_5                 22.965042 
Tc_6                 27.123604 
Tc_7                 31.283068 
Tc_8                 35.442986 

----- dataset: LCdata_inst01             ----- model: lc_model_inst01_c             
Tc_2                 20.030937 
Tc_3                 29.062194 

----- common model:  b
P                     4.159151 
e                         0.00 
omega                90.000000 
R_Rs                  0.100016 
b                     0.171140 

----- common model:  c
P                     9.030501 
e                         0.00 
omega                90.000000 
R_Rs                  0.050082 
b                     0.281846 

----- common model:  star_parameters
density               0.707661 

----- common model:  limb_darkening
ld_c1                 0.506119 
ld_c2                 0.089391 

====================================================================================================
     Derived parameters obtained from starting point     
====================================================================================================

----- common model:  b
a_Rs                  9.694547 
i                    88.988492 
R_Rj                  1.182453 
R_Re                 13.254017 
T_41                  0.148726 
T_32                  0.120847 
a_AU_(rho,R)          0.054774 

----- common model:  c
a_Rs                 16.255448 
i                    89.006525 
R_Rj                  0.571967 
R_Re                  6.411130 
T_41                  0.179018 
T_32                  0.160520 
a_AU_(rho,R)          0.088719 


====================================================================================================
     Statistics on the log-likelihood     
====================================================================================================

 LN probability: 194085.728824 

====================================================================================================
     ------------------------------------------------------------------------------------------     
====================================================================================================



*************************************************************

Running emcee

emcee version:  3.1.6
Using threading pool for emcee: True


Computing the autocorrelation time of the chains

***** WARNING ******
The integrated autocorrelation time cannot be reliably estimated
likely the chains are too short, and ACF analysis is not fully reliable
emcee.autocorr.integrated_time tolerance lowered to 20
If you still get a warning, you should drop these results entirely

Reference thinning used in the analysis: 100
Step length used in the analysis: 17*nthin = 1700

Convergence criteria: less than 1% variation in ACF after 20 times the integrated ACF
At least 50*ACF after convergence, 100*ACF would be ideal
Negative values: not converged yet

   sampler parameter              |    ACF   | ACF*nthin | converged at | nsteps/ACF | to 100*ACF
                                  |          |           |              |            | 
   LCdata_inst00_jitter_0         |    8.27  |      827  |    34000     |      19    |   66669 
   LCdata_inst00_lc_model_inst00_b_Tc_0 |    7.24  |      724  |    39100     |      15    |   61521 
   LCdata_inst00_lc_model_inst00_b_Tc_1 |    7.87  |      787  |    37400     |      16    |   66106 
   LCdata_inst00_lc_model_inst00_b_Tc_2 |    7.99  |      799  |    45900     |       5    |   75810 
   LCdata_inst00_lc_model_inst00_b_Tc_3 |    7.88  |      788  |    44200     |       7    |   73026 
   LCdata_inst00_lc_model_inst00_b_Tc_4 |    7.34  |      734  |    40800     |      13    |   64204 
   LCdata_inst00_lc_model_inst00_b_Tc_5 |    7.74  |      774  |    40800     |      12    |   68160 
   LCdata_inst00_lc_model_inst00_c_Tc_0 |    7.74  |      774  |    32300     |      23    |   59736 
   LCdata_inst00_lc_model_inst00_c_Tc_1 |    7.78  |      778  |    34000     |      21    |   61850 
   LCdata_inst00_lc_model_inst00_c_Tc_2 |    7.36  |      736  |    42500     |      10    |   66060 
   LCdata_inst01_jitter_0         |    8.05  |      805  |    39100     |      14    |   69579 
   LCdata_inst01_lc_model_inst01_b_Tc_3 |    7.71  |      771  |    42500     |      10    |   69650 
   LCdata_inst01_lc_model_inst01_b_Tc_4 |    7.78  |      778  |    42500     |      10    |   70288 
   LCdata_inst01_lc_model_inst01_b_Tc_5 |    7.30  |      730  |    44200     |       8    |   67196 
   LCdata_inst01_lc_model_inst01_b_Tc_6 |    7.61  |      761  |    40800     |      12    |   66922 
   LCdata_inst01_lc_model_inst01_b_Tc_7 |    7.79  |      779  |    49300     |       1    |   77163 
   LCdata_inst01_lc_model_inst01_b_Tc_8 |    7.43  |      743  |    49300     |       1    |   73601 
   LCdata_inst01_lc_model_inst01_c_Tc_2 |    7.92  |      792  |    49300     |       1    |   78470 
   LCdata_inst01_lc_model_inst01_c_Tc_3 |    7.99  |      799  |    35700     |      18    |   65628 
   b_P                            |    7.81  |      781  |    47600     |       3    |   75680 
   b_R_Rs                         |   14.75  |     1475  |    45900     |       3    |  143382 
   b_b                            |   17.18  |     1718  |       -1     |      -1    |  173489 
   c_P                            |    7.73  |      773  |    35700     |      18    |   63013 
   c_R_Rs                         |   10.00  |     1000  |    44200     |       6    |   94238 
   c_b                            |   15.07  |     1507  |    49300     |       0    |  150004 
   star_parameters_density        |   15.87  |     1587  |       -1     |      -1    |  160256 
   limb_darkening_ld_c1           |    8.40  |      840  |    44200     |       7    |   78220 
   limb_darkening_ld_c2           |    9.10  |      910  |    42500     |       8    |   83542 

     2 chains have not converged yet, keep going 

====================================================================================================
     Statistics on the posterior of the sampler parameters     
====================================================================================================

----- dataset:  LCdata_inst00
jitter_0         9      0.000029    -0.000017     0.000022   (15-84 p)   [    0.0000,     0.0500]

----- dataset: LCdata_inst00             ----- model: lc_model_inst00_b             
Tc_0            10       2.16991     -0.00017      0.00018   (15-84 p)   [    1.9214,     2.4200]
Tc_1            11       6.33003     -0.00018      0.00017   (15-84 p)   [    6.0797,     6.5783]
Tc_2            12      10.48916     -0.00017      0.00017   (15-84 p)   [   10.2394,    10.7381]
Tc_3            13      14.64802     -0.00018      0.00017   (15-84 p)   [   14.3978,    14.8964]
Tc_4            14      18.80620     -0.00017      0.00017   (15-84 p)   [   18.5575,    19.0561]
Tc_5            15      22.96525     -0.00018      0.00017   (15-84 p)   [   22.7158,    23.2144]

----- dataset: LCdata_inst00             ----- model: lc_model_inst00_c             
Tc_0            16       1.96943     -0.00059      0.00058   (15-84 p)   [    1.7214,     2.2200]
Tc_1            17      11.00105     -0.00062      0.00063   (15-84 p)   [   10.7506,    11.2492]
Tc_2            18      20.03178     -0.00063      0.00063   (15-84 p)   [   19.7811,    20.2797]

----- dataset:  LCdata_inst01
jitter_0        19      0.000035    -0.000020     0.000023   (15-84 p)   [    0.0000,     0.0500]

----- dataset: LCdata_inst01             ----- model: lc_model_inst01_b             
Tc_3            20      14.64799     -0.00017      0.00017   (15-84 p)   [   14.3988,    14.8975]
Tc_4            21      18.80621     -0.00018      0.00018   (15-84 p)   [   18.5572,    19.0558]
Tc_5            22      22.96504     -0.00017      0.00017   (15-84 p)   [   22.7169,    23.2155]
Tc_6            23      27.12359     -0.00017      0.00017   (15-84 p)   [   26.8752,    27.3738]
Tc_7            24      31.28306     -0.00018      0.00017   (15-84 p)   [   31.0350,    31.5336]
Tc_8            25      35.44299     -0.00018      0.00018   (15-84 p)   [   35.1933,    35.6919]

----- dataset: LCdata_inst01             ----- model: lc_model_inst01_c             
Tc_2            26      20.03088     -0.00081      0.00076   (15-84 p)   [   19.7822,    20.2808]
Tc_3            27      29.06216     -0.00059      0.00059   (15-84 p)   [   28.8127,    29.3113]

----- common model:  b
P                0      4.159152    -0.000020     0.000020   (15-84 p)   [    4.1550,     4.1650]
R_Rs             1       0.09982     -0.00027      0.00037   (15-84 p)   [    0.0000,     0.5000]
b                2         0.130       -0.078        0.068   (15-84 p)   [    0.0000,     2.0000]

----- common model:  c
P                6      9.030501    -0.000020     0.000020   (15-84 p)   [    9.0200,     9.0400]
R_Rs             7       0.04998     -0.00025      0.00026   (15-84 p)   [    0.0000,     0.5000]
b                8         0.259       -0.030        0.038   (15-84 p)   [    0.0000,     2.0000]

----- common model:  star_parameters
density          5         0.719       -0.022        0.014   (15-84 p)   [    0.0000,     5.0000]

----- common model:  limb_darkening
ld_c1            3         0.504       -0.017        0.017   (15-84 p)   [    0.0000,     1.0000]
ld_c2            4         0.097       -0.035        0.034   (15-84 p)   [   -1.0000,     1.0000]

====================================================================================================
     Statistics on the model parameters obtained from the posteriors samples     
====================================================================================================

----- dataset:  LCdata_inst00
jitter_0              0.000029    -0.000017     0.000022    (15-84 p)


----- dataset: LCdata_inst00             ----- model: lc_model_inst00_b             
Tc_0                   2.16991     -0.00017      0.00018    (15-84 p)
Tc_1                   6.33003     -0.00018      0.00017    (15-84 p)
Tc_2                  10.48916     -0.00017      0.00017    (15-84 p)
Tc_3                  14.64802     -0.00018      0.00017    (15-84 p)
Tc_4                  18.80620     -0.00017      0.00017    (15-84 p)
Tc_5                  22.96525     -0.00018      0.00017    (15-84 p)

----- dataset: LCdata_inst00             ----- model: lc_model_inst00_c             
Tc_0                   1.96943     -0.00059      0.00058    (15-84 p)
Tc_1                  11.00105     -0.00062      0.00063    (15-84 p)
Tc_2                  20.03178     -0.00063      0.00063    (15-84 p)

----- dataset:  LCdata_inst01
jitter_0              0.000035    -0.000020     0.000023    (15-84 p)


----- dataset: LCdata_inst01             ----- model: lc_model_inst01_b             
Tc_3                  14.64799     -0.00017      0.00017    (15-84 p)
Tc_4                  18.80621     -0.00018      0.00018    (15-84 p)
Tc_5                  22.96504     -0.00017      0.00017    (15-84 p)
Tc_6                  27.12359     -0.00017      0.00017    (15-84 p)
Tc_7                  31.28306     -0.00018      0.00017    (15-84 p)
Tc_8                  35.44299     -0.00018      0.00018    (15-84 p)

----- dataset: LCdata_inst01             ----- model: lc_model_inst01_c             
Tc_2                  20.03088     -0.00081      0.00076    (15-84 p)
Tc_3                  29.06216     -0.00059      0.00059    (15-84 p)

----- common model:  b
P                     4.159152    -0.000020     0.000020    (15-84 p)
e                         0.00                              [fixed]
omega                90.000000                              [fixed]
R_Rs                   0.09982     -0.00027      0.00037    (15-84 p)
b                        0.130       -0.078        0.068    (15-84 p)

----- common model:  c
P                     9.030501    -0.000020     0.000020    (15-84 p)
e                         0.00                              [fixed]
omega                90.000000                              [fixed]
R_Rs                   0.04998     -0.00025      0.00026    (15-84 p)
b                        0.259       -0.030        0.038    (15-84 p)

----- common model:  star_parameters
density                  0.719       -0.022        0.014    (15-84 p)

----- common model:  limb_darkening
ld_c1                    0.504       -0.017        0.017    (15-84 p)
ld_c2                    0.097       -0.035        0.034    (15-84 p)

====================================================================================================
     Statistics on the derived parameters obtained from the posteriors samples     
====================================================================================================

----- common model:  b
a_Rs                     9.748        -0.10        0.065    (15-84 p)
i                        89.23        -0.41         0.46    (15-84 p)
R_Rj                     1.118       -0.039        0.038    (15-84 p)
R_Re                     12.53        -0.44         0.43    (15-84 p)
T_41                   0.14865     -0.00026      0.00028    (15-84 p)
T_32                   0.12111     -0.00051      0.00036    (15-84 p)
a_AU_(rho,R)            0.0521      -0.0019       0.0019    (15-84 p)

----- common model:  c
a_Rs                     16.34        -0.17         0.11    (15-84 p)
i                        89.09        -0.15         0.11    (15-84 p)
R_Rj                     0.560       -0.019        0.020    (15-84 p)
R_Re                      6.27        -0.22         0.22    (15-84 p)
T_41                   0.17913     -0.00060      0.00060    (15-84 p)
T_32                   0.16083     -0.00075      0.00075    (15-84 p)
a_AU_(rho,R)            0.0873      -0.0031       0.0031    (15-84 p)


====================================================================================================
     ------------------------------------------------------------------------------------------     
====================================================================================================



emcee completed

