
PyORBIT v10.6.0

Python version in use:
3.10.14 (main, May  6 2024, 19:42:50) [GCC 11.2.0]

reloaded_optimize:  False
reloaded_pyde:  False
reloaded_emcee:  False

number of multiprocessing threads: 16
multiprocessing method (should be fork):  fork

parameters/safe_reload flag (must be True for tinygp):  False

Opening:  LCdata_inst00
Opening:  LCdata_inst01
Adding common model of planet:  b
Adding common model of planet:  c
  LC model: lc_model_inst00_b is using limb_darkening LD parameters
  LC model: lc_model_inst00_c is using limb_darkening LD parameters
  LC model: lc_model_inst01_b is using limb_darkening LD parameters
  LC model: lc_model_inst01_c is using limb_darkening LD parameters
Using orbital model:  circular
Using orbital parametrization:  Eastman2013
Time of inferior conjunction replacing mean longitude as a free parameter:  True
List of times of inferior conjuctions:  twoplanets_transits/WASP47_simulated_planetb_tclist.dat

Using orbital model:  circular
Using orbital parametrization:  Eastman2013
Time of inferior conjunction replacing mean longitude as a free parameter:  True
List of times of inferior conjuctions:  twoplanets_transits/WASP47_simulated_planetc_tclist.dat

Using limb darkening coefficient parametrization:  Standard

====================================================================================================
     Ids, spaces (s), boundaries (b) and priors (p) of the sampler parameters     
====================================================================================================

----- dataset:  LCdata_inst00
jitter_0      id:   9  s:Linear      b:[      0.0000,       0.0500]   p:Uniform   []

----- dataset: LCdata_inst00             ----- model: lc_model_inst00_b             
Tc_0          id:  10  s:Linear      b:[      1.9214,       2.4186]   p:Uniform   []
Tc_1          id:  11  s:Linear      b:[      6.0797,       6.5783]   p:Uniform   []
Tc_2          id:  12  s:Linear      b:[     10.2394,      10.7381]   p:Uniform   []
Tc_3          id:  13  s:Linear      b:[     14.3978,      14.8964]   p:Uniform   []
Tc_4          id:  14  s:Linear      b:[     18.5575,      19.0561]   p:Uniform   []
Tc_5          id:  15  s:Linear      b:[     22.7158,      23.2144]   p:Uniform   []

----- dataset: LCdata_inst00             ----- model: lc_model_inst00_c             
Tc_3          id:  16  s:Linear      b:[      1.7214,       2.2186]   p:Uniform   []
Tc_4          id:  17  s:Linear      b:[     10.7506,      11.2492]   p:Uniform   []
Tc_5          id:  18  s:Linear      b:[     19.7811,      20.2797]   p:Uniform   []

----- dataset:  LCdata_inst01
jitter_0      id:  19  s:Linear      b:[      0.0000,       0.0500]   p:Uniform   []

----- dataset: LCdata_inst01             ----- model: lc_model_inst01_b             
Tc_3          id:  20  s:Linear      b:[     14.3988,      14.8961]   p:Uniform   []
Tc_4          id:  21  s:Linear      b:[     18.5572,      19.0558]   p:Uniform   []
Tc_5          id:  22  s:Linear      b:[     22.7169,      23.2155]   p:Uniform   []
Tc_6          id:  23  s:Linear      b:[     26.8752,      27.3738]   p:Uniform   []
Tc_7          id:  24  s:Linear      b:[     31.0350,      31.5336]   p:Uniform   []
Tc_8          id:  25  s:Linear      b:[     35.1933,      35.6919]   p:Uniform   []

----- dataset: LCdata_inst01             ----- model: lc_model_inst01_c             
Tc_5          id:  26  s:Linear      b:[     19.7822,      20.2808]   p:Uniform   []
Tc_6          id:  27  s:Linear      b:[     28.8127,      29.3113]   p:Uniform   []

----- common model:  b
P             id:   0  s:Linear      b:[      4.1550,       4.1650]   p:Gaussian   [4.159151e+00 2.000000e-05]
R_Rs          id:   1  s:Linear      b:[      0.0000,       0.5000]   p:Uniform   []
b             id:   2  s:Linear      b:[      0.0000,       2.0000]   p:Uniform   []
e             derived (no id, space, bound)                           p:None   []
omega         derived (no id, space, bound)                           p:None   []

----- common model:  c
P             id:   6  s:Linear      b:[      9.0200,       9.0400]   p:Gaussian   [9.030501e+00 2.000000e-05]
R_Rs          id:   7  s:Linear      b:[      0.0000,       0.5000]   p:Uniform   []
b             id:   8  s:Linear      b:[      0.0000,       2.0000]   p:Uniform   []
e             derived (no id, space, bound)                           p:None   []
omega         derived (no id, space, bound)                           p:None   []

----- common model:  star_parameters
density       id:   5  s:Linear      b:[      0.0000,       5.0000]   p:Gaussian   [0.7 0.1]
mass          derived (no id, space, bound)                           p:Gaussian   [1.05 0.04]
radius        derived (no id, space, bound)                           p:Gaussian   [1.15 0.04]

----- common model:  limb_darkening
ld_c1         id:   3  s:Linear      b:[      0.0000,       1.0000]   p:Gaussian   [0.5  0.05]
ld_c2         id:   4  s:Linear      b:[     -1.0000,       1.0000]   p:Gaussian   [0.1  0.05]

Include priors:  True

Reference Time Tref:  0.0

Dimensions =  28
Nwalkers =  112

Using threading pool for PyDE: True
PyDE running
Boundaries redefined after PyDE output
PyDE completed, it took         17.1 seconds

====================================================================================================
     Starting point of the sample/optimization routines    
====================================================================================================

----- dataset:  LCdata_inst00
jitter_0         9      0.000006 [    0.0000,     0.0500]

----- dataset: LCdata_inst00             ----- model: lc_model_inst00_b             
Tc_0            10      2.169906 [    1.9214,     2.4186]
Tc_1            11      6.330031 [    6.0797,     6.5783]
Tc_2            12     10.489163 [   10.2394,    10.7381]
Tc_3            13     14.648020 [   14.3978,    14.8964]
Tc_4            14     18.806201 [   18.5575,    19.0561]
Tc_5            15     22.965239 [   22.7158,    23.2144]

----- dataset: LCdata_inst00             ----- model: lc_model_inst00_c             
Tc_3            16      1.969428 [    1.7214,     2.2186]
Tc_4            17     11.000973 [   10.7506,    11.2492]
Tc_5            18     20.031781 [   19.7811,    20.2797]

----- dataset:  LCdata_inst01
jitter_0        19      0.000021 [    0.0000,     0.0500]

----- dataset: LCdata_inst01             ----- model: lc_model_inst01_b             
Tc_3            20     14.647995 [   14.3988,    14.8961]
Tc_4            21     18.806203 [   18.5572,    19.0558]
Tc_5            22     22.965043 [   22.7169,    23.2155]
Tc_6            23     27.123602 [   26.8752,    27.3738]
Tc_7            24     31.283069 [   31.0350,    31.5336]
Tc_8            25     35.442986 [   35.1933,    35.6919]

----- dataset: LCdata_inst01             ----- model: lc_model_inst01_c             
Tc_5            26     20.030952 [   19.7822,    20.2808]
Tc_6            27     29.062185 [   28.8127,    29.3113]

----- common model:  b
P                0      4.159151 [    4.1550,     4.1650]
R_Rs             1      0.099985 [    0.0000,     0.5000]
b                2      0.165570 [    0.0000,     2.0000]

----- common model:  c
P                6      9.030501 [    9.0200,     9.0400]
R_Rs             7      0.050066 [    0.0000,     0.5000]
b                8      0.278786 [    0.0000,     2.0000]

----- common model:  star_parameters
density          5      0.709496 [    0.0000,     5.0000]

----- common model:  limb_darkening
ld_c1            3      0.505658 [    0.0000,     1.0000]
ld_c2            4      0.090669 [   -1.0000,     1.0000]

====================================================================================================
     Starting point projected onto the model parameter space     
====================================================================================================

----- dataset:  LCdata_inst00
jitter_0              0.000006 


----- dataset: LCdata_inst00             ----- model: lc_model_inst00_b             
Tc_0                  2.169906 
Tc_1                  6.330031 
Tc_2                 10.489163 
Tc_3                 14.648020 
Tc_4                 18.806201 
Tc_5                 22.965239 

----- dataset: LCdata_inst00             ----- model: lc_model_inst00_c             
Tc_3                  1.969428 
Tc_4                 11.000973 
Tc_5                 20.031781 

----- dataset:  LCdata_inst01
jitter_0              0.000021 


----- dataset: LCdata_inst01             ----- model: lc_model_inst01_b             
Tc_3                 14.647995 
Tc_4                 18.806203 
Tc_5                 22.965043 
Tc_6                 27.123602 
Tc_7                 31.283069 
Tc_8                 35.442986 

----- dataset: LCdata_inst01             ----- model: lc_model_inst01_c             
Tc_5                 20.030952 
Tc_6                 29.062185 

----- common model:  b
P                     4.159151 
e                         0.00 
omega                90.000000 
R_Rs                  0.099985 
b                     0.165570 

----- common model:  c
P                     9.030501 
e                         0.00 
omega                90.000000 
R_Rs                  0.050066 
b                     0.278786 

----- common model:  star_parameters
density               0.709496 

----- common model:  limb_darkening
ld_c1                 0.505658 
ld_c2                 0.090669 

====================================================================================================
     Derived parameters obtained from starting point     
====================================================================================================

----- common model:  b
a_Rs                  9.702921 
i                    89.022261 
R_Rj                  1.096523 
R_Re                 12.290833 
T_41                  0.148710 
T_32                  0.120891 
a_AU_(rho,R)          0.050853 

----- common model:  c
a_Rs                 16.269490 
i                    89.018158 
R_Rj                  0.570711 
R_Re                  6.397051 
T_41                  0.179010 
T_32                  0.160551 
a_AU_(rho,R)          0.088629 


====================================================================================================
     Statistics on the log-likelihood     
====================================================================================================

 LN probability: 194085.734991 

====================================================================================================
     ------------------------------------------------------------------------------------------     
====================================================================================================



*************************************************************

Running emcee

emcee version:  3.1.6
Using threading pool for emcee: True


Computing the autocorrelation time of the chains

***** WARNING ******
The integrated autocorrelation time cannot be reliably estimated
likely the chains are too short, and ACF analysis is not fully reliable
emcee.autocorr.integrated_time tolerance lowered to 20
If you still get a warning, you should drop these results entirely

Reference thinning used in the analysis: 100
Step length used in the analysis: 16*nthin = 1600

Convergence criteria: less than 1% variation in ACF after 20 times the integrated ACF
At least 50*ACF after convergence, 100*ACF would be ideal
Negative values: not converged yet

   sampler parameter              |    ACF   | ACF*nthin | converged at | nsteps/ACF | to 100*ACF
                                  |          |           |              |            | 
   LCdata_inst00_jitter_0         |    8.86  |      886  |    49600     |       0    |   88214 
   LCdata_inst00_lc_model_inst00_b_Tc_0 |    8.34  |      834  |    35200     |      18    |   68552 
   LCdata_inst00_lc_model_inst00_b_Tc_1 |    7.92  |      792  |    49600     |       1    |   78800 
   LCdata_inst00_lc_model_inst00_b_Tc_2 |    7.47  |      747  |    36800     |      18    |   61497 
   LCdata_inst00_lc_model_inst00_b_Tc_3 |    7.69  |      769  |       -1     |      -1    |   77642 
   LCdata_inst00_lc_model_inst00_b_Tc_4 |    7.86  |      786  |    36800     |      17    |   65369 
   LCdata_inst00_lc_model_inst00_b_Tc_5 |    7.67  |      767  |    36800     |      17    |   63510 
   LCdata_inst00_lc_model_inst00_c_Tc_3 |    7.98  |      798  |    40000     |      13    |   69782 
   LCdata_inst00_lc_model_inst00_c_Tc_4 |    7.82  |      782  |    35200     |      19    |   63376 
   LCdata_inst00_lc_model_inst00_c_Tc_5 |    7.67  |      767  |    38400     |      15    |   65075 
   LCdata_inst01_jitter_0         |    8.25  |      825  |    38400     |      14    |   70930 
   LCdata_inst01_lc_model_inst01_b_Tc_3 |    7.37  |      737  |    43200     |       9    |   66920 
   LCdata_inst01_lc_model_inst01_b_Tc_4 |    7.75  |      775  |    38400     |      15    |   65938 
   LCdata_inst01_lc_model_inst01_b_Tc_5 |    7.49  |      749  |    33600     |      22    |   58495 
   LCdata_inst01_lc_model_inst01_b_Tc_6 |    7.87  |      787  |    36800     |      17    |   65504 
   LCdata_inst01_lc_model_inst01_b_Tc_7 |    8.14  |      814  |    44800     |       6    |   76166 
   LCdata_inst01_lc_model_inst01_b_Tc_8 |    7.99  |      799  |    36800     |      17    |   66655 
   LCdata_inst01_lc_model_inst01_c_Tc_5 |    7.62  |      762  |    40000     |      13    |   66158 
   LCdata_inst01_lc_model_inst01_c_Tc_6 |    8.05  |      805  |    38400     |      14    |   68937 
   b_P                            |    7.02  |      702  |    38400     |      17    |   58604 
   b_R_Rs                         |   14.46  |     1446  |       -1     |      -1    |  146072 
   b_b                            |   16.75  |     1675  |       -1     |      -1    |  169151 
   c_P                            |    7.71  |      771  |    43200     |       9    |   70315 
   c_R_Rs                         |   10.35  |     1035  |       -1     |      -1    |  104531 
   c_b                            |   14.59  |     1459  |       -1     |      -1    |  147326 
   star_parameters_density        |   15.76  |     1576  |       -1     |      -1    |  159179 
   limb_darkening_ld_c1           |    7.68  |      768  |    35200     |      19    |   61991 
   limb_darkening_ld_c2           |    8.56  |      856  |    44800     |       6    |   80422 

     6 chains have not converged yet, keep going 

====================================================================================================
     Statistics on the posterior of the sampler parameters     
====================================================================================================

----- dataset:  LCdata_inst00
jitter_0         9      0.000029    -0.000017     0.000022   (15-84 p)   [    0.0000,     0.0500]

----- dataset: LCdata_inst00             ----- model: lc_model_inst00_b             
Tc_0            10       2.16991     -0.00017      0.00017   (15-84 p)   [    1.9214,     2.4186]
Tc_1            11       6.33003     -0.00018      0.00018   (15-84 p)   [    6.0797,     6.5783]
Tc_2            12      10.48916     -0.00017      0.00017   (15-84 p)   [   10.2394,    10.7381]
Tc_3            13      14.64803     -0.00018      0.00017   (15-84 p)   [   14.3978,    14.8964]
Tc_4            14      18.80620     -0.00017      0.00018   (15-84 p)   [   18.5575,    19.0561]
Tc_5            15      22.96524     -0.00018      0.00018   (15-84 p)   [   22.7158,    23.2144]

----- dataset: LCdata_inst00             ----- model: lc_model_inst00_c             
Tc_3            16       1.96944     -0.00058      0.00058   (15-84 p)   [    1.7214,     2.2186]
Tc_4            17      11.00103     -0.00062      0.00063   (15-84 p)   [   10.7506,    11.2492]
Tc_5            18      20.03178     -0.00063      0.00063   (15-84 p)   [   19.7811,    20.2797]

----- dataset:  LCdata_inst01
jitter_0        19      0.000034    -0.000020     0.000024   (15-84 p)   [    0.0000,     0.0500]

----- dataset: LCdata_inst01             ----- model: lc_model_inst01_b             
Tc_3            20      14.64800     -0.00017      0.00017   (15-84 p)   [   14.3988,    14.8961]
Tc_4            21      18.80621     -0.00017      0.00017   (15-84 p)   [   18.5572,    19.0558]
Tc_5            22      22.96504     -0.00017      0.00018   (15-84 p)   [   22.7169,    23.2155]
Tc_6            23      27.12361     -0.00017      0.00017   (15-84 p)   [   26.8752,    27.3738]
Tc_7            24      31.28306     -0.00018      0.00018   (15-84 p)   [   31.0350,    31.5336]
Tc_8            25      35.44298     -0.00018      0.00018   (15-84 p)   [   35.1933,    35.6919]

----- dataset: LCdata_inst01             ----- model: lc_model_inst01_c             
Tc_5            26      20.03089     -0.00080      0.00075   (15-84 p)   [   19.7822,    20.2808]
Tc_6            27      29.06216     -0.00059      0.00059   (15-84 p)   [   28.8127,    29.3113]

----- common model:  b
P                0      4.159152    -0.000020     0.000019   (15-84 p)   [    4.1550,     4.1650]
R_Rs             1       0.09984     -0.00029      0.00038   (15-84 p)   [    0.0000,     0.5000]
b                2         0.133       -0.082        0.067   (15-84 p)   [    0.0000,     2.0000]

----- common model:  c
P                6      9.030501    -0.000020     0.000020   (15-84 p)   [    9.0200,     9.0400]
R_Rs             7       0.05000     -0.00025      0.00026   (15-84 p)   [    0.0000,     0.5000]
b                8         0.261       -0.031        0.038   (15-84 p)   [    0.0000,     2.0000]

----- common model:  star_parameters
density          5         0.719       -0.022        0.015   (15-84 p)   [    0.0000,     5.0000]

----- common model:  limb_darkening
ld_c1            3         0.504       -0.016        0.017   (15-84 p)   [    0.0000,     1.0000]
ld_c2            4         0.097       -0.035        0.034   (15-84 p)   [   -1.0000,     1.0000]

====================================================================================================
     Statistics on the model parameters obtained from the posteriors samples     
====================================================================================================

----- dataset:  LCdata_inst00
jitter_0              0.000029    -0.000017     0.000022    (15-84 p)


----- dataset: LCdata_inst00             ----- model: lc_model_inst00_b             
Tc_0                   2.16991     -0.00017      0.00017    (15-84 p)
Tc_1                   6.33003     -0.00018      0.00018    (15-84 p)
Tc_2                  10.48916     -0.00017      0.00017    (15-84 p)
Tc_3                  14.64803     -0.00018      0.00017    (15-84 p)
Tc_4                  18.80620     -0.00017      0.00018    (15-84 p)
Tc_5                  22.96524     -0.00018      0.00018    (15-84 p)

----- dataset: LCdata_inst00             ----- model: lc_model_inst00_c             
Tc_3                   1.96944     -0.00058      0.00058    (15-84 p)
Tc_4                  11.00103     -0.00062      0.00063    (15-84 p)
Tc_5                  20.03178     -0.00063      0.00063    (15-84 p)

----- dataset:  LCdata_inst01
jitter_0              0.000034    -0.000020     0.000024    (15-84 p)


----- dataset: LCdata_inst01             ----- model: lc_model_inst01_b             
Tc_3                  14.64800     -0.00017      0.00017    (15-84 p)
Tc_4                  18.80621     -0.00017      0.00017    (15-84 p)
Tc_5                  22.96504     -0.00017      0.00018    (15-84 p)
Tc_6                  27.12361     -0.00017      0.00017    (15-84 p)
Tc_7                  31.28306     -0.00018      0.00018    (15-84 p)
Tc_8                  35.44298     -0.00018      0.00018    (15-84 p)

----- dataset: LCdata_inst01             ----- model: lc_model_inst01_c             
Tc_5                  20.03089     -0.00080      0.00075    (15-84 p)
Tc_6                  29.06216     -0.00059      0.00059    (15-84 p)

----- common model:  b
P                     4.159152    -0.000020     0.000019    (15-84 p)
e                         0.00                              [fixed]
omega                90.000000                              [fixed]
R_Rs                   0.09984     -0.00029      0.00038    (15-84 p)
b                        0.133       -0.082        0.067    (15-84 p)

----- common model:  c
P                     9.030501    -0.000020     0.000020    (15-84 p)
e                         0.00                              [fixed]
omega                90.000000                              [fixed]
R_Rs                   0.05000     -0.00025      0.00026    (15-84 p)
b                        0.261       -0.031        0.038    (15-84 p)

----- common model:  star_parameters
density                  0.719       -0.022        0.015    (15-84 p)

----- common model:  limb_darkening
ld_c1                    0.504       -0.016        0.017    (15-84 p)
ld_c2                    0.097       -0.035        0.034    (15-84 p)

====================================================================================================
     Statistics on the derived parameters obtained from the posteriors samples     
====================================================================================================

----- common model:  b
a_Rs                     9.746        -0.10        0.066    (15-84 p)
i                        89.22        -0.41         0.48    (15-84 p)
R_Rj                     1.118       -0.039        0.039    (15-84 p)
R_Re                     12.53        -0.44         0.44    (15-84 p)
T_41                   0.14865     -0.00026      0.00029    (15-84 p)
T_32                   0.12109     -0.00051      0.00038    (15-84 p)
a_AU_(rho,R)            0.0521      -0.0019       0.0019    (15-84 p)

----- common model:  c
a_Rs                     16.34        -0.17         0.11    (15-84 p)
i                        89.09        -0.14         0.11    (15-84 p)
R_Rj                     0.560       -0.020        0.020    (15-84 p)
R_Re                      6.28        -0.22         0.22    (15-84 p)
T_41                   0.17909     -0.00059      0.00062    (15-84 p)
T_32                   0.16079     -0.00075      0.00075    (15-84 p)
a_AU_(rho,R)            0.0873      -0.0031       0.0032    (15-84 p)


====================================================================================================
     ------------------------------------------------------------------------------------------     
====================================================================================================



emcee completed

