
PyORBIT v10.6.0

Python version in use:
3.10.14 (main, May  6 2024, 19:42:50) [GCC 11.2.0]

reloaded_optimize:  False
reloaded_pyde:  False
reloaded_emcee:  False

number of multiprocessing threads: 16
multiprocessing method (should be fork):  fork

parameters/safe_reload flag (must be True for tinygp):  False

Opening:  LCdata
Adding common model of planet:  b
  LC model: lc_model_b is using limb_darkening LD parameters
Using orbital model:  circular
Using orbital parametrization:  Eastman2013
Time of inferior conjunction replacing mean longitude as a free parameter:  True

Using limb darkening coefficient parametrization:  Standard

====================================================================================================
     Ids, spaces (s), boundaries (b) and priors (p) of the sampler parameters     
====================================================================================================

----- dataset:  LCdata
jitter_0      id:   6  s:Linear      b:[      0.0000,       0.0500]   p:Uniform   []

----- dataset: LCdata                    ----- model: lc_model_b                    
Tc_0          id:   7  s:Linear      b:[      1.9214,       2.4200]   p:Uniform   []
Tc_1          id:   8  s:Linear      b:[      6.0797,       6.5783]   p:Uniform   []
Tc_2          id:   9  s:Linear      b:[     10.2394,      10.7381]   p:Uniform   []
Tc_3          id:  10  s:Linear      b:[     14.3978,      14.8964]   p:Uniform   []
Tc_4          id:  11  s:Linear      b:[     18.5575,      19.0561]   p:Uniform   []
Tc_5          id:  12  s:Linear      b:[     22.7158,      23.2144]   p:Uniform   []

----- common model:  b
P             id:   0  s:Linear      b:[      4.1550,       4.1650]   p:Gaussian   [4.159151e+00 2.000000e-05]
R_Rs          id:   1  s:Linear      b:[      0.0000,       0.5000]   p:Uniform   []
b             id:   2  s:Linear      b:[      0.0000,       2.0000]   p:Uniform   []
e             derived (no id, space, bound)                           p:None   []
omega         derived (no id, space, bound)                           p:None   []

----- common model:  star_parameters
density       id:   5  s:Linear      b:[      0.0000,       5.0000]   p:Gaussian   [0.7 0.1]
mass          derived (no id, space, bound)                           p:Gaussian   [1.05 0.04]
radius        derived (no id, space, bound)                           p:Gaussian   [1.15 0.04]

----- common model:  limb_darkening
ld_c1         id:   3  s:Linear      b:[      0.0000,       1.0000]   p:Gaussian   [0.5  0.05]
ld_c2         id:   4  s:Linear      b:[     -1.0000,       1.0000]   p:Gaussian   [0.1  0.05]

Include priors:  True

Reference Time Tref:  0.0

Dimensions =  13
Nwalkers =  52

Using threading pool for PyDE: True
PyDE running
Boundaries redefined after PyDE output
PyDE completed, it took          2.4 seconds

====================================================================================================
     Starting point of the sample/optimization routines    
====================================================================================================

----- dataset:  LCdata
jitter_0         6      0.000054 [    0.0000,     0.0500]

----- dataset: LCdata                    ----- model: lc_model_b                    
Tc_0             7      2.170231 [    1.9214,     2.4200]
Tc_1             8      6.329571 [    6.0797,     6.5783]
Tc_2             9     10.489047 [   10.2394,    10.7381]
Tc_3            10     14.647702 [   14.3978,    14.8964]
Tc_4            11     18.806138 [   18.5575,    19.0561]
Tc_5            12     22.965002 [   22.7158,    23.2144]

----- common model:  b
P                0      4.159150 [    4.1550,     4.1650]
R_Rs             1      0.099668 [    0.0000,     0.5000]
b                2      0.131139 [    0.0000,     2.0000]

----- common model:  star_parameters
density          5      0.718732 [    0.0000,     5.0000]

----- common model:  limb_darkening
ld_c1            3      0.521070 [    0.0000,     1.0000]
ld_c2            4      0.077773 [   -1.0000,     1.0000]

====================================================================================================
     Starting point projected onto the model parameter space     
====================================================================================================

----- dataset:  LCdata
jitter_0              0.000054 


----- dataset: LCdata                    ----- model: lc_model_b                    
Tc_0                  2.170231 
Tc_1                  6.329571 
Tc_2                 10.489047 
Tc_3                 14.647702 
Tc_4                 18.806138 
Tc_5                 22.965002 

----- common model:  b
P                     4.159150 
e                         0.00 
omega                90.000000 
R_Rs                  0.099668 
b                     0.131139 

----- common model:  star_parameters
density               0.718732 

----- common model:  limb_darkening
ld_c1                 0.521070 
ld_c2                 0.077773 

====================================================================================================
     Derived parameters obtained from starting point     
====================================================================================================

----- common model:  b
a_Rs                  9.744843 
i                    89.228931 
R_Rj                  1.074444 
R_Re                 12.043352 
T_41                  0.148656 
T_32                  0.121192 
a_AU_(rho,R)          0.050204 


====================================================================================================
     Statistics on the log-likelihood     
====================================================================================================

 LN probability: 96942.675273 

====================================================================================================
     ------------------------------------------------------------------------------------------     
====================================================================================================



*************************************************************

Running emcee

emcee version:  3.1.6
Using threading pool for emcee: True


Computing the autocorrelation time of the chains

The chains are more than 50 times longer than the ACF, the estimate can be trusted

Reference thinning used in the analysis: 100
Step length used in the analysis: 7*nthin = 700

Convergence criteria: less than 1% variation in ACF after 50 times the integrated ACF
At least 50*ACF after convergence, 100*ACF would be ideal
Negative values: not converged yet

   sampler parameter              |    ACF   | ACF*nthin | converged at | nsteps/ACF | to 100*ACF
                                  |          |           |              |            | 
   LCdata_jitter_0                |    2.99  |      299  |    22400     |      92    |    2285 
   LCdata_lc_model_b_Tc_0         |    2.94  |      294  |    23100     |      91    |    2511 
   LCdata_lc_model_b_Tc_1         |    2.72  |      272  |    22400     |     101    |       0 
   LCdata_lc_model_b_Tc_2         |    2.83  |      283  |    21000     |     103    |       0 
   LCdata_lc_model_b_Tc_3         |    2.90  |      290  |    28000     |      76    |    6986 
   LCdata_lc_model_b_Tc_4         |    2.90  |      290  |    20300     |     102    |       0 
   LCdata_lc_model_b_Tc_5         |    3.02  |      302  |    26600     |      77    |    6821 
   b_P                            |    3.02  |      302  |    23100     |      89    |    3345 
   b_R_Rs                         |    5.91  |      591  |    34300     |      27    |   43419 
   b_b                            |    7.59  |      759  |    46200     |       5    |   72051 
   star_parameters_density        |    7.38  |      738  |    44100     |       8    |   67924 
   limb_darkening_ld_c1           |    3.02  |      302  |    24500     |      84    |    4736 
   limb_darkening_ld_c2           |    3.33  |      333  |    23800     |      79    |    7095 

All the chains have converged, but PyORBIT should keep running for about:
26332 more steps to reach 50*ACF,
21717 more steps to reach 100*ACF
Suggested value for burnin: 27677

====================================================================================================
     Statistics on the posterior of the sampler parameters     
====================================================================================================

----- dataset:  LCdata
jitter_0         6      0.000049    -0.000027     0.000023   (15-84 p)   [    0.0000,     0.0500]

----- dataset: LCdata                    ----- model: lc_model_b                    
Tc_0             7       2.17024     -0.00018      0.00018   (15-84 p)   [    1.9214,     2.4200]
Tc_1             8       6.32957     -0.00017      0.00018   (15-84 p)   [    6.0797,     6.5783]
Tc_2             9      10.48905     -0.00018      0.00018   (15-84 p)   [   10.2394,    10.7381]
Tc_3            10      14.64770     -0.00017      0.00018   (15-84 p)   [   14.3978,    14.8964]
Tc_4            11      18.80614     -0.00018      0.00017   (15-84 p)   [   18.5575,    19.0561]
Tc_5            12      22.96500     -0.00018      0.00018   (15-84 p)   [   22.7158,    23.2144]

----- common model:  b
P                0      4.159151    -0.000021     0.000020   (15-84 p)   [    4.1550,     4.1650]
R_Rs             1       0.09966     -0.00033      0.00044   (15-84 p)   [    0.0000,     0.5000]
b                2         0.122       -0.081        0.082   (15-84 p)   [    0.0000,     2.0000]

----- common model:  star_parameters
density          5         0.721       -0.027        0.013   (15-84 p)   [    0.0000,     5.0000]

----- common model:  limb_darkening
ld_c1            3         0.520       -0.020        0.020   (15-84 p)   [    0.0000,     1.0000]
ld_c2            4         0.078       -0.039        0.039   (15-84 p)   [   -1.0000,     1.0000]

====================================================================================================
     Statistics on the model parameters obtained from the posteriors samples     
====================================================================================================

----- dataset:  LCdata
jitter_0              0.000049    -0.000027     0.000023    (15-84 p)


----- dataset: LCdata                    ----- model: lc_model_b                    
Tc_0                   2.17024     -0.00018      0.00018    (15-84 p)
Tc_1                   6.32957     -0.00017      0.00018    (15-84 p)
Tc_2                  10.48905     -0.00018      0.00018    (15-84 p)
Tc_3                  14.64770     -0.00017      0.00018    (15-84 p)
Tc_4                  18.80614     -0.00018      0.00017    (15-84 p)
Tc_5                  22.96500     -0.00018      0.00018    (15-84 p)

----- common model:  b
P                     4.159151    -0.000021     0.000020    (15-84 p)
e                         0.00                              [fixed]
omega                90.000000                              [fixed]
R_Rs                   0.09966     -0.00033      0.00044    (15-84 p)
b                        0.122       -0.081        0.082    (15-84 p)

----- common model:  star_parameters
density                  0.721       -0.027        0.013    (15-84 p)

----- common model:  limb_darkening
ld_c1                    0.520       -0.020        0.020    (15-84 p)
ld_c2                    0.078       -0.039        0.039    (15-84 p)

====================================================================================================
     Statistics on the derived parameters obtained from the posteriors samples     
====================================================================================================

----- common model:  b
a_Rs                     9.753        -0.12        0.060    (15-84 p)
i                        89.28        -0.50         0.48    (15-84 p)
R_Rj                     1.115       -0.038        0.039    (15-84 p)
R_Re                     12.50        -0.43         0.44    (15-84 p)
T_41                   0.14869     -0.00033      0.00036    (15-84 p)
T_32                   0.12120     -0.00061      0.00042    (15-84 p)
a_AU_(rho,R)            0.0520      -0.0019       0.0019    (15-84 p)


====================================================================================================
     ------------------------------------------------------------------------------------------     
====================================================================================================



emcee completed

