
PyORBIT v10.6.0

Python version in use:
3.10.14 (main, May  6 2024, 19:42:50) [GCC 11.2.0]
 LaTeX disabled by default
Using orbital model:  circular
Using orbital parametrization:  Eastman2013
Time of inferior conjunction replacing mean longitude as a free parameter:  True
Dataset flag of times of inferior conjuctions:  id_transit_b

Using orbital model:  circular
Using orbital parametrization:  Eastman2013
Time of inferior conjunction replacing mean longitude as a free parameter:  True
Dataset flag of times of inferior conjuctions:  id_transit_c

Using limb darkening coefficient parametrization:  Standard

emcee version:  3.1.6

 Reference Time Tref: 0.0

 Dimensions = 28
 Nwalkers = 112

 Steps: 50000


 LN posterior: 194072.548112      -3.903358     3.305243 (15-84 p) 

 Median log_priors     = 43.13703504752646
 Median log_likelihood = 194042.19102653675

 Median BIC  (using likelihood) = -387794.46677112073
 Median AIC  (using likelihood) = -388028.3820530735
 Median AICc (using likelihood) = -388028.33026240475

 Median BIC  (using posterior)  = -387880.74084121577
 Median AIC  (using posterior)  = -388114.65612316853
 Median AICc (using posterior)  = -388114.6043324998

 MAP log_priors     = 42.65115548853504
 MAP log_likelihood = 194039.33462827493

 MAP BIC  (using likelihood) = -387788.7539745971
 MAP AIC  (using likelihood) = -388022.66925654985
 MAP AICc (using likelihood) = -388022.6174658811

 MAP BIC  (using posterior)  = -387874.05628557416
 MAP AIC  (using posterior)  = -388107.9715675269
 MAP AICc (using posterior)  = -388107.9197768582

 AIC suggested over AICs because NDATA ( 31386 ) > 40 * NDIM ( 28 )

****************************************************************************************************


Computing the autocorrelation time of the chains

***** WARNING ******
The integrated autocorrelation time cannot be reliably estimated
likely the chains are too short, and ACF analysis is not fully reliable
emcee.autocorr.integrated_time tolerance lowered to 20
If you still get a warning, you should drop these results entirely

Reference thinning used in the analysis: 100
Step length used in the analysis: 17*nthin = 1700

Convergence criteria: less than 1% variation in ACF after 20 times the integrated ACF
At least 50*ACF after convergence, 100*ACF would be ideal
Negative values: not converged yet

   sampler parameter              |    ACF   | ACF*nthin | converged at | nsteps/ACF | to 100*ACF
                                  |          |           |              |            | 
   LCdata_inst00_jitter_0         |    8.27  |      827  |    34000     |      19    |   66669 
   LCdata_inst00_lc_model_inst00_b_Tc_0 |    7.24  |      724  |    39100     |      15    |   61521 
   LCdata_inst00_lc_model_inst00_b_Tc_1 |    7.87  |      787  |    37400     |      16    |   66106 
   LCdata_inst00_lc_model_inst00_b_Tc_2 |    7.99  |      799  |    45900     |       5    |   75810 
   LCdata_inst00_lc_model_inst00_b_Tc_3 |    7.88  |      788  |    44200     |       7    |   73026 
   LCdata_inst00_lc_model_inst00_b_Tc_4 |    7.34  |      734  |    40800     |      13    |   64204 
   LCdata_inst00_lc_model_inst00_b_Tc_5 |    7.74  |      774  |    40800     |      12    |   68160 
   LCdata_inst00_lc_model_inst00_c_Tc_0 |    7.74  |      774  |    32300     |      23    |   59736 
   LCdata_inst00_lc_model_inst00_c_Tc_1 |    7.78  |      778  |    34000     |      21    |   61850 
   LCdata_inst00_lc_model_inst00_c_Tc_2 |    7.36  |      736  |    42500     |      10    |   66060 
   LCdata_inst01_jitter_0         |    8.05  |      805  |    39100     |      14    |   69579 
   LCdata_inst01_lc_model_inst01_b_Tc_3 |    7.71  |      771  |    42500     |      10    |   69650 
   LCdata_inst01_lc_model_inst01_b_Tc_4 |    7.78  |      778  |    42500     |      10    |   70288 
   LCdata_inst01_lc_model_inst01_b_Tc_5 |    7.30  |      730  |    44200     |       8    |   67196 
   LCdata_inst01_lc_model_inst01_b_Tc_6 |    7.61  |      761  |    40800     |      12    |   66922 
   LCdata_inst01_lc_model_inst01_b_Tc_7 |    7.79  |      779  |    49300     |       1    |   77163 
   LCdata_inst01_lc_model_inst01_b_Tc_8 |    7.43  |      743  |    49300     |       1    |   73601 
   LCdata_inst01_lc_model_inst01_c_Tc_2 |    7.92  |      792  |    49300     |       1    |   78470 
   LCdata_inst01_lc_model_inst01_c_Tc_3 |    7.99  |      799  |    35700     |      18    |   65628 
   b_P                            |    7.81  |      781  |    47600     |       3    |   75680 
   b_R_Rs                         |   14.75  |     1475  |    45900     |       3    |  143382 
   b_b                            |   17.18  |     1718  |       -1     |      -1    |  173489 
   c_P                            |    7.73  |      773  |    35700     |      18    |   63013 
   c_R_Rs                         |   10.00  |     1000  |    44200     |       6    |   94238 
   c_b                            |   15.07  |     1507  |    49300     |       0    |  150004 
   star_parameters_density        |   15.87  |     1587  |       -1     |      -1    |  160256 
   limb_darkening_ld_c1           |    8.40  |      840  |    44200     |       7    |   78220 
   limb_darkening_ld_c2           |    9.10  |      910  |    42500     |       8    |   83542 

     2 chains have not converged yet, keep going 

 Plotting the ACF... 


====================================================================================================
     Ids, spaces (s), boundaries (b) and priors (p) of the sampler parameters     
====================================================================================================

----- dataset:  LCdata_inst00
jitter_0      id:   9  s:Linear      b:[      0.0000,       0.0500]   p:Uniform   []

----- dataset: LCdata_inst00             ----- model: lc_model_inst00_b             
Tc_0          id:  10  s:Linear      b:[      1.9214,       2.4200]   p:Uniform   []
Tc_1          id:  11  s:Linear      b:[      6.0797,       6.5783]   p:Uniform   []
Tc_2          id:  12  s:Linear      b:[     10.2394,      10.7381]   p:Uniform   []
Tc_3          id:  13  s:Linear      b:[     14.3978,      14.8964]   p:Uniform   []
Tc_4          id:  14  s:Linear      b:[     18.5575,      19.0561]   p:Uniform   []
Tc_5          id:  15  s:Linear      b:[     22.7158,      23.2144]   p:Uniform   []

----- dataset: LCdata_inst00             ----- model: lc_model_inst00_c             
Tc_0          id:  16  s:Linear      b:[      1.7214,       2.2200]   p:Uniform   []
Tc_1          id:  17  s:Linear      b:[     10.7506,      11.2492]   p:Uniform   []
Tc_2          id:  18  s:Linear      b:[     19.7811,      20.2797]   p:Uniform   []

----- dataset:  LCdata_inst01
jitter_0      id:  19  s:Linear      b:[      0.0000,       0.0500]   p:Uniform   []

----- dataset: LCdata_inst01             ----- model: lc_model_inst01_b             
Tc_3          id:  20  s:Linear      b:[     14.3988,      14.8975]   p:Uniform   []
Tc_4          id:  21  s:Linear      b:[     18.5572,      19.0558]   p:Uniform   []
Tc_5          id:  22  s:Linear      b:[     22.7169,      23.2155]   p:Uniform   []
Tc_6          id:  23  s:Linear      b:[     26.8752,      27.3738]   p:Uniform   []
Tc_7          id:  24  s:Linear      b:[     31.0350,      31.5336]   p:Uniform   []
Tc_8          id:  25  s:Linear      b:[     35.1933,      35.6919]   p:Uniform   []

----- dataset: LCdata_inst01             ----- model: lc_model_inst01_c             
Tc_2          id:  26  s:Linear      b:[     19.7822,      20.2808]   p:Uniform   []
Tc_3          id:  27  s:Linear      b:[     28.8127,      29.3113]   p:Uniform   []

----- common model:  b
P             id:   0  s:Linear      b:[      4.1550,       4.1650]   p:Gaussian   [4.159151e+00 2.000000e-05]
R_Rs          id:   1  s:Linear      b:[      0.0000,       0.5000]   p:Uniform   []
b             id:   2  s:Linear      b:[      0.0000,       2.0000]   p:Uniform   []
e             derived (no id, space, bound)                           p:None   []
omega         derived (no id, space, bound)                           p:None   []

----- common model:  c
P             id:   6  s:Linear      b:[      9.0200,       9.0400]   p:Gaussian   [9.030501e+00 2.000000e-05]
R_Rs          id:   7  s:Linear      b:[      0.0000,       0.5000]   p:Uniform   []
b             id:   8  s:Linear      b:[      0.0000,       2.0000]   p:Uniform   []
e             derived (no id, space, bound)                           p:None   []
omega         derived (no id, space, bound)                           p:None   []

----- common model:  star_parameters
density       id:   5  s:Linear      b:[      0.0000,       5.0000]   p:Gaussian   [0.7 0.1]
mass          derived (no id, space, bound)                           p:Gaussian   [1.05 0.04]
radius        derived (no id, space, bound)                           p:Gaussian   [1.15 0.04]

----- common model:  limb_darkening
ld_c1         id:   3  s:Linear      b:[      0.0000,       1.0000]   p:Gaussian   [0.5  0.05]
ld_c2         id:   4  s:Linear      b:[     -1.0000,       1.0000]   p:Gaussian   [0.1  0.05]


****************************************************************************************************
****************************************************************************************************

 Confidence intervals (median value, 34.135th percentile from the median on the left and right side)

====================================================================================================
     Statistics on the posterior of the sampler parameters     
====================================================================================================

----- dataset:  LCdata_inst00
jitter_0         9      0.000029    -0.000017     0.000022   (15-84 p)   [    0.0000,     0.0500]

----- dataset: LCdata_inst00             ----- model: lc_model_inst00_b             
Tc_0            10       2.16991     -0.00017      0.00018   (15-84 p)   [    1.9214,     2.4200]
Tc_1            11       6.33003     -0.00018      0.00017   (15-84 p)   [    6.0797,     6.5783]
Tc_2            12      10.48916     -0.00017      0.00017   (15-84 p)   [   10.2394,    10.7381]
Tc_3            13      14.64802     -0.00018      0.00017   (15-84 p)   [   14.3978,    14.8964]
Tc_4            14      18.80620     -0.00017      0.00017   (15-84 p)   [   18.5575,    19.0561]
Tc_5            15      22.96525     -0.00018      0.00017   (15-84 p)   [   22.7158,    23.2144]

----- dataset: LCdata_inst00             ----- model: lc_model_inst00_c             
Tc_0            16       1.96943     -0.00059      0.00058   (15-84 p)   [    1.7214,     2.2200]
Tc_1            17      11.00105     -0.00062      0.00063   (15-84 p)   [   10.7506,    11.2492]
Tc_2            18      20.03178     -0.00063      0.00063   (15-84 p)   [   19.7811,    20.2797]

----- dataset:  LCdata_inst01
jitter_0        19      0.000035    -0.000020     0.000023   (15-84 p)   [    0.0000,     0.0500]

----- dataset: LCdata_inst01             ----- model: lc_model_inst01_b             
Tc_3            20      14.64799     -0.00017      0.00017   (15-84 p)   [   14.3988,    14.8975]
Tc_4            21      18.80621     -0.00018      0.00018   (15-84 p)   [   18.5572,    19.0558]
Tc_5            22      22.96504     -0.00017      0.00017   (15-84 p)   [   22.7169,    23.2155]
Tc_6            23      27.12359     -0.00017      0.00017   (15-84 p)   [   26.8752,    27.3738]
Tc_7            24      31.28306     -0.00018      0.00017   (15-84 p)   [   31.0350,    31.5336]
Tc_8            25      35.44299     -0.00018      0.00018   (15-84 p)   [   35.1933,    35.6919]

----- dataset: LCdata_inst01             ----- model: lc_model_inst01_c             
Tc_2            26      20.03088     -0.00081      0.00076   (15-84 p)   [   19.7822,    20.2808]
Tc_3            27      29.06216     -0.00059      0.00059   (15-84 p)   [   28.8127,    29.3113]

----- common model:  b
P                0      4.159152    -0.000020     0.000020   (15-84 p)   [    4.1550,     4.1650]
R_Rs             1       0.09982     -0.00027      0.00037   (15-84 p)   [    0.0000,     0.5000]
b                2         0.130       -0.078        0.068   (15-84 p)   [    0.0000,     2.0000]

----- common model:  c
P                6      9.030501    -0.000020     0.000020   (15-84 p)   [    9.0200,     9.0400]
R_Rs             7       0.04998     -0.00025      0.00026   (15-84 p)   [    0.0000,     0.5000]
b                8         0.259       -0.030        0.038   (15-84 p)   [    0.0000,     2.0000]

----- common model:  star_parameters
density          5         0.719       -0.022        0.014   (15-84 p)   [    0.0000,     5.0000]

----- common model:  limb_darkening
ld_c1            3         0.504       -0.017        0.017   (15-84 p)   [    0.0000,     1.0000]
ld_c2            4         0.097       -0.035        0.034   (15-84 p)   [   -1.0000,     1.0000]

====================================================================================================
     Statistics on the model parameters obtained from the posteriors samples     
====================================================================================================

----- dataset:  LCdata_inst00
jitter_0              0.000029    -0.000017     0.000022    (15-84 p)


----- dataset: LCdata_inst00             ----- model: lc_model_inst00_b             
Tc_0                   2.16991     -0.00017      0.00018    (15-84 p)
Tc_1                   6.33003     -0.00018      0.00017    (15-84 p)
Tc_2                  10.48916     -0.00017      0.00017    (15-84 p)
Tc_3                  14.64802     -0.00018      0.00017    (15-84 p)
Tc_4                  18.80620     -0.00017      0.00017    (15-84 p)
Tc_5                  22.96525     -0.00018      0.00017    (15-84 p)

----- dataset: LCdata_inst00             ----- model: lc_model_inst00_c             
Tc_0                   1.96943     -0.00059      0.00058    (15-84 p)
Tc_1                  11.00105     -0.00062      0.00063    (15-84 p)
Tc_2                  20.03178     -0.00063      0.00063    (15-84 p)

----- dataset:  LCdata_inst01
jitter_0              0.000035    -0.000020     0.000023    (15-84 p)


----- dataset: LCdata_inst01             ----- model: lc_model_inst01_b             
Tc_3                  14.64799     -0.00017      0.00017    (15-84 p)
Tc_4                  18.80621     -0.00018      0.00018    (15-84 p)
Tc_5                  22.96504     -0.00017      0.00017    (15-84 p)
Tc_6                  27.12359     -0.00017      0.00017    (15-84 p)
Tc_7                  31.28306     -0.00018      0.00017    (15-84 p)
Tc_8                  35.44299     -0.00018      0.00018    (15-84 p)

----- dataset: LCdata_inst01             ----- model: lc_model_inst01_c             
Tc_2                  20.03088     -0.00081      0.00076    (15-84 p)
Tc_3                  29.06216     -0.00059      0.00059    (15-84 p)

----- common model:  b
P                     4.159152    -0.000020     0.000020    (15-84 p)
e                         0.00                              [fixed]
omega                90.000000                              [fixed]
R_Rs                   0.09982     -0.00027      0.00037    (15-84 p)
b                        0.130       -0.078        0.068    (15-84 p)

----- common model:  c
P                     9.030501    -0.000020     0.000020    (15-84 p)
e                         0.00                              [fixed]
omega                90.000000                              [fixed]
R_Rs                   0.04998     -0.00025      0.00026    (15-84 p)
b                        0.259       -0.030        0.038    (15-84 p)

----- common model:  star_parameters
density                  0.719       -0.022        0.014    (15-84 p)

----- common model:  limb_darkening
ld_c1                    0.504       -0.017        0.017    (15-84 p)
ld_c2                    0.097       -0.035        0.034    (15-84 p)

====================================================================================================
     Statistics on the derived parameters obtained from the posteriors samples     
====================================================================================================

----- common model:  b
a_Rs                     9.748        -0.10        0.065    (15-84 p)
i                        89.23        -0.41         0.46    (15-84 p)
R_Rj                     1.119       -0.039        0.039    (15-84 p)
R_Re                     12.54        -0.44         0.44    (15-84 p)
T_41                   0.14865     -0.00026      0.00028    (15-84 p)
T_32                   0.12111     -0.00051      0.00036    (15-84 p)
a_AU_(rho,R)            0.0521      -0.0018       0.0019    (15-84 p)

----- common model:  c
a_Rs                     16.34        -0.17         0.11    (15-84 p)
i                        89.09        -0.15         0.11    (15-84 p)
R_Rj                     0.560       -0.020        0.020    (15-84 p)
R_Re                      6.27        -0.22         0.22    (15-84 p)
T_41                   0.17913     -0.00060      0.00060    (15-84 p)
T_32                   0.16083     -0.00075      0.00075    (15-84 p)
a_AU_(rho,R)            0.0873      -0.0031       0.0032    (15-84 p)


====================================================================================================
     ------------------------------------------------------------------------------------------     
====================================================================================================



****************************************************************************************************

 Parameters corresponding to the Maximum a Posteriori probability ( 194081.98578376346 )

====================================================================================================
     Statistics on the posterior of the sampler parameters     
====================================================================================================

----- dataset:  LCdata_inst00
jitter_0         9      0.000005 [    0.0000,     0.0500]

----- dataset: LCdata_inst00             ----- model: lc_model_inst00_b             
Tc_0            10      2.169878 [    1.9214,     2.4200]
Tc_1            11      6.330018 [    6.0797,     6.5783]
Tc_2            12     10.489254 [   10.2394,    10.7381]
Tc_3            13     14.648008 [   14.3978,    14.8964]
Tc_4            14     18.806089 [   18.5575,    19.0561]
Tc_5            15     22.965226 [   22.7158,    23.2144]

----- dataset: LCdata_inst00             ----- model: lc_model_inst00_c             
Tc_0            16      1.969629 [    1.7214,     2.2200]
Tc_1            17     11.001729 [   10.7506,    11.2492]
Tc_2            18     20.032207 [   19.7811,    20.2797]

----- dataset:  LCdata_inst01
jitter_0        19      0.000054 [    0.0000,     0.0500]

----- dataset: LCdata_inst01             ----- model: lc_model_inst01_b             
Tc_3            20     14.648017 [   14.3988,    14.8975]
Tc_4            21     18.806216 [   18.5572,    19.0558]
Tc_5            22     22.965093 [   22.7169,    23.2155]
Tc_6            23     27.123547 [   26.8752,    27.3738]
Tc_7            24     31.282929 [   31.0350,    31.5336]
Tc_8            25     35.442978 [   35.1933,    35.6919]

----- dataset: LCdata_inst01             ----- model: lc_model_inst01_c             
Tc_2            26     20.030876 [   19.7822,    20.2808]
Tc_3            27     29.062443 [   28.8127,    29.3113]

----- common model:  b
P                0      4.159133 [    4.1550,     4.1650]
R_Rs             1      0.099929 [    0.0000,     0.5000]
b                2      0.167287 [    0.0000,     2.0000]

----- common model:  c
P                6      9.030510 [    9.0200,     9.0400]
R_Rs             7      0.050222 [    0.0000,     0.5000]
b                8      0.277862 [    0.0000,     2.0000]

----- common model:  star_parameters
density          5      0.708957 [    0.0000,     5.0000]

----- common model:  limb_darkening
ld_c1            3      0.499236 [    0.0000,     1.0000]
ld_c2            4      0.100108 [   -1.0000,     1.0000]

====================================================================================================
     Statistics on the model parameters obtained from the posteriors samples     
====================================================================================================

----- dataset:  LCdata_inst00
jitter_0              0.000005 


----- dataset: LCdata_inst00             ----- model: lc_model_inst00_b             
Tc_0                  2.169878 
Tc_1                  6.330018 
Tc_2                 10.489254 
Tc_3                 14.648008 
Tc_4                 18.806089 
Tc_5                 22.965226 

----- dataset: LCdata_inst00             ----- model: lc_model_inst00_c             
Tc_0                  1.969629 
Tc_1                 11.001729 
Tc_2                 20.032207 

----- dataset:  LCdata_inst01
jitter_0              0.000054 


----- dataset: LCdata_inst01             ----- model: lc_model_inst01_b             
Tc_3                 14.648017 
Tc_4                 18.806216 
Tc_5                 22.965093 
Tc_6                 27.123547 
Tc_7                 31.282929 
Tc_8                 35.442978 

----- dataset: LCdata_inst01             ----- model: lc_model_inst01_c             
Tc_2                 20.030876 
Tc_3                 29.062443 

----- common model:  b
P                     4.159133 
e                         0.00 
omega                90.000000 
R_Rs                  0.099929 
b                     0.167287 

----- common model:  c
P                     9.030510 
e                         0.00 
omega                90.000000 
R_Rs                  0.050222 
b                     0.277862 

----- common model:  star_parameters
density               0.708957 

----- common model:  limb_darkening
ld_c1                 0.499236 
ld_c2                 0.100108 

====================================================================================================
     Statistics on the derived parameters obtained from the posteriors samples     
====================================================================================================

----- common model:  b
a_Rs                  9.700436 
i                    89.011865 
R_Rj                  1.138829 
R_Re                 12.765036 
T_41                  0.148704 
T_32                  0.120885 
a_AU_(rho,R)          0.052831 

----- common model:  c
a_Rs                 16.265381 
i                    89.021167 
R_Rj                  0.528974 
R_Re                  5.929226 
T_41                  0.179129 
T_32                  0.160613 
a_AU_(rho,R)          0.081872 


====================================================================================================
     ------------------------------------------------------------------------------------------     
====================================================================================================



****************************************************************************************************

 Parameters corresponding to the sample closest to the median values ( 194080.73621973887 )

====================================================================================================
     Statistics on the posterior of the sampler parameters     
====================================================================================================

----- dataset:  LCdata_inst00
jitter_0         9      0.000023 [    0.0000,     0.0500]

----- dataset: LCdata_inst00             ----- model: lc_model_inst00_b             
Tc_0            10      2.169818 [    1.9214,     2.4200]
Tc_1            11      6.330128 [    6.0797,     6.5783]
Tc_2            12     10.489076 [   10.2394,    10.7381]
Tc_3            13     14.647754 [   14.3978,    14.8964]
Tc_4            14     18.806223 [   18.5575,    19.0561]
Tc_5            15     22.965149 [   22.7158,    23.2144]

----- dataset: LCdata_inst00             ----- model: lc_model_inst00_c             
Tc_0            16      1.969339 [    1.7214,     2.2200]
Tc_1            17     11.001049 [   10.7506,    11.2492]
Tc_2            18     20.031998 [   19.7811,    20.2797]

----- dataset:  LCdata_inst01
jitter_0        19      0.000041 [    0.0000,     0.0500]

----- dataset: LCdata_inst01             ----- model: lc_model_inst01_b             
Tc_3            20     14.647977 [   14.3988,    14.8975]
Tc_4            21     18.806283 [   18.5572,    19.0558]
Tc_5            22     22.965091 [   22.7169,    23.2155]
Tc_6            23     27.123507 [   26.8752,    27.3738]
Tc_7            24     31.283160 [   31.0350,    31.5336]
Tc_8            25     35.442960 [   35.1933,    35.6919]

----- dataset: LCdata_inst01             ----- model: lc_model_inst01_c             
Tc_2            26     20.030884 [   19.7822,    20.2808]
Tc_3            27     29.061901 [   28.8127,    29.3113]

----- common model:  b
P                0      4.159151 [    4.1550,     4.1650]
R_Rs             1      0.100022 [    0.0000,     0.5000]
b                2      0.153287 [    0.0000,     2.0000]

----- common model:  c
P                6      9.030494 [    9.0200,     9.0400]
R_Rs             7      0.049979 [    0.0000,     0.5000]
b                8      0.268229 [    0.0000,     2.0000]

----- common model:  star_parameters
density          5      0.713123 [    0.0000,     5.0000]

----- common model:  limb_darkening
ld_c1            3      0.501579 [    0.0000,     1.0000]
ld_c2            4      0.104570 [   -1.0000,     1.0000]

====================================================================================================
     Statistics on the model parameters obtained from the posteriors samples     
====================================================================================================

----- dataset:  LCdata_inst00
jitter_0              0.000023 


----- dataset: LCdata_inst00             ----- model: lc_model_inst00_b             
Tc_0                  2.169818 
Tc_1                  6.330128 
Tc_2                 10.489076 
Tc_3                 14.647754 
Tc_4                 18.806223 
Tc_5                 22.965149 

----- dataset: LCdata_inst00             ----- model: lc_model_inst00_c             
Tc_0                  1.969339 
Tc_1                 11.001049 
Tc_2                 20.031998 

----- dataset:  LCdata_inst01
jitter_0              0.000041 


----- dataset: LCdata_inst01             ----- model: lc_model_inst01_b             
Tc_3                 14.647977 
Tc_4                 18.806283 
Tc_5                 22.965091 
Tc_6                 27.123507 
Tc_7                 31.283160 
Tc_8                 35.442960 

----- dataset: LCdata_inst01             ----- model: lc_model_inst01_c             
Tc_2                 20.030884 
Tc_3                 29.061901 

----- common model:  b
P                     4.159151 
e                         0.00 
omega                90.000000 
R_Rs                  0.100022 
b                     0.153287 

----- common model:  c
P                     9.030494 
e                         0.00 
omega                90.000000 
R_Rs                  0.049979 
b                     0.268229 

----- common model:  star_parameters
density               0.713123 

----- common model:  limb_darkening
ld_c1                 0.501579 
ld_c2                 0.104570 

====================================================================================================
     Statistics on the derived parameters obtained from the posteriors samples     
====================================================================================================

----- common model:  b
a_Rs                  9.719429 
i                    89.096341 
R_Rj                  1.081915 
R_Re                 12.127097 
T_41                  0.148705 
T_32                  0.120980 
a_AU_(rho,R)          0.050243 

----- common model:  c
a_Rs                 16.297161 
i                    89.056946 
R_Rj                  0.580923 
R_Re                  6.511518 
T_41                  0.179191 
T_32                  0.160853 
a_AU_(rho,R)          0.090526 


====================================================================================================
     ------------------------------------------------------------------------------------------     
====================================================================================================



****************************************************************************************************

Note: priors on stellar mass and radius provided independently from the measured density, no check for consistency is performed

 Plot FLAT chain 

****************************************************************************************************

Plotting full_correlation plot with pygtc

****************************************************************************************************

 Plotting the chains... 

****************************************************************************************************

 Plotting the Gelman-Rubin traces... 

     Gelman-Rubin:     9     1.007569 LCdata_inst00_jitter_0 
     Gelman-Rubin:    10     1.008743 LCdata_inst00_lc_model_inst00_b_Tc_0 
     Gelman-Rubin:    11     1.009365 LCdata_inst00_lc_model_inst00_b_Tc_1 
     Gelman-Rubin:    12     1.007998 LCdata_inst00_lc_model_inst00_b_Tc_2 
     Gelman-Rubin:    13     1.007928 LCdata_inst00_lc_model_inst00_b_Tc_3 
     Gelman-Rubin:    14     1.008307 LCdata_inst00_lc_model_inst00_b_Tc_4 
     Gelman-Rubin:    15     1.009448 LCdata_inst00_lc_model_inst00_b_Tc_5 
     Gelman-Rubin:    16     1.009852 LCdata_inst00_lc_model_inst00_c_Tc_0 
     Gelman-Rubin:    17     1.008172 LCdata_inst00_lc_model_inst00_c_Tc_1 
     Gelman-Rubin:    18     1.009568 LCdata_inst00_lc_model_inst00_c_Tc_2 
     Gelman-Rubin:    19     1.007733 LCdata_inst01_jitter_0 
     Gelman-Rubin:    20     1.007053 LCdata_inst01_lc_model_inst01_b_Tc_3 
     Gelman-Rubin:    21     1.009017 LCdata_inst01_lc_model_inst01_b_Tc_4 
     Gelman-Rubin:    22     1.008018 LCdata_inst01_lc_model_inst01_b_Tc_5 
     Gelman-Rubin:    23     1.009466 LCdata_inst01_lc_model_inst01_b_Tc_6 
     Gelman-Rubin:    24     1.009367 LCdata_inst01_lc_model_inst01_b_Tc_7 
     Gelman-Rubin:    25     1.008252 LCdata_inst01_lc_model_inst01_b_Tc_8 
     Gelman-Rubin:    26     1.007255 LCdata_inst01_lc_model_inst01_c_Tc_2 
     Gelman-Rubin:    27     1.007122 LCdata_inst01_lc_model_inst01_c_Tc_3 
     Gelman-Rubin:     0     1.008160 b_P 
     Gelman-Rubin:     1     1.018650 b_R_Rs 
     Gelman-Rubin:     2     1.021516 b_b 
     Gelman-Rubin:     6     1.009048 c_P 
     Gelman-Rubin:     7     1.012474 c_R_Rs 
     Gelman-Rubin:     8     1.019885 c_b 
     Gelman-Rubin:     5     1.019140 star_parameters_density 
     Gelman-Rubin:     3     1.008642 limb_darkening_ld_c1 
     Gelman-Rubin:     4     1.009882 limb_darkening_ld_c2 

****************************************************************************************************

 Plotting the common models corner plots
     Common model:  b
     Common model:  c
     Common model:  star_parameters
     Common model:  limb_darkening

****************************************************************************************************

 Dataset + models corner plots 

     Dataset:  LCdata_inst00     model:  lc_model_inst00_b  corner plot  starting 
     Dataset:  LCdata_inst00     model:  lc_model_inst00_b  corner plot  done 
     Dataset:  LCdata_inst00     model:  lc_model_inst00_c  corner plot  starting 
     Dataset:  LCdata_inst00     model:  lc_model_inst00_c  corner plot  done 
     Dataset:  LCdata_inst01     model:  lc_model_inst01_b  corner plot  starting 
     Dataset:  LCdata_inst01     model:  lc_model_inst01_b  corner plot  done 
     Dataset:  LCdata_inst01     model:  lc_model_inst01_c  corner plot  starting 
     Dataset:  LCdata_inst01     model:  lc_model_inst01_c  corner plot  done 

****************************************************************************************************

 Saving the planet parameter samplings to files (with plots)

****************************************************************************************************

 Saving all the parameter samplings to files (with plots)

****************************************************************************************************

 Computing the models for plot/data writing 
 Writing the plots 
 Writing the   data files 
 Writing the  MAP_ data files 
 Writing the  sampleMED_ data files 

****************************************************************************************************

