
PyORBIT v10.6.0

Python version in use:
3.10.14 (main, May  6 2024, 19:42:50) [GCC 11.2.0]

reloaded_optimize:  False
reloaded_pyde:  False
reloaded_emcee:  False

number of multiprocessing threads: 16
multiprocessing method (should be fork):  fork

parameters/safe_reload flag (must be True for tinygp):  False

Opening:  LCdata_inst00
Opening:  LCdata_inst01
Adding common model of planet:  b
  LC model: lc_model_b is using limb_darkening LD parameters
Using orbital model:  circular
Using orbital parametrization:  Eastman2013
Time of inferior conjunction replacing mean longitude as a free parameter:  True
Dataset flag of times of inferior conjuctions:  id_transit_b

Using limb darkening coefficient parametrization:  Standard
Shared transit-specific time of transits (i.e., TTVs):  True

====================================================================================================
     Ids, spaces (s), boundaries (b) and priors (p) of the sampler parameters     
====================================================================================================

----- dataset:  LCdata_inst00
jitter_0      id:  15  s:Linear      b:[      0.0000,       0.0500]   p:Uniform   []

----- dataset:  LCdata_inst01
jitter_0      id:  16  s:Linear      b:[      0.0000,       0.0500]   p:Uniform   []

----- common model:  b
P             id:   0  s:Linear      b:[      4.1550,       4.1650]   p:Gaussian   [4.159151e+00 2.000000e-05]
R_Rs          id:   1  s:Linear      b:[      0.0000,       0.5000]   p:Uniform   []
b             id:   2  s:Linear      b:[      0.0000,       2.0000]   p:Uniform   []
Tc_0          id:   3  s:Linear      b:[      1.9214,       2.4200]   p:Uniform   []
Tc_1          id:   4  s:Linear      b:[      6.0797,       6.5783]   p:Uniform   []
Tc_2          id:   5  s:Linear      b:[     10.2394,      10.7381]   p:Uniform   []
Tc_3          id:   6  s:Linear      b:[     14.3988,      14.8975]   p:Uniform   []
Tc_4          id:   7  s:Linear      b:[     18.5572,      19.0558]   p:Uniform   []
Tc_5          id:   8  s:Linear      b:[     22.7169,      23.2155]   p:Uniform   []
Tc_6          id:   9  s:Linear      b:[     26.8752,      27.3738]   p:Uniform   []
Tc_7          id:  10  s:Linear      b:[     31.0350,      31.5336]   p:Uniform   []
Tc_8          id:  11  s:Linear      b:[     35.1933,      35.6919]   p:Uniform   []
e             derived (no id, space, bound)                           p:None   []
omega         derived (no id, space, bound)                           p:None   []

----- common model:  star_parameters
density       id:  14  s:Linear      b:[      0.0000,       5.0000]   p:Gaussian   [0.7 0.1]
mass          derived (no id, space, bound)                           p:Gaussian   [1.05 0.04]
radius        derived (no id, space, bound)                           p:Gaussian   [1.15 0.04]

----- common model:  limb_darkening
ld_c1         id:  12  s:Linear      b:[      0.0000,       1.0000]   p:Gaussian   [0.5  0.05]
ld_c2         id:  13  s:Linear      b:[     -1.0000,       1.0000]   p:Gaussian   [0.1  0.05]

Include priors:  True

Reference Time Tref:  0.0

Dimensions =  17
Nwalkers =  68

Using threading pool for PyDE: True
PyDE running
Boundaries redefined after PyDE output
PyDE completed, it took          6.7 seconds

====================================================================================================
     Starting point of the sample/optimization routines    
====================================================================================================

----- dataset:  LCdata_inst00
jitter_0        15      0.000008 [    0.0000,     0.0500]

----- dataset:  LCdata_inst01
jitter_0        16      0.000005 [    0.0000,     0.0500]

----- common model:  b
P                0      4.159151 [    4.1550,     4.1650]
R_Rs             1      0.100051 [    0.0000,     0.5000]
b                2      0.094731 [    0.0000,     2.0000]
Tc_0             3      2.169980 [    1.9214,     2.4200]
Tc_1             4      6.329629 [    6.0797,     6.5783]
Tc_2             5     10.489212 [   10.2394,    10.7381]
Tc_3             6     14.647953 [   14.3988,    14.8975]
Tc_4             7     18.805822 [   18.5572,    19.0558]
Tc_5             8     22.964932 [   22.7169,    23.2155]
Tc_6             9     27.123130 [   26.8752,    27.3738]
Tc_7            10     31.283222 [   31.0350,    31.5336]
Tc_8            11     35.442960 [   35.1933,    35.6919]

----- common model:  star_parameters
density         14      0.735849 [    0.0000,     5.0000]

----- common model:  limb_darkening
ld_c1           12      0.473000 [    0.0000,     1.0000]
ld_c2           13      0.109852 [   -1.0000,     1.0000]

====================================================================================================
     Starting point projected onto the model parameter space     
====================================================================================================

----- dataset:  LCdata_inst00
jitter_0              0.000008 


----- dataset:  LCdata_inst01
jitter_0              0.000005 


----- common model:  b
P                     4.159151 
e                         0.00 
omega                90.000000 
R_Rs                  0.100051 
b                     0.094731 
Tc_0                  2.169980 
Tc_1                  6.329629 
Tc_2                 10.489212 
Tc_3                 14.647953 
Tc_4                 18.805822 
Tc_5                 22.964932 
Tc_6                 27.123130 
Tc_7                 31.283222 
Tc_8                 35.442960 

----- common model:  star_parameters
density               0.735849 

----- common model:  limb_darkening
ld_c1                 0.473000 
ld_c2                 0.109852 

====================================================================================================
     Derived parameters obtained from starting point     
====================================================================================================

----- common model:  b
a_Rs                  9.821597 
i                    89.447366 
R_Rj                  1.094442 
R_Re                 12.267506 
T_41                  0.148045 
T_32                  0.120808 
a_AU_(rho,R)          0.051343 


====================================================================================================
     Statistics on the log-likelihood     
====================================================================================================

 LN probability: 194121.757502 

====================================================================================================
     ------------------------------------------------------------------------------------------     
====================================================================================================



*************************************************************

Running emcee

emcee version:  3.1.6
Using threading pool for emcee: True


Computing the autocorrelation time of the chains

The chains are more than 50 times longer than the ACF, the estimate can be trusted

Reference thinning used in the analysis: 100
Step length used in the analysis: 9*nthin = 900

Convergence criteria: less than 1% variation in ACF after 50 times the integrated ACF
At least 50*ACF after convergence, 100*ACF would be ideal
Negative values: not converged yet

   sampler parameter              |    ACF   | ACF*nthin | converged at | nsteps/ACF | to 100*ACF
                                  |          |           |              |            | 
   LCdata_inst00_jitter_0         |    4.93  |      493  |    34200     |      32    |   33502 
   LCdata_inst01_jitter_0         |    4.90  |      490  |    29700     |      41    |   28749 
   b_P                            |    4.39  |      439  |    29700     |      46    |   23610 
   b_R_Rs                         |    7.94  |      794  |    44100     |       7    |   73468 
   b_b                            |    9.70  |      970  |       -1     |      -1    |   97986 
   b_Tc_0                         |    4.22  |      422  |    27900     |      52    |   20087 
   b_Tc_1                         |    4.43  |      443  |    29700     |      46    |   23996 
   b_Tc_2                         |    4.11  |      411  |    27900     |      54    |   18975 
   b_Tc_3                         |    4.35  |      435  |    27000     |      53    |   20505 
   b_Tc_4                         |    4.76  |      476  |    29700     |      43    |   27291 
   b_Tc_5                         |    4.35  |      435  |    28800     |      49    |   22308 
   b_Tc_6                         |    4.46  |      446  |    31500     |      41    |   26121 
   b_Tc_7                         |    4.52  |      452  |    32400     |      39    |   27616 
   b_Tc_8                         |    4.55  |      455  |    27900     |      49    |   23421 
   star_parameters_density        |    9.43  |      943  |       -1     |      -1    |   95282 
   limb_darkening_ld_c1           |    4.17  |      417  |    26100     |      57    |   17790 
   limb_darkening_ld_c2           |    4.46  |      446  |    27000     |      52    |   21593 

     2 chains have not converged yet, keep going 

====================================================================================================
     Statistics on the posterior of the sampler parameters     
====================================================================================================

----- dataset:  LCdata_inst00
jitter_0        15      0.000031    -0.000018     0.000023   (15-84 p)   [    0.0000,     0.0500]

----- dataset:  LCdata_inst01
jitter_0        16      0.000026    -0.000015     0.000020   (15-84 p)   [    0.0000,     0.0500]

----- common model:  b
P                0      4.159151    -0.000020     0.000020   (15-84 p)   [    4.1550,     4.1650]
R_Rs             1       0.10010     -0.00021      0.00028   (15-84 p)   [    0.0000,     0.5000]
b                2         0.100       -0.066        0.066   (15-84 p)   [    0.0000,     2.0000]
Tc_0             3       2.16997     -0.00017      0.00017   (15-84 p)   [    1.9214,     2.4200]
Tc_1             4       6.32963     -0.00018      0.00017   (15-84 p)   [    6.0797,     6.5783]
Tc_2             5      10.48922     -0.00017      0.00016   (15-84 p)   [   10.2394,    10.7381]
Tc_3             6      14.64795     -0.00012      0.00012   (15-84 p)   [   14.3988,    14.8975]
Tc_4             7      18.80582     -0.00012      0.00012   (15-84 p)   [   18.5572,    19.0558]
Tc_5             8      22.96493     -0.00012      0.00012   (15-84 p)   [   22.7169,    23.2155]
Tc_6             9      27.12313     -0.00018      0.00017   (15-84 p)   [   26.8752,    27.3738]
Tc_7            10      31.28322     -0.00017      0.00018   (15-84 p)   [   31.0350,    31.5336]
Tc_8            11      35.44296     -0.00017      0.00017   (15-84 p)   [   35.1933,    35.6919]

----- common model:  star_parameters
density         14        0.7347       -0.018       0.0091   (15-84 p)   [    0.0000,     5.0000]

----- common model:  limb_darkening
ld_c1           12         0.474       -0.017        0.017   (15-84 p)   [    0.0000,     1.0000]
ld_c2           13         0.106       -0.033        0.034   (15-84 p)   [   -1.0000,     1.0000]

====================================================================================================
     Statistics on the model parameters obtained from the posteriors samples     
====================================================================================================

----- dataset:  LCdata_inst00
jitter_0              0.000031    -0.000018     0.000023    (15-84 p)


----- dataset:  LCdata_inst01
jitter_0              0.000026    -0.000015     0.000020    (15-84 p)


----- common model:  b
P                     4.159151    -0.000020     0.000020    (15-84 p)
e                         0.00                              [fixed]
omega                90.000000                              [fixed]
R_Rs                   0.10010     -0.00021      0.00028    (15-84 p)
b                        0.100       -0.066        0.066    (15-84 p)
Tc_0                   2.16997     -0.00017      0.00017    (15-84 p)
Tc_1                   6.32963     -0.00018      0.00017    (15-84 p)
Tc_2                  10.48922     -0.00017      0.00016    (15-84 p)
Tc_3                  14.64795     -0.00012      0.00012    (15-84 p)
Tc_4                  18.80582     -0.00012      0.00012    (15-84 p)
Tc_5                  22.96493     -0.00012      0.00012    (15-84 p)
Tc_6                  27.12313     -0.00018      0.00017    (15-84 p)
Tc_7                  31.28322     -0.00017      0.00018    (15-84 p)
Tc_8                  35.44296     -0.00017      0.00017    (15-84 p)

----- common model:  star_parameters
density                 0.7347       -0.018       0.0091    (15-84 p)

----- common model:  limb_darkening
ld_c1                    0.474       -0.017        0.017    (15-84 p)
ld_c2                    0.106       -0.033        0.034    (15-84 p)

====================================================================================================
     Statistics on the derived parameters obtained from the posteriors samples     
====================================================================================================

----- common model:  b
a_Rs                     9.816       -0.080        0.041    (15-84 p)
i                        89.42        -0.39         0.38    (15-84 p)
R_Rj                     1.121       -0.039        0.039    (15-84 p)
R_Re                     12.57        -0.44         0.43    (15-84 p)
T_41                   0.14808     -0.00023      0.00025    (15-84 p)
T_32                   0.12075     -0.00040      0.00028    (15-84 p)
a_AU_(rho,R)            0.0524      -0.0019       0.0019    (15-84 p)


====================================================================================================
     ------------------------------------------------------------------------------------------     
====================================================================================================



emcee completed

