
PyORBIT v10.6.0

Python version in use:
3.10.14 (main, May  6 2024, 19:42:50) [GCC 11.2.0]
 LaTeX disabled by default
Using orbital model:  circular
Using orbital parametrization:  Eastman2013
Time of inferior conjunction replacing mean longitude as a free parameter:  True
Dataset flag of times of inferior conjuctions:  id_transit_b

Using limb darkening coefficient parametrization:  Standard
Using RoadRunner Model from PyTransit

emcee version:  3.1.6

 Reference Time Tref: 0.0

 Dimensions = 13
 Nwalkers = 52

 Steps: 50000


 LN posterior: 97036.349746      -2.762755     2.061599 (15-84 p) 

 Median log_priors     = 22.423244797297748
 Median log_likelihood = 97019.30868171064

 Median BIC  (using likelihood) = -193913.02475300478
 Median AIC  (using likelihood) = -194012.61736342128
 Median AICc (using likelihood) = -194012.59414765498

 Median BIC  (using posterior)  = -193957.8712425994
 Median AIC  (using posterior)  = -194057.46385301588
 Median AICc (using posterior)  = -194057.4406372496

 MAP log_priors     = 22.364239131439973
 MAP log_likelihood = 97019.26953216344

 MAP BIC  (using likelihood) = -193912.94645391038
 MAP AIC  (using likelihood) = -194012.53906432688
 MAP AICc (using likelihood) = -194012.51584856058

 MAP BIC  (using posterior)  = -193957.67493217325
 MAP AIC  (using posterior)  = -194057.26754258975
 MAP AICc (using posterior)  = -194057.24432682345

 AIC suggested over AICs because NDATA ( 15693 ) > 40 * NDIM ( 13 )

****************************************************************************************************


Computing the autocorrelation time of the chains

The chains are more than 50 times longer than the ACF, the estimate can be trusted

Reference thinning used in the analysis: 100
Step length used in the analysis: 6*nthin = 600

Convergence criteria: less than 1% variation in ACF after 50 times the integrated ACF
At least 50*ACF after convergence, 100*ACF would be ideal
Negative values: not converged yet

   sampler parameter              |    ACF   | ACF*nthin | converged at | nsteps/ACF | to 100*ACF
                                  |          |           |              |            | 
   LCdata_jitter_0                |    2.72  |      272  |    19200     |     113    |       0 
   LCdata_lc_model_b_Tc_0         |    2.63  |      263  |    17400     |     124    |       0 
   LCdata_lc_model_b_Tc_1         |    2.54  |      254  |    16800     |     130    |       0 
   LCdata_lc_model_b_Tc_2         |    2.50  |      250  |    17400     |     130    |       0 
   LCdata_lc_model_b_Tc_3         |    2.33  |      233  |    19800     |     130    |       0 
   LCdata_lc_model_b_Tc_4         |    2.71  |      271  |    16200     |     125    |       0 
   LCdata_lc_model_b_Tc_5         |    2.58  |      258  |    19800     |     117    |       0 
   b_P                            |    2.61  |      261  |    18000     |     123    |       0 
   b_R_Rs                         |    4.67  |      467  |    27600     |      48    |   24301 
   b_b                            |    6.56  |      656  |    36000     |      21    |   51625 
   star_parameters_density        |    6.94  |      694  |    41400     |      12    |   60776 
   limb_darkening_ld_c1           |    2.73  |      273  |    17400     |     119    |       0 
   limb_darkening_ld_c2           |    2.87  |      287  |    19200     |     107    |       0 

All the chains have converged, but PyORBIT should keep running for about:
15284 more steps to reach 50*ACF,
45567 more steps to reach 100*ACF
Suggested value for burnin: 22015

 Plotting the ACF... 


====================================================================================================
     Ids, spaces (s), boundaries (b) and priors (p) of the sampler parameters     
====================================================================================================

----- dataset:  LCdata
jitter_0      id:   6  s:Linear      b:[      0.0000,       0.0500]   p:Uniform   []

----- dataset: LCdata                    ----- model: lc_model_b                    
Tc_0          id:   7  s:Linear      b:[      1.9214,       2.4200]   p:Uniform   []
Tc_1          id:   8  s:Linear      b:[      6.0797,       6.5783]   p:Uniform   []
Tc_2          id:   9  s:Linear      b:[     10.2394,      10.7381]   p:Uniform   []
Tc_3          id:  10  s:Linear      b:[     14.3978,      14.8964]   p:Uniform   []
Tc_4          id:  11  s:Linear      b:[     18.5575,      19.0561]   p:Uniform   []
Tc_5          id:  12  s:Linear      b:[     22.7158,      23.2144]   p:Uniform   []

----- common model:  b
P             id:   0  s:Linear      b:[      4.1550,       4.1650]   p:Gaussian   [4.159151e+00 2.000000e-05]
R_Rs          id:   1  s:Linear      b:[      0.0000,       0.5000]   p:Uniform   []
b             id:   2  s:Linear      b:[      0.0000,       2.0000]   p:Uniform   []
e             derived (no id, space, bound)                           p:None   []
omega         derived (no id, space, bound)                           p:None   []

----- common model:  star_parameters
density       id:   5  s:Linear      b:[      0.0000,       5.0000]   p:Gaussian   [0.7 0.1]
mass          derived (no id, space, bound)                           p:Gaussian   [1.05 0.04]
radius        derived (no id, space, bound)                           p:Gaussian   [1.15 0.04]

----- common model:  limb_darkening
ld_c1         id:   3  s:Linear      b:[      0.0000,       1.0000]   p:Gaussian   [0.5  0.05]
ld_c2         id:   4  s:Linear      b:[     -1.0000,       1.0000]   p:Gaussian   [0.1  0.05]


****************************************************************************************************
****************************************************************************************************

 Confidence intervals (median value, 34.135th percentile from the median on the left and right side)

====================================================================================================
     Statistics on the posterior of the sampler parameters     
====================================================================================================

----- dataset:  LCdata
jitter_0         6      0.000032    -0.000019     0.000022   (15-84 p)   [    0.0000,     0.0500]

----- dataset: LCdata                    ----- model: lc_model_b                    
Tc_0             7       2.16998     -0.00017      0.00017   (15-84 p)   [    1.9214,     2.4200]
Tc_1             8       6.32963     -0.00018      0.00017   (15-84 p)   [    6.0797,     6.5783]
Tc_2             9      10.48921     -0.00017      0.00017   (15-84 p)   [   10.2394,    10.7381]
Tc_3            10      14.64788     -0.00017      0.00017   (15-84 p)   [   14.3978,    14.8964]
Tc_4            11      18.80574     -0.00017      0.00017   (15-84 p)   [   18.5575,    19.0561]
Tc_5            12      22.96501     -0.00017      0.00017   (15-84 p)   [   22.7158,    23.2144]

----- common model:  b
P                0      4.159151    -0.000020     0.000020   (15-84 p)   [    4.1550,     4.1650]
R_Rs             1       0.10004     -0.00024      0.00028   (15-84 p)   [    0.0000,     0.5000]
b                2         0.076       -0.052        0.070   (15-84 p)   [    0.0000,     2.0000]

----- common model:  star_parameters
density          5        0.7394       -0.016       0.0076   (15-84 p)   [    0.0000,     5.0000]

----- common model:  limb_darkening
ld_c1            3         0.481       -0.020        0.020   (15-84 p)   [    0.0000,     1.0000]
ld_c2            4         0.087       -0.039        0.038   (15-84 p)   [   -1.0000,     1.0000]

====================================================================================================
     Statistics on the model parameters obtained from the posteriors samples     
====================================================================================================

----- dataset:  LCdata
jitter_0              0.000032    -0.000019     0.000022    (15-84 p)


----- dataset: LCdata                    ----- model: lc_model_b                    
Tc_0                   2.16998     -0.00017      0.00017    (15-84 p)
Tc_1                   6.32963     -0.00018      0.00017    (15-84 p)
Tc_2                  10.48921     -0.00017      0.00017    (15-84 p)
Tc_3                  14.64788     -0.00017      0.00017    (15-84 p)
Tc_4                  18.80574     -0.00017      0.00017    (15-84 p)
Tc_5                  22.96501     -0.00017      0.00017    (15-84 p)

----- common model:  b
P                     4.159151    -0.000020     0.000020    (15-84 p)
e                         0.00                              [fixed]
omega                90.000000                              [fixed]
R_Rs                   0.10004     -0.00024      0.00028    (15-84 p)
b                        0.076       -0.052        0.070    (15-84 p)

----- common model:  star_parameters
density                 0.7394       -0.016       0.0076    (15-84 p)

----- common model:  limb_darkening
ld_c1                    0.481       -0.020        0.020    (15-84 p)
ld_c2                    0.087       -0.039        0.038    (15-84 p)

====================================================================================================
     Statistics on the derived parameters obtained from the posteriors samples     
====================================================================================================

----- common model:  b
a_Rs                     9.837       -0.070        0.033    (15-84 p)
i                        89.56        -0.41         0.30    (15-84 p)
R_Rj                     1.120       -0.039        0.039    (15-84 p)
R_Re                     12.55        -0.43         0.44    (15-84 p)
T_41                   0.14797     -0.00029      0.00030    (15-84 p)
T_32                   0.12074     -0.00036      0.00031    (15-84 p)
a_AU_(rho,R)            0.0525      -0.0019       0.0019    (15-84 p)


====================================================================================================
     ------------------------------------------------------------------------------------------     
====================================================================================================



****************************************************************************************************

 Parameters corresponding to the Maximum a Posteriori probability ( 97041.63377129487 )

====================================================================================================
     Statistics on the posterior of the sampler parameters     
====================================================================================================

----- dataset:  LCdata
jitter_0         6      0.000014 [    0.0000,     0.0500]

----- dataset: LCdata                    ----- model: lc_model_b                    
Tc_0             7      2.170039 [    1.9214,     2.4200]
Tc_1             8      6.329645 [    6.0797,     6.5783]
Tc_2             9     10.489158 [   10.2394,    10.7381]
Tc_3            10     14.647832 [   14.3978,    14.8964]
Tc_4            11     18.805706 [   18.5575,    19.0561]
Tc_5            12     22.964940 [   22.7158,    23.2144]

----- common model:  b
P                0      4.159154 [    4.1550,     4.1650]
R_Rs             1      0.099946 [    0.0000,     0.5000]
b                2      0.047059 [    0.0000,     2.0000]

----- common model:  star_parameters
density          5      0.744117 [    0.0000,     5.0000]

----- common model:  limb_darkening
ld_c1            3      0.476387 [    0.0000,     1.0000]
ld_c2            4      0.088108 [   -1.0000,     1.0000]

====================================================================================================
     Statistics on the model parameters obtained from the posteriors samples     
====================================================================================================

----- dataset:  LCdata
jitter_0              0.000014 


----- dataset: LCdata                    ----- model: lc_model_b                    
Tc_0                  2.170039 
Tc_1                  6.329645 
Tc_2                 10.489158 
Tc_3                 14.647832 
Tc_4                 18.805706 
Tc_5                 22.964940 

----- common model:  b
P                     4.159154 
e                         0.00 
omega                90.000000 
R_Rs                  0.099946 
b                     0.047059 

----- common model:  star_parameters
density               0.744117 

----- common model:  limb_darkening
ld_c1                 0.476387 
ld_c2                 0.088108 

====================================================================================================
     Statistics on the derived parameters obtained from the posteriors samples     
====================================================================================================

----- common model:  b
a_Rs                  9.858250 
i                    89.726494 
R_Rj                  1.196459 
R_Re                 13.411004 
T_41                  0.147890 
T_32                  0.120875 
a_AU_(rho,R)          0.056398 


====================================================================================================
     ------------------------------------------------------------------------------------------     
====================================================================================================



****************************************************************************************************

 Parameters corresponding to the sample closest to the median values ( 97041.44405240785 )

====================================================================================================
     Statistics on the posterior of the sampler parameters     
====================================================================================================

----- dataset:  LCdata
jitter_0         6      0.000035 [    0.0000,     0.0500]

----- dataset: LCdata                    ----- model: lc_model_b                    
Tc_0             7      2.170040 [    1.9214,     2.4200]
Tc_1             8      6.329588 [    6.0797,     6.5783]
Tc_2             9     10.489276 [   10.2394,    10.7381]
Tc_3            10     14.647824 [   14.3978,    14.8964]
Tc_4            11     18.805750 [   18.5575,    19.0561]
Tc_5            12     22.964989 [   22.7158,    23.2144]

----- common model:  b
P                0      4.159152 [    4.1550,     4.1650]
R_Rs             1      0.099930 [    0.0000,     0.5000]
b                2      0.055178 [    0.0000,     2.0000]

----- common model:  star_parameters
density          5      0.744304 [    0.0000,     5.0000]

----- common model:  limb_darkening
ld_c1            3      0.489100 [    0.0000,     1.0000]
ld_c2            4      0.080246 [   -1.0000,     1.0000]

====================================================================================================
     Statistics on the model parameters obtained from the posteriors samples     
====================================================================================================

----- dataset:  LCdata
jitter_0              0.000035 


----- dataset: LCdata                    ----- model: lc_model_b                    
Tc_0                  2.170040 
Tc_1                  6.329588 
Tc_2                 10.489276 
Tc_3                 14.647824 
Tc_4                 18.805750 
Tc_5                 22.964989 

----- common model:  b
P                     4.159152 
e                         0.00 
omega                90.000000 
R_Rs                  0.099930 
b                     0.055178 

----- common model:  star_parameters
density               0.744304 

----- common model:  limb_darkening
ld_c1                 0.489100 
ld_c2                 0.080246 

====================================================================================================
     Statistics on the derived parameters obtained from the posteriors samples     
====================================================================================================

----- common model:  b
a_Rs                  9.859071 
i                    89.679331 
R_Rj                  1.177088 
R_Re                 13.193881 
T_41                  0.147824 
T_32                  0.120806 
a_AU_(rho,R)          0.055499 


====================================================================================================
     ------------------------------------------------------------------------------------------     
====================================================================================================



****************************************************************************************************

Note: priors on stellar mass and radius provided independently from the measured density, no check for consistency is performed

 Plot FLAT chain 

****************************************************************************************************

Plotting full_correlation plot with pygtc

****************************************************************************************************

 Plotting the chains... 

****************************************************************************************************

 Plotting the Gelman-Rubin traces... 

     Gelman-Rubin:     6     1.001358 LCdata_jitter_0 
     Gelman-Rubin:     7     1.001264 LCdata_lc_model_b_Tc_0 
     Gelman-Rubin:     8     1.001972 LCdata_lc_model_b_Tc_1 
     Gelman-Rubin:     9     1.002118 LCdata_lc_model_b_Tc_2 
     Gelman-Rubin:    10     1.001745 LCdata_lc_model_b_Tc_3 
     Gelman-Rubin:    11     1.002099 LCdata_lc_model_b_Tc_4 
     Gelman-Rubin:    12     1.001679 LCdata_lc_model_b_Tc_5 
     Gelman-Rubin:     0     1.001088 b_P 
     Gelman-Rubin:     1     1.003595 b_R_Rs 
     Gelman-Rubin:     2     1.005457 b_b 
     Gelman-Rubin:     5     1.006188 star_parameters_density 
     Gelman-Rubin:     3     1.001378 limb_darkening_ld_c1 
     Gelman-Rubin:     4     1.001893 limb_darkening_ld_c2 

****************************************************************************************************

 Plotting the common models corner plots
     Common model:  b
     Common model:  star_parameters
     Common model:  limb_darkening

****************************************************************************************************

 Dataset + models corner plots 

     Dataset:  LCdata     model:  lc_model_b  corner plot  starting 
     Dataset:  LCdata     model:  lc_model_b  corner plot  done 

****************************************************************************************************

 Saving the planet parameter samplings to files (with plots)

****************************************************************************************************

 Saving all the parameter samplings to files (with plots)

****************************************************************************************************

 Computing the models for plot/data writing 
 Writing the plots 
 Writing the   data files 
 Writing the  MAP_ data files 
 Writing the  sampleMED_ data files 

****************************************************************************************************

