
PyORBIT v10.6.0

Python version in use:
3.10.14 (main, May  6 2024, 19:42:50) [GCC 11.2.0]
 LaTeX disabled by default
Using orbital model:  circular
Using orbital parametrization:  Eastman2013
Time of inferior conjunction replacing mean longitude as a free parameter:  True

Using limb darkening coefficient parametrization:  Standard

emcee version:  3.1.6

 Reference Time Tref: 0.0

 Dimensions = 17
 Nwalkers = 68

 Steps: 50000


 LN posterior: 193992.735497      -2.990095     2.403154 (15-84 p) 

 Median log_priors     = 27.59346468986934
 Median log_likelihood = 193972.39233753213

 Median BIC  (using likelihood) = -387768.7646824501
 Median AIC  (using likelihood) = -387910.78467506426
 Median AICc (using likelihood) = -387910.76516473526

 Median BIC  (using posterior)  = -387823.95161182986
 Median AIC  (using posterior)  = -387965.971604444
 Median AICc (using posterior)  = -387965.952094115

 MAP log_priors     = 27.31176695795213
 MAP log_likelihood = 193971.57036645844

 MAP BIC  (using likelihood) = -387767.1207403027
 MAP AIC  (using likelihood) = -387909.1407329169
 MAP AICc (using likelihood) = -387909.1212225879

 MAP BIC  (using posterior)  = -387821.7442742186
 MAP AIC  (using posterior)  = -387963.7642668328
 MAP AICc (using posterior)  = -387963.7447565038

 AIC suggested over AICs because NDATA ( 31386 ) > 40 * NDIM ( 17 )

****************************************************************************************************


Computing the autocorrelation time of the chains

***** WARNING ******
The integrated autocorrelation time cannot be reliably estimated
likely the chains are too short, and ACF analysis is not fully reliable
emcee.autocorr.integrated_time tolerance lowered to 20
If you still get a warning, you should drop these results entirely

Reference thinning used in the analysis: 100
Step length used in the analysis: 10*nthin = 1000

Convergence criteria: less than 1% variation in ACF after 20 times the integrated ACF
At least 50*ACF after convergence, 100*ACF would be ideal
Negative values: not converged yet

   sampler parameter              |    ACF   | ACF*nthin | converged at | nsteps/ACF | to 100*ACF
                                  |          |           |              |            | 
   LCdata_inst00_jitter_0         |    4.74  |      474  |    27000     |      48    |   24448 
   LCdata_inst01_jitter_0         |    4.87  |      487  |    20000     |      62    |   18745 
   b_P                            |    4.34  |      434  |    29000     |      48    |   22427 
   b_R_Rs                         |    9.42  |      942  |    34000     |      17    |   78158 
   b_b                            |   10.90  |     1090  |    37000     |      12    |   95996 
   b_Tc_0                         |    4.60  |      460  |    24000     |      57    |   19965 
   b_Tc_1                         |    4.18  |      418  |    22000     |      67    |   13755 
   b_Tc_2                         |    4.29  |      429  |    20000     |      70    |   12875 
   b_Tc_3                         |    4.51  |      451  |    25000     |      55    |   20094 
   b_Tc_4                         |    4.55  |      455  |    19000     |      68    |   14480 
   b_Tc_5                         |    4.17  |      417  |    25000     |      60    |   16720 
   b_Tc_6                         |    4.00  |      400  |    21000     |      73    |   10993 
   b_Tc_7                         |    4.35  |      435  |    27000     |      53    |   20451 
   b_Tc_8                         |    4.34  |      434  |    21000     |      67    |   14392 
   star_parameters_density        |   10.97  |     1097  |    38000     |      11    |   97730 
   limb_darkening_ld_c1           |    4.39  |      439  |    19000     |      71    |   12857 
   limb_darkening_ld_c2           |    4.89  |      489  |    22000     |      57    |   20948 

All the chains have converged, but PyORBIT should keep running for about:
23376 more steps to reach 50*ACF,
30296 more steps to reach 100*ACF
Suggested value for burnin: 25294

 Plotting the ACF... 


====================================================================================================
     Ids, spaces (s), boundaries (b) and priors (p) of the sampler parameters     
====================================================================================================

----- dataset:  LCdata_inst00
jitter_0      id:  15  s:Linear      b:[      0.0000,       0.0500]   p:Uniform   []

----- dataset:  LCdata_inst01
jitter_0      id:  16  s:Linear      b:[      0.0000,       0.0500]   p:Uniform   []

----- common model:  b
P             id:   0  s:Linear      b:[      4.1550,       4.1650]   p:Gaussian   [4.159151e+00 2.000000e-05]
R_Rs          id:   1  s:Linear      b:[      0.0000,       0.5000]   p:Uniform   []
b             id:   2  s:Linear      b:[      0.0000,       2.0000]   p:Uniform   []
Tc_0          id:   3  s:Linear      b:[      1.9214,       2.4200]   p:Uniform   []
Tc_1          id:   4  s:Linear      b:[      6.0797,       6.5783]   p:Uniform   []
Tc_2          id:   5  s:Linear      b:[     10.2394,      10.7381]   p:Uniform   []
Tc_3          id:   6  s:Linear      b:[     14.3988,      14.8975]   p:Uniform   []
Tc_4          id:   7  s:Linear      b:[     18.5572,      19.0558]   p:Uniform   []
Tc_5          id:   8  s:Linear      b:[     22.7169,      23.2155]   p:Uniform   []
Tc_6          id:   9  s:Linear      b:[     26.8752,      27.3738]   p:Uniform   []
Tc_7          id:  10  s:Linear      b:[     31.0350,      31.5336]   p:Uniform   []
Tc_8          id:  11  s:Linear      b:[     35.1933,      35.6919]   p:Uniform   []
e             derived (no id, space, bound)                           p:None   []
omega         derived (no id, space, bound)                           p:None   []

----- common model:  star_parameters
density       id:  14  s:Linear      b:[      0.0000,       5.0000]   p:Gaussian   [0.7 0.1]
mass          derived (no id, space, bound)                           p:Gaussian   [1.05 0.04]
radius        derived (no id, space, bound)                           p:Gaussian   [1.15 0.04]

----- common model:  limb_darkening
ld_c1         id:  12  s:Linear      b:[      0.0000,       1.0000]   p:Gaussian   [0.5  0.05]
ld_c2         id:  13  s:Linear      b:[     -1.0000,       1.0000]   p:Gaussian   [0.1  0.05]


****************************************************************************************************
****************************************************************************************************

 Confidence intervals (median value, 34.135th percentile from the median on the left and right side)

====================================================================================================
     Statistics on the posterior of the sampler parameters     
====================================================================================================

----- dataset:  LCdata_inst00
jitter_0        15      0.000050    -0.000027     0.000023   (15-84 p)   [    0.0000,     0.0500]

----- dataset:  LCdata_inst01
jitter_0        16      0.000028    -0.000016     0.000022   (15-84 p)   [    0.0000,     0.0500]

----- common model:  b
P                0      4.159151    -0.000020     0.000020   (15-84 p)   [    4.1550,     4.1650]
R_Rs             1       0.09978     -0.00024      0.00034   (15-84 p)   [    0.0000,     0.5000]
b                2         0.108       -0.073        0.071   (15-84 p)   [    0.0000,     2.0000]
Tc_0             3       2.17022     -0.00017      0.00018   (15-84 p)   [    1.9214,     2.4200]
Tc_1             4       6.32957     -0.00018      0.00018   (15-84 p)   [    6.0797,     6.5783]
Tc_2             5      10.48905     -0.00018      0.00018   (15-84 p)   [   10.2394,    10.7381]
Tc_3             6      14.64791     -0.00012      0.00012   (15-84 p)   [   14.3988,    14.8975]
Tc_4             7      18.80635     -0.00013      0.00012   (15-84 p)   [   18.5572,    19.0558]
Tc_5             8      22.96512     -0.00012      0.00012   (15-84 p)   [   22.7169,    23.2155]
Tc_6             9      27.12369     -0.00018      0.00017   (15-84 p)   [   26.8752,    27.3738]
Tc_7            10      31.28308     -0.00018      0.00017   (15-84 p)   [   31.0350,    31.5336]
Tc_8            11      35.44279     -0.00017      0.00017   (15-84 p)   [   35.1933,    35.6919]

----- common model:  star_parameters
density         14         0.724       -0.020        0.011   (15-84 p)   [    0.0000,     5.0000]

----- common model:  limb_darkening
ld_c1           12         0.493       -0.017        0.017   (15-84 p)   [    0.0000,     1.0000]
ld_c2           13         0.117       -0.035        0.035   (15-84 p)   [   -1.0000,     1.0000]

====================================================================================================
     Statistics on the model parameters obtained from the posteriors samples     
====================================================================================================

----- dataset:  LCdata_inst00
jitter_0              0.000050    -0.000027     0.000023    (15-84 p)


----- dataset:  LCdata_inst01
jitter_0              0.000028    -0.000016     0.000022    (15-84 p)


----- common model:  b
P                     4.159151    -0.000020     0.000020    (15-84 p)
e                         0.00                              [fixed]
omega                90.000000                              [fixed]
R_Rs                   0.09978     -0.00024      0.00034    (15-84 p)
b                        0.108       -0.073        0.071    (15-84 p)
Tc_0                   2.17022     -0.00017      0.00018    (15-84 p)
Tc_1                   6.32957     -0.00018      0.00018    (15-84 p)
Tc_2                  10.48905     -0.00018      0.00018    (15-84 p)
Tc_3                  14.64791     -0.00012      0.00012    (15-84 p)
Tc_4                  18.80635     -0.00013      0.00012    (15-84 p)
Tc_5                  22.96512     -0.00012      0.00012    (15-84 p)
Tc_6                  27.12369     -0.00018      0.00017    (15-84 p)
Tc_7                  31.28308     -0.00018      0.00017    (15-84 p)
Tc_8                  35.44279     -0.00017      0.00017    (15-84 p)

----- common model:  star_parameters
density                  0.724       -0.020        0.011    (15-84 p)

----- common model:  limb_darkening
ld_c1                    0.493       -0.017        0.017    (15-84 p)
ld_c2                    0.117       -0.035        0.035    (15-84 p)

====================================================================================================
     Statistics on the derived parameters obtained from the posteriors samples     
====================================================================================================

----- common model:  b
a_Rs                     9.768       -0.092        0.048    (15-84 p)
i                        89.37        -0.43         0.43    (15-84 p)
R_Rj                     1.118       -0.039        0.039    (15-84 p)
R_Re                     12.53        -0.44         0.44    (15-84 p)
T_41                   0.14865     -0.00025      0.00027    (15-84 p)
T_32                   0.12125     -0.00048      0.00032    (15-84 p)
a_AU_(rho,R)            0.0522      -0.0018       0.0019    (15-84 p)


====================================================================================================
     ------------------------------------------------------------------------------------------     
====================================================================================================



****************************************************************************************************

 Parameters corresponding to the Maximum a Posteriori probability ( 193998.8821334164 )

====================================================================================================
     Statistics on the posterior of the sampler parameters     
====================================================================================================

----- dataset:  LCdata_inst00
jitter_0        15      0.000060 [    0.0000,     0.0500]

----- dataset:  LCdata_inst01
jitter_0        16      0.000041 [    0.0000,     0.0500]

----- common model:  b
P                0      4.159162 [    4.1550,     4.1650]
R_Rs             1      0.099531 [    0.0000,     0.5000]
b                2      0.002883 [    0.0000,     2.0000]
Tc_0             3      2.170299 [    1.9214,     2.4200]
Tc_1             4      6.329684 [    6.0797,     6.5783]
Tc_2             5     10.489103 [   10.2394,    10.7381]
Tc_3             6     14.647849 [   14.3988,    14.8975]
Tc_4             7     18.806341 [   18.5572,    19.0558]
Tc_5             8     22.965079 [   22.7169,    23.2155]
Tc_6             9     27.123687 [   26.8752,    27.3738]
Tc_7            10     31.283084 [   31.0350,    31.5336]
Tc_8            11     35.442718 [   35.1933,    35.6919]

----- common model:  star_parameters
density         14      0.735770 [    0.0000,     5.0000]

----- common model:  limb_darkening
ld_c1           12      0.490929 [    0.0000,     1.0000]
ld_c2           13      0.126804 [   -1.0000,     1.0000]

====================================================================================================
     Statistics on the model parameters obtained from the posteriors samples     
====================================================================================================

----- dataset:  LCdata_inst00
jitter_0              0.000060 


----- dataset:  LCdata_inst01
jitter_0              0.000041 


----- common model:  b
P                     4.159162 
e                         0.00 
omega                90.000000 
R_Rs                  0.099531 
b                     0.002883 
Tc_0                  2.170299 
Tc_1                  6.329684 
Tc_2                 10.489103 
Tc_3                 14.647849 
Tc_4                 18.806341 
Tc_5                 22.965079 
Tc_6                 27.123687 
Tc_7                 31.283084 
Tc_8                 35.442718 

----- common model:  star_parameters
density               0.735770 

----- common model:  limb_darkening
ld_c1                 0.490929 
ld_c2                 0.126804 

====================================================================================================
     Statistics on the derived parameters obtained from the posteriors samples     
====================================================================================================

----- common model:  b
a_Rs                  9.821262 
i                    89.983182 
R_Rj                  1.104067 
R_Re                 12.375395 
T_41                  0.148527 
T_32                  0.121553 
a_AU_(rho,R)          0.052064 


====================================================================================================
     ------------------------------------------------------------------------------------------     
====================================================================================================



****************************************************************************************************

 Parameters corresponding to the sample closest to the median values ( 193998.16804114918 )

====================================================================================================
     Statistics on the posterior of the sampler parameters     
====================================================================================================

----- dataset:  LCdata_inst00
jitter_0        15      0.000047 [    0.0000,     0.0500]

----- dataset:  LCdata_inst01
jitter_0        16      0.000034 [    0.0000,     0.0500]

----- common model:  b
P                0      4.159156 [    4.1550,     4.1650]
R_Rs             1      0.099788 [    0.0000,     0.5000]
b                2      0.094398 [    0.0000,     2.0000]
Tc_0             3      2.170210 [    1.9214,     2.4200]
Tc_1             4      6.329722 [    6.0797,     6.5783]
Tc_2             5     10.488889 [   10.2394,    10.7381]
Tc_3             6     14.647944 [   14.3988,    14.8975]
Tc_4             7     18.806437 [   18.5572,    19.0558]
Tc_5             8     22.965071 [   22.7169,    23.2155]
Tc_6             9     27.123648 [   26.8752,    27.3738]
Tc_7            10     31.283117 [   31.0350,    31.5336]
Tc_8            11     35.442840 [   35.1933,    35.6919]

----- common model:  star_parameters
density         14      0.727336 [    0.0000,     5.0000]

----- common model:  limb_darkening
ld_c1           12      0.485602 [    0.0000,     1.0000]
ld_c2           13      0.129584 [   -1.0000,     1.0000]

====================================================================================================
     Statistics on the model parameters obtained from the posteriors samples     
====================================================================================================

----- dataset:  LCdata_inst00
jitter_0              0.000047 


----- dataset:  LCdata_inst01
jitter_0              0.000034 


----- common model:  b
P                     4.159156 
e                         0.00 
omega                90.000000 
R_Rs                  0.099788 
b                     0.094398 
Tc_0                  2.170210 
Tc_1                  6.329722 
Tc_2                 10.488889 
Tc_3                 14.647944 
Tc_4                 18.806437 
Tc_5                 22.965071 
Tc_6                 27.123648 
Tc_7                 31.283117 
Tc_8                 35.442840 

----- common model:  star_parameters
density               0.727336 

----- common model:  limb_darkening
ld_c1                 0.485602 
ld_c2                 0.129584 

====================================================================================================
     Statistics on the derived parameters obtained from the posteriors samples     
====================================================================================================

----- common model:  b
a_Rs                  9.783583 
i                    89.447169 
R_Rj                  1.035463 
R_Re                 11.606417 
T_41                  0.148591 
T_32                  0.121319 
a_AU_(rho,R)          0.048516 


====================================================================================================
     ------------------------------------------------------------------------------------------     
====================================================================================================



****************************************************************************************************

Note: priors on stellar mass and radius provided independently from the measured density, no check for consistency is performed

 Plot FLAT chain 

****************************************************************************************************

Plotting full_correlation plot with pygtc

****************************************************************************************************

 Plotting the chains... 

****************************************************************************************************

 Plotting the Gelman-Rubin traces... 

     Gelman-Rubin:    15     1.003542 LCdata_inst00_jitter_0 
     Gelman-Rubin:    16     1.004290 LCdata_inst01_jitter_0 
     Gelman-Rubin:     0     1.004638 b_P 
     Gelman-Rubin:     1     1.010021 b_R_Rs 
     Gelman-Rubin:     2     1.012413 b_b 
     Gelman-Rubin:     3     1.004684 b_Tc_0 
     Gelman-Rubin:     4     1.004359 b_Tc_1 
     Gelman-Rubin:     5     1.003860 b_Tc_2 
     Gelman-Rubin:     6     1.002916 b_Tc_3 
     Gelman-Rubin:     7     1.004714 b_Tc_4 
     Gelman-Rubin:     8     1.003280 b_Tc_5 
     Gelman-Rubin:     9     1.001930 b_Tc_6 
     Gelman-Rubin:    10     1.003746 b_Tc_7 
     Gelman-Rubin:    11     1.003165 b_Tc_8 
     Gelman-Rubin:    14     1.013601 star_parameters_density 
     Gelman-Rubin:    12     1.004491 limb_darkening_ld_c1 
     Gelman-Rubin:    13     1.004001 limb_darkening_ld_c2 

****************************************************************************************************

 Plotting the common models corner plots
     Common model:  b
     Common model:  star_parameters
     Common model:  limb_darkening

****************************************************************************************************

 Dataset + models corner plots 

     Dataset:  LCdata_inst00     model:  lc_model_b  corner plot  starting 
     Dataset:  LCdata_inst00     model:  lc_model_b  corner plot  done 
     Dataset:  LCdata_inst01     model:  lc_model_b  corner plot  starting 
     Dataset:  LCdata_inst01     model:  lc_model_b  corner plot  done 

****************************************************************************************************

 Saving the planet parameter samplings to files (with plots)

****************************************************************************************************

 Saving all the parameter samplings to files (with plots)

****************************************************************************************************

 Computing the models for plot/data writing 
 Writing the plots 
 Writing the   data files 
 Writing the  MAP_ data files 
 Writing the  sampleMED_ data files 

****************************************************************************************************

