
PyORBIT v10.6.0

Python version in use:
3.10.14 (main, May  6 2024, 19:42:50) [GCC 11.2.0]
 LaTeX disabled by default
Using orbital model:  circular
Using orbital parametrization:  Eastman2013
Time of inferior conjunction replacing mean longitude as a free parameter:  True
Dataset flag of times of inferior conjuctions:  id_transit_b

Using limb darkening coefficient parametrization:  Standard

emcee version:  3.1.6

 Reference Time Tref: 0.0

 Dimensions = 20
 Nwalkers = 80

 Steps: 50000


 LN posterior: 194115.398753      -3.350398     2.649771 (15-84 p) 

 Median log_priors     = 29.577453320336748
 Median log_likelihood = 194094.49651938403

 Median BIC  (using likelihood) = -387981.9106945161
 Median AIC  (using likelihood) = -388148.99303876807
 Median AICc (using likelihood) = -388148.9662573238

 Median BIC  (using posterior)  = -388041.0656011568
 Median AIC  (using posterior)  = -388208.14794540877
 Median AICc (using posterior)  = -388208.1211639645

 MAP log_priors     = 29.457785971973617
 MAP log_likelihood = 194093.12829460957

 MAP BIC  (using likelihood) = -387979.1742449672
 MAP AIC  (using likelihood) = -388146.25658921915
 MAP AICc (using likelihood) = -388146.2298077749

 MAP BIC  (using posterior)  = -388038.08981691115
 MAP AIC  (using posterior)  = -388205.1721611631
 MAP AICc (using posterior)  = -388205.14537971886

 AIC suggested over AICs because NDATA ( 31386 ) > 40 * NDIM ( 20 )

****************************************************************************************************


Computing the autocorrelation time of the chains

***** WARNING ******
The integrated autocorrelation time cannot be reliably estimated
likely the chains are too short, and ACF analysis is not fully reliable
emcee.autocorr.integrated_time tolerance lowered to 20
If you still get a warning, you should drop these results entirely

Reference thinning used in the analysis: 100
Step length used in the analysis: 12*nthin = 1200

Convergence criteria: less than 1% variation in ACF after 20 times the integrated ACF
At least 50*ACF after convergence, 100*ACF would be ideal
Negative values: not converged yet

   sampler parameter              |    ACF   | ACF*nthin | converged at | nsteps/ACF | to 100*ACF
                                  |          |           |              |            | 
   LCdata_inst00_jitter_0         |    5.60  |      560  |    26400     |      42    |   32392 
   LCdata_inst00_lc_model_inst00_b_Tc_0 |    5.09  |      509  |    30000     |      39    |   30885 
   LCdata_inst00_lc_model_inst00_b_Tc_1 |    5.02  |      502  |    30000     |      40    |   30173 
   LCdata_inst00_lc_model_inst00_b_Tc_2 |    4.99  |      499  |    33600     |      33    |   33506 
   LCdata_inst00_lc_model_inst00_b_Tc_3 |    5.20  |      520  |    26400     |      45    |   28350 
   LCdata_inst00_lc_model_inst00_b_Tc_4 |    5.29  |      529  |    27600     |      42    |   30457 
   LCdata_inst00_lc_model_inst00_b_Tc_5 |    5.10  |      510  |    25200     |      49    |   26163 
   LCdata_inst01_jitter_0         |    5.38  |      538  |    24000     |      48    |   27836 
   LCdata_inst01_lc_model_inst01_b_Tc_3 |    4.86  |      486  |    31200     |      39    |   29789 
   LCdata_inst01_lc_model_inst01_b_Tc_4 |    5.38  |      538  |    30000     |      37    |   33834 
   LCdata_inst01_lc_model_inst01_b_Tc_5 |    5.10  |      510  |    28800     |      42    |   29766 
   LCdata_inst01_lc_model_inst01_b_Tc_6 |    5.07  |      507  |    24000     |      51    |   24695 
   LCdata_inst01_lc_model_inst01_b_Tc_7 |    5.20  |      520  |    36000     |      27    |   37959 
   LCdata_inst01_lc_model_inst01_b_Tc_8 |    5.25  |      525  |    26400     |      45    |   28890 
   b_P                            |    4.90  |      490  |    24000     |      53    |   22992 
   b_R_Rs                         |   10.80  |     1080  |    39600     |      10    |   97571 
   b_b                            |   12.36  |     1236  |    39600     |       8    |  113220 
   star_parameters_density        |   12.45  |     1245  |    43200     |       5    |  117715 
   limb_darkening_ld_c1           |    5.43  |      543  |    22800     |      50    |   27128 
   limb_darkening_ld_c2           |    5.62  |      562  |    34800     |      27    |   41039 

All the chains have converged, but PyORBIT should keep running for about:
13304 more steps to reach 50*ACF,
42218 more steps to reach 100*ACF
Suggested value for burnin: 30180

 Plotting the ACF... 


====================================================================================================
     Ids, spaces (s), boundaries (b) and priors (p) of the sampler parameters     
====================================================================================================

----- dataset:  LCdata_inst00
jitter_0      id:   6  s:Linear      b:[      0.0000,       0.0500]   p:Uniform   []

----- dataset: LCdata_inst00             ----- model: lc_model_inst00_b             
Tc_0          id:   7  s:Linear      b:[      1.9214,       2.4200]   p:Uniform   []
Tc_1          id:   8  s:Linear      b:[      6.0797,       6.5783]   p:Uniform   []
Tc_2          id:   9  s:Linear      b:[     10.2394,      10.7381]   p:Uniform   []
Tc_3          id:  10  s:Linear      b:[     14.3978,      14.8964]   p:Uniform   []
Tc_4          id:  11  s:Linear      b:[     18.5575,      19.0561]   p:Uniform   []
Tc_5          id:  12  s:Linear      b:[     22.7158,      23.2144]   p:Uniform   []

----- dataset:  LCdata_inst01
jitter_0      id:  13  s:Linear      b:[      0.0000,       0.0500]   p:Uniform   []

----- dataset: LCdata_inst01             ----- model: lc_model_inst01_b             
Tc_3          id:  14  s:Linear      b:[     14.3988,      14.8975]   p:Uniform   []
Tc_4          id:  15  s:Linear      b:[     18.5572,      19.0558]   p:Uniform   []
Tc_5          id:  16  s:Linear      b:[     22.7169,      23.2155]   p:Uniform   []
Tc_6          id:  17  s:Linear      b:[     26.8752,      27.3738]   p:Uniform   []
Tc_7          id:  18  s:Linear      b:[     31.0350,      31.5336]   p:Uniform   []
Tc_8          id:  19  s:Linear      b:[     35.1933,      35.6919]   p:Uniform   []

----- common model:  b
P             id:   0  s:Linear      b:[      4.1550,       4.1650]   p:Gaussian   [4.159151e+00 2.000000e-05]
R_Rs          id:   1  s:Linear      b:[      0.0000,       0.5000]   p:Uniform   []
b             id:   2  s:Linear      b:[      0.0000,       2.0000]   p:Uniform   []
e             derived (no id, space, bound)                           p:None   []
omega         derived (no id, space, bound)                           p:None   []

----- common model:  star_parameters
density       id:   5  s:Linear      b:[      0.0000,       5.0000]   p:Gaussian   [0.7 0.1]
mass          derived (no id, space, bound)                           p:Gaussian   [1.05 0.04]
radius        derived (no id, space, bound)                           p:Gaussian   [1.15 0.04]

----- common model:  limb_darkening
ld_c1         id:   3  s:Linear      b:[      0.0000,       1.0000]   p:Gaussian   [0.5  0.05]
ld_c2         id:   4  s:Linear      b:[     -1.0000,       1.0000]   p:Gaussian   [0.1  0.05]


****************************************************************************************************
****************************************************************************************************

 Confidence intervals (median value, 34.135th percentile from the median on the left and right side)

====================================================================================================
     Statistics on the posterior of the sampler parameters     
====================================================================================================

----- dataset:  LCdata_inst00
jitter_0         6      0.000032    -0.000019     0.000023   (15-84 p)   [    0.0000,     0.0500]

----- dataset: LCdata_inst00             ----- model: lc_model_inst00_b             
Tc_0             7       2.16998     -0.00017      0.00017   (15-84 p)   [    1.9214,     2.4200]
Tc_1             8       6.32964     -0.00018      0.00017   (15-84 p)   [    6.0797,     6.5783]
Tc_2             9      10.48922     -0.00017      0.00017   (15-84 p)   [   10.2394,    10.7381]
Tc_3            10      14.64788     -0.00017      0.00017   (15-84 p)   [   14.3978,    14.8964]
Tc_4            11      18.80573     -0.00018      0.00017   (15-84 p)   [   18.5575,    19.0561]
Tc_5            12      22.96501     -0.00017      0.00017   (15-84 p)   [   22.7158,    23.2144]

----- dataset:  LCdata_inst01
jitter_0        13      0.000026    -0.000015     0.000020   (15-84 p)   [    0.0000,     0.0500]

----- dataset: LCdata_inst01             ----- model: lc_model_inst01_b             
Tc_3            14      14.64803     -0.00018      0.00017   (15-84 p)   [   14.3988,    14.8975]
Tc_4            15      18.80591     -0.00017      0.00017   (15-84 p)   [   18.5572,    19.0558]
Tc_5            16      22.96484     -0.00017      0.00017   (15-84 p)   [   22.7169,    23.2155]
Tc_6            17      27.12313     -0.00018      0.00017   (15-84 p)   [   26.8752,    27.3738]
Tc_7            18      31.28322     -0.00017      0.00018   (15-84 p)   [   31.0350,    31.5336]
Tc_8            19      35.44296     -0.00017      0.00017   (15-84 p)   [   35.1933,    35.6919]

----- common model:  b
P                0      4.159151    -0.000020     0.000020   (15-84 p)   [    4.1550,     4.1650]
R_Rs             1       0.10010     -0.00022      0.00029   (15-84 p)   [    0.0000,     0.5000]
b                2         0.099       -0.066        0.068   (15-84 p)   [    0.0000,     2.0000]

----- common model:  star_parameters
density          5        0.7349       -0.018       0.0092   (15-84 p)   [    0.0000,     5.0000]

----- common model:  limb_darkening
ld_c1            3         0.474       -0.017        0.018   (15-84 p)   [    0.0000,     1.0000]
ld_c2            4         0.106       -0.035        0.035   (15-84 p)   [   -1.0000,     1.0000]

====================================================================================================
     Statistics on the model parameters obtained from the posteriors samples     
====================================================================================================

----- dataset:  LCdata_inst00
jitter_0              0.000032    -0.000019     0.000023    (15-84 p)


----- dataset: LCdata_inst00             ----- model: lc_model_inst00_b             
Tc_0                   2.16998     -0.00017      0.00017    (15-84 p)
Tc_1                   6.32964     -0.00018      0.00017    (15-84 p)
Tc_2                  10.48922     -0.00017      0.00017    (15-84 p)
Tc_3                  14.64788     -0.00017      0.00017    (15-84 p)
Tc_4                  18.80573     -0.00018      0.00017    (15-84 p)
Tc_5                  22.96501     -0.00017      0.00017    (15-84 p)

----- dataset:  LCdata_inst01
jitter_0              0.000026    -0.000015     0.000020    (15-84 p)


----- dataset: LCdata_inst01             ----- model: lc_model_inst01_b             
Tc_3                  14.64803     -0.00018      0.00017    (15-84 p)
Tc_4                  18.80591     -0.00017      0.00017    (15-84 p)
Tc_5                  22.96484     -0.00017      0.00017    (15-84 p)
Tc_6                  27.12313     -0.00018      0.00017    (15-84 p)
Tc_7                  31.28322     -0.00017      0.00018    (15-84 p)
Tc_8                  35.44296     -0.00017      0.00017    (15-84 p)

----- common model:  b
P                     4.159151    -0.000020     0.000020    (15-84 p)
e                         0.00                              [fixed]
omega                90.000000                              [fixed]
R_Rs                   0.10010     -0.00022      0.00029    (15-84 p)
b                        0.099       -0.066        0.068    (15-84 p)

----- common model:  star_parameters
density                 0.7349       -0.018       0.0092    (15-84 p)

----- common model:  limb_darkening
ld_c1                    0.474       -0.017        0.018    (15-84 p)
ld_c2                    0.106       -0.035        0.035    (15-84 p)

====================================================================================================
     Statistics on the derived parameters obtained from the posteriors samples     
====================================================================================================

----- common model:  b
a_Rs                     9.817       -0.082        0.041    (15-84 p)
i                        89.42        -0.41         0.39    (15-84 p)
R_Rj                     1.121       -0.039        0.039    (15-84 p)
R_Re                     12.56        -0.44         0.44    (15-84 p)
T_41                   0.14807     -0.00023      0.00026    (15-84 p)
T_32                   0.12074     -0.00040      0.00029    (15-84 p)
a_AU_(rho,R)            0.0524      -0.0019       0.0019    (15-84 p)


====================================================================================================
     ------------------------------------------------------------------------------------------     
====================================================================================================



****************************************************************************************************

 Parameters corresponding to the Maximum a Posteriori probability ( 194122.58608058156 )

====================================================================================================
     Statistics on the posterior of the sampler parameters     
====================================================================================================

----- dataset:  LCdata_inst00
jitter_0         6      0.000006 [    0.0000,     0.0500]

----- dataset: LCdata_inst00             ----- model: lc_model_inst00_b             
Tc_0             7      2.170053 [    1.9214,     2.4200]
Tc_1             8      6.329697 [    6.0797,     6.5783]
Tc_2             9     10.489317 [   10.2394,    10.7381]
Tc_3            10     14.647881 [   14.3978,    14.8964]
Tc_4            11     18.805894 [   18.5575,    19.0561]
Tc_5            12     22.965099 [   22.7158,    23.2144]

----- dataset:  LCdata_inst01
jitter_0        13      0.000022 [    0.0000,     0.0500]

----- dataset: LCdata_inst01             ----- model: lc_model_inst01_b             
Tc_3            14     14.647960 [   14.3988,    14.8975]
Tc_4            15     18.805888 [   18.5572,    19.0558]
Tc_5            16     22.964743 [   22.7169,    23.2155]
Tc_6            17     27.123186 [   26.8752,    27.3738]
Tc_7            18     31.283217 [   31.0350,    31.5336]
Tc_8            19     35.442838 [   35.1933,    35.6919]

----- common model:  b
P                0      4.159145 [    4.1550,     4.1650]
R_Rs             1      0.099967 [    0.0000,     0.5000]
b                2      0.094549 [    0.0000,     2.0000]

----- common model:  star_parameters
density          5      0.734418 [    0.0000,     5.0000]

----- common model:  limb_darkening
ld_c1            3      0.473132 [    0.0000,     1.0000]
ld_c2            4      0.118838 [   -1.0000,     1.0000]

====================================================================================================
     Statistics on the model parameters obtained from the posteriors samples     
====================================================================================================

----- dataset:  LCdata_inst00
jitter_0              0.000006 


----- dataset: LCdata_inst00             ----- model: lc_model_inst00_b             
Tc_0                  2.170053 
Tc_1                  6.329697 
Tc_2                 10.489317 
Tc_3                 14.647881 
Tc_4                 18.805894 
Tc_5                 22.965099 

----- dataset:  LCdata_inst01
jitter_0              0.000022 


----- dataset: LCdata_inst01             ----- model: lc_model_inst01_b             
Tc_3                 14.647960 
Tc_4                 18.805888 
Tc_5                 22.964743 
Tc_6                 27.123186 
Tc_7                 31.283217 
Tc_8                 35.442838 

----- common model:  b
P                     4.159145 
e                         0.00 
omega                90.000000 
R_Rs                  0.099967 
b                     0.094549 

----- common model:  star_parameters
density               0.734418 

----- common model:  limb_darkening
ld_c1                 0.473132 
ld_c2                 0.118838 

====================================================================================================
     Statistics on the derived parameters obtained from the posteriors samples     
====================================================================================================

----- common model:  b
a_Rs                  9.815216 
i                    89.448070 
R_Rj                  1.087867 
R_Re                 12.193805 
T_41                  0.148133 
T_32                  0.120900 
a_AU_(rho,R)          0.051044 


====================================================================================================
     ------------------------------------------------------------------------------------------     
====================================================================================================



****************************************************************************************************

 Parameters corresponding to the sample closest to the median values ( 194120.04688486847 )

====================================================================================================
     Statistics on the posterior of the sampler parameters     
====================================================================================================

----- dataset:  LCdata_inst00
jitter_0         6      0.000031 [    0.0000,     0.0500]

----- dataset: LCdata_inst00             ----- model: lc_model_inst00_b             
Tc_0             7      2.169971 [    1.9214,     2.4200]
Tc_1             8      6.329561 [    6.0797,     6.5783]
Tc_2             9     10.489235 [   10.2394,    10.7381]
Tc_3            10     14.647925 [   14.3978,    14.8964]
Tc_4            11     18.805633 [   18.5575,    19.0561]
Tc_5            12     22.964898 [   22.7158,    23.2144]

----- dataset:  LCdata_inst01
jitter_0        13      0.000024 [    0.0000,     0.0500]

----- dataset: LCdata_inst01             ----- model: lc_model_inst01_b             
Tc_3            14     14.648066 [   14.3988,    14.8975]
Tc_4            15     18.806002 [   18.5572,    19.0558]
Tc_5            16     22.964836 [   22.7169,    23.2155]
Tc_6            17     27.122994 [   26.8752,    27.3738]
Tc_7            18     31.283096 [   31.0350,    31.5336]
Tc_8            19     35.442932 [   35.1933,    35.6919]

----- common model:  b
P                0      4.159159 [    4.1550,     4.1650]
R_Rs             1      0.100108 [    0.0000,     0.5000]
b                2      0.113846 [    0.0000,     2.0000]

----- common model:  star_parameters
density          5      0.735017 [    0.0000,     5.0000]

----- common model:  limb_darkening
ld_c1            3      0.465523 [    0.0000,     1.0000]
ld_c2            4      0.105128 [   -1.0000,     1.0000]

====================================================================================================
     Statistics on the model parameters obtained from the posteriors samples     
====================================================================================================

----- dataset:  LCdata_inst00
jitter_0              0.000031 


----- dataset: LCdata_inst00             ----- model: lc_model_inst00_b             
Tc_0                  2.169971 
Tc_1                  6.329561 
Tc_2                 10.489235 
Tc_3                 14.647925 
Tc_4                 18.805633 
Tc_5                 22.964898 

----- dataset:  LCdata_inst01
jitter_0              0.000024 


----- dataset: LCdata_inst01             ----- model: lc_model_inst01_b             
Tc_3                 14.648066 
Tc_4                 18.806002 
Tc_5                 22.964836 
Tc_6                 27.122994 
Tc_7                 31.283096 
Tc_8                 35.442932 

----- common model:  b
P                     4.159159 
e                         0.00 
omega                90.000000 
R_Rs                  0.100108 
b                     0.113846 

----- common model:  star_parameters
density               0.735017 

----- common model:  limb_darkening
ld_c1                 0.465523 
ld_c2                 0.105128 

====================================================================================================
     Statistics on the derived parameters obtained from the posteriors samples     
====================================================================================================

----- common model:  b
a_Rs                  9.817908 
i                    89.335600 
R_Rj                  1.091291 
R_Re                 12.232192 
T_41                  0.147865 
T_32                  0.120546 
a_AU_(rho,R)          0.051147 


====================================================================================================
     ------------------------------------------------------------------------------------------     
====================================================================================================



****************************************************************************************************

Note: priors on stellar mass and radius provided independently from the measured density, no check for consistency is performed

 Plot FLAT chain 

****************************************************************************************************

Plotting full_correlation plot with pygtc

****************************************************************************************************

 Plotting the chains... 

****************************************************************************************************

 Plotting the Gelman-Rubin traces... 

     Gelman-Rubin:     6     1.004853 LCdata_inst00_jitter_0 
     Gelman-Rubin:     7     1.005154 LCdata_inst00_lc_model_inst00_b_Tc_0 
     Gelman-Rubin:     8     1.004403 LCdata_inst00_lc_model_inst00_b_Tc_1 
     Gelman-Rubin:     9     1.005383 LCdata_inst00_lc_model_inst00_b_Tc_2 
     Gelman-Rubin:    10     1.006272 LCdata_inst00_lc_model_inst00_b_Tc_3 
     Gelman-Rubin:    11     1.004649 LCdata_inst00_lc_model_inst00_b_Tc_4 
     Gelman-Rubin:    12     1.003142 LCdata_inst00_lc_model_inst00_b_Tc_5 
     Gelman-Rubin:    13     1.005222 LCdata_inst01_jitter_0 
     Gelman-Rubin:    14     1.003790 LCdata_inst01_lc_model_inst01_b_Tc_3 
     Gelman-Rubin:    15     1.004601 LCdata_inst01_lc_model_inst01_b_Tc_4 
     Gelman-Rubin:    16     1.005336 LCdata_inst01_lc_model_inst01_b_Tc_5 
     Gelman-Rubin:    17     1.003914 LCdata_inst01_lc_model_inst01_b_Tc_6 
     Gelman-Rubin:    18     1.004258 LCdata_inst01_lc_model_inst01_b_Tc_7 
     Gelman-Rubin:    19     1.006564 LCdata_inst01_lc_model_inst01_b_Tc_8 
     Gelman-Rubin:     0     1.004284 b_P 
     Gelman-Rubin:     1     1.013442 b_R_Rs 
     Gelman-Rubin:     2     1.015762 b_b 
     Gelman-Rubin:     5     1.016568 star_parameters_density 
     Gelman-Rubin:     3     1.006014 limb_darkening_ld_c1 
     Gelman-Rubin:     4     1.006391 limb_darkening_ld_c2 

****************************************************************************************************

 Plotting the common models corner plots
     Common model:  b
     Common model:  star_parameters
     Common model:  limb_darkening

****************************************************************************************************

 Dataset + models corner plots 

     Dataset:  LCdata_inst00     model:  lc_model_inst00_b  corner plot  starting 
     Dataset:  LCdata_inst00     model:  lc_model_inst00_b  corner plot  done 
     Dataset:  LCdata_inst01     model:  lc_model_inst01_b  corner plot  starting 
     Dataset:  LCdata_inst01     model:  lc_model_inst01_b  corner plot  done 

****************************************************************************************************

 Saving the planet parameter samplings to files (with plots)

****************************************************************************************************

 Saving all the parameter samplings to files (with plots)

****************************************************************************************************

 Computing the models for plot/data writing 
 Writing the plots 
 Writing the   data files 
 Writing the  MAP_ data files 
 Writing the  sampleMED_ data files 

****************************************************************************************************

