
PyORBIT v10.5.3

Python version in use:
3.10.14 (main, May  6 2024, 19:42:50) [GCC 11.2.0]
 LaTeX disabled by default
Using orbital model:  circular
Using orbital parametrization:  Eastman2013
Time of inferior conjunction replacing mean longitude as a free parameter:  True

Using limb darkening coefficient parametrization:  Standard

emcee version:  3.1.6

 Reference Time Tref: 0.0

 Dimensions = 17
 Nwalkers = 68

 Steps: 50000


 LN posterior: 193992.765942      -3.011600     2.394782 (15-84 p) 

 Median log_priors     = 27.593830362972483
 Median log_likelihood = 193972.35891795735

 Median BIC  (using likelihood) = -387768.6978433005
 Median AIC  (using likelihood) = -387910.7178359147
 Median AICc (using likelihood) = -387910.6983255857

 Median BIC  (using posterior)  = -387823.8855040265
 Median AIC  (using posterior)  = -387965.90549664065
 Median AICc (using posterior)  = -387965.88598631165

 MAP log_priors     = 27.250732900490796
 MAP log_likelihood = 193972.02221330363

 MAP BIC  (using likelihood) = -387768.0244339931
 MAP AIC  (using likelihood) = -387910.04442660726
 MAP AICc (using likelihood) = -387910.02491627826

 MAP BIC  (using posterior)  = -387822.52589979407
 MAP AIC  (using posterior)  = -387964.54589240823
 MAP AICc (using posterior)  = -387964.52638207923

 AIC suggested over AICs because NDATA ( 31386 ) > 40 * NDIM ( 17 )

****************************************************************************************************


Computing the autocorrelation time of the chains

The chains are more than 50 times longer than the ACF, the estimate can be trusted

Reference thinning used in the analysis: 100
Step length used in the analysis: 9*nthin = 900

Convergence criteria: less than 1% variation in ACF after 50 times the integrated ACF
At least 50*ACF after convergence, 100*ACF would be ideal
Negative values: not converged yet

   sampler parameter              |    ACF   | ACF*nthin | converged at | nsteps/ACF | to 100*ACF
                                  |          |           |              |            | 
   LCdata_inst00_jitter_0         |    4.71  |      471  |    29700     |      43    |   26821 
   LCdata_inst01_jitter_0         |    4.65  |      465  |    29700     |      44    |   26222 
   b_P                            |    4.39  |      439  |    27900     |      50    |   21752 
   b_R_Rs                         |    8.99  |      899  |    48600     |       2    |   88522 
   b_b                            |    9.94  |      994  |       -1     |      -1    |  100420 
   b_Tc_0                         |    4.37  |      437  |    28800     |      49    |   22457 
   b_Tc_1                         |    4.37  |      437  |    29700     |      46    |   23403 
   b_Tc_2                         |    4.17  |      417  |    27000     |      55    |   18719 
   b_Tc_3                         |    4.20  |      420  |    26100     |      57    |   18072 
   b_Tc_4                         |    3.88  |      388  |    27000     |      59    |   15838 
   b_Tc_5                         |    4.37  |      437  |    29700     |      46    |   23402 
   b_Tc_6                         |    4.50  |      450  |    33300     |      37    |   28333 
   b_Tc_7                         |    4.35  |      435  |    26100     |      55    |   19571 
   b_Tc_8                         |    4.29  |      429  |    26100     |      56    |   18963 
   star_parameters_density        |    9.70  |      970  |       -1     |      -1    |   97946 
   limb_darkening_ld_c1           |    4.38  |      438  |    36000     |      32    |   29776 
   limb_darkening_ld_c2           |    4.96  |      496  |    36000     |      28    |   35569 

     2 chains have not converged yet, keep going 

 Plotting the ACF... 


====================================================================================================
     Ids, spaces (s), boundaries (b) and priors (p) of the sampler parameters     
====================================================================================================

----- dataset:  LCdata_inst00
jitter_0      id:  15  s:Linear      b:[      0.0000,       0.0500]   p:Uniform   []

----- dataset:  LCdata_inst01
jitter_0      id:  16  s:Linear      b:[      0.0000,       0.0500]   p:Uniform   []

----- common model:  b
P             id:   0  s:Linear      b:[      4.1550,       4.1650]   p:Gaussian   [4.159151e+00 2.000000e-05]
R_Rs          id:   1  s:Linear      b:[      0.0000,       0.5000]   p:Uniform   []
b             id:   2  s:Linear      b:[      0.0000,       2.0000]   p:Uniform   []
Tc_0          id:   3  s:Linear      b:[      1.9214,       2.4200]   p:Uniform   []
Tc_1          id:   4  s:Linear      b:[      6.0797,       6.5783]   p:Uniform   []
Tc_2          id:   5  s:Linear      b:[     10.2394,      10.7381]   p:Uniform   []
Tc_3          id:   6  s:Linear      b:[     14.3988,      14.8975]   p:Uniform   []
Tc_4          id:   7  s:Linear      b:[     18.5572,      19.0558]   p:Uniform   []
Tc_5          id:   8  s:Linear      b:[     22.7169,      23.2155]   p:Uniform   []
Tc_6          id:   9  s:Linear      b:[     26.8752,      27.3738]   p:Uniform   []
Tc_7          id:  10  s:Linear      b:[     31.0350,      31.5336]   p:Uniform   []
Tc_8          id:  11  s:Linear      b:[     35.1933,      35.6919]   p:Uniform   []
e             derived (no id, space, bound)                           p:None   []
omega         derived (no id, space, bound)                           p:None   []

----- common model:  star_parameters
density       id:  14  s:Linear      b:[      0.0000,       5.0000]   p:Gaussian   [0.7 0.1]
mass          derived (no id, space, bound)                           p:Gaussian   [1.05 0.04]
radius        derived (no id, space, bound)                           p:Gaussian   [1.15 0.04]

----- common model:  limb_darkening
ld_c1         id:  12  s:Linear      b:[      0.0000,       1.0000]   p:Gaussian   [0.5  0.05]
ld_c2         id:  13  s:Linear      b:[     -1.0000,       1.0000]   p:Gaussian   [0.1  0.05]


****************************************************************************************************
****************************************************************************************************

 Confidence intervals (median value, 34.135th percentile from the median on the left and right side)

====================================================================================================
     Statistics on the posterior of the sampler parameters     
====================================================================================================

----- dataset:  LCdata_inst00
jitter_0        15      0.000050    -0.000027     0.000023   (15-84 p)   [    0.0000,     0.0500]

----- dataset:  LCdata_inst01
jitter_0        16      0.000028    -0.000016     0.000021   (15-84 p)   [    0.0000,     0.0500]

----- common model:  b
P                0      4.159151    -0.000020     0.000020   (15-84 p)   [    4.1550,     4.1650]
R_Rs             1       0.09977     -0.00024      0.00035   (15-84 p)   [    0.0000,     0.5000]
b                2         0.105       -0.072        0.076   (15-84 p)   [    0.0000,     2.0000]
Tc_0             3       2.17023     -0.00017      0.00018   (15-84 p)   [    1.9214,     2.4200]
Tc_1             4       6.32957     -0.00017      0.00018   (15-84 p)   [    6.0797,     6.5783]
Tc_2             5      10.48905     -0.00018      0.00018   (15-84 p)   [   10.2394,    10.7381]
Tc_3             6      14.64790     -0.00012      0.00013   (15-84 p)   [   14.3988,    14.8975]
Tc_4             7      18.80635     -0.00012      0.00012   (15-84 p)   [   18.5572,    19.0558]
Tc_5             8      22.96512     -0.00013      0.00013   (15-84 p)   [   22.7169,    23.2155]
Tc_6             9      27.12368     -0.00017      0.00018   (15-84 p)   [   26.8752,    27.3738]
Tc_7            10      31.28309     -0.00017      0.00017   (15-84 p)   [   31.0350,    31.5336]
Tc_8            11      35.44280     -0.00017      0.00017   (15-84 p)   [   35.1933,    35.6919]

----- common model:  star_parameters
density         14         0.725       -0.021        0.010   (15-84 p)   [    0.0000,     5.0000]

----- common model:  limb_darkening
ld_c1           12         0.493       -0.017        0.017   (15-84 p)   [    0.0000,     1.0000]
ld_c2           13         0.117       -0.035        0.035   (15-84 p)   [   -1.0000,     1.0000]

====================================================================================================
     Statistics on the model parameters obtained from the posteriors samples     
====================================================================================================

----- dataset:  LCdata_inst00
jitter_0              0.000050    -0.000027     0.000023    (15-84 p)


----- dataset:  LCdata_inst01
jitter_0              0.000028    -0.000016     0.000021    (15-84 p)


----- common model:  b
P                     4.159151    -0.000020     0.000020    (15-84 p)
e                         0.00                              [fixed]
omega                90.000000                              [fixed]
R_Rs                   0.09977     -0.00024      0.00035    (15-84 p)
b                        0.105       -0.072        0.076    (15-84 p)
Tc_0                   2.17023     -0.00017      0.00018    (15-84 p)
Tc_1                   6.32957     -0.00017      0.00018    (15-84 p)
Tc_2                  10.48905     -0.00018      0.00018    (15-84 p)
Tc_3                  14.64790     -0.00012      0.00013    (15-84 p)
Tc_4                  18.80635     -0.00012      0.00012    (15-84 p)
Tc_5                  22.96512     -0.00013      0.00013    (15-84 p)
Tc_6                  27.12368     -0.00017      0.00018    (15-84 p)
Tc_7                  31.28309     -0.00017      0.00017    (15-84 p)
Tc_8                  35.44280     -0.00017      0.00017    (15-84 p)

----- common model:  star_parameters
density                  0.725       -0.021        0.010    (15-84 p)

----- common model:  limb_darkening
ld_c1                    0.493       -0.017        0.017    (15-84 p)
ld_c2                    0.117       -0.035        0.035    (15-84 p)

====================================================================================================
     Statistics on the derived parameters obtained from the posteriors samples     
====================================================================================================

----- common model:  b
a_Rs                     9.771       -0.095        0.046    (15-84 p)
i                        89.38        -0.46         0.42    (15-84 p)
R_Rj                     1.117       -0.039        0.039    (15-84 p)
R_Re                     12.53        -0.44         0.44    (15-84 p)
T_41                   0.14865     -0.00025      0.00028    (15-84 p)
T_32                   0.12125     -0.00048      0.00032    (15-84 p)
a_AU_(rho,R)            0.0522      -0.0019       0.0018    (15-84 p)


====================================================================================================
     ------------------------------------------------------------------------------------------     
====================================================================================================



****************************************************************************************************

 Parameters corresponding to the Maximum a Posteriori probability ( 193999.27294620412 )

====================================================================================================
     Statistics on the posterior of the sampler parameters     
====================================================================================================

----- dataset:  LCdata_inst00
jitter_0        15      0.000059 [    0.0000,     0.0500]

----- dataset:  LCdata_inst01
jitter_0        16      0.000009 [    0.0000,     0.0500]

----- common model:  b
P                0      4.159140 [    4.1550,     4.1650]
R_Rs             1      0.099551 [    0.0000,     0.5000]
b                2      0.069309 [    0.0000,     2.0000]
Tc_0             3      2.170228 [    1.9214,     2.4200]
Tc_1             4      6.329669 [    6.0797,     6.5783]
Tc_2             5     10.489037 [   10.2394,    10.7381]
Tc_3             6     14.647938 [   14.3988,    14.8975]
Tc_4             7     18.806382 [   18.5572,    19.0558]
Tc_5             8     22.965064 [   22.7169,    23.2155]
Tc_6             9     27.123648 [   26.8752,    27.3738]
Tc_7            10     31.282956 [   31.0350,    31.5336]
Tc_8            11     35.442841 [   35.1933,    35.6919]

----- common model:  star_parameters
density         14      0.729197 [    0.0000,     5.0000]

----- common model:  limb_darkening
ld_c1           12      0.488891 [    0.0000,     1.0000]
ld_c2           13      0.134100 [   -1.0000,     1.0000]

====================================================================================================
     Statistics on the model parameters obtained from the posteriors samples     
====================================================================================================

----- dataset:  LCdata_inst00
jitter_0              0.000059 


----- dataset:  LCdata_inst01
jitter_0              0.000009 


----- common model:  b
P                     4.159140 
e                         0.00 
omega                90.000000 
R_Rs                  0.099551 
b                     0.069309 
Tc_0                  2.170228 
Tc_1                  6.329669 
Tc_2                 10.489037 
Tc_3                 14.647938 
Tc_4                 18.806382 
Tc_5                 22.965064 
Tc_6                 27.123648 
Tc_7                 31.282956 
Tc_8                 35.442841 

----- common model:  star_parameters
density               0.729197 

----- common model:  limb_darkening
ld_c1                 0.488891 
ld_c2                 0.134100 

====================================================================================================
     Statistics on the derived parameters obtained from the posteriors samples     
====================================================================================================

----- common model:  b
a_Rs                  9.791894 
i                    89.594444 
R_Rj                  1.108690 
R_Re                 12.427212 
T_41                  0.148683 
T_32                  0.121556 
a_AU_(rho,R)          0.052115 


====================================================================================================
     ------------------------------------------------------------------------------------------     
====================================================================================================



****************************************************************************************************

 Parameters corresponding to the sample closest to the median values ( 193998.2909953662 )

====================================================================================================
     Statistics on the posterior of the sampler parameters     
====================================================================================================

----- dataset:  LCdata_inst00
jitter_0        15      0.000049 [    0.0000,     0.0500]

----- dataset:  LCdata_inst01
jitter_0        16      0.000024 [    0.0000,     0.0500]

----- common model:  b
P                0      4.159164 [    4.1550,     4.1650]
R_Rs             1      0.099731 [    0.0000,     0.5000]
b                2      0.069954 [    0.0000,     2.0000]
Tc_0             3      2.170182 [    1.9214,     2.4200]
Tc_1             4      6.329672 [    6.0797,     6.5783]
Tc_2             5     10.489032 [   10.2394,    10.7381]
Tc_3             6     14.647921 [   14.3988,    14.8975]
Tc_4             7     18.806250 [   18.5572,    19.0558]
Tc_5             8     22.965059 [   22.7169,    23.2155]
Tc_6             9     27.123694 [   26.8752,    27.3738]
Tc_7            10     31.283011 [   31.0350,    31.5336]
Tc_8            11     35.442728 [   35.1933,    35.6919]

----- common model:  star_parameters
density         14      0.733509 [    0.0000,     5.0000]

----- common model:  limb_darkening
ld_c1           12      0.492705 [    0.0000,     1.0000]
ld_c2           13      0.118464 [   -1.0000,     1.0000]

====================================================================================================
     Statistics on the model parameters obtained from the posteriors samples     
====================================================================================================

----- dataset:  LCdata_inst00
jitter_0              0.000049 


----- dataset:  LCdata_inst01
jitter_0              0.000024 


----- common model:  b
P                     4.159164 
e                         0.00 
omega                90.000000 
R_Rs                  0.099731 
b                     0.069954 
Tc_0                  2.170182 
Tc_1                  6.329672 
Tc_2                 10.489032 
Tc_3                 14.647921 
Tc_4                 18.806250 
Tc_5                 22.965059 
Tc_6                 27.123694 
Tc_7                 31.283011 
Tc_8                 35.442728 

----- common model:  star_parameters
density               0.733509 

----- common model:  limb_darkening
ld_c1                 0.492705 
ld_c2                 0.118464 

====================================================================================================
     Statistics on the derived parameters obtained from the posteriors samples     
====================================================================================================

----- common model:  b
a_Rs                  9.811196 
i                    89.591478 
R_Rj                  1.082229 
R_Re                 12.130616 
T_41                  0.148409 
T_32                  0.121286 
a_AU_(rho,R)          0.050880 


====================================================================================================
     ------------------------------------------------------------------------------------------     
====================================================================================================



****************************************************************************************************

Note: priors on stellar mass and radius provided independently from the measured density, no check for consistency is performed

 Plot FLAT chain 

****************************************************************************************************

Plotting full_correlation plot with pygtc

****************************************************************************************************

 Plotting the chains... 

****************************************************************************************************

 Plotting the Gelman-Rubin traces... 

     Gelman-Rubin:    15     1.002226 LCdata_inst00_jitter_0 
     Gelman-Rubin:    16     1.004989 LCdata_inst01_jitter_0 
     Gelman-Rubin:     0     1.004315 b_P 
     Gelman-Rubin:     1     1.014677 b_R_Rs 
     Gelman-Rubin:     2     1.019932 b_b 
     Gelman-Rubin:     3     1.003490 b_Tc_0 
     Gelman-Rubin:     4     1.003357 b_Tc_1 
     Gelman-Rubin:     5     1.002907 b_Tc_2 
     Gelman-Rubin:     6     1.003665 b_Tc_3 
     Gelman-Rubin:     7     1.003850 b_Tc_4 
     Gelman-Rubin:     8     1.002969 b_Tc_5 
     Gelman-Rubin:     9     1.003461 b_Tc_6 
     Gelman-Rubin:    10     1.003518 b_Tc_7 
     Gelman-Rubin:    11     1.004255 b_Tc_8 
     Gelman-Rubin:    14     1.020330 star_parameters_density 
     Gelman-Rubin:    12     1.003167 limb_darkening_ld_c1 
     Gelman-Rubin:    13     1.003822 limb_darkening_ld_c2 

****************************************************************************************************

 Plotting the common models corner plots
     Common model:  b
     Common model:  star_parameters
     Common model:  limb_darkening

****************************************************************************************************

 Dataset + models corner plots 

     Dataset:  LCdata_inst00     model:  lc_model_b  corner plot  starting 
     Dataset:  LCdata_inst00     model:  lc_model_b  corner plot  done 
     Dataset:  LCdata_inst01     model:  lc_model_b  corner plot  starting 
     Dataset:  LCdata_inst01     model:  lc_model_b  corner plot  done 

****************************************************************************************************

 Saving the planet parameter samplings to files (with plots)

****************************************************************************************************

 Saving all the parameter samplings to files (with plots)

****************************************************************************************************

 Computing the models for plot/data writing 
 Writing the plots 
 Writing the   data files 
 Writing the  MAP_ data files 
 Writing the  sampleMED_ data files 

****************************************************************************************************

