
PyORBIT v10.6.0

Python version in use:
3.10.14 (main, May  6 2024, 19:42:50) [GCC 11.2.0]
 LaTeX disabled by default
Using orbital model:  circular
Using orbital parametrization:  Eastman2013
Time of inferior conjunction replacing mean longitude as a free parameter:  True
List of times of inferior conjuctions:  twoplanets_transits/WASP47_simulated_planetb_tclist.dat

Using orbital model:  circular
Using orbital parametrization:  Eastman2013
Time of inferior conjunction replacing mean longitude as a free parameter:  True
List of times of inferior conjuctions:  twoplanets_transits/WASP47_simulated_planetc_tclist.dat

Using limb darkening coefficient parametrization:  Standard
Using RoadRunner Model from PyTransit
Using RoadRunner Model from PyTransit
Using RoadRunner Model from PyTransit
Using RoadRunner Model from PyTransit

emcee version:  3.1.6

 Reference Time Tref: 0.0

 Dimensions = 28
 Nwalkers = 112

 Steps: 50000


 LN posterior: 194072.669602      -3.940625     3.257866 (15-84 p) 

 Median log_priors     = 43.148248768150985
 Median log_likelihood = 194042.3012063994

 Median BIC  (using likelihood) = -387794.687130846
 Median AIC  (using likelihood) = -388028.6024127988
 Median AICc (using likelihood) = -388028.55062213005

 Median BIC  (using posterior)  = -387880.9836283823
 Median AIC  (using posterior)  = -388114.8989103351
 Median AICc (using posterior)  = -388114.84711966634

 MAP log_priors     = 42.57971022172379
 MAP log_likelihood = 194039.41635111603

 MAP BIC  (using likelihood) = -387788.9174202793
 MAP AIC  (using likelihood) = -388022.83270223206
 MAP AICc (using likelihood) = -388022.7809115633

 MAP BIC  (using posterior)  = -387874.07684072276
 MAP AIC  (using posterior)  = -388107.9921226755
 MAP AICc (using posterior)  = -388107.9403320068

 AIC suggested over AICs because NDATA ( 31386 ) > 40 * NDIM ( 28 )

****************************************************************************************************


Computing the autocorrelation time of the chains

***** WARNING ******
The integrated autocorrelation time cannot be reliably estimated
likely the chains are too short, and ACF analysis is not fully reliable
emcee.autocorr.integrated_time tolerance lowered to 20
If you still get a warning, you should drop these results entirely

Reference thinning used in the analysis: 100
Step length used in the analysis: 19*nthin = 1900

Convergence criteria: less than 1% variation in ACF after 20 times the integrated ACF
At least 50*ACF after convergence, 100*ACF would be ideal
Negative values: not converged yet

   sampler parameter              |    ACF   | ACF*nthin | converged at | nsteps/ACF | to 100*ACF
                                  |          |           |              |            | 
   LCdata_inst00_jitter_0         |    7.87  |      787  |    47500     |       3    |   76191 
   LCdata_inst00_lc_model_inst00_b_Tc_0 |    7.11  |      711  |    38000     |      17    |   59064 
   LCdata_inst00_lc_model_inst00_b_Tc_1 |    7.58  |      758  |    47500     |       3    |   73260 
   LCdata_inst00_lc_model_inst00_b_Tc_2 |    7.93  |      793  |       -1     |      -1    |   80078 
   LCdata_inst00_lc_model_inst00_b_Tc_3 |    7.52  |      752  |    41800     |      11    |   67043 
   LCdata_inst00_lc_model_inst00_b_Tc_4 |    8.04  |      804  |    45600     |       5    |   76039 
   LCdata_inst00_lc_model_inst00_b_Tc_5 |    7.83  |      783  |    49400     |       1    |   77707 
   LCdata_inst00_lc_model_inst00_c_Tc_3 |    7.53  |      753  |    41800     |      11    |   67108 
   LCdata_inst00_lc_model_inst00_c_Tc_4 |    7.77  |      777  |    47500     |       3    |   75196 
   LCdata_inst00_lc_model_inst00_c_Tc_5 |    7.40  |      740  |    43700     |       9    |   67686 
   LCdata_inst01_jitter_0         |    8.09  |      809  |    41800     |      10    |   72672 
   LCdata_inst01_lc_model_inst01_b_Tc_3 |    7.59  |      759  |    38000     |      16    |   63888 
   LCdata_inst01_lc_model_inst01_b_Tc_4 |    7.50  |      750  |       -1     |      -1    |   75800 
   LCdata_inst01_lc_model_inst01_b_Tc_5 |    7.28  |      728  |       -1     |      -1    |   73493 
   LCdata_inst01_lc_model_inst01_b_Tc_6 |    7.91  |      791  |    47500     |       3    |   76569 
   LCdata_inst01_lc_model_inst01_b_Tc_7 |    6.93  |      693  |    49400     |       1    |   68740 
   LCdata_inst01_lc_model_inst01_b_Tc_8 |    7.74  |      774  |    39900     |      13    |   67341 
   LCdata_inst01_lc_model_inst01_c_Tc_5 |    7.86  |      786  |    49400     |       1    |   78037 
   LCdata_inst01_lc_model_inst01_c_Tc_6 |    7.94  |      794  |    41800     |      10    |   71206 
   b_P                            |    7.88  |      788  |    47500     |       3    |   76259 
   b_R_Rs                         |   16.71  |     1671  |       -1     |      -1    |  168776 
   b_b                            |   19.78  |     1978  |       -1     |      -1    |  199786 
   c_P                            |    7.65  |      765  |    49400     |       1    |   75861 
   c_R_Rs                         |   10.85  |     1085  |       -1     |      -1    |  109553 
   c_b                            |   17.62  |     1762  |       -1     |      -1    |  177973 
   star_parameters_density        |   18.70  |     1870  |       -1     |      -1    |  188898 
   limb_darkening_ld_c1           |    8.19  |      819  |    43700     |       8    |   75551 
   limb_darkening_ld_c2           |    9.28  |      928  |    41800     |       9    |   84631 

     8 chains have not converged yet, keep going 

 Plotting the ACF... 


====================================================================================================
     Ids, spaces (s), boundaries (b) and priors (p) of the sampler parameters     
====================================================================================================

----- dataset:  LCdata_inst00
jitter_0      id:   9  s:Linear      b:[      0.0000,       0.0500]   p:Uniform   []

----- dataset: LCdata_inst00             ----- model: lc_model_inst00_b             
Tc_0          id:  10  s:Linear      b:[      1.9214,       2.4186]   p:Uniform   []
Tc_1          id:  11  s:Linear      b:[      6.0797,       6.5783]   p:Uniform   []
Tc_2          id:  12  s:Linear      b:[     10.2394,      10.7381]   p:Uniform   []
Tc_3          id:  13  s:Linear      b:[     14.3978,      14.8964]   p:Uniform   []
Tc_4          id:  14  s:Linear      b:[     18.5575,      19.0561]   p:Uniform   []
Tc_5          id:  15  s:Linear      b:[     22.7158,      23.2144]   p:Uniform   []

----- dataset: LCdata_inst00             ----- model: lc_model_inst00_c             
Tc_3          id:  16  s:Linear      b:[      1.7214,       2.2186]   p:Uniform   []
Tc_4          id:  17  s:Linear      b:[     10.7506,      11.2492]   p:Uniform   []
Tc_5          id:  18  s:Linear      b:[     19.7811,      20.2797]   p:Uniform   []

----- dataset:  LCdata_inst01
jitter_0      id:  19  s:Linear      b:[      0.0000,       0.0500]   p:Uniform   []

----- dataset: LCdata_inst01             ----- model: lc_model_inst01_b             
Tc_3          id:  20  s:Linear      b:[     14.3988,      14.8961]   p:Uniform   []
Tc_4          id:  21  s:Linear      b:[     18.5572,      19.0558]   p:Uniform   []
Tc_5          id:  22  s:Linear      b:[     22.7169,      23.2155]   p:Uniform   []
Tc_6          id:  23  s:Linear      b:[     26.8752,      27.3738]   p:Uniform   []
Tc_7          id:  24  s:Linear      b:[     31.0350,      31.5336]   p:Uniform   []
Tc_8          id:  25  s:Linear      b:[     35.1933,      35.6919]   p:Uniform   []

----- dataset: LCdata_inst01             ----- model: lc_model_inst01_c             
Tc_5          id:  26  s:Linear      b:[     19.7822,      20.2808]   p:Uniform   []
Tc_6          id:  27  s:Linear      b:[     28.8127,      29.3113]   p:Uniform   []

----- common model:  b
P             id:   0  s:Linear      b:[      4.1550,       4.1650]   p:Gaussian   [4.159151e+00 2.000000e-05]
R_Rs          id:   1  s:Linear      b:[      0.0000,       0.5000]   p:Uniform   []
b             id:   2  s:Linear      b:[      0.0000,       2.0000]   p:Uniform   []
e             derived (no id, space, bound)                           p:None   []
omega         derived (no id, space, bound)                           p:None   []

----- common model:  c
P             id:   6  s:Linear      b:[      9.0200,       9.0400]   p:Gaussian   [9.030501e+00 2.000000e-05]
R_Rs          id:   7  s:Linear      b:[      0.0000,       0.5000]   p:Uniform   []
b             id:   8  s:Linear      b:[      0.0000,       2.0000]   p:Uniform   []
e             derived (no id, space, bound)                           p:None   []
omega         derived (no id, space, bound)                           p:None   []

----- common model:  star_parameters
density       id:   5  s:Linear      b:[      0.0000,       5.0000]   p:Gaussian   [0.7 0.1]
mass          derived (no id, space, bound)                           p:Gaussian   [1.05 0.04]
radius        derived (no id, space, bound)                           p:Gaussian   [1.15 0.04]

----- common model:  limb_darkening
ld_c1         id:   3  s:Linear      b:[      0.0000,       1.0000]   p:Gaussian   [0.5  0.05]
ld_c2         id:   4  s:Linear      b:[     -1.0000,       1.0000]   p:Gaussian   [0.1  0.05]


****************************************************************************************************
****************************************************************************************************

 Confidence intervals (median value, 34.135th percentile from the median on the left and right side)

====================================================================================================
     Statistics on the posterior of the sampler parameters     
====================================================================================================

----- dataset:  LCdata_inst00
jitter_0         9      0.000030    -0.000017     0.000022   (15-84 p)   [    0.0000,     0.0500]

----- dataset: LCdata_inst00             ----- model: lc_model_inst00_b             
Tc_0            10       2.16991     -0.00017      0.00017   (15-84 p)   [    1.9214,     2.4186]
Tc_1            11       6.33003     -0.00018      0.00018   (15-84 p)   [    6.0797,     6.5783]
Tc_2            12      10.48916     -0.00017      0.00017   (15-84 p)   [   10.2394,    10.7381]
Tc_3            13      14.64802     -0.00018      0.00017   (15-84 p)   [   14.3978,    14.8964]
Tc_4            14      18.80620     -0.00017      0.00017   (15-84 p)   [   18.5575,    19.0561]
Tc_5            15      22.96524     -0.00018      0.00018   (15-84 p)   [   22.7158,    23.2144]

----- dataset: LCdata_inst00             ----- model: lc_model_inst00_c             
Tc_3            16       1.96942     -0.00056      0.00057   (15-84 p)   [    1.7214,     2.2186]
Tc_4            17      11.00099     -0.00063      0.00066   (15-84 p)   [   10.7506,    11.2492]
Tc_5            18      20.03181     -0.00064      0.00063   (15-84 p)   [   19.7811,    20.2797]

----- dataset:  LCdata_inst01
jitter_0        19      0.000034    -0.000020     0.000024   (15-84 p)   [    0.0000,     0.0500]

----- dataset: LCdata_inst01             ----- model: lc_model_inst01_b             
Tc_3            20      14.64799     -0.00017      0.00017   (15-84 p)   [   14.3988,    14.8961]
Tc_4            21      18.80621     -0.00018      0.00017   (15-84 p)   [   18.5572,    19.0558]
Tc_5            22      22.96504     -0.00017      0.00017   (15-84 p)   [   22.7169,    23.2155]
Tc_6            23      27.12360     -0.00018      0.00017   (15-84 p)   [   26.8752,    27.3738]
Tc_7            24      31.28306     -0.00017      0.00018   (15-84 p)   [   31.0350,    31.5336]
Tc_8            25      35.44298     -0.00017      0.00017   (15-84 p)   [   35.1933,    35.6919]

----- dataset: LCdata_inst01             ----- model: lc_model_inst01_c             
Tc_5            26      20.03085     -0.00081      0.00076   (15-84 p)   [   19.7822,    20.2808]
Tc_6            27      29.06218     -0.00062      0.00058   (15-84 p)   [   28.8127,    29.3113]

----- common model:  b
P                0      4.159150    -0.000020     0.000020   (15-84 p)   [    4.1550,     4.1650]
R_Rs             1       0.09985     -0.00028      0.00037   (15-84 p)   [    0.0000,     0.5000]
b                2         0.138       -0.081        0.063   (15-84 p)   [    0.0000,     2.0000]

----- common model:  c
P                6      9.030501    -0.000019     0.000020   (15-84 p)   [    9.0200,     9.0400]
R_Rs             7       0.05000     -0.00026      0.00027   (15-84 p)   [    0.0000,     0.5000]
b                8         0.263       -0.031        0.037   (15-84 p)   [    0.0000,     2.0000]

----- common model:  star_parameters
density          5         0.718       -0.021        0.016   (15-84 p)   [    0.0000,     5.0000]

----- common model:  limb_darkening
ld_c1            3         0.504       -0.017        0.017   (15-84 p)   [    0.0000,     1.0000]
ld_c2            4         0.097       -0.036        0.034   (15-84 p)   [   -1.0000,     1.0000]

====================================================================================================
     Statistics on the model parameters obtained from the posteriors samples     
====================================================================================================

----- dataset:  LCdata_inst00
jitter_0              0.000030    -0.000017     0.000022    (15-84 p)


----- dataset: LCdata_inst00             ----- model: lc_model_inst00_b             
Tc_0                   2.16991     -0.00017      0.00017    (15-84 p)
Tc_1                   6.33003     -0.00018      0.00018    (15-84 p)
Tc_2                  10.48916     -0.00017      0.00017    (15-84 p)
Tc_3                  14.64802     -0.00018      0.00017    (15-84 p)
Tc_4                  18.80620     -0.00017      0.00017    (15-84 p)
Tc_5                  22.96524     -0.00018      0.00018    (15-84 p)

----- dataset: LCdata_inst00             ----- model: lc_model_inst00_c             
Tc_3                   1.96942     -0.00056      0.00057    (15-84 p)
Tc_4                  11.00099     -0.00063      0.00066    (15-84 p)
Tc_5                  20.03181     -0.00064      0.00063    (15-84 p)

----- dataset:  LCdata_inst01
jitter_0              0.000034    -0.000020     0.000024    (15-84 p)


----- dataset: LCdata_inst01             ----- model: lc_model_inst01_b             
Tc_3                  14.64799     -0.00017      0.00017    (15-84 p)
Tc_4                  18.80621     -0.00018      0.00017    (15-84 p)
Tc_5                  22.96504     -0.00017      0.00017    (15-84 p)
Tc_6                  27.12360     -0.00018      0.00017    (15-84 p)
Tc_7                  31.28306     -0.00017      0.00018    (15-84 p)
Tc_8                  35.44298     -0.00017      0.00017    (15-84 p)

----- dataset: LCdata_inst01             ----- model: lc_model_inst01_c             
Tc_5                  20.03085     -0.00081      0.00076    (15-84 p)
Tc_6                  29.06218     -0.00062      0.00058    (15-84 p)

----- common model:  b
P                     4.159150    -0.000020     0.000020    (15-84 p)
e                         0.00                              [fixed]
omega                90.000000                              [fixed]
R_Rs                   0.09985     -0.00028      0.00037    (15-84 p)
b                        0.138       -0.081        0.063    (15-84 p)

----- common model:  c
P                     9.030501    -0.000019     0.000020    (15-84 p)
e                         0.00                              [fixed]
omega                90.000000                              [fixed]
R_Rs                   0.05000     -0.00026      0.00027    (15-84 p)
b                        0.263       -0.031        0.037    (15-84 p)

----- common model:  star_parameters
density                  0.718       -0.021        0.016    (15-84 p)

----- common model:  limb_darkening
ld_c1                    0.504       -0.017        0.017    (15-84 p)
ld_c2                    0.097       -0.036        0.034    (15-84 p)

====================================================================================================
     Statistics on the derived parameters obtained from the posteriors samples     
====================================================================================================

----- common model:  b
a_Rs                     9.740       -0.097        0.070    (15-84 p)
i                        89.19        -0.38         0.48    (15-84 p)
R_Rj                     1.119       -0.039        0.039    (15-84 p)
R_Re                     12.54        -0.44         0.44    (15-84 p)
T_41                   0.14865     -0.00026      0.00028    (15-84 p)
T_32                   0.12107     -0.00051      0.00038    (15-84 p)
a_AU_(rho,R)            0.0521      -0.0019       0.0019    (15-84 p)

----- common model:  c
a_Rs                     16.33        -0.16         0.12    (15-84 p)
i                        89.08        -0.14         0.12    (15-84 p)
R_Rj                     0.560       -0.020        0.020    (15-84 p)
R_Re                      6.28        -0.22         0.22    (15-84 p)
T_41                   0.17909     -0.00059      0.00060    (15-84 p)
T_32                   0.16076     -0.00074      0.00074    (15-84 p)
a_AU_(rho,R)            0.0873      -0.0031       0.0031    (15-84 p)


====================================================================================================
     ------------------------------------------------------------------------------------------     
====================================================================================================



****************************************************************************************************

 Parameters corresponding to the Maximum a Posteriori probability ( 194081.99606133776 )

====================================================================================================
     Statistics on the posterior of the sampler parameters     
====================================================================================================

----- dataset:  LCdata_inst00
jitter_0         9      0.000049 [    0.0000,     0.0500]

----- dataset: LCdata_inst00             ----- model: lc_model_inst00_b             
Tc_0            10      2.169796 [    1.9214,     2.4186]
Tc_1            11      6.329998 [    6.0797,     6.5783]
Tc_2            12     10.489209 [   10.2394,    10.7381]
Tc_3            13     14.648037 [   14.3978,    14.8964]
Tc_4            14     18.806285 [   18.5575,    19.0561]
Tc_5            15     22.965158 [   22.7158,    23.2144]

----- dataset: LCdata_inst00             ----- model: lc_model_inst00_c             
Tc_3            16      1.969299 [    1.7214,     2.2186]
Tc_4            17     11.000663 [   10.7506,    11.2492]
Tc_5            18     20.031476 [   19.7811,    20.2797]

----- dataset:  LCdata_inst01
jitter_0        19      0.000015 [    0.0000,     0.0500]

----- dataset: LCdata_inst01             ----- model: lc_model_inst01_b             
Tc_3            20     14.647880 [   14.3988,    14.8961]
Tc_4            21     18.806129 [   18.5572,    19.0558]
Tc_5            22     22.965112 [   22.7169,    23.2155]
Tc_6            23     27.123442 [   26.8752,    27.3738]
Tc_7            24     31.283108 [   31.0350,    31.5336]
Tc_8            25     35.443014 [   35.1933,    35.6919]

----- dataset: LCdata_inst01             ----- model: lc_model_inst01_c             
Tc_5            26     20.030263 [   19.7822,    20.2808]
Tc_6            27     29.062409 [   28.8127,    29.3113]

----- common model:  b
P                0      4.159154 [    4.1550,     4.1650]
R_Rs             1      0.099969 [    0.0000,     0.5000]
b                2      0.146739 [    0.0000,     2.0000]

----- common model:  c
P                6      9.030520 [    9.0200,     9.0400]
R_Rs             7      0.049923 [    0.0000,     0.5000]
b                8      0.267433 [    0.0000,     2.0000]

----- common model:  star_parameters
density          5      0.716560 [    0.0000,     5.0000]

----- common model:  limb_darkening
ld_c1            3      0.513978 [    0.0000,     1.0000]
ld_c2            4      0.078831 [   -1.0000,     1.0000]

====================================================================================================
     Statistics on the model parameters obtained from the posteriors samples     
====================================================================================================

----- dataset:  LCdata_inst00
jitter_0              0.000049 


----- dataset: LCdata_inst00             ----- model: lc_model_inst00_b             
Tc_0                  2.169796 
Tc_1                  6.329998 
Tc_2                 10.489209 
Tc_3                 14.648037 
Tc_4                 18.806285 
Tc_5                 22.965158 

----- dataset: LCdata_inst00             ----- model: lc_model_inst00_c             
Tc_3                  1.969299 
Tc_4                 11.000663 
Tc_5                 20.031476 

----- dataset:  LCdata_inst01
jitter_0              0.000015 


----- dataset: LCdata_inst01             ----- model: lc_model_inst01_b             
Tc_3                 14.647880 
Tc_4                 18.806129 
Tc_5                 22.965112 
Tc_6                 27.123442 
Tc_7                 31.283108 
Tc_8                 35.443014 

----- dataset: LCdata_inst01             ----- model: lc_model_inst01_c             
Tc_5                 20.030263 
Tc_6                 29.062409 

----- common model:  b
P                     4.159154 
e                         0.00 
omega                90.000000 
R_Rs                  0.099969 
b                     0.146739 

----- common model:  c
P                     9.030520 
e                         0.00 
omega                90.000000 
R_Rs                  0.049923 
b                     0.267433 

----- common model:  star_parameters
density               0.716560 

----- common model:  limb_darkening
ld_c1                 0.513978 
ld_c2                 0.078831 

====================================================================================================
     Statistics on the derived parameters obtained from the posteriors samples     
====================================================================================================

----- common model:  b
a_Rs                  9.735022 
i                    89.136330 
R_Rj                  1.105517 
R_Re                 12.391647 
T_41                  0.148580 
T_32                  0.120943 
a_AU_(rho,R)          0.051448 

----- common model:  c
a_Rs                 16.323329 
i                    89.061253 
R_Rj                  0.552777 
R_Re                  6.196036 
T_41                  0.178930 
T_32                  0.160647 
a_AU_(rho,R)          0.086375 


====================================================================================================
     ------------------------------------------------------------------------------------------     
====================================================================================================



****************************************************************************************************

 Parameters corresponding to the sample closest to the median values ( 194077.00495651166 )

====================================================================================================
     Statistics on the posterior of the sampler parameters     
====================================================================================================

----- dataset:  LCdata_inst00
jitter_0         9      0.000029 [    0.0000,     0.0500]

----- dataset: LCdata_inst00             ----- model: lc_model_inst00_b             
Tc_0            10      2.169830 [    1.9214,     2.4186]
Tc_1            11      6.330146 [    6.0797,     6.5783]
Tc_2            12     10.489280 [   10.2394,    10.7381]
Tc_3            13     14.648086 [   14.3978,    14.8964]
Tc_4            14     18.806428 [   18.5575,    19.0561]
Tc_5            15     22.965392 [   22.7158,    23.2144]

----- dataset: LCdata_inst00             ----- model: lc_model_inst00_c             
Tc_3            16      1.969291 [    1.7214,     2.2186]
Tc_4            17     11.000839 [   10.7506,    11.2492]
Tc_5            18     20.032331 [   19.7811,    20.2797]

----- dataset:  LCdata_inst01
jitter_0        19      0.000038 [    0.0000,     0.0500]

----- dataset: LCdata_inst01             ----- model: lc_model_inst01_b             
Tc_3            20     14.647989 [   14.3988,    14.8961]
Tc_4            21     18.805999 [   18.5572,    19.0558]
Tc_5            22     22.965127 [   22.7169,    23.2155]
Tc_6            23     27.123753 [   26.8752,    27.3738]
Tc_7            24     31.283016 [   31.0350,    31.5336]
Tc_8            25     35.442929 [   35.1933,    35.6919]

----- dataset: LCdata_inst01             ----- model: lc_model_inst01_c             
Tc_5            26     20.030805 [   19.7822,    20.2808]
Tc_6            27     29.062460 [   28.8127,    29.3113]

----- common model:  b
P                0      4.159148 [    4.1550,     4.1650]
R_Rs             1      0.099750 [    0.0000,     0.5000]
b                2      0.121526 [    0.0000,     2.0000]

----- common model:  c
P                6      9.030495 [    9.0200,     9.0400]
R_Rs             7      0.050103 [    0.0000,     0.5000]
b                8      0.278394 [    0.0000,     2.0000]

----- common model:  star_parameters
density          5      0.724455 [    0.0000,     5.0000]

----- common model:  limb_darkening
ld_c1            3      0.498499 [    0.0000,     1.0000]
ld_c2            4      0.093870 [   -1.0000,     1.0000]

====================================================================================================
     Statistics on the model parameters obtained from the posteriors samples     
====================================================================================================

----- dataset:  LCdata_inst00
jitter_0              0.000029 


----- dataset: LCdata_inst00             ----- model: lc_model_inst00_b             
Tc_0                  2.169830 
Tc_1                  6.330146 
Tc_2                 10.489280 
Tc_3                 14.648086 
Tc_4                 18.806428 
Tc_5                 22.965392 

----- dataset: LCdata_inst00             ----- model: lc_model_inst00_c             
Tc_3                  1.969291 
Tc_4                 11.000839 
Tc_5                 20.032331 

----- dataset:  LCdata_inst01
jitter_0              0.000038 


----- dataset: LCdata_inst01             ----- model: lc_model_inst01_b             
Tc_3                 14.647989 
Tc_4                 18.805999 
Tc_5                 22.965127 
Tc_6                 27.123753 
Tc_7                 31.283016 
Tc_8                 35.442929 

----- dataset: LCdata_inst01             ----- model: lc_model_inst01_c             
Tc_5                 20.030805 
Tc_6                 29.062460 

----- common model:  b
P                     4.159148 
e                         0.00 
omega                90.000000 
R_Rs                  0.099750 
b                     0.121526 

----- common model:  c
P                     9.030495 
e                         0.00 
omega                90.000000 
R_Rs                  0.050103 
b                     0.278394 

----- common model:  star_parameters
density               0.724455 

----- common model:  limb_darkening
ld_c1                 0.498499 
ld_c2                 0.093870 

====================================================================================================
     Statistics on the derived parameters obtained from the posteriors samples     
====================================================================================================

----- common model:  b
a_Rs                  9.770633 
i                    89.287341 
R_Rj                  1.105879 
R_Re                 12.395710 
T_41                  0.148423 
T_32                  0.121043 
a_AU_(rho,R)          0.051767 

----- common model:  c
a_Rs                 16.383027 
i                    89.026334 
R_Rj                  0.552817 
R_Re                  6.196476 
T_41                  0.177793 
T_32                  0.159451 
a_AU_(rho,R)          0.086386 


====================================================================================================
     ------------------------------------------------------------------------------------------     
====================================================================================================



****************************************************************************************************

Note: priors on stellar mass and radius provided independently from the measured density, no check for consistency is performed

 Plot FLAT chain 

****************************************************************************************************

Plotting full_correlation plot with pygtc

****************************************************************************************************

 Plotting the chains... 

****************************************************************************************************

 Plotting the Gelman-Rubin traces... 

     Gelman-Rubin:     9     1.008123 LCdata_inst00_jitter_0 
     Gelman-Rubin:    10     1.007466 LCdata_inst00_lc_model_inst00_b_Tc_0 
     Gelman-Rubin:    11     1.010680 LCdata_inst00_lc_model_inst00_b_Tc_1 
     Gelman-Rubin:    12     1.008207 LCdata_inst00_lc_model_inst00_b_Tc_2 
     Gelman-Rubin:    13     1.008226 LCdata_inst00_lc_model_inst00_b_Tc_3 
     Gelman-Rubin:    14     1.006580 LCdata_inst00_lc_model_inst00_b_Tc_4 
     Gelman-Rubin:    15     1.005925 LCdata_inst00_lc_model_inst00_b_Tc_5 
     Gelman-Rubin:    16     1.008862 LCdata_inst00_lc_model_inst00_c_Tc_3 
     Gelman-Rubin:    17     1.006538 LCdata_inst00_lc_model_inst00_c_Tc_4 
     Gelman-Rubin:    18     1.011350 LCdata_inst00_lc_model_inst00_c_Tc_5 
     Gelman-Rubin:    19     1.006487 LCdata_inst01_jitter_0 
     Gelman-Rubin:    20     1.005705 LCdata_inst01_lc_model_inst01_b_Tc_3 
     Gelman-Rubin:    21     1.006902 LCdata_inst01_lc_model_inst01_b_Tc_4 
     Gelman-Rubin:    22     1.007892 LCdata_inst01_lc_model_inst01_b_Tc_5 
     Gelman-Rubin:    23     1.007158 LCdata_inst01_lc_model_inst01_b_Tc_6 
     Gelman-Rubin:    24     1.007270 LCdata_inst01_lc_model_inst01_b_Tc_7 
     Gelman-Rubin:    25     1.008988 LCdata_inst01_lc_model_inst01_b_Tc_8 
     Gelman-Rubin:    26     1.007306 LCdata_inst01_lc_model_inst01_c_Tc_5 
     Gelman-Rubin:    27     1.008397 LCdata_inst01_lc_model_inst01_c_Tc_6 
     Gelman-Rubin:     0     1.009280 b_P 
     Gelman-Rubin:     1     1.022890 b_R_Rs 
     Gelman-Rubin:     2     1.026606 b_b 
     Gelman-Rubin:     6     1.009092 c_P 
     Gelman-Rubin:     7     1.013076 c_R_Rs 
     Gelman-Rubin:     8     1.022602 c_b 
     Gelman-Rubin:     5     1.024515 star_parameters_density 
     Gelman-Rubin:     3     1.006967 limb_darkening_ld_c1 
     Gelman-Rubin:     4     1.008499 limb_darkening_ld_c2 

****************************************************************************************************

 Plotting the common models corner plots
     Common model:  b
     Common model:  c
     Common model:  star_parameters
     Common model:  limb_darkening

****************************************************************************************************

 Dataset + models corner plots 

     Dataset:  LCdata_inst00     model:  lc_model_inst00_b  corner plot  starting 
     Dataset:  LCdata_inst00     model:  lc_model_inst00_b  corner plot  done 
     Dataset:  LCdata_inst00     model:  lc_model_inst00_c  corner plot  starting 
     Dataset:  LCdata_inst00     model:  lc_model_inst00_c  corner plot  done 
     Dataset:  LCdata_inst01     model:  lc_model_inst01_b  corner plot  starting 
     Dataset:  LCdata_inst01     model:  lc_model_inst01_b  corner plot  done 
     Dataset:  LCdata_inst01     model:  lc_model_inst01_c  corner plot  starting 
     Dataset:  LCdata_inst01     model:  lc_model_inst01_c  corner plot  done 

****************************************************************************************************

 Saving the planet parameter samplings to files (with plots)

****************************************************************************************************

 Saving all the parameter samplings to files (with plots)

****************************************************************************************************

 Computing the models for plot/data writing 
