
PyORBIT v10.6.0

Python version in use:
3.10.14 (main, May  6 2024, 19:42:50) [GCC 11.2.0]

reloaded_optimize:  False
reloaded_pyde:  False
reloaded_emcee:  False

number of multiprocessing threads: 16
multiprocessing method (should be fork):  fork

parameters/safe_reload flag (must be True for tinygp):  False

Opening:  LCdata_inst00
Opening:  LCdata_inst01
Adding common model of planet:  b
Adding common model of planet:  c
  LC model: lc_model_b is using limb_darkening LD parameters
  LC model: lc_model_c is using limb_darkening LD parameters
Using orbital model:  circular
Using orbital parametrization:  Eastman2013
Time of inferior conjunction replacing mean longitude as a free parameter:  True
List of times of inferior conjuctions:  twoplanets_transits/WASP47_simulated_planetb_tclist.dat

Using orbital model:  circular
Using orbital parametrization:  Eastman2013
Time of inferior conjunction replacing mean longitude as a free parameter:  True
List of times of inferior conjuctions:  twoplanets_transits/WASP47_simulated_planetc_tclist.dat

Using limb darkening coefficient parametrization:  Standard
Shared transit-specific time of transits (i.e., TTVs):  True
Shared transit-specific time of transits (i.e., TTVs):  True

====================================================================================================
     Ids, spaces (s), boundaries (b) and priors (p) of the sampler parameters     
====================================================================================================

----- dataset:  LCdata_inst00
jitter_0      id:  22  s:Linear      b:[      0.0000,       0.0500]   p:Uniform   []

----- dataset:  LCdata_inst01
jitter_0      id:  23  s:Linear      b:[      0.0000,       0.0500]   p:Uniform   []

----- common model:  b
P             id:   0  s:Linear      b:[      4.1550,       4.1650]   p:Gaussian   [4.159151e+00 2.000000e-05]
R_Rs          id:   1  s:Linear      b:[      0.0000,       0.5000]   p:Uniform   []
b             id:   2  s:Linear      b:[      0.0000,       2.0000]   p:Uniform   []
Tc_0          id:   3  s:Linear      b:[      1.9214,       2.4186]   p:Uniform   []
Tc_1          id:   4  s:Linear      b:[      6.0797,       6.5783]   p:Uniform   []
Tc_2          id:   5  s:Linear      b:[     10.2394,      10.7381]   p:Uniform   []
Tc_3          id:   6  s:Linear      b:[     14.3988,      14.8961]   p:Uniform   []
Tc_4          id:   7  s:Linear      b:[     18.5572,      19.0558]   p:Uniform   []
Tc_5          id:   8  s:Linear      b:[     22.7169,      23.2155]   p:Uniform   []
Tc_6          id:   9  s:Linear      b:[     26.8752,      27.3738]   p:Uniform   []
Tc_7          id:  10  s:Linear      b:[     31.0350,      31.5336]   p:Uniform   []
Tc_8          id:  11  s:Linear      b:[     35.1933,      35.6919]   p:Uniform   []
e             derived (no id, space, bound)                           p:None   []
omega         derived (no id, space, bound)                           p:None   []

----- common model:  c
P             id:  15  s:Linear      b:[      9.0200,       9.0400]   p:Gaussian   [9.030501e+00 2.000000e-05]
R_Rs          id:  16  s:Linear      b:[      0.0000,       0.5000]   p:Uniform   []
b             id:  17  s:Linear      b:[      0.0000,       2.0000]   p:Uniform   []
Tc_3          id:  18  s:Linear      b:[      1.7214,       2.2186]   p:Uniform   []
Tc_4          id:  19  s:Linear      b:[     10.7506,      11.2492]   p:Uniform   []
Tc_5          id:  20  s:Linear      b:[     19.7822,      20.2808]   p:Uniform   []
Tc_6          id:  21  s:Linear      b:[     28.8127,      29.3113]   p:Uniform   []
e             derived (no id, space, bound)                           p:None   []
omega         derived (no id, space, bound)                           p:None   []

----- common model:  star_parameters
density       id:  14  s:Linear      b:[      0.0000,       5.0000]   p:Gaussian   [0.7 0.1]
mass          derived (no id, space, bound)                           p:Gaussian   [1.05 0.04]
radius        derived (no id, space, bound)                           p:Gaussian   [1.15 0.04]

----- common model:  limb_darkening
ld_c1         id:  12  s:Linear      b:[      0.0000,       1.0000]   p:Gaussian   [0.5  0.05]
ld_c2         id:  13  s:Linear      b:[     -1.0000,       1.0000]   p:Gaussian   [0.1  0.05]

Include priors:  True

Reference Time Tref:  0.0

Dimensions =  24
Nwalkers =  96

Using threading pool for PyDE: True
PyDE running
Boundaries redefined after PyDE output
PyDE completed, it took         14.2 seconds

====================================================================================================
     Starting point of the sample/optimization routines    
====================================================================================================

----- dataset:  LCdata_inst00
jitter_0        22      0.000006 [    0.0000,     0.0500]

----- dataset:  LCdata_inst01
jitter_0        23      0.000021 [    0.0000,     0.0500]

----- common model:  b
P                0      4.159151 [    4.1550,     4.1650]
R_Rs             1      0.099994 [    0.0000,     0.5000]
b                2      0.166890 [    0.0000,     2.0000]
Tc_0             3      2.169910 [    1.9214,     2.4186]
Tc_1             4      6.330028 [    6.0797,     6.5783]
Tc_2             5     10.489161 [   10.2394,    10.7381]
Tc_3             6     14.648009 [   14.3988,    14.8961]
Tc_4             7     18.806203 [   18.5572,    19.0558]
Tc_5             8     22.965138 [   22.7169,    23.2155]
Tc_6             9     27.123603 [   26.8752,    27.3738]
Tc_7            10     31.283070 [   31.0350,    31.5336]
Tc_8            11     35.442985 [   35.1933,    35.6919]

----- common model:  c
P               15      9.030501 [    9.0200,     9.0400]
R_Rs            16      0.050072 [    0.0000,     0.5000]
b               17      0.279058 [    0.0000,     2.0000]
Tc_3            18      1.969427 [    1.7214,     2.2186]
Tc_4            19     11.000979 [   10.7506,    11.2492]
Tc_5            20     20.031458 [   19.7822,    20.2808]
Tc_6            21     29.062190 [   28.8127,    29.3113]

----- common model:  star_parameters
density         14      0.709152 [    0.0000,     5.0000]

----- common model:  limb_darkening
ld_c1           12      0.505913 [    0.0000,     1.0000]
ld_c2           13      0.089957 [   -1.0000,     1.0000]

====================================================================================================
     Starting point projected onto the model parameter space     
====================================================================================================

----- dataset:  LCdata_inst00
jitter_0              0.000006 


----- dataset:  LCdata_inst01
jitter_0              0.000021 


----- common model:  b
P                     4.159151 
e                         0.00 
omega                90.000000 
R_Rs                  0.099994 
b                     0.166890 
Tc_0                  2.169910 
Tc_1                  6.330028 
Tc_2                 10.489161 
Tc_3                 14.648009 
Tc_4                 18.806203 
Tc_5                 22.965138 
Tc_6                 27.123603 
Tc_7                 31.283070 
Tc_8                 35.442985 

----- common model:  c
P                     9.030501 
e                         0.00 
omega                90.000000 
R_Rs                  0.050072 
b                     0.279058 
Tc_3                  1.969427 
Tc_4                 11.000979 
Tc_5                 20.031458 
Tc_6                 29.062190 

----- common model:  star_parameters
density               0.709152 

----- common model:  limb_darkening
ld_c1                 0.505913 
ld_c2                 0.089957 

====================================================================================================
     Derived parameters obtained from starting point     
====================================================================================================

----- common model:  b
a_Rs                  9.701355 
i                    89.014308 
R_Rj                  1.069100 
R_Re                 11.983450 
T_41                  0.148708 
T_32                  0.120875 
a_AU_(rho,R)          0.049569 

----- common model:  c
a_Rs                 16.266863 
i                    89.017044 
R_Rj                  0.549108 
R_Re                  6.154907 
T_41                  0.179027 
T_32                  0.160561 
a_AU_(rho,R)          0.085251 


====================================================================================================
     Statistics on the log-likelihood     
====================================================================================================

 LN probability: 194082.345086 

====================================================================================================
     ------------------------------------------------------------------------------------------     
====================================================================================================



*************************************************************

Running emcee

emcee version:  3.1.6
Using threading pool for emcee: True


Computing the autocorrelation time of the chains

***** WARNING ******
The integrated autocorrelation time cannot be reliably estimated
likely the chains are too short, and ACF analysis is not fully reliable
emcee.autocorr.integrated_time tolerance lowered to 20
If you still get a warning, you should drop these results entirely

Reference thinning used in the analysis: 100
Step length used in the analysis: 16*nthin = 1600

Convergence criteria: less than 1% variation in ACF after 20 times the integrated ACF
At least 50*ACF after convergence, 100*ACF would be ideal
Negative values: not converged yet

   sampler parameter              |    ACF   | ACF*nthin | converged at | nsteps/ACF | to 100*ACF
                                  |          |           |              |            | 
   LCdata_inst00_jitter_0         |    7.37  |      737  |    38400     |      16    |   62058 
   LCdata_inst01_jitter_0         |    6.44  |      644  |    36800     |      20    |   51204 
   b_P                            |    6.79  |      679  |    33600     |      24    |   51520 
   b_R_Rs                         |   13.97  |     1397  |       -1     |      -1    |  141098 
   b_b                            |   16.38  |     1638  |       -1     |      -1    |  165394 
   b_Tc_0                         |    6.35  |      635  |    22400     |      43    |   35867 
   b_Tc_1                         |    6.41  |      641  |    40000     |      16    |   54122 
   b_Tc_2                         |    6.05  |      605  |    36800     |      22    |   47295 
   b_Tc_3                         |    6.30  |      630  |    36800     |      21    |   49833 
   b_Tc_4                         |    6.43  |      643  |    43200     |      11    |   57543 
   b_Tc_5                         |    6.85  |      685  |    33600     |      24    |   52085 
   b_Tc_6                         |    6.58  |      658  |    35200     |      23    |   50967 
   b_Tc_7                         |    6.38  |      638  |    38400     |      18    |   52205 
   b_Tc_8                         |    6.36  |      636  |    41600     |      13    |   55172 
   c_P                            |    6.64  |      664  |    44800     |       8    |   61188 
   c_R_Rs                         |    8.94  |      894  |    43200     |       8    |   82571 
   c_b                            |   14.81  |     1481  |       -1     |      -1    |  149537 
   c_Tc_3                         |    6.33  |      633  |    40000     |      16    |   53267 
   c_Tc_4                         |    6.60  |      660  |    46400     |       5    |   62368 
   c_Tc_5                         |    6.69  |      669  |    44800     |       8    |   61666 
   c_Tc_6                         |    6.99  |      699  |    43200     |      10    |   63087 
   star_parameters_density        |   14.95  |     1495  |       -1     |      -1    |  151010 
   limb_darkening_ld_c1           |    6.59  |      659  |    33600     |      25    |   49468 
   limb_darkening_ld_c2           |    7.50  |      750  |    49600     |       1    |   74564 

     4 chains have not converged yet, keep going 

====================================================================================================
     Statistics on the posterior of the sampler parameters     
====================================================================================================

----- dataset:  LCdata_inst00
jitter_0        22      0.000029    -0.000016     0.000022   (15-84 p)   [    0.0000,     0.0500]

----- dataset:  LCdata_inst01
jitter_0        23      0.000034    -0.000020     0.000023   (15-84 p)   [    0.0000,     0.0500]

----- common model:  b
P                0      4.159151    -0.000020     0.000020   (15-84 p)   [    4.1550,     4.1650]
R_Rs             1       0.09982     -0.00027      0.00036   (15-84 p)   [    0.0000,     0.5000]
b                2         0.129       -0.081        0.066   (15-84 p)   [    0.0000,     2.0000]
Tc_0             3       2.16991     -0.00018      0.00017   (15-84 p)   [    1.9214,     2.4186]
Tc_1             4       6.33003     -0.00017      0.00018   (15-84 p)   [    6.0797,     6.5783]
Tc_2             5      10.48916     -0.00017      0.00017   (15-84 p)   [   10.2394,    10.7381]
Tc_3             6      14.64801     -0.00012      0.00012   (15-84 p)   [   14.3988,    14.8961]
Tc_4             7      18.80620     -0.00012      0.00012   (15-84 p)   [   18.5572,    19.0558]
Tc_5             8      22.96514     -0.00013      0.00012   (15-84 p)   [   22.7169,    23.2155]
Tc_6             9      27.12361     -0.00017      0.00017   (15-84 p)   [   26.8752,    27.3738]
Tc_7            10      31.28306     -0.00018      0.00017   (15-84 p)   [   31.0350,    31.5336]
Tc_8            11      35.44298     -0.00018      0.00018   (15-84 p)   [   35.1933,    35.6919]

----- common model:  c
P               15      9.030501    -0.000021     0.000020   (15-84 p)   [    9.0200,     9.0400]
R_Rs            16       0.04999     -0.00024      0.00025   (15-84 p)   [    0.0000,     0.5000]
b               17         0.259       -0.029        0.037   (15-84 p)   [    0.0000,     2.0000]
Tc_3            18       1.96943     -0.00057      0.00058   (15-84 p)   [    1.7214,     2.2186]
Tc_4            19      11.00101     -0.00061      0.00063   (15-84 p)   [   10.7506,    11.2492]
Tc_5            20      20.03143     -0.00049      0.00048   (15-84 p)   [   19.7822,    20.2808]
Tc_6            21      29.06217     -0.00058      0.00058   (15-84 p)   [   28.8127,    29.3113]

----- common model:  star_parameters
density         14         0.720       -0.022        0.014   (15-84 p)   [    0.0000,     5.0000]

----- common model:  limb_darkening
ld_c1           12         0.504       -0.017        0.017   (15-84 p)   [    0.0000,     1.0000]
ld_c2           13         0.097       -0.035        0.034   (15-84 p)   [   -1.0000,     1.0000]

====================================================================================================
     Statistics on the model parameters obtained from the posteriors samples     
====================================================================================================

----- dataset:  LCdata_inst00
jitter_0              0.000029    -0.000016     0.000022    (15-84 p)


----- dataset:  LCdata_inst01
jitter_0              0.000034    -0.000020     0.000023    (15-84 p)


----- common model:  b
P                     4.159151    -0.000020     0.000020    (15-84 p)
e                         0.00                              [fixed]
omega                90.000000                              [fixed]
R_Rs                   0.09982     -0.00027      0.00036    (15-84 p)
b                        0.129       -0.081        0.066    (15-84 p)
Tc_0                   2.16991     -0.00018      0.00017    (15-84 p)
Tc_1                   6.33003     -0.00017      0.00018    (15-84 p)
Tc_2                  10.48916     -0.00017      0.00017    (15-84 p)
Tc_3                  14.64801     -0.00012      0.00012    (15-84 p)
Tc_4                  18.80620     -0.00012      0.00012    (15-84 p)
Tc_5                  22.96514     -0.00013      0.00012    (15-84 p)
Tc_6                  27.12361     -0.00017      0.00017    (15-84 p)
Tc_7                  31.28306     -0.00018      0.00017    (15-84 p)
Tc_8                  35.44298     -0.00018      0.00018    (15-84 p)

----- common model:  c
P                     9.030501    -0.000021     0.000020    (15-84 p)
e                         0.00                              [fixed]
omega                90.000000                              [fixed]
R_Rs                   0.04999     -0.00024      0.00025    (15-84 p)
b                        0.259       -0.029        0.037    (15-84 p)
Tc_3                   1.96943     -0.00057      0.00058    (15-84 p)
Tc_4                  11.00101     -0.00061      0.00063    (15-84 p)
Tc_5                  20.03143     -0.00049      0.00048    (15-84 p)
Tc_6                  29.06217     -0.00058      0.00058    (15-84 p)

----- common model:  star_parameters
density                  0.720       -0.022        0.014    (15-84 p)

----- common model:  limb_darkening
ld_c1                    0.504       -0.017        0.017    (15-84 p)
ld_c2                    0.097       -0.035        0.034    (15-84 p)

====================================================================================================
     Statistics on the derived parameters obtained from the posteriors samples     
====================================================================================================

----- common model:  b
a_Rs                     9.751       -0.099        0.062    (15-84 p)
i                        89.24        -0.40         0.48    (15-84 p)
R_Rj                     1.117       -0.039        0.039    (15-84 p)
R_Re                     12.52        -0.43         0.44    (15-84 p)
T_41                   0.14864     -0.00026      0.00029    (15-84 p)
T_32                   0.12112     -0.00049      0.00037    (15-84 p)
a_AU_(rho,R)            0.0521      -0.0019       0.0018    (15-84 p)

----- common model:  c
a_Rs                     16.35        -0.17         0.10    (15-84 p)
i                        89.09        -0.14         0.11    (15-84 p)
R_Rj                     0.560       -0.020        0.020    (15-84 p)
R_Re                      6.28        -0.23         0.22    (15-84 p)
T_41                   0.17908     -0.00061      0.00062    (15-84 p)
T_32                   0.16079     -0.00076      0.00075    (15-84 p)
a_AU_(rho,R)            0.0874      -0.0031       0.0032    (15-84 p)


====================================================================================================
     ------------------------------------------------------------------------------------------     
====================================================================================================



emcee completed

