
PyORBIT v10.6.0

Python version in use:
3.10.14 (main, May  6 2024, 19:42:50) [GCC 11.2.0]
 LaTeX disabled by default
Using orbital model:  circular
Using orbital parametrization:  Eastman2013
Time of inferior conjunction replacing mean longitude as a free parameter:  True
Dataset flag of times of inferior conjuctions:  id_transit_b

Using orbital model:  circular
Using orbital parametrization:  Eastman2013
Time of inferior conjunction replacing mean longitude as a free parameter:  True
Dataset flag of times of inferior conjuctions:  id_transit_c

Using limb darkening coefficient parametrization:  Standard

emcee version:  3.1.6

 Reference Time Tref: 0.0

 Dimensions = 19
 Nwalkers = 76

 Steps: 50000


 LN posterior: 97069.734329      -3.207261     2.618900 (15-84 p) 

 Median log_priors     = 34.54548135391961
 Median log_likelihood = 97043.68159673957

 Median BIC  (using likelihood) = -193903.8047628704
 Median AIC  (using likelihood) = -194049.36319347913
 Median AICc (using likelihood) = -194049.3147024436

 Median BIC  (using posterior)  = -193972.89572557824
 Median AIC  (using posterior)  = -194118.45415618698
 Median AICc (using posterior)  = -194118.40566515145

 MAP log_priors     = 34.41207970479018
 MAP log_likelihood = 97042.1690668596

 MAP BIC  (using likelihood) = -193900.77970311046
 MAP AIC  (using likelihood) = -194046.3381337192
 MAP AICc (using likelihood) = -194046.28964268367

 MAP BIC  (using posterior)  = -193969.60386252005
 MAP AIC  (using posterior)  = -194115.1622931288
 MAP AICc (using posterior)  = -194115.11380209326

 AIC suggested over AICs because NDATA ( 15693 ) > 40 * NDIM ( 19 )

****************************************************************************************************


Computing the autocorrelation time of the chains

***** WARNING ******
The integrated autocorrelation time cannot be reliably estimated
likely the chains are too short, and ACF analysis is not fully reliable
emcee.autocorr.integrated_time tolerance lowered to 20
If you still get a warning, you should drop these results entirely

Reference thinning used in the analysis: 100
Step length used in the analysis: 10*nthin = 1000

Convergence criteria: less than 1% variation in ACF after 20 times the integrated ACF
At least 50*ACF after convergence, 100*ACF would be ideal
Negative values: not converged yet

   sampler parameter              |    ACF   | ACF*nthin | converged at | nsteps/ACF | to 100*ACF
                                  |          |           |              |            | 
   LCdata_inst00_jitter_0         |    4.82  |      482  |    23000     |      56    |   21178 
   LCdata_inst00_lc_model_b_Tc_0  |    4.49  |      449  |    21000     |      65    |   15878 
   LCdata_inst00_lc_model_b_Tc_1  |    4.60  |      460  |    24000     |      56    |   20031 
   LCdata_inst00_lc_model_b_Tc_2  |    4.59  |      459  |    28000     |      48    |   23906 
   LCdata_inst00_lc_model_b_Tc_3  |    4.39  |      439  |    22000     |      64    |   15895 
   LCdata_inst00_lc_model_b_Tc_4  |    4.34  |      434  |    18000     |      74    |   11439 
   LCdata_inst00_lc_model_b_Tc_5  |    4.75  |      475  |    19000     |      65    |   16490 
   LCdata_inst00_lc_model_c_Tc_0  |    4.57  |      457  |    23000     |      59    |   18718 
   LCdata_inst00_lc_model_c_Tc_1  |    4.33  |      433  |    19000     |      72    |   12286 
   LCdata_inst00_lc_model_c_Tc_2  |    4.74  |      474  |    30000     |      42    |   27369 
   b_P                            |    4.12  |      412  |    19000     |      75    |   10217 
   b_R_Rs                         |    9.38  |      938  |    28000     |      23    |   71800 
   b_b                            |   10.61  |     1061  |    33000     |      16    |   89098 
   c_P                            |    4.70  |      470  |    24000     |      55    |   20961 
   c_R_Rs                         |    6.10  |      610  |    22000     |      46    |   32952 
   c_b                            |    9.57  |      957  |    31000     |      20    |   76657 
   star_parameters_density        |   10.36  |     1036  |    32000     |      17    |   85629 
   limb_darkening_ld_c1           |    4.25  |      425  |    23000     |      64    |   15500 
   limb_darkening_ld_c2           |    4.70  |      470  |    27000     |      49    |   23973 

All the chains have converged, but PyORBIT should keep running for about:
16399 more steps to reach 50*ACF,
32104 more steps to reach 100*ACF
Suggested value for burnin: 24526

 Plotting the ACF... 


====================================================================================================
     Ids, spaces (s), boundaries (b) and priors (p) of the sampler parameters     
====================================================================================================

----- dataset:  LCdata_inst00
jitter_0      id:   9  s:Linear      b:[      0.0000,       0.0500]   p:Uniform   []

----- dataset: LCdata_inst00             ----- model: lc_model_b                    
Tc_0          id:  10  s:Linear      b:[      1.9214,       2.4200]   p:Uniform   []
Tc_1          id:  11  s:Linear      b:[      6.0797,       6.5783]   p:Uniform   []
Tc_2          id:  12  s:Linear      b:[     10.2394,      10.7381]   p:Uniform   []
Tc_3          id:  13  s:Linear      b:[     14.3978,      14.8964]   p:Uniform   []
Tc_4          id:  14  s:Linear      b:[     18.5575,      19.0561]   p:Uniform   []
Tc_5          id:  15  s:Linear      b:[     22.7158,      23.2144]   p:Uniform   []

----- dataset: LCdata_inst00             ----- model: lc_model_c                    
Tc_0          id:  16  s:Linear      b:[      1.7214,       2.2200]   p:Uniform   []
Tc_1          id:  17  s:Linear      b:[     10.7506,      11.2492]   p:Uniform   []
Tc_2          id:  18  s:Linear      b:[     19.7811,      20.2797]   p:Uniform   []

----- common model:  b
P             id:   0  s:Linear      b:[      4.1550,       4.1650]   p:Gaussian   [4.159151e+00 2.000000e-05]
R_Rs          id:   1  s:Linear      b:[      0.0000,       0.5000]   p:Uniform   []
b             id:   2  s:Linear      b:[      0.0000,       2.0000]   p:Uniform   []
e             derived (no id, space, bound)                           p:None   []
omega         derived (no id, space, bound)                           p:None   []

----- common model:  c
P             id:   6  s:Linear      b:[      9.0200,       9.0400]   p:Gaussian   [9.030501e+00 2.000000e-05]
R_Rs          id:   7  s:Linear      b:[      0.0000,       0.5000]   p:Uniform   []
b             id:   8  s:Linear      b:[      0.0000,       2.0000]   p:Uniform   []
e             derived (no id, space, bound)                           p:None   []
omega         derived (no id, space, bound)                           p:None   []

----- common model:  star_parameters
density       id:   5  s:Linear      b:[      0.0000,       5.0000]   p:Gaussian   [0.7 0.1]
mass          derived (no id, space, bound)                           p:Gaussian   [1.05 0.04]
radius        derived (no id, space, bound)                           p:Gaussian   [1.15 0.04]

----- common model:  limb_darkening
ld_c1         id:   3  s:Linear      b:[      0.0000,       1.0000]   p:Gaussian   [0.5  0.05]
ld_c2         id:   4  s:Linear      b:[     -1.0000,       1.0000]   p:Gaussian   [0.1  0.05]


****************************************************************************************************
****************************************************************************************************

 Confidence intervals (median value, 34.135th percentile from the median on the left and right side)

====================================================================================================
     Statistics on the posterior of the sampler parameters     
====================================================================================================

----- dataset:  LCdata_inst00
jitter_0         9      0.000029    -0.000017     0.000022   (15-84 p)   [    0.0000,     0.0500]

----- dataset: LCdata_inst00             ----- model: lc_model_b                    
Tc_0            10       2.16992     -0.00017      0.00017   (15-84 p)   [    1.9214,     2.4200]
Tc_1            11       6.33003     -0.00018      0.00018   (15-84 p)   [    6.0797,     6.5783]
Tc_2            12      10.48917     -0.00017      0.00017   (15-84 p)   [   10.2394,    10.7381]
Tc_3            13      14.64802     -0.00017      0.00017   (15-84 p)   [   14.3978,    14.8964]
Tc_4            14      18.80620     -0.00017      0.00017   (15-84 p)   [   18.5575,    19.0561]
Tc_5            15      22.96524     -0.00018      0.00018   (15-84 p)   [   22.7158,    23.2144]

----- dataset: LCdata_inst00             ----- model: lc_model_c                    
Tc_0            16       1.96944     -0.00059      0.00058   (15-84 p)   [    1.7214,     2.2200]
Tc_1            17      11.00102     -0.00062      0.00065   (15-84 p)   [   10.7506,    11.2492]
Tc_2            18      20.03176     -0.00063      0.00065   (15-84 p)   [   19.7811,    20.2797]

----- common model:  b
P                0      4.159151    -0.000020     0.000020   (15-84 p)   [    4.1550,     4.1650]
R_Rs             1       0.09994     -0.00031      0.00042   (15-84 p)   [    0.0000,     0.5000]
b                2         0.123       -0.082        0.080   (15-84 p)   [    0.0000,     2.0000]

----- common model:  c
P                6      9.030500    -0.000020     0.000020   (15-84 p)   [    9.0200,     9.0400]
R_Rs             7       0.04992     -0.00031      0.00032   (15-84 p)   [    0.0000,     0.5000]
b                8         0.254       -0.033        0.044   (15-84 p)   [    0.0000,     2.0000]

----- common model:  star_parameters
density          5         0.721       -0.027        0.014   (15-84 p)   [    0.0000,     5.0000]

----- common model:  limb_darkening
ld_c1            3         0.493       -0.020        0.020   (15-84 p)   [    0.0000,     1.0000]
ld_c2            4         0.110       -0.038        0.038   (15-84 p)   [   -1.0000,     1.0000]

====================================================================================================
     Statistics on the model parameters obtained from the posteriors samples     
====================================================================================================

----- dataset:  LCdata_inst00
jitter_0              0.000029    -0.000017     0.000022    (15-84 p)


----- dataset: LCdata_inst00             ----- model: lc_model_b                    
Tc_0                   2.16992     -0.00017      0.00017    (15-84 p)
Tc_1                   6.33003     -0.00018      0.00018    (15-84 p)
Tc_2                  10.48917     -0.00017      0.00017    (15-84 p)
Tc_3                  14.64802     -0.00017      0.00017    (15-84 p)
Tc_4                  18.80620     -0.00017      0.00017    (15-84 p)
Tc_5                  22.96524     -0.00018      0.00018    (15-84 p)

----- dataset: LCdata_inst00             ----- model: lc_model_c                    
Tc_0                   1.96944     -0.00059      0.00058    (15-84 p)
Tc_1                  11.00102     -0.00062      0.00065    (15-84 p)
Tc_2                  20.03176     -0.00063      0.00065    (15-84 p)

----- common model:  b
P                     4.159151    -0.000020     0.000020    (15-84 p)
e                         0.00                              [fixed]
omega                90.000000                              [fixed]
R_Rs                   0.09994     -0.00031      0.00042    (15-84 p)
b                        0.123       -0.082        0.080    (15-84 p)

----- common model:  c
P                     9.030500    -0.000020     0.000020    (15-84 p)
e                         0.00                              [fixed]
omega                90.000000                              [fixed]
R_Rs                   0.04992     -0.00031      0.00032    (15-84 p)
b                        0.254       -0.033        0.044    (15-84 p)

----- common model:  star_parameters
density                  0.721       -0.027        0.014    (15-84 p)

----- common model:  limb_darkening
ld_c1                    0.493       -0.020        0.020    (15-84 p)
ld_c2                    0.110       -0.038        0.038    (15-84 p)

====================================================================================================
     Statistics on the derived parameters obtained from the posteriors samples     
====================================================================================================

----- common model:  b
a_Rs                     9.757        -0.12        0.062    (15-84 p)
i                        89.28        -0.49         0.48    (15-84 p)
R_Rj                     1.119       -0.039        0.039    (15-84 p)
R_Re                     12.54        -0.44         0.44    (15-84 p)
T_41                   0.14865     -0.00033      0.00036    (15-84 p)
T_32                   0.12109     -0.00058      0.00041    (15-84 p)
a_AU_(rho,R)            0.0521      -0.0019       0.0019    (15-84 p)

----- common model:  c
a_Rs                     16.36        -0.20         0.10    (15-84 p)
i                        89.11        -0.17         0.12    (15-84 p)
R_Rj                     0.559       -0.020        0.020    (15-84 p)
R_Re                      6.26        -0.22         0.22    (15-84 p)
T_41                   0.17925     -0.00074      0.00076    (15-84 p)
T_32                   0.16100     -0.00091      0.00090    (15-84 p)
a_AU_(rho,R)            0.0873      -0.0031       0.0031    (15-84 p)


====================================================================================================
     ------------------------------------------------------------------------------------------     
====================================================================================================



****************************************************************************************************

 Parameters corresponding to the Maximum a Posteriori probability ( 97076.5811465644 )

====================================================================================================
     Statistics on the posterior of the sampler parameters     
====================================================================================================

----- dataset:  LCdata_inst00
jitter_0         9      0.000053 [    0.0000,     0.0500]

----- dataset: LCdata_inst00             ----- model: lc_model_b                    
Tc_0            10      2.169860 [    1.9214,     2.4200]
Tc_1            11      6.330048 [    6.0797,     6.5783]
Tc_2            12     10.489168 [   10.2394,    10.7381]
Tc_3            13     14.648024 [   14.3978,    14.8964]
Tc_4            14     18.806099 [   18.5575,    19.0561]
Tc_5            15     22.965243 [   22.7158,    23.2144]

----- dataset: LCdata_inst00             ----- model: lc_model_c                    
Tc_0            16      1.969516 [    1.7214,     2.2200]
Tc_1            17     11.001015 [   10.7506,    11.2492]
Tc_2            18     20.031531 [   19.7811,    20.2797]

----- common model:  b
P                0      4.159156 [    4.1550,     4.1650]
R_Rs             1      0.100095 [    0.0000,     0.5000]
b                2      0.134141 [    0.0000,     2.0000]

----- common model:  c
P                6      9.030511 [    9.0200,     9.0400]
R_Rs             7      0.050051 [    0.0000,     0.5000]
b                8      0.266114 [    0.0000,     2.0000]

----- common model:  star_parameters
density          5      0.719259 [    0.0000,     5.0000]

----- common model:  limb_darkening
ld_c1            3      0.492723 [    0.0000,     1.0000]
ld_c2            4      0.100868 [   -1.0000,     1.0000]

====================================================================================================
     Statistics on the model parameters obtained from the posteriors samples     
====================================================================================================

----- dataset:  LCdata_inst00
jitter_0              0.000053 


----- dataset: LCdata_inst00             ----- model: lc_model_b                    
Tc_0                  2.169860 
Tc_1                  6.330048 
Tc_2                 10.489168 
Tc_3                 14.648024 
Tc_4                 18.806099 
Tc_5                 22.965243 

----- dataset: LCdata_inst00             ----- model: lc_model_c                    
Tc_0                  1.969516 
Tc_1                 11.001015 
Tc_2                 20.031531 

----- common model:  b
P                     4.159156 
e                         0.00 
omega                90.000000 
R_Rs                  0.100095 
b                     0.134141 

----- common model:  c
P                     9.030511 
e                         0.00 
omega                90.000000 
R_Rs                  0.050051 
b                     0.266114 

----- common model:  star_parameters
density               0.719259 

----- common model:  limb_darkening
ld_c1                 0.492723 
ld_c2                 0.100868 

====================================================================================================
     Statistics on the derived parameters obtained from the posteriors samples     
====================================================================================================

----- common model:  b
a_Rs                  9.747232 
i                    89.211475 
R_Rj                  1.173880 
R_Re                 13.157922 
T_41                  0.148630 
T_32                  0.121043 
a_AU_(rho,R)          0.054629 

----- common model:  c
a_Rs                 16.343787 
i                    89.067052 
R_Rj                  0.583644 
R_Re                  6.542016 
T_41                  0.178790 
T_32                  0.160489 
a_AU_(rho,R)          0.091078 


====================================================================================================
     ------------------------------------------------------------------------------------------     
====================================================================================================



****************************************************************************************************

 Parameters corresponding to the sample closest to the median values ( 97075.54648559554 )

====================================================================================================
     Statistics on the posterior of the sampler parameters     
====================================================================================================

----- dataset:  LCdata_inst00
jitter_0         9      0.000029 [    0.0000,     0.0500]

----- dataset: LCdata_inst00             ----- model: lc_model_b                    
Tc_0            10      2.169862 [    1.9214,     2.4200]
Tc_1            11      6.330043 [    6.0797,     6.5783]
Tc_2            12     10.489146 [   10.2394,    10.7381]
Tc_3            13     14.648072 [   14.3978,    14.8964]
Tc_4            14     18.806250 [   18.5575,    19.0561]
Tc_5            15     22.965335 [   22.7158,    23.2144]

----- dataset: LCdata_inst00             ----- model: lc_model_c                    
Tc_0            16      1.969702 [    1.7214,     2.2200]
Tc_1            17     11.000943 [   10.7506,    11.2492]
Tc_2            18     20.031566 [   19.7811,    20.2797]

----- common model:  b
P                0      4.159161 [    4.1550,     4.1650]
R_Rs             1      0.099896 [    0.0000,     0.5000]
b                2      0.121823 [    0.0000,     2.0000]

----- common model:  c
P                6      9.030492 [    9.0200,     9.0400]
R_Rs             7      0.050020 [    0.0000,     0.5000]
b                8      0.253216 [    0.0000,     2.0000]

----- common model:  star_parameters
density          5      0.721241 [    0.0000,     5.0000]

----- common model:  limb_darkening
ld_c1            3      0.505161 [    0.0000,     1.0000]
ld_c2            4      0.112607 [   -1.0000,     1.0000]

====================================================================================================
     Statistics on the model parameters obtained from the posteriors samples     
====================================================================================================

----- dataset:  LCdata_inst00
jitter_0              0.000029 


----- dataset: LCdata_inst00             ----- model: lc_model_b                    
Tc_0                  2.169862 
Tc_1                  6.330043 
Tc_2                 10.489146 
Tc_3                 14.648072 
Tc_4                 18.806250 
Tc_5                 22.965335 

----- dataset: LCdata_inst00             ----- model: lc_model_c                    
Tc_0                  1.969702 
Tc_1                 11.000943 
Tc_2                 20.031566 

----- common model:  b
P                     4.159161 
e                         0.00 
omega                90.000000 
R_Rs                  0.099896 
b                     0.121823 

----- common model:  c
P                     9.030492 
e                         0.00 
omega                90.000000 
R_Rs                  0.050020 
b                     0.253216 

----- common model:  star_parameters
density               0.721241 

----- common model:  limb_darkening
ld_c1                 0.505161 
ld_c2                 0.112607 

====================================================================================================
     Statistics on the derived parameters obtained from the posteriors samples     
====================================================================================================

----- common model:  b
a_Rs                  9.756184 
i                    89.284542 
R_Rj                  1.086061 
R_Re                 12.173562 
T_41                  0.148660 
T_32                  0.121198 
a_AU_(rho,R)          0.050689 

----- common model:  c
a_Rs                 16.358763 
i                    89.113089 
R_Rj                  0.548308 
R_Re                  6.145935 
T_41                  0.179197 
T_32                  0.160991 
a_AU_(rho,R)          0.085697 


====================================================================================================
     ------------------------------------------------------------------------------------------     
====================================================================================================



****************************************************************************************************

Note: priors on stellar mass and radius provided independently from the measured density, no check for consistency is performed

 Plot FLAT chain 

****************************************************************************************************

Plotting full_correlation plot with pygtc

****************************************************************************************************

 Plotting the chains... 

****************************************************************************************************

 Plotting the Gelman-Rubin traces... 

     Gelman-Rubin:     9     1.004020 LCdata_inst00_jitter_0 
     Gelman-Rubin:    10     1.004032 LCdata_inst00_lc_model_b_Tc_0 
     Gelman-Rubin:    11     1.004132 LCdata_inst00_lc_model_b_Tc_1 
     Gelman-Rubin:    12     1.004778 LCdata_inst00_lc_model_b_Tc_2 
     Gelman-Rubin:    13     1.004240 LCdata_inst00_lc_model_b_Tc_3 
     Gelman-Rubin:    14     1.004131 LCdata_inst00_lc_model_b_Tc_4 
     Gelman-Rubin:    15     1.004832 LCdata_inst00_lc_model_b_Tc_5 
     Gelman-Rubin:    16     1.003899 LCdata_inst00_lc_model_c_Tc_0 
     Gelman-Rubin:    17     1.002372 LCdata_inst00_lc_model_c_Tc_1 
     Gelman-Rubin:    18     1.003439 LCdata_inst00_lc_model_c_Tc_2 
     Gelman-Rubin:     0     1.003211 b_P 
     Gelman-Rubin:     1     1.011398 b_R_Rs 
     Gelman-Rubin:     2     1.012645 b_b 
     Gelman-Rubin:     6     1.005540 c_P 
     Gelman-Rubin:     7     1.006598 c_R_Rs 
     Gelman-Rubin:     8     1.012188 c_b 
     Gelman-Rubin:     5     1.013608 star_parameters_density 
     Gelman-Rubin:     3     1.003687 limb_darkening_ld_c1 
     Gelman-Rubin:     4     1.003755 limb_darkening_ld_c2 

****************************************************************************************************

 Plotting the common models corner plots
     Common model:  b
     Common model:  c
     Common model:  star_parameters
     Common model:  limb_darkening

****************************************************************************************************

 Dataset + models corner plots 

     Dataset:  LCdata_inst00     model:  lc_model_b  corner plot  starting 
     Dataset:  LCdata_inst00     model:  lc_model_b  corner plot  done 
     Dataset:  LCdata_inst00     model:  lc_model_c  corner plot  starting 
     Dataset:  LCdata_inst00     model:  lc_model_c  corner plot  done 

****************************************************************************************************

 Saving the planet parameter samplings to files (with plots)

****************************************************************************************************

 Saving all the parameter samplings to files (with plots)

****************************************************************************************************

 Computing the models for plot/data writing 
 Writing the plots 
 Writing the   data files 
 Writing the  MAP_ data files 
 Writing the  sampleMED_ data files 

****************************************************************************************************

