
PyORBIT v10.6.0

Python version in use:
3.10.14 (main, May  6 2024, 19:42:50) [GCC 11.2.0]
 LaTeX disabled by default
Using orbital model:  circular
Using orbital parametrization:  Eastman2013
Time of inferior conjunction replacing mean longitude as a free parameter:  True
List of times of inferior conjuctions:  tclist_transits/WASP47_simulated_planetb_tclist.dat

Using limb darkening coefficient parametrization:  Standard
Shared transit-specific time of transits (i.e., TTVs):  True

emcee version:  3.1.6

 Reference Time Tref: 0.0

 Dimensions = 17
 Nwalkers = 68

 Steps: 50000


 LN posterior: 194114.260272      -3.129439     2.354217 (15-84 p) 

 Median log_priors     = 27.4884282420771
 Median log_likelihood = 194093.90645427775

 Median BIC  (using likelihood) = -388011.79291594133
 Median AIC  (using likelihood) = -388153.8129085555
 Median AICc (using likelihood) = -388153.7933982265

 Median BIC  (using posterior)  = -388066.76977242547
 Median AIC  (using posterior)  = -388208.78976503963
 Median AICc (using posterior)  = -388208.77025471063

 MAP log_priors     = 27.10586134502517
 MAP log_likelihood = 194093.29293422576

 MAP BIC  (using likelihood) = -388010.56587583735
 MAP AIC  (using likelihood) = -388152.5858684515
 MAP AICc (using likelihood) = -388152.5663581225

 MAP BIC  (using posterior)  = -388064.7775985274
 MAP AIC  (using posterior)  = -388206.79759114154
 MAP AICc (using posterior)  = -388206.77808081254

 AIC suggested over AICs because NDATA ( 31386 ) > 40 * NDIM ( 17 )

****************************************************************************************************


Computing the autocorrelation time of the chains

The chains are more than 50 times longer than the ACF, the estimate can be trusted

Reference thinning used in the analysis: 100
Step length used in the analysis: 9*nthin = 900

Convergence criteria: less than 1% variation in ACF after 50 times the integrated ACF
At least 50*ACF after convergence, 100*ACF would be ideal
Negative values: not converged yet

   sampler parameter              |    ACF   | ACF*nthin | converged at | nsteps/ACF | to 100*ACF
                                  |          |           |              |            | 
   LCdata_inst00_jitter_0         |    4.23  |      423  |    26100     |      57    |   18373 
   LCdata_inst01_jitter_0         |    4.77  |      477  |    32400     |      37    |   30143 
   b_P                            |    4.28  |      428  |    27000     |      54    |   19789 
   b_R_Rs                         |    8.18  |      818  |    46800     |       4    |   78579 
   b_b                            |    9.63  |      963  |       -1     |      -1    |   97284 
   b_Tc_0                         |    4.25  |      425  |    30600     |      46    |   23135 
   b_Tc_1                         |    4.10  |      410  |    25200     |      61    |   16192 
   b_Tc_2                         |    4.15  |      415  |    28800     |      51    |   20262 
   b_Tc_3                         |    4.23  |      423  |    26100     |      57    |   18358 
   b_Tc_4                         |    4.22  |      422  |    26100     |      57    |   18311 
   b_Tc_5                         |    4.44  |      444  |    31500     |      42    |   25906 
   b_Tc_6                         |    4.47  |      447  |    29700     |      45    |   24448 
   b_Tc_7                         |    4.40  |      440  |    28800     |      48    |   22831 
   b_Tc_8                         |    4.32  |      432  |    27000     |      53    |   20164 
   star_parameters_density        |    9.47  |      947  |       -1     |      -1    |   95616 
   limb_darkening_ld_c1           |    4.73  |      473  |    30600     |      41    |   27857 
   limb_darkening_ld_c2           |    5.10  |      510  |    31500     |      36    |   32535 

     2 chains have not converged yet, keep going 

 Plotting the ACF... 


====================================================================================================
     Ids, spaces (s), boundaries (b) and priors (p) of the sampler parameters     
====================================================================================================

----- dataset:  LCdata_inst00
jitter_0      id:  15  s:Linear      b:[      0.0000,       0.0500]   p:Uniform   []

----- dataset:  LCdata_inst01
jitter_0      id:  16  s:Linear      b:[      0.0000,       0.0500]   p:Uniform   []

----- common model:  b
P             id:   0  s:Linear      b:[      4.1550,       4.1650]   p:Gaussian   [4.159151e+00 2.000000e-05]
R_Rs          id:   1  s:Linear      b:[      0.0000,       0.5000]   p:Uniform   []
b             id:   2  s:Linear      b:[      0.0000,       2.0000]   p:Uniform   []
Tc_0          id:   3  s:Linear      b:[      1.9214,       2.4186]   p:Uniform   []
Tc_1          id:   4  s:Linear      b:[      6.0797,       6.5783]   p:Uniform   []
Tc_2          id:   5  s:Linear      b:[     10.2394,      10.7381]   p:Uniform   []
Tc_3          id:   6  s:Linear      b:[     14.3988,      14.8961]   p:Uniform   []
Tc_4          id:   7  s:Linear      b:[     18.5572,      19.0558]   p:Uniform   []
Tc_5          id:   8  s:Linear      b:[     22.7169,      23.2155]   p:Uniform   []
Tc_6          id:   9  s:Linear      b:[     26.8752,      27.3738]   p:Uniform   []
Tc_7          id:  10  s:Linear      b:[     31.0350,      31.5336]   p:Uniform   []
Tc_8          id:  11  s:Linear      b:[     35.1933,      35.6919]   p:Uniform   []
e             derived (no id, space, bound)                           p:None   []
omega         derived (no id, space, bound)                           p:None   []

----- common model:  star_parameters
density       id:  14  s:Linear      b:[      0.0000,       5.0000]   p:Gaussian   [0.7 0.1]
mass          derived (no id, space, bound)                           p:Gaussian   [1.05 0.04]
radius        derived (no id, space, bound)                           p:Gaussian   [1.15 0.04]

----- common model:  limb_darkening
ld_c1         id:  12  s:Linear      b:[      0.0000,       1.0000]   p:Gaussian   [0.5  0.05]
ld_c2         id:  13  s:Linear      b:[     -1.0000,       1.0000]   p:Gaussian   [0.1  0.05]


****************************************************************************************************
****************************************************************************************************

 Confidence intervals (median value, 34.135th percentile from the median on the left and right side)

====================================================================================================
     Statistics on the posterior of the sampler parameters     
====================================================================================================

----- dataset:  LCdata_inst00
jitter_0        15      0.000032    -0.000019     0.000023   (15-84 p)   [    0.0000,     0.0500]

----- dataset:  LCdata_inst01
jitter_0        16      0.000026    -0.000014     0.000020   (15-84 p)   [    0.0000,     0.0500]

----- common model:  b
P                0      4.159150    -0.000020     0.000021   (15-84 p)   [    4.1550,     4.1650]
R_Rs             1       0.10009     -0.00021      0.00027   (15-84 p)   [    0.0000,     0.5000]
b                2         0.097       -0.064        0.064   (15-84 p)   [    0.0000,     2.0000]
Tc_0             3       2.16998     -0.00016      0.00017   (15-84 p)   [    1.9214,     2.4186]
Tc_1             4       6.32963     -0.00018      0.00017   (15-84 p)   [    6.0797,     6.5783]
Tc_2             5      10.48921     -0.00016      0.00017   (15-84 p)   [   10.2394,    10.7381]
Tc_3             6      14.64795     -0.00012      0.00012   (15-84 p)   [   14.3988,    14.8961]
Tc_4             7      18.80582     -0.00012      0.00012   (15-84 p)   [   18.5572,    19.0558]
Tc_5             8      22.96493     -0.00012      0.00012   (15-84 p)   [   22.7169,    23.2155]
Tc_6             9      27.12313     -0.00017      0.00017   (15-84 p)   [   26.8752,    27.3738]
Tc_7            10      31.28323     -0.00017      0.00017   (15-84 p)   [   31.0350,    31.5336]
Tc_8            11      35.44296     -0.00017      0.00017   (15-84 p)   [   35.1933,    35.6919]

----- common model:  star_parameters
density         14        0.7352       -0.017       0.0088   (15-84 p)   [    0.0000,     5.0000]

----- common model:  limb_darkening
ld_c1           12         0.474       -0.017        0.017   (15-84 p)   [    0.0000,     1.0000]
ld_c2           13         0.107       -0.034        0.034   (15-84 p)   [   -1.0000,     1.0000]

====================================================================================================
     Statistics on the model parameters obtained from the posteriors samples     
====================================================================================================

----- dataset:  LCdata_inst00
jitter_0              0.000032    -0.000019     0.000023    (15-84 p)


----- dataset:  LCdata_inst01
jitter_0              0.000026    -0.000014     0.000020    (15-84 p)


----- common model:  b
P                     4.159150    -0.000020     0.000021    (15-84 p)
e                         0.00                              [fixed]
omega                90.000000                              [fixed]
R_Rs                   0.10009     -0.00021      0.00027    (15-84 p)
b                        0.097       -0.064        0.064    (15-84 p)
Tc_0                   2.16998     -0.00016      0.00017    (15-84 p)
Tc_1                   6.32963     -0.00018      0.00017    (15-84 p)
Tc_2                  10.48921     -0.00016      0.00017    (15-84 p)
Tc_3                  14.64795     -0.00012      0.00012    (15-84 p)
Tc_4                  18.80582     -0.00012      0.00012    (15-84 p)
Tc_5                  22.96493     -0.00012      0.00012    (15-84 p)
Tc_6                  27.12313     -0.00017      0.00017    (15-84 p)
Tc_7                  31.28323     -0.00017      0.00017    (15-84 p)
Tc_8                  35.44296     -0.00017      0.00017    (15-84 p)

----- common model:  star_parameters
density                 0.7352       -0.017       0.0088    (15-84 p)

----- common model:  limb_darkening
ld_c1                    0.474       -0.017        0.017    (15-84 p)
ld_c2                    0.107       -0.034        0.034    (15-84 p)

====================================================================================================
     Statistics on the derived parameters obtained from the posteriors samples     
====================================================================================================

----- common model:  b
a_Rs                     9.819       -0.075        0.039    (15-84 p)
i                        89.43        -0.38         0.37    (15-84 p)
R_Rj                     1.121       -0.038        0.038    (15-84 p)
R_Re                     12.56        -0.43         0.42    (15-84 p)
T_41                   0.14807     -0.00023      0.00025    (15-84 p)
T_32                   0.12076     -0.00038      0.00028    (15-84 p)
a_AU_(rho,R)            0.0524      -0.0018       0.0018    (15-84 p)


====================================================================================================
     ------------------------------------------------------------------------------------------     
====================================================================================================



****************************************************************************************************

 Parameters corresponding to the Maximum a Posteriori probability ( 194120.39879557077 )

====================================================================================================
     Statistics on the posterior of the sampler parameters     
====================================================================================================

----- dataset:  LCdata_inst00
jitter_0        15      0.000020 [    0.0000,     0.0500]

----- dataset:  LCdata_inst01
jitter_0        16      0.000014 [    0.0000,     0.0500]

----- common model:  b
P                0      4.159160 [    4.1550,     4.1650]
R_Rs             1      0.100158 [    0.0000,     0.5000]
b                2      0.101044 [    0.0000,     2.0000]
Tc_0             3      2.169961 [    1.9214,     2.4186]
Tc_1             4      6.329647 [    6.0797,     6.5783]
Tc_2             5     10.489336 [   10.2394,    10.7381]
Tc_3             6     14.647998 [   14.3988,    14.8961]
Tc_4             7     18.805901 [   18.5572,    19.0558]
Tc_5             8     22.964937 [   22.7169,    23.2155]
Tc_6             9     27.123164 [   26.8752,    27.3738]
Tc_7            10     31.283201 [   31.0350,    31.5336]
Tc_8            11     35.442988 [   35.1933,    35.6919]

----- common model:  star_parameters
density         14      0.735089 [    0.0000,     5.0000]

----- common model:  limb_darkening
ld_c1           12      0.459992 [    0.0000,     1.0000]
ld_c2           13      0.122710 [   -1.0000,     1.0000]

====================================================================================================
     Statistics on the model parameters obtained from the posteriors samples     
====================================================================================================

----- dataset:  LCdata_inst00
jitter_0              0.000020 


----- dataset:  LCdata_inst01
jitter_0              0.000014 


----- common model:  b
P                     4.159160 
e                         0.00 
omega                90.000000 
R_Rs                  0.100158 
b                     0.101044 
Tc_0                  2.169961 
Tc_1                  6.329647 
Tc_2                 10.489336 
Tc_3                 14.647998 
Tc_4                 18.805901 
Tc_5                 22.964937 
Tc_6                 27.123164 
Tc_7                 31.283201 
Tc_8                 35.442988 

----- common model:  star_parameters
density               0.735089 

----- common model:  limb_darkening
ld_c1                 0.459992 
ld_c2                 0.122710 

====================================================================================================
     Statistics on the derived parameters obtained from the posteriors samples     
====================================================================================================

----- common model:  b
a_Rs                  9.818227 
i                    89.410332 
R_Rj                  1.039176 
R_Re                 11.648038 
T_41                  0.148036 
T_32                  0.120742 
a_AU_(rho,R)          0.048682 


====================================================================================================
     ------------------------------------------------------------------------------------------     
====================================================================================================



****************************************************************************************************

 Parameters corresponding to the sample closest to the median values ( 194119.68410631808 )

====================================================================================================
     Statistics on the posterior of the sampler parameters     
====================================================================================================

----- dataset:  LCdata_inst00
jitter_0        15      0.000042 [    0.0000,     0.0500]

----- dataset:  LCdata_inst01
jitter_0        16      0.000020 [    0.0000,     0.0500]

----- common model:  b
P                0      4.159146 [    4.1550,     4.1650]
R_Rs             1      0.099926 [    0.0000,     0.5000]
b                2      0.083219 [    0.0000,     2.0000]
Tc_0             3      2.169894 [    1.9214,     2.4186]
Tc_1             4      6.329679 [    6.0797,     6.5783]
Tc_2             5     10.489248 [   10.2394,    10.7381]
Tc_3             6     14.647922 [   14.3988,    14.8961]
Tc_4             7     18.805914 [   18.5572,    19.0558]
Tc_5             8     22.964886 [   22.7169,    23.2155]
Tc_6             9     27.123184 [   26.8752,    27.3738]
Tc_7            10     31.283358 [   31.0350,    31.5336]
Tc_8            11     35.443024 [   35.1933,    35.6919]

----- common model:  star_parameters
density         14      0.737262 [    0.0000,     5.0000]

----- common model:  limb_darkening
ld_c1           12      0.481515 [    0.0000,     1.0000]
ld_c2           13      0.099387 [   -1.0000,     1.0000]

====================================================================================================
     Statistics on the model parameters obtained from the posteriors samples     
====================================================================================================

----- dataset:  LCdata_inst00
jitter_0              0.000042 


----- dataset:  LCdata_inst01
jitter_0              0.000020 


----- common model:  b
P                     4.159146 
e                         0.00 
omega                90.000000 
R_Rs                  0.099926 
b                     0.083219 
Tc_0                  2.169894 
Tc_1                  6.329679 
Tc_2                 10.489248 
Tc_3                 14.647922 
Tc_4                 18.805914 
Tc_5                 22.964886 
Tc_6                 27.123184 
Tc_7                 31.283358 
Tc_8                 35.443024 

----- common model:  star_parameters
density               0.737262 

----- common model:  limb_darkening
ld_c1                 0.481515 
ld_c2                 0.099387 

====================================================================================================
     Statistics on the derived parameters obtained from the posteriors samples     
====================================================================================================

----- common model:  b
a_Rs                  9.827870 
i                    89.514836 
R_Rj                  1.132268 
R_Re                 12.691500 
T_41                  0.148058 
T_32                  0.120901 
a_AU_(rho,R)          0.053219 


====================================================================================================
     ------------------------------------------------------------------------------------------     
====================================================================================================



****************************************************************************************************

Note: priors on stellar mass and radius provided independently from the measured density, no check for consistency is performed

 Plot FLAT chain 

****************************************************************************************************

Plotting full_correlation plot with pygtc

****************************************************************************************************

 Plotting the chains... 

****************************************************************************************************

 Plotting the Gelman-Rubin traces... 

     Gelman-Rubin:    15     1.004768 LCdata_inst00_jitter_0 
     Gelman-Rubin:    16     1.004989 LCdata_inst01_jitter_0 
     Gelman-Rubin:     0     1.003231 b_P 
     Gelman-Rubin:     1     1.012202 b_R_Rs 
     Gelman-Rubin:     2     1.015768 b_b 
     Gelman-Rubin:     3     1.003603 b_Tc_0 
     Gelman-Rubin:     4     1.003930 b_Tc_1 
     Gelman-Rubin:     5     1.003976 b_Tc_2 
     Gelman-Rubin:     6     1.004078 b_Tc_3 
     Gelman-Rubin:     7     1.005581 b_Tc_4 
     Gelman-Rubin:     8     1.003122 b_Tc_5 
     Gelman-Rubin:     9     1.002136 b_Tc_6 
     Gelman-Rubin:    10     1.002378 b_Tc_7 
     Gelman-Rubin:    11     1.004521 b_Tc_8 
     Gelman-Rubin:    14     1.015271 star_parameters_density 
     Gelman-Rubin:    12     1.002776 limb_darkening_ld_c1 
     Gelman-Rubin:    13     1.002984 limb_darkening_ld_c2 

****************************************************************************************************

 Plotting the common models corner plots
     Common model:  b
     Common model:  star_parameters
     Common model:  limb_darkening

****************************************************************************************************

 Dataset + models corner plots 

     Dataset:  LCdata_inst00     model:  lc_model_b  corner plot  starting 
     Dataset:  LCdata_inst00     model:  lc_model_b  corner plot  done 
     Dataset:  LCdata_inst01     model:  lc_model_b  corner plot  starting 
     Dataset:  LCdata_inst01     model:  lc_model_b  corner plot  done 

****************************************************************************************************

 Saving the planet parameter samplings to files (with plots)

****************************************************************************************************

 Saving all the parameter samplings to files (with plots)

****************************************************************************************************

 Computing the models for plot/data writing 
 Writing the plots 
 Writing the   data files 
 Writing the  MAP_ data files 
 Writing the  sampleMED_ data files 

****************************************************************************************************

