
PyORBIT v10.6.0

Python version in use:
3.10.14 (main, May  6 2024, 19:42:50) [GCC 11.2.0]

reloaded_optimize:  False
reloaded_pyde:  True
reloaded_emcee:  True

number of multiprocessing threads: 16
multiprocessing method (should be fork):  fork

parameters/safe_reload flag (must be True for tinygp):  False

Requested steps: 50000
Completed: 50000
Total: 50000
Using orbital model:  circular
Using orbital parametrization:  Eastman2013
Time of inferior conjunction replacing mean longitude as a free parameter:  True
List of times of inferior conjuctions:  twoplanets_transits/WASP47_simulated_planetb_tclist.dat

Using orbital model:  circular
Using orbital parametrization:  Eastman2013
Time of inferior conjunction replacing mean longitude as a free parameter:  True
List of times of inferior conjuctions:  twoplanets_transits/WASP47_simulated_planetc_tclist.dat

Using limb darkening coefficient parametrization:  Standard
Using RoadRunner Model from PyTransit
Using RoadRunner Model from PyTransit

====================================================================================================
     Ids, spaces (s), boundaries (b) and priors (p) of the sampler parameters     
====================================================================================================

----- dataset:  LCdata_inst00
jitter_0      id:   9  s:Linear      b:[      0.0000,       0.0500]   p:Uniform   []

----- dataset: LCdata_inst00             ----- model: lc_model_b                    
Tc_0          id:  10  s:Linear      b:[      1.9214,       2.4186]   p:Uniform   []
Tc_1          id:  11  s:Linear      b:[      6.0797,       6.5783]   p:Uniform   []
Tc_2          id:  12  s:Linear      b:[     10.2394,      10.7381]   p:Uniform   []
Tc_3          id:  13  s:Linear      b:[     14.3978,      14.8964]   p:Uniform   []
Tc_4          id:  14  s:Linear      b:[     18.5575,      19.0561]   p:Uniform   []
Tc_5          id:  15  s:Linear      b:[     22.7158,      23.2144]   p:Uniform   []

----- dataset: LCdata_inst00             ----- model: lc_model_c                    
Tc_3          id:  16  s:Linear      b:[      1.7214,       2.2186]   p:Uniform   []
Tc_4          id:  17  s:Linear      b:[     10.7506,      11.2492]   p:Uniform   []
Tc_5          id:  18  s:Linear      b:[     19.7811,      20.2797]   p:Uniform   []

----- common model:  b
P             id:   0  s:Linear      b:[      4.1550,       4.1650]   p:Gaussian   [4.159151e+00 2.000000e-05]
R_Rs          id:   1  s:Linear      b:[      0.0000,       0.5000]   p:Uniform   []
b             id:   2  s:Linear      b:[      0.0000,       2.0000]   p:Uniform   []
e             derived (no id, space, bound)                           p:None   []
omega         derived (no id, space, bound)                           p:None   []

----- common model:  c
P             id:   6  s:Linear      b:[      9.0200,       9.0400]   p:Gaussian   [9.030501e+00 2.000000e-05]
R_Rs          id:   7  s:Linear      b:[      0.0000,       0.5000]   p:Uniform   []
b             id:   8  s:Linear      b:[      0.0000,       2.0000]   p:Uniform   []
e             derived (no id, space, bound)                           p:None   []
omega         derived (no id, space, bound)                           p:None   []

----- common model:  star_parameters
density       id:   5  s:Linear      b:[      0.0000,       5.0000]   p:Gaussian   [0.7 0.1]
mass          derived (no id, space, bound)                           p:Gaussian   [1.05 0.04]
radius        derived (no id, space, bound)                           p:Gaussian   [1.15 0.04]

----- common model:  limb_darkening
ld_c1         id:   3  s:Linear      b:[      0.0000,       1.0000]   p:Gaussian   [0.5  0.05]
ld_c2         id:   4  s:Linear      b:[     -1.0000,       1.0000]   p:Gaussian   [0.1  0.05]


Computing the autocorrelation time of the chains

***** WARNING ******
The integrated autocorrelation time cannot be reliably estimated
likely the chains are too short, and ACF analysis is not fully reliable
emcee.autocorr.integrated_time tolerance lowered to 20
If you still get a warning, you should drop these results entirely

Reference thinning used in the analysis: 100
Step length used in the analysis: 10*nthin = 1000

Convergence criteria: less than 1% variation in ACF after 20 times the integrated ACF
At least 50*ACF after convergence, 100*ACF would be ideal
Negative values: not converged yet

   sampler parameter              |    ACF   | ACF*nthin | converged at | nsteps/ACF | to 100*ACF
                                  |          |           |              |            | 
   LCdata_inst00_jitter_0         |    5.00  |      500  |    30000     |      40    |   30031 
   LCdata_inst00_lc_model_b_Tc_0  |    4.69  |      469  |    27000     |      49    |   23945 
   LCdata_inst00_lc_model_b_Tc_1  |    4.44  |      444  |    23000     |      61    |   17440 
   LCdata_inst00_lc_model_b_Tc_2  |    4.37  |      437  |    23000     |      62    |   16716 
   LCdata_inst00_lc_model_b_Tc_3  |    4.72  |      472  |    27000     |      49    |   24163 
   LCdata_inst00_lc_model_b_Tc_4  |    4.45  |      445  |    22000     |      63    |   16532 
   LCdata_inst00_lc_model_b_Tc_5  |    4.62  |      462  |    21000     |      63    |   17220 
   LCdata_inst00_lc_model_c_Tc_3  |    4.94  |      494  |    23000     |      55    |   22374 
   LCdata_inst00_lc_model_c_Tc_4  |    4.58  |      458  |    26000     |      52    |   21783 
   LCdata_inst00_lc_model_c_Tc_5  |    4.16  |      416  |    27000     |      55    |   18577 
   b_P                            |    4.47  |      447  |    24000     |      58    |   18676 
   b_R_Rs                         |    9.19  |      919  |    36000     |      15    |   77886 
   b_b                            |   10.53  |     1053  |    30000     |      19    |   85322 
   c_P                            |    4.54  |      454  |    20000     |      66    |   15371 
   c_R_Rs                         |    6.01  |      601  |    21000     |      48    |   31131 
   c_b                            |    9.39  |      939  |    34000     |      17    |   77915 
   star_parameters_density        |   10.06  |     1006  |    39000     |      11    |   89620 
   limb_darkening_ld_c1           |    4.69  |      469  |    25000     |      53    |   21850 
   limb_darkening_ld_c2           |    4.91  |      491  |    23000     |      55    |   22089 

All the chains have converged, but PyORBIT should keep running for about:
17751 more steps to reach 50*ACF,
34139 more steps to reach 100*ACF
Suggested value for burnin: 26368

Reference Time Tref:  0.0

Dimensions =  19
Nwalkers =  76
Steps =  50000

Original starting point of emcee:

====================================================================================================
     Starting point of the sample/optimization routines    
====================================================================================================

----- dataset:  LCdata_inst00
jitter_0         9      0.000006 [    0.0000,     0.0500]

----- dataset: LCdata_inst00             ----- model: lc_model_b                    
Tc_0            10      2.169911 [    1.9214,     2.4186]
Tc_1            11      6.330032 [    6.0797,     6.5783]
Tc_2            12     10.489162 [   10.2394,    10.7381]
Tc_3            13     14.648020 [   14.3978,    14.8964]
Tc_4            14     18.806201 [   18.5575,    19.0561]
Tc_5            15     22.965238 [   22.7158,    23.2144]

----- dataset: LCdata_inst00             ----- model: lc_model_c                    
Tc_3            16      1.969451 [    1.7214,     2.2186]
Tc_4            17     11.000995 [   10.7506,    11.2492]
Tc_5            18     20.031778 [   19.7811,    20.2797]

----- common model:  b
P                0      4.159151 [    4.1550,     4.1650]
R_Rs             1      0.100160 [    0.0000,     0.5000]
b                2      0.175057 [    0.0000,     2.0000]

----- common model:  c
P                6      9.030501 [    9.0200,     9.0400]
R_Rs             7      0.050026 [    0.0000,     0.5000]
b                8      0.280358 [    0.0000,     2.0000]

----- common model:  star_parameters
density          5      0.706458 [    0.0000,     5.0000]

----- common model:  limb_darkening
ld_c1            3      0.494248 [    0.0000,     1.0000]
ld_c2            4      0.105133 [   -1.0000,     1.0000]

====================================================================================================
     Starting point projected onto the model parameter space     
====================================================================================================

----- dataset:  LCdata_inst00
jitter_0              0.000006 


----- dataset: LCdata_inst00             ----- model: lc_model_b                    
Tc_0                  2.169911 
Tc_1                  6.330032 
Tc_2                 10.489162 
Tc_3                 14.648020 
Tc_4                 18.806201 
Tc_5                 22.965238 

----- dataset: LCdata_inst00             ----- model: lc_model_c                    
Tc_3                  1.969451 
Tc_4                 11.000995 
Tc_5                 20.031778 

----- common model:  b
P                     4.159151 
e                         0.00 
omega                90.000000 
R_Rs                  0.100160 
b                     0.175057 

----- common model:  c
P                     9.030501 
e                         0.00 
omega                90.000000 
R_Rs                  0.050026 
b                     0.280358 

----- common model:  star_parameters
density               0.706458 

----- common model:  limb_darkening
ld_c1                 0.494248 
ld_c2                 0.105133 

====================================================================================================
     Derived parameters obtained from starting point     
====================================================================================================

----- common model:  b
a_Rs                  9.689052 
i                    88.964753 
R_Rj                  1.081991 
R_Re                 12.127944 
T_41                  0.148746 
T_32                  0.120791 
a_AU_(rho,R)          0.050020 

----- common model:  c
a_Rs                 16.246236 
i                    89.011209 
R_Rj                  0.571173 
R_Re                  6.402228 
T_41                  0.179183 
T_32                  0.160703 
a_AU_(rho,R)          0.088645 


====================================================================================================
     Statistics on the log-likelihood     
====================================================================================================

 LN probability: 97078.638668 

====================================================================================================
     ------------------------------------------------------------------------------------------     
====================================================================================================


emcee results:

====================================================================================================
     Statistics on the posterior of the sampler parameters     
====================================================================================================

----- dataset:  LCdata_inst00
jitter_0         9      0.000029    -0.000016     0.000022   (15-84 p)   [    0.0000,     0.0500]

----- dataset: LCdata_inst00             ----- model: lc_model_b                    
Tc_0            10       2.16992     -0.00017      0.00017   (15-84 p)   [    1.9214,     2.4186]
Tc_1            11       6.33003     -0.00017      0.00018   (15-84 p)   [    6.0797,     6.5783]
Tc_2            12      10.48916     -0.00017      0.00017   (15-84 p)   [   10.2394,    10.7381]
Tc_3            13      14.64802     -0.00018      0.00018   (15-84 p)   [   14.3978,    14.8964]
Tc_4            14      18.80621     -0.00018      0.00017   (15-84 p)   [   18.5575,    19.0561]
Tc_5            15      22.96524     -0.00018      0.00018   (15-84 p)   [   22.7158,    23.2144]

----- dataset: LCdata_inst00             ----- model: lc_model_c                    
Tc_3            16       1.96945     -0.00058      0.00058   (15-84 p)   [    1.7214,     2.2186]
Tc_4            17      11.00103     -0.00063      0.00064   (15-84 p)   [   10.7506,    11.2492]
Tc_5            18      20.03177     -0.00063      0.00063   (15-84 p)   [   19.7811,    20.2797]

----- common model:  b
P                0      4.159151    -0.000020     0.000020   (15-84 p)   [    4.1550,     4.1650]
R_Rs             1       0.09997     -0.00031      0.00042   (15-84 p)   [    0.0000,     0.5000]
b                2         0.131       -0.084        0.076   (15-84 p)   [    0.0000,     2.0000]

----- common model:  c
P                6      9.030501    -0.000020     0.000020   (15-84 p)   [    9.0200,     9.0400]
R_Rs             7       0.04994     -0.00032      0.00032   (15-84 p)   [    0.0000,     0.5000]
b                8         0.257       -0.034        0.043   (15-84 p)   [    0.0000,     2.0000]

----- common model:  star_parameters
density          5         0.720       -0.026        0.015   (15-84 p)   [    0.0000,     5.0000]

----- common model:  limb_darkening
ld_c1            3         0.494       -0.020        0.020   (15-84 p)   [    0.0000,     1.0000]
ld_c2            4         0.110       -0.039        0.039   (15-84 p)   [   -1.0000,     1.0000]

====================================================================================================
     Statistics on the model parameters obtained from the posteriors samples     
====================================================================================================

----- dataset:  LCdata_inst00
jitter_0              0.000029    -0.000016     0.000022    (15-84 p)


----- dataset: LCdata_inst00             ----- model: lc_model_b                    
Tc_0                   2.16992     -0.00017      0.00017    (15-84 p)
Tc_1                   6.33003     -0.00017      0.00018    (15-84 p)
Tc_2                  10.48916     -0.00017      0.00017    (15-84 p)
Tc_3                  14.64802     -0.00018      0.00018    (15-84 p)
Tc_4                  18.80621     -0.00018      0.00017    (15-84 p)
Tc_5                  22.96524     -0.00018      0.00018    (15-84 p)

----- dataset: LCdata_inst00             ----- model: lc_model_c                    
Tc_3                   1.96945     -0.00058      0.00058    (15-84 p)
Tc_4                  11.00103     -0.00063      0.00064    (15-84 p)
Tc_5                  20.03177     -0.00063      0.00063    (15-84 p)

----- common model:  b
P                     4.159151    -0.000020     0.000020    (15-84 p)
e                         0.00                              [fixed]
omega                90.000000                              [fixed]
R_Rs                   0.09997     -0.00031      0.00042    (15-84 p)
b                        0.131       -0.084        0.076    (15-84 p)

----- common model:  c
P                     9.030501    -0.000020     0.000020    (15-84 p)
e                         0.00                              [fixed]
omega                90.000000                              [fixed]
R_Rs                   0.04994     -0.00032      0.00032    (15-84 p)
b                        0.257       -0.034        0.043    (15-84 p)

----- common model:  star_parameters
density                  0.720       -0.026        0.015    (15-84 p)

----- common model:  limb_darkening
ld_c1                    0.494       -0.020        0.020    (15-84 p)
ld_c2                    0.110       -0.039        0.039    (15-84 p)

====================================================================================================
     Statistics on the derived parameters obtained from the posteriors samples     
====================================================================================================

----- common model:  b
a_Rs                     9.750        -0.12        0.067    (15-84 p)
i                        89.23        -0.46         0.50    (15-84 p)
R_Rj                     1.119       -0.039        0.040    (15-84 p)
R_Re                     12.54        -0.43         0.44    (15-84 p)
T_41                   0.14865     -0.00033      0.00036    (15-84 p)
T_32                   0.12105     -0.00057      0.00042    (15-84 p)
a_AU_(rho,R)            0.0520      -0.0018       0.0019    (15-84 p)

----- common model:  c
a_Rs                     16.35        -0.20         0.11    (15-84 p)
i                        89.10        -0.16         0.12    (15-84 p)
R_Rj                     0.559       -0.020        0.020    (15-84 p)
R_Re                      6.27        -0.22         0.22    (15-84 p)
T_41                   0.17923     -0.00074      0.00075    (15-84 p)
T_32                   0.16095     -0.00089      0.00091    (15-84 p)
a_AU_(rho,R)            0.0873      -0.0031       0.0032    (15-84 p)


====================================================================================================
     ------------------------------------------------------------------------------------------     
====================================================================================================



emcee completed

