
PyORBIT v10.6.0

Python version in use:
3.10.14 (main, May  6 2024, 19:42:50) [GCC 11.2.0]

reloaded_optimize:  False
reloaded_pyde:  False
reloaded_emcee:  False

number of multiprocessing threads: 16
multiprocessing method (should be fork):  fork

parameters/safe_reload flag (must be True for tinygp):  False

Opening:  LCdata_inst00
Opening:  LCdata_inst01
Adding common model of planet:  b
Adding common model of planet:  c
  LC model: lc_model_b is using limb_darkening LD parameters
  LC model: lc_model_c is using limb_darkening LD parameters
Using orbital model:  circular
Using orbital parametrization:  Eastman2013
Time of inferior conjunction replacing mean longitude as a free parameter:  True
Dataset flag of times of inferior conjuctions:  id_transit_b

Using orbital model:  circular
Using orbital parametrization:  Eastman2013
Time of inferior conjunction replacing mean longitude as a free parameter:  True
Dataset flag of times of inferior conjuctions:  id_transit_c

Using limb darkening coefficient parametrization:  Standard
Using RoadRunner Model from PyTransit
Shared transit-specific time of transits (i.e., TTVs):  True
Using RoadRunner Model from PyTransit
Shared transit-specific time of transits (i.e., TTVs):  True

====================================================================================================
     Ids, spaces (s), boundaries (b) and priors (p) of the sampler parameters     
====================================================================================================

----- dataset:  LCdata_inst00
jitter_0      id:  22  s:Linear      b:[      0.0000,       0.0500]   p:Uniform   []

----- dataset:  LCdata_inst01
jitter_0      id:  23  s:Linear      b:[      0.0000,       0.0500]   p:Uniform   []

----- common model:  b
P             id:   0  s:Linear      b:[      4.1550,       4.1650]   p:Gaussian   [4.159151e+00 2.000000e-05]
R_Rs          id:   1  s:Linear      b:[      0.0000,       0.5000]   p:Uniform   []
b             id:   2  s:Linear      b:[      0.0000,       2.0000]   p:Uniform   []
Tc_0          id:   3  s:Linear      b:[      1.9214,       2.4200]   p:Uniform   []
Tc_1          id:   4  s:Linear      b:[      6.0797,       6.5783]   p:Uniform   []
Tc_2          id:   5  s:Linear      b:[     10.2394,      10.7381]   p:Uniform   []
Tc_3          id:   6  s:Linear      b:[     14.3988,      14.8975]   p:Uniform   []
Tc_4          id:   7  s:Linear      b:[     18.5572,      19.0558]   p:Uniform   []
Tc_5          id:   8  s:Linear      b:[     22.7169,      23.2155]   p:Uniform   []
Tc_6          id:   9  s:Linear      b:[     26.8752,      27.3738]   p:Uniform   []
Tc_7          id:  10  s:Linear      b:[     31.0350,      31.5336]   p:Uniform   []
Tc_8          id:  11  s:Linear      b:[     35.1933,      35.6919]   p:Uniform   []
e             derived (no id, space, bound)                           p:None   []
omega         derived (no id, space, bound)                           p:None   []

----- common model:  c
P             id:  15  s:Linear      b:[      9.0200,       9.0400]   p:Gaussian   [9.030501e+00 2.000000e-05]
R_Rs          id:  16  s:Linear      b:[      0.0000,       0.5000]   p:Uniform   []
b             id:  17  s:Linear      b:[      0.0000,       2.0000]   p:Uniform   []
Tc_0          id:  18  s:Linear      b:[      1.7214,       2.2200]   p:Uniform   []
Tc_1          id:  19  s:Linear      b:[     10.7506,      11.2492]   p:Uniform   []
Tc_2          id:  20  s:Linear      b:[     19.7822,      20.2808]   p:Uniform   []
Tc_3          id:  21  s:Linear      b:[     28.8127,      29.3113]   p:Uniform   []
e             derived (no id, space, bound)                           p:None   []
omega         derived (no id, space, bound)                           p:None   []

----- common model:  star_parameters
density       id:  14  s:Linear      b:[      0.0000,       5.0000]   p:Gaussian   [0.7 0.1]
mass          derived (no id, space, bound)                           p:Gaussian   [1.05 0.04]
radius        derived (no id, space, bound)                           p:Gaussian   [1.15 0.04]

----- common model:  limb_darkening
ld_c1         id:  12  s:Linear      b:[      0.0000,       1.0000]   p:Gaussian   [0.5  0.05]
ld_c2         id:  13  s:Linear      b:[     -1.0000,       1.0000]   p:Gaussian   [0.1  0.05]

Include priors:  True

Reference Time Tref:  0.0

Dimensions =  24
Nwalkers =  96

Using threading pool for PyDE: True
PyDE running
Boundaries redefined after PyDE output
PyDE completed, it took        307.0 seconds

====================================================================================================
     Starting point of the sample/optimization routines    
====================================================================================================

----- dataset:  LCdata_inst00
jitter_0        22      0.000006 [    0.0000,     0.0500]

----- dataset:  LCdata_inst01
jitter_0        23      0.000021 [    0.0000,     0.0500]

----- common model:  b
P                0      4.159151 [    4.1550,     4.1650]
R_Rs             1      0.100069 [    0.0000,     0.5000]
b                2      0.179038 [    0.0000,     2.0000]
Tc_0             3      2.169912 [    1.9214,     2.4200]
Tc_1             4      6.330032 [    6.0797,     6.5783]
Tc_2             5     10.489160 [   10.2394,    10.7381]
Tc_3             6     14.648007 [   14.3988,    14.8975]
Tc_4             7     18.806202 [   18.5572,    19.0558]
Tc_5             8     22.965140 [   22.7169,    23.2155]
Tc_6             9     27.123601 [   26.8752,    27.3738]
Tc_7            10     31.283068 [   31.0350,    31.5336]
Tc_8            11     35.442989 [   35.1933,    35.6919]

----- common model:  c
P               15      9.030501 [    9.0200,     9.0400]
R_Rs            16      0.050110 [    0.0000,     0.5000]
b               17      0.286553 [    0.0000,     2.0000]
Tc_0            18      1.969431 [    1.7214,     2.2200]
Tc_1            19     11.000978 [   10.7506,    11.2492]
Tc_2            20     20.031466 [   19.7822,    20.2808]
Tc_3            21     29.062200 [   28.8127,    29.3113]

----- common model:  star_parameters
density         14      0.705047 [    0.0000,     5.0000]

----- common model:  limb_darkening
ld_c1           12      0.506269 [    0.0000,     1.0000]
ld_c2           13      0.087939 [   -1.0000,     1.0000]

====================================================================================================
     Starting point projected onto the model parameter space     
====================================================================================================

----- dataset:  LCdata_inst00
jitter_0              0.000006 


----- dataset:  LCdata_inst01
jitter_0              0.000021 


----- common model:  b
P                     4.159151 
e                         0.00 
omega                90.000000 
R_Rs                  0.100069 
b                     0.179038 
Tc_0                  2.169912 
Tc_1                  6.330032 
Tc_2                 10.489160 
Tc_3                 14.648007 
Tc_4                 18.806202 
Tc_5                 22.965140 
Tc_6                 27.123601 
Tc_7                 31.283068 
Tc_8                 35.442989 

----- common model:  c
P                     9.030501 
e                         0.00 
omega                90.000000 
R_Rs                  0.050110 
b                     0.286553 
Tc_0                  1.969431 
Tc_1                 11.000978 
Tc_2                 20.031466 
Tc_3                 29.062200 

----- common model:  star_parameters
density               0.705047 

----- common model:  limb_darkening
ld_c1                 0.506269 
ld_c2                 0.087939 

====================================================================================================
     Derived parameters obtained from starting point     
====================================================================================================

----- common model:  b
a_Rs                  9.682600 
i                    88.940503 
R_Rj                  1.099481 
R_Re                 12.323989 
T_41                  0.148745 
T_32                  0.120776 
a_AU_(rho,R)          0.050841 

----- common model:  c
a_Rs                 16.235416 
i                    88.988686 
R_Rj                  0.579739 
R_Re                  6.498246 
T_41                  0.179011 
T_32                  0.160452 
a_AU_(rho,R)          0.089765 


====================================================================================================
     Statistics on the log-likelihood     
====================================================================================================

 LN probability: 194082.446862 

====================================================================================================
     ------------------------------------------------------------------------------------------     
====================================================================================================



*************************************************************

Running emcee

emcee version:  3.1.6
Using threading pool for emcee: True


Computing the autocorrelation time of the chains

***** WARNING ******
The integrated autocorrelation time cannot be reliably estimated
likely the chains are too short, and ACF analysis is not fully reliable
emcee.autocorr.integrated_time tolerance lowered to 20
If you still get a warning, you should drop these results entirely

Reference thinning used in the analysis: 100
Step length used in the analysis: 14*nthin = 1400

Convergence criteria: less than 1% variation in ACF after 20 times the integrated ACF
At least 50*ACF after convergence, 100*ACF would be ideal
Negative values: not converged yet

   sampler parameter              |    ACF   | ACF*nthin | converged at | nsteps/ACF | to 100*ACF
                                  |          |           |              |            | 
   LCdata_inst00_jitter_0         |    6.69  |      669  |    40600     |      14    |   57508 
   LCdata_inst01_jitter_0         |    6.34  |      634  |    39200     |      17    |   52589 
   b_P                            |    6.36  |      636  |    30800     |      30    |   44406 
   b_R_Rs                         |   12.69  |     1269  |    39200     |       9    |  116077 
   b_b                            |   14.72  |     1472  |    42000     |       5    |  139227 
   b_Tc_0                         |    6.49  |      649  |    33600     |      25    |   48462 
   b_Tc_1                         |    6.53  |      653  |    35000     |      23    |   50318 
   b_Tc_2                         |    6.67  |      667  |    29400     |      31    |   46084 
   b_Tc_3                         |    6.23  |      623  |    28000     |      35    |   40290 
   b_Tc_4                         |    6.40  |      640  |    40600     |      15    |   54572 
   b_Tc_5                         |    6.17  |      617  |    36400     |      22    |   48094 
   b_Tc_6                         |    6.59  |      659  |    39200     |      16    |   55059 
   b_Tc_7                         |    6.57  |      657  |    33600     |      25    |   49281 
   b_Tc_8                         |    6.73  |      673  |    37800     |      18    |   55094 
   c_P                            |    6.24  |      624  |    33600     |      26    |   45986 
   c_R_Rs                         |    9.33  |      933  |    43400     |       7    |   86719 
   c_b                            |   12.96  |     1296  |    44800     |       4    |  124370 
   c_Tc_0                         |    6.42  |      642  |    29400     |      32    |   43553 
   c_Tc_1                         |    6.74  |      674  |    33600     |      24    |   50986 
   c_Tc_2                         |    7.25  |      725  |    42000     |      11    |   64502 
   c_Tc_3                         |    6.31  |      631  |    33600     |      26    |   46727 
   star_parameters_density        |   13.92  |     1392  |    42000     |       6    |  131241 
   limb_darkening_ld_c1           |    6.66  |      666  |    33600     |      25    |   50195 
   limb_darkening_ld_c2           |    7.40  |      740  |    37800     |      16    |   61774 

All the chains have converged, but PyORBIT should keep running for about:
25882 more steps to reach 50*ACF,
65130 more steps to reach 100*ACF
Suggested value for burnin: 36633

====================================================================================================
     Statistics on the posterior of the sampler parameters     
====================================================================================================

----- dataset:  LCdata_inst00
jitter_0        22      0.000029    -0.000017     0.000022   (15-84 p)   [    0.0000,     0.0500]

----- dataset:  LCdata_inst01
jitter_0        23      0.000035    -0.000020     0.000023   (15-84 p)   [    0.0000,     0.0500]

----- common model:  b
P                0      4.159151    -0.000020     0.000020   (15-84 p)   [    4.1550,     4.1650]
R_Rs             1       0.09983     -0.00028      0.00038   (15-84 p)   [    0.0000,     0.5000]
b                2         0.133       -0.082        0.065   (15-84 p)   [    0.0000,     2.0000]
Tc_0             3       2.16991     -0.00017      0.00017   (15-84 p)   [    1.9214,     2.4200]
Tc_1             4       6.33003     -0.00018      0.00018   (15-84 p)   [    6.0797,     6.5783]
Tc_2             5      10.48916     -0.00017      0.00017   (15-84 p)   [   10.2394,    10.7381]
Tc_3             6      14.64801     -0.00012      0.00012   (15-84 p)   [   14.3988,    14.8975]
Tc_4             7      18.80620     -0.00012      0.00013   (15-84 p)   [   18.5572,    19.0558]
Tc_5             8      22.96514     -0.00012      0.00012   (15-84 p)   [   22.7169,    23.2155]
Tc_6             9      27.12361     -0.00018      0.00017   (15-84 p)   [   26.8752,    27.3738]
Tc_7            10      31.28306     -0.00017      0.00018   (15-84 p)   [   31.0350,    31.5336]
Tc_8            11      35.44299     -0.00018      0.00018   (15-84 p)   [   35.1933,    35.6919]

----- common model:  c
P               15      9.030501    -0.000020     0.000020   (15-84 p)   [    9.0200,     9.0400]
R_Rs            16       0.04999     -0.00025      0.00027   (15-84 p)   [    0.0000,     0.5000]
b               17         0.261       -0.030        0.038   (15-84 p)   [    0.0000,     2.0000]
Tc_0            18       1.96945     -0.00059      0.00058   (15-84 p)   [    1.7214,     2.2200]
Tc_1            19      11.00102     -0.00061      0.00063   (15-84 p)   [   10.7506,    11.2492]
Tc_2            20      20.03143     -0.00049      0.00047   (15-84 p)   [   19.7822,    20.2808]
Tc_3            21      29.06217     -0.00061      0.00058   (15-84 p)   [   28.8127,    29.3113]

----- common model:  star_parameters
density         14         0.719       -0.022        0.015   (15-84 p)   [    0.0000,     5.0000]

----- common model:  limb_darkening
ld_c1           12         0.504       -0.017        0.017   (15-84 p)   [    0.0000,     1.0000]
ld_c2           13         0.097       -0.034        0.035   (15-84 p)   [   -1.0000,     1.0000]

====================================================================================================
     Statistics on the model parameters obtained from the posteriors samples     
====================================================================================================

----- dataset:  LCdata_inst00
jitter_0              0.000029    -0.000017     0.000022    (15-84 p)


----- dataset:  LCdata_inst01
jitter_0              0.000035    -0.000020     0.000023    (15-84 p)


----- common model:  b
P                     4.159151    -0.000020     0.000020    (15-84 p)
e                         0.00                              [fixed]
omega                90.000000                              [fixed]
R_Rs                   0.09983     -0.00028      0.00038    (15-84 p)
b                        0.133       -0.082        0.065    (15-84 p)
Tc_0                   2.16991     -0.00017      0.00017    (15-84 p)
Tc_1                   6.33003     -0.00018      0.00018    (15-84 p)
Tc_2                  10.48916     -0.00017      0.00017    (15-84 p)
Tc_3                  14.64801     -0.00012      0.00012    (15-84 p)
Tc_4                  18.80620     -0.00012      0.00013    (15-84 p)
Tc_5                  22.96514     -0.00012      0.00012    (15-84 p)
Tc_6                  27.12361     -0.00018      0.00017    (15-84 p)
Tc_7                  31.28306     -0.00017      0.00018    (15-84 p)
Tc_8                  35.44299     -0.00018      0.00018    (15-84 p)

----- common model:  c
P                     9.030501    -0.000020     0.000020    (15-84 p)
e                         0.00                              [fixed]
omega                90.000000                              [fixed]
R_Rs                   0.04999     -0.00025      0.00027    (15-84 p)
b                        0.261       -0.030        0.038    (15-84 p)
Tc_0                   1.96945     -0.00059      0.00058    (15-84 p)
Tc_1                  11.00102     -0.00061      0.00063    (15-84 p)
Tc_2                  20.03143     -0.00049      0.00047    (15-84 p)
Tc_3                  29.06217     -0.00061      0.00058    (15-84 p)

----- common model:  star_parameters
density                  0.719       -0.022        0.015    (15-84 p)

----- common model:  limb_darkening
ld_c1                    0.504       -0.017        0.017    (15-84 p)
ld_c2                    0.097       -0.034        0.035    (15-84 p)

====================================================================================================
     Statistics on the derived parameters obtained from the posteriors samples     
====================================================================================================

----- common model:  b
a_Rs                     9.746       -0.099        0.066    (15-84 p)
i                        89.22        -0.40         0.49    (15-84 p)
R_Rj                     1.119       -0.040        0.039    (15-84 p)
R_Re                     12.54        -0.45         0.43    (15-84 p)
T_41                   0.14865     -0.00025      0.00027    (15-84 p)
T_32                   0.12110     -0.00052      0.00037    (15-84 p)
a_AU_(rho,R)            0.0521      -0.0019       0.0018    (15-84 p)

----- common model:  c
a_Rs                     16.34        -0.17         0.11    (15-84 p)
i                        89.09        -0.14         0.11    (15-84 p)
R_Rj                     0.560       -0.020        0.020    (15-84 p)
R_Re                      6.28        -0.22         0.22    (15-84 p)
T_41                   0.17908     -0.00059      0.00059    (15-84 p)
T_32                   0.16077     -0.00074      0.00075    (15-84 p)
a_AU_(rho,R)            0.0874      -0.0032       0.0031    (15-84 p)


====================================================================================================
     ------------------------------------------------------------------------------------------     
====================================================================================================



emcee completed

