
PyORBIT v10.5.3

Python version in use:
3.10.14 (main, May  6 2024, 19:42:50) [GCC 11.2.0]
 LaTeX disabled by default
Using orbital model:  circular
Using orbital parametrization:  Eastman2013
Time of inferior conjunction replacing mean longitude as a free parameter:  True

Using limb darkening coefficient parametrization:  Standard

emcee version:  3.1.6

 Reference Time Tref: 0.0

 Dimensions = 13
 Nwalkers = 52

 Steps: 50000


 LN posterior: 96937.028202      -2.690665     1.985678 (15-84 p) 

 Median log_priors     = 22.402566601846768
 Median log_likelihood = 96920.16000849045

 Median BIC  (using likelihood) = -193714.7274065644
 Median AIC  (using likelihood) = -193814.3200169809
 Median AICc (using likelihood) = -193814.2968012146

 Median BIC  (using posterior)  = -193759.5325397681
 Median AIC  (using posterior)  = -193859.12515018458
 Median AICc (using posterior)  = -193859.1019344183

 MAP log_priors     = 22.08604173067478
 MAP log_likelihood = 96919.8246428055

 MAP BIC  (using likelihood) = -193714.0566751945
 MAP AIC  (using likelihood) = -193813.649285611
 MAP AICc (using likelihood) = -193813.6260698447

 MAP BIC  (using posterior)  = -193758.22875865584
 MAP AIC  (using posterior)  = -193857.82136907234
 MAP AICc (using posterior)  = -193857.79815330604

 AIC suggested over AICs because NDATA ( 15693 ) > 40 * NDIM ( 13 )

****************************************************************************************************


Computing the autocorrelation time of the chains

The chains are more than 50 times longer than the ACF, the estimate can be trusted

Reference thinning used in the analysis: 100
Step length used in the analysis: 6*nthin = 600

Convergence criteria: less than 1% variation in ACF after 50 times the integrated ACF
At least 50*ACF after convergence, 100*ACF would be ideal
Negative values: not converged yet

   sampler parameter              |    ACF   | ACF*nthin | converged at | nsteps/ACF | to 100*ACF
                                  |          |           |              |            | 
   LCdata_jitter_0                |    2.99  |      299  |    24000     |      87    |    3921 
   LCdata_lc_model_b_Tc_0         |    2.85  |      285  |    18600     |     110    |       0 
   LCdata_lc_model_b_Tc_1         |    3.06  |      306  |    19800     |      99    |     379 
   LCdata_lc_model_b_Tc_2         |    2.97  |      297  |    18600     |     106    |       0 
   LCdata_lc_model_b_Tc_3         |    2.78  |      278  |    21600     |     102    |       0 
   LCdata_lc_model_b_Tc_4         |    2.74  |      274  |    18600     |     114    |       0 
   LCdata_lc_model_b_Tc_5         |    2.74  |      274  |    18600     |     115    |       0 
   b_P                            |    2.97  |      297  |    18600     |     106    |       0 
   b_R_Rs                         |    5.63  |      563  |    34200     |      28    |   40450 
   b_b                            |    6.43  |      643  |    36600     |      21    |   50904 
   star_parameters_density        |    6.64  |      664  |    38400     |      17    |   54840 
   limb_darkening_ld_c1           |    2.97  |      297  |    18600     |     106    |       0 
   limb_darkening_ld_c2           |    3.07  |      307  |    21000     |      94    |    1711 

All the chains have converged, but PyORBIT should keep running for about:
17566 more steps to reach 50*ACF,
25368 more steps to reach 100*ACF
Suggested value for burnin: 23631

 Plotting the ACF... 


====================================================================================================
     Ids, spaces (s), boundaries (b) and priors (p) of the sampler parameters     
====================================================================================================

----- dataset:  LCdata
jitter_0      id:   6  s:Linear      b:[      0.0000,       0.0500]   p:Uniform   []

----- dataset: LCdata                    ----- model: lc_model_b                    
Tc_0          id:   7  s:Linear      b:[      1.9214,       2.4200]   p:Uniform   []
Tc_1          id:   8  s:Linear      b:[      6.0797,       6.5783]   p:Uniform   []
Tc_2          id:   9  s:Linear      b:[     10.2394,      10.7381]   p:Uniform   []
Tc_3          id:  10  s:Linear      b:[     14.3978,      14.8964]   p:Uniform   []
Tc_4          id:  11  s:Linear      b:[     18.5575,      19.0561]   p:Uniform   []
Tc_5          id:  12  s:Linear      b:[     22.7158,      23.2144]   p:Uniform   []

----- common model:  b
P             id:   0  s:Linear      b:[      4.1550,       4.1650]   p:Gaussian   [4.159151e+00 2.000000e-05]
R_Rs          id:   1  s:Linear      b:[      0.0000,       0.5000]   p:Uniform   []
b             id:   2  s:Linear      b:[      0.0000,       2.0000]   p:Uniform   []
e             derived (no id, space, bound)                           p:None   []
omega         derived (no id, space, bound)                           p:None   []

----- common model:  star_parameters
density       id:   5  s:Linear      b:[      0.0000,       5.0000]   p:Gaussian   [0.7 0.1]
mass          derived (no id, space, bound)                           p:Gaussian   [1.05 0.04]
radius        derived (no id, space, bound)                           p:Gaussian   [1.15 0.04]

----- common model:  limb_darkening
ld_c1         id:   3  s:Linear      b:[      0.0000,       1.0000]   p:Gaussian   [0.5  0.05]
ld_c2         id:   4  s:Linear      b:[     -1.0000,       1.0000]   p:Gaussian   [0.1  0.05]


****************************************************************************************************
****************************************************************************************************

 Confidence intervals (median value, 34.135th percentile from the median on the left and right side)

====================================================================================================
     Statistics on the posterior of the sampler parameters     
====================================================================================================

----- dataset:  LCdata
jitter_0         6      0.000049    -0.000026     0.000023   (15-84 p)   [    0.0000,     0.0500]

----- dataset: LCdata                    ----- model: lc_model_b                    
Tc_0             7       2.17023     -0.00017      0.00018   (15-84 p)   [    1.9214,     2.4200]
Tc_1             8       6.32957     -0.00017      0.00017   (15-84 p)   [    6.0797,     6.5783]
Tc_2             9      10.48905     -0.00018      0.00018   (15-84 p)   [   10.2394,    10.7381]
Tc_3            10      14.64770     -0.00018      0.00017   (15-84 p)   [   14.3978,    14.8964]
Tc_4            11      18.80614     -0.00018      0.00018   (15-84 p)   [   18.5575,    19.0561]
Tc_5            12      22.96500     -0.00017      0.00017   (15-84 p)   [   22.7158,    23.2144]

----- common model:  b
P                0      4.159150    -0.000020     0.000020   (15-84 p)   [    4.1550,     4.1650]
R_Rs             1       0.09967     -0.00032      0.00044   (15-84 p)   [    0.0000,     0.5000]
b                2         0.125       -0.081        0.080   (15-84 p)   [    0.0000,     2.0000]

----- common model:  star_parameters
density          5         0.720       -0.026        0.014   (15-84 p)   [    0.0000,     5.0000]

----- common model:  limb_darkening
ld_c1            3         0.521       -0.020        0.020   (15-84 p)   [    0.0000,     1.0000]
ld_c2            4         0.078       -0.039        0.039   (15-84 p)   [   -1.0000,     1.0000]

====================================================================================================
     Statistics on the model parameters obtained from the posteriors samples     
====================================================================================================

----- dataset:  LCdata
jitter_0              0.000049    -0.000026     0.000023    (15-84 p)


----- dataset: LCdata                    ----- model: lc_model_b                    
Tc_0                   2.17023     -0.00017      0.00018    (15-84 p)
Tc_1                   6.32957     -0.00017      0.00017    (15-84 p)
Tc_2                  10.48905     -0.00018      0.00018    (15-84 p)
Tc_3                  14.64770     -0.00018      0.00017    (15-84 p)
Tc_4                  18.80614     -0.00018      0.00018    (15-84 p)
Tc_5                  22.96500     -0.00017      0.00017    (15-84 p)

----- common model:  b
P                     4.159150    -0.000020     0.000020    (15-84 p)
e                         0.00                              [fixed]
omega                90.000000                              [fixed]
R_Rs                   0.09967     -0.00032      0.00044    (15-84 p)
b                        0.125       -0.081        0.080    (15-84 p)

----- common model:  star_parameters
density                  0.720       -0.026        0.014    (15-84 p)

----- common model:  limb_darkening
ld_c1                    0.521       -0.020        0.020    (15-84 p)
ld_c2                    0.078       -0.039        0.039    (15-84 p)

====================================================================================================
     Statistics on the derived parameters obtained from the posteriors samples     
====================================================================================================

----- common model:  b
a_Rs                     9.750        -0.12        0.062    (15-84 p)
i                        89.27        -0.48         0.48    (15-84 p)
R_Rj                     1.117       -0.039        0.039    (15-84 p)
R_Re                     12.52        -0.44         0.43    (15-84 p)
T_41                   0.14870     -0.00033      0.00038    (15-84 p)
T_32                   0.12119     -0.00060      0.00042    (15-84 p)
a_AU_(rho,R)            0.0520      -0.0019       0.0019    (15-84 p)


====================================================================================================
     ------------------------------------------------------------------------------------------     
====================================================================================================



****************************************************************************************************

 Parameters corresponding to the Maximum a Posteriori probability ( 96941.91068453617 )

====================================================================================================
     Statistics on the posterior of the sampler parameters     
====================================================================================================

----- dataset:  LCdata
jitter_0         6      0.000054 [    0.0000,     0.0500]

----- dataset: LCdata                    ----- model: lc_model_b                    
Tc_0             7      2.170197 [    1.9214,     2.4200]
Tc_1             8      6.329587 [    6.0797,     6.5783]
Tc_2             9     10.489009 [   10.2394,    10.7381]
Tc_3            10     14.647605 [   14.3978,    14.8964]
Tc_4            11     18.806115 [   18.5575,    19.0561]
Tc_5            12     22.964997 [   22.7158,    23.2144]

----- common model:  b
P                0      4.159138 [    4.1550,     4.1650]
R_Rs             1      0.099349 [    0.0000,     0.5000]
b                2      0.036418 [    0.0000,     2.0000]

----- common model:  star_parameters
density          5      0.735281 [    0.0000,     5.0000]

----- common model:  limb_darkening
ld_c1            3      0.527281 [    0.0000,     1.0000]
ld_c2            4      0.077405 [   -1.0000,     1.0000]

====================================================================================================
     Statistics on the model parameters obtained from the posteriors samples     
====================================================================================================

----- dataset:  LCdata
jitter_0              0.000054 


----- dataset: LCdata                    ----- model: lc_model_b                    
Tc_0                  2.170197 
Tc_1                  6.329587 
Tc_2                 10.489009 
Tc_3                 14.647605 
Tc_4                 18.806115 
Tc_5                 22.964997 

----- common model:  b
P                     4.159138 
e                         0.00 
omega                90.000000 
R_Rs                  0.099349 
b                     0.036418 

----- common model:  star_parameters
density               0.735281 

----- common model:  limb_darkening
ld_c1                 0.527281 
ld_c2                 0.077405 

====================================================================================================
     Statistics on the derived parameters obtained from the posteriors samples     
====================================================================================================

----- common model:  b
a_Rs                  9.819048 
i                    89.787492 
R_Rj                  1.125864 
R_Re                 12.619714 
T_41                  0.148455 
T_32                  0.121506 
a_AU_(rho,R)          0.053177 


====================================================================================================
     ------------------------------------------------------------------------------------------     
====================================================================================================



****************************************************************************************************

 Parameters corresponding to the sample closest to the median values ( 96941.54334959565 )

====================================================================================================
     Statistics on the posterior of the sampler parameters     
====================================================================================================

----- dataset:  LCdata
jitter_0         6      0.000051 [    0.0000,     0.0500]

----- dataset: LCdata                    ----- model: lc_model_b                    
Tc_0             7      2.170145 [    1.9214,     2.4200]
Tc_1             8      6.329570 [    6.0797,     6.5783]
Tc_2             9     10.489164 [   10.2394,    10.7381]
Tc_3            10     14.647718 [   14.3978,    14.8964]
Tc_4            11     18.806088 [   18.5575,    19.0561]
Tc_5            12     22.964982 [   22.7158,    23.2144]

----- common model:  b
P                0      4.159149 [    4.1550,     4.1650]
R_Rs             1      0.099732 [    0.0000,     0.5000]
b                2      0.134347 [    0.0000,     2.0000]

----- common model:  star_parameters
density          5      0.717784 [    0.0000,     5.0000]

----- common model:  limb_darkening
ld_c1            3      0.519079 [    0.0000,     1.0000]
ld_c2            4      0.088181 [   -1.0000,     1.0000]

====================================================================================================
     Statistics on the model parameters obtained from the posteriors samples     
====================================================================================================

----- dataset:  LCdata
jitter_0              0.000051 


----- dataset: LCdata                    ----- model: lc_model_b                    
Tc_0                  2.170145 
Tc_1                  6.329570 
Tc_2                 10.489164 
Tc_3                 14.647718 
Tc_4                 18.806088 
Tc_5                 22.964982 

----- common model:  b
P                     4.159149 
e                         0.00 
omega                90.000000 
R_Rs                  0.099732 
b                     0.134347 

----- common model:  star_parameters
density               0.717784 

----- common model:  limb_darkening
ld_c1                 0.519079 
ld_c2                 0.088181 

====================================================================================================
     Statistics on the derived parameters obtained from the posteriors samples     
====================================================================================================

----- common model:  b
a_Rs                  9.740555 
i                    89.209719 
R_Rj                  1.176744 
R_Re                 13.190023 
T_41                  0.148678 
T_32                  0.121171 
a_AU_(rho,R)          0.054924 


====================================================================================================
     ------------------------------------------------------------------------------------------     
====================================================================================================



****************************************************************************************************

Note: priors on stellar mass and radius provided independently from the measured density, no check for consistency is performed

 Plot FLAT chain 

****************************************************************************************************

Plotting full_correlation plot with pygtc

****************************************************************************************************

 Plotting the chains... 

****************************************************************************************************

 Plotting the Gelman-Rubin traces... 

     Gelman-Rubin:     6     1.002617 LCdata_jitter_0 
     Gelman-Rubin:     7     1.002371 LCdata_lc_model_b_Tc_0 
     Gelman-Rubin:     8     1.001992 LCdata_lc_model_b_Tc_1 
     Gelman-Rubin:     9     1.002472 LCdata_lc_model_b_Tc_2 
     Gelman-Rubin:    10     1.001697 LCdata_lc_model_b_Tc_3 
     Gelman-Rubin:    11     1.002756 LCdata_lc_model_b_Tc_4 
     Gelman-Rubin:    12     1.003363 LCdata_lc_model_b_Tc_5 
     Gelman-Rubin:     0     1.003233 b_P 
     Gelman-Rubin:     1     1.008440 b_R_Rs 
     Gelman-Rubin:     2     1.008445 b_b 
     Gelman-Rubin:     5     1.006741 star_parameters_density 
     Gelman-Rubin:     3     1.002346 limb_darkening_ld_c1 
     Gelman-Rubin:     4     1.003320 limb_darkening_ld_c2 

****************************************************************************************************

 Plotting the common models corner plots
     Common model:  b
     Common model:  star_parameters
     Common model:  limb_darkening

****************************************************************************************************

 Dataset + models corner plots 

     Dataset:  LCdata     model:  lc_model_b  corner plot  starting 
     Dataset:  LCdata     model:  lc_model_b  corner plot  done 

****************************************************************************************************

 Saving the planet parameter samplings to files (with plots)

****************************************************************************************************

 Saving all the parameter samplings to files (with plots)

****************************************************************************************************

 Computing the models for plot/data writing 
 Writing the plots 
 Writing the   data files 
 Writing the  MAP_ data files 
 Writing the  sampleMED_ data files 

****************************************************************************************************

