
PyORBIT v10.6.0

Python version in use:
3.10.14 (main, May  6 2024, 19:42:50) [GCC 11.2.0]
 LaTeX disabled by default
Using orbital model:  circular
Using orbital parametrization:  Eastman2013
Time of inferior conjunction replacing mean longitude as a free parameter:  True
Dataset flag of times of inferior conjuctions:  id_transit_b

Using limb darkening coefficient parametrization:  Standard

emcee version:  3.1.6

 Reference Time Tref: 0.0

 Dimensions = 13
 Nwalkers = 52

 Steps: 50000


 LN posterior: 97036.313502      -2.726593     2.104365 (15-84 p) 

 Median log_priors     = 22.422219916716237
 Median log_likelihood = 97019.25316020455

 Median BIC  (using likelihood) = -193912.9137099926
 Median AIC  (using likelihood) = -194012.5063204091
 Median AICc (using likelihood) = -194012.4831046428

 Median BIC  (using posterior)  = -193957.75814982603
 Median AIC  (using posterior)  = -194057.35076024252
 Median AICc (using posterior)  = -194057.32754447623

 MAP log_priors     = 22.325668100656756
 MAP log_likelihood = 97019.05516410143

 MAP BIC  (using likelihood) = -193912.51771778637
 MAP AIC  (using likelihood) = -194012.11032820286
 MAP AICc (using likelihood) = -194012.08711243657

 MAP BIC  (using posterior)  = -193957.1690539877
 MAP AIC  (using posterior)  = -194056.76166440418
 MAP AICc (using posterior)  = -194056.7384486379

 AIC suggested over AICs because NDATA ( 15693 ) > 40 * NDIM ( 13 )

****************************************************************************************************


Computing the autocorrelation time of the chains

The chains are more than 50 times longer than the ACF, the estimate can be trusted

Reference thinning used in the analysis: 100
Step length used in the analysis: 6*nthin = 600

Convergence criteria: less than 1% variation in ACF after 50 times the integrated ACF
At least 50*ACF after convergence, 100*ACF would be ideal
Negative values: not converged yet

   sampler parameter              |    ACF   | ACF*nthin | converged at | nsteps/ACF | to 100*ACF
                                  |          |           |              |            | 
   LCdata_jitter_0                |    2.91  |      291  |    22200     |      96    |    1275 
   LCdata_lc_model_b_Tc_0         |    2.63  |      263  |    20400     |     112    |       0 
   LCdata_lc_model_b_Tc_1         |    2.49  |      249  |    20400     |     119    |       0 
   LCdata_lc_model_b_Tc_2         |    2.75  |      275  |    18600     |     114    |       0 
   LCdata_lc_model_b_Tc_3         |    2.57  |      257  |    18600     |     122    |       0 
   LCdata_lc_model_b_Tc_4         |    2.58  |      258  |    18600     |     122    |       0 
   LCdata_lc_model_b_Tc_5         |    2.79  |      279  |    17400     |     117    |       0 
   b_P                            |    2.79  |      279  |    21000     |     104    |       0 
   b_R_Rs                         |    4.47  |      447  |    26400     |      53    |   21098 
   b_b                            |    6.44  |      644  |    35400     |      23    |   49774 
   star_parameters_density        |    6.67  |      667  |    36600     |      20    |   53349 
   limb_darkening_ld_c1           |    2.60  |      260  |    18000     |     123    |       0 
   limb_darkening_ld_c2           |    2.66  |      266  |    18600     |     118    |       0 

All the chains have converged, but PyORBIT should keep running for about:
18781 more steps to reach 50*ACF,
31374 more steps to reach 100*ACF
Suggested value for burnin: 22477

 Plotting the ACF... 


====================================================================================================
     Ids, spaces (s), boundaries (b) and priors (p) of the sampler parameters     
====================================================================================================

----- dataset:  LCdata
jitter_0      id:   6  s:Linear      b:[      0.0000,       0.0500]   p:Uniform   []

----- dataset: LCdata                    ----- model: lc_model_b                    
Tc_0          id:   7  s:Linear      b:[      1.9214,       2.4200]   p:Uniform   []
Tc_1          id:   8  s:Linear      b:[      6.0797,       6.5783]   p:Uniform   []
Tc_2          id:   9  s:Linear      b:[     10.2394,      10.7381]   p:Uniform   []
Tc_3          id:  10  s:Linear      b:[     14.3978,      14.8964]   p:Uniform   []
Tc_4          id:  11  s:Linear      b:[     18.5575,      19.0561]   p:Uniform   []
Tc_5          id:  12  s:Linear      b:[     22.7158,      23.2144]   p:Uniform   []

----- common model:  b
P             id:   0  s:Linear      b:[      4.1550,       4.1650]   p:Gaussian   [4.159151e+00 2.000000e-05]
R_Rs          id:   1  s:Linear      b:[      0.0000,       0.5000]   p:Uniform   []
b             id:   2  s:Linear      b:[      0.0000,       2.0000]   p:Uniform   []
e             derived (no id, space, bound)                           p:None   []
omega         derived (no id, space, bound)                           p:None   []

----- common model:  star_parameters
density       id:   5  s:Linear      b:[      0.0000,       5.0000]   p:Gaussian   [0.7 0.1]
mass          derived (no id, space, bound)                           p:Gaussian   [1.05 0.04]
radius        derived (no id, space, bound)                           p:Gaussian   [1.15 0.04]

----- common model:  limb_darkening
ld_c1         id:   3  s:Linear      b:[      0.0000,       1.0000]   p:Gaussian   [0.5  0.05]
ld_c2         id:   4  s:Linear      b:[     -1.0000,       1.0000]   p:Gaussian   [0.1  0.05]


****************************************************************************************************
****************************************************************************************************

 Confidence intervals (median value, 34.135th percentile from the median on the left and right side)

====================================================================================================
     Statistics on the posterior of the sampler parameters     
====================================================================================================

----- dataset:  LCdata
jitter_0         6      0.000032    -0.000018     0.000022   (15-84 p)   [    0.0000,     0.0500]

----- dataset: LCdata                    ----- model: lc_model_b                    
Tc_0             7       2.16999     -0.00017      0.00017   (15-84 p)   [    1.9214,     2.4200]
Tc_1             8       6.32963     -0.00017      0.00017   (15-84 p)   [    6.0797,     6.5783]
Tc_2             9      10.48921     -0.00017      0.00017   (15-84 p)   [   10.2394,    10.7381]
Tc_3            10      14.64788     -0.00017      0.00017   (15-84 p)   [   14.3978,    14.8964]
Tc_4            11      18.80574     -0.00017      0.00017   (15-84 p)   [   18.5575,    19.0561]
Tc_5            12      22.96501     -0.00017      0.00017   (15-84 p)   [   22.7158,    23.2144]

----- common model:  b
P                0      4.159151    -0.000020     0.000020   (15-84 p)   [    4.1550,     4.1650]
R_Rs             1       0.10003     -0.00024      0.00027   (15-84 p)   [    0.0000,     0.5000]
b                2         0.075       -0.051        0.067   (15-84 p)   [    0.0000,     2.0000]

----- common model:  star_parameters
density          5        0.7393       -0.015       0.0073   (15-84 p)   [    0.0000,     5.0000]

----- common model:  limb_darkening
ld_c1            3         0.480       -0.020        0.020   (15-84 p)   [    0.0000,     1.0000]
ld_c2            4         0.087       -0.038        0.039   (15-84 p)   [   -1.0000,     1.0000]

====================================================================================================
     Statistics on the model parameters obtained from the posteriors samples     
====================================================================================================

----- dataset:  LCdata
jitter_0              0.000032    -0.000018     0.000022    (15-84 p)


----- dataset: LCdata                    ----- model: lc_model_b                    
Tc_0                   2.16999     -0.00017      0.00017    (15-84 p)
Tc_1                   6.32963     -0.00017      0.00017    (15-84 p)
Tc_2                  10.48921     -0.00017      0.00017    (15-84 p)
Tc_3                  14.64788     -0.00017      0.00017    (15-84 p)
Tc_4                  18.80574     -0.00017      0.00017    (15-84 p)
Tc_5                  22.96501     -0.00017      0.00017    (15-84 p)

----- common model:  b
P                     4.159151    -0.000020     0.000020    (15-84 p)
e                         0.00                              [fixed]
omega                90.000000                              [fixed]
R_Rs                   0.10003     -0.00024      0.00027    (15-84 p)
b                        0.075       -0.051        0.067    (15-84 p)

----- common model:  star_parameters
density                 0.7393       -0.015       0.0073    (15-84 p)

----- common model:  limb_darkening
ld_c1                    0.480       -0.020        0.020    (15-84 p)
ld_c2                    0.087       -0.038        0.039    (15-84 p)

====================================================================================================
     Statistics on the derived parameters obtained from the posteriors samples     
====================================================================================================

----- common model:  b
a_Rs                     9.837       -0.067        0.032    (15-84 p)
i                        89.56        -0.40         0.30    (15-84 p)
R_Rj                     1.120       -0.039        0.039    (15-84 p)
R_Re                     12.55        -0.44         0.43    (15-84 p)
T_41                   0.14797     -0.00028      0.00031    (15-84 p)
T_32                   0.12075     -0.00036      0.00031    (15-84 p)
a_AU_(rho,R)            0.0525      -0.0019       0.0018    (15-84 p)


====================================================================================================
     ------------------------------------------------------------------------------------------     
====================================================================================================



****************************************************************************************************

 Parameters corresponding to the Maximum a Posteriori probability ( 97041.38083220209 )

====================================================================================================
     Statistics on the posterior of the sampler parameters     
====================================================================================================

----- dataset:  LCdata
jitter_0         6      0.000012 [    0.0000,     0.0500]

----- dataset: LCdata                    ----- model: lc_model_b                    
Tc_0             7      2.169941 [    1.9214,     2.4200]
Tc_1             8      6.329551 [    6.0797,     6.5783]
Tc_2             9     10.489240 [   10.2394,    10.7381]
Tc_3            10     14.648001 [   14.3978,    14.8964]
Tc_4            11     18.805649 [   18.5575,    19.0561]
Tc_5            12     22.965037 [   22.7158,    23.2144]

----- common model:  b
P                0      4.159143 [    4.1550,     4.1650]
R_Rs             1      0.099889 [    0.0000,     0.5000]
b                2      0.038263 [    0.0000,     2.0000]

----- common model:  star_parameters
density          5      0.744249 [    0.0000,     5.0000]

----- common model:  limb_darkening
ld_c1            3      0.486131 [    0.0000,     1.0000]
ld_c2            4      0.080854 [   -1.0000,     1.0000]

====================================================================================================
     Statistics on the model parameters obtained from the posteriors samples     
====================================================================================================

----- dataset:  LCdata
jitter_0              0.000012 


----- dataset: LCdata                    ----- model: lc_model_b                    
Tc_0                  2.169941 
Tc_1                  6.329551 
Tc_2                 10.489240 
Tc_3                 14.648001 
Tc_4                 18.805649 
Tc_5                 22.965037 

----- common model:  b
P                     4.159143 
e                         0.00 
omega                90.000000 
R_Rs                  0.099889 
b                     0.038263 

----- common model:  star_parameters
density               0.744249 

----- common model:  limb_darkening
ld_c1                 0.486131 
ld_c2                 0.080854 

====================================================================================================
     Statistics on the derived parameters obtained from the posteriors samples     
====================================================================================================

----- common model:  b
a_Rs                  9.858814 
i                    89.777630 
R_Rj                  1.109927 
R_Re                 12.441074 
T_41                  0.147918 
T_32                  0.120932 
a_AU_(rho,R)          0.052352 


====================================================================================================
     ------------------------------------------------------------------------------------------     
====================================================================================================



****************************************************************************************************

 Parameters corresponding to the sample closest to the median values ( 97039.05666406143 )

====================================================================================================
     Statistics on the posterior of the sampler parameters     
====================================================================================================

----- dataset:  LCdata
jitter_0         6      0.000030 [    0.0000,     0.0500]

----- dataset: LCdata                    ----- model: lc_model_b                    
Tc_0             7      2.170069 [    1.9214,     2.4200]
Tc_1             8      6.329697 [    6.0797,     6.5783]
Tc_2             9     10.489278 [   10.2394,    10.7381]
Tc_3            10     14.647846 [   14.3978,    14.8964]
Tc_4            11     18.805710 [   18.5575,    19.0561]
Tc_5            12     22.965088 [   22.7158,    23.2144]

----- common model:  b
P                0      4.159158 [    4.1550,     4.1650]
R_Rs             1      0.099886 [    0.0000,     0.5000]
b                2      0.077230 [    0.0000,     2.0000]

----- common model:  star_parameters
density          5      0.740395 [    0.0000,     5.0000]

----- common model:  limb_darkening
ld_c1            3      0.475887 [    0.0000,     1.0000]
ld_c2            4      0.082348 [   -1.0000,     1.0000]

====================================================================================================
     Statistics on the model parameters obtained from the posteriors samples     
====================================================================================================

----- dataset:  LCdata
jitter_0              0.000030 


----- dataset: LCdata                    ----- model: lc_model_b                    
Tc_0                  2.170069 
Tc_1                  6.329697 
Tc_2                 10.489278 
Tc_3                 14.647846 
Tc_4                 18.805710 
Tc_5                 22.965088 

----- common model:  b
P                     4.159158 
e                         0.00 
omega                90.000000 
R_Rs                  0.099886 
b                     0.077230 

----- common model:  star_parameters
density               0.740395 

----- common model:  limb_darkening
ld_c1                 0.475887 
ld_c2                 0.082348 

====================================================================================================
     Statistics on the derived parameters obtained from the posteriors samples     
====================================================================================================

----- common model:  b
a_Rs                  9.841792 
i                    89.550389 
R_Rj                  1.115698 
R_Re                 12.505766 
T_41                  0.147902 
T_32                  0.120807 
a_AU_(rho,R)          0.052535 


====================================================================================================
     ------------------------------------------------------------------------------------------     
====================================================================================================



****************************************************************************************************

Note: priors on stellar mass and radius provided independently from the measured density, no check for consistency is performed

 Plot FLAT chain 

****************************************************************************************************

Plotting full_correlation plot with pygtc

****************************************************************************************************

 Plotting the chains... 

****************************************************************************************************

 Plotting the Gelman-Rubin traces... 

     Gelman-Rubin:     6     1.001686 LCdata_jitter_0 
     Gelman-Rubin:     7     1.001649 LCdata_lc_model_b_Tc_0 
     Gelman-Rubin:     8     1.001471 LCdata_lc_model_b_Tc_1 
     Gelman-Rubin:     9     1.000920 LCdata_lc_model_b_Tc_2 
     Gelman-Rubin:    10     1.001699 LCdata_lc_model_b_Tc_3 
     Gelman-Rubin:    11     1.002805 LCdata_lc_model_b_Tc_4 
     Gelman-Rubin:    12     1.000910 LCdata_lc_model_b_Tc_5 
     Gelman-Rubin:     0     1.001407 b_P 
     Gelman-Rubin:     1     1.004842 b_R_Rs 
     Gelman-Rubin:     2     1.007898 b_b 
     Gelman-Rubin:     5     1.010158 star_parameters_density 
     Gelman-Rubin:     3     1.001379 limb_darkening_ld_c1 
     Gelman-Rubin:     4     1.001561 limb_darkening_ld_c2 

****************************************************************************************************

 Plotting the common models corner plots
     Common model:  b
     Common model:  star_parameters
     Common model:  limb_darkening

****************************************************************************************************

 Dataset + models corner plots 

     Dataset:  LCdata     model:  lc_model_b  corner plot  starting 
     Dataset:  LCdata     model:  lc_model_b  corner plot  done 

****************************************************************************************************

 Saving the planet parameter samplings to files (with plots)

****************************************************************************************************

 Saving all the parameter samplings to files (with plots)

****************************************************************************************************

 Computing the models for plot/data writing 
 Writing the plots 
 Writing the   data files 
 Writing the  MAP_ data files 
 Writing the  sampleMED_ data files 

****************************************************************************************************

