
PyORBIT v10.6.0

Python version in use:
3.10.14 (main, May  6 2024, 19:42:50) [GCC 11.2.0]
 LaTeX disabled by default
Using orbital model:  circular
Using orbital parametrization:  Eastman2013
Time of inferior conjunction replacing mean longitude as a free parameter:  True
List of times of inferior conjuctions:  tclist_transits/WASP47_simulated_planetb_tclist.dat

Using limb darkening coefficient parametrization:  Standard
Using RoadRunner Model from PyTransit

emcee version:  3.1.6

 Reference Time Tref: 0.0

 Dimensions = 13
 Nwalkers = 52

 Steps: 50000


 LN posterior: 97036.401489      -2.809388     2.073279 (15-84 p) 

 Median log_priors     = 22.424528075560815
 Median log_likelihood = 97019.26343940607

 Median BIC  (using likelihood) = -193912.93426839565
 Median AIC  (using likelihood) = -194012.52687881215
 Median AICc (using likelihood) = -194012.50366304585

 Median BIC  (using posterior)  = -193957.78332454676
 Median AIC  (using posterior)  = -194057.37593496326
 Median AICc (using posterior)  = -194057.35271919696

 MAP log_priors     = 22.32443589395217
 MAP log_likelihood = 97019.50146561257

 MAP BIC  (using likelihood) = -193913.41032080865
 MAP AIC  (using likelihood) = -194013.00293122514
 MAP AICc (using likelihood) = -194012.97971545885

 MAP BIC  (using posterior)  = -193958.05919259656
 MAP AIC  (using posterior)  = -194057.65180301305
 MAP AICc (using posterior)  = -194057.62858724676

 AIC suggested over AICs because NDATA ( 15693 ) > 40 * NDIM ( 13 )

****************************************************************************************************


Computing the autocorrelation time of the chains

The chains are more than 50 times longer than the ACF, the estimate can be trusted

Reference thinning used in the analysis: 100
Step length used in the analysis: 5*nthin = 500

Convergence criteria: less than 1% variation in ACF after 50 times the integrated ACF
At least 50*ACF after convergence, 100*ACF would be ideal
Negative values: not converged yet

   sampler parameter              |    ACF   | ACF*nthin | converged at | nsteps/ACF | to 100*ACF
                                  |          |           |              |            | 
   LCdata_jitter_0                |    2.79  |      279  |    17000     |     118    |       0 
   LCdata_lc_model_b_Tc_0         |    2.58  |      258  |    17500     |     126    |       0 
   LCdata_lc_model_b_Tc_1         |    2.57  |      257  |    16500     |     131    |       0 
   LCdata_lc_model_b_Tc_2         |    2.97  |      297  |    18000     |     108    |       0 
   LCdata_lc_model_b_Tc_3         |    2.80  |      280  |    18500     |     113    |       0 
   LCdata_lc_model_b_Tc_4         |    2.48  |      248  |    19500     |     123    |       0 
   LCdata_lc_model_b_Tc_5         |    2.73  |      273  |    17500     |     119    |       0 
   b_P                            |    2.74  |      274  |    16500     |     122    |       0 
   b_R_Rs                         |    4.34  |      434  |    27000     |      53    |   20373 
   b_b                            |    5.89  |      589  |    31500     |      31    |   40424 
   star_parameters_density        |    5.95  |      595  |    32000     |      30    |   41461 
   limb_darkening_ld_c1           |    2.52  |      252  |    18500     |     125    |       0 
   limb_darkening_ld_c2           |    2.60  |      260  |    20000     |     116    |       0 

All the chains have converged, but PyORBIT should keep running for about:
11346 more steps to reach 50*ACF,
34086 more steps to reach 100*ACF
Suggested value for burnin: 20769

 Plotting the ACF... 


====================================================================================================
     Ids, spaces (s), boundaries (b) and priors (p) of the sampler parameters     
====================================================================================================

----- dataset:  LCdata
jitter_0      id:   6  s:Linear      b:[      0.0000,       0.0500]   p:Uniform   []

----- dataset: LCdata                    ----- model: lc_model_b                    
Tc_0          id:   7  s:Linear      b:[      1.9214,       2.4186]   p:Uniform   []
Tc_1          id:   8  s:Linear      b:[      6.0797,       6.5783]   p:Uniform   []
Tc_2          id:   9  s:Linear      b:[     10.2394,      10.7381]   p:Uniform   []
Tc_3          id:  10  s:Linear      b:[     14.3978,      14.8964]   p:Uniform   []
Tc_4          id:  11  s:Linear      b:[     18.5575,      19.0561]   p:Uniform   []
Tc_5          id:  12  s:Linear      b:[     22.7158,      23.2144]   p:Uniform   []

----- common model:  b
P             id:   0  s:Linear      b:[      4.1550,       4.1650]   p:Gaussian   [4.159151e+00 2.000000e-05]
R_Rs          id:   1  s:Linear      b:[      0.0000,       0.5000]   p:Uniform   []
b             id:   2  s:Linear      b:[      0.0000,       2.0000]   p:Uniform   []
e             derived (no id, space, bound)                           p:None   []
omega         derived (no id, space, bound)                           p:None   []

----- common model:  star_parameters
density       id:   5  s:Linear      b:[      0.0000,       5.0000]   p:Gaussian   [0.7 0.1]
mass          derived (no id, space, bound)                           p:Gaussian   [1.05 0.04]
radius        derived (no id, space, bound)                           p:Gaussian   [1.15 0.04]

----- common model:  limb_darkening
ld_c1         id:   3  s:Linear      b:[      0.0000,       1.0000]   p:Gaussian   [0.5  0.05]
ld_c2         id:   4  s:Linear      b:[     -1.0000,       1.0000]   p:Gaussian   [0.1  0.05]


****************************************************************************************************
****************************************************************************************************

 Confidence intervals (median value, 34.135th percentile from the median on the left and right side)

====================================================================================================
     Statistics on the posterior of the sampler parameters     
====================================================================================================

----- dataset:  LCdata
jitter_0         6      0.000032    -0.000018     0.000022   (15-84 p)   [    0.0000,     0.0500]

----- dataset: LCdata                    ----- model: lc_model_b                    
Tc_0             7       2.16998     -0.00017      0.00017   (15-84 p)   [    1.9214,     2.4186]
Tc_1             8       6.32963     -0.00017      0.00018   (15-84 p)   [    6.0797,     6.5783]
Tc_2             9      10.48921     -0.00017      0.00017   (15-84 p)   [   10.2394,    10.7381]
Tc_3            10      14.64788     -0.00017      0.00017   (15-84 p)   [   14.3978,    14.8964]
Tc_4            11      18.80574     -0.00017      0.00017   (15-84 p)   [   18.5575,    19.0561]
Tc_5            12      22.96501     -0.00016      0.00017   (15-84 p)   [   22.7158,    23.2144]

----- common model:  b
P                0      4.159150    -0.000020     0.000020   (15-84 p)   [    4.1550,     4.1650]
R_Rs             1       0.10003     -0.00024      0.00028   (15-84 p)   [    0.0000,     0.5000]
b                2         0.074       -0.052        0.072   (15-84 p)   [    0.0000,     2.0000]

----- common model:  star_parameters
density          5        0.7396       -0.016       0.0073   (15-84 p)   [    0.0000,     5.0000]

----- common model:  limb_darkening
ld_c1            3         0.481       -0.020        0.020   (15-84 p)   [    0.0000,     1.0000]
ld_c2            4         0.087       -0.038        0.037   (15-84 p)   [   -1.0000,     1.0000]

====================================================================================================
     Statistics on the model parameters obtained from the posteriors samples     
====================================================================================================

----- dataset:  LCdata
jitter_0              0.000032    -0.000018     0.000022    (15-84 p)


----- dataset: LCdata                    ----- model: lc_model_b                    
Tc_0                   2.16998     -0.00017      0.00017    (15-84 p)
Tc_1                   6.32963     -0.00017      0.00018    (15-84 p)
Tc_2                  10.48921     -0.00017      0.00017    (15-84 p)
Tc_3                  14.64788     -0.00017      0.00017    (15-84 p)
Tc_4                  18.80574     -0.00017      0.00017    (15-84 p)
Tc_5                  22.96501     -0.00016      0.00017    (15-84 p)

----- common model:  b
P                     4.159150    -0.000020     0.000020    (15-84 p)
e                         0.00                              [fixed]
omega                90.000000                              [fixed]
R_Rs                   0.10003     -0.00024      0.00028    (15-84 p)
b                        0.074       -0.052        0.072    (15-84 p)

----- common model:  star_parameters
density                 0.7396       -0.016       0.0073    (15-84 p)

----- common model:  limb_darkening
ld_c1                    0.481       -0.020        0.020    (15-84 p)
ld_c2                    0.087       -0.038        0.037    (15-84 p)

====================================================================================================
     Statistics on the derived parameters obtained from the posteriors samples     
====================================================================================================

----- common model:  b
a_Rs                     9.838       -0.070        0.032    (15-84 p)
i                        89.57        -0.42         0.30    (15-84 p)
R_Rj                     1.120       -0.039        0.039    (15-84 p)
R_Re                     12.56        -0.44         0.43    (15-84 p)
T_41                   0.14796     -0.00028      0.00031    (15-84 p)
T_32                   0.12075     -0.00037      0.00031    (15-84 p)
a_AU_(rho,R)            0.0525      -0.0019       0.0018    (15-84 p)


====================================================================================================
     ------------------------------------------------------------------------------------------     
====================================================================================================



****************************************************************************************************

 Parameters corresponding to the Maximum a Posteriori probability ( 97041.82590150653 )

====================================================================================================
     Statistics on the posterior of the sampler parameters     
====================================================================================================

----- dataset:  LCdata
jitter_0         6      0.000030 [    0.0000,     0.0500]

----- dataset: LCdata                    ----- model: lc_model_b                    
Tc_0             7      2.169983 [    1.9214,     2.4186]
Tc_1             8      6.329656 [    6.0797,     6.5783]
Tc_2             9     10.489155 [   10.2394,    10.7381]
Tc_3            10     14.647912 [   14.3978,    14.8964]
Tc_4            11     18.805664 [   18.5575,    19.0561]
Tc_5            12     22.965046 [   22.7158,    23.2144]

----- common model:  b
P                0      4.159150 [    4.1550,     4.1650]
R_Rs             1      0.099982 [    0.0000,     0.5000]
b                2      0.000056 [    0.0000,     2.0000]

----- common model:  star_parameters
density          5      0.747623 [    0.0000,     5.0000]

----- common model:  limb_darkening
ld_c1            3      0.486134 [    0.0000,     1.0000]
ld_c2            4      0.074084 [   -1.0000,     1.0000]

====================================================================================================
     Statistics on the model parameters obtained from the posteriors samples     
====================================================================================================

----- dataset:  LCdata
jitter_0              0.000030 


----- dataset: LCdata                    ----- model: lc_model_b                    
Tc_0                  2.169983 
Tc_1                  6.329656 
Tc_2                 10.489155 
Tc_3                 14.647912 
Tc_4                 18.805664 
Tc_5                 22.965046 

----- common model:  b
P                     4.159150 
e                         0.00 
omega                90.000000 
R_Rs                  0.099982 
b                     0.000056 

----- common model:  star_parameters
density               0.747623 

----- common model:  limb_darkening
ld_c1                 0.486134 
ld_c2                 0.074084 

====================================================================================================
     Statistics on the derived parameters obtained from the posteriors samples     
====================================================================================================

----- common model:  b
a_Rs                  9.873700 
i                    89.999675 
R_Rj                  1.129061 
R_Re                 12.655554 
T_41                  0.147796 
T_32                  0.120845 
a_AU_(rho,R)          0.053285 


====================================================================================================
     ------------------------------------------------------------------------------------------     
====================================================================================================



****************************************************************************************************

 Parameters corresponding to the sample closest to the median values ( 97041.55480399099 )

====================================================================================================
     Statistics on the posterior of the sampler parameters     
====================================================================================================

----- dataset:  LCdata
jitter_0         6      0.000028 [    0.0000,     0.0500]

----- dataset: LCdata                    ----- model: lc_model_b                    
Tc_0             7      2.169965 [    1.9214,     2.4186]
Tc_1             8      6.329587 [    6.0797,     6.5783]
Tc_2             9     10.489242 [   10.2394,    10.7381]
Tc_3            10     14.647816 [   14.3978,    14.8964]
Tc_4            11     18.805686 [   18.5575,    19.0561]
Tc_5            12     22.964999 [   22.7158,    23.2144]

----- common model:  b
P                0      4.159143 [    4.1550,     4.1650]
R_Rs             1      0.100131 [    0.0000,     0.5000]
b                2      0.092230 [    0.0000,     2.0000]

----- common model:  star_parameters
density          5      0.738842 [    0.0000,     5.0000]

----- common model:  limb_darkening
ld_c1            3      0.483762 [    0.0000,     1.0000]
ld_c2            4      0.073283 [   -1.0000,     1.0000]

====================================================================================================
     Statistics on the model parameters obtained from the posteriors samples     
====================================================================================================

----- dataset:  LCdata
jitter_0              0.000028 


----- dataset: LCdata                    ----- model: lc_model_b                    
Tc_0                  2.169965 
Tc_1                  6.329587 
Tc_2                 10.489242 
Tc_3                 14.647816 
Tc_4                 18.805686 
Tc_5                 22.964999 

----- common model:  b
P                     4.159143 
e                         0.00 
omega                90.000000 
R_Rs                  0.100131 
b                     0.092230 

----- common model:  star_parameters
density               0.738842 

----- common model:  limb_darkening
ld_c1                 0.483762 
ld_c2                 0.073283 

====================================================================================================
     Statistics on the derived parameters obtained from the posteriors samples     
====================================================================================================

----- common model:  b
a_Rs                  9.834883 
i                    89.462683 
R_Rj                  1.072132 
R_Re                 12.017438 
T_41                  0.147884 
T_32                  0.120668 
a_AU_(rho,R)          0.050324 


====================================================================================================
     ------------------------------------------------------------------------------------------     
====================================================================================================



****************************************************************************************************

Note: priors on stellar mass and radius provided independently from the measured density, no check for consistency is performed

 Plot FLAT chain 

****************************************************************************************************

Plotting full_correlation plot with pygtc

****************************************************************************************************

 Plotting the chains... 

****************************************************************************************************

 Plotting the Gelman-Rubin traces... 

     Gelman-Rubin:     6     1.001516 LCdata_jitter_0 
     Gelman-Rubin:     7     1.001526 LCdata_lc_model_b_Tc_0 
     Gelman-Rubin:     8     1.001868 LCdata_lc_model_b_Tc_1 
     Gelman-Rubin:     9     1.002010 LCdata_lc_model_b_Tc_2 
     Gelman-Rubin:    10     1.002260 LCdata_lc_model_b_Tc_3 
     Gelman-Rubin:    11     1.002817 LCdata_lc_model_b_Tc_4 
     Gelman-Rubin:    12     1.002097 LCdata_lc_model_b_Tc_5 
     Gelman-Rubin:     0     1.003532 b_P 
     Gelman-Rubin:     1     1.006328 b_R_Rs 
     Gelman-Rubin:     2     1.007693 b_b 
     Gelman-Rubin:     5     1.008855 star_parameters_density 
     Gelman-Rubin:     3     1.001027 limb_darkening_ld_c1 
     Gelman-Rubin:     4     1.001275 limb_darkening_ld_c2 

****************************************************************************************************

 Plotting the common models corner plots
     Common model:  b
     Common model:  star_parameters
     Common model:  limb_darkening

****************************************************************************************************

 Dataset + models corner plots 

     Dataset:  LCdata     model:  lc_model_b  corner plot  starting 
     Dataset:  LCdata     model:  lc_model_b  corner plot  done 

****************************************************************************************************

 Saving the planet parameter samplings to files (with plots)

****************************************************************************************************

 Saving all the parameter samplings to files (with plots)

****************************************************************************************************

 Computing the models for plot/data writing 
