
PyORBIT v10.6.0

Python version in use:
3.10.14 (main, May  6 2024, 19:42:50) [GCC 11.2.0]

reloaded_optimize:  False
reloaded_pyde:  False
reloaded_emcee:  False

number of multiprocessing threads: 16
multiprocessing method (should be fork):  fork

parameters/safe_reload flag (must be True for tinygp):  False

Opening:  LCdata_inst00
Opening:  LCdata_inst01
Adding common model of planet:  b
Adding common model of planet:  c
  LC model: lc_model_b is using limb_darkening LD parameters
  LC model: lc_model_c is using limb_darkening LD parameters
Using orbital model:  circular
Using orbital parametrization:  Eastman2013
Time of inferior conjunction replacing mean longitude as a free parameter:  True
Dataset flag of times of inferior conjuctions:  id_transit_b

Using orbital model:  circular
Using orbital parametrization:  Eastman2013
Time of inferior conjunction replacing mean longitude as a free parameter:  True
Dataset flag of times of inferior conjuctions:  id_transit_c

Using limb darkening coefficient parametrization:  Standard
Shared transit-specific time of transits (i.e., TTVs):  True
Shared transit-specific time of transits (i.e., TTVs):  True

====================================================================================================
     Ids, spaces (s), boundaries (b) and priors (p) of the sampler parameters     
====================================================================================================

----- dataset:  LCdata_inst00
jitter_0      id:  22  s:Linear      b:[      0.0000,       0.0500]   p:Uniform   []

----- dataset:  LCdata_inst01
jitter_0      id:  23  s:Linear      b:[      0.0000,       0.0500]   p:Uniform   []

----- common model:  b
P             id:   0  s:Linear      b:[      4.1550,       4.1650]   p:Gaussian   [4.159151e+00 2.000000e-05]
R_Rs          id:   1  s:Linear      b:[      0.0000,       0.5000]   p:Uniform   []
b             id:   2  s:Linear      b:[      0.0000,       2.0000]   p:Uniform   []
Tc_0          id:   3  s:Linear      b:[      1.9214,       2.4200]   p:Uniform   []
Tc_1          id:   4  s:Linear      b:[      6.0797,       6.5783]   p:Uniform   []
Tc_2          id:   5  s:Linear      b:[     10.2394,      10.7381]   p:Uniform   []
Tc_3          id:   6  s:Linear      b:[     14.3988,      14.8975]   p:Uniform   []
Tc_4          id:   7  s:Linear      b:[     18.5572,      19.0558]   p:Uniform   []
Tc_5          id:   8  s:Linear      b:[     22.7169,      23.2155]   p:Uniform   []
Tc_6          id:   9  s:Linear      b:[     26.8752,      27.3738]   p:Uniform   []
Tc_7          id:  10  s:Linear      b:[     31.0350,      31.5336]   p:Uniform   []
Tc_8          id:  11  s:Linear      b:[     35.1933,      35.6919]   p:Uniform   []
e             derived (no id, space, bound)                           p:None   []
omega         derived (no id, space, bound)                           p:None   []

----- common model:  c
P             id:  15  s:Linear      b:[      9.0200,       9.0400]   p:Gaussian   [9.030501e+00 2.000000e-05]
R_Rs          id:  16  s:Linear      b:[      0.0000,       0.5000]   p:Uniform   []
b             id:  17  s:Linear      b:[      0.0000,       2.0000]   p:Uniform   []
Tc_0          id:  18  s:Linear      b:[      1.7214,       2.2200]   p:Uniform   []
Tc_1          id:  19  s:Linear      b:[     10.7506,      11.2492]   p:Uniform   []
Tc_2          id:  20  s:Linear      b:[     19.7822,      20.2808]   p:Uniform   []
Tc_3          id:  21  s:Linear      b:[     28.8127,      29.3113]   p:Uniform   []
e             derived (no id, space, bound)                           p:None   []
omega         derived (no id, space, bound)                           p:None   []

----- common model:  star_parameters
density       id:  14  s:Linear      b:[      0.0000,       5.0000]   p:Gaussian   [0.7 0.1]
mass          derived (no id, space, bound)                           p:Gaussian   [1.05 0.04]
radius        derived (no id, space, bound)                           p:Gaussian   [1.15 0.04]

----- common model:  limb_darkening
ld_c1         id:  12  s:Linear      b:[      0.0000,       1.0000]   p:Gaussian   [0.5  0.05]
ld_c2         id:  13  s:Linear      b:[     -1.0000,       1.0000]   p:Gaussian   [0.1  0.05]

Include priors:  True

Reference Time Tref:  0.0

Dimensions =  24
Nwalkers =  96

Using threading pool for PyDE: True
PyDE running
Boundaries redefined after PyDE output
PyDE completed, it took         16.0 seconds

====================================================================================================
     Starting point of the sample/optimization routines    
====================================================================================================

----- dataset:  LCdata_inst00
jitter_0        22      0.000006 [    0.0000,     0.0500]

----- dataset:  LCdata_inst01
jitter_0        23      0.000022 [    0.0000,     0.0500]

----- common model:  b
P                0      4.159151 [    4.1550,     4.1650]
R_Rs             1      0.099970 [    0.0000,     0.5000]
b                2      0.163563 [    0.0000,     2.0000]
Tc_0             3      2.169910 [    1.9214,     2.4200]
Tc_1             4      6.330030 [    6.0797,     6.5783]
Tc_2             5     10.489162 [   10.2394,    10.7381]
Tc_3             6     14.648007 [   14.3988,    14.8975]
Tc_4             7     18.806203 [   18.5572,    19.0558]
Tc_5             8     22.965138 [   22.7169,    23.2155]
Tc_6             9     27.123604 [   26.8752,    27.3738]
Tc_7            10     31.283067 [   31.0350,    31.5336]
Tc_8            11     35.442984 [   35.1933,    35.6919]

----- common model:  c
P               15      9.030501 [    9.0200,     9.0400]
R_Rs            16      0.050058 [    0.0000,     0.5000]
b               17      0.277307 [    0.0000,     2.0000]
Tc_0            18      1.969416 [    1.7214,     2.2200]
Tc_1            19     11.000980 [   10.7506,    11.2492]
Tc_2            20     20.031453 [   19.7822,    20.2808]
Tc_3            21     29.062199 [   28.8127,    29.3113]

----- common model:  star_parameters
density         14      0.710079 [    0.0000,     5.0000]

----- common model:  limb_darkening
ld_c1           12      0.505470 [    0.0000,     1.0000]
ld_c2           13      0.091758 [   -1.0000,     1.0000]

====================================================================================================
     Starting point projected onto the model parameter space     
====================================================================================================

----- dataset:  LCdata_inst00
jitter_0              0.000006 


----- dataset:  LCdata_inst01
jitter_0              0.000022 


----- common model:  b
P                     4.159151 
e                         0.00 
omega                90.000000 
R_Rs                  0.099970 
b                     0.163563 
Tc_0                  2.169910 
Tc_1                  6.330030 
Tc_2                 10.489162 
Tc_3                 14.648007 
Tc_4                 18.806203 
Tc_5                 22.965138 
Tc_6                 27.123604 
Tc_7                 31.283067 
Tc_8                 35.442984 

----- common model:  c
P                     9.030501 
e                         0.00 
omega                90.000000 
R_Rs                  0.050058 
b                     0.277307 
Tc_0                  1.969416 
Tc_1                 11.000980 
Tc_2                 20.031453 
Tc_3                 29.062199 

----- common model:  star_parameters
density               0.710079 

----- common model:  limb_darkening
ld_c1                 0.505470 
ld_c2                 0.091758 

====================================================================================================
     Derived parameters obtained from starting point     
====================================================================================================

----- common model:  b
a_Rs                  9.705580 
i                    89.034377 
R_Rj                  1.112409 
R_Re                 12.468897 
T_41                  0.148708 
T_32                  0.120910 
a_AU_(rho,R)          0.051612 

----- common model:  c
a_Rs                 16.273948 
i                    89.023637 
R_Rj                  0.596660 
R_Re                  6.687911 
T_41                  0.179031 
T_32                  0.160588 
a_AU_(rho,R)          0.092700 


====================================================================================================
     Statistics on the log-likelihood     
====================================================================================================

 LN probability: 194082.335939 

====================================================================================================
     ------------------------------------------------------------------------------------------     
====================================================================================================



*************************************************************

Running emcee

emcee version:  3.1.6
Using threading pool for emcee: True


Computing the autocorrelation time of the chains

***** WARNING ******
The integrated autocorrelation time cannot be reliably estimated
likely the chains are too short, and ACF analysis is not fully reliable
emcee.autocorr.integrated_time tolerance lowered to 20
If you still get a warning, you should drop these results entirely

Reference thinning used in the analysis: 100
Step length used in the analysis: 15*nthin = 1500

Convergence criteria: less than 1% variation in ACF after 20 times the integrated ACF
At least 50*ACF after convergence, 100*ACF would be ideal
Negative values: not converged yet

   sampler parameter              |    ACF   | ACF*nthin | converged at | nsteps/ACF | to 100*ACF
                                  |          |           |              |            | 
   LCdata_inst00_jitter_0         |    6.91  |      691  |    40500     |      14    |   59558 
   LCdata_inst01_jitter_0         |    6.57  |      657  |    30000     |      30    |   45704 
   b_P                            |    6.38  |      638  |    40500     |      15    |   54276 
   b_R_Rs                         |   12.94  |     1294  |       -1     |      -1    |  130646 
   b_b                            |   15.29  |     1529  |       -1     |      -1    |  154449 
   b_Tc_0                         |    6.43  |      643  |    28500     |      33    |   42840 
   b_Tc_1                         |    6.71  |      671  |    28500     |      32    |   45553 
   b_Tc_2                         |    6.27  |      627  |    34500     |      25    |   47176 
   b_Tc_3                         |    6.94  |      694  |    39000     |      16    |   58427 
   b_Tc_4                         |    6.38  |      638  |    36000     |      22    |   49828 
   b_Tc_5                         |    6.57  |      657  |    31500     |      28    |   47205 
   b_Tc_6                         |    6.77  |      677  |    40500     |      14    |   58217 
   b_Tc_7                         |    6.30  |      630  |    27000     |      36    |   40038 
   b_Tc_8                         |    6.15  |      615  |    33000     |      28    |   44472 
   c_P                            |    6.49  |      649  |    43500     |      10    |   58377 
   c_R_Rs                         |    8.86  |      886  |    39000     |      12    |   77605 
   c_b                            |   14.22  |     1422  |       -1     |      -1    |  143668 
   c_Tc_0                         |    6.79  |      679  |    36000     |      21    |   53878 
   c_Tc_1                         |    6.25  |      625  |    37500     |      20    |   49952 
   c_Tc_2                         |    6.42  |      642  |    27000     |      36    |   41171 
   c_Tc_3                         |    6.10  |      610  |    40500     |      16    |   51460 
   star_parameters_density        |   14.55  |     1455  |       -1     |      -1    |  146976 
   limb_darkening_ld_c1           |    6.86  |      686  |    37500     |      18    |   56069 
   limb_darkening_ld_c2           |    7.65  |      765  |    42000     |      10    |   68484 

     4 chains have not converged yet, keep going 

====================================================================================================
     Statistics on the posterior of the sampler parameters     
====================================================================================================

----- dataset:  LCdata_inst00
jitter_0        22      0.000029    -0.000016     0.000022   (15-84 p)   [    0.0000,     0.0500]

----- dataset:  LCdata_inst01
jitter_0        23      0.000034    -0.000020     0.000024   (15-84 p)   [    0.0000,     0.0500]

----- common model:  b
P                0      4.159151    -0.000021     0.000020   (15-84 p)   [    4.1550,     4.1650]
R_Rs             1       0.09983     -0.00028      0.00037   (15-84 p)   [    0.0000,     0.5000]
b                2         0.134       -0.080        0.066   (15-84 p)   [    0.0000,     2.0000]
Tc_0             3       2.16991     -0.00017      0.00018   (15-84 p)   [    1.9214,     2.4200]
Tc_1             4       6.33003     -0.00018      0.00018   (15-84 p)   [    6.0797,     6.5783]
Tc_2             5      10.48917     -0.00017      0.00017   (15-84 p)   [   10.2394,    10.7381]
Tc_3             6      14.64801     -0.00012      0.00012   (15-84 p)   [   14.3988,    14.8975]
Tc_4             7      18.80620     -0.00012      0.00012   (15-84 p)   [   18.5572,    19.0558]
Tc_5             8      22.96514     -0.00012      0.00012   (15-84 p)   [   22.7169,    23.2155]
Tc_6             9      27.12361     -0.00017      0.00017   (15-84 p)   [   26.8752,    27.3738]
Tc_7            10      31.28307     -0.00018      0.00018   (15-84 p)   [   31.0350,    31.5336]
Tc_8            11      35.44299     -0.00017      0.00018   (15-84 p)   [   35.1933,    35.6919]

----- common model:  c
P               15      9.030501    -0.000020     0.000020   (15-84 p)   [    9.0200,     9.0400]
R_Rs            16       0.05000     -0.00025      0.00027   (15-84 p)   [    0.0000,     0.5000]
b               17         0.262       -0.032        0.038   (15-84 p)   [    0.0000,     2.0000]
Tc_0            18       1.96945     -0.00060      0.00058   (15-84 p)   [    1.7214,     2.2200]
Tc_1            19      11.00103     -0.00063      0.00065   (15-84 p)   [   10.7506,    11.2492]
Tc_2            20      20.03143     -0.00048      0.00047   (15-84 p)   [   19.7822,    20.2808]
Tc_3            21      29.06216     -0.00061      0.00059   (15-84 p)   [   28.8127,    29.3113]

----- common model:  star_parameters
density         14         0.719       -0.022        0.015   (15-84 p)   [    0.0000,     5.0000]

----- common model:  limb_darkening
ld_c1           12         0.504       -0.017        0.017   (15-84 p)   [    0.0000,     1.0000]
ld_c2           13         0.097       -0.035        0.034   (15-84 p)   [   -1.0000,     1.0000]

====================================================================================================
     Statistics on the model parameters obtained from the posteriors samples     
====================================================================================================

----- dataset:  LCdata_inst00
jitter_0              0.000029    -0.000016     0.000022    (15-84 p)


----- dataset:  LCdata_inst01
jitter_0              0.000034    -0.000020     0.000024    (15-84 p)


----- common model:  b
P                     4.159151    -0.000021     0.000020    (15-84 p)
e                         0.00                              [fixed]
omega                90.000000                              [fixed]
R_Rs                   0.09983     -0.00028      0.00037    (15-84 p)
b                        0.134       -0.080        0.066    (15-84 p)
Tc_0                   2.16991     -0.00017      0.00018    (15-84 p)
Tc_1                   6.33003     -0.00018      0.00018    (15-84 p)
Tc_2                  10.48917     -0.00017      0.00017    (15-84 p)
Tc_3                  14.64801     -0.00012      0.00012    (15-84 p)
Tc_4                  18.80620     -0.00012      0.00012    (15-84 p)
Tc_5                  22.96514     -0.00012      0.00012    (15-84 p)
Tc_6                  27.12361     -0.00017      0.00017    (15-84 p)
Tc_7                  31.28307     -0.00018      0.00018    (15-84 p)
Tc_8                  35.44299     -0.00017      0.00018    (15-84 p)

----- common model:  c
P                     9.030501    -0.000020     0.000020    (15-84 p)
e                         0.00                              [fixed]
omega                90.000000                              [fixed]
R_Rs                   0.05000     -0.00025      0.00027    (15-84 p)
b                        0.262       -0.032        0.038    (15-84 p)
Tc_0                   1.96945     -0.00060      0.00058    (15-84 p)
Tc_1                  11.00103     -0.00063      0.00065    (15-84 p)
Tc_2                  20.03143     -0.00048      0.00047    (15-84 p)
Tc_3                  29.06216     -0.00061      0.00059    (15-84 p)

----- common model:  star_parameters
density                  0.719       -0.022        0.015    (15-84 p)

----- common model:  limb_darkening
ld_c1                    0.504       -0.017        0.017    (15-84 p)
ld_c2                    0.097       -0.035        0.034    (15-84 p)

====================================================================================================
     Statistics on the derived parameters obtained from the posteriors samples     
====================================================================================================

----- common model:  b
a_Rs                     9.744       -0.100        0.067    (15-84 p)
i                        89.21        -0.40         0.47    (15-84 p)
R_Rj                     1.119       -0.039        0.039    (15-84 p)
R_Re                     12.54        -0.44         0.43    (15-84 p)
T_41                   0.14866     -0.00026      0.00028    (15-84 p)
T_32                   0.12110     -0.00052      0.00037    (15-84 p)
a_AU_(rho,R)            0.0521      -0.0019       0.0018    (15-84 p)

----- common model:  c
a_Rs                     16.34        -0.17         0.11    (15-84 p)
i                        89.08        -0.14         0.12    (15-84 p)
R_Rj                     0.560       -0.020        0.020    (15-84 p)
R_Re                      6.27        -0.22         0.22    (15-84 p)
T_41                   0.17909     -0.00060      0.00061    (15-84 p)
T_32                   0.16078     -0.00077      0.00076    (15-84 p)
a_AU_(rho,R)            0.0873      -0.0032       0.0031    (15-84 p)


====================================================================================================
     ------------------------------------------------------------------------------------------     
====================================================================================================



emcee completed

