
PyORBIT v10.6.0

Python version in use:
3.10.14 (main, May  6 2024, 19:42:50) [GCC 11.2.0]
 LaTeX disabled by default
Using orbital model:  circular
Using orbital parametrization:  Eastman2013
Time of inferior conjunction replacing mean longitude as a free parameter:  True

Using limb darkening coefficient parametrization:  Standard

emcee version:  3.1.6

 Reference Time Tref: 0.0

 Dimensions = 18
 Nwalkers = 72

 Steps: 50000


 LN posterior: 13341.353997      -2.888853     2.359997 (15-84 p) 

 Median log_priors     = 37.26677026436527
 Median log_likelihood = 13311.198733944706

 Median BIC  (using likelihood) = -26484.195924877204
 Median AIC  (using likelihood) = -26586.397467889412
 Median AICc (using likelihood) = -26586.07799100945

 Median BIC  (using posterior)  = -26558.729465405933
 Median AIC  (using posterior)  = -26660.93100841814
 Median AICc (using posterior)  = -26660.61153153818

 MAP log_priors     = 37.377452717834956
 MAP log_likelihood = 13310.191641041598

 MAP BIC  (using likelihood) = -26482.181739070988
 MAP AIC  (using likelihood) = -26584.383282083196
 MAP AICc (using likelihood) = -26584.063805203234

 MAP BIC  (using posterior)  = -26556.93664450666
 MAP AIC  (using posterior)  = -26659.138187518867
 MAP AICc (using posterior)  = -26658.818710638905

 AIC suggested over AICs because NDATA ( 2160 ) > 40 * NDIM ( 18 )

****************************************************************************************************


Computing the autocorrelation time of the chains

***** WARNING ******
The integrated autocorrelation time cannot be reliably estimated
likely the chains are too short, and ACF analysis is not fully reliable
emcee.autocorr.integrated_time tolerance lowered to 20
If you still get a warning, you should drop these results entirely

Reference thinning used in the analysis: 100
Step length used in the analysis: 13*nthin = 1300

Convergence criteria: less than 1% variation in ACF after 20 times the integrated ACF
At least 50*ACF after convergence, 100*ACF would be ideal
Negative values: not converged yet

   sampler parameter              |    ACF   | ACF*nthin | converged at | nsteps/ACF | to 100*ACF
                                  |          |           |              |            | 
   LCdata_transit00_jitter_0      |    6.39  |      639  |    35100     |      23    |   49021 
   LCdata_transit00_lc_model_b_Tc |    5.85  |      585  |    32500     |      30    |   41030 
   LCdata_transit01_jitter_0      |    6.15  |      615  |    31200     |      31    |   42693 
   LCdata_transit01_lc_model_b_Tc |    5.96  |      596  |    31200     |      32    |   40781 
   LCdata_transit02_jitter_0      |    6.39  |      639  |    24700     |      40    |   38597 
   LCdata_transit02_lc_model_b_Tc |    6.39  |      639  |    32500     |      27    |   46404 
   LCdata_transit03_jitter_0      |    6.17  |      617  |    28600     |      35    |   40272 
   LCdata_transit03_lc_model_b_Tc |    6.03  |      603  |    35100     |      25    |   45382 
   LCdata_transit04_jitter_0      |    6.56  |      656  |    36400     |      21    |   51996 
   LCdata_transit04_lc_model_b_Tc |    5.92  |      592  |    29900     |      34    |   39092 
   LCdata_transit05_jitter_0      |    6.00  |      600  |    27300     |      38    |   37313 
   LCdata_transit05_lc_model_b_Tc |    6.24  |      624  |    33800     |      26    |   46167 
   b_P                            |    5.88  |      588  |    35100     |      25    |   43909 
   b_R_Rs                         |   11.64  |     1164  |    39000     |       9    |  105433 
   b_b                            |   13.84  |     1384  |    41600     |       6    |  130022 
   star_parameters_density        |   12.86  |     1286  |    41600     |       7    |  120235 
   limb_darkening_ld_c1           |    5.98  |      598  |    33800     |      27    |   43643 
   limb_darkening_ld_c2           |    6.46  |      646  |    36400     |      21    |   51008 

All the chains have converged, but PyORBIT should keep running for about:
19967 more steps to reach 50*ACF,
56278 more steps to reach 100*ACF
Suggested value for burnin: 33656

 Plotting the ACF... 


====================================================================================================
     Ids, spaces (s), boundaries (b) and priors (p) of the sampler parameters     
====================================================================================================

----- dataset:  LCdata_transit00
jitter_0      id:   6  s:Linear      b:[      0.0000,       0.0500]   p:Uniform   []

----- dataset: LCdata_transit00          ----- model: lc_model_b                    
Tc            id:   7  s:Linear      b:[      1.9200,       2.4186]   p:Uniform   [0. 0.]

----- dataset:  LCdata_transit01
jitter_0      id:   8  s:Linear      b:[      0.0000,       0.0500]   p:Uniform   []

----- dataset: LCdata_transit01          ----- model: lc_model_b                    
Tc            id:   9  s:Linear      b:[      6.0792,       6.5778]   p:Uniform   [0. 0.]

----- dataset:  LCdata_transit02
jitter_0      id:  10  s:Linear      b:[      0.0000,       0.0500]   p:Uniform   []

----- dataset: LCdata_transit02          ----- model: lc_model_b                    
Tc            id:  11  s:Linear      b:[     10.2383,      10.7369]   p:Uniform   [0. 0.]

----- dataset:  LCdata_transit03
jitter_0      id:  12  s:Linear      b:[      0.0000,       0.0500]   p:Uniform   []

----- dataset: LCdata_transit03          ----- model: lc_model_b                    
Tc            id:  13  s:Linear      b:[     14.3975,      14.8961]   p:Uniform   [0. 0.]

----- dataset:  LCdata_transit04
jitter_0      id:  14  s:Linear      b:[      0.0000,       0.0500]   p:Uniform   []

----- dataset: LCdata_transit04          ----- model: lc_model_b                    
Tc            id:  15  s:Linear      b:[     18.5566,      19.0552]   p:Uniform   [0. 0.]

----- dataset:  LCdata_transit05
jitter_0      id:  16  s:Linear      b:[      0.0000,       0.0500]   p:Uniform   []

----- dataset: LCdata_transit05          ----- model: lc_model_b                    
Tc            id:  17  s:Linear      b:[     22.7158,      23.2144]   p:Uniform   [0. 0.]

----- common model:  b
P             id:   0  s:Linear      b:[      4.1550,       4.1650]   p:Gaussian   [4.159151e+00 2.000000e-05]
R_Rs          id:   1  s:Linear      b:[      0.0000,       0.5000]   p:Uniform   []
b             id:   2  s:Linear      b:[      0.0000,       2.0000]   p:Uniform   []
e             derived (no id, space, bound)                           p:None   []
omega         derived (no id, space, bound)                           p:None   []

----- common model:  star_parameters
density       id:   5  s:Linear      b:[      0.0000,       5.0000]   p:Gaussian   [0.7 0.1]
mass          derived (no id, space, bound)                           p:Gaussian   [1.05 0.04]
radius        derived (no id, space, bound)                           p:Gaussian   [1.15 0.04]

----- common model:  limb_darkening
ld_c1         id:   3  s:Linear      b:[      0.0000,       1.0000]   p:Gaussian   [0.5  0.05]
ld_c2         id:   4  s:Linear      b:[     -1.0000,       1.0000]   p:Gaussian   [0.1  0.05]


****************************************************************************************************
****************************************************************************************************

 Confidence intervals (median value, 34.135th percentile from the median on the left and right side)

====================================================================================================
     Statistics on the posterior of the sampler parameters     
====================================================================================================

----- dataset:  LCdata_transit00
jitter_0         6      0.000129    -0.000075     0.000064   (15-84 p)   [    0.0000,     0.0500]

----- dataset: LCdata_transit00          ----- model: lc_model_b                    
Tc               7       2.17009     -0.00018      0.00018   (15-84 p)   [    1.9200,     2.4186]

----- dataset:  LCdata_transit01
jitter_0         8      0.000135    -0.000079     0.000064   (15-84 p)   [    0.0000,     0.0500]

----- dataset: LCdata_transit01          ----- model: lc_model_b                    
Tc               9       6.32987     -0.00019      0.00019   (15-84 p)   [    6.0792,     6.5778]

----- dataset:  LCdata_transit02
jitter_0        10      0.000081    -0.000052     0.000064   (15-84 p)   [    0.0000,     0.0500]

----- dataset: LCdata_transit02          ----- model: lc_model_b                    
Tc              11      10.48920     -0.00017      0.00018   (15-84 p)   [   10.2383,    10.7369]

----- dataset:  LCdata_transit03
jitter_0        12      0.000092    -0.000057     0.000064   (15-84 p)   [    0.0000,     0.0500]

----- dataset: LCdata_transit03          ----- model: lc_model_b                    
Tc              13      14.64770     -0.00018      0.00018   (15-84 p)   [   14.3975,    14.8961]

----- dataset:  LCdata_transit04
jitter_0        14      0.000109    -0.000066     0.000065   (15-84 p)   [    0.0000,     0.0500]

----- dataset: LCdata_transit04          ----- model: lc_model_b                    
Tc              15      18.80612     -0.00017      0.00018   (15-84 p)   [   18.5566,    19.0552]

----- dataset:  LCdata_transit05
jitter_0        16      0.000087    -0.000056     0.000065   (15-84 p)   [    0.0000,     0.0500]

----- dataset: LCdata_transit05          ----- model: lc_model_b                    
Tc              17      22.96483     -0.00018      0.00018   (15-84 p)   [   22.7158,    23.2144]

----- common model:  b
P                0      4.159151    -0.000020     0.000020   (15-84 p)   [    4.1550,     4.1650]
R_Rs             1       0.10010     -0.00040      0.00053   (15-84 p)   [    0.0000,     0.5000]
b                2         0.168       -0.093        0.076   (15-84 p)   [    0.0000,     2.0000]

----- common model:  star_parameters
density          5         0.708       -0.031        0.023   (15-84 p)   [    0.0000,     5.0000]

----- common model:  limb_darkening
ld_c1            3         0.472       -0.021        0.021   (15-84 p)   [    0.0000,     1.0000]
ld_c2            4         0.129       -0.041        0.039   (15-84 p)   [   -1.0000,     1.0000]

====================================================================================================
     Statistics on the model parameters obtained from the posteriors samples     
====================================================================================================

----- dataset:  LCdata_transit00
jitter_0              0.000129    -0.000075     0.000064    (15-84 p)


----- dataset: LCdata_transit00          ----- model: lc_model_b                    
Tc                     2.17009     -0.00018      0.00018    (15-84 p)

----- dataset:  LCdata_transit01
jitter_0              0.000135    -0.000079     0.000064    (15-84 p)


----- dataset: LCdata_transit01          ----- model: lc_model_b                    
Tc                     6.32987     -0.00019      0.00019    (15-84 p)

----- dataset:  LCdata_transit02
jitter_0              0.000081    -0.000052     0.000064    (15-84 p)


----- dataset: LCdata_transit02          ----- model: lc_model_b                    
Tc                    10.48920     -0.00017      0.00018    (15-84 p)

----- dataset:  LCdata_transit03
jitter_0              0.000092    -0.000057     0.000064    (15-84 p)


----- dataset: LCdata_transit03          ----- model: lc_model_b                    
Tc                    14.64770     -0.00018      0.00018    (15-84 p)

----- dataset:  LCdata_transit04
jitter_0              0.000109    -0.000066     0.000065    (15-84 p)


----- dataset: LCdata_transit04          ----- model: lc_model_b                    
Tc                    18.80612     -0.00017      0.00018    (15-84 p)

----- dataset:  LCdata_transit05
jitter_0              0.000087    -0.000056     0.000065    (15-84 p)


----- dataset: LCdata_transit05          ----- model: lc_model_b                    
Tc                    22.96483     -0.00018      0.00018    (15-84 p)

----- common model:  b
P                     4.159151    -0.000020     0.000020    (15-84 p)
e                         0.00                              [fixed]
omega                90.000000                              [fixed]
R_Rs                   0.10010     -0.00040      0.00053    (15-84 p)
b                        0.168       -0.093        0.076    (15-84 p)

----- common model:  star_parameters
density                  0.708       -0.031        0.023    (15-84 p)

----- common model:  limb_darkening
ld_c1                    0.472       -0.021        0.021    (15-84 p)
ld_c2                    0.129       -0.041        0.039    (15-84 p)

====================================================================================================
     Statistics on the derived parameters obtained from the posteriors samples     
====================================================================================================

----- common model:  b
a_Rs                      9.69        -0.14         0.10    (15-84 p)
i                        89.01        -0.47         0.56    (15-84 p)
R_Rj                     1.122       -0.039        0.040    (15-84 p)
R_Re                     12.57        -0.44         0.44    (15-84 p)
T_41                   0.14881     -0.00038      0.00043    (15-84 p)
T_32                   0.12089     -0.00075      0.00053    (15-84 p)
a_AU_(rho,R)            0.0518      -0.0019       0.0019    (15-84 p)


====================================================================================================
     ------------------------------------------------------------------------------------------     
====================================================================================================



****************************************************************************************************

 Parameters corresponding to the Maximum a Posteriori probability ( 13347.569093759434 )

====================================================================================================
     Statistics on the posterior of the sampler parameters     
====================================================================================================

----- dataset:  LCdata_transit00
jitter_0         6      0.000174 [    0.0000,     0.0500]

----- dataset: LCdata_transit00          ----- model: lc_model_b                    
Tc               7      2.170037 [    1.9200,     2.4186]

----- dataset:  LCdata_transit01
jitter_0         8      0.000168 [    0.0000,     0.0500]

----- dataset: LCdata_transit01          ----- model: lc_model_b                    
Tc               9      6.329938 [    6.0792,     6.5778]

----- dataset:  LCdata_transit02
jitter_0        10      0.000076 [    0.0000,     0.0500]

----- dataset: LCdata_transit02          ----- model: lc_model_b                    
Tc              11     10.489231 [   10.2383,    10.7369]

----- dataset:  LCdata_transit03
jitter_0        12      0.000077 [    0.0000,     0.0500]

----- dataset: LCdata_transit03          ----- model: lc_model_b                    
Tc              13     14.647738 [   14.3975,    14.8961]

----- dataset:  LCdata_transit04
jitter_0        14      0.000131 [    0.0000,     0.0500]

----- dataset: LCdata_transit04          ----- model: lc_model_b                    
Tc              15     18.806206 [   18.5566,    19.0552]

----- dataset:  LCdata_transit05
jitter_0        16      0.000106 [    0.0000,     0.0500]

----- dataset: LCdata_transit05          ----- model: lc_model_b                    
Tc              17     22.964758 [   22.7158,    23.2144]

----- common model:  b
P                0      4.159148 [    4.1550,     4.1650]
R_Rs             1      0.100059 [    0.0000,     0.5000]
b                2      0.140641 [    0.0000,     2.0000]

----- common model:  star_parameters
density          5      0.718493 [    0.0000,     5.0000]

----- common model:  limb_darkening
ld_c1            3      0.477387 [    0.0000,     1.0000]
ld_c2            4      0.119698 [   -1.0000,     1.0000]

====================================================================================================
     Statistics on the model parameters obtained from the posteriors samples     
====================================================================================================

----- dataset:  LCdata_transit00
jitter_0              0.000174 


----- dataset: LCdata_transit00          ----- model: lc_model_b                    
Tc                    2.170037 

----- dataset:  LCdata_transit01
jitter_0              0.000168 


----- dataset: LCdata_transit01          ----- model: lc_model_b                    
Tc                    6.329938 

----- dataset:  LCdata_transit02
jitter_0              0.000076 


----- dataset: LCdata_transit02          ----- model: lc_model_b                    
Tc                   10.489231 

----- dataset:  LCdata_transit03
jitter_0              0.000077 


----- dataset: LCdata_transit03          ----- model: lc_model_b                    
Tc                   14.647738 

----- dataset:  LCdata_transit04
jitter_0              0.000131 


----- dataset: LCdata_transit04          ----- model: lc_model_b                    
Tc                   18.806206 

----- dataset:  LCdata_transit05
jitter_0              0.000106 


----- dataset: LCdata_transit05          ----- model: lc_model_b                    
Tc                   22.964758 

----- common model:  b
P                     4.159148 
e                         0.00 
omega                90.000000 
R_Rs                  0.100059 
b                     0.140641 

----- common model:  star_parameters
density               0.718493 

----- common model:  limb_darkening
ld_c1                 0.477387 
ld_c2                 0.119698 

====================================================================================================
     Statistics on the derived parameters obtained from the posteriors samples     
====================================================================================================

----- common model:  b
a_Rs                  9.743757 
i                    89.172964 
R_Rj                  1.101696 
R_Re                 12.348817 
T_41                  0.148567 
T_32                  0.120955 
a_AU_(rho,R)          0.051270 


====================================================================================================
     ------------------------------------------------------------------------------------------     
====================================================================================================



****************************************************************************************************

 Parameters corresponding to the sample closest to the median values ( 13347.569093759434 )

====================================================================================================
     Statistics on the posterior of the sampler parameters     
====================================================================================================

----- dataset:  LCdata_transit00
jitter_0         6      0.000174 [    0.0000,     0.0500]

----- dataset: LCdata_transit00          ----- model: lc_model_b                    
Tc               7      2.170037 [    1.9200,     2.4186]

----- dataset:  LCdata_transit01
jitter_0         8      0.000168 [    0.0000,     0.0500]

----- dataset: LCdata_transit01          ----- model: lc_model_b                    
Tc               9      6.329938 [    6.0792,     6.5778]

----- dataset:  LCdata_transit02
jitter_0        10      0.000076 [    0.0000,     0.0500]

----- dataset: LCdata_transit02          ----- model: lc_model_b                    
Tc              11     10.489231 [   10.2383,    10.7369]

----- dataset:  LCdata_transit03
jitter_0        12      0.000077 [    0.0000,     0.0500]

----- dataset: LCdata_transit03          ----- model: lc_model_b                    
Tc              13     14.647738 [   14.3975,    14.8961]

----- dataset:  LCdata_transit04
jitter_0        14      0.000131 [    0.0000,     0.0500]

----- dataset: LCdata_transit04          ----- model: lc_model_b                    
Tc              15     18.806206 [   18.5566,    19.0552]

----- dataset:  LCdata_transit05
jitter_0        16      0.000106 [    0.0000,     0.0500]

----- dataset: LCdata_transit05          ----- model: lc_model_b                    
Tc              17     22.964758 [   22.7158,    23.2144]

----- common model:  b
P                0      4.159148 [    4.1550,     4.1650]
R_Rs             1      0.100059 [    0.0000,     0.5000]
b                2      0.140641 [    0.0000,     2.0000]

----- common model:  star_parameters
density          5      0.718493 [    0.0000,     5.0000]

----- common model:  limb_darkening
ld_c1            3      0.477387 [    0.0000,     1.0000]
ld_c2            4      0.119698 [   -1.0000,     1.0000]

====================================================================================================
     Statistics on the model parameters obtained from the posteriors samples     
====================================================================================================

----- dataset:  LCdata_transit00
jitter_0              0.000174 


----- dataset: LCdata_transit00          ----- model: lc_model_b                    
Tc                    2.170037 

----- dataset:  LCdata_transit01
jitter_0              0.000168 


----- dataset: LCdata_transit01          ----- model: lc_model_b                    
Tc                    6.329938 

----- dataset:  LCdata_transit02
jitter_0              0.000076 


----- dataset: LCdata_transit02          ----- model: lc_model_b                    
Tc                   10.489231 

----- dataset:  LCdata_transit03
jitter_0              0.000077 


----- dataset: LCdata_transit03          ----- model: lc_model_b                    
Tc                   14.647738 

----- dataset:  LCdata_transit04
jitter_0              0.000131 


----- dataset: LCdata_transit04          ----- model: lc_model_b                    
Tc                   18.806206 

----- dataset:  LCdata_transit05
jitter_0              0.000106 


----- dataset: LCdata_transit05          ----- model: lc_model_b                    
Tc                   22.964758 

----- common model:  b
P                     4.159148 
e                         0.00 
omega                90.000000 
R_Rs                  0.100059 
b                     0.140641 

----- common model:  star_parameters
density               0.718493 

----- common model:  limb_darkening
ld_c1                 0.477387 
ld_c2                 0.119698 

====================================================================================================
     Statistics on the derived parameters obtained from the posteriors samples     
====================================================================================================

----- common model:  b
a_Rs                  9.743757 
i                    89.172964 
R_Rj                  1.156729 
R_Re                 12.965675 
T_41                  0.148567 
T_32                  0.120955 
a_AU_(rho,R)          0.053831 


====================================================================================================
     ------------------------------------------------------------------------------------------     
====================================================================================================



****************************************************************************************************

Note: priors on stellar mass and radius provided independently from the measured density, no check for consistency is performed

 Plot FLAT chain 

****************************************************************************************************

Plotting full_correlation plot with pygtc

****************************************************************************************************

 Plotting the chains... 

****************************************************************************************************

 Plotting the Gelman-Rubin traces... 

     Gelman-Rubin:     6     1.004270 LCdata_transit00_jitter_0 
     Gelman-Rubin:     7     1.006389 LCdata_transit00_lc_model_b_Tc 
     Gelman-Rubin:     8     1.005661 LCdata_transit01_jitter_0 
     Gelman-Rubin:     9     1.006554 LCdata_transit01_lc_model_b_Tc 
     Gelman-Rubin:    10     1.005803 LCdata_transit02_jitter_0 
     Gelman-Rubin:    11     1.006900 LCdata_transit02_lc_model_b_Tc 
     Gelman-Rubin:    12     1.005330 LCdata_transit03_jitter_0 
     Gelman-Rubin:    13     1.007392 LCdata_transit03_lc_model_b_Tc 
     Gelman-Rubin:    14     1.005985 LCdata_transit04_jitter_0 
     Gelman-Rubin:    15     1.007100 LCdata_transit04_lc_model_b_Tc 
     Gelman-Rubin:    16     1.006366 LCdata_transit05_jitter_0 
     Gelman-Rubin:    17     1.003749 LCdata_transit05_lc_model_b_Tc 
     Gelman-Rubin:     0     1.004739 b_P 
     Gelman-Rubin:     1     1.023102 b_R_Rs 
     Gelman-Rubin:     2     1.024529 b_b 
     Gelman-Rubin:     5     1.022963 star_parameters_density 
     Gelman-Rubin:     3     1.005848 limb_darkening_ld_c1 
     Gelman-Rubin:     4     1.008886 limb_darkening_ld_c2 

****************************************************************************************************

 Plotting the common models corner plots
     Common model:  b
     Common model:  star_parameters
     Common model:  limb_darkening

****************************************************************************************************

 Dataset + models corner plots 

     Dataset:  LCdata_transit00     model:  lc_model_b  corner plot  starting 
     Dataset:  LCdata_transit00     model:  lc_model_b  corner plot  done 
     Dataset:  LCdata_transit01     model:  lc_model_b  corner plot  starting 
     Dataset:  LCdata_transit01     model:  lc_model_b  corner plot  done 
     Dataset:  LCdata_transit02     model:  lc_model_b  corner plot  starting 
     Dataset:  LCdata_transit02     model:  lc_model_b  corner plot  done 
     Dataset:  LCdata_transit03     model:  lc_model_b  corner plot  starting 
     Dataset:  LCdata_transit03     model:  lc_model_b  corner plot  done 
     Dataset:  LCdata_transit04     model:  lc_model_b  corner plot  starting 
     Dataset:  LCdata_transit04     model:  lc_model_b  corner plot  done 
     Dataset:  LCdata_transit05     model:  lc_model_b  corner plot  starting 
     Dataset:  LCdata_transit05     model:  lc_model_b  corner plot  done 

****************************************************************************************************

 Saving the planet parameter samplings to files (with plots)

****************************************************************************************************

 Saving all the parameter samplings to files (with plots)

****************************************************************************************************

 Computing the models for plot/data writing 
 Writing the plots 
 Writing the   data files 
 Writing the  MAP_ data files 
 Writing the  sampleMED_ data files 

****************************************************************************************************

