**** USING NUMBA ****

PyORBIT v10.1.0b

Python version in use:
3.11.3 (main, Apr 19 2023, 23:54:32) [GCC 11.2.0]

reloaded_optimize:  False
reloaded_pyde:  False
reloaded_emcee:  False

number of multiprocessing threads: 12

parameters/safe_reload flag (must be True for tinygp):  False

Opening:  LCdata_transit00
Opening:  LCdata_transit01
Opening:  LCdata_transit02
Opening:  LCdata_transit03
Opening:  LCdata_transit04
Opening:  LCdata_transit05
Adding common model of planet:  b
  LC model: lc_model_b is using limb_darkening LD parameters
Using orbital model:  circular
Using orbital parametrization:  Eastman2013
Time of inferior conjunction replacing mean longitude as a free parameter:  True

Using limb darkening coefficient parametrization:  Standard

====================================================================================================
     Ids, spaces (s), boundaries (b) and priors (p) of the sampler parameters     
====================================================================================================

----- dataset:  LCdata_transit00
jitter_0      id:   6  s:Linear      b:[      0.0000,       0.0500]   p:Uniform   []

----- dataset: LCdata_transit00          ----- model: lc_model_b                    
Tc            id:   7  s:Linear      b:[      1.9200,       2.4186]   p:Uniform   [0. 0.]

----- dataset:  LCdata_transit01
jitter_0      id:   8  s:Linear      b:[      0.0000,       0.0500]   p:Uniform   []

----- dataset: LCdata_transit01          ----- model: lc_model_b                    
Tc            id:   9  s:Linear      b:[      6.0792,       6.5778]   p:Uniform   [0. 0.]

----- dataset:  LCdata_transit02
jitter_0      id:  10  s:Linear      b:[      0.0000,       0.0500]   p:Uniform   []

----- dataset: LCdata_transit02          ----- model: lc_model_b                    
Tc            id:  11  s:Linear      b:[     10.2383,      10.7369]   p:Uniform   [0. 0.]

----- dataset:  LCdata_transit03
jitter_0      id:  12  s:Linear      b:[      0.0000,       0.0500]   p:Uniform   []

----- dataset: LCdata_transit03          ----- model: lc_model_b                    
Tc            id:  13  s:Linear      b:[     14.3975,      14.8961]   p:Uniform   [0. 0.]

----- dataset:  LCdata_transit04
jitter_0      id:  14  s:Linear      b:[      0.0000,       0.0500]   p:Uniform   []

----- dataset: LCdata_transit04          ----- model: lc_model_b                    
Tc            id:  15  s:Linear      b:[     18.5566,      19.0552]   p:Uniform   [0. 0.]

----- dataset:  LCdata_transit05
jitter_0      id:  16  s:Linear      b:[      0.0000,       0.0500]   p:Uniform   []

----- dataset: LCdata_transit05          ----- model: lc_model_b                    
Tc            id:  17  s:Linear      b:[     22.7158,      23.2144]   p:Uniform   [0. 0.]

----- common model:  b
P             id:   0  s:Linear      b:[      4.1550,       4.1650]   p:Gaussian   [4.159151e+00 2.000000e-05]
b             id:   1  s:Linear      b:[      0.0000,       2.0000]   p:Uniform   []
R_Rs          id:   2  s:Linear      b:[      0.0000,       0.5000]   p:Uniform   []
omega         derived (no id, space, bound)                           p:None   []
e             derived (no id, space, bound)                           p:None   []

----- common model:  star_parameters
density       id:   5  s:Linear      b:[      0.0000,       5.0000]   p:Gaussian   [0.7 0.1]
mass          derived (no id, space, bound)                           p:Gaussian   [1.05 0.04]
radius        derived (no id, space, bound)                           p:Gaussian   [1.15 0.04]

----- common model:  limb_darkening
ld_c2         id:   3  s:Linear      b:[     -1.0000,       1.0000]   p:Gaussian   [0.1  0.05]
ld_c1         id:   4  s:Linear      b:[      0.0000,       1.0000]   p:Gaussian   [0.5  0.05]

Include priors:  True

Reference Time Tref:  0.0

Dimensions =  18
Nwalkers =  72

Using threading pool for PyDE: True
PyDE running
Boundaries redefined after PyDE output
PyDE completed, it took         20.2 seconds

====================================================================================================
     Starting point of the sample/optimization routines    
====================================================================================================

----- dataset:  LCdata_transit00
jitter_0         6      0.000139 [    0.0000,     0.0500]

----- dataset: LCdata_transit00          ----- model: lc_model_b                    
Tc               7      2.170095 [    1.9200,     2.4186]

----- dataset:  LCdata_transit01
jitter_0         8      0.000147 [    0.0000,     0.0500]

----- dataset: LCdata_transit01          ----- model: lc_model_b                    
Tc               9      6.329860 [    6.0792,     6.5778]

----- dataset:  LCdata_transit02
jitter_0        10      0.000023 [    0.0000,     0.0500]

----- dataset: LCdata_transit02          ----- model: lc_model_b                    
Tc              11     10.489203 [   10.2383,    10.7369]

----- dataset:  LCdata_transit03
jitter_0        12      0.000071 [    0.0000,     0.0500]

----- dataset: LCdata_transit03          ----- model: lc_model_b                    
Tc              13     14.647701 [   14.3975,    14.8961]

----- dataset:  LCdata_transit04
jitter_0        14      0.000109 [    0.0000,     0.0500]

----- dataset: LCdata_transit04          ----- model: lc_model_b                    
Tc              15     18.806130 [   18.5566,    19.0552]

----- dataset:  LCdata_transit05
jitter_0        16      0.000039 [    0.0000,     0.0500]

----- dataset: LCdata_transit05          ----- model: lc_model_b                    
Tc              17     22.964836 [   22.7158,    23.2144]

----- common model:  b
P                0      4.159151 [    4.1550,     4.1650]
b                1      0.193803 [    0.0000,     2.0000]
R_Rs             2      0.100246 [    0.0000,     0.5000]

----- common model:  star_parameters
density          5      0.698709 [    0.0000,     5.0000]

----- common model:  limb_darkening
ld_c2            3      0.126889 [   -1.0000,     1.0000]
ld_c1            4      0.471645 [    0.0000,     1.0000]

====================================================================================================
     Starting point projected onto the model parameter space     
====================================================================================================

----- dataset:  LCdata_transit00
jitter_0              0.000139 


----- dataset: LCdata_transit00          ----- model: lc_model_b                    
Tc                    2.170095 

----- dataset:  LCdata_transit01
jitter_0              0.000147 


----- dataset: LCdata_transit01          ----- model: lc_model_b                    
Tc                    6.329860 

----- dataset:  LCdata_transit02
jitter_0              0.000023 


----- dataset: LCdata_transit02          ----- model: lc_model_b                    
Tc                   10.489203 

----- dataset:  LCdata_transit03
jitter_0              0.000071 


----- dataset: LCdata_transit03          ----- model: lc_model_b                    
Tc                   14.647701 

----- dataset:  LCdata_transit04
jitter_0              0.000109 


----- dataset: LCdata_transit04          ----- model: lc_model_b                    
Tc                   18.806130 

----- dataset:  LCdata_transit05
jitter_0              0.000039 


----- dataset: LCdata_transit05          ----- model: lc_model_b                    
Tc                   22.964836 

----- common model:  b
P                     4.159151 
omega                90.000000 
b                     0.193803 
R_Rs                  0.100246 
e                         0.00 

----- common model:  star_parameters
density               0.698709 

----- common model:  limb_darkening
ld_c2                 0.126889 
ld_c1                 0.471645 

====================================================================================================
     Derived parameters obtained from starting point     
====================================================================================================

----- common model:  b
a_Rs                  9.653497 
i                    88.849655 
R_Rj                  1.091975 
R_Re                 12.239857 
T_41                  0.148874 
T_32                  0.120689 
a_AU_(rho,R)          0.050253 


====================================================================================================
     Statistics on the log-likelihood     
====================================================================================================

 LN probability: 13348.663217 

====================================================================================================
     ------------------------------------------------------------------------------------------     
====================================================================================================



*************************************************************

Running emcee

emcee version:  3.1.4
Using threading pool for emcee: True


Computing the autocorrelation time of the chains

***** WARNING ******
The integrated autocorrelation time cannot be reliably estimated
likely the chains are too short, and ACF analysis is not fully reliable
emcee.autocorr.integrated_time tolerance lowered to 20
If you still get a warning, you should drop these results entirely

Reference thinning used in the analysis: 100
Step length used in the analysis: 15*nthin = 1500

Convergence criteria: less than 1% variation in ACF after 20 times the integrated ACF
At least 50*ACF after convergence, 100*ACF would be ideal
Negative values: not converged yet

   sampler parameter              |    ACF   | ACF*nthin | converged at | nsteps/ACF | to 100*ACF
                                  |          |           |              |            | 
   LCdata_transit00_jitter_0      |    6.02  |      602  |    34500     |      26    |   44677 
   LCdata_transit00_lc_model_b_Tc |    6.17  |      617  |    36000     |      23    |   47673 
   LCdata_transit01_jitter_0      |    6.43  |      643  |    45000     |       8    |   59297 
   LCdata_transit01_lc_model_b_Tc |    6.14  |      614  |    39000     |      18    |   50389 
   LCdata_transit02_jitter_0      |    6.88  |      688  |    36000     |      20    |   54795 
   LCdata_transit02_lc_model_b_Tc |    6.07  |      607  |    31500     |      30    |   42242 
   LCdata_transit03_jitter_0      |    6.63  |      663  |    40500     |      14    |   56791 
   LCdata_transit03_lc_model_b_Tc |    6.38  |      638  |    36000     |      22    |   49800 
   LCdata_transit04_jitter_0      |    7.01  |      701  |    36000     |      20    |   56073 
   LCdata_transit04_lc_model_b_Tc |    6.37  |      637  |    33000     |      27    |   46731 
   LCdata_transit05_jitter_0      |    6.67  |      667  |    39000     |      16    |   55739 
   LCdata_transit05_lc_model_b_Tc |    6.21  |      621  |    36000     |      23    |   48067 
   b_P                            |    6.17  |      617  |    33000     |      28    |   44706 
   b_b                            |   15.55  |     1555  |    48000     |       1    |  153537 
   b_R_Rs                         |   13.68  |     1368  |    49500     |       0    |  136256 
   star_parameters_density        |   14.12  |     1412  |    48000     |       1    |  139196 
   limb_darkening_ld_c2           |    6.73  |      673  |    40500     |      14    |   57847 
   limb_darkening_ld_c1           |    5.80  |      580  |    36000     |      24    |   43958 

All the chains have converged, but PyORBIT should keep running for about:
27369 more steps to reach 50*ACF,
65987 more steps to reach 100*ACF
Suggested value for burnin: 38750

====================================================================================================
     Statistics on the posterior of the sampler parameters     
====================================================================================================

----- dataset:  LCdata_transit00
jitter_0         6      0.000126    -0.000076     0.000067   (15-84 p)   [    0.0000,     0.0500]

----- dataset: LCdata_transit00          ----- model: lc_model_b                    
Tc               7       2.17009     -0.00018      0.00018   (15-84 p)   [    1.9200,     2.4186]

----- dataset:  LCdata_transit01
jitter_0         8      0.000135    -0.000076     0.000063   (15-84 p)   [    0.0000,     0.0500]

----- dataset: LCdata_transit01          ----- model: lc_model_b                    
Tc               9       6.32986     -0.00018      0.00018   (15-84 p)   [    6.0792,     6.5778]

----- dataset:  LCdata_transit02
jitter_0        10      0.000084    -0.000055     0.000063   (15-84 p)   [    0.0000,     0.0500]

----- dataset: LCdata_transit02          ----- model: lc_model_b                    
Tc              11      10.48920     -0.00018      0.00018   (15-84 p)   [   10.2383,    10.7369]

----- dataset:  LCdata_transit03
jitter_0        12      0.000089    -0.000057     0.000067   (15-84 p)   [    0.0000,     0.0500]

----- dataset: LCdata_transit03          ----- model: lc_model_b                    
Tc              13      14.64770     -0.00018      0.00018   (15-84 p)   [   14.3975,    14.8961]

----- dataset:  LCdata_transit04
jitter_0        14      0.000102    -0.000063     0.000070   (15-84 p)   [    0.0000,     0.0500]

----- dataset: LCdata_transit04          ----- model: lc_model_b                    
Tc              15      18.80613     -0.00018      0.00018   (15-84 p)   [   18.5566,    19.0552]

----- dataset:  LCdata_transit05
jitter_0        16      0.000086    -0.000055     0.000064   (15-84 p)   [    0.0000,     0.0500]

----- dataset: LCdata_transit05          ----- model: lc_model_b                    
Tc              17      22.96484     -0.00018      0.00018   (15-84 p)   [   22.7158,    23.2144]

----- common model:  b
P                0      4.159151    -0.000020     0.000020   (15-84 p)   [    4.1550,     4.1650]
b                1         0.161        -0.10        0.077   (15-84 p)   [    0.0000,     2.0000]
R_Rs             2       0.10007     -0.00038      0.00051   (15-84 p)   [    0.0000,     0.5000]

----- common model:  star_parameters
density          5         0.710       -0.031        0.022   (15-84 p)   [    0.0000,     5.0000]

----- common model:  limb_darkening
ld_c2            3         0.131       -0.040        0.039   (15-84 p)   [   -1.0000,     1.0000]
ld_c1            4         0.471       -0.020        0.021   (15-84 p)   [    0.0000,     1.0000]

====================================================================================================
     Statistics on the model parameters obtained from the posteriors samples     
====================================================================================================

----- dataset:  LCdata_transit00
jitter_0              0.000126    -0.000076     0.000067    (15-84 p)


----- dataset: LCdata_transit00          ----- model: lc_model_b                    
Tc                     2.17009     -0.00018      0.00018    (15-84 p)

----- dataset:  LCdata_transit01
jitter_0              0.000135    -0.000076     0.000063    (15-84 p)


----- dataset: LCdata_transit01          ----- model: lc_model_b                    
Tc                     6.32986     -0.00018      0.00018    (15-84 p)

----- dataset:  LCdata_transit02
jitter_0              0.000084    -0.000055     0.000063    (15-84 p)


----- dataset: LCdata_transit02          ----- model: lc_model_b                    
Tc                    10.48920     -0.00018      0.00018    (15-84 p)

----- dataset:  LCdata_transit03
jitter_0              0.000089    -0.000057     0.000067    (15-84 p)


----- dataset: LCdata_transit03          ----- model: lc_model_b                    
Tc                    14.64770     -0.00018      0.00018    (15-84 p)

----- dataset:  LCdata_transit04
jitter_0              0.000102    -0.000063     0.000070    (15-84 p)


----- dataset: LCdata_transit04          ----- model: lc_model_b                    
Tc                    18.80613     -0.00018      0.00018    (15-84 p)

----- dataset:  LCdata_transit05
jitter_0              0.000086    -0.000055     0.000064    (15-84 p)


----- dataset: LCdata_transit05          ----- model: lc_model_b                    
Tc                    22.96484     -0.00018      0.00018    (15-84 p)

----- common model:  b
P                     4.159151    -0.000020     0.000020    (15-84 p)
omega                90.000000                              [fixed]
b                        0.161        -0.10        0.077    (15-84 p)
R_Rs                   0.10007     -0.00038      0.00051    (15-84 p)
e                         0.00                              [fixed]

----- common model:  star_parameters
density                  0.710       -0.031        0.022    (15-84 p)

----- common model:  limb_darkening
ld_c2                    0.131       -0.040        0.039    (15-84 p)
ld_c1                    0.471       -0.020        0.021    (15-84 p)

====================================================================================================
     Statistics on the derived parameters obtained from the posteriors samples     
====================================================================================================

----- common model:  b
a_Rs                     9.705        -0.14        0.099    (15-84 p)
i                        89.05        -0.47         0.59    (15-84 p)
R_Rj                     1.121       -0.040        0.039    (15-84 p)
R_Re                     12.56        -0.45         0.44    (15-84 p)
T_41                   0.14879     -0.00036      0.00041    (15-84 p)
T_32                   0.12093     -0.00073      0.00053    (15-84 p)
a_AU_(rho,R)            0.0518      -0.0019       0.0019    (15-84 p)


====================================================================================================
     ------------------------------------------------------------------------------------------     
====================================================================================================



emcee completed

