
PyORBIT v10.6.0

Python version in use:
3.10.14 (main, May  6 2024, 19:42:50) [GCC 11.2.0]

reloaded_optimize:  False
reloaded_pyde:  False
reloaded_emcee:  False

number of multiprocessing threads: 16
multiprocessing method (should be fork):  fork

parameters/safe_reload flag (must be True for tinygp):  False

Opening:  LCdata
Adding common model of planet:  b
  LC model: lc_model_b is using limb_darkening LD parameters
Using orbital model:  circular
Using orbital parametrization:  Eastman2013
Time of inferior conjunction replacing mean longitude as a free parameter:  True
Dataset flag of times of inferior conjuctions:  id_transit_b

Using limb darkening coefficient parametrization:  Standard
Using RoadRunner Model from PyTransit

====================================================================================================
     Ids, spaces (s), boundaries (b) and priors (p) of the sampler parameters     
====================================================================================================

----- dataset:  LCdata
jitter_0      id:   6  s:Linear      b:[      0.0000,       0.0500]   p:Uniform   []

----- dataset: LCdata                    ----- model: lc_model_b                    
Tc_0          id:   7  s:Linear      b:[      1.9214,       2.4200]   p:Uniform   []
Tc_1          id:   8  s:Linear      b:[      6.0797,       6.5783]   p:Uniform   []
Tc_2          id:   9  s:Linear      b:[     10.2394,      10.7381]   p:Uniform   []
Tc_3          id:  10  s:Linear      b:[     14.3978,      14.8964]   p:Uniform   []
Tc_4          id:  11  s:Linear      b:[     18.5575,      19.0561]   p:Uniform   []
Tc_5          id:  12  s:Linear      b:[     22.7158,      23.2144]   p:Uniform   []

----- common model:  b
P             id:   0  s:Linear      b:[      4.1550,       4.1650]   p:Gaussian   [4.159151e+00 2.000000e-05]
R_Rs          id:   1  s:Linear      b:[      0.0000,       0.5000]   p:Uniform   []
b             id:   2  s:Linear      b:[      0.0000,       2.0000]   p:Uniform   []
e             derived (no id, space, bound)                           p:None   []
omega         derived (no id, space, bound)                           p:None   []

----- common model:  star_parameters
density       id:   5  s:Linear      b:[      0.0000,       5.0000]   p:Gaussian   [0.7 0.1]
mass          derived (no id, space, bound)                           p:Gaussian   [1.05 0.04]
radius        derived (no id, space, bound)                           p:Gaussian   [1.15 0.04]

----- common model:  limb_darkening
ld_c1         id:   3  s:Linear      b:[      0.0000,       1.0000]   p:Gaussian   [0.5  0.05]
ld_c2         id:   4  s:Linear      b:[     -1.0000,       1.0000]   p:Gaussian   [0.1  0.05]

Include priors:  True

Reference Time Tref:  0.0

Dimensions =  13
Nwalkers =  52

Using threading pool for PyDE: True
PyDE running
Boundaries redefined after PyDE output
PyDE completed, it took        146.0 seconds

====================================================================================================
     Starting point of the sample/optimization routines    
====================================================================================================

----- dataset:  LCdata
jitter_0         6      0.000007 [    0.0000,     0.0500]

----- dataset: LCdata                    ----- model: lc_model_b                    
Tc_0             7      2.169979 [    1.9214,     2.4200]
Tc_1             8      6.329628 [    6.0797,     6.5783]
Tc_2             9     10.489207 [   10.2394,    10.7381]
Tc_3            10     14.647874 [   14.3978,    14.8964]
Tc_4            11     18.805735 [   18.5575,    19.0561]
Tc_5            12     22.965006 [   22.7158,    23.2144]

----- common model:  b
P                0      4.159151 [    4.1550,     4.1650]
R_Rs             1      0.099914 [    0.0000,     0.5000]
b                2      0.002925 [    0.0000,     2.0000]

----- common model:  star_parameters
density          5      0.746573 [    0.0000,     5.0000]

----- common model:  limb_darkening
ld_c1            3      0.479869 [    0.0000,     1.0000]
ld_c2            4      0.089762 [   -1.0000,     1.0000]

====================================================================================================
     Starting point projected onto the model parameter space     
====================================================================================================

----- dataset:  LCdata
jitter_0              0.000007 


----- dataset: LCdata                    ----- model: lc_model_b                    
Tc_0                  2.169979 
Tc_1                  6.329628 
Tc_2                 10.489207 
Tc_3                 14.647874 
Tc_4                 18.805735 
Tc_5                 22.965006 

----- common model:  b
P                     4.159151 
e                         0.00 
omega                90.000000 
R_Rs                  0.099914 
b                     0.002925 

----- common model:  star_parameters
density               0.746573 

----- common model:  limb_darkening
ld_c1                 0.479869 
ld_c2                 0.089762 

====================================================================================================
     Derived parameters obtained from starting point     
====================================================================================================

----- common model:  b
a_Rs                  9.869082 
i                    89.983021 
R_Rj                  1.113979 
R_Re                 12.486503 
T_41                  0.147856 
T_32                  0.120910 
a_AU_(rho,R)          0.052585 


====================================================================================================
     Statistics on the log-likelihood     
====================================================================================================

 LN probability: 97042.201748 

====================================================================================================
     ------------------------------------------------------------------------------------------     
====================================================================================================



*************************************************************

Running emcee

emcee version:  3.1.6
Using threading pool for emcee: True


Computing the autocorrelation time of the chains

The chains are more than 50 times longer than the ACF, the estimate can be trusted

Reference thinning used in the analysis: 100
Step length used in the analysis: 6*nthin = 600

Convergence criteria: less than 1% variation in ACF after 50 times the integrated ACF
At least 50*ACF after convergence, 100*ACF would be ideal
Negative values: not converged yet

   sampler parameter              |    ACF   | ACF*nthin | converged at | nsteps/ACF | to 100*ACF
                                  |          |           |              |            | 
   LCdata_jitter_0                |    2.72  |      272  |    19200     |     113    |       0 
   LCdata_lc_model_b_Tc_0         |    2.63  |      263  |    17400     |     124    |       0 
   LCdata_lc_model_b_Tc_1         |    2.54  |      254  |    16800     |     130    |       0 
   LCdata_lc_model_b_Tc_2         |    2.50  |      250  |    17400     |     130    |       0 
   LCdata_lc_model_b_Tc_3         |    2.33  |      233  |    19800     |     130    |       0 
   LCdata_lc_model_b_Tc_4         |    2.71  |      271  |    16200     |     125    |       0 
   LCdata_lc_model_b_Tc_5         |    2.58  |      258  |    19800     |     117    |       0 
   b_P                            |    2.61  |      261  |    18000     |     123    |       0 
   b_R_Rs                         |    4.67  |      467  |    27600     |      48    |   24301 
   b_b                            |    6.56  |      656  |    36000     |      21    |   51625 
   star_parameters_density        |    6.94  |      694  |    41400     |      12    |   60776 
   limb_darkening_ld_c1           |    2.73  |      273  |    17400     |     119    |       0 
   limb_darkening_ld_c2           |    2.87  |      287  |    19200     |     107    |       0 

All the chains have converged, but PyORBIT should keep running for about:
15284 more steps to reach 50*ACF,
45567 more steps to reach 100*ACF
Suggested value for burnin: 22015

====================================================================================================
     Statistics on the posterior of the sampler parameters     
====================================================================================================

----- dataset:  LCdata
jitter_0         6      0.000032    -0.000019     0.000022   (15-84 p)   [    0.0000,     0.0500]

----- dataset: LCdata                    ----- model: lc_model_b                    
Tc_0             7       2.16998     -0.00017      0.00017   (15-84 p)   [    1.9214,     2.4200]
Tc_1             8       6.32963     -0.00018      0.00017   (15-84 p)   [    6.0797,     6.5783]
Tc_2             9      10.48921     -0.00017      0.00017   (15-84 p)   [   10.2394,    10.7381]
Tc_3            10      14.64788     -0.00017      0.00017   (15-84 p)   [   14.3978,    14.8964]
Tc_4            11      18.80574     -0.00017      0.00017   (15-84 p)   [   18.5575,    19.0561]
Tc_5            12      22.96501     -0.00017      0.00017   (15-84 p)   [   22.7158,    23.2144]

----- common model:  b
P                0      4.159151    -0.000020     0.000020   (15-84 p)   [    4.1550,     4.1650]
R_Rs             1       0.10004     -0.00024      0.00028   (15-84 p)   [    0.0000,     0.5000]
b                2         0.076       -0.052        0.070   (15-84 p)   [    0.0000,     2.0000]

----- common model:  star_parameters
density          5        0.7394       -0.016       0.0076   (15-84 p)   [    0.0000,     5.0000]

----- common model:  limb_darkening
ld_c1            3         0.481       -0.020        0.020   (15-84 p)   [    0.0000,     1.0000]
ld_c2            4         0.087       -0.039        0.038   (15-84 p)   [   -1.0000,     1.0000]

====================================================================================================
     Statistics on the model parameters obtained from the posteriors samples     
====================================================================================================

----- dataset:  LCdata
jitter_0              0.000032    -0.000019     0.000022    (15-84 p)


----- dataset: LCdata                    ----- model: lc_model_b                    
Tc_0                   2.16998     -0.00017      0.00017    (15-84 p)
Tc_1                   6.32963     -0.00018      0.00017    (15-84 p)
Tc_2                  10.48921     -0.00017      0.00017    (15-84 p)
Tc_3                  14.64788     -0.00017      0.00017    (15-84 p)
Tc_4                  18.80574     -0.00017      0.00017    (15-84 p)
Tc_5                  22.96501     -0.00017      0.00017    (15-84 p)

----- common model:  b
P                     4.159151    -0.000020     0.000020    (15-84 p)
e                         0.00                              [fixed]
omega                90.000000                              [fixed]
R_Rs                   0.10004     -0.00024      0.00028    (15-84 p)
b                        0.076       -0.052        0.070    (15-84 p)

----- common model:  star_parameters
density                 0.7394       -0.016       0.0076    (15-84 p)

----- common model:  limb_darkening
ld_c1                    0.481       -0.020        0.020    (15-84 p)
ld_c2                    0.087       -0.039        0.038    (15-84 p)

====================================================================================================
     Statistics on the derived parameters obtained from the posteriors samples     
====================================================================================================

----- common model:  b
a_Rs                     9.837       -0.070        0.033    (15-84 p)
i                        89.56        -0.41         0.30    (15-84 p)
R_Rj                     1.121       -0.039        0.038    (15-84 p)
R_Re                     12.56        -0.44         0.43    (15-84 p)
T_41                   0.14797     -0.00029      0.00030    (15-84 p)
T_32                   0.12074     -0.00036      0.00031    (15-84 p)
a_AU_(rho,R)            0.0526      -0.0019       0.0018    (15-84 p)


====================================================================================================
     ------------------------------------------------------------------------------------------     
====================================================================================================



emcee completed

