
PyORBIT v10.6.0

Python version in use:
3.10.14 (main, May  6 2024, 19:42:50) [GCC 11.2.0]

reloaded_optimize:  False
reloaded_pyde:  False
reloaded_emcee:  False

number of multiprocessing threads: 16
multiprocessing method (should be fork):  fork

parameters/safe_reload flag (must be True for tinygp):  False

Opening:  LCdata_transit00
Opening:  LCdata_transit01
Opening:  LCdata_transit02
Opening:  LCdata_transit03
Opening:  LCdata_transit04
Opening:  LCdata_transit05
Adding common model of planet:  b
  LC model: lc_model_b is using limb_darkening LD parameters
Using orbital model:  circular
Using orbital parametrization:  Eastman2013
Time of inferior conjunction replacing mean longitude as a free parameter:  True

Using limb darkening coefficient parametrization:  Standard

====================================================================================================
     Ids, spaces (s), boundaries (b) and priors (p) of the sampler parameters     
====================================================================================================

----- dataset:  LCdata_transit00
jitter_0      id:   6  s:Linear      b:[      0.0000,       0.0500]   p:Uniform   []

----- dataset: LCdata_transit00          ----- model: lc_model_b                    
Tc            id:   7  s:Linear      b:[      1.9200,       2.4186]   p:Uniform   [0. 0.]

----- dataset:  LCdata_transit01
jitter_0      id:   8  s:Linear      b:[      0.0000,       0.0500]   p:Uniform   []

----- dataset: LCdata_transit01          ----- model: lc_model_b                    
Tc            id:   9  s:Linear      b:[      6.0792,       6.5778]   p:Uniform   [0. 0.]

----- dataset:  LCdata_transit02
jitter_0      id:  10  s:Linear      b:[      0.0000,       0.0500]   p:Uniform   []

----- dataset: LCdata_transit02          ----- model: lc_model_b                    
Tc            id:  11  s:Linear      b:[     10.2383,      10.7369]   p:Uniform   [0. 0.]

----- dataset:  LCdata_transit03
jitter_0      id:  12  s:Linear      b:[      0.0000,       0.0500]   p:Uniform   []

----- dataset: LCdata_transit03          ----- model: lc_model_b                    
Tc            id:  13  s:Linear      b:[     14.3975,      14.8961]   p:Uniform   [0. 0.]

----- dataset:  LCdata_transit04
jitter_0      id:  14  s:Linear      b:[      0.0000,       0.0500]   p:Uniform   []

----- dataset: LCdata_transit04          ----- model: lc_model_b                    
Tc            id:  15  s:Linear      b:[     18.5566,      19.0552]   p:Uniform   [0. 0.]

----- dataset:  LCdata_transit05
jitter_0      id:  16  s:Linear      b:[      0.0000,       0.0500]   p:Uniform   []

----- dataset: LCdata_transit05          ----- model: lc_model_b                    
Tc            id:  17  s:Linear      b:[     22.7158,      23.2144]   p:Uniform   [0. 0.]

----- common model:  b
P             id:   0  s:Linear      b:[      4.1550,       4.1650]   p:Gaussian   [4.159151e+00 2.000000e-05]
R_Rs          id:   1  s:Linear      b:[      0.0000,       0.5000]   p:Uniform   []
b             id:   2  s:Linear      b:[      0.0000,       2.0000]   p:Uniform   []
e             derived (no id, space, bound)                           p:None   []
omega         derived (no id, space, bound)                           p:None   []

----- common model:  star_parameters
density       id:   5  s:Linear      b:[      0.0000,       5.0000]   p:Gaussian   [0.7 0.1]
mass          derived (no id, space, bound)                           p:Gaussian   [1.05 0.04]
radius        derived (no id, space, bound)                           p:Gaussian   [1.15 0.04]

----- common model:  limb_darkening
ld_c1         id:   3  s:Linear      b:[      0.0000,       1.0000]   p:Gaussian   [0.5  0.05]
ld_c2         id:   4  s:Linear      b:[     -1.0000,       1.0000]   p:Gaussian   [0.1  0.05]

Include priors:  True

Reference Time Tref:  0.0

Dimensions =  18
Nwalkers =  72

Using threading pool for PyDE: True
PyDE running
Boundaries redefined after PyDE output
PyDE completed, it took          3.2 seconds

====================================================================================================
     Starting point of the sample/optimization routines    
====================================================================================================

----- dataset:  LCdata_transit00
jitter_0         6      0.000139 [    0.0000,     0.0500]

----- dataset: LCdata_transit00          ----- model: lc_model_b                    
Tc               7      2.170094 [    1.9200,     2.4186]

----- dataset:  LCdata_transit01
jitter_0         8      0.000148 [    0.0000,     0.0500]

----- dataset: LCdata_transit01          ----- model: lc_model_b                    
Tc               9      6.329861 [    6.0792,     6.5778]

----- dataset:  LCdata_transit02
jitter_0        10      0.000022 [    0.0000,     0.0500]

----- dataset: LCdata_transit02          ----- model: lc_model_b                    
Tc              11     10.489207 [   10.2383,    10.7369]

----- dataset:  LCdata_transit03
jitter_0        12      0.000070 [    0.0000,     0.0500]

----- dataset: LCdata_transit03          ----- model: lc_model_b                    
Tc              13     14.647699 [   14.3975,    14.8961]

----- dataset:  LCdata_transit04
jitter_0        14      0.000108 [    0.0000,     0.0500]

----- dataset: LCdata_transit04          ----- model: lc_model_b                    
Tc              15     18.806131 [   18.5566,    19.0552]

----- dataset:  LCdata_transit05
jitter_0        16      0.000043 [    0.0000,     0.0500]

----- dataset: LCdata_transit05          ----- model: lc_model_b                    
Tc              17     22.964834 [   22.7158,    23.2144]

----- common model:  b
P                0      4.159151 [    4.1550,     4.1650]
R_Rs             1      0.100226 [    0.0000,     0.5000]
b                2      0.190729 [    0.0000,     2.0000]

----- common model:  star_parameters
density          5      0.699865 [    0.0000,     5.0000]

----- common model:  limb_darkening
ld_c1            3      0.471259 [    0.0000,     1.0000]
ld_c2            4      0.128060 [   -1.0000,     1.0000]

====================================================================================================
     Starting point projected onto the model parameter space     
====================================================================================================

----- dataset:  LCdata_transit00
jitter_0              0.000139 


----- dataset: LCdata_transit00          ----- model: lc_model_b                    
Tc                    2.170094 

----- dataset:  LCdata_transit01
jitter_0              0.000148 


----- dataset: LCdata_transit01          ----- model: lc_model_b                    
Tc                    6.329861 

----- dataset:  LCdata_transit02
jitter_0              0.000022 


----- dataset: LCdata_transit02          ----- model: lc_model_b                    
Tc                   10.489207 

----- dataset:  LCdata_transit03
jitter_0              0.000070 


----- dataset: LCdata_transit03          ----- model: lc_model_b                    
Tc                   14.647699 

----- dataset:  LCdata_transit04
jitter_0              0.000108 


----- dataset: LCdata_transit04          ----- model: lc_model_b                    
Tc                   18.806131 

----- dataset:  LCdata_transit05
jitter_0              0.000043 


----- dataset: LCdata_transit05          ----- model: lc_model_b                    
Tc                   22.964834 

----- common model:  b
P                     4.159151 
e                         0.00 
omega                90.000000 
R_Rs                  0.100226 
b                     0.190729 

----- common model:  star_parameters
density               0.699865 

----- common model:  limb_darkening
ld_c1                 0.471259 
ld_c2                 0.128060 

====================================================================================================
     Derived parameters obtained from starting point     
====================================================================================================

----- common model:  b
a_Rs                  9.658817 
i                    88.868531 
R_Rj                  1.211256 
R_Re                 13.576862 
T_41                  0.148863 
T_32                  0.120717 
a_AU_(rho,R)          0.055784 


====================================================================================================
     Statistics on the log-likelihood     
====================================================================================================

 LN probability: 13348.663701 

====================================================================================================
     ------------------------------------------------------------------------------------------     
====================================================================================================



*************************************************************

Running emcee

emcee version:  3.1.6
Using threading pool for emcee: True


Computing the autocorrelation time of the chains

***** WARNING ******
The integrated autocorrelation time cannot be reliably estimated
likely the chains are too short, and ACF analysis is not fully reliable
emcee.autocorr.integrated_time tolerance lowered to 20
If you still get a warning, you should drop these results entirely

Reference thinning used in the analysis: 100
Step length used in the analysis: 13*nthin = 1300

Convergence criteria: less than 1% variation in ACF after 20 times the integrated ACF
At least 50*ACF after convergence, 100*ACF would be ideal
Negative values: not converged yet

   sampler parameter              |    ACF   | ACF*nthin | converged at | nsteps/ACF | to 100*ACF
                                  |          |           |              |            | 
   LCdata_transit00_jitter_0      |    6.39  |      639  |    35100     |      23    |   49021 
   LCdata_transit00_lc_model_b_Tc |    5.85  |      585  |    32500     |      30    |   41030 
   LCdata_transit01_jitter_0      |    6.15  |      615  |    31200     |      31    |   42693 
   LCdata_transit01_lc_model_b_Tc |    5.96  |      596  |    31200     |      32    |   40781 
   LCdata_transit02_jitter_0      |    6.39  |      639  |    24700     |      40    |   38597 
   LCdata_transit02_lc_model_b_Tc |    6.39  |      639  |    32500     |      27    |   46404 
   LCdata_transit03_jitter_0      |    6.17  |      617  |    28600     |      35    |   40272 
   LCdata_transit03_lc_model_b_Tc |    6.03  |      603  |    35100     |      25    |   45382 
   LCdata_transit04_jitter_0      |    6.56  |      656  |    36400     |      21    |   51996 
   LCdata_transit04_lc_model_b_Tc |    5.92  |      592  |    29900     |      34    |   39092 
   LCdata_transit05_jitter_0      |    6.00  |      600  |    27300     |      38    |   37313 
   LCdata_transit05_lc_model_b_Tc |    6.24  |      624  |    33800     |      26    |   46167 
   b_P                            |    5.88  |      588  |    35100     |      25    |   43909 
   b_R_Rs                         |   11.64  |     1164  |    39000     |       9    |  105433 
   b_b                            |   13.84  |     1384  |    41600     |       6    |  130022 
   star_parameters_density        |   12.86  |     1286  |    41600     |       7    |  120235 
   limb_darkening_ld_c1           |    5.98  |      598  |    33800     |      27    |   43643 
   limb_darkening_ld_c2           |    6.46  |      646  |    36400     |      21    |   51008 

All the chains have converged, but PyORBIT should keep running for about:
19967 more steps to reach 50*ACF,
56278 more steps to reach 100*ACF
Suggested value for burnin: 33656

====================================================================================================
     Statistics on the posterior of the sampler parameters     
====================================================================================================

----- dataset:  LCdata_transit00
jitter_0         6      0.000129    -0.000075     0.000064   (15-84 p)   [    0.0000,     0.0500]

----- dataset: LCdata_transit00          ----- model: lc_model_b                    
Tc               7       2.17009     -0.00018      0.00018   (15-84 p)   [    1.9200,     2.4186]

----- dataset:  LCdata_transit01
jitter_0         8      0.000135    -0.000079     0.000064   (15-84 p)   [    0.0000,     0.0500]

----- dataset: LCdata_transit01          ----- model: lc_model_b                    
Tc               9       6.32987     -0.00019      0.00019   (15-84 p)   [    6.0792,     6.5778]

----- dataset:  LCdata_transit02
jitter_0        10      0.000081    -0.000052     0.000064   (15-84 p)   [    0.0000,     0.0500]

----- dataset: LCdata_transit02          ----- model: lc_model_b                    
Tc              11      10.48920     -0.00017      0.00018   (15-84 p)   [   10.2383,    10.7369]

----- dataset:  LCdata_transit03
jitter_0        12      0.000092    -0.000057     0.000064   (15-84 p)   [    0.0000,     0.0500]

----- dataset: LCdata_transit03          ----- model: lc_model_b                    
Tc              13      14.64770     -0.00018      0.00018   (15-84 p)   [   14.3975,    14.8961]

----- dataset:  LCdata_transit04
jitter_0        14      0.000109    -0.000066     0.000065   (15-84 p)   [    0.0000,     0.0500]

----- dataset: LCdata_transit04          ----- model: lc_model_b                    
Tc              15      18.80612     -0.00017      0.00018   (15-84 p)   [   18.5566,    19.0552]

----- dataset:  LCdata_transit05
jitter_0        16      0.000087    -0.000056     0.000065   (15-84 p)   [    0.0000,     0.0500]

----- dataset: LCdata_transit05          ----- model: lc_model_b                    
Tc              17      22.96483     -0.00018      0.00018   (15-84 p)   [   22.7158,    23.2144]

----- common model:  b
P                0      4.159151    -0.000020     0.000020   (15-84 p)   [    4.1550,     4.1650]
R_Rs             1       0.10010     -0.00040      0.00053   (15-84 p)   [    0.0000,     0.5000]
b                2         0.168       -0.093        0.076   (15-84 p)   [    0.0000,     2.0000]

----- common model:  star_parameters
density          5         0.708       -0.031        0.023   (15-84 p)   [    0.0000,     5.0000]

----- common model:  limb_darkening
ld_c1            3         0.472       -0.021        0.021   (15-84 p)   [    0.0000,     1.0000]
ld_c2            4         0.129       -0.041        0.039   (15-84 p)   [   -1.0000,     1.0000]

====================================================================================================
     Statistics on the model parameters obtained from the posteriors samples     
====================================================================================================

----- dataset:  LCdata_transit00
jitter_0              0.000129    -0.000075     0.000064    (15-84 p)


----- dataset: LCdata_transit00          ----- model: lc_model_b                    
Tc                     2.17009     -0.00018      0.00018    (15-84 p)

----- dataset:  LCdata_transit01
jitter_0              0.000135    -0.000079     0.000064    (15-84 p)


----- dataset: LCdata_transit01          ----- model: lc_model_b                    
Tc                     6.32987     -0.00019      0.00019    (15-84 p)

----- dataset:  LCdata_transit02
jitter_0              0.000081    -0.000052     0.000064    (15-84 p)


----- dataset: LCdata_transit02          ----- model: lc_model_b                    
Tc                    10.48920     -0.00017      0.00018    (15-84 p)

----- dataset:  LCdata_transit03
jitter_0              0.000092    -0.000057     0.000064    (15-84 p)


----- dataset: LCdata_transit03          ----- model: lc_model_b                    
Tc                    14.64770     -0.00018      0.00018    (15-84 p)

----- dataset:  LCdata_transit04
jitter_0              0.000109    -0.000066     0.000065    (15-84 p)


----- dataset: LCdata_transit04          ----- model: lc_model_b                    
Tc                    18.80612     -0.00017      0.00018    (15-84 p)

----- dataset:  LCdata_transit05
jitter_0              0.000087    -0.000056     0.000065    (15-84 p)


----- dataset: LCdata_transit05          ----- model: lc_model_b                    
Tc                    22.96483     -0.00018      0.00018    (15-84 p)

----- common model:  b
P                     4.159151    -0.000020     0.000020    (15-84 p)
e                         0.00                              [fixed]
omega                90.000000                              [fixed]
R_Rs                   0.10010     -0.00040      0.00053    (15-84 p)
b                        0.168       -0.093        0.076    (15-84 p)

----- common model:  star_parameters
density                  0.708       -0.031        0.023    (15-84 p)

----- common model:  limb_darkening
ld_c1                    0.472       -0.021        0.021    (15-84 p)
ld_c2                    0.129       -0.041        0.039    (15-84 p)

====================================================================================================
     Statistics on the derived parameters obtained from the posteriors samples     
====================================================================================================

----- common model:  b
a_Rs                      9.69        -0.14         0.10    (15-84 p)
i                        89.01        -0.47         0.56    (15-84 p)
R_Rj                     1.121       -0.040        0.039    (15-84 p)
R_Re                     12.56        -0.44         0.44    (15-84 p)
T_41                   0.14881     -0.00038      0.00043    (15-84 p)
T_32                   0.12089     -0.00075      0.00053    (15-84 p)
a_AU_(rho,R)            0.0517      -0.0019       0.0019    (15-84 p)


====================================================================================================
     ------------------------------------------------------------------------------------------     
====================================================================================================



emcee completed

