
PyORBIT v10.6.0

Python version in use:
3.10.14 (main, May  6 2024, 19:42:50) [GCC 11.2.0]
 LaTeX disabled by default
Using orbital model:  circular
Using orbital parametrization:  Eastman2013
Time of inferior conjunction replacing mean longitude as a free parameter:  True
Dataset flag of times of inferior conjuctions:  id_transit_b

Using limb darkening coefficient parametrization:  Standard
Using RoadRunner Model from PyTransit
Using RoadRunner Model from PyTransit

emcee version:  3.1.6

 Reference Time Tref: 0.0

 Dimensions = 20
 Nwalkers = 80

 Steps: 50000


 LN posterior: 194115.514769      -3.290625     2.706608 (15-84 p) 

 Median log_priors     = 29.563572352852493
 Median log_likelihood = 194094.69881715556

 Median BIC  (using likelihood) = -387982.31529005914
 Median AIC  (using likelihood) = -388149.3976343111
 Median AICc (using likelihood) = -388149.37085286685

 Median BIC  (using posterior)  = -388041.4424347648
 Median AIC  (using posterior)  = -388208.5247790168
 Median AICc (using posterior)  = -388208.49799757253

 MAP log_priors     = 29.603933120717894
 MAP log_likelihood = 194093.19663074333

 MAP BIC  (using likelihood) = -387979.3109172347
 MAP AIC  (using likelihood) = -388146.39326148666
 MAP AICc (using likelihood) = -388146.3664800424

 MAP BIC  (using posterior)  = -388038.51878347615
 MAP AIC  (using posterior)  = -388205.6011277281
 MAP AICc (using posterior)  = -388205.57434628386

 AIC suggested over AICs because NDATA ( 31386 ) > 40 * NDIM ( 20 )

****************************************************************************************************


Computing the autocorrelation time of the chains

***** WARNING ******
The integrated autocorrelation time cannot be reliably estimated
likely the chains are too short, and ACF analysis is not fully reliable
emcee.autocorr.integrated_time tolerance lowered to 20
If you still get a warning, you should drop these results entirely

Reference thinning used in the analysis: 100
Step length used in the analysis: 12*nthin = 1200

Convergence criteria: less than 1% variation in ACF after 20 times the integrated ACF
At least 50*ACF after convergence, 100*ACF would be ideal
Negative values: not converged yet

   sampler parameter              |    ACF   | ACF*nthin | converged at | nsteps/ACF | to 100*ACF
                                  |          |           |              |            | 
   LCdata_inst00_jitter_0         |    5.28  |      528  |    32400     |      33    |   35210 
   LCdata_inst00_lc_model_inst00_b_Tc_0 |    5.19  |      519  |    28800     |      41    |   30735 
   LCdata_inst00_lc_model_inst00_b_Tc_1 |    5.27  |      527  |    26400     |      45    |   29119 
   LCdata_inst00_lc_model_inst00_b_Tc_2 |    4.98  |      498  |    24000     |      52    |   23799 
   LCdata_inst00_lc_model_inst00_b_Tc_3 |    5.16  |      516  |    26400     |      46    |   27994 
   LCdata_inst00_lc_model_inst00_b_Tc_4 |    5.13  |      513  |    26400     |      46    |   27745 
   LCdata_inst00_lc_model_inst00_b_Tc_5 |    5.36  |      536  |    28800     |      40    |   32357 
   LCdata_inst01_jitter_0         |    5.58  |      558  |    25200     |      44    |   31009 
   LCdata_inst01_lc_model_inst01_b_Tc_3 |    5.26  |      526  |    25200     |      47    |   27782 
   LCdata_inst01_lc_model_inst01_b_Tc_4 |    5.34  |      534  |    26400     |      44    |   29773 
   LCdata_inst01_lc_model_inst01_b_Tc_5 |    4.99  |      499  |    28800     |      42    |   28709 
   LCdata_inst01_lc_model_inst01_b_Tc_6 |    5.07  |      507  |    37200     |      25    |   37937 
   LCdata_inst01_lc_model_inst01_b_Tc_7 |    5.06  |      506  |    34800     |      30    |   35378 
   LCdata_inst01_lc_model_inst01_b_Tc_8 |    5.43  |      543  |    33600     |      30    |   37898 
   b_P                            |    5.15  |      515  |    30000     |      39    |   31522 
   b_R_Rs                         |   10.03  |     1003  |    37200     |      13    |   87509 
   b_b                            |   12.09  |     1209  |    37200     |      11    |  108052 
   star_parameters_density        |   11.69  |     1169  |    37200     |      11    |  104115 
   limb_darkening_ld_c1           |    5.22  |      522  |    22800     |      52    |   24968 
   limb_darkening_ld_c2           |    5.39  |      539  |    31200     |      35    |   35068 

All the chains have converged, but PyORBIT should keep running for about:
11975 more steps to reach 50*ACF,
41334 more steps to reach 100*ACF
Suggested value for burnin: 30000

 Plotting the ACF... 


====================================================================================================
     Ids, spaces (s), boundaries (b) and priors (p) of the sampler parameters     
====================================================================================================

----- dataset:  LCdata_inst00
jitter_0      id:   6  s:Linear      b:[      0.0000,       0.0500]   p:Uniform   []

----- dataset: LCdata_inst00             ----- model: lc_model_inst00_b             
Tc_0          id:   7  s:Linear      b:[      1.9214,       2.4200]   p:Uniform   []
Tc_1          id:   8  s:Linear      b:[      6.0797,       6.5783]   p:Uniform   []
Tc_2          id:   9  s:Linear      b:[     10.2394,      10.7381]   p:Uniform   []
Tc_3          id:  10  s:Linear      b:[     14.3978,      14.8964]   p:Uniform   []
Tc_4          id:  11  s:Linear      b:[     18.5575,      19.0561]   p:Uniform   []
Tc_5          id:  12  s:Linear      b:[     22.7158,      23.2144]   p:Uniform   []

----- dataset:  LCdata_inst01
jitter_0      id:  13  s:Linear      b:[      0.0000,       0.0500]   p:Uniform   []

----- dataset: LCdata_inst01             ----- model: lc_model_inst01_b             
Tc_3          id:  14  s:Linear      b:[     14.3988,      14.8975]   p:Uniform   []
Tc_4          id:  15  s:Linear      b:[     18.5572,      19.0558]   p:Uniform   []
Tc_5          id:  16  s:Linear      b:[     22.7169,      23.2155]   p:Uniform   []
Tc_6          id:  17  s:Linear      b:[     26.8752,      27.3738]   p:Uniform   []
Tc_7          id:  18  s:Linear      b:[     31.0350,      31.5336]   p:Uniform   []
Tc_8          id:  19  s:Linear      b:[     35.1933,      35.6919]   p:Uniform   []

----- common model:  b
P             id:   0  s:Linear      b:[      4.1550,       4.1650]   p:Gaussian   [4.159151e+00 2.000000e-05]
R_Rs          id:   1  s:Linear      b:[      0.0000,       0.5000]   p:Uniform   []
b             id:   2  s:Linear      b:[      0.0000,       2.0000]   p:Uniform   []
e             derived (no id, space, bound)                           p:None   []
omega         derived (no id, space, bound)                           p:None   []

----- common model:  star_parameters
density       id:   5  s:Linear      b:[      0.0000,       5.0000]   p:Gaussian   [0.7 0.1]
mass          derived (no id, space, bound)                           p:Gaussian   [1.05 0.04]
radius        derived (no id, space, bound)                           p:Gaussian   [1.15 0.04]

----- common model:  limb_darkening
ld_c1         id:   3  s:Linear      b:[      0.0000,       1.0000]   p:Gaussian   [0.5  0.05]
ld_c2         id:   4  s:Linear      b:[     -1.0000,       1.0000]   p:Gaussian   [0.1  0.05]


****************************************************************************************************
****************************************************************************************************

 Confidence intervals (median value, 34.135th percentile from the median on the left and right side)

====================================================================================================
     Statistics on the posterior of the sampler parameters     
====================================================================================================

----- dataset:  LCdata_inst00
jitter_0         6      0.000032    -0.000018     0.000023   (15-84 p)   [    0.0000,     0.0500]

----- dataset: LCdata_inst00             ----- model: lc_model_inst00_b             
Tc_0             7       2.16998     -0.00017      0.00017   (15-84 p)   [    1.9214,     2.4200]
Tc_1             8       6.32963     -0.00017      0.00017   (15-84 p)   [    6.0797,     6.5783]
Tc_2             9      10.48921     -0.00017      0.00017   (15-84 p)   [   10.2394,    10.7381]
Tc_3            10      14.64787     -0.00017      0.00017   (15-84 p)   [   14.3978,    14.8964]
Tc_4            11      18.80574     -0.00017      0.00017   (15-84 p)   [   18.5575,    19.0561]
Tc_5            12      22.96501     -0.00017      0.00017   (15-84 p)   [   22.7158,    23.2144]

----- dataset:  LCdata_inst01
jitter_0        13      0.000026    -0.000014     0.000020   (15-84 p)   [    0.0000,     0.0500]

----- dataset: LCdata_inst01             ----- model: lc_model_inst01_b             
Tc_3            14      14.64803     -0.00017      0.00017   (15-84 p)   [   14.3988,    14.8975]
Tc_4            15      18.80590     -0.00017      0.00017   (15-84 p)   [   18.5572,    19.0558]
Tc_5            16      22.96485     -0.00018      0.00017   (15-84 p)   [   22.7169,    23.2155]
Tc_6            17      27.12314     -0.00018      0.00017   (15-84 p)   [   26.8752,    27.3738]
Tc_7            18      31.28323     -0.00017      0.00017   (15-84 p)   [   31.0350,    31.5336]
Tc_8            19      35.44296     -0.00017      0.00017   (15-84 p)   [   35.1933,    35.6919]

----- common model:  b
P                0      4.159151    -0.000020     0.000021   (15-84 p)   [    4.1550,     4.1650]
R_Rs             1       0.10010     -0.00021      0.00028   (15-84 p)   [    0.0000,     0.5000]
b                2         0.097       -0.065        0.066   (15-84 p)   [    0.0000,     2.0000]

----- common model:  star_parameters
density          5        0.7353       -0.017       0.0088   (15-84 p)   [    0.0000,     5.0000]

----- common model:  limb_darkening
ld_c1            3         0.473       -0.017        0.017   (15-84 p)   [    0.0000,     1.0000]
ld_c2            4         0.108       -0.034        0.034   (15-84 p)   [   -1.0000,     1.0000]

====================================================================================================
     Statistics on the model parameters obtained from the posteriors samples     
====================================================================================================

----- dataset:  LCdata_inst00
jitter_0              0.000032    -0.000018     0.000023    (15-84 p)


----- dataset: LCdata_inst00             ----- model: lc_model_inst00_b             
Tc_0                   2.16998     -0.00017      0.00017    (15-84 p)
Tc_1                   6.32963     -0.00017      0.00017    (15-84 p)
Tc_2                  10.48921     -0.00017      0.00017    (15-84 p)
Tc_3                  14.64787     -0.00017      0.00017    (15-84 p)
Tc_4                  18.80574     -0.00017      0.00017    (15-84 p)
Tc_5                  22.96501     -0.00017      0.00017    (15-84 p)

----- dataset:  LCdata_inst01
jitter_0              0.000026    -0.000014     0.000020    (15-84 p)


----- dataset: LCdata_inst01             ----- model: lc_model_inst01_b             
Tc_3                  14.64803     -0.00017      0.00017    (15-84 p)
Tc_4                  18.80590     -0.00017      0.00017    (15-84 p)
Tc_5                  22.96485     -0.00018      0.00017    (15-84 p)
Tc_6                  27.12314     -0.00018      0.00017    (15-84 p)
Tc_7                  31.28323     -0.00017      0.00017    (15-84 p)
Tc_8                  35.44296     -0.00017      0.00017    (15-84 p)

----- common model:  b
P                     4.159151    -0.000020     0.000021    (15-84 p)
e                         0.00                              [fixed]
omega                90.000000                              [fixed]
R_Rs                   0.10010     -0.00021      0.00028    (15-84 p)
b                        0.097       -0.065        0.066    (15-84 p)

----- common model:  star_parameters
density                 0.7353       -0.017       0.0088    (15-84 p)

----- common model:  limb_darkening
ld_c1                    0.473       -0.017        0.017    (15-84 p)
ld_c2                    0.108       -0.034        0.034    (15-84 p)

====================================================================================================
     Statistics on the derived parameters obtained from the posteriors samples     
====================================================================================================

----- common model:  b
a_Rs                     9.819       -0.078        0.039    (15-84 p)
i                        89.43        -0.39         0.38    (15-84 p)
R_Rj                     1.121       -0.039        0.039    (15-84 p)
R_Re                     12.57        -0.43         0.43    (15-84 p)
T_41                   0.14807     -0.00023      0.00024    (15-84 p)
T_32                   0.12074     -0.00038      0.00029    (15-84 p)
a_AU_(rho,R)            0.0525      -0.0019       0.0018    (15-84 p)


====================================================================================================
     ------------------------------------------------------------------------------------------     
====================================================================================================



****************************************************************************************************

 Parameters corresponding to the Maximum a Posteriori probability ( 194122.80056386406 )

====================================================================================================
     Statistics on the posterior of the sampler parameters     
====================================================================================================

----- dataset:  LCdata_inst00
jitter_0         6      0.000018 [    0.0000,     0.0500]

----- dataset: LCdata_inst00             ----- model: lc_model_inst00_b             
Tc_0             7      2.169996 [    1.9214,     2.4200]
Tc_1             8      6.329633 [    6.0797,     6.5783]
Tc_2             9     10.489213 [   10.2394,    10.7381]
Tc_3            10     14.647935 [   14.3978,    14.8964]
Tc_4            11     18.805697 [   18.5575,    19.0561]
Tc_5            12     22.965078 [   22.7158,    23.2144]

----- dataset:  LCdata_inst01
jitter_0        13      0.000034 [    0.0000,     0.0500]

----- dataset: LCdata_inst01             ----- model: lc_model_inst01_b             
Tc_3            14     14.648058 [   14.3988,    14.8975]
Tc_4            15     18.806113 [   18.5572,    19.0558]
Tc_5            16     22.964984 [   22.7169,    23.2155]
Tc_6            17     27.123099 [   26.8752,    27.3738]
Tc_7            18     31.283193 [   31.0350,    31.5336]
Tc_8            19     35.442940 [   35.1933,    35.6919]

----- common model:  b
P                0      4.159148 [    4.1550,     4.1650]
R_Rs             1      0.100021 [    0.0000,     0.5000]
b                2      0.082117 [    0.0000,     2.0000]

----- common model:  star_parameters
density          5      0.738105 [    0.0000,     5.0000]

----- common model:  limb_darkening
ld_c1            3      0.478735 [    0.0000,     1.0000]
ld_c2            4      0.105001 [   -1.0000,     1.0000]

====================================================================================================
     Statistics on the model parameters obtained from the posteriors samples     
====================================================================================================

----- dataset:  LCdata_inst00
jitter_0              0.000018 


----- dataset: LCdata_inst00             ----- model: lc_model_inst00_b             
Tc_0                  2.169996 
Tc_1                  6.329633 
Tc_2                 10.489213 
Tc_3                 14.647935 
Tc_4                 18.805697 
Tc_5                 22.965078 

----- dataset:  LCdata_inst01
jitter_0              0.000034 


----- dataset: LCdata_inst01             ----- model: lc_model_inst01_b             
Tc_3                 14.648058 
Tc_4                 18.806113 
Tc_5                 22.964984 
Tc_6                 27.123099 
Tc_7                 31.283193 
Tc_8                 35.442940 

----- common model:  b
P                     4.159148 
e                         0.00 
omega                90.000000 
R_Rs                  0.100021 
b                     0.082117 

----- common model:  star_parameters
density               0.738105 

----- common model:  limb_darkening
ld_c1                 0.478735 
ld_c2                 0.105001 

====================================================================================================
     Statistics on the derived parameters obtained from the posteriors samples     
====================================================================================================

----- common model:  b
a_Rs                  9.831621 
i                    89.521440 
R_Rj                  1.080247 
R_Re                 12.108403 
T_41                  0.148026 
T_32                  0.120855 
a_AU_(rho,R)          0.050744 


====================================================================================================
     ------------------------------------------------------------------------------------------     
====================================================================================================



****************************************************************************************************

 Parameters corresponding to the sample closest to the median values ( 194121.72229987485 )

====================================================================================================
     Statistics on the posterior of the sampler parameters     
====================================================================================================

----- dataset:  LCdata_inst00
jitter_0         6      0.000037 [    0.0000,     0.0500]

----- dataset: LCdata_inst00             ----- model: lc_model_inst00_b             
Tc_0             7      2.169977 [    1.9214,     2.4200]
Tc_1             8      6.329669 [    6.0797,     6.5783]
Tc_2             9     10.489282 [   10.2394,    10.7381]
Tc_3            10     14.647816 [   14.3978,    14.8964]
Tc_4            11     18.805688 [   18.5575,    19.0561]
Tc_5            12     22.965024 [   22.7158,    23.2144]

----- dataset:  LCdata_inst01
jitter_0        13      0.000030 [    0.0000,     0.0500]

----- dataset: LCdata_inst01             ----- model: lc_model_inst01_b             
Tc_3            14     14.648187 [   14.3988,    14.8975]
Tc_4            15     18.805783 [   18.5572,    19.0558]
Tc_5            16     22.964839 [   22.7169,    23.2155]
Tc_6            17     27.123125 [   26.8752,    27.3738]
Tc_7            18     31.283035 [   31.0350,    31.5336]
Tc_8            19     35.442973 [   35.1933,    35.6919]

----- common model:  b
P                0      4.159158 [    4.1550,     4.1650]
R_Rs             1      0.100128 [    0.0000,     0.5000]
b                2      0.095931 [    0.0000,     2.0000]

----- common model:  star_parameters
density          5      0.735022 [    0.0000,     5.0000]

----- common model:  limb_darkening
ld_c1            3      0.479088 [    0.0000,     1.0000]
ld_c2            4      0.101713 [   -1.0000,     1.0000]

====================================================================================================
     Statistics on the model parameters obtained from the posteriors samples     
====================================================================================================

----- dataset:  LCdata_inst00
jitter_0              0.000037 


----- dataset: LCdata_inst00             ----- model: lc_model_inst00_b             
Tc_0                  2.169977 
Tc_1                  6.329669 
Tc_2                 10.489282 
Tc_3                 14.647816 
Tc_4                 18.805688 
Tc_5                 22.965024 

----- dataset:  LCdata_inst01
jitter_0              0.000030 


----- dataset: LCdata_inst01             ----- model: lc_model_inst01_b             
Tc_3                 14.648187 
Tc_4                 18.805783 
Tc_5                 22.964839 
Tc_6                 27.123125 
Tc_7                 31.283035 
Tc_8                 35.442973 

----- common model:  b
P                     4.159158 
e                         0.00 
omega                90.000000 
R_Rs                  0.100128 
b                     0.095931 

----- common model:  star_parameters
density               0.735022 

----- common model:  limb_darkening
ld_c1                 0.479088 
ld_c2                 0.101713 

====================================================================================================
     Statistics on the derived parameters obtained from the posteriors samples     
====================================================================================================

----- common model:  b
a_Rs                  9.817927 
i                    89.440152 
R_Rj                  1.102708 
R_Re                 12.360158 
T_41                  0.148098 
T_32                  0.120825 
a_AU_(rho,R)          0.051672 


====================================================================================================
     ------------------------------------------------------------------------------------------     
====================================================================================================



****************************************************************************************************

Note: priors on stellar mass and radius provided independently from the measured density, no check for consistency is performed

 Plot FLAT chain 

****************************************************************************************************

Plotting full_correlation plot with pygtc

****************************************************************************************************

 Plotting the chains... 

****************************************************************************************************

 Plotting the Gelman-Rubin traces... 

     Gelman-Rubin:     6     1.005449 LCdata_inst00_jitter_0 
     Gelman-Rubin:     7     1.003482 LCdata_inst00_lc_model_inst00_b_Tc_0 
     Gelman-Rubin:     8     1.003976 LCdata_inst00_lc_model_inst00_b_Tc_1 
     Gelman-Rubin:     9     1.004009 LCdata_inst00_lc_model_inst00_b_Tc_2 
     Gelman-Rubin:    10     1.003202 LCdata_inst00_lc_model_inst00_b_Tc_3 
     Gelman-Rubin:    11     1.004884 LCdata_inst00_lc_model_inst00_b_Tc_4 
     Gelman-Rubin:    12     1.003402 LCdata_inst00_lc_model_inst00_b_Tc_5 
     Gelman-Rubin:    13     1.005044 LCdata_inst01_jitter_0 
     Gelman-Rubin:    14     1.003814 LCdata_inst01_lc_model_inst01_b_Tc_3 
     Gelman-Rubin:    15     1.003473 LCdata_inst01_lc_model_inst01_b_Tc_4 
     Gelman-Rubin:    16     1.004138 LCdata_inst01_lc_model_inst01_b_Tc_5 
     Gelman-Rubin:    17     1.004718 LCdata_inst01_lc_model_inst01_b_Tc_6 
     Gelman-Rubin:    18     1.005607 LCdata_inst01_lc_model_inst01_b_Tc_7 
     Gelman-Rubin:    19     1.004837 LCdata_inst01_lc_model_inst01_b_Tc_8 
     Gelman-Rubin:     0     1.004322 b_P 
     Gelman-Rubin:     1     1.008657 b_R_Rs 
     Gelman-Rubin:     2     1.011147 b_b 
     Gelman-Rubin:     5     1.009970 star_parameters_density 
     Gelman-Rubin:     3     1.004952 limb_darkening_ld_c1 
     Gelman-Rubin:     4     1.005695 limb_darkening_ld_c2 

****************************************************************************************************

 Plotting the common models corner plots
     Common model:  b
     Common model:  star_parameters
     Common model:  limb_darkening

****************************************************************************************************

 Dataset + models corner plots 

     Dataset:  LCdata_inst00     model:  lc_model_inst00_b  corner plot  starting 
     Dataset:  LCdata_inst00     model:  lc_model_inst00_b  corner plot  done 
     Dataset:  LCdata_inst01     model:  lc_model_inst01_b  corner plot  starting 
     Dataset:  LCdata_inst01     model:  lc_model_inst01_b  corner plot  done 

****************************************************************************************************

 Saving the planet parameter samplings to files (with plots)

****************************************************************************************************

 Saving all the parameter samplings to files (with plots)

****************************************************************************************************

 Computing the models for plot/data writing 
 Writing the plots 
 Writing the   data files 
 Writing the  MAP_ data files 
 Writing the  sampleMED_ data files 

****************************************************************************************************

