
PyORBIT v10.6.0

Python version in use:
3.10.14 (main, May  6 2024, 19:42:50) [GCC 11.2.0]
 LaTeX disabled by default
Using orbital model:  circular
Using orbital parametrization:  Eastman2013
Time of inferior conjunction replacing mean longitude as a free parameter:  True
Dataset flag of times of inferior conjuctions:  id_transit_b

Using limb darkening coefficient parametrization:  Standard
Using RoadRunner Model from PyTransit
Shared transit-specific time of transits (i.e., TTVs):  True

emcee version:  3.1.6

 Reference Time Tref: 0.0

 Dimensions = 17
 Nwalkers = 68

 Steps: 50000


 LN posterior: 194114.288888      -3.084066     2.363232 (15-84 p) 

 Median log_priors     = 27.48234240283056
 Median log_likelihood = 194093.96851151588

 Median BIC  (using likelihood) = -388011.9170304176
 Median AIC  (using likelihood) = -388153.93702303176
 Median AICc (using likelihood) = -388153.91751270276

 Median BIC  (using posterior)  = -388066.88171522325
 Median AIC  (using posterior)  = -388208.9017078374
 Median AICc (using posterior)  = -388208.8821975084

 MAP log_priors     = 27.385598063534943
 MAP log_likelihood = 194093.0917364646

 MAP BIC  (using likelihood) = -388010.163480315
 MAP AIC  (using likelihood) = -388152.1834729292
 MAP AICc (using likelihood) = -388152.16396260017

 MAP BIC  (using posterior)  = -388064.93467644206
 MAP AIC  (using posterior)  = -388206.9546690562
 MAP AICc (using posterior)  = -388206.9351587272

 AIC suggested over AICs because NDATA ( 31386 ) > 40 * NDIM ( 17 )

****************************************************************************************************


Computing the autocorrelation time of the chains

The chains are more than 50 times longer than the ACF, the estimate can be trusted

Reference thinning used in the analysis: 100
Step length used in the analysis: 9*nthin = 900

Convergence criteria: less than 1% variation in ACF after 50 times the integrated ACF
At least 50*ACF after convergence, 100*ACF would be ideal
Negative values: not converged yet

   sampler parameter              |    ACF   | ACF*nthin | converged at | nsteps/ACF | to 100*ACF
                                  |          |           |              |            | 
   LCdata_inst00_jitter_0         |    4.58  |      458  |    27900     |      48    |   23705 
   LCdata_inst01_jitter_0         |    4.94  |      494  |    30600     |      39    |   29960 
   b_P                            |    4.45  |      445  |    27900     |      50    |   22438 
   b_R_Rs                         |    7.80  |      780  |    45000     |       6    |   72972 
   b_b                            |    9.96  |      996  |       -1     |      -1    |  100615 
   b_Tc_0                         |    4.12  |      412  |    27000     |      56    |   18151 
   b_Tc_1                         |    4.22  |      422  |    28800     |      50    |   21039 
   b_Tc_2                         |    4.05  |      405  |    32400     |      43    |   22932 
   b_Tc_3                         |    4.42  |      442  |    30600     |      44    |   24836 
   b_Tc_4                         |    4.29  |      429  |    29700     |      47    |   22564 
   b_Tc_5                         |    4.08  |      408  |    25200     |      61    |   15963 
   b_Tc_6                         |    4.42  |      442  |    31500     |      42    |   25682 
   b_Tc_7                         |    4.32  |      432  |    29700     |      47    |   22870 
   b_Tc_8                         |    4.13  |      413  |    28800     |      51    |   20142 
   star_parameters_density        |    9.94  |      994  |       -1     |      -1    |  100351 
   limb_darkening_ld_c1           |    4.67  |      467  |    30600     |      42    |   27287 
   limb_darkening_ld_c2           |    4.71  |      471  |    31500     |      39    |   28582 

     2 chains have not converged yet, keep going 

 Plotting the ACF... 


====================================================================================================
     Ids, spaces (s), boundaries (b) and priors (p) of the sampler parameters     
====================================================================================================

----- dataset:  LCdata_inst00
jitter_0      id:  15  s:Linear      b:[      0.0000,       0.0500]   p:Uniform   []

----- dataset:  LCdata_inst01
jitter_0      id:  16  s:Linear      b:[      0.0000,       0.0500]   p:Uniform   []

----- common model:  b
P             id:   0  s:Linear      b:[      4.1550,       4.1650]   p:Gaussian   [4.159151e+00 2.000000e-05]
R_Rs          id:   1  s:Linear      b:[      0.0000,       0.5000]   p:Uniform   []
b             id:   2  s:Linear      b:[      0.0000,       2.0000]   p:Uniform   []
Tc_0          id:   3  s:Linear      b:[      1.9214,       2.4200]   p:Uniform   []
Tc_1          id:   4  s:Linear      b:[      6.0797,       6.5783]   p:Uniform   []
Tc_2          id:   5  s:Linear      b:[     10.2394,      10.7381]   p:Uniform   []
Tc_3          id:   6  s:Linear      b:[     14.3988,      14.8975]   p:Uniform   []
Tc_4          id:   7  s:Linear      b:[     18.5572,      19.0558]   p:Uniform   []
Tc_5          id:   8  s:Linear      b:[     22.7169,      23.2155]   p:Uniform   []
Tc_6          id:   9  s:Linear      b:[     26.8752,      27.3738]   p:Uniform   []
Tc_7          id:  10  s:Linear      b:[     31.0350,      31.5336]   p:Uniform   []
Tc_8          id:  11  s:Linear      b:[     35.1933,      35.6919]   p:Uniform   []
e             derived (no id, space, bound)                           p:None   []
omega         derived (no id, space, bound)                           p:None   []

----- common model:  star_parameters
density       id:  14  s:Linear      b:[      0.0000,       5.0000]   p:Gaussian   [0.7 0.1]
mass          derived (no id, space, bound)                           p:Gaussian   [1.05 0.04]
radius        derived (no id, space, bound)                           p:Gaussian   [1.15 0.04]

----- common model:  limb_darkening
ld_c1         id:  12  s:Linear      b:[      0.0000,       1.0000]   p:Gaussian   [0.5  0.05]
ld_c2         id:  13  s:Linear      b:[     -1.0000,       1.0000]   p:Gaussian   [0.1  0.05]


****************************************************************************************************
****************************************************************************************************

 Confidence intervals (median value, 34.135th percentile from the median on the left and right side)

====================================================================================================
     Statistics on the posterior of the sampler parameters     
====================================================================================================

----- dataset:  LCdata_inst00
jitter_0        15      0.000032    -0.000019     0.000023   (15-84 p)   [    0.0000,     0.0500]

----- dataset:  LCdata_inst01
jitter_0        16      0.000026    -0.000015     0.000020   (15-84 p)   [    0.0000,     0.0500]

----- common model:  b
P                0      4.159151    -0.000020     0.000020   (15-84 p)   [    4.1550,     4.1650]
R_Rs             1       0.10011     -0.00022      0.00027   (15-84 p)   [    0.0000,     0.5000]
b                2         0.100       -0.067        0.065   (15-84 p)   [    0.0000,     2.0000]
Tc_0             3       2.16998     -0.00017      0.00017   (15-84 p)   [    1.9214,     2.4200]
Tc_1             4       6.32964     -0.00017      0.00018   (15-84 p)   [    6.0797,     6.5783]
Tc_2             5      10.48921     -0.00017      0.00017   (15-84 p)   [   10.2394,    10.7381]
Tc_3             6      14.64796     -0.00012      0.00012   (15-84 p)   [   14.3988,    14.8975]
Tc_4             7      18.80582     -0.00012      0.00012   (15-84 p)   [   18.5572,    19.0558]
Tc_5             8      22.96493     -0.00012      0.00012   (15-84 p)   [   22.7169,    23.2155]
Tc_6             9      27.12313     -0.00017      0.00017   (15-84 p)   [   26.8752,    27.3738]
Tc_7            10      31.28322     -0.00017      0.00017   (15-84 p)   [   31.0350,    31.5336]
Tc_8            11      35.44295     -0.00017      0.00017   (15-84 p)   [   35.1933,    35.6919]

----- common model:  star_parameters
density         14        0.7346       -0.018       0.0094   (15-84 p)   [    0.0000,     5.0000]

----- common model:  limb_darkening
ld_c1           12         0.473       -0.017        0.017   (15-84 p)   [    0.0000,     1.0000]
ld_c2           13         0.107       -0.034        0.034   (15-84 p)   [   -1.0000,     1.0000]

====================================================================================================
     Statistics on the model parameters obtained from the posteriors samples     
====================================================================================================

----- dataset:  LCdata_inst00
jitter_0              0.000032    -0.000019     0.000023    (15-84 p)


----- dataset:  LCdata_inst01
jitter_0              0.000026    -0.000015     0.000020    (15-84 p)


----- common model:  b
P                     4.159151    -0.000020     0.000020    (15-84 p)
e                         0.00                              [fixed]
omega                90.000000                              [fixed]
R_Rs                   0.10011     -0.00022      0.00027    (15-84 p)
b                        0.100       -0.067        0.065    (15-84 p)
Tc_0                   2.16998     -0.00017      0.00017    (15-84 p)
Tc_1                   6.32964     -0.00017      0.00018    (15-84 p)
Tc_2                  10.48921     -0.00017      0.00017    (15-84 p)
Tc_3                  14.64796     -0.00012      0.00012    (15-84 p)
Tc_4                  18.80582     -0.00012      0.00012    (15-84 p)
Tc_5                  22.96493     -0.00012      0.00012    (15-84 p)
Tc_6                  27.12313     -0.00017      0.00017    (15-84 p)
Tc_7                  31.28322     -0.00017      0.00017    (15-84 p)
Tc_8                  35.44295     -0.00017      0.00017    (15-84 p)

----- common model:  star_parameters
density                 0.7346       -0.018       0.0094    (15-84 p)

----- common model:  limb_darkening
ld_c1                    0.473       -0.017        0.017    (15-84 p)
ld_c2                    0.107       -0.034        0.034    (15-84 p)

====================================================================================================
     Statistics on the derived parameters obtained from the posteriors samples     
====================================================================================================

----- common model:  b
a_Rs                     9.816       -0.079        0.042    (15-84 p)
i                        89.42        -0.39         0.39    (15-84 p)
R_Rj                     1.121       -0.040        0.040    (15-84 p)
R_Re                     12.57        -0.45         0.45    (15-84 p)
T_41                   0.14808     -0.00023      0.00026    (15-84 p)
T_32                   0.12074     -0.00038      0.00029    (15-84 p)
a_AU_(rho,R)            0.0524      -0.0019       0.0019    (15-84 p)


====================================================================================================
     ------------------------------------------------------------------------------------------     
====================================================================================================



****************************************************************************************************

 Parameters corresponding to the Maximum a Posteriori probability ( 194120.4773345281 )

====================================================================================================
     Statistics on the posterior of the sampler parameters     
====================================================================================================

----- dataset:  LCdata_inst00
jitter_0        15      0.000014 [    0.0000,     0.0500]

----- dataset:  LCdata_inst01
jitter_0        16      0.000012 [    0.0000,     0.0500]

----- common model:  b
P                0      4.159161 [    4.1550,     4.1650]
R_Rs             1      0.100096 [    0.0000,     0.5000]
b                2      0.094922 [    0.0000,     2.0000]
Tc_0             3      2.169973 [    1.9214,     2.4200]
Tc_1             4      6.329708 [    6.0797,     6.5783]
Tc_2             5     10.489238 [   10.2394,    10.7381]
Tc_3             6     14.647947 [   14.3988,    14.8975]
Tc_4             7     18.805775 [   18.5572,    19.0558]
Tc_5             8     22.964945 [   22.7169,    23.2155]
Tc_6             9     27.123113 [   26.8752,    27.3738]
Tc_7            10     31.283125 [   31.0350,    31.5336]
Tc_8            11     35.443128 [   35.1933,    35.6919]

----- common model:  star_parameters
density         14      0.737830 [    0.0000,     5.0000]

----- common model:  limb_darkening
ld_c1           12      0.477847 [    0.0000,     1.0000]
ld_c2           13      0.100106 [   -1.0000,     1.0000]

====================================================================================================
     Statistics on the model parameters obtained from the posteriors samples     
====================================================================================================

----- dataset:  LCdata_inst00
jitter_0              0.000014 


----- dataset:  LCdata_inst01
jitter_0              0.000012 


----- common model:  b
P                     4.159161 
e                         0.00 
omega                90.000000 
R_Rs                  0.100096 
b                     0.094922 
Tc_0                  2.169973 
Tc_1                  6.329708 
Tc_2                 10.489238 
Tc_3                 14.647947 
Tc_4                 18.805775 
Tc_5                 22.964945 
Tc_6                 27.123113 
Tc_7                 31.283125 
Tc_8                 35.443128 

----- common model:  star_parameters
density               0.737830 

----- common model:  limb_darkening
ld_c1                 0.477847 
ld_c2                 0.100106 

====================================================================================================
     Statistics on the derived parameters obtained from the posteriors samples     
====================================================================================================

----- common model:  b
a_Rs                  9.830417 
i                    89.446748 
R_Rj                  1.097499 
R_Re                 12.301770 
T_41                  0.147916 
T_32                  0.120690 
a_AU_(rho,R)          0.051510 


====================================================================================================
     ------------------------------------------------------------------------------------------     
====================================================================================================



****************************************************************************************************

 Parameters corresponding to the sample closest to the median values ( 194120.2431083508 )

====================================================================================================
     Statistics on the posterior of the sampler parameters     
====================================================================================================

----- dataset:  LCdata_inst00
jitter_0        15      0.000038 [    0.0000,     0.0500]

----- dataset:  LCdata_inst01
jitter_0        16      0.000020 [    0.0000,     0.0500]

----- common model:  b
P                0      4.159148 [    4.1550,     4.1650]
R_Rs             1      0.100020 [    0.0000,     0.5000]
b                2      0.087068 [    0.0000,     2.0000]
Tc_0             3      2.169996 [    1.9214,     2.4200]
Tc_1             4      6.329639 [    6.0797,     6.5783]
Tc_2             5     10.489281 [   10.2394,    10.7381]
Tc_3             6     14.648020 [   14.3988,    14.8975]
Tc_4             7     18.805813 [   18.5572,    19.0558]
Tc_5             8     22.964882 [   22.7169,    23.2155]
Tc_6             9     27.123122 [   26.8752,    27.3738]
Tc_7            10     31.283204 [   31.0350,    31.5336]
Tc_8            11     35.443047 [   35.1933,    35.6919]

----- common model:  star_parameters
density         14      0.735951 [    0.0000,     5.0000]

----- common model:  limb_darkening
ld_c1           12      0.461474 [    0.0000,     1.0000]
ld_c2           13      0.138673 [   -1.0000,     1.0000]

====================================================================================================
     Statistics on the model parameters obtained from the posteriors samples     
====================================================================================================

----- dataset:  LCdata_inst00
jitter_0              0.000038 


----- dataset:  LCdata_inst01
jitter_0              0.000020 


----- common model:  b
P                     4.159148 
e                         0.00 
omega                90.000000 
R_Rs                  0.100020 
b                     0.087068 
Tc_0                  2.169996 
Tc_1                  6.329639 
Tc_2                 10.489281 
Tc_3                 14.648020 
Tc_4                 18.805813 
Tc_5                 22.964882 
Tc_6                 27.123122 
Tc_7                 31.283204 
Tc_8                 35.443047 

----- common model:  star_parameters
density               0.735951 

----- common model:  limb_darkening
ld_c1                 0.461474 
ld_c2                 0.138673 

====================================================================================================
     Statistics on the derived parameters obtained from the posteriors samples     
====================================================================================================

----- common model:  b
a_Rs                  9.822044 
i                    89.492090 
R_Rj                  1.080745 
R_Re                 12.113980 
T_41                  0.148119 
T_32                  0.120911 
a_AU_(rho,R)          0.050719 


====================================================================================================
     ------------------------------------------------------------------------------------------     
====================================================================================================



****************************************************************************************************

Note: priors on stellar mass and radius provided independently from the measured density, no check for consistency is performed

 Plot FLAT chain 

****************************************************************************************************

Plotting full_correlation plot with pygtc

****************************************************************************************************

 Plotting the chains... 

****************************************************************************************************

 Plotting the Gelman-Rubin traces... 

     Gelman-Rubin:    15     1.003986 LCdata_inst00_jitter_0 
     Gelman-Rubin:    16     1.004835 LCdata_inst01_jitter_0 
     Gelman-Rubin:     0     1.002845 b_P 
     Gelman-Rubin:     1     1.007690 b_R_Rs 
     Gelman-Rubin:     2     1.010706 b_b 
     Gelman-Rubin:     3     1.003220 b_Tc_0 
     Gelman-Rubin:     4     1.002756 b_Tc_1 
     Gelman-Rubin:     5     1.004120 b_Tc_2 
     Gelman-Rubin:     6     1.003676 b_Tc_3 
     Gelman-Rubin:     7     1.003245 b_Tc_4 
     Gelman-Rubin:     8     1.003876 b_Tc_5 
     Gelman-Rubin:     9     1.003402 b_Tc_6 
     Gelman-Rubin:    10     1.004780 b_Tc_7 
     Gelman-Rubin:    11     1.004640 b_Tc_8 
     Gelman-Rubin:    14     1.012120 star_parameters_density 
     Gelman-Rubin:    12     1.003877 limb_darkening_ld_c1 
     Gelman-Rubin:    13     1.003814 limb_darkening_ld_c2 

****************************************************************************************************

 Plotting the common models corner plots
     Common model:  b
     Common model:  star_parameters
     Common model:  limb_darkening

****************************************************************************************************

 Dataset + models corner plots 

     Dataset:  LCdata_inst00     model:  lc_model_b  corner plot  starting 
     Dataset:  LCdata_inst00     model:  lc_model_b  corner plot  done 
     Dataset:  LCdata_inst01     model:  lc_model_b  corner plot  starting 
     Dataset:  LCdata_inst01     model:  lc_model_b  corner plot  done 

****************************************************************************************************

 Saving the planet parameter samplings to files (with plots)

****************************************************************************************************

 Saving all the parameter samplings to files (with plots)

****************************************************************************************************

 Computing the models for plot/data writing 
 Writing the plots 
 Writing the   data files 
