
PyORBIT v10.6.0

Python version in use:
3.10.14 (main, May  6 2024, 19:42:50) [GCC 11.2.0]

reloaded_optimize:  False
reloaded_pyde:  False
reloaded_emcee:  False

number of multiprocessing threads: 16
multiprocessing method (should be fork):  fork

parameters/safe_reload flag (must be True for tinygp):  False

Opening:  LCdata_inst00
Opening:  LCdata_inst01
Adding common model of planet:  b
Adding common model of planet:  c
  LC model: lc_model_b is using limb_darkening LD parameters
  LC model: lc_model_c is using limb_darkening LD parameters
Using orbital model:  circular
Using orbital parametrization:  Eastman2013
Time of inferior conjunction replacing mean longitude as a free parameter:  True
List of times of inferior conjuctions:  twoplanets_transits/WASP47_simulated_planetb_tclist.dat

Using orbital model:  circular
Using orbital parametrization:  Eastman2013
Time of inferior conjunction replacing mean longitude as a free parameter:  True
List of times of inferior conjuctions:  twoplanets_transits/WASP47_simulated_planetc_tclist.dat

Using limb darkening coefficient parametrization:  Standard
Using RoadRunner Model from PyTransit
Shared transit-specific time of transits (i.e., TTVs):  True
Using RoadRunner Model from PyTransit
Shared transit-specific time of transits (i.e., TTVs):  True

====================================================================================================
     Ids, spaces (s), boundaries (b) and priors (p) of the sampler parameters     
====================================================================================================

----- dataset:  LCdata_inst00
jitter_0      id:  22  s:Linear      b:[      0.0000,       0.0500]   p:Uniform   []

----- dataset:  LCdata_inst01
jitter_0      id:  23  s:Linear      b:[      0.0000,       0.0500]   p:Uniform   []

----- common model:  b
P             id:   0  s:Linear      b:[      4.1550,       4.1650]   p:Gaussian   [4.159151e+00 2.000000e-05]
R_Rs          id:   1  s:Linear      b:[      0.0000,       0.5000]   p:Uniform   []
b             id:   2  s:Linear      b:[      0.0000,       2.0000]   p:Uniform   []
Tc_0          id:   3  s:Linear      b:[      1.9214,       2.4186]   p:Uniform   []
Tc_1          id:   4  s:Linear      b:[      6.0797,       6.5783]   p:Uniform   []
Tc_2          id:   5  s:Linear      b:[     10.2394,      10.7381]   p:Uniform   []
Tc_3          id:   6  s:Linear      b:[     14.3988,      14.8961]   p:Uniform   []
Tc_4          id:   7  s:Linear      b:[     18.5572,      19.0558]   p:Uniform   []
Tc_5          id:   8  s:Linear      b:[     22.7169,      23.2155]   p:Uniform   []
Tc_6          id:   9  s:Linear      b:[     26.8752,      27.3738]   p:Uniform   []
Tc_7          id:  10  s:Linear      b:[     31.0350,      31.5336]   p:Uniform   []
Tc_8          id:  11  s:Linear      b:[     35.1933,      35.6919]   p:Uniform   []
e             derived (no id, space, bound)                           p:None   []
omega         derived (no id, space, bound)                           p:None   []

----- common model:  c
P             id:  15  s:Linear      b:[      9.0200,       9.0400]   p:Gaussian   [9.030501e+00 2.000000e-05]
R_Rs          id:  16  s:Linear      b:[      0.0000,       0.5000]   p:Uniform   []
b             id:  17  s:Linear      b:[      0.0000,       2.0000]   p:Uniform   []
Tc_3          id:  18  s:Linear      b:[      1.7214,       2.2186]   p:Uniform   []
Tc_4          id:  19  s:Linear      b:[     10.7506,      11.2492]   p:Uniform   []
Tc_5          id:  20  s:Linear      b:[     19.7822,      20.2808]   p:Uniform   []
Tc_6          id:  21  s:Linear      b:[     28.8127,      29.3113]   p:Uniform   []
e             derived (no id, space, bound)                           p:None   []
omega         derived (no id, space, bound)                           p:None   []

----- common model:  star_parameters
density       id:  14  s:Linear      b:[      0.0000,       5.0000]   p:Gaussian   [0.7 0.1]
mass          derived (no id, space, bound)                           p:Gaussian   [1.05 0.04]
radius        derived (no id, space, bound)                           p:Gaussian   [1.15 0.04]

----- common model:  limb_darkening
ld_c1         id:  12  s:Linear      b:[      0.0000,       1.0000]   p:Gaussian   [0.5  0.05]
ld_c2         id:  13  s:Linear      b:[     -1.0000,       1.0000]   p:Gaussian   [0.1  0.05]

Include priors:  True

Reference Time Tref:  0.0

Dimensions =  24
Nwalkers =  96

Using threading pool for PyDE: True
PyDE running
Boundaries redefined after PyDE output
PyDE completed, it took        126.4 seconds

====================================================================================================
     Starting point of the sample/optimization routines    
====================================================================================================

----- dataset:  LCdata_inst00
jitter_0        22      0.000006 [    0.0000,     0.0500]

----- dataset:  LCdata_inst01
jitter_0        23      0.000022 [    0.0000,     0.0500]

----- common model:  b
P                0      4.159150 [    4.1550,     4.1650]
R_Rs             1      0.100032 [    0.0000,     0.5000]
b                2      0.173001 [    0.0000,     2.0000]
Tc_0             3      2.169911 [    1.9214,     2.4186]
Tc_1             4      6.330030 [    6.0797,     6.5783]
Tc_2             5     10.489161 [   10.2394,    10.7381]
Tc_3             6     14.648007 [   14.3988,    14.8961]
Tc_4             7     18.806206 [   18.5572,    19.0558]
Tc_5             8     22.965138 [   22.7169,    23.2155]
Tc_6             9     27.123603 [   26.8752,    27.3738]
Tc_7            10     31.283067 [   31.0350,    31.5336]
Tc_8            11     35.442987 [   35.1933,    35.6919]

----- common model:  c
P               15      9.030501 [    9.0200,     9.0400]
R_Rs            16      0.050084 [    0.0000,     0.5000]
b               17      0.282498 [    0.0000,     2.0000]
Tc_3            18      1.969437 [    1.7214,     2.2186]
Tc_4            19     11.000976 [   10.7506,    11.2492]
Tc_5            20     20.031447 [   19.7822,    20.2808]
Tc_6            21     29.062195 [   28.8127,    29.3113]

----- common model:  star_parameters
density         14      0.707099 [    0.0000,     5.0000]

----- common model:  limb_darkening
ld_c1           12      0.505669 [    0.0000,     1.0000]
ld_c2           13      0.089895 [   -1.0000,     1.0000]

====================================================================================================
     Starting point projected onto the model parameter space     
====================================================================================================

----- dataset:  LCdata_inst00
jitter_0              0.000006 


----- dataset:  LCdata_inst01
jitter_0              0.000022 


----- common model:  b
P                     4.159150 
e                         0.00 
omega                90.000000 
R_Rs                  0.100032 
b                     0.173001 
Tc_0                  2.169911 
Tc_1                  6.330030 
Tc_2                 10.489161 
Tc_3                 14.648007 
Tc_4                 18.806206 
Tc_5                 22.965138 
Tc_6                 27.123603 
Tc_7                 31.283067 
Tc_8                 35.442987 

----- common model:  c
P                     9.030501 
e                         0.00 
omega                90.000000 
R_Rs                  0.050084 
b                     0.282498 
Tc_3                  1.969437 
Tc_4                 11.000976 
Tc_5                 20.031447 
Tc_6                 29.062195 

----- common model:  star_parameters
density               0.707099 

----- common model:  limb_darkening
ld_c1                 0.505669 
ld_c2                 0.089895 

====================================================================================================
     Derived parameters obtained from starting point     
====================================================================================================

----- common model:  b
a_Rs                  9.691983 
i                    88.977224 
R_Rj                  1.104219 
R_Re                 12.377095 
T_41                  0.148728 
T_32                  0.120827 
a_AU_(rho,R)          0.051128 

----- common model:  c
a_Rs                 16.251151 
i                    89.003962 
R_Rj                  0.568885 
R_Re                  6.376582 
T_41                  0.179034 
T_32                  0.160526 
a_AU_(rho,R)          0.088215 


====================================================================================================
     Statistics on the log-likelihood     
====================================================================================================

 LN probability: 194082.454801 

====================================================================================================
     ------------------------------------------------------------------------------------------     
====================================================================================================



*************************************************************

Running emcee

emcee version:  3.1.6
Using threading pool for emcee: True


Computing the autocorrelation time of the chains

***** WARNING ******
The integrated autocorrelation time cannot be reliably estimated
likely the chains are too short, and ACF analysis is not fully reliable
emcee.autocorr.integrated_time tolerance lowered to 20
If you still get a warning, you should drop these results entirely

Reference thinning used in the analysis: 100
Step length used in the analysis: 13*nthin = 1300

Convergence criteria: less than 1% variation in ACF after 20 times the integrated ACF
At least 50*ACF after convergence, 100*ACF would be ideal
Negative values: not converged yet

   sampler parameter              |    ACF   | ACF*nthin | converged at | nsteps/ACF | to 100*ACF
                                  |          |           |              |            | 
   LCdata_inst00_jitter_0         |    7.36  |      736  |    29900     |      27    |   53544 
   LCdata_inst01_jitter_0         |    7.50  |      750  |    36400     |      18    |   61361 
   b_P                            |    6.56  |      656  |    28600     |      33    |   44204 
   b_R_Rs                         |   12.34  |     1234  |    45500     |       4    |  118939 
   b_b                            |   13.65  |     1365  |       -1     |      -1    |  137835 
   b_Tc_0                         |    6.61  |      661  |    36400     |      21    |   52547 
   b_Tc_1                         |    6.48  |      648  |    33800     |      25    |   48621 
   b_Tc_2                         |    6.17  |      617  |    35100     |      24    |   46772 
   b_Tc_3                         |    6.45  |      645  |    32500     |      27    |   46991 
   b_Tc_4                         |    6.50  |      650  |    32500     |      27    |   47464 
   b_Tc_5                         |    6.27  |      627  |    35100     |      24    |   47836 
   b_Tc_6                         |    6.09  |      609  |    33800     |      27    |   44749 
   b_Tc_7                         |    6.46  |      646  |    32500     |      27    |   47102 
   b_Tc_8                         |    6.14  |      614  |    29900     |      33    |   41268 
   c_P                            |    6.49  |      649  |    32500     |      27    |   47432 
   c_R_Rs                         |    8.62  |      862  |    39000     |      13    |   75223 
   c_b                            |   11.82  |     1182  |    40300     |       8    |  108514 
   c_Tc_3                         |    6.80  |      680  |    31200     |      28    |   49227 
   c_Tc_4                         |    6.06  |      606  |    27300     |      37    |   37869 
   c_Tc_5                         |    6.63  |      663  |    35100     |      22    |   51352 
   c_Tc_6                         |    6.14  |      614  |    32500     |      29    |   43862 
   star_parameters_density        |   12.34  |     1234  |    39000     |       9    |  112386 
   limb_darkening_ld_c1           |    6.80  |      680  |    36400     |      20    |   54394 
   limb_darkening_ld_c2           |    7.58  |      758  |    36400     |      18    |   62237 

     1 chains have not converged yet, keep going 

====================================================================================================
     Statistics on the posterior of the sampler parameters     
====================================================================================================

----- dataset:  LCdata_inst00
jitter_0        22      0.000029    -0.000017     0.000022   (15-84 p)   [    0.0000,     0.0500]

----- dataset:  LCdata_inst01
jitter_0        23      0.000035    -0.000020     0.000023   (15-84 p)   [    0.0000,     0.0500]

----- common model:  b
P                0      4.159152    -0.000020     0.000020   (15-84 p)   [    4.1550,     4.1650]
R_Rs             1       0.09987     -0.00028      0.00035   (15-84 p)   [    0.0000,     0.5000]
b                2         0.140       -0.077        0.061   (15-84 p)   [    0.0000,     2.0000]
Tc_0             3       2.16992     -0.00017      0.00017   (15-84 p)   [    1.9214,     2.4186]
Tc_1             4       6.33003     -0.00017      0.00018   (15-84 p)   [    6.0797,     6.5783]
Tc_2             5      10.48917     -0.00017      0.00018   (15-84 p)   [   10.2394,    10.7381]
Tc_3             6      14.64800     -0.00012      0.00012   (15-84 p)   [   14.3988,    14.8961]
Tc_4             7      18.80620     -0.00012      0.00012   (15-84 p)   [   18.5572,    19.0558]
Tc_5             8      22.96514     -0.00012      0.00012   (15-84 p)   [   22.7169,    23.2155]
Tc_6             9      27.12360     -0.00017      0.00018   (15-84 p)   [   26.8752,    27.3738]
Tc_7            10      31.28306     -0.00017      0.00017   (15-84 p)   [   31.0350,    31.5336]
Tc_8            11      35.44298     -0.00018      0.00018   (15-84 p)   [   35.1933,    35.6919]

----- common model:  c
P               15      9.030501    -0.000019     0.000020   (15-84 p)   [    9.0200,     9.0400]
R_Rs            16       0.05000     -0.00025      0.00026   (15-84 p)   [    0.0000,     0.5000]
b               17         0.264       -0.031        0.036   (15-84 p)   [    0.0000,     2.0000]
Tc_3            18       1.96941     -0.00057      0.00059   (15-84 p)   [    1.7214,     2.2186]
Tc_4            19      11.00102     -0.00061      0.00064   (15-84 p)   [   10.7506,    11.2492]
Tc_5            20      20.03142     -0.00049      0.00049   (15-84 p)   [   19.7822,    20.2808]
Tc_6            21      29.06217     -0.00060      0.00058   (15-84 p)   [   28.8127,    29.3113]

----- common model:  star_parameters
density         14         0.717       -0.021        0.015   (15-84 p)   [    0.0000,     5.0000]

----- common model:  limb_darkening
ld_c1           12         0.504       -0.017        0.017   (15-84 p)   [    0.0000,     1.0000]
ld_c2           13         0.096       -0.033        0.034   (15-84 p)   [   -1.0000,     1.0000]

====================================================================================================
     Statistics on the model parameters obtained from the posteriors samples     
====================================================================================================

----- dataset:  LCdata_inst00
jitter_0              0.000029    -0.000017     0.000022    (15-84 p)


----- dataset:  LCdata_inst01
jitter_0              0.000035    -0.000020     0.000023    (15-84 p)


----- common model:  b
P                     4.159152    -0.000020     0.000020    (15-84 p)
e                         0.00                              [fixed]
omega                90.000000                              [fixed]
R_Rs                   0.09987     -0.00028      0.00035    (15-84 p)
b                        0.140       -0.077        0.061    (15-84 p)
Tc_0                   2.16992     -0.00017      0.00017    (15-84 p)
Tc_1                   6.33003     -0.00017      0.00018    (15-84 p)
Tc_2                  10.48917     -0.00017      0.00018    (15-84 p)
Tc_3                  14.64800     -0.00012      0.00012    (15-84 p)
Tc_4                  18.80620     -0.00012      0.00012    (15-84 p)
Tc_5                  22.96514     -0.00012      0.00012    (15-84 p)
Tc_6                  27.12360     -0.00017      0.00018    (15-84 p)
Tc_7                  31.28306     -0.00017      0.00017    (15-84 p)
Tc_8                  35.44298     -0.00018      0.00018    (15-84 p)

----- common model:  c
P                     9.030501    -0.000019     0.000020    (15-84 p)
e                         0.00                              [fixed]
omega                90.000000                              [fixed]
R_Rs                   0.05000     -0.00025      0.00026    (15-84 p)
b                        0.264       -0.031        0.036    (15-84 p)
Tc_3                   1.96941     -0.00057      0.00059    (15-84 p)
Tc_4                  11.00102     -0.00061      0.00064    (15-84 p)
Tc_5                  20.03142     -0.00049      0.00049    (15-84 p)
Tc_6                  29.06217     -0.00060      0.00058    (15-84 p)

----- common model:  star_parameters
density                  0.717       -0.021        0.015    (15-84 p)

----- common model:  limb_darkening
ld_c1                    0.504       -0.017        0.017    (15-84 p)
ld_c2                    0.096       -0.033        0.034    (15-84 p)

====================================================================================================
     Statistics on the derived parameters obtained from the posteriors samples     
====================================================================================================

----- common model:  b
a_Rs                     9.739       -0.096        0.070    (15-84 p)
i                        89.18        -0.37         0.46    (15-84 p)
R_Rj                     1.118       -0.040        0.039    (15-84 p)
R_Re                     12.53        -0.44         0.44    (15-84 p)
T_41                   0.14865     -0.00026      0.00028    (15-84 p)
T_32                   0.12105     -0.00048      0.00037    (15-84 p)
a_AU_(rho,R)            0.0520      -0.0019       0.0019    (15-84 p)

----- common model:  c
a_Rs                     16.33        -0.16         0.12    (15-84 p)
i                        89.07        -0.14         0.11    (15-84 p)
R_Rj                     0.560       -0.020        0.020    (15-84 p)
R_Re                      6.28        -0.22         0.22    (15-84 p)
T_41                   0.17907     -0.00059      0.00060    (15-84 p)
T_32                   0.16074     -0.00075      0.00075    (15-84 p)
a_AU_(rho,R)            0.0873      -0.0031       0.0031    (15-84 p)


====================================================================================================
     ------------------------------------------------------------------------------------------     
====================================================================================================



emcee completed

