
PyORBIT v10.6.0

Python version in use:
3.10.14 (main, May  6 2024, 19:42:50) [GCC 11.2.0]
 LaTeX disabled by default
Using orbital model:  circular
Using orbital parametrization:  Eastman2013
Time of inferior conjunction replacing mean longitude as a free parameter:  True

Using limb darkening coefficient parametrization:  Standard
Using RoadRunner Model from PyTransit

emcee version:  3.1.6

 Reference Time Tref: 0.0

 Dimensions = 18
 Nwalkers = 72

 Steps: 50000


 LN posterior: 13341.385057      -2.982418     2.346288 (15-84 p) 

 Median log_priors     = 37.240601689489964
 Median log_likelihood = 13311.223153271318

 Median BIC  (using likelihood) = -26484.244763530427
 Median AIC  (using likelihood) = -26586.446306542635
 Median AICc (using likelihood) = -26586.126829662673

 Median BIC  (using posterior)  = -26558.725966909406
 Median AIC  (using posterior)  = -26660.927509921614
 Median AICc (using posterior)  = -26660.60803304165

 MAP log_priors     = 36.63995713494253
 MAP log_likelihood = 13310.481639469755

 MAP BIC  (using likelihood) = -26482.761735927303
 MAP AIC  (using likelihood) = -26584.96327893951
 MAP AICc (using likelihood) = -26584.64380205955

 MAP BIC  (using posterior)  = -26556.04165019719
 MAP AIC  (using posterior)  = -26658.243193209397
 MAP AICc (using posterior)  = -26657.923716329435

 AIC suggested over AICs because NDATA ( 2160 ) > 40 * NDIM ( 18 )

****************************************************************************************************


Computing the autocorrelation time of the chains

***** WARNING ******
The integrated autocorrelation time cannot be reliably estimated
likely the chains are too short, and ACF analysis is not fully reliable
emcee.autocorr.integrated_time tolerance lowered to 20
If you still get a warning, you should drop these results entirely

Reference thinning used in the analysis: 100
Step length used in the analysis: 14*nthin = 1400

Convergence criteria: less than 1% variation in ACF after 20 times the integrated ACF
At least 50*ACF after convergence, 100*ACF would be ideal
Negative values: not converged yet

   sampler parameter              |    ACF   | ACF*nthin | converged at | nsteps/ACF | to 100*ACF
                                  |          |           |              |            | 
   LCdata_transit00_jitter_0      |    6.76  |      676  |    40600     |      14    |   58204 
   LCdata_transit00_lc_model_b_Tc |    6.25  |      625  |    33600     |      26    |   46116 
   LCdata_transit01_jitter_0      |    6.65  |      665  |    30800     |      29    |   47253 
   LCdata_transit01_lc_model_b_Tc |    6.75  |      675  |    26600     |      35    |   44143 
   LCdata_transit02_jitter_0      |    6.98  |      698  |    33600     |      23    |   53414 
   LCdata_transit02_lc_model_b_Tc |    6.18  |      618  |    33600     |      27    |   45423 
   LCdata_transit03_jitter_0      |    6.38  |      638  |    35000     |      24    |   48813 
   LCdata_transit03_lc_model_b_Tc |    6.12  |      612  |    29400     |      34    |   40605 
   LCdata_transit04_jitter_0      |    7.41  |      741  |    37800     |      16    |   61893 
   LCdata_transit04_lc_model_b_Tc |    6.33  |      633  |    30800     |      30    |   44087 
   LCdata_transit05_jitter_0      |    6.79  |      679  |    28000     |      32    |   45937 
   LCdata_transit05_lc_model_b_Tc |    6.73  |      673  |    39200     |      16    |   56490 
   b_P                            |    6.43  |      643  |    32200     |      28    |   46450 
   b_R_Rs                         |   11.59  |     1159  |    39200     |       9    |  105069 
   b_b                            |   14.51  |     1451  |    47600     |       2    |  142725 
   star_parameters_density        |   13.76  |     1376  |    42000     |       6    |  129574 
   limb_darkening_ld_c1           |    6.61  |      661  |    30800     |      29    |   46898 
   limb_darkening_ld_c2           |    7.04  |      704  |    32200     |      25    |   52643 

All the chains have converged, but PyORBIT should keep running for about:
23298 more steps to reach 50*ACF,
61985 more steps to reach 100*ACF
Suggested value for burnin: 34611

 Plotting the ACF... 


====================================================================================================
     Ids, spaces (s), boundaries (b) and priors (p) of the sampler parameters     
====================================================================================================

----- dataset:  LCdata_transit00
jitter_0      id:   6  s:Linear      b:[      0.0000,       0.0500]   p:Uniform   []

----- dataset: LCdata_transit00          ----- model: lc_model_b                    
Tc            id:   7  s:Linear      b:[      1.9200,       2.4186]   p:Uniform   [0. 0.]

----- dataset:  LCdata_transit01
jitter_0      id:   8  s:Linear      b:[      0.0000,       0.0500]   p:Uniform   []

----- dataset: LCdata_transit01          ----- model: lc_model_b                    
Tc            id:   9  s:Linear      b:[      6.0792,       6.5778]   p:Uniform   [0. 0.]

----- dataset:  LCdata_transit02
jitter_0      id:  10  s:Linear      b:[      0.0000,       0.0500]   p:Uniform   []

----- dataset: LCdata_transit02          ----- model: lc_model_b                    
Tc            id:  11  s:Linear      b:[     10.2383,      10.7369]   p:Uniform   [0. 0.]

----- dataset:  LCdata_transit03
jitter_0      id:  12  s:Linear      b:[      0.0000,       0.0500]   p:Uniform   []

----- dataset: LCdata_transit03          ----- model: lc_model_b                    
Tc            id:  13  s:Linear      b:[     14.3975,      14.8961]   p:Uniform   [0. 0.]

----- dataset:  LCdata_transit04
jitter_0      id:  14  s:Linear      b:[      0.0000,       0.0500]   p:Uniform   []

----- dataset: LCdata_transit04          ----- model: lc_model_b                    
Tc            id:  15  s:Linear      b:[     18.5566,      19.0552]   p:Uniform   [0. 0.]

----- dataset:  LCdata_transit05
jitter_0      id:  16  s:Linear      b:[      0.0000,       0.0500]   p:Uniform   []

----- dataset: LCdata_transit05          ----- model: lc_model_b                    
Tc            id:  17  s:Linear      b:[     22.7158,      23.2144]   p:Uniform   [0. 0.]

----- common model:  b
P             id:   0  s:Linear      b:[      4.1550,       4.1650]   p:Gaussian   [4.159151e+00 2.000000e-05]
R_Rs          id:   1  s:Linear      b:[      0.0000,       0.5000]   p:Uniform   []
b             id:   2  s:Linear      b:[      0.0000,       2.0000]   p:Uniform   []
e             derived (no id, space, bound)                           p:None   []
omega         derived (no id, space, bound)                           p:None   []

----- common model:  star_parameters
density       id:   5  s:Linear      b:[      0.0000,       5.0000]   p:Gaussian   [0.7 0.1]
mass          derived (no id, space, bound)                           p:Gaussian   [1.05 0.04]
radius        derived (no id, space, bound)                           p:Gaussian   [1.15 0.04]

----- common model:  limb_darkening
ld_c1         id:   3  s:Linear      b:[      0.0000,       1.0000]   p:Gaussian   [0.5  0.05]
ld_c2         id:   4  s:Linear      b:[     -1.0000,       1.0000]   p:Gaussian   [0.1  0.05]


****************************************************************************************************
****************************************************************************************************

 Confidence intervals (median value, 34.135th percentile from the median on the left and right side)

====================================================================================================
     Statistics on the posterior of the sampler parameters     
====================================================================================================

----- dataset:  LCdata_transit00
jitter_0         6      0.000126    -0.000075     0.000065   (15-84 p)   [    0.0000,     0.0500]

----- dataset: LCdata_transit00          ----- model: lc_model_b                    
Tc               7       2.17010     -0.00018      0.00018   (15-84 p)   [    1.9200,     2.4186]

----- dataset:  LCdata_transit01
jitter_0         8      0.000134    -0.000076     0.000066   (15-84 p)   [    0.0000,     0.0500]

----- dataset: LCdata_transit01          ----- model: lc_model_b                    
Tc               9       6.32985     -0.00018      0.00019   (15-84 p)   [    6.0792,     6.5778]

----- dataset:  LCdata_transit02
jitter_0        10      0.000083    -0.000053     0.000064   (15-84 p)   [    0.0000,     0.0500]

----- dataset: LCdata_transit02          ----- model: lc_model_b                    
Tc              11      10.48920     -0.00017      0.00018   (15-84 p)   [   10.2383,    10.7369]

----- dataset:  LCdata_transit03
jitter_0        12      0.000090    -0.000058     0.000066   (15-84 p)   [    0.0000,     0.0500]

----- dataset: LCdata_transit03          ----- model: lc_model_b                    
Tc              13      14.64770     -0.00018      0.00018   (15-84 p)   [   14.3975,    14.8961]

----- dataset:  LCdata_transit04
jitter_0        14      0.000103    -0.000064     0.000068   (15-84 p)   [    0.0000,     0.0500]

----- dataset: LCdata_transit04          ----- model: lc_model_b                    
Tc              15      18.80612     -0.00018      0.00018   (15-84 p)   [   18.5566,    19.0552]

----- dataset:  LCdata_transit05
jitter_0        16      0.000087    -0.000056     0.000065   (15-84 p)   [    0.0000,     0.0500]

----- dataset: LCdata_transit05          ----- model: lc_model_b                    
Tc              17      22.96484     -0.00018      0.00018   (15-84 p)   [   22.7158,    23.2144]

----- common model:  b
P                0      4.159152    -0.000020     0.000020   (15-84 p)   [    4.1550,     4.1650]
R_Rs             1       0.10009     -0.00038      0.00052   (15-84 p)   [    0.0000,     0.5000]
b                2         0.164       -0.097        0.077   (15-84 p)   [    0.0000,     2.0000]

----- common model:  star_parameters
density          5         0.709       -0.031        0.022   (15-84 p)   [    0.0000,     5.0000]

----- common model:  limb_darkening
ld_c1            3         0.471       -0.020        0.021   (15-84 p)   [    0.0000,     1.0000]
ld_c2            4         0.130       -0.040        0.040   (15-84 p)   [   -1.0000,     1.0000]

====================================================================================================
     Statistics on the model parameters obtained from the posteriors samples     
====================================================================================================

----- dataset:  LCdata_transit00
jitter_0              0.000126    -0.000075     0.000065    (15-84 p)


----- dataset: LCdata_transit00          ----- model: lc_model_b                    
Tc                     2.17010     -0.00018      0.00018    (15-84 p)

----- dataset:  LCdata_transit01
jitter_0              0.000134    -0.000076     0.000066    (15-84 p)


----- dataset: LCdata_transit01          ----- model: lc_model_b                    
Tc                     6.32985     -0.00018      0.00019    (15-84 p)

----- dataset:  LCdata_transit02
jitter_0              0.000083    -0.000053     0.000064    (15-84 p)


----- dataset: LCdata_transit02          ----- model: lc_model_b                    
Tc                    10.48920     -0.00017      0.00018    (15-84 p)

----- dataset:  LCdata_transit03
jitter_0              0.000090    -0.000058     0.000066    (15-84 p)


----- dataset: LCdata_transit03          ----- model: lc_model_b                    
Tc                    14.64770     -0.00018      0.00018    (15-84 p)

----- dataset:  LCdata_transit04
jitter_0              0.000103    -0.000064     0.000068    (15-84 p)


----- dataset: LCdata_transit04          ----- model: lc_model_b                    
Tc                    18.80612     -0.00018      0.00018    (15-84 p)

----- dataset:  LCdata_transit05
jitter_0              0.000087    -0.000056     0.000065    (15-84 p)


----- dataset: LCdata_transit05          ----- model: lc_model_b                    
Tc                    22.96484     -0.00018      0.00018    (15-84 p)

----- common model:  b
P                     4.159152    -0.000020     0.000020    (15-84 p)
e                         0.00                              [fixed]
omega                90.000000                              [fixed]
R_Rs                   0.10009     -0.00038      0.00052    (15-84 p)
b                        0.164       -0.097        0.077    (15-84 p)

----- common model:  star_parameters
density                  0.709       -0.031        0.022    (15-84 p)

----- common model:  limb_darkening
ld_c1                    0.471       -0.020        0.021    (15-84 p)
ld_c2                    0.130       -0.040        0.040    (15-84 p)

====================================================================================================
     Statistics on the derived parameters obtained from the posteriors samples     
====================================================================================================

----- common model:  b
a_Rs                     9.703        -0.14        0.100    (15-84 p)
i                        89.03        -0.48         0.58    (15-84 p)
R_Rj                     1.122       -0.040        0.039    (15-84 p)
R_Re                     12.57        -0.44         0.44    (15-84 p)
T_41                   0.14879     -0.00038      0.00042    (15-84 p)
T_32                   0.12091     -0.00074      0.00052    (15-84 p)
a_AU_(rho,R)            0.0518      -0.0019       0.0019    (15-84 p)


====================================================================================================
     ------------------------------------------------------------------------------------------     
====================================================================================================



****************************************************************************************************

 Parameters corresponding to the Maximum a Posteriori probability ( 13347.121596604698 )

====================================================================================================
     Statistics on the posterior of the sampler parameters     
====================================================================================================

----- dataset:  LCdata_transit00
jitter_0         6      0.000118 [    0.0000,     0.0500]

----- dataset: LCdata_transit00          ----- model: lc_model_b                    
Tc               7      2.170107 [    1.9200,     2.4186]

----- dataset:  LCdata_transit01
jitter_0         8      0.000157 [    0.0000,     0.0500]

----- dataset: LCdata_transit01          ----- model: lc_model_b                    
Tc               9      6.329950 [    6.0792,     6.5778]

----- dataset:  LCdata_transit02
jitter_0        10      0.000085 [    0.0000,     0.0500]

----- dataset: LCdata_transit02          ----- model: lc_model_b                    
Tc              11     10.489334 [   10.2383,    10.7369]

----- dataset:  LCdata_transit03
jitter_0        12      0.000090 [    0.0000,     0.0500]

----- dataset: LCdata_transit03          ----- model: lc_model_b                    
Tc              13     14.647767 [   14.3975,    14.8961]

----- dataset:  LCdata_transit04
jitter_0        14      0.000097 [    0.0000,     0.0500]

----- dataset: LCdata_transit04          ----- model: lc_model_b                    
Tc              15     18.806167 [   18.5566,    19.0552]

----- dataset:  LCdata_transit05
jitter_0        16      0.000054 [    0.0000,     0.0500]

----- dataset: LCdata_transit05          ----- model: lc_model_b                    
Tc              17     22.964892 [   22.7158,    23.2144]

----- common model:  b
P                0      4.159175 [    4.1550,     4.1650]
R_Rs             1      0.100355 [    0.0000,     0.5000]
b                2      0.210115 [    0.0000,     2.0000]

----- common model:  star_parameters
density          5      0.691125 [    0.0000,     5.0000]

----- common model:  limb_darkening
ld_c1            3      0.475160 [    0.0000,     1.0000]
ld_c2            4      0.121405 [   -1.0000,     1.0000]

====================================================================================================
     Statistics on the model parameters obtained from the posteriors samples     
====================================================================================================

----- dataset:  LCdata_transit00
jitter_0              0.000118 


----- dataset: LCdata_transit00          ----- model: lc_model_b                    
Tc                    2.170107 

----- dataset:  LCdata_transit01
jitter_0              0.000157 


----- dataset: LCdata_transit01          ----- model: lc_model_b                    
Tc                    6.329950 

----- dataset:  LCdata_transit02
jitter_0              0.000085 


----- dataset: LCdata_transit02          ----- model: lc_model_b                    
Tc                   10.489334 

----- dataset:  LCdata_transit03
jitter_0              0.000090 


----- dataset: LCdata_transit03          ----- model: lc_model_b                    
Tc                   14.647767 

----- dataset:  LCdata_transit04
jitter_0              0.000097 


----- dataset: LCdata_transit04          ----- model: lc_model_b                    
Tc                   18.806167 

----- dataset:  LCdata_transit05
jitter_0              0.000054 


----- dataset: LCdata_transit05          ----- model: lc_model_b                    
Tc                   22.964892 

----- common model:  b
P                     4.159175 
e                         0.00 
omega                90.000000 
R_Rs                  0.100355 
b                     0.210115 

----- common model:  star_parameters
density               0.691125 

----- common model:  limb_darkening
ld_c1                 0.475160 
ld_c2                 0.121405 

====================================================================================================
     Statistics on the derived parameters obtained from the posteriors samples     
====================================================================================================

----- common model:  b
a_Rs                  9.618478 
i                    88.748280 
R_Rj                  1.082276 
R_Re                 12.131145 
T_41                  0.149018 
T_32                  0.120600 
a_AU_(rho,R)          0.049572 


====================================================================================================
     ------------------------------------------------------------------------------------------     
====================================================================================================



****************************************************************************************************

 Parameters corresponding to the sample closest to the median values ( 13345.180969648914 )

====================================================================================================
     Statistics on the posterior of the sampler parameters     
====================================================================================================

----- dataset:  LCdata_transit00
jitter_0         6      0.000142 [    0.0000,     0.0500]

----- dataset: LCdata_transit00          ----- model: lc_model_b                    
Tc               7      2.170078 [    1.9200,     2.4186]

----- dataset:  LCdata_transit01
jitter_0         8      0.000153 [    0.0000,     0.0500]

----- dataset: LCdata_transit01          ----- model: lc_model_b                    
Tc               9      6.329764 [    6.0792,     6.5778]

----- dataset:  LCdata_transit02
jitter_0        10      0.000105 [    0.0000,     0.0500]

----- dataset: LCdata_transit02          ----- model: lc_model_b                    
Tc              11     10.489135 [   10.2383,    10.7369]

----- dataset:  LCdata_transit03
jitter_0        12      0.000115 [    0.0000,     0.0500]

----- dataset: LCdata_transit03          ----- model: lc_model_b                    
Tc              13     14.647789 [   14.3975,    14.8961]

----- dataset:  LCdata_transit04
jitter_0        14      0.000110 [    0.0000,     0.0500]

----- dataset: LCdata_transit04          ----- model: lc_model_b                    
Tc              15     18.806239 [   18.5566,    19.0552]

----- dataset:  LCdata_transit05
jitter_0        16      0.000034 [    0.0000,     0.0500]

----- dataset: LCdata_transit05          ----- model: lc_model_b                    
Tc              17     22.964838 [   22.7158,    23.2144]

----- common model:  b
P                0      4.159161 [    4.1550,     4.1650]
R_Rs             1      0.100114 [    0.0000,     0.5000]
b                2      0.148944 [    0.0000,     2.0000]

----- common model:  star_parameters
density          5      0.710656 [    0.0000,     5.0000]

----- common model:  limb_darkening
ld_c1            3      0.479307 [    0.0000,     1.0000]
ld_c2            4      0.121869 [   -1.0000,     1.0000]

====================================================================================================
     Statistics on the model parameters obtained from the posteriors samples     
====================================================================================================

----- dataset:  LCdata_transit00
jitter_0              0.000142 


----- dataset: LCdata_transit00          ----- model: lc_model_b                    
Tc                    2.170078 

----- dataset:  LCdata_transit01
jitter_0              0.000153 


----- dataset: LCdata_transit01          ----- model: lc_model_b                    
Tc                    6.329764 

----- dataset:  LCdata_transit02
jitter_0              0.000105 


----- dataset: LCdata_transit02          ----- model: lc_model_b                    
Tc                   10.489135 

----- dataset:  LCdata_transit03
jitter_0              0.000115 


----- dataset: LCdata_transit03          ----- model: lc_model_b                    
Tc                   14.647789 

----- dataset:  LCdata_transit04
jitter_0              0.000110 


----- dataset: LCdata_transit04          ----- model: lc_model_b                    
Tc                   18.806239 

----- dataset:  LCdata_transit05
jitter_0              0.000034 


----- dataset: LCdata_transit05          ----- model: lc_model_b                    
Tc                   22.964838 

----- common model:  b
P                     4.159161 
e                         0.00 
omega                90.000000 
R_Rs                  0.100114 
b                     0.148944 

----- common model:  star_parameters
density               0.710656 

----- common model:  limb_darkening
ld_c1                 0.479307 
ld_c2                 0.121869 

====================================================================================================
     Statistics on the derived parameters obtained from the posteriors samples     
====================================================================================================

----- common model:  b
a_Rs                  9.708220 
i                    89.120933 
R_Rj                  1.110764 
R_Re                 12.450460 
T_41                  0.148972 
T_32                  0.121208 
a_AU_(rho,R)          0.051475 


====================================================================================================
     ------------------------------------------------------------------------------------------     
====================================================================================================



****************************************************************************************************

Note: priors on stellar mass and radius provided independently from the measured density, no check for consistency is performed

 Plot FLAT chain 

****************************************************************************************************

Plotting full_correlation plot with pygtc

****************************************************************************************************

 Plotting the chains... 

****************************************************************************************************

 Plotting the Gelman-Rubin traces... 

     Gelman-Rubin:     6     1.005472 LCdata_transit00_jitter_0 
     Gelman-Rubin:     7     1.006047 LCdata_transit00_lc_model_b_Tc 
     Gelman-Rubin:     8     1.006654 LCdata_transit01_jitter_0 
     Gelman-Rubin:     9     1.006369 LCdata_transit01_lc_model_b_Tc 
     Gelman-Rubin:    10     1.008169 LCdata_transit02_jitter_0 
     Gelman-Rubin:    11     1.005939 LCdata_transit02_lc_model_b_Tc 
     Gelman-Rubin:    12     1.005494 LCdata_transit03_jitter_0 
     Gelman-Rubin:    13     1.005176 LCdata_transit03_lc_model_b_Tc 
     Gelman-Rubin:    14     1.005810 LCdata_transit04_jitter_0 
     Gelman-Rubin:    15     1.003998 LCdata_transit04_lc_model_b_Tc 
     Gelman-Rubin:    16     1.004527 LCdata_transit05_jitter_0 
     Gelman-Rubin:    17     1.004339 LCdata_transit05_lc_model_b_Tc 
     Gelman-Rubin:     0     1.006239 b_P 
     Gelman-Rubin:     1     1.016664 b_R_Rs 
     Gelman-Rubin:     2     1.021677 b_b 
     Gelman-Rubin:     5     1.022115 star_parameters_density 
     Gelman-Rubin:     3     1.008031 limb_darkening_ld_c1 
     Gelman-Rubin:     4     1.006634 limb_darkening_ld_c2 

****************************************************************************************************

 Plotting the common models corner plots
     Common model:  b
     Common model:  star_parameters
     Common model:  limb_darkening

****************************************************************************************************

 Dataset + models corner plots 

     Dataset:  LCdata_transit00     model:  lc_model_b  corner plot  starting 
     Dataset:  LCdata_transit00     model:  lc_model_b  corner plot  done 
     Dataset:  LCdata_transit01     model:  lc_model_b  corner plot  starting 
     Dataset:  LCdata_transit01     model:  lc_model_b  corner plot  done 
     Dataset:  LCdata_transit02     model:  lc_model_b  corner plot  starting 
     Dataset:  LCdata_transit02     model:  lc_model_b  corner plot  done 
     Dataset:  LCdata_transit03     model:  lc_model_b  corner plot  starting 
     Dataset:  LCdata_transit03     model:  lc_model_b  corner plot  done 
     Dataset:  LCdata_transit04     model:  lc_model_b  corner plot  starting 
     Dataset:  LCdata_transit04     model:  lc_model_b  corner plot  done 
     Dataset:  LCdata_transit05     model:  lc_model_b  corner plot  starting 
     Dataset:  LCdata_transit05     model:  lc_model_b  corner plot  done 

****************************************************************************************************

 Saving the planet parameter samplings to files (with plots)

****************************************************************************************************

 Saving all the parameter samplings to files (with plots)

****************************************************************************************************

 Computing the models for plot/data writing 
 Writing the plots 
 Writing the   data files 
 Writing the  MAP_ data files 
 Writing the  sampleMED_ data files 

****************************************************************************************************

