
PyORBIT v10.6.0

Python version in use:
3.10.14 (main, May  6 2024, 19:42:50) [GCC 11.2.0]

reloaded_optimize:  False
reloaded_pyde:  False
reloaded_emcee:  False

number of multiprocessing threads: 16
multiprocessing method (should be fork):  fork

parameters/safe_reload flag (must be True for tinygp):  False

Opening:  LCdata_inst00
Opening:  LCdata_inst01
Adding common model of planet:  b
  LC model: lc_model_b is using limb_darkening LD parameters
Using orbital model:  circular
Using orbital parametrization:  Eastman2013
Time of inferior conjunction replacing mean longitude as a free parameter:  True

Using limb darkening coefficient parametrization:  Standard

====================================================================================================
     Ids, spaces (s), boundaries (b) and priors (p) of the sampler parameters     
====================================================================================================

----- dataset:  LCdata_inst00
jitter_0      id:  15  s:Linear      b:[      0.0000,       0.0500]   p:Uniform   []

----- dataset:  LCdata_inst01
jitter_0      id:  16  s:Linear      b:[      0.0000,       0.0500]   p:Uniform   []

----- common model:  b
P             id:   0  s:Linear      b:[      4.1550,       4.1650]   p:Gaussian   [4.159151e+00 2.000000e-05]
R_Rs          id:   1  s:Linear      b:[      0.0000,       0.5000]   p:Uniform   []
b             id:   2  s:Linear      b:[      0.0000,       2.0000]   p:Uniform   []
Tc_0          id:   3  s:Linear      b:[      1.9214,       2.4200]   p:Uniform   []
Tc_1          id:   4  s:Linear      b:[      6.0797,       6.5783]   p:Uniform   []
Tc_2          id:   5  s:Linear      b:[     10.2394,      10.7381]   p:Uniform   []
Tc_3          id:   6  s:Linear      b:[     14.3988,      14.8975]   p:Uniform   []
Tc_4          id:   7  s:Linear      b:[     18.5572,      19.0558]   p:Uniform   []
Tc_5          id:   8  s:Linear      b:[     22.7169,      23.2155]   p:Uniform   []
Tc_6          id:   9  s:Linear      b:[     26.8752,      27.3738]   p:Uniform   []
Tc_7          id:  10  s:Linear      b:[     31.0350,      31.5336]   p:Uniform   []
Tc_8          id:  11  s:Linear      b:[     35.1933,      35.6919]   p:Uniform   []
e             derived (no id, space, bound)                           p:None   []
omega         derived (no id, space, bound)                           p:None   []

----- common model:  star_parameters
density       id:  14  s:Linear      b:[      0.0000,       5.0000]   p:Gaussian   [0.7 0.1]
mass          derived (no id, space, bound)                           p:Gaussian   [1.05 0.04]
radius        derived (no id, space, bound)                           p:Gaussian   [1.15 0.04]

----- common model:  limb_darkening
ld_c1         id:  12  s:Linear      b:[      0.0000,       1.0000]   p:Gaussian   [0.5  0.05]
ld_c2         id:  13  s:Linear      b:[     -1.0000,       1.0000]   p:Gaussian   [0.1  0.05]

Include priors:  True

Reference Time Tref:  0.0

Dimensions =  17
Nwalkers =  68

Using threading pool for PyDE: True
PyDE running
Boundaries redefined after PyDE output
PyDE completed, it took          6.3 seconds

====================================================================================================
     Starting point of the sample/optimization routines    
====================================================================================================

----- dataset:  LCdata_inst00
jitter_0        15      0.000056 [    0.0000,     0.0500]

----- dataset:  LCdata_inst01
jitter_0        16      0.000006 [    0.0000,     0.0500]

----- common model:  b
P                0      4.159151 [    4.1550,     4.1650]
R_Rs             1      0.099800 [    0.0000,     0.5000]
b                2      0.122217 [    0.0000,     2.0000]
Tc_0             3      2.170235 [    1.9214,     2.4200]
Tc_1             4      6.329573 [    6.0797,     6.5783]
Tc_2             5     10.489048 [   10.2394,    10.7381]
Tc_3             6     14.647905 [   14.3988,    14.8975]
Tc_4             7     18.806351 [   18.5572,    19.0558]
Tc_5             8     22.965127 [   22.7169,    23.2155]
Tc_6             9     27.123684 [   26.8752,    27.3738]
Tc_7            10     31.283084 [   31.0350,    31.5336]
Tc_8            11     35.442798 [   35.1933,    35.6919]

----- common model:  star_parameters
density         14      0.721096 [    0.0000,     5.0000]

----- common model:  limb_darkening
ld_c1           12      0.491778 [    0.0000,     1.0000]
ld_c2           13      0.119101 [   -1.0000,     1.0000]

====================================================================================================
     Starting point projected onto the model parameter space     
====================================================================================================

----- dataset:  LCdata_inst00
jitter_0              0.000056 


----- dataset:  LCdata_inst01
jitter_0              0.000006 


----- common model:  b
P                     4.159151 
e                         0.00 
omega                90.000000 
R_Rs                  0.099800 
b                     0.122217 
Tc_0                  2.170235 
Tc_1                  6.329573 
Tc_2                 10.489048 
Tc_3                 14.647905 
Tc_4                 18.806351 
Tc_5                 22.965127 
Tc_6                 27.123684 
Tc_7                 31.283084 
Tc_8                 35.442798 

----- common model:  star_parameters
density               0.721096 

----- common model:  limb_darkening
ld_c1                 0.491778 
ld_c2                 0.119101 

====================================================================================================
     Derived parameters obtained from starting point     
====================================================================================================

----- common model:  b
a_Rs                  9.755514 
i                    89.282180 
R_Rj                  1.100075 
R_Re                 12.330643 
T_41                  0.148651 
T_32                  0.121212 
a_AU_(rho,R)          0.051390 


====================================================================================================
     Statistics on the log-likelihood     
====================================================================================================

 LN probability: 194000.347802 

====================================================================================================
     ------------------------------------------------------------------------------------------     
====================================================================================================



*************************************************************

Running emcee

emcee version:  3.1.6
Using threading pool for emcee: True


Computing the autocorrelation time of the chains

***** WARNING ******
The integrated autocorrelation time cannot be reliably estimated
likely the chains are too short, and ACF analysis is not fully reliable
emcee.autocorr.integrated_time tolerance lowered to 20
If you still get a warning, you should drop these results entirely

Reference thinning used in the analysis: 100
Step length used in the analysis: 10*nthin = 1000

Convergence criteria: less than 1% variation in ACF after 20 times the integrated ACF
At least 50*ACF after convergence, 100*ACF would be ideal
Negative values: not converged yet

   sampler parameter              |    ACF   | ACF*nthin | converged at | nsteps/ACF | to 100*ACF
                                  |          |           |              |            | 
   LCdata_inst00_jitter_0         |    4.74  |      474  |    27000     |      48    |   24448 
   LCdata_inst01_jitter_0         |    4.87  |      487  |    20000     |      62    |   18745 
   b_P                            |    4.34  |      434  |    29000     |      48    |   22427 
   b_R_Rs                         |    9.42  |      942  |    34000     |      17    |   78158 
   b_b                            |   10.90  |     1090  |    37000     |      12    |   95996 
   b_Tc_0                         |    4.60  |      460  |    24000     |      57    |   19965 
   b_Tc_1                         |    4.18  |      418  |    22000     |      67    |   13755 
   b_Tc_2                         |    4.29  |      429  |    20000     |      70    |   12875 
   b_Tc_3                         |    4.51  |      451  |    25000     |      55    |   20094 
   b_Tc_4                         |    4.55  |      455  |    19000     |      68    |   14480 
   b_Tc_5                         |    4.17  |      417  |    25000     |      60    |   16720 
   b_Tc_6                         |    4.00  |      400  |    21000     |      73    |   10993 
   b_Tc_7                         |    4.35  |      435  |    27000     |      53    |   20451 
   b_Tc_8                         |    4.34  |      434  |    21000     |      67    |   14392 
   star_parameters_density        |   10.97  |     1097  |    38000     |      11    |   97730 
   limb_darkening_ld_c1           |    4.39  |      439  |    19000     |      71    |   12857 
   limb_darkening_ld_c2           |    4.89  |      489  |    22000     |      57    |   20948 

All the chains have converged, but PyORBIT should keep running for about:
23376 more steps to reach 50*ACF,
30296 more steps to reach 100*ACF
Suggested value for burnin: 25294

====================================================================================================
     Statistics on the posterior of the sampler parameters     
====================================================================================================

----- dataset:  LCdata_inst00
jitter_0        15      0.000050    -0.000027     0.000023   (15-84 p)   [    0.0000,     0.0500]

----- dataset:  LCdata_inst01
jitter_0        16      0.000028    -0.000016     0.000022   (15-84 p)   [    0.0000,     0.0500]

----- common model:  b
P                0      4.159151    -0.000020     0.000020   (15-84 p)   [    4.1550,     4.1650]
R_Rs             1       0.09978     -0.00024      0.00034   (15-84 p)   [    0.0000,     0.5000]
b                2         0.108       -0.073        0.071   (15-84 p)   [    0.0000,     2.0000]
Tc_0             3       2.17022     -0.00017      0.00018   (15-84 p)   [    1.9214,     2.4200]
Tc_1             4       6.32957     -0.00018      0.00018   (15-84 p)   [    6.0797,     6.5783]
Tc_2             5      10.48905     -0.00018      0.00018   (15-84 p)   [   10.2394,    10.7381]
Tc_3             6      14.64791     -0.00012      0.00012   (15-84 p)   [   14.3988,    14.8975]
Tc_4             7      18.80635     -0.00013      0.00012   (15-84 p)   [   18.5572,    19.0558]
Tc_5             8      22.96512     -0.00012      0.00012   (15-84 p)   [   22.7169,    23.2155]
Tc_6             9      27.12369     -0.00018      0.00017   (15-84 p)   [   26.8752,    27.3738]
Tc_7            10      31.28308     -0.00018      0.00017   (15-84 p)   [   31.0350,    31.5336]
Tc_8            11      35.44279     -0.00017      0.00017   (15-84 p)   [   35.1933,    35.6919]

----- common model:  star_parameters
density         14         0.724       -0.020        0.011   (15-84 p)   [    0.0000,     5.0000]

----- common model:  limb_darkening
ld_c1           12         0.493       -0.017        0.017   (15-84 p)   [    0.0000,     1.0000]
ld_c2           13         0.117       -0.035        0.035   (15-84 p)   [   -1.0000,     1.0000]

====================================================================================================
     Statistics on the model parameters obtained from the posteriors samples     
====================================================================================================

----- dataset:  LCdata_inst00
jitter_0              0.000050    -0.000027     0.000023    (15-84 p)


----- dataset:  LCdata_inst01
jitter_0              0.000028    -0.000016     0.000022    (15-84 p)


----- common model:  b
P                     4.159151    -0.000020     0.000020    (15-84 p)
e                         0.00                              [fixed]
omega                90.000000                              [fixed]
R_Rs                   0.09978     -0.00024      0.00034    (15-84 p)
b                        0.108       -0.073        0.071    (15-84 p)
Tc_0                   2.17022     -0.00017      0.00018    (15-84 p)
Tc_1                   6.32957     -0.00018      0.00018    (15-84 p)
Tc_2                  10.48905     -0.00018      0.00018    (15-84 p)
Tc_3                  14.64791     -0.00012      0.00012    (15-84 p)
Tc_4                  18.80635     -0.00013      0.00012    (15-84 p)
Tc_5                  22.96512     -0.00012      0.00012    (15-84 p)
Tc_6                  27.12369     -0.00018      0.00017    (15-84 p)
Tc_7                  31.28308     -0.00018      0.00017    (15-84 p)
Tc_8                  35.44279     -0.00017      0.00017    (15-84 p)

----- common model:  star_parameters
density                  0.724       -0.020        0.011    (15-84 p)

----- common model:  limb_darkening
ld_c1                    0.493       -0.017        0.017    (15-84 p)
ld_c2                    0.117       -0.035        0.035    (15-84 p)

====================================================================================================
     Statistics on the derived parameters obtained from the posteriors samples     
====================================================================================================

----- common model:  b
a_Rs                     9.768       -0.092        0.048    (15-84 p)
i                        89.37        -0.43         0.43    (15-84 p)
R_Rj                     1.117       -0.039        0.038    (15-84 p)
R_Re                     12.53        -0.43         0.43    (15-84 p)
T_41                   0.14865     -0.00025      0.00027    (15-84 p)
T_32                   0.12125     -0.00048      0.00032    (15-84 p)
a_AU_(rho,R)            0.0522      -0.0019       0.0018    (15-84 p)


====================================================================================================
     ------------------------------------------------------------------------------------------     
====================================================================================================



emcee completed

