
PyORBIT v10.6.0

Python version in use:
3.10.14 (main, May  6 2024, 19:42:50) [GCC 11.2.0]

reloaded_optimize:  False
reloaded_pyde:  False
reloaded_emcee:  False

number of multiprocessing threads: 16
multiprocessing method (should be fork):  fork

parameters/safe_reload flag (must be True for tinygp):  False

Opening:  LCdata_inst00
Opening:  LCdata_inst01
Adding common model of planet:  b
  LC model: lc_model_inst00_b is using limb_darkening LD parameters
  LC model: lc_model_inst01_b is using limb_darkening LD parameters
Using orbital model:  circular
Using orbital parametrization:  Eastman2013
Time of inferior conjunction replacing mean longitude as a free parameter:  True
List of times of inferior conjuctions:  tclist_transits/WASP47_simulated_planetb_tclist.dat

Using limb darkening coefficient parametrization:  Standard

====================================================================================================
     Ids, spaces (s), boundaries (b) and priors (p) of the sampler parameters     
====================================================================================================

----- dataset:  LCdata_inst00
jitter_0      id:   6  s:Linear      b:[      0.0000,       0.0500]   p:Uniform   []

----- dataset: LCdata_inst00             ----- model: lc_model_inst00_b             
Tc_0          id:   7  s:Linear      b:[      1.9214,       2.4186]   p:Uniform   []
Tc_1          id:   8  s:Linear      b:[      6.0797,       6.5783]   p:Uniform   []
Tc_2          id:   9  s:Linear      b:[     10.2394,      10.7381]   p:Uniform   []
Tc_3          id:  10  s:Linear      b:[     14.3978,      14.8964]   p:Uniform   []
Tc_4          id:  11  s:Linear      b:[     18.5575,      19.0561]   p:Uniform   []
Tc_5          id:  12  s:Linear      b:[     22.7158,      23.2144]   p:Uniform   []

----- dataset:  LCdata_inst01
jitter_0      id:  13  s:Linear      b:[      0.0000,       0.0500]   p:Uniform   []

----- dataset: LCdata_inst01             ----- model: lc_model_inst01_b             
Tc_3          id:  14  s:Linear      b:[     14.3988,      14.8961]   p:Uniform   []
Tc_4          id:  15  s:Linear      b:[     18.5572,      19.0558]   p:Uniform   []
Tc_5          id:  16  s:Linear      b:[     22.7169,      23.2155]   p:Uniform   []
Tc_6          id:  17  s:Linear      b:[     26.8752,      27.3738]   p:Uniform   []
Tc_7          id:  18  s:Linear      b:[     31.0350,      31.5336]   p:Uniform   []
Tc_8          id:  19  s:Linear      b:[     35.1933,      35.6919]   p:Uniform   []

----- common model:  b
P             id:   0  s:Linear      b:[      4.1550,       4.1650]   p:Gaussian   [4.159151e+00 2.000000e-05]
R_Rs          id:   1  s:Linear      b:[      0.0000,       0.5000]   p:Uniform   []
b             id:   2  s:Linear      b:[      0.0000,       2.0000]   p:Uniform   []
e             derived (no id, space, bound)                           p:None   []
omega         derived (no id, space, bound)                           p:None   []

----- common model:  star_parameters
density       id:   5  s:Linear      b:[      0.0000,       5.0000]   p:Gaussian   [0.7 0.1]
mass          derived (no id, space, bound)                           p:Gaussian   [1.05 0.04]
radius        derived (no id, space, bound)                           p:Gaussian   [1.15 0.04]

----- common model:  limb_darkening
ld_c1         id:   3  s:Linear      b:[      0.0000,       1.0000]   p:Gaussian   [0.5  0.05]
ld_c2         id:   4  s:Linear      b:[     -1.0000,       1.0000]   p:Gaussian   [0.1  0.05]

Include priors:  True

Reference Time Tref:  0.0

Dimensions =  20
Nwalkers =  80

Using threading pool for PyDE: True
PyDE running
Boundaries redefined after PyDE output
PyDE completed, it took          9.0 seconds

====================================================================================================
     Starting point of the sample/optimization routines    
====================================================================================================

----- dataset:  LCdata_inst00
jitter_0         6      0.000007 [    0.0000,     0.0500]

----- dataset: LCdata_inst00             ----- model: lc_model_inst00_b             
Tc_0             7      2.169976 [    1.9214,     2.4186]
Tc_1             8      6.329631 [    6.0797,     6.5783]
Tc_2             9     10.489214 [   10.2394,    10.7381]
Tc_3            10     14.647876 [   14.3978,    14.8964]
Tc_4            11     18.805734 [   18.5575,    19.0561]
Tc_5            12     22.965009 [   22.7158,    23.2144]

----- dataset:  LCdata_inst01
jitter_0        13      0.000006 [    0.0000,     0.0500]

----- dataset: LCdata_inst01             ----- model: lc_model_inst01_b             
Tc_3            14     14.648037 [   14.3988,    14.8961]
Tc_4            15     18.805907 [   18.5572,    19.0558]
Tc_5            16     22.964851 [   22.7169,    23.2155]
Tc_6            17     27.123130 [   26.8752,    27.3738]
Tc_7            18     31.283222 [   31.0350,    31.5336]
Tc_8            19     35.442960 [   35.1933,    35.6919]

----- common model:  b
P                0      4.159151 [    4.1550,     4.1650]
R_Rs             1      0.100065 [    0.0000,     0.5000]
b                2      0.096047 [    0.0000,     2.0000]

----- common model:  star_parameters
density          5      0.735767 [    0.0000,     5.0000]

----- common model:  limb_darkening
ld_c1            3      0.473205 [    0.0000,     1.0000]
ld_c2            4      0.108275 [   -1.0000,     1.0000]

====================================================================================================
     Starting point projected onto the model parameter space     
====================================================================================================

----- dataset:  LCdata_inst00
jitter_0              0.000007 


----- dataset: LCdata_inst00             ----- model: lc_model_inst00_b             
Tc_0                  2.169976 
Tc_1                  6.329631 
Tc_2                 10.489214 
Tc_3                 14.647876 
Tc_4                 18.805734 
Tc_5                 22.965009 

----- dataset:  LCdata_inst01
jitter_0              0.000006 


----- dataset: LCdata_inst01             ----- model: lc_model_inst01_b             
Tc_3                 14.648037 
Tc_4                 18.805907 
Tc_5                 22.964851 
Tc_6                 27.123130 
Tc_7                 31.283222 
Tc_8                 35.442960 

----- common model:  b
P                     4.159151 
e                         0.00 
omega                90.000000 
R_Rs                  0.100065 
b                     0.096047 

----- common model:  star_parameters
density               0.735767 

----- common model:  limb_darkening
ld_c1                 0.473205 
ld_c2                 0.108275 

====================================================================================================
     Derived parameters obtained from starting point     
====================================================================================================

----- common model:  b
a_Rs                  9.821233 
i                    89.439666 
R_Rj                  1.116007 
R_Re                 12.509231 
T_41                  0.148038 
T_32                  0.120791 
a_AU_(rho,R)          0.052346 


====================================================================================================
     Statistics on the log-likelihood     
====================================================================================================

 LN probability: 194124.516703 

====================================================================================================
     ------------------------------------------------------------------------------------------     
====================================================================================================



*************************************************************

Running emcee

emcee version:  3.1.6
Using threading pool for emcee: True


Computing the autocorrelation time of the chains

***** WARNING ******
The integrated autocorrelation time cannot be reliably estimated
likely the chains are too short, and ACF analysis is not fully reliable
emcee.autocorr.integrated_time tolerance lowered to 20
If you still get a warning, you should drop these results entirely

Reference thinning used in the analysis: 100
Step length used in the analysis: 11*nthin = 1100

Convergence criteria: less than 1% variation in ACF after 20 times the integrated ACF
At least 50*ACF after convergence, 100*ACF would be ideal
Negative values: not converged yet

   sampler parameter              |    ACF   | ACF*nthin | converged at | nsteps/ACF | to 100*ACF
                                  |          |           |              |            | 
   LCdata_inst00_jitter_0         |    4.95  |      495  |    23100     |      54    |   22593 
   LCdata_inst00_lc_model_inst00_b_Tc_0 |    5.02  |      502  |    26400     |      47    |   26646 
   LCdata_inst00_lc_model_inst00_b_Tc_1 |    4.88  |      488  |    36300     |      28    |   35055 
   LCdata_inst00_lc_model_inst00_b_Tc_2 |    5.38  |      538  |    36300     |      25    |   40145 
   LCdata_inst00_lc_model_inst00_b_Tc_3 |    4.91  |      491  |    22000     |      57    |   21083 
   LCdata_inst00_lc_model_inst00_b_Tc_4 |    5.11  |      511  |    25300     |      48    |   26396 
   LCdata_inst00_lc_model_inst00_b_Tc_5 |    5.29  |      529  |    28600     |      40    |   31527 
   LCdata_inst01_jitter_0         |    5.59  |      559  |    24200     |      46    |   30135 
   LCdata_inst01_lc_model_inst01_b_Tc_3 |    5.02  |      502  |    26400     |      47    |   26632 
   LCdata_inst01_lc_model_inst01_b_Tc_4 |    4.70  |      470  |    25300     |      53    |   22279 
   LCdata_inst01_lc_model_inst01_b_Tc_5 |    5.25  |      525  |    24200     |      49    |   26749 
   LCdata_inst01_lc_model_inst01_b_Tc_6 |    5.34  |      534  |    31900     |      34    |   35313 
   LCdata_inst01_lc_model_inst01_b_Tc_7 |    5.30  |      530  |    24200     |      49    |   27198 
   LCdata_inst01_lc_model_inst01_b_Tc_8 |    4.72  |      472  |    26400     |      50    |   23603 
   b_P                            |    5.00  |      500  |    27500     |      45    |   27455 
   b_R_Rs                         |    9.63  |      963  |    36300     |      14    |   82593 
   b_b                            |   11.93  |     1193  |    37400     |      11    |  106745 
   star_parameters_density        |   11.57  |     1157  |    42900     |       6    |  108636 
   limb_darkening_ld_c1           |    5.02  |      502  |    28600     |      43    |   28784 
   limb_darkening_ld_c2           |    5.28  |      528  |    27500     |      43    |   30289 

All the chains have converged, but PyORBIT should keep running for about:
11009 more steps to reach 50*ACF,
38993 more steps to reach 100*ACF
Suggested value for burnin: 29040

====================================================================================================
     Statistics on the posterior of the sampler parameters     
====================================================================================================

----- dataset:  LCdata_inst00
jitter_0         6      0.000031    -0.000018     0.000023   (15-84 p)   [    0.0000,     0.0500]

----- dataset: LCdata_inst00             ----- model: lc_model_inst00_b             
Tc_0             7       2.16998     -0.00017      0.00017   (15-84 p)   [    1.9214,     2.4186]
Tc_1             8       6.32963     -0.00018      0.00017   (15-84 p)   [    6.0797,     6.5783]
Tc_2             9      10.48921     -0.00016      0.00016   (15-84 p)   [   10.2394,    10.7381]
Tc_3            10      14.64788     -0.00017      0.00017   (15-84 p)   [   14.3978,    14.8964]
Tc_4            11      18.80574     -0.00018      0.00018   (15-84 p)   [   18.5575,    19.0561]
Tc_5            12      22.96501     -0.00017      0.00017   (15-84 p)   [   22.7158,    23.2144]

----- dataset:  LCdata_inst01
jitter_0        13      0.000026    -0.000015     0.000020   (15-84 p)   [    0.0000,     0.0500]

----- dataset: LCdata_inst01             ----- model: lc_model_inst01_b             
Tc_3            14      14.64803     -0.00017      0.00017   (15-84 p)   [   14.3988,    14.8961]
Tc_4            15      18.80590     -0.00017      0.00017   (15-84 p)   [   18.5572,    19.0558]
Tc_5            16      22.96484     -0.00018      0.00017   (15-84 p)   [   22.7169,    23.2155]
Tc_6            17      27.12313     -0.00017      0.00017   (15-84 p)   [   26.8752,    27.3738]
Tc_7            18      31.28322     -0.00017      0.00018   (15-84 p)   [   31.0350,    31.5336]
Tc_8            19      35.44296     -0.00016      0.00017   (15-84 p)   [   35.1933,    35.6919]

----- common model:  b
P                0      4.159151    -0.000020     0.000020   (15-84 p)   [    4.1550,     4.1650]
R_Rs             1       0.10010     -0.00021      0.00027   (15-84 p)   [    0.0000,     0.5000]
b                2         0.099       -0.066        0.065   (15-84 p)   [    0.0000,     2.0000]

----- common model:  star_parameters
density          5        0.7348       -0.018       0.0091   (15-84 p)   [    0.0000,     5.0000]

----- common model:  limb_darkening
ld_c1            3         0.474       -0.017        0.017   (15-84 p)   [    0.0000,     1.0000]
ld_c2            4         0.107       -0.034        0.034   (15-84 p)   [   -1.0000,     1.0000]

====================================================================================================
     Statistics on the model parameters obtained from the posteriors samples     
====================================================================================================

----- dataset:  LCdata_inst00
jitter_0              0.000031    -0.000018     0.000023    (15-84 p)


----- dataset: LCdata_inst00             ----- model: lc_model_inst00_b             
Tc_0                   2.16998     -0.00017      0.00017    (15-84 p)
Tc_1                   6.32963     -0.00018      0.00017    (15-84 p)
Tc_2                  10.48921     -0.00016      0.00016    (15-84 p)
Tc_3                  14.64788     -0.00017      0.00017    (15-84 p)
Tc_4                  18.80574     -0.00018      0.00018    (15-84 p)
Tc_5                  22.96501     -0.00017      0.00017    (15-84 p)

----- dataset:  LCdata_inst01
jitter_0              0.000026    -0.000015     0.000020    (15-84 p)


----- dataset: LCdata_inst01             ----- model: lc_model_inst01_b             
Tc_3                  14.64803     -0.00017      0.00017    (15-84 p)
Tc_4                  18.80590     -0.00017      0.00017    (15-84 p)
Tc_5                  22.96484     -0.00018      0.00017    (15-84 p)
Tc_6                  27.12313     -0.00017      0.00017    (15-84 p)
Tc_7                  31.28322     -0.00017      0.00018    (15-84 p)
Tc_8                  35.44296     -0.00016      0.00017    (15-84 p)

----- common model:  b
P                     4.159151    -0.000020     0.000020    (15-84 p)
e                         0.00                              [fixed]
omega                90.000000                              [fixed]
R_Rs                   0.10010     -0.00021      0.00027    (15-84 p)
b                        0.099       -0.066        0.065    (15-84 p)

----- common model:  star_parameters
density                 0.7348       -0.018       0.0091    (15-84 p)

----- common model:  limb_darkening
ld_c1                    0.474       -0.017        0.017    (15-84 p)
ld_c2                    0.107       -0.034        0.034    (15-84 p)

====================================================================================================
     Statistics on the derived parameters obtained from the posteriors samples     
====================================================================================================

----- common model:  b
a_Rs                     9.817       -0.079        0.040    (15-84 p)
i                        89.42        -0.39         0.39    (15-84 p)
R_Rj                     1.121       -0.039        0.039    (15-84 p)
R_Re                     12.56        -0.44         0.44    (15-84 p)
T_41                   0.14808     -0.00023      0.00025    (15-84 p)
T_32                   0.12075     -0.00038      0.00029    (15-84 p)
a_AU_(rho,R)            0.0524      -0.0018       0.0018    (15-84 p)


====================================================================================================
     ------------------------------------------------------------------------------------------     
====================================================================================================



emcee completed

