
PyORBIT v10.6.0

Python version in use:
3.10.14 (main, May  6 2024, 19:42:50) [GCC 11.2.0]

reloaded_optimize:  False
reloaded_pyde:  False
reloaded_emcee:  False

number of multiprocessing threads: 16
multiprocessing method (should be fork):  fork

parameters/safe_reload flag (must be True for tinygp):  False

Opening:  LCdata
Adding common model of planet:  b
  LC model: lc_model_b is using limb_darkening LD parameters
Using orbital model:  circular
Using orbital parametrization:  Eastman2013
Time of inferior conjunction replacing mean longitude as a free parameter:  True
List of times of inferior conjuctions:  tclist_transits/WASP47_simulated_planetb_tclist.dat

Using limb darkening coefficient parametrization:  Standard

====================================================================================================
     Ids, spaces (s), boundaries (b) and priors (p) of the sampler parameters     
====================================================================================================

----- dataset:  LCdata
jitter_0      id:   6  s:Linear      b:[      0.0000,       0.0500]   p:Uniform   []

----- dataset: LCdata                    ----- model: lc_model_b                    
Tc_0          id:   7  s:Linear      b:[      1.9214,       2.4186]   p:Uniform   []
Tc_1          id:   8  s:Linear      b:[      6.0797,       6.5783]   p:Uniform   []
Tc_2          id:   9  s:Linear      b:[     10.2394,      10.7381]   p:Uniform   []
Tc_3          id:  10  s:Linear      b:[     14.3978,      14.8964]   p:Uniform   []
Tc_4          id:  11  s:Linear      b:[     18.5575,      19.0561]   p:Uniform   []
Tc_5          id:  12  s:Linear      b:[     22.7158,      23.2144]   p:Uniform   []

----- common model:  b
P             id:   0  s:Linear      b:[      4.1550,       4.1650]   p:Gaussian   [4.159151e+00 2.000000e-05]
R_Rs          id:   1  s:Linear      b:[      0.0000,       0.5000]   p:Uniform   []
b             id:   2  s:Linear      b:[      0.0000,       2.0000]   p:Uniform   []
e             derived (no id, space, bound)                           p:None   []
omega         derived (no id, space, bound)                           p:None   []

----- common model:  star_parameters
density       id:   5  s:Linear      b:[      0.0000,       5.0000]   p:Gaussian   [0.7 0.1]
mass          derived (no id, space, bound)                           p:Gaussian   [1.05 0.04]
radius        derived (no id, space, bound)                           p:Gaussian   [1.15 0.04]

----- common model:  limb_darkening
ld_c1         id:   3  s:Linear      b:[      0.0000,       1.0000]   p:Gaussian   [0.5  0.05]
ld_c2         id:   4  s:Linear      b:[     -1.0000,       1.0000]   p:Gaussian   [0.1  0.05]

Include priors:  True

Reference Time Tref:  0.0

Dimensions =  13
Nwalkers =  52

Using threading pool for PyDE: True
PyDE running
Boundaries redefined after PyDE output
PyDE completed, it took          2.1 seconds

====================================================================================================
     Starting point of the sample/optimization routines    
====================================================================================================

----- dataset:  LCdata
jitter_0         6      0.000007 [    0.0000,     0.0500]

----- dataset: LCdata                    ----- model: lc_model_b                    
Tc_0             7      2.169980 [    1.9214,     2.4186]
Tc_1             8      6.329629 [    6.0797,     6.5783]
Tc_2             9     10.489206 [   10.2394,    10.7381]
Tc_3            10     14.647874 [   14.3978,    14.8964]
Tc_4            11     18.805731 [   18.5575,    19.0561]
Tc_5            12     22.965007 [   22.7158,    23.2144]

----- common model:  b
P                0      4.159151 [    4.1550,     4.1650]
R_Rs             1      0.099909 [    0.0000,     0.5000]
b                2      0.006678 [    0.0000,     2.0000]

----- common model:  star_parameters
density          5      0.746403 [    0.0000,     5.0000]

----- common model:  limb_darkening
ld_c1            3      0.480904 [    0.0000,     1.0000]
ld_c2            4      0.088495 [   -1.0000,     1.0000]

====================================================================================================
     Starting point projected onto the model parameter space     
====================================================================================================

----- dataset:  LCdata
jitter_0              0.000007 


----- dataset: LCdata                    ----- model: lc_model_b                    
Tc_0                  2.169980 
Tc_1                  6.329629 
Tc_2                 10.489206 
Tc_3                 14.647874 
Tc_4                 18.805731 
Tc_5                 22.965007 

----- common model:  b
P                     4.159151 
e                         0.00 
omega                90.000000 
R_Rs                  0.099909 
b                     0.006678 

----- common model:  star_parameters
density               0.746403 

----- common model:  limb_darkening
ld_c1                 0.480904 
ld_c2                 0.088495 

====================================================================================================
     Derived parameters obtained from starting point     
====================================================================================================

----- common model:  b
a_Rs                  9.868329 
i                    89.961226 
R_Rj                  1.123421 
R_Re                 12.592333 
T_41                  0.147864 
T_32                  0.120918 
a_AU_(rho,R)          0.053029 


====================================================================================================
     Statistics on the log-likelihood     
====================================================================================================

 LN probability: 97042.173108 

====================================================================================================
     ------------------------------------------------------------------------------------------     
====================================================================================================



*************************************************************

Running emcee

emcee version:  3.1.6
Using threading pool for emcee: True


Computing the autocorrelation time of the chains

The chains are more than 50 times longer than the ACF, the estimate can be trusted

Reference thinning used in the analysis: 100
Step length used in the analysis: 6*nthin = 600

Convergence criteria: less than 1% variation in ACF after 50 times the integrated ACF
At least 50*ACF after convergence, 100*ACF would be ideal
Negative values: not converged yet

   sampler parameter              |    ACF   | ACF*nthin | converged at | nsteps/ACF | to 100*ACF
                                  |          |           |              |            | 
   LCdata_jitter_0                |    2.65  |      265  |    16800     |     125    |       0 
   LCdata_lc_model_b_Tc_0         |    2.66  |      266  |    21000     |     109    |       0 
   LCdata_lc_model_b_Tc_1         |    2.65  |      265  |    20400     |     112    |       0 
   LCdata_lc_model_b_Tc_2         |    2.80  |      280  |    20400     |     106    |       0 
   LCdata_lc_model_b_Tc_3         |    2.63  |      263  |    19200     |     117    |       0 
   LCdata_lc_model_b_Tc_4         |    2.52  |      252  |    19200     |     122    |       0 
   LCdata_lc_model_b_Tc_5         |    2.56  |      256  |    18600     |     123    |       0 
   b_P                            |    2.52  |      252  |    17400     |     129    |       0 
   b_R_Rs                         |    3.82  |      382  |    22800     |      71    |   11009 
   b_b                            |    5.64  |      564  |    31800     |      32    |   38235 
   star_parameters_density        |    6.02  |      602  |    35400     |      24    |   45577 
   limb_darkening_ld_c1           |    2.57  |      257  |    19200     |     120    |       0 
   limb_darkening_ld_c2           |    2.59  |      259  |    19800     |     117    |       0 

All the chains have converged, but PyORBIT should keep running for about:
12753 more steps to reach 50*ACF,
31607 more steps to reach 100*ACF
Suggested value for burnin: 21692

====================================================================================================
     Statistics on the posterior of the sampler parameters     
====================================================================================================

----- dataset:  LCdata
jitter_0         6      0.000032    -0.000018     0.000022   (15-84 p)   [    0.0000,     0.0500]

----- dataset: LCdata                    ----- model: lc_model_b                    
Tc_0             7       2.16998     -0.00017      0.00017   (15-84 p)   [    1.9214,     2.4186]
Tc_1             8       6.32964     -0.00017      0.00017   (15-84 p)   [    6.0797,     6.5783]
Tc_2             9      10.48921     -0.00016      0.00017   (15-84 p)   [   10.2394,    10.7381]
Tc_3            10      14.64788     -0.00017      0.00017   (15-84 p)   [   14.3978,    14.8964]
Tc_4            11      18.80574     -0.00018      0.00018   (15-84 p)   [   18.5575,    19.0561]
Tc_5            12      22.96501     -0.00017      0.00017   (15-84 p)   [   22.7158,    23.2144]

----- common model:  b
P                0      4.159151    -0.000020     0.000020   (15-84 p)   [    4.1550,     4.1650]
R_Rs             1       0.10002     -0.00024      0.00026   (15-84 p)   [    0.0000,     0.5000]
b                2         0.070       -0.050        0.067   (15-84 p)   [    0.0000,     2.0000]

----- common model:  star_parameters
density          5        0.7399       -0.014       0.0071   (15-84 p)   [    0.0000,     5.0000]

----- common model:  limb_darkening
ld_c1            3         0.480       -0.020        0.020   (15-84 p)   [    0.0000,     1.0000]
ld_c2            4         0.088       -0.038        0.037   (15-84 p)   [   -1.0000,     1.0000]

====================================================================================================
     Statistics on the model parameters obtained from the posteriors samples     
====================================================================================================

----- dataset:  LCdata
jitter_0              0.000032    -0.000018     0.000022    (15-84 p)


----- dataset: LCdata                    ----- model: lc_model_b                    
Tc_0                   2.16998     -0.00017      0.00017    (15-84 p)
Tc_1                   6.32964     -0.00017      0.00017    (15-84 p)
Tc_2                  10.48921     -0.00016      0.00017    (15-84 p)
Tc_3                  14.64788     -0.00017      0.00017    (15-84 p)
Tc_4                  18.80574     -0.00018      0.00018    (15-84 p)
Tc_5                  22.96501     -0.00017      0.00017    (15-84 p)

----- common model:  b
P                     4.159151    -0.000020     0.000020    (15-84 p)
e                         0.00                              [fixed]
omega                90.000000                              [fixed]
R_Rs                   0.10002     -0.00024      0.00026    (15-84 p)
b                        0.070       -0.050        0.067    (15-84 p)

----- common model:  star_parameters
density                 0.7399       -0.014       0.0071    (15-84 p)

----- common model:  limb_darkening
ld_c1                    0.480       -0.020        0.020    (15-84 p)
ld_c2                    0.088       -0.038        0.037    (15-84 p)

====================================================================================================
     Statistics on the derived parameters obtained from the posteriors samples     
====================================================================================================

----- common model:  b
a_Rs                     9.840       -0.061        0.031    (15-84 p)
i                        89.59        -0.39         0.29    (15-84 p)
R_Rj                     1.120       -0.039        0.039    (15-84 p)
R_Re                     12.55        -0.44         0.44    (15-84 p)
T_41                   0.14797     -0.00028      0.00029    (15-84 p)
T_32                   0.12077     -0.00035      0.00030    (15-84 p)
a_AU_(rho,R)            0.0526      -0.0019       0.0018    (15-84 p)


====================================================================================================
     ------------------------------------------------------------------------------------------     
====================================================================================================



emcee completed

