
PyORBIT v10.6.0

Python version in use:
3.10.14 (main, May  6 2024, 19:42:50) [GCC 11.2.0]
 LaTeX disabled by default
Using orbital model:  circular
Using orbital parametrization:  Eastman2013
Time of inferior conjunction replacing mean longitude as a free parameter:  True
List of times of inferior conjuctions:  twoplanets_transits/WASP47_simulated_planetb_tclist.dat

Using orbital model:  circular
Using orbital parametrization:  Eastman2013
Time of inferior conjunction replacing mean longitude as a free parameter:  True
List of times of inferior conjuctions:  twoplanets_transits/WASP47_simulated_planetc_tclist.dat

Using limb darkening coefficient parametrization:  Standard
Using RoadRunner Model from PyTransit
Using RoadRunner Model from PyTransit

emcee version:  3.1.6

 Reference Time Tref: 0.0

 Dimensions = 19
 Nwalkers = 76

 Steps: 50000


 LN posterior: 97069.775815      -3.305809     2.641414 (15-84 p) 

 Median log_priors     = 34.55791050530963
 Median log_likelihood = 97043.78643481688

 Median BIC  (using likelihood) = -193904.01443902502
 Median AIC  (using likelihood) = -194049.57286963376
 Median AICc (using likelihood) = -194049.52437859823

 Median BIC  (using posterior)  = -193973.13026003563
 Median AIC  (using posterior)  = -194118.68869064437
 Median AICc (using posterior)  = -194118.64019960884

 MAP log_priors     = 34.3853766871909
 MAP log_likelihood = 97042.348329419

 MAP BIC  (using likelihood) = -193901.13822822925
 MAP AIC  (using likelihood) = -194046.696658838
 MAP AICc (using likelihood) = -194046.64816780246

 MAP BIC  (using posterior)  = -193969.90898160363
 MAP AIC  (using posterior)  = -194115.46741221237
 MAP AICc (using posterior)  = -194115.41892117684

 AIC suggested over AICs because NDATA ( 15693 ) > 40 * NDIM ( 19 )

****************************************************************************************************


Computing the autocorrelation time of the chains

***** WARNING ******
The integrated autocorrelation time cannot be reliably estimated
likely the chains are too short, and ACF analysis is not fully reliable
emcee.autocorr.integrated_time tolerance lowered to 20
If you still get a warning, you should drop these results entirely

Reference thinning used in the analysis: 100
Step length used in the analysis: 10*nthin = 1000

Convergence criteria: less than 1% variation in ACF after 20 times the integrated ACF
At least 50*ACF after convergence, 100*ACF would be ideal
Negative values: not converged yet

   sampler parameter              |    ACF   | ACF*nthin | converged at | nsteps/ACF | to 100*ACF
                                  |          |           |              |            | 
   LCdata_inst00_jitter_0         |    5.00  |      500  |    30000     |      40    |   30031 
   LCdata_inst00_lc_model_b_Tc_0  |    4.69  |      469  |    27000     |      49    |   23945 
   LCdata_inst00_lc_model_b_Tc_1  |    4.44  |      444  |    23000     |      61    |   17440 
   LCdata_inst00_lc_model_b_Tc_2  |    4.37  |      437  |    23000     |      62    |   16716 
   LCdata_inst00_lc_model_b_Tc_3  |    4.72  |      472  |    27000     |      49    |   24163 
   LCdata_inst00_lc_model_b_Tc_4  |    4.45  |      445  |    22000     |      63    |   16532 
   LCdata_inst00_lc_model_b_Tc_5  |    4.62  |      462  |    21000     |      63    |   17220 
   LCdata_inst00_lc_model_c_Tc_3  |    4.94  |      494  |    23000     |      55    |   22374 
   LCdata_inst00_lc_model_c_Tc_4  |    4.58  |      458  |    26000     |      52    |   21783 
   LCdata_inst00_lc_model_c_Tc_5  |    4.16  |      416  |    27000     |      55    |   18577 
   b_P                            |    4.47  |      447  |    24000     |      58    |   18676 
   b_R_Rs                         |    9.19  |      919  |    36000     |      15    |   77886 
   b_b                            |   10.53  |     1053  |    30000     |      19    |   85322 
   c_P                            |    4.54  |      454  |    20000     |      66    |   15371 
   c_R_Rs                         |    6.01  |      601  |    21000     |      48    |   31131 
   c_b                            |    9.39  |      939  |    34000     |      17    |   77915 
   star_parameters_density        |   10.06  |     1006  |    39000     |      11    |   89620 
   limb_darkening_ld_c1           |    4.69  |      469  |    25000     |      53    |   21850 
   limb_darkening_ld_c2           |    4.91  |      491  |    23000     |      55    |   22089 

All the chains have converged, but PyORBIT should keep running for about:
17751 more steps to reach 50*ACF,
34139 more steps to reach 100*ACF
Suggested value for burnin: 26368

 Plotting the ACF... 


====================================================================================================
     Ids, spaces (s), boundaries (b) and priors (p) of the sampler parameters     
====================================================================================================

----- dataset:  LCdata_inst00
jitter_0      id:   9  s:Linear      b:[      0.0000,       0.0500]   p:Uniform   []

----- dataset: LCdata_inst00             ----- model: lc_model_b                    
Tc_0          id:  10  s:Linear      b:[      1.9214,       2.4186]   p:Uniform   []
Tc_1          id:  11  s:Linear      b:[      6.0797,       6.5783]   p:Uniform   []
Tc_2          id:  12  s:Linear      b:[     10.2394,      10.7381]   p:Uniform   []
Tc_3          id:  13  s:Linear      b:[     14.3978,      14.8964]   p:Uniform   []
Tc_4          id:  14  s:Linear      b:[     18.5575,      19.0561]   p:Uniform   []
Tc_5          id:  15  s:Linear      b:[     22.7158,      23.2144]   p:Uniform   []

----- dataset: LCdata_inst00             ----- model: lc_model_c                    
Tc_3          id:  16  s:Linear      b:[      1.7214,       2.2186]   p:Uniform   []
Tc_4          id:  17  s:Linear      b:[     10.7506,      11.2492]   p:Uniform   []
Tc_5          id:  18  s:Linear      b:[     19.7811,      20.2797]   p:Uniform   []

----- common model:  b
P             id:   0  s:Linear      b:[      4.1550,       4.1650]   p:Gaussian   [4.159151e+00 2.000000e-05]
R_Rs          id:   1  s:Linear      b:[      0.0000,       0.5000]   p:Uniform   []
b             id:   2  s:Linear      b:[      0.0000,       2.0000]   p:Uniform   []
e             derived (no id, space, bound)                           p:None   []
omega         derived (no id, space, bound)                           p:None   []

----- common model:  c
P             id:   6  s:Linear      b:[      9.0200,       9.0400]   p:Gaussian   [9.030501e+00 2.000000e-05]
R_Rs          id:   7  s:Linear      b:[      0.0000,       0.5000]   p:Uniform   []
b             id:   8  s:Linear      b:[      0.0000,       2.0000]   p:Uniform   []
e             derived (no id, space, bound)                           p:None   []
omega         derived (no id, space, bound)                           p:None   []

----- common model:  star_parameters
density       id:   5  s:Linear      b:[      0.0000,       5.0000]   p:Gaussian   [0.7 0.1]
mass          derived (no id, space, bound)                           p:Gaussian   [1.05 0.04]
radius        derived (no id, space, bound)                           p:Gaussian   [1.15 0.04]

----- common model:  limb_darkening
ld_c1         id:   3  s:Linear      b:[      0.0000,       1.0000]   p:Gaussian   [0.5  0.05]
ld_c2         id:   4  s:Linear      b:[     -1.0000,       1.0000]   p:Gaussian   [0.1  0.05]


****************************************************************************************************
****************************************************************************************************

 Confidence intervals (median value, 34.135th percentile from the median on the left and right side)

====================================================================================================
     Statistics on the posterior of the sampler parameters     
====================================================================================================

----- dataset:  LCdata_inst00
jitter_0         9      0.000029    -0.000016     0.000022   (15-84 p)   [    0.0000,     0.0500]

----- dataset: LCdata_inst00             ----- model: lc_model_b                    
Tc_0            10       2.16992     -0.00017      0.00017   (15-84 p)   [    1.9214,     2.4186]
Tc_1            11       6.33003     -0.00017      0.00018   (15-84 p)   [    6.0797,     6.5783]
Tc_2            12      10.48916     -0.00017      0.00017   (15-84 p)   [   10.2394,    10.7381]
Tc_3            13      14.64802     -0.00018      0.00018   (15-84 p)   [   14.3978,    14.8964]
Tc_4            14      18.80621     -0.00018      0.00017   (15-84 p)   [   18.5575,    19.0561]
Tc_5            15      22.96524     -0.00018      0.00018   (15-84 p)   [   22.7158,    23.2144]

----- dataset: LCdata_inst00             ----- model: lc_model_c                    
Tc_3            16       1.96945     -0.00058      0.00058   (15-84 p)   [    1.7214,     2.2186]
Tc_4            17      11.00103     -0.00063      0.00064   (15-84 p)   [   10.7506,    11.2492]
Tc_5            18      20.03177     -0.00063      0.00063   (15-84 p)   [   19.7811,    20.2797]

----- common model:  b
P                0      4.159151    -0.000020     0.000020   (15-84 p)   [    4.1550,     4.1650]
R_Rs             1       0.09997     -0.00031      0.00042   (15-84 p)   [    0.0000,     0.5000]
b                2         0.131       -0.084        0.076   (15-84 p)   [    0.0000,     2.0000]

----- common model:  c
P                6      9.030501    -0.000020     0.000020   (15-84 p)   [    9.0200,     9.0400]
R_Rs             7       0.04994     -0.00032      0.00032   (15-84 p)   [    0.0000,     0.5000]
b                8         0.257       -0.034        0.043   (15-84 p)   [    0.0000,     2.0000]

----- common model:  star_parameters
density          5         0.720       -0.026        0.015   (15-84 p)   [    0.0000,     5.0000]

----- common model:  limb_darkening
ld_c1            3         0.494       -0.020        0.020   (15-84 p)   [    0.0000,     1.0000]
ld_c2            4         0.110       -0.039        0.039   (15-84 p)   [   -1.0000,     1.0000]

====================================================================================================
     Statistics on the model parameters obtained from the posteriors samples     
====================================================================================================

----- dataset:  LCdata_inst00
jitter_0              0.000029    -0.000016     0.000022    (15-84 p)


----- dataset: LCdata_inst00             ----- model: lc_model_b                    
Tc_0                   2.16992     -0.00017      0.00017    (15-84 p)
Tc_1                   6.33003     -0.00017      0.00018    (15-84 p)
Tc_2                  10.48916     -0.00017      0.00017    (15-84 p)
Tc_3                  14.64802     -0.00018      0.00018    (15-84 p)
Tc_4                  18.80621     -0.00018      0.00017    (15-84 p)
Tc_5                  22.96524     -0.00018      0.00018    (15-84 p)

----- dataset: LCdata_inst00             ----- model: lc_model_c                    
Tc_3                   1.96945     -0.00058      0.00058    (15-84 p)
Tc_4                  11.00103     -0.00063      0.00064    (15-84 p)
Tc_5                  20.03177     -0.00063      0.00063    (15-84 p)

----- common model:  b
P                     4.159151    -0.000020     0.000020    (15-84 p)
e                         0.00                              [fixed]
omega                90.000000                              [fixed]
R_Rs                   0.09997     -0.00031      0.00042    (15-84 p)
b                        0.131       -0.084        0.076    (15-84 p)

----- common model:  c
P                     9.030501    -0.000020     0.000020    (15-84 p)
e                         0.00                              [fixed]
omega                90.000000                              [fixed]
R_Rs                   0.04994     -0.00032      0.00032    (15-84 p)
b                        0.257       -0.034        0.043    (15-84 p)

----- common model:  star_parameters
density                  0.720       -0.026        0.015    (15-84 p)

----- common model:  limb_darkening
ld_c1                    0.494       -0.020        0.020    (15-84 p)
ld_c2                    0.110       -0.039        0.039    (15-84 p)

====================================================================================================
     Statistics on the derived parameters obtained from the posteriors samples     
====================================================================================================

----- common model:  b
a_Rs                     9.750        -0.12        0.067    (15-84 p)
i                        89.23        -0.46         0.50    (15-84 p)
R_Rj                     1.120       -0.040        0.040    (15-84 p)
R_Re                     12.55        -0.44         0.45    (15-84 p)
T_41                   0.14865     -0.00033      0.00036    (15-84 p)
T_32                   0.12105     -0.00057      0.00042    (15-84 p)
a_AU_(rho,R)            0.0521      -0.0019       0.0019    (15-84 p)

----- common model:  c
a_Rs                     16.35        -0.20         0.11    (15-84 p)
i                        89.10        -0.16         0.12    (15-84 p)
R_Rj                     0.559       -0.020        0.019    (15-84 p)
R_Re                      6.27        -0.22         0.21    (15-84 p)
T_41                   0.17923     -0.00074      0.00075    (15-84 p)
T_32                   0.16095     -0.00089      0.00091    (15-84 p)
a_AU_(rho,R)            0.0872      -0.0031       0.0031    (15-84 p)


====================================================================================================
     ------------------------------------------------------------------------------------------     
====================================================================================================



****************************************************************************************************

 Parameters corresponding to the Maximum a Posteriori probability ( 97076.73370610618 )

====================================================================================================
     Statistics on the posterior of the sampler parameters     
====================================================================================================

----- dataset:  LCdata_inst00
jitter_0         9      0.000033 [    0.0000,     0.0500]

----- dataset: LCdata_inst00             ----- model: lc_model_b                    
Tc_0            10      2.169905 [    1.9214,     2.4186]
Tc_1            11      6.330008 [    6.0797,     6.5783]
Tc_2            12     10.489283 [   10.2394,    10.7381]
Tc_3            13     14.647885 [   14.3978,    14.8964]
Tc_4            14     18.806209 [   18.5575,    19.0561]
Tc_5            15     22.965271 [   22.7158,    23.2144]

----- dataset: LCdata_inst00             ----- model: lc_model_c                    
Tc_3            16      1.969831 [    1.7214,     2.2186]
Tc_4            17     11.001112 [   10.7506,    11.2492]
Tc_5            18     20.031945 [   19.7811,    20.2797]

----- common model:  b
P                0      4.159145 [    4.1550,     4.1650]
R_Rs             1      0.099835 [    0.0000,     0.5000]
b                2      0.088792 [    0.0000,     2.0000]

----- common model:  c
P                6      9.030499 [    9.0200,     9.0400]
R_Rs             7      0.050014 [    0.0000,     0.5000]
b                8      0.252184 [    0.0000,     2.0000]

----- common model:  star_parameters
density          5      0.729860 [    0.0000,     5.0000]

----- common model:  limb_darkening
ld_c1            3      0.488460 [    0.0000,     1.0000]
ld_c2            4      0.122355 [   -1.0000,     1.0000]

====================================================================================================
     Statistics on the model parameters obtained from the posteriors samples     
====================================================================================================

----- dataset:  LCdata_inst00
jitter_0              0.000033 


----- dataset: LCdata_inst00             ----- model: lc_model_b                    
Tc_0                  2.169905 
Tc_1                  6.330008 
Tc_2                 10.489283 
Tc_3                 14.647885 
Tc_4                 18.806209 
Tc_5                 22.965271 

----- dataset: LCdata_inst00             ----- model: lc_model_c                    
Tc_3                  1.969831 
Tc_4                 11.001112 
Tc_5                 20.031945 

----- common model:  b
P                     4.159145 
e                         0.00 
omega                90.000000 
R_Rs                  0.099835 
b                     0.088792 

----- common model:  c
P                     9.030499 
e                         0.00 
omega                90.000000 
R_Rs                  0.050014 
b                     0.252184 

----- common model:  star_parameters
density               0.729860 

----- common model:  limb_darkening
ld_c1                 0.488460 
ld_c2                 0.122355 

====================================================================================================
     Statistics on the derived parameters obtained from the posteriors samples     
====================================================================================================

----- common model:  b
a_Rs                  9.794870 
i                    89.480598 
R_Rj                  1.113453 
R_Re                 12.480602 
T_41                  0.148488 
T_32                  0.121249 
a_AU_(rho,R)          0.052206 

----- common model:  c
a_Rs                 16.423679 
i                    89.120195 
R_Rj                  0.504240 
R_Re                  5.651984 
T_41                  0.178532 
T_32                  0.160405 
a_AU_(rho,R)          0.079131 


====================================================================================================
     ------------------------------------------------------------------------------------------     
====================================================================================================



****************************************************************************************************

 Parameters corresponding to the sample closest to the median values ( 97074.00493816147 )

====================================================================================================
     Statistics on the posterior of the sampler parameters     
====================================================================================================

----- dataset:  LCdata_inst00
jitter_0         9      0.000033 [    0.0000,     0.0500]

----- dataset: LCdata_inst00             ----- model: lc_model_b                    
Tc_0            10      2.170027 [    1.9214,     2.4186]
Tc_1            11      6.329972 [    6.0797,     6.5783]
Tc_2            12     10.489159 [   10.2394,    10.7381]
Tc_3            13     14.648019 [   14.3978,    14.8964]
Tc_4            14     18.806398 [   18.5575,    19.0561]
Tc_5            15     22.965328 [   22.7158,    23.2144]

----- dataset: LCdata_inst00             ----- model: lc_model_c                    
Tc_3            16      1.969819 [    1.7214,     2.2186]
Tc_4            17     11.001240 [   10.7506,    11.2492]
Tc_5            18     20.031840 [   19.7811,    20.2797]

----- common model:  b
P                0      4.159145 [    4.1550,     4.1650]
R_Rs             1      0.099938 [    0.0000,     0.5000]
b                2      0.130818 [    0.0000,     2.0000]

----- common model:  c
P                6      9.030494 [    9.0200,     9.0400]
R_Rs             7      0.050142 [    0.0000,     0.5000]
b                8      0.253262 [    0.0000,     2.0000]

----- common model:  star_parameters
density          5      0.715854 [    0.0000,     5.0000]

----- common model:  limb_darkening
ld_c1            3      0.498392 [    0.0000,     1.0000]
ld_c2            4      0.100299 [   -1.0000,     1.0000]

====================================================================================================
     Statistics on the model parameters obtained from the posteriors samples     
====================================================================================================

----- dataset:  LCdata_inst00
jitter_0              0.000033 


----- dataset: LCdata_inst00             ----- model: lc_model_b                    
Tc_0                  2.170027 
Tc_1                  6.329972 
Tc_2                 10.489159 
Tc_3                 14.648019 
Tc_4                 18.806398 
Tc_5                 22.965328 

----- dataset: LCdata_inst00             ----- model: lc_model_c                    
Tc_3                  1.969819 
Tc_4                 11.001240 
Tc_5                 20.031840 

----- common model:  b
P                     4.159145 
e                         0.00 
omega                90.000000 
R_Rs                  0.099938 
b                     0.130818 

----- common model:  c
P                     9.030494 
e                         0.00 
omega                90.000000 
R_Rs                  0.050142 
b                     0.253262 

----- common model:  star_parameters
density               0.715854 

----- common model:  limb_darkening
ld_c1                 0.498392 
ld_c2                 0.100299 

====================================================================================================
     Statistics on the derived parameters obtained from the posteriors samples     
====================================================================================================

----- common model:  b
a_Rs                  9.731809 
i                    89.229787 
R_Rj                  1.120015 
R_Re                 12.554152 
T_41                  0.148899 
T_32                  0.121323 
a_AU_(rho,R)          0.052122 

----- common model:  c
a_Rs                 16.317936 
i                    89.110708 
R_Rj                  0.557267 
R_Re                  6.246356 
T_41                  0.179667 
T_32                  0.161370 
a_AU_(rho,R)          0.086668 


====================================================================================================
     ------------------------------------------------------------------------------------------     
====================================================================================================



****************************************************************************************************

Note: priors on stellar mass and radius provided independently from the measured density, no check for consistency is performed

 Plot FLAT chain 

****************************************************************************************************

Plotting full_correlation plot with pygtc

****************************************************************************************************

 Plotting the chains... 

****************************************************************************************************

 Plotting the Gelman-Rubin traces... 

     Gelman-Rubin:     9     1.005556 LCdata_inst00_jitter_0 
     Gelman-Rubin:    10     1.003965 LCdata_inst00_lc_model_b_Tc_0 
     Gelman-Rubin:    11     1.003876 LCdata_inst00_lc_model_b_Tc_1 
     Gelman-Rubin:    12     1.003908 LCdata_inst00_lc_model_b_Tc_2 
     Gelman-Rubin:    13     1.004470 LCdata_inst00_lc_model_b_Tc_3 
     Gelman-Rubin:    14     1.003420 LCdata_inst00_lc_model_b_Tc_4 
     Gelman-Rubin:    15     1.002803 LCdata_inst00_lc_model_b_Tc_5 
     Gelman-Rubin:    16     1.005316 LCdata_inst00_lc_model_c_Tc_3 
     Gelman-Rubin:    17     1.004013 LCdata_inst00_lc_model_c_Tc_4 
     Gelman-Rubin:    18     1.003708 LCdata_inst00_lc_model_c_Tc_5 
     Gelman-Rubin:     0     1.003893 b_P 
     Gelman-Rubin:     1     1.009811 b_R_Rs 
     Gelman-Rubin:     2     1.012925 b_b 
     Gelman-Rubin:     6     1.003064 c_P 
     Gelman-Rubin:     7     1.004650 c_R_Rs 
     Gelman-Rubin:     8     1.011610 c_b 
     Gelman-Rubin:     5     1.013030 star_parameters_density 
     Gelman-Rubin:     3     1.006123 limb_darkening_ld_c1 
     Gelman-Rubin:     4     1.005822 limb_darkening_ld_c2 

****************************************************************************************************

 Plotting the common models corner plots
     Common model:  b
     Common model:  c
     Common model:  star_parameters
     Common model:  limb_darkening

****************************************************************************************************

 Dataset + models corner plots 

     Dataset:  LCdata_inst00     model:  lc_model_b  corner plot  starting 
     Dataset:  LCdata_inst00     model:  lc_model_b  corner plot  done 
     Dataset:  LCdata_inst00     model:  lc_model_c  corner plot  starting 
     Dataset:  LCdata_inst00     model:  lc_model_c  corner plot  done 

****************************************************************************************************

 Saving the planet parameter samplings to files (with plots)

****************************************************************************************************

 Saving all the parameter samplings to files (with plots)

****************************************************************************************************

 Computing the models for plot/data writing 
