
PyORBIT v10.5.3

Python version in use:
3.10.14 (main, May  6 2024, 19:42:50) [GCC 11.2.0]

reloaded_optimize:  False
reloaded_pyde:  False
reloaded_emcee:  False

number of multiprocessing threads: 12
multiprocessing method (should be fork):  fork

parameters/safe_reload flag (must be True for tinygp):  False

Opening:  LCdata
Adding common model of planet:  b
  LC model: lc_model_b is using limb_darkening LD parameters
Using orbital model:  circular
Using orbital parametrization:  Eastman2013
Time of inferior conjunction replacing mean longitude as a free parameter:  True

Using limb darkening coefficient parametrization:  Standard

====================================================================================================
     Ids, spaces (s), boundaries (b) and priors (p) of the sampler parameters     
====================================================================================================

----- dataset:  LCdata
jitter_0      id:   6  s:Linear      b:[      0.0000,       0.0500]   p:Uniform   []

----- dataset: LCdata                    ----- model: lc_model_b                    
Tc_0          id:   7  s:Linear      b:[      1.9214,       2.4200]   p:Uniform   []
Tc_1          id:   8  s:Linear      b:[      6.0797,       6.5783]   p:Uniform   []
Tc_2          id:   9  s:Linear      b:[     10.2394,      10.7381]   p:Uniform   []
Tc_3          id:  10  s:Linear      b:[     14.3978,      14.8964]   p:Uniform   []
Tc_4          id:  11  s:Linear      b:[     18.5575,      19.0561]   p:Uniform   []
Tc_5          id:  12  s:Linear      b:[     22.7158,      23.2144]   p:Uniform   []

----- common model:  b
P             id:   0  s:Linear      b:[      4.1550,       4.1650]   p:Gaussian   [4.159151e+00 2.000000e-05]
R_Rs          id:   1  s:Linear      b:[      0.0000,       0.5000]   p:Uniform   []
b             id:   2  s:Linear      b:[      0.0000,       2.0000]   p:Uniform   []
e             derived (no id, space, bound)                           p:None   []
omega         derived (no id, space, bound)                           p:None   []

----- common model:  star_parameters
density       id:   5  s:Linear      b:[      0.0000,       5.0000]   p:Gaussian   [0.7 0.1]
mass          derived (no id, space, bound)                           p:Gaussian   [1.05 0.04]
radius        derived (no id, space, bound)                           p:Gaussian   [1.15 0.04]

----- common model:  limb_darkening
ld_c1         id:   3  s:Linear      b:[      0.0000,       1.0000]   p:Gaussian   [0.5  0.05]
ld_c2         id:   4  s:Linear      b:[     -1.0000,       1.0000]   p:Gaussian   [0.1  0.05]

Include priors:  True

Reference Time Tref:  0.0

Dimensions =  13
Nwalkers =  52

Using threading pool for PyDE: True
PyDE running
Boundaries redefined after PyDE output
PyDE completed, it took          7.0 seconds

====================================================================================================
     Starting point of the sample/optimization routines    
====================================================================================================

----- dataset:  LCdata
jitter_0         6      0.000055 [    0.0000,     0.0500]

----- dataset: LCdata                    ----- model: lc_model_b                    
Tc_0             7      2.170232 [    1.9214,     2.4200]
Tc_1             8      6.329571 [    6.0797,     6.5783]
Tc_2             9     10.489043 [   10.2394,    10.7381]
Tc_3            10     14.647698 [   14.3978,    14.8964]
Tc_4            11     18.806139 [   18.5575,    19.0561]
Tc_5            12     22.965003 [   22.7158,    23.2144]

----- common model:  b
P                0      4.159151 [    4.1550,     4.1650]
R_Rs             1      0.099636 [    0.0000,     0.5000]
b                2      0.126688 [    0.0000,     2.0000]

----- common model:  star_parameters
density          5      0.719642 [    0.0000,     5.0000]

----- common model:  limb_darkening
ld_c1            3      0.520484 [    0.0000,     1.0000]
ld_c2            4      0.079266 [   -1.0000,     1.0000]

====================================================================================================
     Starting point projected onto the model parameter space     
====================================================================================================

----- dataset:  LCdata
jitter_0              0.000055 


----- dataset: LCdata                    ----- model: lc_model_b                    
Tc_0                  2.170232 
Tc_1                  6.329571 
Tc_2                 10.489043 
Tc_3                 14.647698 
Tc_4                 18.806139 
Tc_5                 22.965003 

----- common model:  b
P                     4.159151 
e                         0.00 
omega                90.000000 
R_Rs                  0.099636 
b                     0.126688 

----- common model:  star_parameters
density               0.719642 

----- common model:  limb_darkening
ld_c1                 0.520484 
ld_c2                 0.079266 

====================================================================================================
     Derived parameters obtained from starting point     
====================================================================================================

----- common model:  b
a_Rs                  9.748953 
i                    89.255421 
R_Rj                  1.119891 
R_Re                 12.552764 
T_41                  0.148660 
T_32                  0.121232 
a_AU_(rho,R)          0.052366 


====================================================================================================
     Statistics on the log-likelihood     
====================================================================================================

 LN probability: 96942.668497 

====================================================================================================
     ------------------------------------------------------------------------------------------     
====================================================================================================



*************************************************************

Running emcee

emcee version:  3.1.6
Using threading pool for emcee: True


Computing the autocorrelation time of the chains

The chains are more than 50 times longer than the ACF, the estimate can be trusted

Reference thinning used in the analysis: 100
Step length used in the analysis: 6*nthin = 600

Convergence criteria: less than 1% variation in ACF after 50 times the integrated ACF
At least 50*ACF after convergence, 100*ACF would be ideal
Negative values: not converged yet

   sampler parameter              |    ACF   | ACF*nthin | converged at | nsteps/ACF | to 100*ACF
                                  |          |           |              |            | 
   LCdata_jitter_0                |    2.99  |      299  |    24000     |      87    |    3921 
   LCdata_lc_model_b_Tc_0         |    2.85  |      285  |    18600     |     110    |       0 
   LCdata_lc_model_b_Tc_1         |    3.06  |      306  |    19800     |      99    |     379 
   LCdata_lc_model_b_Tc_2         |    2.97  |      297  |    18600     |     106    |       0 
   LCdata_lc_model_b_Tc_3         |    2.78  |      278  |    21600     |     102    |       0 
   LCdata_lc_model_b_Tc_4         |    2.74  |      274  |    18600     |     114    |       0 
   LCdata_lc_model_b_Tc_5         |    2.74  |      274  |    18600     |     115    |       0 
   b_P                            |    2.97  |      297  |    18600     |     106    |       0 
   b_R_Rs                         |    5.63  |      563  |    34200     |      28    |   40450 
   b_b                            |    6.43  |      643  |    36600     |      21    |   50904 
   star_parameters_density        |    6.64  |      664  |    38400     |      17    |   54840 
   limb_darkening_ld_c1           |    2.97  |      297  |    18600     |     106    |       0 
   limb_darkening_ld_c2           |    3.07  |      307  |    21000     |      94    |    1711 

All the chains have converged, but PyORBIT should keep running for about:
17566 more steps to reach 50*ACF,
25368 more steps to reach 100*ACF
Suggested value for burnin: 23631

====================================================================================================
     Statistics on the posterior of the sampler parameters     
====================================================================================================

----- dataset:  LCdata
jitter_0         6      0.000049    -0.000026     0.000023   (15-84 p)   [    0.0000,     0.0500]

----- dataset: LCdata                    ----- model: lc_model_b                    
Tc_0             7       2.17023     -0.00017      0.00018   (15-84 p)   [    1.9214,     2.4200]
Tc_1             8       6.32957     -0.00017      0.00017   (15-84 p)   [    6.0797,     6.5783]
Tc_2             9      10.48905     -0.00018      0.00018   (15-84 p)   [   10.2394,    10.7381]
Tc_3            10      14.64770     -0.00018      0.00017   (15-84 p)   [   14.3978,    14.8964]
Tc_4            11      18.80614     -0.00018      0.00018   (15-84 p)   [   18.5575,    19.0561]
Tc_5            12      22.96500     -0.00017      0.00017   (15-84 p)   [   22.7158,    23.2144]

----- common model:  b
P                0      4.159150    -0.000020     0.000020   (15-84 p)   [    4.1550,     4.1650]
R_Rs             1       0.09967     -0.00032      0.00044   (15-84 p)   [    0.0000,     0.5000]
b                2         0.125       -0.081        0.080   (15-84 p)   [    0.0000,     2.0000]

----- common model:  star_parameters
density          5         0.720       -0.026        0.014   (15-84 p)   [    0.0000,     5.0000]

----- common model:  limb_darkening
ld_c1            3         0.521       -0.020        0.020   (15-84 p)   [    0.0000,     1.0000]
ld_c2            4         0.078       -0.039        0.039   (15-84 p)   [   -1.0000,     1.0000]

====================================================================================================
     Statistics on the model parameters obtained from the posteriors samples     
====================================================================================================

----- dataset:  LCdata
jitter_0              0.000049    -0.000026     0.000023    (15-84 p)


----- dataset: LCdata                    ----- model: lc_model_b                    
Tc_0                   2.17023     -0.00017      0.00018    (15-84 p)
Tc_1                   6.32957     -0.00017      0.00017    (15-84 p)
Tc_2                  10.48905     -0.00018      0.00018    (15-84 p)
Tc_3                  14.64770     -0.00018      0.00017    (15-84 p)
Tc_4                  18.80614     -0.00018      0.00018    (15-84 p)
Tc_5                  22.96500     -0.00017      0.00017    (15-84 p)

----- common model:  b
P                     4.159150    -0.000020     0.000020    (15-84 p)
e                         0.00                              [fixed]
omega                90.000000                              [fixed]
R_Rs                   0.09967     -0.00032      0.00044    (15-84 p)
b                        0.125       -0.081        0.080    (15-84 p)

----- common model:  star_parameters
density                  0.720       -0.026        0.014    (15-84 p)

----- common model:  limb_darkening
ld_c1                    0.521       -0.020        0.020    (15-84 p)
ld_c2                    0.078       -0.039        0.039    (15-84 p)

====================================================================================================
     Statistics on the derived parameters obtained from the posteriors samples     
====================================================================================================

----- common model:  b
a_Rs                     9.750        -0.12        0.062    (15-84 p)
i                        89.27        -0.48         0.48    (15-84 p)
R_Rj                     1.117       -0.038        0.038    (15-84 p)
R_Re                     12.53        -0.43         0.43    (15-84 p)
T_41                   0.14870     -0.00033      0.00038    (15-84 p)
T_32                   0.12119     -0.00060      0.00042    (15-84 p)
a_AU_(rho,R)            0.0521      -0.0019       0.0019    (15-84 p)


====================================================================================================
     ------------------------------------------------------------------------------------------     
====================================================================================================



emcee completed

